python is /network/lustre/iss02/home/annahita.sarre/anaconda3/envs/myenv/bin/python
Loaded model: ../trained_models/model_rf_position_female_cropped.pkl
Loaded video: ../stimuli/words/mp4/word_h0_01.mp4
Extracting coordinates...
          fn_video frame_number   x_face0  ...  y_r_hand20  z_r_hand20  v_r_hand20
0   word_h0_01.mp4            3  0.504858  ...    0.920242    0.031094         0.0
1   word_h0_01.mp4            4  0.504783  ...    0.860512    0.007833         0.0
2   word_h0_01.mp4            5  0.504251  ...    0.802293    0.005011         0.0
3   word_h0_01.mp4            6  0.503844  ...    0.764883   -0.002757         0.0
4   word_h0_01.mp4            7  0.503810  ...    0.732015   -0.008447         0.0
5   word_h0_01.mp4            8  0.504246  ...    0.702760   -0.005788         0.0
6   word_h0_01.mp4            9  0.503557  ...    0.679090   -0.005869         0.0
7   word_h0_01.mp4           10  0.503743  ...    0.659978   -0.013761         0.0
8   word_h0_01.mp4           11  0.503679  ...    0.645155   -0.027443         0.0
9   word_h0_01.mp4           12  0.503367  ...    0.637425   -0.030155         0.0
10  word_h0_01.mp4           13  0.503495  ...    0.630199   -0.029412         0.0
11  word_h0_01.mp4           14  0.503965  ...    0.625139   -0.027606         0.0
12  word_h0_01.mp4           15  0.504929  ...    0.622896   -0.025934         0.0
13  word_h0_01.mp4           16  0.504568  ...    0.626549   -0.032094         0.0
14  word_h0_01.mp4           17  0.504592  ...    0.642428   -0.027273         0.0
15  word_h0_01.mp4           18  0.504714  ...    0.711081   -0.001335         0.0
16  word_h0_01.mp4           19  0.504619  ...    0.784457   -0.000727         0.0
17  word_h0_01.mp4           20  0.504599  ...    0.820411    0.002026         0.0
18  word_h0_01.mp4           21  0.504161  ...    0.849909    0.017926         0.0
19  word_h0_01.mp4           22  0.504005  ...    0.876070    0.010409         0.0
20  word_h0_01.mp4           23  0.502991  ...    0.895580    0.006726         0.0
21  word_h0_01.mp4           24  0.502558  ...    0.904693    0.015101         0.0
22  word_h0_01.mp4           31  0.502483  ...    0.857008    0.017660         0.0
23  word_h0_01.mp4           32  0.502983  ...    0.829608    0.024825         0.0
24  word_h0_01.mp4           33  0.502981  ...    0.791405    0.041530         0.0
25  word_h0_01.mp4           34  0.502889  ...    0.739588    0.027010         0.0
26  word_h0_01.mp4           35  0.502689  ...    0.689804   -0.001318         0.0
27  word_h0_01.mp4           36  0.502664  ...    0.667643   -0.004718         0.0
28  word_h0_01.mp4           37  0.502658  ...    0.644270   -0.007060         0.0
29  word_h0_01.mp4           38  0.502160  ...    0.633750    0.011577         0.0
30  word_h0_01.mp4           39  0.502367  ...    0.620179    0.005485         0.0
31  word_h0_01.mp4           40  0.501900  ...    0.614740    0.013470         0.0
32  word_h0_01.mp4           41  0.501896  ...    0.608827    0.017877         0.0
33  word_h0_01.mp4           42  0.501822  ...    0.604736    0.029396         0.0
34  word_h0_01.mp4           43  0.502007  ...    0.601519    0.039135         0.0
35  word_h0_01.mp4           44  0.501492  ...    0.601073    0.019014         0.0
36  word_h0_01.mp4           45  0.501662  ...    0.601633    0.021268         0.0
37  word_h0_01.mp4           46  0.502088  ...    0.602953    0.019822         0.0
38  word_h0_01.mp4           47  0.502580  ...    0.604423    0.025324         0.0
39  word_h0_01.mp4           48  0.503162  ...    0.604715    0.027304         0.0
40  word_h0_01.mp4           49  0.502665  ...    0.608760    0.015140         0.0
41  word_h0_01.mp4           50  0.502748  ...    0.619043    0.003992         0.0
42  word_h0_01.mp4           51  0.502953  ...    0.635741    0.002078         0.0
43  word_h0_01.mp4           52  0.502663  ...    0.656952    0.008934         0.0
44  word_h0_01.mp4           53  0.503578  ...    0.684621    0.013540         0.0
45  word_h0_01.mp4           54  0.503824  ...    0.717379    0.031878         0.0
46  word_h0_01.mp4           55  0.504221  ...    0.746719    0.051797         0.0
47  word_h0_01.mp4           56  0.504031  ...    0.785604    0.048453         0.0
48  word_h0_01.mp4           57  0.504625  ...    0.816750    0.049748         0.0
49  word_h0_01.mp4           58  0.504703  ...    0.858463    0.059550         0.0
50  word_h0_01.mp4           59  0.504327  ...    0.914095    0.059806         0.0

[51 rows x 1958 columns]
Extracting features...
Face width computed for normalizaiton 0.16092914462057328
Features saved to: ../output/word_h0_01_features.csv
          fn_video  ... distance_r_hand6_r_hand10
0   word_h0_01.mp4  ...                  0.193325
1   word_h0_01.mp4  ...                  0.163969
2   word_h0_01.mp4  ...                  0.140462
3   word_h0_01.mp4  ...                  0.144027
4   word_h0_01.mp4  ...                  0.135425
5   word_h0_01.mp4  ...                  0.130370
6   word_h0_01.mp4  ...                  0.116667
7   word_h0_01.mp4  ...                  0.115013
8   word_h0_01.mp4  ...                  0.113068
9   word_h0_01.mp4  ...                  0.108635
10  word_h0_01.mp4  ...                  0.109369
11  word_h0_01.mp4  ...                  0.113084
12  word_h0_01.mp4  ...                  0.117490
13  word_h0_01.mp4  ...                  0.143432
14  word_h0_01.mp4  ...                  0.200033
15  word_h0_01.mp4  ...                  0.285611
16  word_h0_01.mp4  ...                  0.310856
17  word_h0_01.mp4  ...                  0.330006
18  word_h0_01.mp4  ...                  0.372566
19  word_h0_01.mp4  ...                  0.410394
20  word_h0_01.mp4  ...                  0.391803
21  word_h0_01.mp4  ...                  0.344087
22  word_h0_01.mp4  ...                  0.211418
23  word_h0_01.mp4  ...                  0.223007
24  word_h0_01.mp4  ...                  0.200516
25  word_h0_01.mp4  ...                  0.192837
26  word_h0_01.mp4  ...                  0.168935
27  word_h0_01.mp4  ...                  0.161528
28  word_h0_01.mp4  ...                  0.154685
29  word_h0_01.mp4  ...                  0.153591
30  word_h0_01.mp4  ...                  0.153458
31  word_h0_01.mp4  ...                  0.150133
32  word_h0_01.mp4  ...                  0.148110
33  word_h0_01.mp4  ...                  0.149081
34  word_h0_01.mp4  ...                  0.151820
35  word_h0_01.mp4  ...                  0.154442
36  word_h0_01.mp4  ...                  0.154845
37  word_h0_01.mp4  ...                  0.152958
38  word_h0_01.mp4  ...                  0.152942
39  word_h0_01.mp4  ...                  0.154304
40  word_h0_01.mp4  ...                  0.153776
41  word_h0_01.mp4  ...                  0.154066
42  word_h0_01.mp4  ...                  0.151943
43  word_h0_01.mp4  ...                  0.156370
44  word_h0_01.mp4  ...                  0.154760
45  word_h0_01.mp4  ...                  0.161693
46  word_h0_01.mp4  ...                  0.160869
47  word_h0_01.mp4  ...                  0.163269
48  word_h0_01.mp4  ...                  0.158631
49  word_h0_01.mp4  ...                  0.176883
50  word_h0_01.mp4  ...                  0.180789

[51 rows x 30 columns]
csv file with predictions was saved to ../output/predictions_rf_position_female_cropped_word_h0_01.csv
Loaded model: ../trained_models/model_rf_shape_female_cropped.pkl
Loaded video: ../stimuli/words/mp4/word_h0_01.mp4
Extracting coordinates...
          fn_video frame_number   x_face0  ...  y_r_hand20  z_r_hand20  v_r_hand20
0   word_h0_01.mp4            3  0.504858  ...    0.920242    0.031094         0.0
1   word_h0_01.mp4            4  0.504783  ...    0.860512    0.007833         0.0
2   word_h0_01.mp4            5  0.504251  ...    0.802293    0.005011         0.0
3   word_h0_01.mp4            6  0.503844  ...    0.764883   -0.002757         0.0
4   word_h0_01.mp4            7  0.503810  ...    0.732015   -0.008447         0.0
5   word_h0_01.mp4            8  0.504246  ...    0.702760   -0.005788         0.0
6   word_h0_01.mp4            9  0.503557  ...    0.679090   -0.005869         0.0
7   word_h0_01.mp4           10  0.503743  ...    0.659978   -0.013761         0.0
8   word_h0_01.mp4           11  0.503679  ...    0.645155   -0.027443         0.0
9   word_h0_01.mp4           12  0.503367  ...    0.637425   -0.030155         0.0
10  word_h0_01.mp4           13  0.503495  ...    0.630199   -0.029412         0.0
11  word_h0_01.mp4           14  0.503965  ...    0.625139   -0.027606         0.0
12  word_h0_01.mp4           15  0.504929  ...    0.622896   -0.025934         0.0
13  word_h0_01.mp4           16  0.504568  ...    0.626549   -0.032094         0.0
14  word_h0_01.mp4           17  0.504592  ...    0.642428   -0.027273         0.0
15  word_h0_01.mp4           18  0.504714  ...    0.711081   -0.001335         0.0
16  word_h0_01.mp4           19  0.504619  ...    0.784457   -0.000727         0.0
17  word_h0_01.mp4           20  0.504599  ...    0.820411    0.002026         0.0
18  word_h0_01.mp4           21  0.504161  ...    0.849909    0.017926         0.0
19  word_h0_01.mp4           22  0.504005  ...    0.876070    0.010409         0.0
20  word_h0_01.mp4           23  0.502991  ...    0.895580    0.006726         0.0
21  word_h0_01.mp4           24  0.502558  ...    0.904693    0.015101         0.0
22  word_h0_01.mp4           31  0.502483  ...    0.857008    0.017660         0.0
23  word_h0_01.mp4           32  0.502983  ...    0.829608    0.024825         0.0
24  word_h0_01.mp4           33  0.502981  ...    0.791405    0.041530         0.0
25  word_h0_01.mp4           34  0.502889  ...    0.739588    0.027010         0.0
26  word_h0_01.mp4           35  0.502689  ...    0.689804   -0.001318         0.0
27  word_h0_01.mp4           36  0.502664  ...    0.667643   -0.004718         0.0
28  word_h0_01.mp4           37  0.502658  ...    0.644270   -0.007060         0.0
29  word_h0_01.mp4           38  0.502160  ...    0.633750    0.011577         0.0
30  word_h0_01.mp4           39  0.502367  ...    0.620179    0.005485         0.0
31  word_h0_01.mp4           40  0.501900  ...    0.614740    0.013470         0.0
32  word_h0_01.mp4           41  0.501896  ...    0.608827    0.017877         0.0
33  word_h0_01.mp4           42  0.501822  ...    0.604736    0.029396         0.0
34  word_h0_01.mp4           43  0.502007  ...    0.601519    0.039135         0.0
35  word_h0_01.mp4           44  0.501492  ...    0.601073    0.019014         0.0
36  word_h0_01.mp4           45  0.501662  ...    0.601633    0.021268         0.0
37  word_h0_01.mp4           46  0.502088  ...    0.602953    0.019822         0.0
38  word_h0_01.mp4           47  0.502580  ...    0.604423    0.025324         0.0
39  word_h0_01.mp4           48  0.503162  ...    0.604715    0.027304         0.0
40  word_h0_01.mp4           49  0.502665  ...    0.608760    0.015140         0.0
41  word_h0_01.mp4           50  0.502748  ...    0.619043    0.003992         0.0
42  word_h0_01.mp4           51  0.502953  ...    0.635741    0.002078         0.0
43  word_h0_01.mp4           52  0.502663  ...    0.656952    0.008934         0.0
44  word_h0_01.mp4           53  0.503578  ...    0.684621    0.013540         0.0
45  word_h0_01.mp4           54  0.503824  ...    0.717379    0.031878         0.0
46  word_h0_01.mp4           55  0.504221  ...    0.746719    0.051797         0.0
47  word_h0_01.mp4           56  0.504031  ...    0.785604    0.048453         0.0
48  word_h0_01.mp4           57  0.504625  ...    0.816750    0.049748         0.0
49  word_h0_01.mp4           58  0.504703  ...    0.858463    0.059550         0.0
50  word_h0_01.mp4           59  0.504327  ...    0.914095    0.059806         0.0

[51 rows x 1958 columns]
Extracting features...
Face width computed for normalizaiton 0.16092914462057328
Features saved to: ../output/word_h0_01_features.csv
          fn_video  ... distance_r_hand6_r_hand10
0   word_h0_01.mp4  ...                  0.193325
1   word_h0_01.mp4  ...                  0.163969
2   word_h0_01.mp4  ...                  0.140462
3   word_h0_01.mp4  ...                  0.144027
4   word_h0_01.mp4  ...                  0.135425
5   word_h0_01.mp4  ...                  0.130370
6   word_h0_01.mp4  ...                  0.116667
7   word_h0_01.mp4  ...                  0.115013
8   word_h0_01.mp4  ...                  0.113068
9   word_h0_01.mp4  ...                  0.108635
10  word_h0_01.mp4  ...                  0.109369
11  word_h0_01.mp4  ...                  0.113084
12  word_h0_01.mp4  ...                  0.117490
13  word_h0_01.mp4  ...                  0.143432
14  word_h0_01.mp4  ...                  0.200033
15  word_h0_01.mp4  ...                  0.285611
16  word_h0_01.mp4  ...                  0.310856
17  word_h0_01.mp4  ...                  0.330006
18  word_h0_01.mp4  ...                  0.372566
19  word_h0_01.mp4  ...                  0.410394
20  word_h0_01.mp4  ...                  0.391803
21  word_h0_01.mp4  ...                  0.344087
22  word_h0_01.mp4  ...                  0.211418
23  word_h0_01.mp4  ...                  0.223007
24  word_h0_01.mp4  ...                  0.200516
25  word_h0_01.mp4  ...                  0.192837
26  word_h0_01.mp4  ...                  0.168935
27  word_h0_01.mp4  ...                  0.161528
28  word_h0_01.mp4  ...                  0.154685
29  word_h0_01.mp4  ...                  0.153591
30  word_h0_01.mp4  ...                  0.153458
31  word_h0_01.mp4  ...                  0.150133
32  word_h0_01.mp4  ...                  0.148110
33  word_h0_01.mp4  ...                  0.149081
34  word_h0_01.mp4  ...                  0.151820
35  word_h0_01.mp4  ...                  0.154442
36  word_h0_01.mp4  ...                  0.154845
37  word_h0_01.mp4  ...                  0.152958
38  word_h0_01.mp4  ...                  0.152942
39  word_h0_01.mp4  ...                  0.154304
40  word_h0_01.mp4  ...                  0.153776
41  word_h0_01.mp4  ...                  0.154066
42  word_h0_01.mp4  ...                  0.151943
43  word_h0_01.mp4  ...                  0.156370
44  word_h0_01.mp4  ...                  0.154760
45  word_h0_01.mp4  ...                  0.161693
46  word_h0_01.mp4  ...                  0.160869
47  word_h0_01.mp4  ...                  0.163269
48  word_h0_01.mp4  ...                  0.158631
49  word_h0_01.mp4  ...                  0.176883
50  word_h0_01.mp4  ...                  0.180789

[51 rows x 30 columns]
csv file with predictions was saved to ../output/predictions_rf_shape_female_cropped_word_h0_01.csv
