python is /network/lustre/iss02/home/annahita.sarre/anaconda3/envs/myenv/bin/python
Loaded model: ../trained_models/model_rf_position_female_cropped.pkl
Loaded video: ../stimuli/words/mp4/word_h2_15.mp4
Extracting coordinates...
          fn_video frame_number   x_face0  ...  y_r_hand20  z_r_hand20  v_r_hand20
0   word_h2_15.mp4            1  0.502484  ...    0.975576    0.017024         0.0
1   word_h2_15.mp4            2  0.502392  ...    0.919520    0.028837         0.0
2   word_h2_15.mp4            3  0.502590  ...    0.891071    0.042191         0.0
3   word_h2_15.mp4            4  0.501750  ...    0.863447    0.029226         0.0
4   word_h2_15.mp4            5  0.501233  ...    0.819742    0.035431         0.0
5   word_h2_15.mp4            6  0.501509  ...    0.787324    0.026937         0.0
6   word_h2_15.mp4            7  0.501907  ...    0.758170    0.018042         0.0
7   word_h2_15.mp4            8  0.501929  ...    0.724419    0.005974         0.0
8   word_h2_15.mp4            9  0.502830  ...    0.697077   -0.001331         0.0
9   word_h2_15.mp4           10  0.503092  ...    0.676812   -0.003742         0.0
10  word_h2_15.mp4           11  0.503388  ...    0.657000   -0.005782         0.0
11  word_h2_15.mp4           12  0.503663  ...    0.640294   -0.004674         0.0
12  word_h2_15.mp4           13  0.503500  ...    0.625260   -0.004460         0.0
13  word_h2_15.mp4           14  0.503221  ...    0.617126   -0.004288         0.0
14  word_h2_15.mp4           15  0.502909  ...    0.610086   -0.017599         0.0
15  word_h2_15.mp4           16  0.503283  ...    0.604786   -0.024555         0.0
16  word_h2_15.mp4           17  0.503355  ...    0.601946   -0.025305         0.0
17  word_h2_15.mp4           18  0.503282  ...    0.599849   -0.031643         0.0
18  word_h2_15.mp4           19  0.503579  ...    0.598956   -0.033973         0.0
19  word_h2_15.mp4           20  0.503609  ...    0.595539   -0.030853         0.0
20  word_h2_15.mp4           21  0.503764  ...    0.593038   -0.030249         0.0
21  word_h2_15.mp4           22  0.503771  ...    0.594582   -0.023717         0.0
22  word_h2_15.mp4           23  0.504246  ...    0.630659    0.005274         0.0
23  word_h2_15.mp4           24  0.505151  ...    0.684933    0.010351         0.0
24  word_h2_15.mp4           25  0.505444  ...    0.716542   -0.004255         0.0
25  word_h2_15.mp4           26  0.504992  ...    0.729550   -0.007163         0.0
26  word_h2_15.mp4           27  0.504904  ...    0.731660   -0.002258         0.0
27  word_h2_15.mp4           28  0.504145  ...    0.741367   -0.001430         0.0
28  word_h2_15.mp4           29  0.504619  ...    0.745682    0.001844         0.0
29  word_h2_15.mp4           30  0.504669  ...    0.748702   -0.000417         0.0
30  word_h2_15.mp4           31  0.503726  ...    0.750146   -0.005536         0.0
31  word_h2_15.mp4           32  0.502307  ...    0.750889   -0.002614         0.0
32  word_h2_15.mp4           33  0.501756  ...    0.733611   -0.004137         0.0
33  word_h2_15.mp4           34  0.501176  ...    0.714122   -0.000912         0.0
34  word_h2_15.mp4           35  0.501166  ...    0.655063    0.000243         0.0
35  word_h2_15.mp4           36  0.500974  ...    0.622530   -0.013004         0.0
36  word_h2_15.mp4           37  0.500470  ...    0.607173   -0.022274         0.0
37  word_h2_15.mp4           38  0.500106  ...    0.603676   -0.027684         0.0
38  word_h2_15.mp4           39  0.499949  ...    0.602846   -0.030002         0.0
39  word_h2_15.mp4           40  0.501646  ...    0.603153   -0.028736         0.0
40  word_h2_15.mp4           41  0.501007  ...    0.603674   -0.030809         0.0
41  word_h2_15.mp4           42  0.501164  ...    0.603767   -0.029227         0.0
42  word_h2_15.mp4           43  0.500213  ...    0.605566   -0.025432         0.0
43  word_h2_15.mp4           44  0.499892  ...    0.606406   -0.029099         0.0
44  word_h2_15.mp4           45  0.499248  ...    0.606695   -0.030474         0.0
45  word_h2_15.mp4           46  0.498906  ...    0.610219   -0.028823         0.0
46  word_h2_15.mp4           47  0.499114  ...    0.615059   -0.033942         0.0
47  word_h2_15.mp4           48  0.498940  ...    0.617401   -0.033712         0.0
48  word_h2_15.mp4           49  0.498608  ...    0.625821   -0.034385         0.0
49  word_h2_15.mp4           50  0.498490  ...    0.637813   -0.033790         0.0
50  word_h2_15.mp4           51  0.498073  ...    0.659234   -0.009792         0.0
51  word_h2_15.mp4           52  0.498122  ...    0.697129    0.007992         0.0
52  word_h2_15.mp4           53  0.497903  ...    0.729511   -0.000790         0.0
53  word_h2_15.mp4           54  0.498426  ...    0.776134    0.008139         0.0
54  word_h2_15.mp4           55  0.498806  ...    0.787614    0.006369         0.0
55  word_h2_15.mp4           56  0.499164  ...    0.800040    0.007386         0.0
56  word_h2_15.mp4           57  0.499752  ...    0.820997    0.014226         0.0

[57 rows x 1958 columns]
Extracting features...
Face width computed for normalizaiton 0.15961694022759423
Features saved to: ../output/word_h2_15_features.csv
          fn_video  ... distance_r_hand6_r_hand10
0   word_h2_15.mp4  ...                  0.233932
1   word_h2_15.mp4  ...                  0.224746
2   word_h2_15.mp4  ...                  0.208440
3   word_h2_15.mp4  ...                  0.193738
4   word_h2_15.mp4  ...                  0.188251
5   word_h2_15.mp4  ...                  0.178870
6   word_h2_15.mp4  ...                  0.172817
7   word_h2_15.mp4  ...                  0.170183
8   word_h2_15.mp4  ...                  0.163592
9   word_h2_15.mp4  ...                  0.162915
10  word_h2_15.mp4  ...                  0.153491
11  word_h2_15.mp4  ...                  0.145215
12  word_h2_15.mp4  ...                  0.141356
13  word_h2_15.mp4  ...                  0.139765
14  word_h2_15.mp4  ...                  0.137950
15  word_h2_15.mp4  ...                  0.132822
16  word_h2_15.mp4  ...                  0.130179
17  word_h2_15.mp4  ...                  0.126647
18  word_h2_15.mp4  ...                  0.126160
19  word_h2_15.mp4  ...                  0.131564
20  word_h2_15.mp4  ...                  0.147756
21  word_h2_15.mp4  ...                  0.185204
22  word_h2_15.mp4  ...                  0.231674
23  word_h2_15.mp4  ...                  0.270248
24  word_h2_15.mp4  ...                  0.306372
25  word_h2_15.mp4  ...                  0.296769
26  word_h2_15.mp4  ...                  0.305858
27  word_h2_15.mp4  ...                  0.313126
28  word_h2_15.mp4  ...                  0.321849
29  word_h2_15.mp4  ...                  0.322523
30  word_h2_15.mp4  ...                  0.304784
31  word_h2_15.mp4  ...                  0.288301
32  word_h2_15.mp4  ...                  0.266738
33  word_h2_15.mp4  ...                  0.209465
34  word_h2_15.mp4  ...                  0.197429
35  word_h2_15.mp4  ...                  0.173063
36  word_h2_15.mp4  ...                  0.148664
37  word_h2_15.mp4  ...                  0.139901
38  word_h2_15.mp4  ...                  0.138882
39  word_h2_15.mp4  ...                  0.137211
40  word_h2_15.mp4  ...                  0.138870
41  word_h2_15.mp4  ...                  0.136680
42  word_h2_15.mp4  ...                  0.142162
43  word_h2_15.mp4  ...                  0.137672
44  word_h2_15.mp4  ...                  0.136202
45  word_h2_15.mp4  ...                  0.137289
46  word_h2_15.mp4  ...                  0.135517
47  word_h2_15.mp4  ...                  0.140167
48  word_h2_15.mp4  ...                  0.145891
49  word_h2_15.mp4  ...                  0.157157
50  word_h2_15.mp4  ...                  0.165054
51  word_h2_15.mp4  ...                  0.153279
52  word_h2_15.mp4  ...                  0.167159
53  word_h2_15.mp4  ...                  0.165005
54  word_h2_15.mp4  ...                  0.174401
55  word_h2_15.mp4  ...                  0.182887
56  word_h2_15.mp4  ...                  0.194708

[57 rows x 30 columns]
csv file with predictions was saved to ../output/predictions_rf_position_female_cropped_word_h2_15.csv
Loaded model: ../trained_models/model_rf_shape_female_cropped.pkl
Loaded video: ../stimuli/words/mp4/word_h2_15.mp4
Extracting coordinates...
          fn_video frame_number   x_face0  ...  y_r_hand20  z_r_hand20  v_r_hand20
0   word_h2_15.mp4            1  0.502484  ...    0.975576    0.017024         0.0
1   word_h2_15.mp4            2  0.502392  ...    0.919520    0.028837         0.0
2   word_h2_15.mp4            3  0.502590  ...    0.891071    0.042191         0.0
3   word_h2_15.mp4            4  0.501750  ...    0.863447    0.029226         0.0
4   word_h2_15.mp4            5  0.501233  ...    0.819742    0.035431         0.0
5   word_h2_15.mp4            6  0.501509  ...    0.787324    0.026937         0.0
6   word_h2_15.mp4            7  0.501907  ...    0.758170    0.018042         0.0
7   word_h2_15.mp4            8  0.501929  ...    0.724419    0.005974         0.0
8   word_h2_15.mp4            9  0.502830  ...    0.697077   -0.001331         0.0
9   word_h2_15.mp4           10  0.503092  ...    0.676812   -0.003742         0.0
10  word_h2_15.mp4           11  0.503388  ...    0.657000   -0.005782         0.0
11  word_h2_15.mp4           12  0.503663  ...    0.640294   -0.004674         0.0
12  word_h2_15.mp4           13  0.503500  ...    0.625260   -0.004460         0.0
13  word_h2_15.mp4           14  0.503221  ...    0.617126   -0.004288         0.0
14  word_h2_15.mp4           15  0.502909  ...    0.610086   -0.017599         0.0
15  word_h2_15.mp4           16  0.503283  ...    0.604786   -0.024555         0.0
16  word_h2_15.mp4           17  0.503355  ...    0.601946   -0.025305         0.0
17  word_h2_15.mp4           18  0.503282  ...    0.599849   -0.031643         0.0
18  word_h2_15.mp4           19  0.503579  ...    0.598956   -0.033973         0.0
19  word_h2_15.mp4           20  0.503609  ...    0.595539   -0.030853         0.0
20  word_h2_15.mp4           21  0.503764  ...    0.593038   -0.030249         0.0
21  word_h2_15.mp4           22  0.503771  ...    0.594582   -0.023717         0.0
22  word_h2_15.mp4           23  0.504246  ...    0.630659    0.005274         0.0
23  word_h2_15.mp4           24  0.505151  ...    0.684933    0.010351         0.0
24  word_h2_15.mp4           25  0.505444  ...    0.716542   -0.004255         0.0
25  word_h2_15.mp4           26  0.504992  ...    0.729550   -0.007163         0.0
26  word_h2_15.mp4           27  0.504904  ...    0.731660   -0.002258         0.0
27  word_h2_15.mp4           28  0.504145  ...    0.741367   -0.001430         0.0
28  word_h2_15.mp4           29  0.504619  ...    0.745682    0.001844         0.0
29  word_h2_15.mp4           30  0.504669  ...    0.748702   -0.000417         0.0
30  word_h2_15.mp4           31  0.503726  ...    0.750146   -0.005536         0.0
31  word_h2_15.mp4           32  0.502307  ...    0.750889   -0.002614         0.0
32  word_h2_15.mp4           33  0.501756  ...    0.733611   -0.004137         0.0
33  word_h2_15.mp4           34  0.501176  ...    0.714122   -0.000912         0.0
34  word_h2_15.mp4           35  0.501166  ...    0.655063    0.000243         0.0
35  word_h2_15.mp4           36  0.500974  ...    0.622530   -0.013004         0.0
36  word_h2_15.mp4           37  0.500470  ...    0.607173   -0.022274         0.0
37  word_h2_15.mp4           38  0.500106  ...    0.603676   -0.027684         0.0
38  word_h2_15.mp4           39  0.499949  ...    0.602846   -0.030002         0.0
39  word_h2_15.mp4           40  0.501646  ...    0.603153   -0.028736         0.0
40  word_h2_15.mp4           41  0.501007  ...    0.603674   -0.030809         0.0
41  word_h2_15.mp4           42  0.501164  ...    0.603767   -0.029227         0.0
42  word_h2_15.mp4           43  0.500213  ...    0.605566   -0.025432         0.0
43  word_h2_15.mp4           44  0.499892  ...    0.606406   -0.029099         0.0
44  word_h2_15.mp4           45  0.499248  ...    0.606695   -0.030474         0.0
45  word_h2_15.mp4           46  0.498906  ...    0.610219   -0.028823         0.0
46  word_h2_15.mp4           47  0.499114  ...    0.615059   -0.033942         0.0
47  word_h2_15.mp4           48  0.498940  ...    0.617401   -0.033712         0.0
48  word_h2_15.mp4           49  0.498608  ...    0.625821   -0.034385         0.0
49  word_h2_15.mp4           50  0.498490  ...    0.637813   -0.033790         0.0
50  word_h2_15.mp4           51  0.498073  ...    0.659234   -0.009792         0.0
51  word_h2_15.mp4           52  0.498122  ...    0.697129    0.007992         0.0
52  word_h2_15.mp4           53  0.497903  ...    0.729511   -0.000790         0.0
53  word_h2_15.mp4           54  0.498426  ...    0.776134    0.008139         0.0
54  word_h2_15.mp4           55  0.498806  ...    0.787614    0.006369         0.0
55  word_h2_15.mp4           56  0.499164  ...    0.800040    0.007386         0.0
56  word_h2_15.mp4           57  0.499752  ...    0.820997    0.014226         0.0

[57 rows x 1958 columns]
Extracting features...
Face width computed for normalizaiton 0.15961694022759423
Features saved to: ../output/word_h2_15_features.csv
          fn_video  ... distance_r_hand6_r_hand10
0   word_h2_15.mp4  ...                  0.233932
1   word_h2_15.mp4  ...                  0.224746
2   word_h2_15.mp4  ...                  0.208440
3   word_h2_15.mp4  ...                  0.193738
4   word_h2_15.mp4  ...                  0.188251
5   word_h2_15.mp4  ...                  0.178870
6   word_h2_15.mp4  ...                  0.172817
7   word_h2_15.mp4  ...                  0.170183
8   word_h2_15.mp4  ...                  0.163592
9   word_h2_15.mp4  ...                  0.162915
10  word_h2_15.mp4  ...                  0.153491
11  word_h2_15.mp4  ...                  0.145215
12  word_h2_15.mp4  ...                  0.141356
13  word_h2_15.mp4  ...                  0.139765
14  word_h2_15.mp4  ...                  0.137950
15  word_h2_15.mp4  ...                  0.132822
16  word_h2_15.mp4  ...                  0.130179
17  word_h2_15.mp4  ...                  0.126647
18  word_h2_15.mp4  ...                  0.126160
19  word_h2_15.mp4  ...                  0.131564
20  word_h2_15.mp4  ...                  0.147756
21  word_h2_15.mp4  ...                  0.185204
22  word_h2_15.mp4  ...                  0.231674
23  word_h2_15.mp4  ...                  0.270248
24  word_h2_15.mp4  ...                  0.306372
25  word_h2_15.mp4  ...                  0.296769
26  word_h2_15.mp4  ...                  0.305858
27  word_h2_15.mp4  ...                  0.313126
28  word_h2_15.mp4  ...                  0.321849
29  word_h2_15.mp4  ...                  0.322523
30  word_h2_15.mp4  ...                  0.304784
31  word_h2_15.mp4  ...                  0.288301
32  word_h2_15.mp4  ...                  0.266738
33  word_h2_15.mp4  ...                  0.209465
34  word_h2_15.mp4  ...                  0.197429
35  word_h2_15.mp4  ...                  0.173063
36  word_h2_15.mp4  ...                  0.148664
37  word_h2_15.mp4  ...                  0.139901
38  word_h2_15.mp4  ...                  0.138882
39  word_h2_15.mp4  ...                  0.137211
40  word_h2_15.mp4  ...                  0.138870
41  word_h2_15.mp4  ...                  0.136680
42  word_h2_15.mp4  ...                  0.142162
43  word_h2_15.mp4  ...                  0.137672
44  word_h2_15.mp4  ...                  0.136202
45  word_h2_15.mp4  ...                  0.137289
46  word_h2_15.mp4  ...                  0.135517
47  word_h2_15.mp4  ...                  0.140167
48  word_h2_15.mp4  ...                  0.145891
49  word_h2_15.mp4  ...                  0.157157
50  word_h2_15.mp4  ...                  0.165054
51  word_h2_15.mp4  ...                  0.153279
52  word_h2_15.mp4  ...                  0.167159
53  word_h2_15.mp4  ...                  0.165005
54  word_h2_15.mp4  ...                  0.174401
55  word_h2_15.mp4  ...                  0.182887
56  word_h2_15.mp4  ...                  0.194708

[57 rows x 30 columns]
csv file with predictions was saved to ../output/predictions_rf_shape_female_cropped_word_h2_15.csv
