python is /network/lustre/iss02/home/annahita.sarre/anaconda3/envs/myenv/bin/python
Loaded model: ../trained_models/model_rf_position_female_cropped.pkl
Loaded video: ../stimuli/words/mp4/word_l0_10.mp4
Extracting coordinates...
          fn_video frame_number   x_face0  ...  y_r_hand20  z_r_hand20  v_r_hand20
0   word_l0_10.mp4            2  0.500683  ...    1.069913    0.015540         0.0
1   word_l0_10.mp4            3  0.499819  ...    1.003449    0.064758         0.0
2   word_l0_10.mp4            4  0.499179  ...    1.002227    0.040014         0.0
3   word_l0_10.mp4            5  0.498831  ...    0.977982    0.033104         0.0
4   word_l0_10.mp4            6  0.499188  ...    0.951609    0.029656         0.0
..             ...          ...       ...  ...         ...         ...         ...
60  word_l0_10.mp4           62  0.497983  ...    0.571076    0.009181         0.0
61  word_l0_10.mp4           63  0.498085  ...    0.586271    0.006459         0.0
62  word_l0_10.mp4           64  0.497813  ...    0.616961    0.022312         0.0
63  word_l0_10.mp4           65  0.498751  ...    0.662878    0.017141         0.0
64  word_l0_10.mp4           66  0.498805  ...    0.696594    0.008018         0.0

[65 rows x 1958 columns]
Extracting features...
Face width computed for normalizaiton 0.15876065563041614
Features saved to: ../output/word_l0_10_features.csv
          fn_video  ... distance_r_hand6_r_hand10
0   word_l0_10.mp4  ...                  0.178028
1   word_l0_10.mp4  ...                  0.077989
2   word_l0_10.mp4  ...                  0.229712
3   word_l0_10.mp4  ...                  0.256967
4   word_l0_10.mp4  ...                  0.230360
..             ...  ...                       ...
60  word_l0_10.mp4  ...                  0.169980
61  word_l0_10.mp4  ...                  0.172534
62  word_l0_10.mp4  ...                  0.172122
63  word_l0_10.mp4  ...                  0.164690
64  word_l0_10.mp4  ...                  0.183136

[65 rows x 30 columns]
csv file with predictions was saved to ../output/predictions_rf_position_female_cropped_word_l0_10.csv
Loaded model: ../trained_models/model_rf_shape_female_cropped.pkl
Loaded video: ../stimuli/words/mp4/word_l0_10.mp4
Extracting coordinates...
          fn_video frame_number   x_face0  ...  y_r_hand20  z_r_hand20  v_r_hand20
0   word_l0_10.mp4            2  0.500683  ...    1.069913    0.015540         0.0
1   word_l0_10.mp4            3  0.499819  ...    1.003449    0.064758         0.0
2   word_l0_10.mp4            4  0.499179  ...    1.002227    0.040014         0.0
3   word_l0_10.mp4            5  0.498831  ...    0.977982    0.033104         0.0
4   word_l0_10.mp4            6  0.499188  ...    0.951609    0.029656         0.0
..             ...          ...       ...  ...         ...         ...         ...
60  word_l0_10.mp4           62  0.497983  ...    0.571076    0.009181         0.0
61  word_l0_10.mp4           63  0.498085  ...    0.586271    0.006459         0.0
62  word_l0_10.mp4           64  0.497813  ...    0.616961    0.022312         0.0
63  word_l0_10.mp4           65  0.498751  ...    0.662878    0.017141         0.0
64  word_l0_10.mp4           66  0.498805  ...    0.696594    0.008018         0.0

[65 rows x 1958 columns]
Extracting features...
Face width computed for normalizaiton 0.15876065563041614
Features saved to: ../output/word_l0_10_features.csv
          fn_video  ... distance_r_hand6_r_hand10
0   word_l0_10.mp4  ...                  0.178028
1   word_l0_10.mp4  ...                  0.077989
2   word_l0_10.mp4  ...                  0.229712
3   word_l0_10.mp4  ...                  0.256967
4   word_l0_10.mp4  ...                  0.230360
..             ...  ...                       ...
60  word_l0_10.mp4  ...                  0.169980
61  word_l0_10.mp4  ...                  0.172534
62  word_l0_10.mp4  ...                  0.172122
63  word_l0_10.mp4  ...                  0.164690
64  word_l0_10.mp4  ...                  0.183136

[65 rows x 30 columns]
csv file with predictions was saved to ../output/predictions_rf_shape_female_cropped_word_l0_10.csv
