python is /network/lustre/iss02/home/annahita.sarre/anaconda3/envs/myenv/bin/python
Loaded model: ../trained_models/model_rf_position_female_cropped.pkl
Loaded video: ../stimuli/words/mp4/word_l0_01.mp4
Extracting coordinates...
          fn_video frame_number   x_face0  ...  y_r_hand20  z_r_hand20  v_r_hand20
0   word_l0_01.mp4            4  0.505692  ...    0.957644    0.036329         0.0
1   word_l0_01.mp4            5  0.505231  ...    0.978956    0.061454         0.0
2   word_l0_01.mp4            6  0.505383  ...    0.930780    0.049364         0.0
3   word_l0_01.mp4            7  0.505068  ...    0.886701    0.035149         0.0
4   word_l0_01.mp4            8  0.504925  ...    0.853775    0.036847         0.0
..             ...          ...       ...  ...         ...         ...         ...
58  word_l0_01.mp4           62  0.502094  ...    0.811542    0.066522         0.0
59  word_l0_01.mp4           63  0.501871  ...    0.823754    0.065848         0.0
60  word_l0_01.mp4           64  0.501493  ...    0.822849    0.050521         0.0
61  word_l0_01.mp4           65  0.501478  ...    0.848963    0.075054         0.0
62  word_l0_01.mp4           66  0.501329  ...    0.861252    0.053383         0.0

[63 rows x 1958 columns]
Extracting features...
Face width computed for normalizaiton 0.15749619280560045
Features saved to: ../output/word_l0_01_features.csv
          fn_video  ... distance_r_hand6_r_hand10
0   word_l0_01.mp4  ...                  0.066941
1   word_l0_01.mp4  ...                  0.221328
2   word_l0_01.mp4  ...                  0.226390
3   word_l0_01.mp4  ...                  0.201617
4   word_l0_01.mp4  ...                  0.194508
..             ...  ...                       ...
58  word_l0_01.mp4  ...                  0.167335
59  word_l0_01.mp4  ...                  0.163039
60  word_l0_01.mp4  ...                  0.159672
61  word_l0_01.mp4  ...                  0.164677
62  word_l0_01.mp4  ...                  0.158593

[63 rows x 30 columns]
csv file with predictions was saved to ../output/predictions_rf_position_female_cropped_word_l0_01.csv
Loaded model: ../trained_models/model_rf_shape_female_cropped.pkl
Loaded video: ../stimuli/words/mp4/word_l0_01.mp4
Extracting coordinates...
          fn_video frame_number   x_face0  ...  y_r_hand20  z_r_hand20  v_r_hand20
0   word_l0_01.mp4            4  0.505692  ...    0.957644    0.036329         0.0
1   word_l0_01.mp4            5  0.505231  ...    0.978956    0.061454         0.0
2   word_l0_01.mp4            6  0.505383  ...    0.930780    0.049364         0.0
3   word_l0_01.mp4            7  0.505068  ...    0.886701    0.035149         0.0
4   word_l0_01.mp4            8  0.504925  ...    0.853775    0.036847         0.0
..             ...          ...       ...  ...         ...         ...         ...
58  word_l0_01.mp4           62  0.502094  ...    0.811542    0.066522         0.0
59  word_l0_01.mp4           63  0.501871  ...    0.823754    0.065848         0.0
60  word_l0_01.mp4           64  0.501493  ...    0.822849    0.050521         0.0
61  word_l0_01.mp4           65  0.501478  ...    0.848963    0.075054         0.0
62  word_l0_01.mp4           66  0.501329  ...    0.861252    0.053383         0.0

[63 rows x 1958 columns]
Extracting features...
Face width computed for normalizaiton 0.15749619280560045
Features saved to: ../output/word_l0_01_features.csv
          fn_video  ... distance_r_hand6_r_hand10
0   word_l0_01.mp4  ...                  0.066941
1   word_l0_01.mp4  ...                  0.221328
2   word_l0_01.mp4  ...                  0.226390
3   word_l0_01.mp4  ...                  0.201617
4   word_l0_01.mp4  ...                  0.194508
..             ...  ...                       ...
58  word_l0_01.mp4  ...                  0.167335
59  word_l0_01.mp4  ...                  0.163039
60  word_l0_01.mp4  ...                  0.159672
61  word_l0_01.mp4  ...                  0.164677
62  word_l0_01.mp4  ...                  0.158593

[63 rows x 30 columns]
csv file with predictions was saved to ../output/predictions_rf_shape_female_cropped_word_l0_01.csv
