python is /network/lustre/iss02/home/annahita.sarre/anaconda3/envs/myenv/bin/python
Loaded model: ../trained_models/model_rf_position_female_cropped.pkl
Loaded video: ../stimuli/words/mp4/word_h0_13.mp4
Extracting coordinates...
          fn_video frame_number   x_face0  ...  y_r_hand20  z_r_hand20  v_r_hand20
0   word_h0_13.mp4            6  0.503238  ...    0.927405    0.016754         0.0
1   word_h0_13.mp4            7  0.503523  ...    0.890717    0.014671         0.0
2   word_h0_13.mp4            8  0.504365  ...    0.860829    0.012001         0.0
3   word_h0_13.mp4            9  0.504681  ...    0.831316    0.012555         0.0
4   word_h0_13.mp4           10  0.505006  ...    0.798904    0.011194         0.0
..             ...          ...       ...  ...         ...         ...         ...
76  word_h0_13.mp4           82  0.506255  ...    0.778670    0.027049         0.0
77  word_h0_13.mp4           83  0.506274  ...    0.833382    0.023193         0.0
78  word_h0_13.mp4           84  0.506321  ...    0.866089    0.020863         0.0
79  word_h0_13.mp4           85  0.505935  ...    0.905750    0.017602         0.0
80  word_h0_13.mp4           86  0.506601  ...    0.944302    0.011396         0.0

[81 rows x 1958 columns]
Extracting features...
Face width computed for normalizaiton 0.16200394649060132
Features saved to: ../output/word_h0_13_features.csv
          fn_video  ... distance_r_hand6_r_hand10
0   word_h0_13.mp4  ...                  0.246631
1   word_h0_13.mp4  ...                  0.209691
2   word_h0_13.mp4  ...                  0.208765
3   word_h0_13.mp4  ...                  0.203067
4   word_h0_13.mp4  ...                  0.200547
..             ...  ...                       ...
76  word_h0_13.mp4  ...                  0.186172
77  word_h0_13.mp4  ...                  0.184629
78  word_h0_13.mp4  ...                  0.196407
79  word_h0_13.mp4  ...                  0.198681
80  word_h0_13.mp4  ...                  0.192347

[81 rows x 30 columns]
csv file with predictions was saved to ../output/predictions_rf_position_female_cropped_word_h0_13.csv
Loaded model: ../trained_models/model_rf_shape_female_cropped.pkl
Loaded video: ../stimuli/words/mp4/word_h0_13.mp4
Extracting coordinates...
          fn_video frame_number   x_face0  ...  y_r_hand20  z_r_hand20  v_r_hand20
0   word_h0_13.mp4            6  0.503238  ...    0.927405    0.016754         0.0
1   word_h0_13.mp4            7  0.503523  ...    0.890717    0.014671         0.0
2   word_h0_13.mp4            8  0.504365  ...    0.860829    0.012001         0.0
3   word_h0_13.mp4            9  0.504681  ...    0.831316    0.012555         0.0
4   word_h0_13.mp4           10  0.505006  ...    0.798904    0.011194         0.0
..             ...          ...       ...  ...         ...         ...         ...
76  word_h0_13.mp4           82  0.506255  ...    0.778670    0.027049         0.0
77  word_h0_13.mp4           83  0.506274  ...    0.833382    0.023193         0.0
78  word_h0_13.mp4           84  0.506321  ...    0.866089    0.020863         0.0
79  word_h0_13.mp4           85  0.505935  ...    0.905750    0.017602         0.0
80  word_h0_13.mp4           86  0.506601  ...    0.944302    0.011396         0.0

[81 rows x 1958 columns]
Extracting features...
Face width computed for normalizaiton 0.16200394649060132
Features saved to: ../output/word_h0_13_features.csv
          fn_video  ... distance_r_hand6_r_hand10
0   word_h0_13.mp4  ...                  0.246631
1   word_h0_13.mp4  ...                  0.209691
2   word_h0_13.mp4  ...                  0.208765
3   word_h0_13.mp4  ...                  0.203067
4   word_h0_13.mp4  ...                  0.200547
..             ...  ...                       ...
76  word_h0_13.mp4  ...                  0.186172
77  word_h0_13.mp4  ...                  0.184629
78  word_h0_13.mp4  ...                  0.196407
79  word_h0_13.mp4  ...                  0.198681
80  word_h0_13.mp4  ...                  0.192347

[81 rows x 30 columns]
csv file with predictions was saved to ../output/predictions_rf_shape_female_cropped_word_h0_13.csv
