python is /network/lustre/iss02/home/annahita.sarre/anaconda3/envs/myenv/bin/python
Loaded model: ../trained_models/model_rf_position_female_cropped.pkl
Loaded video: ../stimuli/words/mp4/word_l1_09.mp4
Extracting coordinates...
          fn_video frame_number   x_face0  ...  y_r_hand20  z_r_hand20  v_r_hand20
0   word_l1_09.mp4            6  0.491706  ...    0.911938    0.025910         0.0
1   word_l1_09.mp4            7  0.491766  ...    0.861642    0.018101         0.0
2   word_l1_09.mp4            8  0.491465  ...    0.826185    0.033413         0.0
3   word_l1_09.mp4            9  0.490902  ...    0.779975    0.019004         0.0
4   word_l1_09.mp4           10  0.490338  ...    0.743853    0.025635         0.0
5   word_l1_09.mp4           11  0.489879  ...    0.709915    0.016216         0.0
6   word_l1_09.mp4           12  0.489426  ...    0.674555    0.016950         0.0
7   word_l1_09.mp4           13  0.488684  ...    0.640999    0.008686         0.0
8   word_l1_09.mp4           14  0.488660  ...    0.610627    0.005425         0.0
9   word_l1_09.mp4           15  0.489092  ...    0.599874   -0.002505         0.0
10  word_l1_09.mp4           16  0.488551  ...    0.587735   -0.008111         0.0
11  word_l1_09.mp4           17  0.488473  ...    0.578593   -0.008899         0.0
12  word_l1_09.mp4           18  0.488901  ...    0.576040   -0.014154         0.0
13  word_l1_09.mp4           19  0.488677  ...    0.570746   -0.008567         0.0
14  word_l1_09.mp4           20  0.488890  ...    0.569375   -0.008954         0.0
15  word_l1_09.mp4           21  0.488168  ...    0.570566   -0.015021         0.0
16  word_l1_09.mp4           22  0.487978  ...    0.571393   -0.016282         0.0
17  word_l1_09.mp4           23  0.487950  ...    0.610599    0.017990         0.0
18  word_l1_09.mp4           24  0.487840  ...    0.664265    0.004147         0.0
19  word_l1_09.mp4           25  0.487718  ...    0.675831    0.004472         0.0
20  word_l1_09.mp4           26  0.488054  ...    0.679738    0.003982         0.0
21  word_l1_09.mp4           27  0.488173  ...    0.680216    0.006465         0.0
22  word_l1_09.mp4           28  0.488113  ...    0.682090    0.013673         0.0
23  word_l1_09.mp4           29  0.488071  ...    0.679159    0.011866         0.0
24  word_l1_09.mp4           30  0.487995  ...    0.659009    0.029526         0.0
25  word_l1_09.mp4           31  0.488092  ...    0.618182    0.035365         0.0
26  word_l1_09.mp4           32  0.487911  ...    0.573760    0.004222         0.0
27  word_l1_09.mp4           33  0.488210  ...    0.559401   -0.012878         0.0
28  word_l1_09.mp4           34  0.488598  ...    0.553267   -0.016163         0.0
29  word_l1_09.mp4           35  0.488496  ...    0.553438   -0.016915         0.0
30  word_l1_09.mp4           36  0.488530  ...    0.551168   -0.017703         0.0
31  word_l1_09.mp4           37  0.489153  ...    0.550541   -0.024354         0.0
32  word_l1_09.mp4           38  0.488724  ...    0.551970   -0.022408         0.0
33  word_l1_09.mp4           39  0.488692  ...    0.549607   -0.021363         0.0
34  word_l1_09.mp4           40  0.488322  ...    0.552374   -0.022077         0.0
35  word_l1_09.mp4           41  0.488362  ...    0.551847   -0.020788         0.0
36  word_l1_09.mp4           42  0.488526  ...    0.552806   -0.023123         0.0
37  word_l1_09.mp4           43  0.488518  ...    0.553494   -0.025346         0.0
38  word_l1_09.mp4           44  0.488772  ...    0.553792   -0.024735         0.0
39  word_l1_09.mp4           45  0.488981  ...    0.553737   -0.023403         0.0
40  word_l1_09.mp4           46  0.489032  ...    0.552786   -0.022363         0.0
41  word_l1_09.mp4           47  0.488962  ...    0.552855   -0.024287         0.0
42  word_l1_09.mp4           48  0.489203  ...    0.552705   -0.023686         0.0
43  word_l1_09.mp4           49  0.489198  ...    0.552803   -0.024053         0.0
44  word_l1_09.mp4           50  0.489686  ...    0.553336   -0.025311         0.0
45  word_l1_09.mp4           51  0.489531  ...    0.557623   -0.015575         0.0
46  word_l1_09.mp4           52  0.488583  ...    0.590160    0.002132         0.0
47  word_l1_09.mp4           53  0.488793  ...    0.631899    0.011019         0.0
48  word_l1_09.mp4           54  0.488641  ...    0.656172    0.005928         0.0
49  word_l1_09.mp4           55  0.488685  ...    0.664934    0.003563         0.0
50  word_l1_09.mp4           56  0.489312  ...    0.677777    0.002673         0.0
51  word_l1_09.mp4           57  0.489268  ...    0.701147    0.006914         0.0
52  word_l1_09.mp4           58  0.489429  ...    0.721309    0.011486         0.0
53  word_l1_09.mp4           59  0.490067  ...    0.742841    0.009519         0.0
54  word_l1_09.mp4           60  0.489803  ...    0.765620    0.012136         0.0

[55 rows x 1958 columns]
Extracting features...
Face width computed for normalizaiton 0.15738030357366
Features saved to: ../output/word_l1_09_features.csv
          fn_video  ... distance_r_hand6_r_hand10
0   word_l1_09.mp4  ...                  0.215182
1   word_l1_09.mp4  ...                  0.207880
2   word_l1_09.mp4  ...                  0.175955
3   word_l1_09.mp4  ...                  0.161940
4   word_l1_09.mp4  ...                  0.159956
5   word_l1_09.mp4  ...                  0.157231
6   word_l1_09.mp4  ...                  0.159662
7   word_l1_09.mp4  ...                  0.154888
8   word_l1_09.mp4  ...                  0.146007
9   word_l1_09.mp4  ...                  0.136375
10  word_l1_09.mp4  ...                  0.137498
11  word_l1_09.mp4  ...                  0.150036
12  word_l1_09.mp4  ...                  0.140794
13  word_l1_09.mp4  ...                  0.152080
14  word_l1_09.mp4  ...                  0.149637
15  word_l1_09.mp4  ...                  0.168085
16  word_l1_09.mp4  ...                  0.170453
17  word_l1_09.mp4  ...                  0.199465
18  word_l1_09.mp4  ...                  0.239596
19  word_l1_09.mp4  ...                  0.278692
20  word_l1_09.mp4  ...                  0.286503
21  word_l1_09.mp4  ...                  0.277201
22  word_l1_09.mp4  ...                  0.277834
23  word_l1_09.mp4  ...                  0.280778
24  word_l1_09.mp4  ...                  0.281584
25  word_l1_09.mp4  ...                  0.270459
26  word_l1_09.mp4  ...                  0.263033
27  word_l1_09.mp4  ...                  0.209118
28  word_l1_09.mp4  ...                  0.147668
29  word_l1_09.mp4  ...                  0.146985
30  word_l1_09.mp4  ...                  0.144009
31  word_l1_09.mp4  ...                  0.145999
32  word_l1_09.mp4  ...                  0.163403
33  word_l1_09.mp4  ...                  0.163639
34  word_l1_09.mp4  ...                  0.152792
35  word_l1_09.mp4  ...                  0.151458
36  word_l1_09.mp4  ...                  0.151353
37  word_l1_09.mp4  ...                  0.154111
38  word_l1_09.mp4  ...                  0.153353
39  word_l1_09.mp4  ...                  0.153120
40  word_l1_09.mp4  ...                  0.160812
41  word_l1_09.mp4  ...                  0.163918
42  word_l1_09.mp4  ...                  0.173367
43  word_l1_09.mp4  ...                  0.177723
44  word_l1_09.mp4  ...                  0.174366
45  word_l1_09.mp4  ...                  0.171295
46  word_l1_09.mp4  ...                  0.171618
47  word_l1_09.mp4  ...                  0.184297
48  word_l1_09.mp4  ...                  0.172189
49  word_l1_09.mp4  ...                  0.168042
50  word_l1_09.mp4  ...                  0.169823
51  word_l1_09.mp4  ...                  0.177811
52  word_l1_09.mp4  ...                  0.161606
53  word_l1_09.mp4  ...                  0.157000
54  word_l1_09.mp4  ...                  0.164381

[55 rows x 30 columns]
csv file with predictions was saved to ../output/predictions_rf_position_female_cropped_word_l1_09.csv
Loaded model: ../trained_models/model_rf_shape_female_cropped.pkl
Loaded video: ../stimuli/words/mp4/word_l1_09.mp4
Extracting coordinates...
          fn_video frame_number   x_face0  ...  y_r_hand20  z_r_hand20  v_r_hand20
0   word_l1_09.mp4            6  0.491706  ...    0.911938    0.025910         0.0
1   word_l1_09.mp4            7  0.491766  ...    0.861642    0.018101         0.0
2   word_l1_09.mp4            8  0.491465  ...    0.826185    0.033413         0.0
3   word_l1_09.mp4            9  0.490902  ...    0.779975    0.019004         0.0
4   word_l1_09.mp4           10  0.490338  ...    0.743853    0.025635         0.0
5   word_l1_09.mp4           11  0.489879  ...    0.709915    0.016216         0.0
6   word_l1_09.mp4           12  0.489426  ...    0.674555    0.016950         0.0
7   word_l1_09.mp4           13  0.488684  ...    0.640999    0.008686         0.0
8   word_l1_09.mp4           14  0.488660  ...    0.610627    0.005425         0.0
9   word_l1_09.mp4           15  0.489092  ...    0.599874   -0.002505         0.0
10  word_l1_09.mp4           16  0.488551  ...    0.587735   -0.008111         0.0
11  word_l1_09.mp4           17  0.488473  ...    0.578593   -0.008899         0.0
12  word_l1_09.mp4           18  0.488901  ...    0.576040   -0.014154         0.0
13  word_l1_09.mp4           19  0.488677  ...    0.570746   -0.008567         0.0
14  word_l1_09.mp4           20  0.488890  ...    0.569375   -0.008954         0.0
15  word_l1_09.mp4           21  0.488168  ...    0.570566   -0.015021         0.0
16  word_l1_09.mp4           22  0.487978  ...    0.571393   -0.016282         0.0
17  word_l1_09.mp4           23  0.487950  ...    0.610599    0.017990         0.0
18  word_l1_09.mp4           24  0.487840  ...    0.664265    0.004147         0.0
19  word_l1_09.mp4           25  0.487718  ...    0.675831    0.004472         0.0
20  word_l1_09.mp4           26  0.488054  ...    0.679738    0.003982         0.0
21  word_l1_09.mp4           27  0.488173  ...    0.680216    0.006465         0.0
22  word_l1_09.mp4           28  0.488113  ...    0.682090    0.013673         0.0
23  word_l1_09.mp4           29  0.488071  ...    0.679159    0.011866         0.0
24  word_l1_09.mp4           30  0.487995  ...    0.659009    0.029526         0.0
25  word_l1_09.mp4           31  0.488092  ...    0.618182    0.035365         0.0
26  word_l1_09.mp4           32  0.487911  ...    0.573760    0.004222         0.0
27  word_l1_09.mp4           33  0.488210  ...    0.559401   -0.012878         0.0
28  word_l1_09.mp4           34  0.488598  ...    0.553267   -0.016163         0.0
29  word_l1_09.mp4           35  0.488496  ...    0.553438   -0.016915         0.0
30  word_l1_09.mp4           36  0.488530  ...    0.551168   -0.017703         0.0
31  word_l1_09.mp4           37  0.489153  ...    0.550541   -0.024354         0.0
32  word_l1_09.mp4           38  0.488724  ...    0.551970   -0.022408         0.0
33  word_l1_09.mp4           39  0.488692  ...    0.549607   -0.021363         0.0
34  word_l1_09.mp4           40  0.488322  ...    0.552374   -0.022077         0.0
35  word_l1_09.mp4           41  0.488362  ...    0.551847   -0.020788         0.0
36  word_l1_09.mp4           42  0.488526  ...    0.552806   -0.023123         0.0
37  word_l1_09.mp4           43  0.488518  ...    0.553494   -0.025346         0.0
38  word_l1_09.mp4           44  0.488772  ...    0.553792   -0.024735         0.0
39  word_l1_09.mp4           45  0.488981  ...    0.553737   -0.023403         0.0
40  word_l1_09.mp4           46  0.489032  ...    0.552786   -0.022363         0.0
41  word_l1_09.mp4           47  0.488962  ...    0.552855   -0.024287         0.0
42  word_l1_09.mp4           48  0.489203  ...    0.552705   -0.023686         0.0
43  word_l1_09.mp4           49  0.489198  ...    0.552803   -0.024053         0.0
44  word_l1_09.mp4           50  0.489686  ...    0.553336   -0.025311         0.0
45  word_l1_09.mp4           51  0.489531  ...    0.557623   -0.015575         0.0
46  word_l1_09.mp4           52  0.488583  ...    0.590160    0.002132         0.0
47  word_l1_09.mp4           53  0.488793  ...    0.631899    0.011019         0.0
48  word_l1_09.mp4           54  0.488641  ...    0.656172    0.005928         0.0
49  word_l1_09.mp4           55  0.488685  ...    0.664934    0.003563         0.0
50  word_l1_09.mp4           56  0.489312  ...    0.677777    0.002673         0.0
51  word_l1_09.mp4           57  0.489268  ...    0.701147    0.006914         0.0
52  word_l1_09.mp4           58  0.489429  ...    0.721309    0.011486         0.0
53  word_l1_09.mp4           59  0.490067  ...    0.742841    0.009519         0.0
54  word_l1_09.mp4           60  0.489803  ...    0.765620    0.012136         0.0

[55 rows x 1958 columns]
Extracting features...
Face width computed for normalizaiton 0.15738030357366
Features saved to: ../output/word_l1_09_features.csv
          fn_video  ... distance_r_hand6_r_hand10
0   word_l1_09.mp4  ...                  0.215182
1   word_l1_09.mp4  ...                  0.207880
2   word_l1_09.mp4  ...                  0.175955
3   word_l1_09.mp4  ...                  0.161940
4   word_l1_09.mp4  ...                  0.159956
5   word_l1_09.mp4  ...                  0.157231
6   word_l1_09.mp4  ...                  0.159662
7   word_l1_09.mp4  ...                  0.154888
8   word_l1_09.mp4  ...                  0.146007
9   word_l1_09.mp4  ...                  0.136375
10  word_l1_09.mp4  ...                  0.137498
11  word_l1_09.mp4  ...                  0.150036
12  word_l1_09.mp4  ...                  0.140794
13  word_l1_09.mp4  ...                  0.152080
14  word_l1_09.mp4  ...                  0.149637
15  word_l1_09.mp4  ...                  0.168085
16  word_l1_09.mp4  ...                  0.170453
17  word_l1_09.mp4  ...                  0.199465
18  word_l1_09.mp4  ...                  0.239596
19  word_l1_09.mp4  ...                  0.278692
20  word_l1_09.mp4  ...                  0.286503
21  word_l1_09.mp4  ...                  0.277201
22  word_l1_09.mp4  ...                  0.277834
23  word_l1_09.mp4  ...                  0.280778
24  word_l1_09.mp4  ...                  0.281584
25  word_l1_09.mp4  ...                  0.270459
26  word_l1_09.mp4  ...                  0.263033
27  word_l1_09.mp4  ...                  0.209118
28  word_l1_09.mp4  ...                  0.147668
29  word_l1_09.mp4  ...                  0.146985
30  word_l1_09.mp4  ...                  0.144009
31  word_l1_09.mp4  ...                  0.145999
32  word_l1_09.mp4  ...                  0.163403
33  word_l1_09.mp4  ...                  0.163639
34  word_l1_09.mp4  ...                  0.152792
35  word_l1_09.mp4  ...                  0.151458
36  word_l1_09.mp4  ...                  0.151353
37  word_l1_09.mp4  ...                  0.154111
38  word_l1_09.mp4  ...                  0.153353
39  word_l1_09.mp4  ...                  0.153120
40  word_l1_09.mp4  ...                  0.160812
41  word_l1_09.mp4  ...                  0.163918
42  word_l1_09.mp4  ...                  0.173367
43  word_l1_09.mp4  ...                  0.177723
44  word_l1_09.mp4  ...                  0.174366
45  word_l1_09.mp4  ...                  0.171295
46  word_l1_09.mp4  ...                  0.171618
47  word_l1_09.mp4  ...                  0.184297
48  word_l1_09.mp4  ...                  0.172189
49  word_l1_09.mp4  ...                  0.168042
50  word_l1_09.mp4  ...                  0.169823
51  word_l1_09.mp4  ...                  0.177811
52  word_l1_09.mp4  ...                  0.161606
53  word_l1_09.mp4  ...                  0.157000
54  word_l1_09.mp4  ...                  0.164381

[55 rows x 30 columns]
csv file with predictions was saved to ../output/predictions_rf_shape_female_cropped_word_l1_09.csv
