python is /network/lustre/iss02/home/annahita.sarre/anaconda3/envs/myenv/bin/python
Loaded model: ../trained_models/model_rf_position_female_cropped.pkl
Loaded video: ../stimuli/words/mp4/word_l0_30.mp4
Extracting coordinates...
          fn_video frame_number   x_face0  ...  y_r_hand20  z_r_hand20  v_r_hand20
0   word_l0_30.mp4            2  0.494225  ...    1.098035    0.037029         0.0
1   word_l0_30.mp4            3  0.493879  ...    1.039552    0.035541         0.0
2   word_l0_30.mp4            4  0.494277  ...    0.980351   -0.000133         0.0
3   word_l0_30.mp4            5  0.493635  ...    0.965617    0.016695         0.0
4   word_l0_30.mp4            6  0.493471  ...    0.935414    0.037495         0.0
..             ...          ...       ...  ...         ...         ...         ...
61  word_l0_30.mp4           63  0.485109  ...    0.650993    0.021399         0.0
62  word_l0_30.mp4           64  0.485355  ...    0.680813    0.014585         0.0
63  word_l0_30.mp4           65  0.485981  ...    0.696299    0.016641         0.0
64  word_l0_30.mp4           66  0.486009  ...    0.712318    0.016234         0.0
65  word_l0_30.mp4           67  0.486078  ...    0.729160    0.018250         0.0

[66 rows x 1958 columns]
Extracting features...
Face width computed for normalizaiton 0.15751947091993193
Features saved to: ../output/word_l0_30_features.csv
          fn_video  ... distance_r_hand6_r_hand10
0   word_l0_30.mp4  ...                  0.208369
1   word_l0_30.mp4  ...                  0.204007
2   word_l0_30.mp4  ...                  0.191912
3   word_l0_30.mp4  ...                  0.228209
4   word_l0_30.mp4  ...                  0.231794
..             ...  ...                       ...
61  word_l0_30.mp4  ...                  0.169718
62  word_l0_30.mp4  ...                  0.200947
63  word_l0_30.mp4  ...                  0.186153
64  word_l0_30.mp4  ...                  0.213674
65  word_l0_30.mp4  ...                  0.222920

[66 rows x 30 columns]
csv file with predictions was saved to ../output/predictions_rf_position_female_cropped_word_l0_30.csv
Loaded model: ../trained_models/model_rf_shape_female_cropped.pkl
Loaded video: ../stimuli/words/mp4/word_l0_30.mp4
Extracting coordinates...
          fn_video frame_number   x_face0  ...  y_r_hand20  z_r_hand20  v_r_hand20
0   word_l0_30.mp4            2  0.494225  ...    1.098035    0.037029         0.0
1   word_l0_30.mp4            3  0.493879  ...    1.039552    0.035541         0.0
2   word_l0_30.mp4            4  0.494277  ...    0.980351   -0.000133         0.0
3   word_l0_30.mp4            5  0.493635  ...    0.965617    0.016695         0.0
4   word_l0_30.mp4            6  0.493471  ...    0.935414    0.037495         0.0
..             ...          ...       ...  ...         ...         ...         ...
61  word_l0_30.mp4           63  0.485109  ...    0.650993    0.021399         0.0
62  word_l0_30.mp4           64  0.485355  ...    0.680813    0.014585         0.0
63  word_l0_30.mp4           65  0.485981  ...    0.696299    0.016641         0.0
64  word_l0_30.mp4           66  0.486009  ...    0.712318    0.016234         0.0
65  word_l0_30.mp4           67  0.486078  ...    0.729160    0.018250         0.0

[66 rows x 1958 columns]
Extracting features...
Face width computed for normalizaiton 0.15751947091993193
Features saved to: ../output/word_l0_30_features.csv
          fn_video  ... distance_r_hand6_r_hand10
0   word_l0_30.mp4  ...                  0.208369
1   word_l0_30.mp4  ...                  0.204007
2   word_l0_30.mp4  ...                  0.191912
3   word_l0_30.mp4  ...                  0.228209
4   word_l0_30.mp4  ...                  0.231794
..             ...  ...                       ...
61  word_l0_30.mp4  ...                  0.169718
62  word_l0_30.mp4  ...                  0.200947
63  word_l0_30.mp4  ...                  0.186153
64  word_l0_30.mp4  ...                  0.213674
65  word_l0_30.mp4  ...                  0.222920

[66 rows x 30 columns]
csv file with predictions was saved to ../output/predictions_rf_shape_female_cropped_word_l0_30.csv
