python is /network/lustre/iss02/home/annahita.sarre/anaconda3/envs/myenv/bin/python
Loaded model: ../trained_models/model_rf_position_female_cropped.pkl
Loaded video: ../stimuli/words/mp4/word_h1_38.mp4
Extracting coordinates...
          fn_video frame_number   x_face0  ...  y_r_hand20  z_r_hand20  v_r_hand20
0   word_h1_38.mp4            1  0.494615  ...    0.808615    0.011820         0.0
1   word_h1_38.mp4            2  0.495316  ...    0.791132    0.005120         0.0
2   word_h1_38.mp4            3  0.494717  ...    0.787575    0.024974         0.0
3   word_h1_38.mp4            4  0.494140  ...    0.786245    0.027187         0.0
4   word_h1_38.mp4            5  0.494488  ...    0.785651    0.015166         0.0
..             ...          ...       ...  ...         ...         ...         ...
62  word_h1_38.mp4           63  0.491981  ...    0.715741    0.003368         0.0
63  word_h1_38.mp4           64  0.492299  ...    0.728609    0.010599         0.0
64  word_h1_38.mp4           65  0.492316  ...    0.741900    0.013897         0.0
65  word_h1_38.mp4           66  0.492739  ...    0.753518    0.009640         0.0
66  word_h1_38.mp4           67  0.493255  ...    0.761903    0.010717         0.0

[67 rows x 1958 columns]
Extracting features...
Face width computed for normalizaiton 0.16156475448029534
Features saved to: ../output/word_h1_38_features.csv
          fn_video  ... distance_r_hand6_r_hand10
0   word_h1_38.mp4  ...                  0.177686
1   word_h1_38.mp4  ...                  0.170070
2   word_h1_38.mp4  ...                  0.164500
3   word_h1_38.mp4  ...                  0.160399
4   word_h1_38.mp4  ...                  0.161671
..             ...  ...                       ...
62  word_h1_38.mp4  ...                  0.156778
63  word_h1_38.mp4  ...                  0.166289
64  word_h1_38.mp4  ...                  0.161584
65  word_h1_38.mp4  ...                  0.167284
66  word_h1_38.mp4  ...                  0.170588

[67 rows x 30 columns]
csv file with predictions was saved to ../output/predictions_rf_position_female_cropped_word_h1_38.csv
Loaded model: ../trained_models/model_rf_shape_female_cropped.pkl
Loaded video: ../stimuli/words/mp4/word_h1_38.mp4
Extracting coordinates...
          fn_video frame_number   x_face0  ...  y_r_hand20  z_r_hand20  v_r_hand20
0   word_h1_38.mp4            1  0.494615  ...    0.808615    0.011820         0.0
1   word_h1_38.mp4            2  0.495316  ...    0.791132    0.005120         0.0
2   word_h1_38.mp4            3  0.494717  ...    0.787575    0.024974         0.0
3   word_h1_38.mp4            4  0.494140  ...    0.786245    0.027187         0.0
4   word_h1_38.mp4            5  0.494488  ...    0.785651    0.015166         0.0
..             ...          ...       ...  ...         ...         ...         ...
62  word_h1_38.mp4           63  0.491981  ...    0.715741    0.003368         0.0
63  word_h1_38.mp4           64  0.492299  ...    0.728609    0.010599         0.0
64  word_h1_38.mp4           65  0.492316  ...    0.741900    0.013897         0.0
65  word_h1_38.mp4           66  0.492739  ...    0.753518    0.009640         0.0
66  word_h1_38.mp4           67  0.493255  ...    0.761903    0.010717         0.0

[67 rows x 1958 columns]
Extracting features...
Face width computed for normalizaiton 0.16156475448029534
Features saved to: ../output/word_h1_38_features.csv
          fn_video  ... distance_r_hand6_r_hand10
0   word_h1_38.mp4  ...                  0.177686
1   word_h1_38.mp4  ...                  0.170070
2   word_h1_38.mp4  ...                  0.164500
3   word_h1_38.mp4  ...                  0.160399
4   word_h1_38.mp4  ...                  0.161671
..             ...  ...                       ...
62  word_h1_38.mp4  ...                  0.156778
63  word_h1_38.mp4  ...                  0.166289
64  word_h1_38.mp4  ...                  0.161584
65  word_h1_38.mp4  ...                  0.167284
66  word_h1_38.mp4  ...                  0.170588

[67 rows x 30 columns]
csv file with predictions was saved to ../output/predictions_rf_shape_female_cropped_word_h1_38.csv
