python is /network/lustre/iss02/home/annahita.sarre/anaconda3/envs/myenv/bin/python
Loaded model: ../trained_models/model_rf_position_female_cropped.pkl
Loaded video: ../stimuli/words/mp4/word_l1_37.mp4
Extracting coordinates...
          fn_video frame_number   x_face0  ...  y_r_hand20  z_r_hand20  v_r_hand20
0   word_l1_37.mp4            7  0.487516  ...    1.076458    0.035195         0.0
1   word_l1_37.mp4            8  0.487677  ...    1.044888    0.108618         0.0
2   word_l1_37.mp4            9  0.487736  ...    1.001106    0.020251         0.0
3   word_l1_37.mp4           10  0.487437  ...    0.977245    0.001831         0.0
4   word_l1_37.mp4           11  0.487312  ...    0.938544    0.016246         0.0
5   word_l1_37.mp4           12  0.487097  ...    0.917482    0.020461         0.0
6   word_l1_37.mp4           13  0.486667  ...    0.892902    0.021613         0.0
7   word_l1_37.mp4           14  0.486312  ...    0.879514    0.018045         0.0
8   word_l1_37.mp4           15  0.486607  ...    0.869478    0.019400         0.0
9   word_l1_37.mp4           16  0.486550  ...    0.865982    0.024348         0.0
10  word_l1_37.mp4           17  0.486692  ...    0.862837    0.019783         0.0
11  word_l1_37.mp4           18  0.486661  ...    0.867820    0.016836         0.0
12  word_l1_37.mp4           19  0.487072  ...    0.877517    0.025623         0.0
13  word_l1_37.mp4           20  0.487453  ...    0.876474    0.046337         0.0
14  word_l1_37.mp4           21  0.488254  ...    0.874597    0.045348         0.0
15  word_l1_37.mp4           22  0.488562  ...    0.871460    0.049975         0.0
16  word_l1_37.mp4           23  0.489114  ...    0.863841    0.044611         0.0
17  word_l1_37.mp4           24  0.489562  ...    0.853047    0.027592         0.0
18  word_l1_37.mp4           25  0.489627  ...    0.833339    0.060350         0.0
19  word_l1_37.mp4           26  0.489887  ...    0.804525    0.052299         0.0
20  word_l1_37.mp4           27  0.490378  ...    0.759626    0.032543         0.0
21  word_l1_37.mp4           28  0.490505  ...    0.737712    0.012296         0.0
22  word_l1_37.mp4           29  0.490164  ...    0.727944    0.013936         0.0
23  word_l1_37.mp4           30  0.489921  ...    0.721352    0.025791         0.0
24  word_l1_37.mp4           31  0.489848  ...    0.722739    0.036674         0.0
25  word_l1_37.mp4           32  0.490493  ...    0.729595    0.027577         0.0
26  word_l1_37.mp4           33  0.490679  ...    0.750538    0.032625         0.0
27  word_l1_37.mp4           35  0.490847  ...    0.787011    0.088143         0.0
28  word_l1_37.mp4           36  0.491287  ...    0.785645    0.064096         0.0
29  word_l1_37.mp4           37  0.491604  ...    0.775941    0.036293         0.0
30  word_l1_37.mp4           38  0.491476  ...    0.760529    0.056058         0.0
31  word_l1_37.mp4           39  0.491706  ...    0.737789    0.054127         0.0
32  word_l1_37.mp4           40  0.492159  ...    0.750877    0.023941         0.0
33  word_l1_37.mp4           41  0.492261  ...    0.741746    0.010511         0.0
34  word_l1_37.mp4           42  0.492070  ...    0.713665    0.001816         0.0
35  word_l1_37.mp4           43  0.492965  ...    0.705289    0.001696         0.0
36  word_l1_37.mp4           44  0.493422  ...    0.701548    0.006855         0.0
37  word_l1_37.mp4           45  0.493504  ...    0.697113    0.003984         0.0
38  word_l1_37.mp4           46  0.493988  ...    0.696455    0.007528         0.0
39  word_l1_37.mp4           47  0.494886  ...    0.699148    0.006110         0.0
40  word_l1_37.mp4           48  0.495203  ...    0.700182    0.006414         0.0
41  word_l1_37.mp4           49  0.494587  ...    0.701634    0.004575         0.0
42  word_l1_37.mp4           50  0.494502  ...    0.706180    0.005388         0.0
43  word_l1_37.mp4           51  0.494507  ...    0.709499    0.005463         0.0
44  word_l1_37.mp4           52  0.494241  ...    0.711111    0.003875         0.0
45  word_l1_37.mp4           53  0.494190  ...    0.709497    0.005711         0.0
46  word_l1_37.mp4           54  0.494306  ...    0.710757    0.003653         0.0
47  word_l1_37.mp4           55  0.494011  ...    0.711591    0.003535         0.0
48  word_l1_37.mp4           56  0.494345  ...    0.711631    0.002384         0.0
49  word_l1_37.mp4           57  0.494210  ...    0.712022    0.004129         0.0
50  word_l1_37.mp4           58  0.494429  ...    0.712050    0.004792         0.0
51  word_l1_37.mp4           59  0.493814  ...    0.711437    0.002219         0.0
52  word_l1_37.mp4           60  0.494090  ...    0.718297    0.007832         0.0

[53 rows x 1958 columns]
Extracting features...
Face width computed for normalizaiton 0.15386982597564647
Features saved to: ../output/word_l1_37_features.csv
          fn_video  ... distance_r_hand6_r_hand10
0   word_l1_37.mp4  ...                  0.409302
1   word_l1_37.mp4  ...                  0.444245
2   word_l1_37.mp4  ...                  0.327419
3   word_l1_37.mp4  ...                  0.365444
4   word_l1_37.mp4  ...                  0.306575
5   word_l1_37.mp4  ...                  0.314734
6   word_l1_37.mp4  ...                  0.310442
7   word_l1_37.mp4  ...                  0.320955
8   word_l1_37.mp4  ...                  0.337769
9   word_l1_37.mp4  ...                  0.377575
10  word_l1_37.mp4  ...                  0.400179
11  word_l1_37.mp4  ...                  0.411379
12  word_l1_37.mp4  ...                  0.441382
13  word_l1_37.mp4  ...                  0.411497
14  word_l1_37.mp4  ...                  0.400368
15  word_l1_37.mp4  ...                  0.371877
16  word_l1_37.mp4  ...                  0.308017
17  word_l1_37.mp4  ...                  0.234107
18  word_l1_37.mp4  ...                  0.211646
19  word_l1_37.mp4  ...                  0.213694
20  word_l1_37.mp4  ...                  0.188913
21  word_l1_37.mp4  ...                  0.172913
22  word_l1_37.mp4  ...                  0.156786
23  word_l1_37.mp4  ...                  0.160999
24  word_l1_37.mp4  ...                  0.157622
25  word_l1_37.mp4  ...                  0.155989
26  word_l1_37.mp4  ...                  0.151937
27  word_l1_37.mp4  ...                  0.128380
28  word_l1_37.mp4  ...                  0.181072
29  word_l1_37.mp4  ...                  0.166409
30  word_l1_37.mp4  ...                  0.180217
31  word_l1_37.mp4  ...                  0.171253
32  word_l1_37.mp4  ...                  0.207947
33  word_l1_37.mp4  ...                  0.270520
34  word_l1_37.mp4  ...                  0.252057
35  word_l1_37.mp4  ...                  0.257372
36  word_l1_37.mp4  ...                  0.271793
37  word_l1_37.mp4  ...                  0.278553
38  word_l1_37.mp4  ...                  0.278032
39  word_l1_37.mp4  ...                  0.278425
40  word_l1_37.mp4  ...                  0.284868
41  word_l1_37.mp4  ...                  0.279556
42  word_l1_37.mp4  ...                  0.282131
43  word_l1_37.mp4  ...                  0.278395
44  word_l1_37.mp4  ...                  0.275887
45  word_l1_37.mp4  ...                  0.260965
46  word_l1_37.mp4  ...                  0.264699
47  word_l1_37.mp4  ...                  0.266031
48  word_l1_37.mp4  ...                  0.278807
49  word_l1_37.mp4  ...                  0.290779
50  word_l1_37.mp4  ...                  0.275105
51  word_l1_37.mp4  ...                  0.261372
52  word_l1_37.mp4  ...                  0.246344

[53 rows x 30 columns]
csv file with predictions was saved to ../output/predictions_rf_position_female_cropped_word_l1_37.csv
Loaded model: ../trained_models/model_rf_shape_female_cropped.pkl
Loaded video: ../stimuli/words/mp4/word_l1_37.mp4
Extracting coordinates...
          fn_video frame_number   x_face0  ...  y_r_hand20  z_r_hand20  v_r_hand20
0   word_l1_37.mp4            7  0.487516  ...    1.076458    0.035195         0.0
1   word_l1_37.mp4            8  0.487677  ...    1.044888    0.108618         0.0
2   word_l1_37.mp4            9  0.487736  ...    1.001106    0.020251         0.0
3   word_l1_37.mp4           10  0.487437  ...    0.977245    0.001831         0.0
4   word_l1_37.mp4           11  0.487312  ...    0.938544    0.016246         0.0
5   word_l1_37.mp4           12  0.487097  ...    0.917482    0.020461         0.0
6   word_l1_37.mp4           13  0.486667  ...    0.892902    0.021613         0.0
7   word_l1_37.mp4           14  0.486312  ...    0.879514    0.018045         0.0
8   word_l1_37.mp4           15  0.486607  ...    0.869478    0.019400         0.0
9   word_l1_37.mp4           16  0.486550  ...    0.865982    0.024348         0.0
10  word_l1_37.mp4           17  0.486692  ...    0.862837    0.019783         0.0
11  word_l1_37.mp4           18  0.486661  ...    0.867820    0.016836         0.0
12  word_l1_37.mp4           19  0.487072  ...    0.877517    0.025623         0.0
13  word_l1_37.mp4           20  0.487453  ...    0.876474    0.046337         0.0
14  word_l1_37.mp4           21  0.488254  ...    0.874597    0.045348         0.0
15  word_l1_37.mp4           22  0.488562  ...    0.871460    0.049975         0.0
16  word_l1_37.mp4           23  0.489114  ...    0.863841    0.044611         0.0
17  word_l1_37.mp4           24  0.489562  ...    0.853047    0.027592         0.0
18  word_l1_37.mp4           25  0.489627  ...    0.833339    0.060350         0.0
19  word_l1_37.mp4           26  0.489887  ...    0.804525    0.052299         0.0
20  word_l1_37.mp4           27  0.490378  ...    0.759626    0.032543         0.0
21  word_l1_37.mp4           28  0.490505  ...    0.737712    0.012296         0.0
22  word_l1_37.mp4           29  0.490164  ...    0.727944    0.013936         0.0
23  word_l1_37.mp4           30  0.489921  ...    0.721352    0.025791         0.0
24  word_l1_37.mp4           31  0.489848  ...    0.722739    0.036674         0.0
25  word_l1_37.mp4           32  0.490493  ...    0.729595    0.027577         0.0
26  word_l1_37.mp4           33  0.490679  ...    0.750538    0.032625         0.0
27  word_l1_37.mp4           35  0.490847  ...    0.787011    0.088143         0.0
28  word_l1_37.mp4           36  0.491287  ...    0.785645    0.064096         0.0
29  word_l1_37.mp4           37  0.491604  ...    0.775941    0.036293         0.0
30  word_l1_37.mp4           38  0.491476  ...    0.760529    0.056058         0.0
31  word_l1_37.mp4           39  0.491706  ...    0.737789    0.054127         0.0
32  word_l1_37.mp4           40  0.492159  ...    0.750877    0.023941         0.0
33  word_l1_37.mp4           41  0.492261  ...    0.741746    0.010511         0.0
34  word_l1_37.mp4           42  0.492070  ...    0.713665    0.001816         0.0
35  word_l1_37.mp4           43  0.492965  ...    0.705289    0.001696         0.0
36  word_l1_37.mp4           44  0.493422  ...    0.701548    0.006855         0.0
37  word_l1_37.mp4           45  0.493504  ...    0.697113    0.003984         0.0
38  word_l1_37.mp4           46  0.493988  ...    0.696455    0.007528         0.0
39  word_l1_37.mp4           47  0.494886  ...    0.699148    0.006110         0.0
40  word_l1_37.mp4           48  0.495203  ...    0.700182    0.006414         0.0
41  word_l1_37.mp4           49  0.494587  ...    0.701634    0.004575         0.0
42  word_l1_37.mp4           50  0.494502  ...    0.706180    0.005388         0.0
43  word_l1_37.mp4           51  0.494507  ...    0.709499    0.005463         0.0
44  word_l1_37.mp4           52  0.494241  ...    0.711111    0.003875         0.0
45  word_l1_37.mp4           53  0.494190  ...    0.709497    0.005711         0.0
46  word_l1_37.mp4           54  0.494306  ...    0.710757    0.003653         0.0
47  word_l1_37.mp4           55  0.494011  ...    0.711591    0.003535         0.0
48  word_l1_37.mp4           56  0.494345  ...    0.711631    0.002384         0.0
49  word_l1_37.mp4           57  0.494210  ...    0.712022    0.004129         0.0
50  word_l1_37.mp4           58  0.494429  ...    0.712050    0.004792         0.0
51  word_l1_37.mp4           59  0.493814  ...    0.711437    0.002219         0.0
52  word_l1_37.mp4           60  0.494090  ...    0.718297    0.007832         0.0

[53 rows x 1958 columns]
Extracting features...
Face width computed for normalizaiton 0.15386982597564647
Features saved to: ../output/word_l1_37_features.csv
          fn_video  ... distance_r_hand6_r_hand10
0   word_l1_37.mp4  ...                  0.409302
1   word_l1_37.mp4  ...                  0.444245
2   word_l1_37.mp4  ...                  0.327419
3   word_l1_37.mp4  ...                  0.365444
4   word_l1_37.mp4  ...                  0.306575
5   word_l1_37.mp4  ...                  0.314734
6   word_l1_37.mp4  ...                  0.310442
7   word_l1_37.mp4  ...                  0.320955
8   word_l1_37.mp4  ...                  0.337769
9   word_l1_37.mp4  ...                  0.377575
10  word_l1_37.mp4  ...                  0.400179
11  word_l1_37.mp4  ...                  0.411379
12  word_l1_37.mp4  ...                  0.441382
13  word_l1_37.mp4  ...                  0.411497
14  word_l1_37.mp4  ...                  0.400368
15  word_l1_37.mp4  ...                  0.371877
16  word_l1_37.mp4  ...                  0.308017
17  word_l1_37.mp4  ...                  0.234107
18  word_l1_37.mp4  ...                  0.211646
19  word_l1_37.mp4  ...                  0.213694
20  word_l1_37.mp4  ...                  0.188913
21  word_l1_37.mp4  ...                  0.172913
22  word_l1_37.mp4  ...                  0.156786
23  word_l1_37.mp4  ...                  0.160999
24  word_l1_37.mp4  ...                  0.157622
25  word_l1_37.mp4  ...                  0.155989
26  word_l1_37.mp4  ...                  0.151937
27  word_l1_37.mp4  ...                  0.128380
28  word_l1_37.mp4  ...                  0.181072
29  word_l1_37.mp4  ...                  0.166409
30  word_l1_37.mp4  ...                  0.180217
31  word_l1_37.mp4  ...                  0.171253
32  word_l1_37.mp4  ...                  0.207947
33  word_l1_37.mp4  ...                  0.270520
34  word_l1_37.mp4  ...                  0.252057
35  word_l1_37.mp4  ...                  0.257372
36  word_l1_37.mp4  ...                  0.271793
37  word_l1_37.mp4  ...                  0.278553
38  word_l1_37.mp4  ...                  0.278032
39  word_l1_37.mp4  ...                  0.278425
40  word_l1_37.mp4  ...                  0.284868
41  word_l1_37.mp4  ...                  0.279556
42  word_l1_37.mp4  ...                  0.282131
43  word_l1_37.mp4  ...                  0.278395
44  word_l1_37.mp4  ...                  0.275887
45  word_l1_37.mp4  ...                  0.260965
46  word_l1_37.mp4  ...                  0.264699
47  word_l1_37.mp4  ...                  0.266031
48  word_l1_37.mp4  ...                  0.278807
49  word_l1_37.mp4  ...                  0.290779
50  word_l1_37.mp4  ...                  0.275105
51  word_l1_37.mp4  ...                  0.261372
52  word_l1_37.mp4  ...                  0.246344

[53 rows x 30 columns]
csv file with predictions was saved to ../output/predictions_rf_shape_female_cropped_word_l1_37.csv
