python is /network/lustre/iss02/home/annahita.sarre/anaconda3/envs/myenv/bin/python
Loaded model: ../trained_models/model_rf_position_female_cropped.pkl
Loaded video: ../stimuli/words/mp4/word_l0_18.mp4
Extracting coordinates...
          fn_video frame_number   x_face0  ...  y_r_hand20  z_r_hand20  v_r_hand20
0   word_l0_18.mp4            2  0.491205  ...    1.016566    0.007374         0.0
1   word_l0_18.mp4            3  0.490679  ...    0.988829    0.009896         0.0
2   word_l0_18.mp4            4  0.490665  ...    0.963941    0.011623         0.0
3   word_l0_18.mp4            5  0.491308  ...    0.929359    0.012533         0.0
4   word_l0_18.mp4            6  0.491174  ...    0.909085    0.011056         0.0
5   word_l0_18.mp4            7  0.491228  ...    0.900211    0.016363         0.0
6   word_l0_18.mp4            8  0.490795  ...    0.883121    0.023078         0.0
7   word_l0_18.mp4            9  0.490911  ...    0.874687    0.024367         0.0
8   word_l0_18.mp4           10  0.491039  ...    0.872610    0.029077         0.0
9   word_l0_18.mp4           11  0.490963  ...    0.858979    0.028566         0.0
10  word_l0_18.mp4           12  0.490784  ...    0.863266    0.026964         0.0
11  word_l0_18.mp4           13  0.490257  ...    0.860020    0.030096         0.0
12  word_l0_18.mp4           14  0.490126  ...    0.863666    0.034371         0.0
13  word_l0_18.mp4           18  0.491185  ...    0.862299    0.058103         0.0
14  word_l0_18.mp4           19  0.491754  ...    0.861184    0.052789         0.0
15  word_l0_18.mp4           20  0.491901  ...    0.840299    0.023233         0.0
16  word_l0_18.mp4           21  0.492006  ...    0.824145    0.058265         0.0
17  word_l0_18.mp4           22  0.492429  ...    0.794436    0.069286         0.0
18  word_l0_18.mp4           23  0.492722  ...    0.769653    0.052816         0.0
19  word_l0_18.mp4           24  0.492671  ...    0.760517    0.057963         0.0
20  word_l0_18.mp4           25  0.492708  ...    0.756582    0.050440         0.0
21  word_l0_18.mp4           26  0.492703  ...    0.762254    0.076470         0.0
22  word_l0_18.mp4           27  0.493369  ...    0.765839    0.083794         0.0
23  word_l0_18.mp4           28  0.492877  ...    0.768822    0.097915         0.0
24  word_l0_18.mp4           29  0.493484  ...    0.775435    0.106689         0.0
25  word_l0_18.mp4           30  0.493254  ...    0.770768    0.107058         0.0
26  word_l0_18.mp4           31  0.492828  ...    0.764260    0.078531         0.0
27  word_l0_18.mp4           32  0.492762  ...    0.759952    0.053625         0.0
28  word_l0_18.mp4           33  0.492914  ...    0.739993    0.029853         0.0
29  word_l0_18.mp4           34  0.492168  ...    0.717833    0.014836         0.0
30  word_l0_18.mp4           35  0.491952  ...    0.687960    0.009579         0.0
31  word_l0_18.mp4           36  0.491772  ...    0.662427    0.014794         0.0
32  word_l0_18.mp4           37  0.491141  ...    0.640511    0.013116         0.0
33  word_l0_18.mp4           38  0.490825  ...    0.620217    0.008037         0.0
34  word_l0_18.mp4           39  0.490625  ...    0.602355    0.009911         0.0
35  word_l0_18.mp4           40  0.489954  ...    0.591495    0.008586         0.0
36  word_l0_18.mp4           41  0.489491  ...    0.581098    0.024202         0.0
37  word_l0_18.mp4           42  0.489107  ...    0.574109    0.011636         0.0
38  word_l0_18.mp4           43  0.488619  ...    0.575920    0.019026         0.0
39  word_l0_18.mp4           44  0.488366  ...    0.571712    0.014940         0.0
40  word_l0_18.mp4           45  0.488426  ...    0.571566    0.021758         0.0
41  word_l0_18.mp4           46  0.488395  ...    0.570867    0.024121         0.0
42  word_l0_18.mp4           47  0.487958  ...    0.571658    0.016994         0.0
43  word_l0_18.mp4           48  0.488964  ...    0.571886    0.028051         0.0
44  word_l0_18.mp4           49  0.488376  ...    0.573141    0.026680         0.0
45  word_l0_18.mp4           50  0.487646  ...    0.570468    0.019051         0.0
46  word_l0_18.mp4           51  0.488000  ...    0.570311    0.018453         0.0
47  word_l0_18.mp4           52  0.487808  ...    0.572785    0.011645         0.0
48  word_l0_18.mp4           53  0.488480  ...    0.572830    0.019312         0.0
49  word_l0_18.mp4           54  0.488885  ...    0.582159    0.020754         0.0
50  word_l0_18.mp4           55  0.489267  ...    0.593171    0.005781         0.0
51  word_l0_18.mp4           56  0.489732  ...    0.607115    0.008279         0.0
52  word_l0_18.mp4           57  0.490570  ...    0.614485    0.007263         0.0
53  word_l0_18.mp4           58  0.490758  ...    0.625721    0.021082         0.0
54  word_l0_18.mp4           59  0.490950  ...    0.637194    0.009504         0.0
55  word_l0_18.mp4           60  0.490957  ...    0.646099    0.015169         0.0
56  word_l0_18.mp4           61  0.490752  ...    0.654814    0.012164         0.0
57  word_l0_18.mp4           62  0.491321  ...    0.672725    0.001411         0.0
58  word_l0_18.mp4           63  0.491724  ...    0.689714   -0.003247         0.0
59  word_l0_18.mp4           64  0.491512  ...    0.709328    0.016937         0.0

[60 rows x 1958 columns]
Extracting features...
Face width computed for normalizaiton 0.1582930064241921
Features saved to: ../output/word_l0_18_features.csv
          fn_video  ... distance_r_hand6_r_hand10
0   word_l0_18.mp4  ...                  0.298605
1   word_l0_18.mp4  ...                  0.312446
2   word_l0_18.mp4  ...                  0.273242
3   word_l0_18.mp4  ...                  0.350062
4   word_l0_18.mp4  ...                  0.286951
5   word_l0_18.mp4  ...                  0.308419
6   word_l0_18.mp4  ...                  0.379634
7   word_l0_18.mp4  ...                  0.286489
8   word_l0_18.mp4  ...                  0.330251
9   word_l0_18.mp4  ...                  0.411794
10  word_l0_18.mp4  ...                  0.353225
11  word_l0_18.mp4  ...                  0.344201
12  word_l0_18.mp4  ...                  0.362619
13  word_l0_18.mp4  ...                  0.391889
14  word_l0_18.mp4  ...                  0.304150
15  word_l0_18.mp4  ...                  0.244382
16  word_l0_18.mp4  ...                  0.214697
17  word_l0_18.mp4  ...                  0.195086
18  word_l0_18.mp4  ...                  0.175949
19  word_l0_18.mp4  ...                  0.177211
20  word_l0_18.mp4  ...                  0.171394
21  word_l0_18.mp4  ...                  0.170357
22  word_l0_18.mp4  ...                  0.174482
23  word_l0_18.mp4  ...                  0.142314
24  word_l0_18.mp4  ...                  0.144438
25  word_l0_18.mp4  ...                  0.178388
26  word_l0_18.mp4  ...                  0.166124
27  word_l0_18.mp4  ...                  0.176150
28  word_l0_18.mp4  ...                  0.173163
29  word_l0_18.mp4  ...                  0.162015
30  word_l0_18.mp4  ...                  0.159291
31  word_l0_18.mp4  ...                  0.156938
32  word_l0_18.mp4  ...                  0.154368
33  word_l0_18.mp4  ...                  0.153416
34  word_l0_18.mp4  ...                  0.154488
35  word_l0_18.mp4  ...                  0.151295
36  word_l0_18.mp4  ...                  0.147517
37  word_l0_18.mp4  ...                  0.151852
38  word_l0_18.mp4  ...                  0.150737
39  word_l0_18.mp4  ...                  0.148840
40  word_l0_18.mp4  ...                  0.148862
41  word_l0_18.mp4  ...                  0.152671
42  word_l0_18.mp4  ...                  0.150561
43  word_l0_18.mp4  ...                  0.153820
44  word_l0_18.mp4  ...                  0.150483
45  word_l0_18.mp4  ...                  0.148644
46  word_l0_18.mp4  ...                  0.150908
47  word_l0_18.mp4  ...                  0.151074
48  word_l0_18.mp4  ...                  0.158093
49  word_l0_18.mp4  ...                  0.165153
50  word_l0_18.mp4  ...                  0.167900
51  word_l0_18.mp4  ...                  0.170181
52  word_l0_18.mp4  ...                  0.171280
53  word_l0_18.mp4  ...                  0.166171
54  word_l0_18.mp4  ...                  0.160219
55  word_l0_18.mp4  ...                  0.154659
56  word_l0_18.mp4  ...                  0.155560
57  word_l0_18.mp4  ...                  0.154303
58  word_l0_18.mp4  ...                  0.159318
59  word_l0_18.mp4  ...                  0.164655

[60 rows x 30 columns]
csv file with predictions was saved to ../output/predictions_rf_position_female_cropped_word_l0_18.csv
Loaded model: ../trained_models/model_rf_shape_female_cropped.pkl
Loaded video: ../stimuli/words/mp4/word_l0_18.mp4
Extracting coordinates...
          fn_video frame_number   x_face0  ...  y_r_hand20  z_r_hand20  v_r_hand20
0   word_l0_18.mp4            2  0.491205  ...    1.016566    0.007374         0.0
1   word_l0_18.mp4            3  0.490679  ...    0.988829    0.009896         0.0
2   word_l0_18.mp4            4  0.490665  ...    0.963941    0.011623         0.0
3   word_l0_18.mp4            5  0.491308  ...    0.929359    0.012533         0.0
4   word_l0_18.mp4            6  0.491174  ...    0.909085    0.011056         0.0
5   word_l0_18.mp4            7  0.491228  ...    0.900211    0.016363         0.0
6   word_l0_18.mp4            8  0.490795  ...    0.883121    0.023078         0.0
7   word_l0_18.mp4            9  0.490911  ...    0.874687    0.024367         0.0
8   word_l0_18.mp4           10  0.491039  ...    0.872610    0.029077         0.0
9   word_l0_18.mp4           11  0.490963  ...    0.858979    0.028566         0.0
10  word_l0_18.mp4           12  0.490784  ...    0.863266    0.026964         0.0
11  word_l0_18.mp4           13  0.490257  ...    0.860020    0.030096         0.0
12  word_l0_18.mp4           14  0.490126  ...    0.863666    0.034371         0.0
13  word_l0_18.mp4           18  0.491185  ...    0.862299    0.058103         0.0
14  word_l0_18.mp4           19  0.491754  ...    0.861184    0.052789         0.0
15  word_l0_18.mp4           20  0.491901  ...    0.840299    0.023233         0.0
16  word_l0_18.mp4           21  0.492006  ...    0.824145    0.058265         0.0
17  word_l0_18.mp4           22  0.492429  ...    0.794436    0.069286         0.0
18  word_l0_18.mp4           23  0.492722  ...    0.769653    0.052816         0.0
19  word_l0_18.mp4           24  0.492671  ...    0.760517    0.057963         0.0
20  word_l0_18.mp4           25  0.492708  ...    0.756582    0.050440         0.0
21  word_l0_18.mp4           26  0.492703  ...    0.762254    0.076470         0.0
22  word_l0_18.mp4           27  0.493369  ...    0.765839    0.083794         0.0
23  word_l0_18.mp4           28  0.492877  ...    0.768822    0.097915         0.0
24  word_l0_18.mp4           29  0.493484  ...    0.775435    0.106689         0.0
25  word_l0_18.mp4           30  0.493254  ...    0.770768    0.107058         0.0
26  word_l0_18.mp4           31  0.492828  ...    0.764260    0.078531         0.0
27  word_l0_18.mp4           32  0.492762  ...    0.759952    0.053625         0.0
28  word_l0_18.mp4           33  0.492914  ...    0.739993    0.029853         0.0
29  word_l0_18.mp4           34  0.492168  ...    0.717833    0.014836         0.0
30  word_l0_18.mp4           35  0.491952  ...    0.687960    0.009579         0.0
31  word_l0_18.mp4           36  0.491772  ...    0.662427    0.014794         0.0
32  word_l0_18.mp4           37  0.491141  ...    0.640511    0.013116         0.0
33  word_l0_18.mp4           38  0.490825  ...    0.620217    0.008037         0.0
34  word_l0_18.mp4           39  0.490625  ...    0.602355    0.009911         0.0
35  word_l0_18.mp4           40  0.489954  ...    0.591495    0.008586         0.0
36  word_l0_18.mp4           41  0.489491  ...    0.581098    0.024202         0.0
37  word_l0_18.mp4           42  0.489107  ...    0.574109    0.011636         0.0
38  word_l0_18.mp4           43  0.488619  ...    0.575920    0.019026         0.0
39  word_l0_18.mp4           44  0.488366  ...    0.571712    0.014940         0.0
40  word_l0_18.mp4           45  0.488426  ...    0.571566    0.021758         0.0
41  word_l0_18.mp4           46  0.488395  ...    0.570867    0.024121         0.0
42  word_l0_18.mp4           47  0.487958  ...    0.571658    0.016994         0.0
43  word_l0_18.mp4           48  0.488964  ...    0.571886    0.028051         0.0
44  word_l0_18.mp4           49  0.488376  ...    0.573141    0.026680         0.0
45  word_l0_18.mp4           50  0.487646  ...    0.570468    0.019051         0.0
46  word_l0_18.mp4           51  0.488000  ...    0.570311    0.018453         0.0
47  word_l0_18.mp4           52  0.487808  ...    0.572785    0.011645         0.0
48  word_l0_18.mp4           53  0.488480  ...    0.572830    0.019312         0.0
49  word_l0_18.mp4           54  0.488885  ...    0.582159    0.020754         0.0
50  word_l0_18.mp4           55  0.489267  ...    0.593171    0.005781         0.0
51  word_l0_18.mp4           56  0.489732  ...    0.607115    0.008279         0.0
52  word_l0_18.mp4           57  0.490570  ...    0.614485    0.007263         0.0
53  word_l0_18.mp4           58  0.490758  ...    0.625721    0.021082         0.0
54  word_l0_18.mp4           59  0.490950  ...    0.637194    0.009504         0.0
55  word_l0_18.mp4           60  0.490957  ...    0.646099    0.015169         0.0
56  word_l0_18.mp4           61  0.490752  ...    0.654814    0.012164         0.0
57  word_l0_18.mp4           62  0.491321  ...    0.672725    0.001411         0.0
58  word_l0_18.mp4           63  0.491724  ...    0.689714   -0.003247         0.0
59  word_l0_18.mp4           64  0.491512  ...    0.709328    0.016937         0.0

[60 rows x 1958 columns]
Extracting features...
Face width computed for normalizaiton 0.1582930064241921
Features saved to: ../output/word_l0_18_features.csv
          fn_video  ... distance_r_hand6_r_hand10
0   word_l0_18.mp4  ...                  0.298605
1   word_l0_18.mp4  ...                  0.312446
2   word_l0_18.mp4  ...                  0.273242
3   word_l0_18.mp4  ...                  0.350062
4   word_l0_18.mp4  ...                  0.286951
5   word_l0_18.mp4  ...                  0.308419
6   word_l0_18.mp4  ...                  0.379634
7   word_l0_18.mp4  ...                  0.286489
8   word_l0_18.mp4  ...                  0.330251
9   word_l0_18.mp4  ...                  0.411794
10  word_l0_18.mp4  ...                  0.353225
11  word_l0_18.mp4  ...                  0.344201
12  word_l0_18.mp4  ...                  0.362619
13  word_l0_18.mp4  ...                  0.391889
14  word_l0_18.mp4  ...                  0.304150
15  word_l0_18.mp4  ...                  0.244382
16  word_l0_18.mp4  ...                  0.214697
17  word_l0_18.mp4  ...                  0.195086
18  word_l0_18.mp4  ...                  0.175949
19  word_l0_18.mp4  ...                  0.177211
20  word_l0_18.mp4  ...                  0.171394
21  word_l0_18.mp4  ...                  0.170357
22  word_l0_18.mp4  ...                  0.174482
23  word_l0_18.mp4  ...                  0.142314
24  word_l0_18.mp4  ...                  0.144438
25  word_l0_18.mp4  ...                  0.178388
26  word_l0_18.mp4  ...                  0.166124
27  word_l0_18.mp4  ...                  0.176150
28  word_l0_18.mp4  ...                  0.173163
29  word_l0_18.mp4  ...                  0.162015
30  word_l0_18.mp4  ...                  0.159291
31  word_l0_18.mp4  ...                  0.156938
32  word_l0_18.mp4  ...                  0.154368
33  word_l0_18.mp4  ...                  0.153416
34  word_l0_18.mp4  ...                  0.154488
35  word_l0_18.mp4  ...                  0.151295
36  word_l0_18.mp4  ...                  0.147517
37  word_l0_18.mp4  ...                  0.151852
38  word_l0_18.mp4  ...                  0.150737
39  word_l0_18.mp4  ...                  0.148840
40  word_l0_18.mp4  ...                  0.148862
41  word_l0_18.mp4  ...                  0.152671
42  word_l0_18.mp4  ...                  0.150561
43  word_l0_18.mp4  ...                  0.153820
44  word_l0_18.mp4  ...                  0.150483
45  word_l0_18.mp4  ...                  0.148644
46  word_l0_18.mp4  ...                  0.150908
47  word_l0_18.mp4  ...                  0.151074
48  word_l0_18.mp4  ...                  0.158093
49  word_l0_18.mp4  ...                  0.165153
50  word_l0_18.mp4  ...                  0.167900
51  word_l0_18.mp4  ...                  0.170181
52  word_l0_18.mp4  ...                  0.171280
53  word_l0_18.mp4  ...                  0.166171
54  word_l0_18.mp4  ...                  0.160219
55  word_l0_18.mp4  ...                  0.154659
56  word_l0_18.mp4  ...                  0.155560
57  word_l0_18.mp4  ...                  0.154303
58  word_l0_18.mp4  ...                  0.159318
59  word_l0_18.mp4  ...                  0.164655

[60 rows x 30 columns]
csv file with predictions was saved to ../output/predictions_rf_shape_female_cropped_word_l0_18.csv
