python is /network/lustre/iss02/home/annahita.sarre/anaconda3/envs/myenv/bin/python
Loaded model: ../trained_models/model_rf_position_female_cropped.pkl
Loaded video: ../stimuli/words/mp4/word_h2_20.mp4
Extracting coordinates...
          fn_video frame_number   x_face0  ...  y_r_hand20  z_r_hand20  v_r_hand20
0   word_h2_20.mp4            2  0.500892  ...    0.993458    0.015084         0.0
1   word_h2_20.mp4            3  0.500092  ...    0.924801    0.000658         0.0
2   word_h2_20.mp4            4  0.500376  ...    0.897017    0.012036         0.0
3   word_h2_20.mp4            5  0.500082  ...    0.862421    0.013000         0.0
4   word_h2_20.mp4            6  0.499895  ...    0.824111    0.010636         0.0
5   word_h2_20.mp4            7  0.500196  ...    0.793645    0.008109         0.0
6   word_h2_20.mp4            8  0.500373  ...    0.756523    0.005484         0.0
7   word_h2_20.mp4            9  0.500165  ...    0.729825   -0.003379         0.0
8   word_h2_20.mp4           10  0.500558  ...    0.707463   -0.005487         0.0
9   word_h2_20.mp4           11  0.500428  ...    0.683400   -0.009754         0.0
10  word_h2_20.mp4           12  0.500508  ...    0.661785   -0.004598         0.0
11  word_h2_20.mp4           13  0.500746  ...    0.642737   -0.008290         0.0
12  word_h2_20.mp4           14  0.500914  ...    0.628546    0.016943         0.0
13  word_h2_20.mp4           15  0.500771  ...    0.615447    0.019365         0.0
14  word_h2_20.mp4           16  0.500737  ...    0.602345    0.009446         0.0
15  word_h2_20.mp4           17  0.500813  ...    0.589999    0.010695         0.0
16  word_h2_20.mp4           18  0.501038  ...    0.580652    0.016097         0.0
17  word_h2_20.mp4           19  0.500695  ...    0.572064    0.022213         0.0
18  word_h2_20.mp4           20  0.501030  ...    0.567517    0.013527         0.0
19  word_h2_20.mp4           21  0.501480  ...    0.563664    0.019376         0.0
20  word_h2_20.mp4           22  0.502095  ...    0.558610    0.018976         0.0
21  word_h2_20.mp4           23  0.501903  ...    0.558473    0.018240         0.0
22  word_h2_20.mp4           24  0.502051  ...    0.561516    0.017832         0.0
23  word_h2_20.mp4           25  0.502171  ...    0.567115    0.011718         0.0
24  word_h2_20.mp4           26  0.502103  ...    0.573304    0.002147         0.0
25  word_h2_20.mp4           27  0.502358  ...    0.578543    0.013780         0.0
26  word_h2_20.mp4           28  0.503081  ...    0.580163    0.015002         0.0
27  word_h2_20.mp4           29  0.503392  ...    0.582226    0.014502         0.0
28  word_h2_20.mp4           30  0.504517  ...    0.586932   -0.018890         0.0
29  word_h2_20.mp4           31  0.504482  ...    0.588202   -0.020392         0.0
30  word_h2_20.mp4           32  0.504188  ...    0.586459   -0.027675         0.0
31  word_h2_20.mp4           33  0.503291  ...    0.587264   -0.027315         0.0
32  word_h2_20.mp4           34  0.502914  ...    0.586407   -0.024148         0.0
33  word_h2_20.mp4           35  0.502383  ...    0.586620   -0.029209         0.0
34  word_h2_20.mp4           36  0.502304  ...    0.584212   -0.029946         0.0
35  word_h2_20.mp4           37  0.502485  ...    0.578047   -0.012996         0.0
36  word_h2_20.mp4           38  0.502452  ...    0.577452   -0.026297         0.0
37  word_h2_20.mp4           39  0.502311  ...    0.626056    0.024147         0.0
38  word_h2_20.mp4           40  0.502321  ...    0.675722    0.018834         0.0
39  word_h2_20.mp4           41  0.501844  ...    0.686256    0.018164         0.0
40  word_h2_20.mp4           42  0.502033  ...    0.693753    0.025212         0.0
41  word_h2_20.mp4           43  0.502028  ...    0.695458    0.025996         0.0
42  word_h2_20.mp4           44  0.501746  ...    0.697622    0.030560         0.0
43  word_h2_20.mp4           45  0.501755  ...    0.699214    0.031674         0.0
44  word_h2_20.mp4           46  0.501822  ...    0.698222    0.024853         0.0
45  word_h2_20.mp4           47  0.501936  ...    0.700201    0.029711         0.0
46  word_h2_20.mp4           48  0.501685  ...    0.699723    0.031011         0.0
47  word_h2_20.mp4           49  0.501846  ...    0.698954    0.028965         0.0
48  word_h2_20.mp4           50  0.501126  ...    0.699427    0.030123         0.0
49  word_h2_20.mp4           51  0.501199  ...    0.699146    0.028700         0.0
50  word_h2_20.mp4           52  0.501278  ...    0.700023    0.027170         0.0
51  word_h2_20.mp4           53  0.501265  ...    0.701015    0.035748         0.0
52  word_h2_20.mp4           54  0.500825  ...    0.701050    0.031597         0.0
53  word_h2_20.mp4           55  0.501035  ...    0.701040    0.041116         0.0

[54 rows x 1958 columns]
Extracting features...
Face width computed for normalizaiton 0.16057792281661973
Features saved to: ../output/word_h2_20_features.csv
          fn_video  ... distance_r_hand6_r_hand10
0   word_h2_20.mp4  ...                  0.229637
1   word_h2_20.mp4  ...                  0.221800
2   word_h2_20.mp4  ...                  0.201007
3   word_h2_20.mp4  ...                  0.179035
4   word_h2_20.mp4  ...                  0.171470
5   word_h2_20.mp4  ...                  0.156582
6   word_h2_20.mp4  ...                  0.161335
7   word_h2_20.mp4  ...                  0.150361
8   word_h2_20.mp4  ...                  0.155343
9   word_h2_20.mp4  ...                  0.147718
10  word_h2_20.mp4  ...                  0.154318
11  word_h2_20.mp4  ...                  0.155634
12  word_h2_20.mp4  ...                  0.178281
13  word_h2_20.mp4  ...                  0.196526
14  word_h2_20.mp4  ...                  0.199016
15  word_h2_20.mp4  ...                  0.181546
16  word_h2_20.mp4  ...                  0.222154
17  word_h2_20.mp4  ...                  0.213235
18  word_h2_20.mp4  ...                  0.210233
19  word_h2_20.mp4  ...                  0.205878
20  word_h2_20.mp4  ...                  0.212938
21  word_h2_20.mp4  ...                  0.217572
22  word_h2_20.mp4  ...                  0.210521
23  word_h2_20.mp4  ...                  0.197799
24  word_h2_20.mp4  ...                  0.194049
25  word_h2_20.mp4  ...                  0.187433
26  word_h2_20.mp4  ...                  0.177428
27  word_h2_20.mp4  ...                  0.163194
28  word_h2_20.mp4  ...                  0.144205
29  word_h2_20.mp4  ...                  0.128677
30  word_h2_20.mp4  ...                  0.125173
31  word_h2_20.mp4  ...                  0.125464
32  word_h2_20.mp4  ...                  0.123941
33  word_h2_20.mp4  ...                  0.122947
34  word_h2_20.mp4  ...                  0.123346
35  word_h2_20.mp4  ...                  0.140342
36  word_h2_20.mp4  ...                  0.169059
37  word_h2_20.mp4  ...                  0.226711
38  word_h2_20.mp4  ...                  0.285034
39  word_h2_20.mp4  ...                  0.265858
40  word_h2_20.mp4  ...                  0.262743
41  word_h2_20.mp4  ...                  0.257869
42  word_h2_20.mp4  ...                  0.257919
43  word_h2_20.mp4  ...                  0.257178
44  word_h2_20.mp4  ...                  0.260563
45  word_h2_20.mp4  ...                  0.263786
46  word_h2_20.mp4  ...                  0.258846
47  word_h2_20.mp4  ...                  0.260634
48  word_h2_20.mp4  ...                  0.261217
49  word_h2_20.mp4  ...                  0.256837
50  word_h2_20.mp4  ...                  0.251945
51  word_h2_20.mp4  ...                  0.243233
52  word_h2_20.mp4  ...                  0.231792
53  word_h2_20.mp4  ...                  0.219626

[54 rows x 30 columns]
csv file with predictions was saved to ../output/predictions_rf_position_female_cropped_word_h2_20.csv
Loaded model: ../trained_models/model_rf_shape_female_cropped.pkl
Loaded video: ../stimuli/words/mp4/word_h2_20.mp4
Extracting coordinates...
          fn_video frame_number   x_face0  ...  y_r_hand20  z_r_hand20  v_r_hand20
0   word_h2_20.mp4            2  0.500892  ...    0.993458    0.015084         0.0
1   word_h2_20.mp4            3  0.500092  ...    0.924801    0.000658         0.0
2   word_h2_20.mp4            4  0.500376  ...    0.897017    0.012036         0.0
3   word_h2_20.mp4            5  0.500082  ...    0.862421    0.013000         0.0
4   word_h2_20.mp4            6  0.499895  ...    0.824111    0.010636         0.0
5   word_h2_20.mp4            7  0.500196  ...    0.793645    0.008109         0.0
6   word_h2_20.mp4            8  0.500373  ...    0.756523    0.005484         0.0
7   word_h2_20.mp4            9  0.500165  ...    0.729825   -0.003379         0.0
8   word_h2_20.mp4           10  0.500558  ...    0.707463   -0.005487         0.0
9   word_h2_20.mp4           11  0.500428  ...    0.683400   -0.009754         0.0
10  word_h2_20.mp4           12  0.500508  ...    0.661785   -0.004598         0.0
11  word_h2_20.mp4           13  0.500746  ...    0.642737   -0.008290         0.0
12  word_h2_20.mp4           14  0.500914  ...    0.628546    0.016943         0.0
13  word_h2_20.mp4           15  0.500771  ...    0.615447    0.019365         0.0
14  word_h2_20.mp4           16  0.500737  ...    0.602345    0.009446         0.0
15  word_h2_20.mp4           17  0.500813  ...    0.589999    0.010695         0.0
16  word_h2_20.mp4           18  0.501038  ...    0.580652    0.016097         0.0
17  word_h2_20.mp4           19  0.500695  ...    0.572064    0.022213         0.0
18  word_h2_20.mp4           20  0.501030  ...    0.567517    0.013527         0.0
19  word_h2_20.mp4           21  0.501480  ...    0.563664    0.019376         0.0
20  word_h2_20.mp4           22  0.502095  ...    0.558610    0.018976         0.0
21  word_h2_20.mp4           23  0.501903  ...    0.558473    0.018240         0.0
22  word_h2_20.mp4           24  0.502051  ...    0.561516    0.017832         0.0
23  word_h2_20.mp4           25  0.502171  ...    0.567115    0.011718         0.0
24  word_h2_20.mp4           26  0.502103  ...    0.573304    0.002147         0.0
25  word_h2_20.mp4           27  0.502358  ...    0.578543    0.013780         0.0
26  word_h2_20.mp4           28  0.503081  ...    0.580163    0.015002         0.0
27  word_h2_20.mp4           29  0.503392  ...    0.582226    0.014502         0.0
28  word_h2_20.mp4           30  0.504517  ...    0.586932   -0.018890         0.0
29  word_h2_20.mp4           31  0.504482  ...    0.588202   -0.020392         0.0
30  word_h2_20.mp4           32  0.504188  ...    0.586459   -0.027675         0.0
31  word_h2_20.mp4           33  0.503291  ...    0.587264   -0.027315         0.0
32  word_h2_20.mp4           34  0.502914  ...    0.586407   -0.024148         0.0
33  word_h2_20.mp4           35  0.502383  ...    0.586620   -0.029209         0.0
34  word_h2_20.mp4           36  0.502304  ...    0.584212   -0.029946         0.0
35  word_h2_20.mp4           37  0.502485  ...    0.578047   -0.012996         0.0
36  word_h2_20.mp4           38  0.502452  ...    0.577452   -0.026297         0.0
37  word_h2_20.mp4           39  0.502311  ...    0.626056    0.024147         0.0
38  word_h2_20.mp4           40  0.502321  ...    0.675722    0.018834         0.0
39  word_h2_20.mp4           41  0.501844  ...    0.686256    0.018164         0.0
40  word_h2_20.mp4           42  0.502033  ...    0.693753    0.025212         0.0
41  word_h2_20.mp4           43  0.502028  ...    0.695458    0.025996         0.0
42  word_h2_20.mp4           44  0.501746  ...    0.697622    0.030560         0.0
43  word_h2_20.mp4           45  0.501755  ...    0.699214    0.031674         0.0
44  word_h2_20.mp4           46  0.501822  ...    0.698222    0.024853         0.0
45  word_h2_20.mp4           47  0.501936  ...    0.700201    0.029711         0.0
46  word_h2_20.mp4           48  0.501685  ...    0.699723    0.031011         0.0
47  word_h2_20.mp4           49  0.501846  ...    0.698954    0.028965         0.0
48  word_h2_20.mp4           50  0.501126  ...    0.699427    0.030123         0.0
49  word_h2_20.mp4           51  0.501199  ...    0.699146    0.028700         0.0
50  word_h2_20.mp4           52  0.501278  ...    0.700023    0.027170         0.0
51  word_h2_20.mp4           53  0.501265  ...    0.701015    0.035748         0.0
52  word_h2_20.mp4           54  0.500825  ...    0.701050    0.031597         0.0
53  word_h2_20.mp4           55  0.501035  ...    0.701040    0.041116         0.0

[54 rows x 1958 columns]
Extracting features...
Face width computed for normalizaiton 0.16057792281661973
Features saved to: ../output/word_h2_20_features.csv
          fn_video  ... distance_r_hand6_r_hand10
0   word_h2_20.mp4  ...                  0.229637
1   word_h2_20.mp4  ...                  0.221800
2   word_h2_20.mp4  ...                  0.201007
3   word_h2_20.mp4  ...                  0.179035
4   word_h2_20.mp4  ...                  0.171470
5   word_h2_20.mp4  ...                  0.156582
6   word_h2_20.mp4  ...                  0.161335
7   word_h2_20.mp4  ...                  0.150361
8   word_h2_20.mp4  ...                  0.155343
9   word_h2_20.mp4  ...                  0.147718
10  word_h2_20.mp4  ...                  0.154318
11  word_h2_20.mp4  ...                  0.155634
12  word_h2_20.mp4  ...                  0.178281
13  word_h2_20.mp4  ...                  0.196526
14  word_h2_20.mp4  ...                  0.199016
15  word_h2_20.mp4  ...                  0.181546
16  word_h2_20.mp4  ...                  0.222154
17  word_h2_20.mp4  ...                  0.213235
18  word_h2_20.mp4  ...                  0.210233
19  word_h2_20.mp4  ...                  0.205878
20  word_h2_20.mp4  ...                  0.212938
21  word_h2_20.mp4  ...                  0.217572
22  word_h2_20.mp4  ...                  0.210521
23  word_h2_20.mp4  ...                  0.197799
24  word_h2_20.mp4  ...                  0.194049
25  word_h2_20.mp4  ...                  0.187433
26  word_h2_20.mp4  ...                  0.177428
27  word_h2_20.mp4  ...                  0.163194
28  word_h2_20.mp4  ...                  0.144205
29  word_h2_20.mp4  ...                  0.128677
30  word_h2_20.mp4  ...                  0.125173
31  word_h2_20.mp4  ...                  0.125464
32  word_h2_20.mp4  ...                  0.123941
33  word_h2_20.mp4  ...                  0.122947
34  word_h2_20.mp4  ...                  0.123346
35  word_h2_20.mp4  ...                  0.140342
36  word_h2_20.mp4  ...                  0.169059
37  word_h2_20.mp4  ...                  0.226711
38  word_h2_20.mp4  ...                  0.285034
39  word_h2_20.mp4  ...                  0.265858
40  word_h2_20.mp4  ...                  0.262743
41  word_h2_20.mp4  ...                  0.257869
42  word_h2_20.mp4  ...                  0.257919
43  word_h2_20.mp4  ...                  0.257178
44  word_h2_20.mp4  ...                  0.260563
45  word_h2_20.mp4  ...                  0.263786
46  word_h2_20.mp4  ...                  0.258846
47  word_h2_20.mp4  ...                  0.260634
48  word_h2_20.mp4  ...                  0.261217
49  word_h2_20.mp4  ...                  0.256837
50  word_h2_20.mp4  ...                  0.251945
51  word_h2_20.mp4  ...                  0.243233
52  word_h2_20.mp4  ...                  0.231792
53  word_h2_20.mp4  ...                  0.219626

[54 rows x 30 columns]
csv file with predictions was saved to ../output/predictions_rf_shape_female_cropped_word_h2_20.csv
