python is /network/lustre/iss02/home/annahita.sarre/anaconda3/envs/myenv/bin/python
Loaded model: ../trained_models/model_rf_position_female_cropped.pkl
Loaded video: ../stimuli/words/mp4/word_h0_10.mp4
Extracting coordinates...
          fn_video frame_number   x_face0  ...  y_r_hand20  z_r_hand20  v_r_hand20
0   word_h0_10.mp4            2  0.507254  ...    0.973567   -0.005756         0.0
1   word_h0_10.mp4            3  0.507351  ...    0.937169   -0.009710         0.0
2   word_h0_10.mp4            4  0.507402  ...    1.000862   -0.010874         0.0
3   word_h0_10.mp4            5  0.507388  ...    0.983046   -0.001734         0.0
4   word_h0_10.mp4            6  0.506771  ...    0.943148    0.004202         0.0
..             ...          ...       ...  ...         ...         ...         ...
80  word_h0_10.mp4           82  0.499802  ...    0.754042    0.030930         0.0
81  word_h0_10.mp4           83  0.500512  ...    0.773731    0.033689         0.0
82  word_h0_10.mp4           84  0.500751  ...    0.792313    0.030107         0.0
83  word_h0_10.mp4           85  0.500878  ...    0.824168    0.038500         0.0
84  word_h0_10.mp4           86  0.501094  ...    0.846885    0.044362         0.0

[85 rows x 1958 columns]
Extracting features...
Face width computed for normalizaiton 0.1613265738059197
Features saved to: ../output/word_h0_10_features.csv
          fn_video  ... distance_r_hand6_r_hand10
0   word_h0_10.mp4  ...                  0.148280
1   word_h0_10.mp4  ...                  0.181419
2   word_h0_10.mp4  ...                  0.165951
3   word_h0_10.mp4  ...                  0.216861
4   word_h0_10.mp4  ...                  0.158966
..             ...  ...                       ...
80  word_h0_10.mp4  ...                  0.167295
81  word_h0_10.mp4  ...                  0.158328
82  word_h0_10.mp4  ...                  0.184899
83  word_h0_10.mp4  ...                  0.192861
84  word_h0_10.mp4  ...                  0.196255

[85 rows x 30 columns]
csv file with predictions was saved to ../output/predictions_rf_position_female_cropped_word_h0_10.csv
Loaded model: ../trained_models/model_rf_shape_female_cropped.pkl
Loaded video: ../stimuli/words/mp4/word_h0_10.mp4
Extracting coordinates...
          fn_video frame_number   x_face0  ...  y_r_hand20  z_r_hand20  v_r_hand20
0   word_h0_10.mp4            2  0.507254  ...    0.973567   -0.005756         0.0
1   word_h0_10.mp4            3  0.507351  ...    0.937169   -0.009710         0.0
2   word_h0_10.mp4            4  0.507402  ...    1.000862   -0.010874         0.0
3   word_h0_10.mp4            5  0.507388  ...    0.983046   -0.001734         0.0
4   word_h0_10.mp4            6  0.506771  ...    0.943148    0.004202         0.0
..             ...          ...       ...  ...         ...         ...         ...
80  word_h0_10.mp4           82  0.499802  ...    0.754042    0.030930         0.0
81  word_h0_10.mp4           83  0.500512  ...    0.773731    0.033689         0.0
82  word_h0_10.mp4           84  0.500751  ...    0.792313    0.030107         0.0
83  word_h0_10.mp4           85  0.500878  ...    0.824168    0.038500         0.0
84  word_h0_10.mp4           86  0.501094  ...    0.846885    0.044362         0.0

[85 rows x 1958 columns]
Extracting features...
Face width computed for normalizaiton 0.1613265738059197
Features saved to: ../output/word_h0_10_features.csv
          fn_video  ... distance_r_hand6_r_hand10
0   word_h0_10.mp4  ...                  0.148280
1   word_h0_10.mp4  ...                  0.181419
2   word_h0_10.mp4  ...                  0.165951
3   word_h0_10.mp4  ...                  0.216861
4   word_h0_10.mp4  ...                  0.158966
..             ...  ...                       ...
80  word_h0_10.mp4  ...                  0.167295
81  word_h0_10.mp4  ...                  0.158328
82  word_h0_10.mp4  ...                  0.184899
83  word_h0_10.mp4  ...                  0.192861
84  word_h0_10.mp4  ...                  0.196255

[85 rows x 30 columns]
csv file with predictions was saved to ../output/predictions_rf_shape_female_cropped_word_h0_10.csv
