python is /network/lustre/iss02/home/annahita.sarre/anaconda3/envs/myenv/bin/python
Loaded model: ../trained_models/model_rf_position_female_cropped.pkl
Loaded video: ../stimuli/words/mp4/word_h0_38.mp4
Extracting coordinates...
          fn_video frame_number   x_face0  ...  y_r_hand20  z_r_hand20  v_r_hand20
0   word_h0_38.mp4            4  0.499920  ...    1.030491    0.024209         0.0
1   word_h0_38.mp4            5  0.499036  ...    0.971851    0.033540         0.0
2   word_h0_38.mp4            6  0.498907  ...    0.912374    0.026761         0.0
3   word_h0_38.mp4            7  0.498674  ...    0.882095    0.016818         0.0
4   word_h0_38.mp4            8  0.498135  ...    0.836030    0.012101         0.0
..             ...          ...       ...  ...         ...         ...         ...
61  word_h0_38.mp4           65  0.501178  ...    0.640778   -0.008541         0.0
62  word_h0_38.mp4           66  0.500228  ...    0.657308   -0.008611         0.0
63  word_h0_38.mp4           67  0.500980  ...    0.677951   -0.004709         0.0
64  word_h0_38.mp4           68  0.500968  ...    0.699669    0.005098         0.0
65  word_h0_38.mp4           69  0.500938  ...    0.728243    0.022837         0.0

[66 rows x 1958 columns]
Extracting features...
Face width computed for normalizaiton 0.15958182725061212
Features saved to: ../output/word_h0_38_features.csv
          fn_video  ... distance_r_hand6_r_hand10
0   word_h0_38.mp4  ...                  0.217463
1   word_h0_38.mp4  ...                  0.231041
2   word_h0_38.mp4  ...                  0.205455
3   word_h0_38.mp4  ...                  0.244057
4   word_h0_38.mp4  ...                  0.277473
..             ...  ...                       ...
61  word_h0_38.mp4  ...                  0.152986
62  word_h0_38.mp4  ...                  0.157843
63  word_h0_38.mp4  ...                  0.165056
64  word_h0_38.mp4  ...                  0.163949
65  word_h0_38.mp4  ...                  0.184901

[66 rows x 30 columns]
csv file with predictions was saved to ../output/predictions_rf_position_female_cropped_word_h0_38.csv
Loaded model: ../trained_models/model_rf_shape_female_cropped.pkl
Loaded video: ../stimuli/words/mp4/word_h0_38.mp4
Extracting coordinates...
          fn_video frame_number   x_face0  ...  y_r_hand20  z_r_hand20  v_r_hand20
0   word_h0_38.mp4            4  0.499920  ...    1.030491    0.024209         0.0
1   word_h0_38.mp4            5  0.499036  ...    0.971851    0.033540         0.0
2   word_h0_38.mp4            6  0.498907  ...    0.912374    0.026761         0.0
3   word_h0_38.mp4            7  0.498674  ...    0.882095    0.016818         0.0
4   word_h0_38.mp4            8  0.498135  ...    0.836030    0.012101         0.0
..             ...          ...       ...  ...         ...         ...         ...
61  word_h0_38.mp4           65  0.501178  ...    0.640778   -0.008541         0.0
62  word_h0_38.mp4           66  0.500228  ...    0.657308   -0.008611         0.0
63  word_h0_38.mp4           67  0.500980  ...    0.677951   -0.004709         0.0
64  word_h0_38.mp4           68  0.500968  ...    0.699669    0.005098         0.0
65  word_h0_38.mp4           69  0.500938  ...    0.728243    0.022837         0.0

[66 rows x 1958 columns]
Extracting features...
Face width computed for normalizaiton 0.15958182725061212
Features saved to: ../output/word_h0_38_features.csv
          fn_video  ... distance_r_hand6_r_hand10
0   word_h0_38.mp4  ...                  0.217463
1   word_h0_38.mp4  ...                  0.231041
2   word_h0_38.mp4  ...                  0.205455
3   word_h0_38.mp4  ...                  0.244057
4   word_h0_38.mp4  ...                  0.277473
..             ...  ...                       ...
61  word_h0_38.mp4  ...                  0.152986
62  word_h0_38.mp4  ...                  0.157843
63  word_h0_38.mp4  ...                  0.165056
64  word_h0_38.mp4  ...                  0.163949
65  word_h0_38.mp4  ...                  0.184901

[66 rows x 30 columns]
csv file with predictions was saved to ../output/predictions_rf_shape_female_cropped_word_h0_38.csv
