python is /network/lustre/iss02/home/annahita.sarre/anaconda3/envs/myenv/bin/python
Loaded model: ../trained_models/model_rf_position_female_cropped.pkl
Loaded video: ../stimuli/words/mp4/word_h1_10.mp4
Extracting coordinates...
          fn_video frame_number   x_face0  ...  y_r_hand20  z_r_hand20  v_r_hand20
0   word_h1_10.mp4            3  0.505782  ...    1.110044   -0.010551         0.0
1   word_h1_10.mp4            4  0.505544  ...    1.028990    0.013109         0.0
2   word_h1_10.mp4            5  0.505392  ...    0.978053    0.007778         0.0
3   word_h1_10.mp4            6  0.504870  ...    0.928407   -0.004219         0.0
4   word_h1_10.mp4            7  0.503616  ...    0.885028   -0.001254         0.0
..             ...          ...       ...  ...         ...         ...         ...
61  word_h1_10.mp4           64  0.506791  ...    0.781987    0.022738         0.0
62  word_h1_10.mp4           65  0.506524  ...    0.825170    0.021827         0.0
63  word_h1_10.mp4           66  0.506943  ...    0.893587    0.028490         0.0
64  word_h1_10.mp4           67  0.507284  ...    0.934849    0.018623         0.0
65  word_h1_10.mp4           68  0.507156  ...    0.978727    0.018611         0.0

[66 rows x 1958 columns]
Extracting features...
Face width computed for normalizaiton 0.16154720473563225
Features saved to: ../output/word_h1_10_features.csv
          fn_video  ... distance_r_hand6_r_hand10
0   word_h1_10.mp4  ...                  0.314618
1   word_h1_10.mp4  ...                  0.261075
2   word_h1_10.mp4  ...                  0.248556
3   word_h1_10.mp4  ...                  0.194743
4   word_h1_10.mp4  ...                  0.210880
..             ...  ...                       ...
61  word_h1_10.mp4  ...                  0.226345
62  word_h1_10.mp4  ...                  0.279445
63  word_h1_10.mp4  ...                  0.250174
64  word_h1_10.mp4  ...                  0.234058
65  word_h1_10.mp4  ...                  0.217615

[66 rows x 30 columns]
csv file with predictions was saved to ../output/predictions_rf_position_female_cropped_word_h1_10.csv
Loaded model: ../trained_models/model_rf_shape_female_cropped.pkl
Loaded video: ../stimuli/words/mp4/word_h1_10.mp4
Extracting coordinates...
          fn_video frame_number   x_face0  ...  y_r_hand20  z_r_hand20  v_r_hand20
0   word_h1_10.mp4            3  0.505782  ...    1.110044   -0.010551         0.0
1   word_h1_10.mp4            4  0.505544  ...    1.028990    0.013109         0.0
2   word_h1_10.mp4            5  0.505392  ...    0.978053    0.007778         0.0
3   word_h1_10.mp4            6  0.504870  ...    0.928407   -0.004219         0.0
4   word_h1_10.mp4            7  0.503616  ...    0.885028   -0.001254         0.0
..             ...          ...       ...  ...         ...         ...         ...
61  word_h1_10.mp4           64  0.506791  ...    0.781987    0.022738         0.0
62  word_h1_10.mp4           65  0.506524  ...    0.825170    0.021827         0.0
63  word_h1_10.mp4           66  0.506943  ...    0.893587    0.028490         0.0
64  word_h1_10.mp4           67  0.507284  ...    0.934849    0.018623         0.0
65  word_h1_10.mp4           68  0.507156  ...    0.978727    0.018611         0.0

[66 rows x 1958 columns]
Extracting features...
Face width computed for normalizaiton 0.16154720473563225
Features saved to: ../output/word_h1_10_features.csv
          fn_video  ... distance_r_hand6_r_hand10
0   word_h1_10.mp4  ...                  0.314618
1   word_h1_10.mp4  ...                  0.261075
2   word_h1_10.mp4  ...                  0.248556
3   word_h1_10.mp4  ...                  0.194743
4   word_h1_10.mp4  ...                  0.210880
..             ...  ...                       ...
61  word_h1_10.mp4  ...                  0.226345
62  word_h1_10.mp4  ...                  0.279445
63  word_h1_10.mp4  ...                  0.250174
64  word_h1_10.mp4  ...                  0.234058
65  word_h1_10.mp4  ...                  0.217615

[66 rows x 30 columns]
csv file with predictions was saved to ../output/predictions_rf_shape_female_cropped_word_h1_10.csv
