python is /network/lustre/iss02/home/annahita.sarre/anaconda3/envs/myenv/bin/python
Loaded model: ../trained_models/model_rf_position_female_cropped.pkl
Loaded video: ../stimuli/words/mp4/word_l1_27.mp4
Extracting coordinates...
          fn_video frame_number   x_face0  ...  y_r_hand20  z_r_hand20  v_r_hand20
0   word_l1_27.mp4            1  0.497147  ...    0.865588    0.018867         0.0
1   word_l1_27.mp4            2  0.496697  ...    0.837539    0.023405         0.0
2   word_l1_27.mp4            3  0.495978  ...    0.811768    0.024588         0.0
3   word_l1_27.mp4            4  0.495003  ...    0.784952    0.045257         0.0
4   word_l1_27.mp4            5  0.494662  ...    0.745119    0.053289         0.0
5   word_l1_27.mp4            6  0.494583  ...    0.726014    0.050226         0.0
6   word_l1_27.mp4            7  0.494743  ...    0.706081    0.067882         0.0
7   word_l1_27.mp4            8  0.494465  ...    0.694187    0.049026         0.0
8   word_l1_27.mp4            9  0.494663  ...    0.673132    0.040038         0.0
9   word_l1_27.mp4           10  0.494477  ...    0.645945    0.020402         0.0
10  word_l1_27.mp4           11  0.494610  ...    0.622205    0.013689         0.0
11  word_l1_27.mp4           12  0.494336  ...    0.610371    0.007701         0.0
12  word_l1_27.mp4           13  0.494789  ...    0.596030    0.001849         0.0
13  word_l1_27.mp4           14  0.494938  ...    0.586841    0.004751         0.0
14  word_l1_27.mp4           15  0.495081  ...    0.577842    0.002464         0.0
15  word_l1_27.mp4           16  0.495111  ...    0.568057   -0.000048         0.0
16  word_l1_27.mp4           17  0.494678  ...    0.559802   -0.001128         0.0
17  word_l1_27.mp4           18  0.494525  ...    0.554431   -0.011705         0.0
18  word_l1_27.mp4           19  0.494113  ...    0.554883   -0.016183         0.0
19  word_l1_27.mp4           20  0.494130  ...    0.555083   -0.016177         0.0
20  word_l1_27.mp4           21  0.493929  ...    0.556105   -0.023077         0.0
21  word_l1_27.mp4           22  0.493983  ...    0.558129   -0.020271         0.0
22  word_l1_27.mp4           23  0.493879  ...    0.560204   -0.024935         0.0
23  word_l1_27.mp4           24  0.493841  ...    0.563199   -0.025553         0.0
24  word_l1_27.mp4           25  0.494072  ...    0.563924   -0.024254         0.0
25  word_l1_27.mp4           26  0.494129  ...    0.563812   -0.027396         0.0
26  word_l1_27.mp4           27  0.494210  ...    0.567577   -0.026253         0.0
27  word_l1_27.mp4           28  0.494177  ...    0.576793   -0.013921         0.0
28  word_l1_27.mp4           29  0.494233  ...    0.645184    0.007867         0.0
29  word_l1_27.mp4           30  0.494712  ...    0.702601   -0.003947         0.0
30  word_l1_27.mp4           31  0.495003  ...    0.709958   -0.007565         0.0
31  word_l1_27.mp4           32  0.494763  ...    0.714191   -0.004742         0.0
32  word_l1_27.mp4           33  0.494605  ...    0.716281   -0.004194         0.0
33  word_l1_27.mp4           34  0.494201  ...    0.715037   -0.006916         0.0
34  word_l1_27.mp4           35  0.494200  ...    0.711136   -0.009112         0.0
35  word_l1_27.mp4           36  0.493592  ...    0.643875   -0.002089         0.0
36  word_l1_27.mp4           37  0.493313  ...    0.604391   -0.013353         0.0
37  word_l1_27.mp4           38  0.493353  ...    0.578032   -0.020295         0.0
38  word_l1_27.mp4           39  0.493624  ...    0.571603   -0.018041         0.0
39  word_l1_27.mp4           40  0.493294  ...    0.573290   -0.020845         0.0
40  word_l1_27.mp4           41  0.493183  ...    0.571141   -0.030289         0.0
41  word_l1_27.mp4           42  0.493218  ...    0.573734   -0.031090         0.0
42  word_l1_27.mp4           43  0.493082  ...    0.573615   -0.033010         0.0
43  word_l1_27.mp4           44  0.493009  ...    0.576464   -0.030891         0.0
44  word_l1_27.mp4           45  0.493317  ...    0.576301   -0.029735         0.0
45  word_l1_27.mp4           46  0.493674  ...    0.575469   -0.030990         0.0
46  word_l1_27.mp4           47  0.492670  ...    0.576745   -0.033673         0.0
47  word_l1_27.mp4           48  0.492329  ...    0.574454   -0.031864         0.0
48  word_l1_27.mp4           49  0.492010  ...    0.575307   -0.032081         0.0
49  word_l1_27.mp4           50  0.491837  ...    0.577406   -0.036262         0.0
50  word_l1_27.mp4           51  0.492067  ...    0.575461   -0.027508         0.0
51  word_l1_27.mp4           52  0.491758  ...    0.577293   -0.031857         0.0
52  word_l1_27.mp4           53  0.491748  ...    0.579795   -0.025116         0.0
53  word_l1_27.mp4           54  0.491416  ...    0.580041   -0.029162         0.0
54  word_l1_27.mp4           55  0.491370  ...    0.582486   -0.021664         0.0
55  word_l1_27.mp4           56  0.491045  ...    0.615528    0.004228         0.0
56  word_l1_27.mp4           57  0.490773  ...    0.638475    0.004569         0.0
57  word_l1_27.mp4           58  0.490755  ...    0.684171   -0.002405         0.0

[58 rows x 1958 columns]
Extracting features...
Face width computed for normalizaiton 0.15424470778278146
Features saved to: ../output/word_l1_27_features.csv
          fn_video  ... distance_r_hand6_r_hand10
0   word_l1_27.mp4  ...                  0.221937
1   word_l1_27.mp4  ...                  0.215841
2   word_l1_27.mp4  ...                  0.201875
3   word_l1_27.mp4  ...                  0.208349
4   word_l1_27.mp4  ...                  0.179736
5   word_l1_27.mp4  ...                  0.184186
6   word_l1_27.mp4  ...                  0.184456
7   word_l1_27.mp4  ...                  0.191930
8   word_l1_27.mp4  ...                  0.197216
9   word_l1_27.mp4  ...                  0.199485
10  word_l1_27.mp4  ...                  0.188556
11  word_l1_27.mp4  ...                  0.172188
12  word_l1_27.mp4  ...                  0.183384
13  word_l1_27.mp4  ...                  0.194768
14  word_l1_27.mp4  ...                  0.210787
15  word_l1_27.mp4  ...                  0.203403
16  word_l1_27.mp4  ...                  0.198284
17  word_l1_27.mp4  ...                  0.155829
18  word_l1_27.mp4  ...                  0.152033
19  word_l1_27.mp4  ...                  0.159400
20  word_l1_27.mp4  ...                  0.144783
21  word_l1_27.mp4  ...                  0.147972
22  word_l1_27.mp4  ...                  0.137590
23  word_l1_27.mp4  ...                  0.138691
24  word_l1_27.mp4  ...                  0.140100
25  word_l1_27.mp4  ...                  0.174034
26  word_l1_27.mp4  ...                  0.181591
27  word_l1_27.mp4  ...                  0.123899
28  word_l1_27.mp4  ...                  0.161026
29  word_l1_27.mp4  ...                  0.331713
30  word_l1_27.mp4  ...                  0.333115
31  word_l1_27.mp4  ...                  0.333431
32  word_l1_27.mp4  ...                  0.324963
33  word_l1_27.mp4  ...                  0.332691
34  word_l1_27.mp4  ...                  0.335476
35  word_l1_27.mp4  ...                  0.290746
36  word_l1_27.mp4  ...                  0.217040
37  word_l1_27.mp4  ...                  0.167232
38  word_l1_27.mp4  ...                  0.135698
39  word_l1_27.mp4  ...                  0.126447
40  word_l1_27.mp4  ...                  0.129117
41  word_l1_27.mp4  ...                  0.136469
42  word_l1_27.mp4  ...                  0.128367
43  word_l1_27.mp4  ...                  0.133553
44  word_l1_27.mp4  ...                  0.127124
45  word_l1_27.mp4  ...                  0.122134
46  word_l1_27.mp4  ...                  0.120172
47  word_l1_27.mp4  ...                  0.112038
48  word_l1_27.mp4  ...                  0.113019
49  word_l1_27.mp4  ...                  0.115851
50  word_l1_27.mp4  ...                  0.123333
51  word_l1_27.mp4  ...                  0.128304
52  word_l1_27.mp4  ...                  0.154207
53  word_l1_27.mp4  ...                  0.183954
54  word_l1_27.mp4  ...                  0.161429
55  word_l1_27.mp4  ...                  0.151133
56  word_l1_27.mp4  ...                  0.155664
57  word_l1_27.mp4  ...                  0.155346

[58 rows x 30 columns]
csv file with predictions was saved to ../output/predictions_rf_position_female_cropped_word_l1_27.csv
Loaded model: ../trained_models/model_rf_shape_female_cropped.pkl
Loaded video: ../stimuli/words/mp4/word_l1_27.mp4
Extracting coordinates...
          fn_video frame_number   x_face0  ...  y_r_hand20  z_r_hand20  v_r_hand20
0   word_l1_27.mp4            1  0.497147  ...    0.865588    0.018867         0.0
1   word_l1_27.mp4            2  0.496697  ...    0.837539    0.023405         0.0
2   word_l1_27.mp4            3  0.495978  ...    0.811768    0.024588         0.0
3   word_l1_27.mp4            4  0.495003  ...    0.784952    0.045257         0.0
4   word_l1_27.mp4            5  0.494662  ...    0.745119    0.053289         0.0
5   word_l1_27.mp4            6  0.494583  ...    0.726014    0.050226         0.0
6   word_l1_27.mp4            7  0.494743  ...    0.706081    0.067882         0.0
7   word_l1_27.mp4            8  0.494465  ...    0.694187    0.049026         0.0
8   word_l1_27.mp4            9  0.494663  ...    0.673132    0.040038         0.0
9   word_l1_27.mp4           10  0.494477  ...    0.645945    0.020402         0.0
10  word_l1_27.mp4           11  0.494610  ...    0.622205    0.013689         0.0
11  word_l1_27.mp4           12  0.494336  ...    0.610371    0.007701         0.0
12  word_l1_27.mp4           13  0.494789  ...    0.596030    0.001849         0.0
13  word_l1_27.mp4           14  0.494938  ...    0.586841    0.004751         0.0
14  word_l1_27.mp4           15  0.495081  ...    0.577842    0.002464         0.0
15  word_l1_27.mp4           16  0.495111  ...    0.568057   -0.000048         0.0
16  word_l1_27.mp4           17  0.494678  ...    0.559802   -0.001128         0.0
17  word_l1_27.mp4           18  0.494525  ...    0.554431   -0.011705         0.0
18  word_l1_27.mp4           19  0.494113  ...    0.554883   -0.016183         0.0
19  word_l1_27.mp4           20  0.494130  ...    0.555083   -0.016177         0.0
20  word_l1_27.mp4           21  0.493929  ...    0.556105   -0.023077         0.0
21  word_l1_27.mp4           22  0.493983  ...    0.558129   -0.020271         0.0
22  word_l1_27.mp4           23  0.493879  ...    0.560204   -0.024935         0.0
23  word_l1_27.mp4           24  0.493841  ...    0.563199   -0.025553         0.0
24  word_l1_27.mp4           25  0.494072  ...    0.563924   -0.024254         0.0
25  word_l1_27.mp4           26  0.494129  ...    0.563812   -0.027396         0.0
26  word_l1_27.mp4           27  0.494210  ...    0.567577   -0.026253         0.0
27  word_l1_27.mp4           28  0.494177  ...    0.576793   -0.013921         0.0
28  word_l1_27.mp4           29  0.494233  ...    0.645184    0.007867         0.0
29  word_l1_27.mp4           30  0.494712  ...    0.702601   -0.003947         0.0
30  word_l1_27.mp4           31  0.495003  ...    0.709958   -0.007565         0.0
31  word_l1_27.mp4           32  0.494763  ...    0.714191   -0.004742         0.0
32  word_l1_27.mp4           33  0.494605  ...    0.716281   -0.004194         0.0
33  word_l1_27.mp4           34  0.494201  ...    0.715037   -0.006916         0.0
34  word_l1_27.mp4           35  0.494200  ...    0.711136   -0.009112         0.0
35  word_l1_27.mp4           36  0.493592  ...    0.643875   -0.002089         0.0
36  word_l1_27.mp4           37  0.493313  ...    0.604391   -0.013353         0.0
37  word_l1_27.mp4           38  0.493353  ...    0.578032   -0.020295         0.0
38  word_l1_27.mp4           39  0.493624  ...    0.571603   -0.018041         0.0
39  word_l1_27.mp4           40  0.493294  ...    0.573290   -0.020845         0.0
40  word_l1_27.mp4           41  0.493183  ...    0.571141   -0.030289         0.0
41  word_l1_27.mp4           42  0.493218  ...    0.573734   -0.031090         0.0
42  word_l1_27.mp4           43  0.493082  ...    0.573615   -0.033010         0.0
43  word_l1_27.mp4           44  0.493009  ...    0.576464   -0.030891         0.0
44  word_l1_27.mp4           45  0.493317  ...    0.576301   -0.029735         0.0
45  word_l1_27.mp4           46  0.493674  ...    0.575469   -0.030990         0.0
46  word_l1_27.mp4           47  0.492670  ...    0.576745   -0.033673         0.0
47  word_l1_27.mp4           48  0.492329  ...    0.574454   -0.031864         0.0
48  word_l1_27.mp4           49  0.492010  ...    0.575307   -0.032081         0.0
49  word_l1_27.mp4           50  0.491837  ...    0.577406   -0.036262         0.0
50  word_l1_27.mp4           51  0.492067  ...    0.575461   -0.027508         0.0
51  word_l1_27.mp4           52  0.491758  ...    0.577293   -0.031857         0.0
52  word_l1_27.mp4           53  0.491748  ...    0.579795   -0.025116         0.0
53  word_l1_27.mp4           54  0.491416  ...    0.580041   -0.029162         0.0
54  word_l1_27.mp4           55  0.491370  ...    0.582486   -0.021664         0.0
55  word_l1_27.mp4           56  0.491045  ...    0.615528    0.004228         0.0
56  word_l1_27.mp4           57  0.490773  ...    0.638475    0.004569         0.0
57  word_l1_27.mp4           58  0.490755  ...    0.684171   -0.002405         0.0

[58 rows x 1958 columns]
Extracting features...
Face width computed for normalizaiton 0.15424470778278146
Features saved to: ../output/word_l1_27_features.csv
          fn_video  ... distance_r_hand6_r_hand10
0   word_l1_27.mp4  ...                  0.221937
1   word_l1_27.mp4  ...                  0.215841
2   word_l1_27.mp4  ...                  0.201875
3   word_l1_27.mp4  ...                  0.208349
4   word_l1_27.mp4  ...                  0.179736
5   word_l1_27.mp4  ...                  0.184186
6   word_l1_27.mp4  ...                  0.184456
7   word_l1_27.mp4  ...                  0.191930
8   word_l1_27.mp4  ...                  0.197216
9   word_l1_27.mp4  ...                  0.199485
10  word_l1_27.mp4  ...                  0.188556
11  word_l1_27.mp4  ...                  0.172188
12  word_l1_27.mp4  ...                  0.183384
13  word_l1_27.mp4  ...                  0.194768
14  word_l1_27.mp4  ...                  0.210787
15  word_l1_27.mp4  ...                  0.203403
16  word_l1_27.mp4  ...                  0.198284
17  word_l1_27.mp4  ...                  0.155829
18  word_l1_27.mp4  ...                  0.152033
19  word_l1_27.mp4  ...                  0.159400
20  word_l1_27.mp4  ...                  0.144783
21  word_l1_27.mp4  ...                  0.147972
22  word_l1_27.mp4  ...                  0.137590
23  word_l1_27.mp4  ...                  0.138691
24  word_l1_27.mp4  ...                  0.140100
25  word_l1_27.mp4  ...                  0.174034
26  word_l1_27.mp4  ...                  0.181591
27  word_l1_27.mp4  ...                  0.123899
28  word_l1_27.mp4  ...                  0.161026
29  word_l1_27.mp4  ...                  0.331713
30  word_l1_27.mp4  ...                  0.333115
31  word_l1_27.mp4  ...                  0.333431
32  word_l1_27.mp4  ...                  0.324963
33  word_l1_27.mp4  ...                  0.332691
34  word_l1_27.mp4  ...                  0.335476
35  word_l1_27.mp4  ...                  0.290746
36  word_l1_27.mp4  ...                  0.217040
37  word_l1_27.mp4  ...                  0.167232
38  word_l1_27.mp4  ...                  0.135698
39  word_l1_27.mp4  ...                  0.126447
40  word_l1_27.mp4  ...                  0.129117
41  word_l1_27.mp4  ...                  0.136469
42  word_l1_27.mp4  ...                  0.128367
43  word_l1_27.mp4  ...                  0.133553
44  word_l1_27.mp4  ...                  0.127124
45  word_l1_27.mp4  ...                  0.122134
46  word_l1_27.mp4  ...                  0.120172
47  word_l1_27.mp4  ...                  0.112038
48  word_l1_27.mp4  ...                  0.113019
49  word_l1_27.mp4  ...                  0.115851
50  word_l1_27.mp4  ...                  0.123333
51  word_l1_27.mp4  ...                  0.128304
52  word_l1_27.mp4  ...                  0.154207
53  word_l1_27.mp4  ...                  0.183954
54  word_l1_27.mp4  ...                  0.161429
55  word_l1_27.mp4  ...                  0.151133
56  word_l1_27.mp4  ...                  0.155664
57  word_l1_27.mp4  ...                  0.155346

[58 rows x 30 columns]
csv file with predictions was saved to ../output/predictions_rf_shape_female_cropped_word_l1_27.csv
