python is /network/lustre/iss02/home/annahita.sarre/anaconda3/envs/myenv/bin/python
Loaded model: ../trained_models/model_rf_position_female_cropped.pkl
Loaded video: ../stimuli/words/mp4/word_h1_08.mp4
Extracting coordinates...
          fn_video frame_number   x_face0  ...  y_r_hand20  z_r_hand20  v_r_hand20
0   word_h1_08.mp4            3  0.507423  ...    1.017277    0.012144         0.0
1   word_h1_08.mp4            4  0.507361  ...    0.950884   -0.003898         0.0
2   word_h1_08.mp4            5  0.508006  ...    0.918494    0.003961         0.0
3   word_h1_08.mp4            6  0.508209  ...    0.891604    0.003423         0.0
4   word_h1_08.mp4            7  0.508504  ...    0.863805    0.006186         0.0
..             ...          ...       ...  ...         ...         ...         ...
65  word_h1_08.mp4           68  0.510038  ...    0.728817    0.011191         0.0
66  word_h1_08.mp4           69  0.511258  ...    0.808275    0.000702         0.0
67  word_h1_08.mp4           70  0.511108  ...    0.885057   -0.005086         0.0
68  word_h1_08.mp4           71  0.512221  ...    0.961265   -0.007600         0.0
69  word_h1_08.mp4           72  0.512040  ...    1.020007   -0.005329         0.0

[70 rows x 1958 columns]
Extracting features...
Face width computed for normalizaiton 0.16117552601710408
Features saved to: ../output/word_h1_08_features.csv
          fn_video  ... distance_r_hand6_r_hand10
0   word_h1_08.mp4  ...                  0.260958
1   word_h1_08.mp4  ...                  0.217320
2   word_h1_08.mp4  ...                  0.219753
3   word_h1_08.mp4  ...                  0.224713
4   word_h1_08.mp4  ...                  0.216845
..             ...  ...                       ...
65  word_h1_08.mp4  ...                  0.192815
66  word_h1_08.mp4  ...                  0.201991
67  word_h1_08.mp4  ...                  0.221103
68  word_h1_08.mp4  ...                  0.226020
69  word_h1_08.mp4  ...                  0.224936

[70 rows x 30 columns]
csv file with predictions was saved to ../output/predictions_rf_position_female_cropped_word_h1_08.csv
Loaded model: ../trained_models/model_rf_shape_female_cropped.pkl
Loaded video: ../stimuli/words/mp4/word_h1_08.mp4
Extracting coordinates...
          fn_video frame_number   x_face0  ...  y_r_hand20  z_r_hand20  v_r_hand20
0   word_h1_08.mp4            3  0.507423  ...    1.017277    0.012144         0.0
1   word_h1_08.mp4            4  0.507361  ...    0.950884   -0.003898         0.0
2   word_h1_08.mp4            5  0.508006  ...    0.918494    0.003961         0.0
3   word_h1_08.mp4            6  0.508209  ...    0.891604    0.003423         0.0
4   word_h1_08.mp4            7  0.508504  ...    0.863805    0.006186         0.0
..             ...          ...       ...  ...         ...         ...         ...
65  word_h1_08.mp4           68  0.510038  ...    0.728817    0.011191         0.0
66  word_h1_08.mp4           69  0.511258  ...    0.808275    0.000702         0.0
67  word_h1_08.mp4           70  0.511108  ...    0.885057   -0.005086         0.0
68  word_h1_08.mp4           71  0.512221  ...    0.961265   -0.007600         0.0
69  word_h1_08.mp4           72  0.512040  ...    1.020007   -0.005329         0.0

[70 rows x 1958 columns]
Extracting features...
Face width computed for normalizaiton 0.16117552601710408
Features saved to: ../output/word_h1_08_features.csv
          fn_video  ... distance_r_hand6_r_hand10
0   word_h1_08.mp4  ...                  0.260958
1   word_h1_08.mp4  ...                  0.217320
2   word_h1_08.mp4  ...                  0.219753
3   word_h1_08.mp4  ...                  0.224713
4   word_h1_08.mp4  ...                  0.216845
..             ...  ...                       ...
65  word_h1_08.mp4  ...                  0.192815
66  word_h1_08.mp4  ...                  0.201991
67  word_h1_08.mp4  ...                  0.221103
68  word_h1_08.mp4  ...                  0.226020
69  word_h1_08.mp4  ...                  0.224936

[70 rows x 30 columns]
csv file with predictions was saved to ../output/predictions_rf_shape_female_cropped_word_h1_08.csv
