python is /network/lustre/iss02/home/annahita.sarre/anaconda3/envs/myenv/bin/python
Loaded model: ../trained_models/model_rf_position_female_cropped.pkl
Loaded video: ../stimuli/words/mp4/word_l0_33.mp4
Extracting coordinates...
          fn_video frame_number   x_face0  ...  y_r_hand20  z_r_hand20  v_r_hand20
0   word_l0_33.mp4            2  0.495289  ...    0.941392    0.033744         0.0
1   word_l0_33.mp4            3  0.494329  ...    0.902800    0.020687         0.0
2   word_l0_33.mp4            4  0.493908  ...    0.866145    0.022008         0.0
3   word_l0_33.mp4            5  0.494043  ...    0.835124    0.028885         0.0
4   word_l0_33.mp4            6  0.494185  ...    0.798019    0.030965         0.0
..             ...          ...       ...  ...         ...         ...         ...
60  word_l0_33.mp4           62  0.493495  ...    0.656217    0.001124         0.0
61  word_l0_33.mp4           63  0.493921  ...    0.698649    0.007145         0.0
62  word_l0_33.mp4           64  0.493935  ...    0.719042    0.013848         0.0
63  word_l0_33.mp4           65  0.493708  ...    0.745341    0.014308         0.0
64  word_l0_33.mp4           66  0.494418  ...    0.771828    0.014756         0.0

[65 rows x 1958 columns]
Extracting features...
Face width computed for normalizaiton 0.15696537104134997
Features saved to: ../output/word_l0_33_features.csv
          fn_video  ... distance_r_hand6_r_hand10
0   word_l0_33.mp4  ...                  0.229471
1   word_l0_33.mp4  ...                  0.223902
2   word_l0_33.mp4  ...                  0.208623
3   word_l0_33.mp4  ...                  0.201865
4   word_l0_33.mp4  ...                  0.193750
..             ...  ...                       ...
60  word_l0_33.mp4  ...                  0.164609
61  word_l0_33.mp4  ...                  0.164618
62  word_l0_33.mp4  ...                  0.167657
63  word_l0_33.mp4  ...                  0.180110
64  word_l0_33.mp4  ...                  0.200696

[65 rows x 30 columns]
csv file with predictions was saved to ../output/predictions_rf_position_female_cropped_word_l0_33.csv
Loaded model: ../trained_models/model_rf_shape_female_cropped.pkl
Loaded video: ../stimuli/words/mp4/word_l0_33.mp4
Extracting coordinates...
          fn_video frame_number   x_face0  ...  y_r_hand20  z_r_hand20  v_r_hand20
0   word_l0_33.mp4            2  0.495289  ...    0.941392    0.033744         0.0
1   word_l0_33.mp4            3  0.494329  ...    0.902800    0.020687         0.0
2   word_l0_33.mp4            4  0.493908  ...    0.866145    0.022008         0.0
3   word_l0_33.mp4            5  0.494043  ...    0.835124    0.028885         0.0
4   word_l0_33.mp4            6  0.494185  ...    0.798019    0.030965         0.0
..             ...          ...       ...  ...         ...         ...         ...
60  word_l0_33.mp4           62  0.493495  ...    0.656217    0.001124         0.0
61  word_l0_33.mp4           63  0.493921  ...    0.698649    0.007145         0.0
62  word_l0_33.mp4           64  0.493935  ...    0.719042    0.013848         0.0
63  word_l0_33.mp4           65  0.493708  ...    0.745341    0.014308         0.0
64  word_l0_33.mp4           66  0.494418  ...    0.771828    0.014756         0.0

[65 rows x 1958 columns]
Extracting features...
Face width computed for normalizaiton 0.15696537104134997
Features saved to: ../output/word_l0_33_features.csv
          fn_video  ... distance_r_hand6_r_hand10
0   word_l0_33.mp4  ...                  0.229471
1   word_l0_33.mp4  ...                  0.223902
2   word_l0_33.mp4  ...                  0.208623
3   word_l0_33.mp4  ...                  0.201865
4   word_l0_33.mp4  ...                  0.193750
..             ...  ...                       ...
60  word_l0_33.mp4  ...                  0.164609
61  word_l0_33.mp4  ...                  0.164618
62  word_l0_33.mp4  ...                  0.167657
63  word_l0_33.mp4  ...                  0.180110
64  word_l0_33.mp4  ...                  0.200696

[65 rows x 30 columns]
csv file with predictions was saved to ../output/predictions_rf_shape_female_cropped_word_l0_33.csv
