python is /network/lustre/iss02/home/annahita.sarre/anaconda3/envs/myenv/bin/python
Loaded model: ../trained_models/model_rf_position_female_cropped.pkl
Loaded video: ../stimuli/words/mp4/word_l1_14.mp4
Extracting coordinates...
          fn_video frame_number   x_face0  ...  y_r_hand20  z_r_hand20  v_r_hand20
0   word_l1_14.mp4            5  0.493583  ...    1.012098    0.085680         0.0
1   word_l1_14.mp4            6  0.493988  ...    1.000958    0.004311         0.0
2   word_l1_14.mp4            7  0.493832  ...    0.968875    0.018081         0.0
3   word_l1_14.mp4            8  0.493141  ...    0.930364    0.013871         0.0
4   word_l1_14.mp4            9  0.492879  ...    0.891373    0.012345         0.0
5   word_l1_14.mp4           10  0.492522  ...    0.856285    0.014039         0.0
6   word_l1_14.mp4           11  0.492528  ...    0.823372    0.008514         0.0
7   word_l1_14.mp4           12  0.492459  ...    0.789404    0.005004         0.0
8   word_l1_14.mp4           13  0.492248  ...    0.759948    0.006391         0.0
9   word_l1_14.mp4           14  0.492356  ...    0.718774   -0.001150         0.0
10  word_l1_14.mp4           15  0.492046  ...    0.674883   -0.010558         0.0
11  word_l1_14.mp4           16  0.491950  ...    0.640640   -0.020309         0.0
12  word_l1_14.mp4           17  0.491764  ...    0.625642   -0.020288         0.0
13  word_l1_14.mp4           18  0.491660  ...    0.612339   -0.021366         0.0
14  word_l1_14.mp4           19  0.492266  ...    0.598372   -0.023082         0.0
15  word_l1_14.mp4           20  0.492394  ...    0.584534   -0.025629         0.0
16  word_l1_14.mp4           21  0.493279  ...    0.567984   -0.015227         0.0
17  word_l1_14.mp4           22  0.493032  ...    0.556055   -0.011130         0.0
18  word_l1_14.mp4           23  0.493085  ...    0.555057   -0.013104         0.0
19  word_l1_14.mp4           24  0.493685  ...    0.556408   -0.025673         0.0
20  word_l1_14.mp4           25  0.493969  ...    0.561661   -0.021430         0.0
21  word_l1_14.mp4           26  0.494375  ...    0.566609   -0.024898         0.0
22  word_l1_14.mp4           27  0.495061  ...    0.566948   -0.024970         0.0
23  word_l1_14.mp4           28  0.495290  ...    0.565010   -0.029308         0.0
24  word_l1_14.mp4           29  0.494836  ...    0.575632   -0.006077         0.0
25  word_l1_14.mp4           30  0.494795  ...    0.680393   -0.001440         0.0
26  word_l1_14.mp4           31  0.494985  ...    0.698798   -0.002273         0.0
27  word_l1_14.mp4           32  0.494585  ...    0.697270   -0.001849         0.0
28  word_l1_14.mp4           33  0.494054  ...    0.693685    0.004810         0.0
29  word_l1_14.mp4           34  0.493759  ...    0.696992   -0.003463         0.0
30  word_l1_14.mp4           35  0.493476  ...    0.696099   -0.001096         0.0
31  word_l1_14.mp4           36  0.492924  ...    0.697814   -0.002850         0.0
32  word_l1_14.mp4           37  0.492600  ...    0.693859    0.004103         0.0
33  word_l1_14.mp4           38  0.492100  ...    0.690358    0.007544         0.0
34  word_l1_14.mp4           39  0.491959  ...    0.688033    0.006464         0.0
35  word_l1_14.mp4           40  0.491529  ...    0.686691    0.013477         0.0
36  word_l1_14.mp4           41  0.492031  ...    0.686886    0.016563         0.0
37  word_l1_14.mp4           42  0.492582  ...    0.689638    0.011298         0.0
38  word_l1_14.mp4           43  0.493494  ...    0.690178    0.013106         0.0
39  word_l1_14.mp4           44  0.493875  ...    0.690849    0.011117         0.0
40  word_l1_14.mp4           45  0.493650  ...    0.691452    0.011403         0.0
41  word_l1_14.mp4           46  0.493882  ...    0.690356    0.009999         0.0
42  word_l1_14.mp4           47  0.494432  ...    0.689118    0.011008         0.0
43  word_l1_14.mp4           48  0.494436  ...    0.689633    0.008450         0.0
44  word_l1_14.mp4           49  0.494593  ...    0.689645    0.007111         0.0
45  word_l1_14.mp4           50  0.495005  ...    0.692419    0.001984         0.0
46  word_l1_14.mp4           51  0.494903  ...    0.692708    0.002807         0.0
47  word_l1_14.mp4           52  0.495240  ...    0.686540    0.012871         0.0
48  word_l1_14.mp4           53  0.495470  ...    0.688140    0.018169         0.0
49  word_l1_14.mp4           54  0.495535  ...    0.689601    0.017121         0.0
50  word_l1_14.mp4           55  0.495853  ...    0.691378    0.018721         0.0
51  word_l1_14.mp4           56  0.496022  ...    0.699640    0.017213         0.0
52  word_l1_14.mp4           57  0.496113  ...    0.711008    0.014072         0.0
53  word_l1_14.mp4           58  0.496602  ...    0.723712    0.012506         0.0
54  word_l1_14.mp4           59  0.496366  ...    0.741721    0.011991         0.0
55  word_l1_14.mp4           60  0.496628  ...    0.760327    0.006778         0.0

[56 rows x 1958 columns]
Extracting features...
Face width computed for normalizaiton 0.15517293297738974
Features saved to: ../output/word_l1_14_features.csv
          fn_video  ... distance_r_hand6_r_hand10
0   word_l1_14.mp4  ...                  0.098033
1   word_l1_14.mp4  ...                  0.223522
2   word_l1_14.mp4  ...                  0.216483
3   word_l1_14.mp4  ...                  0.219842
4   word_l1_14.mp4  ...                  0.209698
5   word_l1_14.mp4  ...                  0.202334
6   word_l1_14.mp4  ...                  0.189046
7   word_l1_14.mp4  ...                  0.187562
8   word_l1_14.mp4  ...                  0.173265
9   word_l1_14.mp4  ...                  0.163122
10  word_l1_14.mp4  ...                  0.148738
11  word_l1_14.mp4  ...                  0.136676
12  word_l1_14.mp4  ...                  0.143504
13  word_l1_14.mp4  ...                  0.144898
14  word_l1_14.mp4  ...                  0.149554
15  word_l1_14.mp4  ...                  0.145060
16  word_l1_14.mp4  ...                  0.122079
17  word_l1_14.mp4  ...                  0.142893
18  word_l1_14.mp4  ...                  0.113999
19  word_l1_14.mp4  ...                  0.122350
20  word_l1_14.mp4  ...                  0.121088
21  word_l1_14.mp4  ...                  0.108296
22  word_l1_14.mp4  ...                  0.118036
23  word_l1_14.mp4  ...                  0.149805
24  word_l1_14.mp4  ...                  0.200514
25  word_l1_14.mp4  ...                  0.290065
26  word_l1_14.mp4  ...                  0.406581
27  word_l1_14.mp4  ...                  0.416392
28  word_l1_14.mp4  ...                  0.402245
29  word_l1_14.mp4  ...                  0.397910
30  word_l1_14.mp4  ...                  0.407093
31  word_l1_14.mp4  ...                  0.436908
32  word_l1_14.mp4  ...                  0.425558
33  word_l1_14.mp4  ...                  0.425617
34  word_l1_14.mp4  ...                  0.410471
35  word_l1_14.mp4  ...                  0.398777
36  word_l1_14.mp4  ...                  0.416257
37  word_l1_14.mp4  ...                  0.416461
38  word_l1_14.mp4  ...                  0.395517
39  word_l1_14.mp4  ...                  0.416438
40  word_l1_14.mp4  ...                  0.407180
41  word_l1_14.mp4  ...                  0.401564
42  word_l1_14.mp4  ...                  0.397651
43  word_l1_14.mp4  ...                  0.394803
44  word_l1_14.mp4  ...                  0.391854
45  word_l1_14.mp4  ...                  0.391259
46  word_l1_14.mp4  ...                  0.407756
47  word_l1_14.mp4  ...                  0.371974
48  word_l1_14.mp4  ...                  0.300691
49  word_l1_14.mp4  ...                  0.237934
50  word_l1_14.mp4  ...                  0.218295
51  word_l1_14.mp4  ...                  0.220228
52  word_l1_14.mp4  ...                  0.217558
53  word_l1_14.mp4  ...                  0.221995
54  word_l1_14.mp4  ...                  0.225653
55  word_l1_14.mp4  ...                  0.210241

[56 rows x 30 columns]
csv file with predictions was saved to ../output/predictions_rf_position_female_cropped_word_l1_14.csv
Loaded model: ../trained_models/model_rf_shape_female_cropped.pkl
Loaded video: ../stimuli/words/mp4/word_l1_14.mp4
Extracting coordinates...
          fn_video frame_number   x_face0  ...  y_r_hand20  z_r_hand20  v_r_hand20
0   word_l1_14.mp4            5  0.493583  ...    1.012098    0.085680         0.0
1   word_l1_14.mp4            6  0.493988  ...    1.000958    0.004311         0.0
2   word_l1_14.mp4            7  0.493832  ...    0.968875    0.018081         0.0
3   word_l1_14.mp4            8  0.493141  ...    0.930364    0.013871         0.0
4   word_l1_14.mp4            9  0.492879  ...    0.891373    0.012345         0.0
5   word_l1_14.mp4           10  0.492522  ...    0.856285    0.014039         0.0
6   word_l1_14.mp4           11  0.492528  ...    0.823372    0.008514         0.0
7   word_l1_14.mp4           12  0.492459  ...    0.789404    0.005004         0.0
8   word_l1_14.mp4           13  0.492248  ...    0.759948    0.006391         0.0
9   word_l1_14.mp4           14  0.492356  ...    0.718774   -0.001150         0.0
10  word_l1_14.mp4           15  0.492046  ...    0.674883   -0.010558         0.0
11  word_l1_14.mp4           16  0.491950  ...    0.640640   -0.020309         0.0
12  word_l1_14.mp4           17  0.491764  ...    0.625642   -0.020288         0.0
13  word_l1_14.mp4           18  0.491660  ...    0.612339   -0.021366         0.0
14  word_l1_14.mp4           19  0.492266  ...    0.598372   -0.023082         0.0
15  word_l1_14.mp4           20  0.492394  ...    0.584534   -0.025629         0.0
16  word_l1_14.mp4           21  0.493279  ...    0.567984   -0.015227         0.0
17  word_l1_14.mp4           22  0.493032  ...    0.556055   -0.011130         0.0
18  word_l1_14.mp4           23  0.493085  ...    0.555057   -0.013104         0.0
19  word_l1_14.mp4           24  0.493685  ...    0.556408   -0.025673         0.0
20  word_l1_14.mp4           25  0.493969  ...    0.561661   -0.021430         0.0
21  word_l1_14.mp4           26  0.494375  ...    0.566609   -0.024898         0.0
22  word_l1_14.mp4           27  0.495061  ...    0.566948   -0.024970         0.0
23  word_l1_14.mp4           28  0.495290  ...    0.565010   -0.029308         0.0
24  word_l1_14.mp4           29  0.494836  ...    0.575632   -0.006077         0.0
25  word_l1_14.mp4           30  0.494795  ...    0.680393   -0.001440         0.0
26  word_l1_14.mp4           31  0.494985  ...    0.698798   -0.002273         0.0
27  word_l1_14.mp4           32  0.494585  ...    0.697270   -0.001849         0.0
28  word_l1_14.mp4           33  0.494054  ...    0.693685    0.004810         0.0
29  word_l1_14.mp4           34  0.493759  ...    0.696992   -0.003463         0.0
30  word_l1_14.mp4           35  0.493476  ...    0.696099   -0.001096         0.0
31  word_l1_14.mp4           36  0.492924  ...    0.697814   -0.002850         0.0
32  word_l1_14.mp4           37  0.492600  ...    0.693859    0.004103         0.0
33  word_l1_14.mp4           38  0.492100  ...    0.690358    0.007544         0.0
34  word_l1_14.mp4           39  0.491959  ...    0.688033    0.006464         0.0
35  word_l1_14.mp4           40  0.491529  ...    0.686691    0.013477         0.0
36  word_l1_14.mp4           41  0.492031  ...    0.686886    0.016563         0.0
37  word_l1_14.mp4           42  0.492582  ...    0.689638    0.011298         0.0
38  word_l1_14.mp4           43  0.493494  ...    0.690178    0.013106         0.0
39  word_l1_14.mp4           44  0.493875  ...    0.690849    0.011117         0.0
40  word_l1_14.mp4           45  0.493650  ...    0.691452    0.011403         0.0
41  word_l1_14.mp4           46  0.493882  ...    0.690356    0.009999         0.0
42  word_l1_14.mp4           47  0.494432  ...    0.689118    0.011008         0.0
43  word_l1_14.mp4           48  0.494436  ...    0.689633    0.008450         0.0
44  word_l1_14.mp4           49  0.494593  ...    0.689645    0.007111         0.0
45  word_l1_14.mp4           50  0.495005  ...    0.692419    0.001984         0.0
46  word_l1_14.mp4           51  0.494903  ...    0.692708    0.002807         0.0
47  word_l1_14.mp4           52  0.495240  ...    0.686540    0.012871         0.0
48  word_l1_14.mp4           53  0.495470  ...    0.688140    0.018169         0.0
49  word_l1_14.mp4           54  0.495535  ...    0.689601    0.017121         0.0
50  word_l1_14.mp4           55  0.495853  ...    0.691378    0.018721         0.0
51  word_l1_14.mp4           56  0.496022  ...    0.699640    0.017213         0.0
52  word_l1_14.mp4           57  0.496113  ...    0.711008    0.014072         0.0
53  word_l1_14.mp4           58  0.496602  ...    0.723712    0.012506         0.0
54  word_l1_14.mp4           59  0.496366  ...    0.741721    0.011991         0.0
55  word_l1_14.mp4           60  0.496628  ...    0.760327    0.006778         0.0

[56 rows x 1958 columns]
Extracting features...
Face width computed for normalizaiton 0.15517293297738974
Features saved to: ../output/word_l1_14_features.csv
          fn_video  ... distance_r_hand6_r_hand10
0   word_l1_14.mp4  ...                  0.098033
1   word_l1_14.mp4  ...                  0.223522
2   word_l1_14.mp4  ...                  0.216483
3   word_l1_14.mp4  ...                  0.219842
4   word_l1_14.mp4  ...                  0.209698
5   word_l1_14.mp4  ...                  0.202334
6   word_l1_14.mp4  ...                  0.189046
7   word_l1_14.mp4  ...                  0.187562
8   word_l1_14.mp4  ...                  0.173265
9   word_l1_14.mp4  ...                  0.163122
10  word_l1_14.mp4  ...                  0.148738
11  word_l1_14.mp4  ...                  0.136676
12  word_l1_14.mp4  ...                  0.143504
13  word_l1_14.mp4  ...                  0.144898
14  word_l1_14.mp4  ...                  0.149554
15  word_l1_14.mp4  ...                  0.145060
16  word_l1_14.mp4  ...                  0.122079
17  word_l1_14.mp4  ...                  0.142893
18  word_l1_14.mp4  ...                  0.113999
19  word_l1_14.mp4  ...                  0.122350
20  word_l1_14.mp4  ...                  0.121088
21  word_l1_14.mp4  ...                  0.108296
22  word_l1_14.mp4  ...                  0.118036
23  word_l1_14.mp4  ...                  0.149805
24  word_l1_14.mp4  ...                  0.200514
25  word_l1_14.mp4  ...                  0.290065
26  word_l1_14.mp4  ...                  0.406581
27  word_l1_14.mp4  ...                  0.416392
28  word_l1_14.mp4  ...                  0.402245
29  word_l1_14.mp4  ...                  0.397910
30  word_l1_14.mp4  ...                  0.407093
31  word_l1_14.mp4  ...                  0.436908
32  word_l1_14.mp4  ...                  0.425558
33  word_l1_14.mp4  ...                  0.425617
34  word_l1_14.mp4  ...                  0.410471
35  word_l1_14.mp4  ...                  0.398777
36  word_l1_14.mp4  ...                  0.416257
37  word_l1_14.mp4  ...                  0.416461
38  word_l1_14.mp4  ...                  0.395517
39  word_l1_14.mp4  ...                  0.416438
40  word_l1_14.mp4  ...                  0.407180
41  word_l1_14.mp4  ...                  0.401564
42  word_l1_14.mp4  ...                  0.397651
43  word_l1_14.mp4  ...                  0.394803
44  word_l1_14.mp4  ...                  0.391854
45  word_l1_14.mp4  ...                  0.391259
46  word_l1_14.mp4  ...                  0.407756
47  word_l1_14.mp4  ...                  0.371974
48  word_l1_14.mp4  ...                  0.300691
49  word_l1_14.mp4  ...                  0.237934
50  word_l1_14.mp4  ...                  0.218295
51  word_l1_14.mp4  ...                  0.220228
52  word_l1_14.mp4  ...                  0.217558
53  word_l1_14.mp4  ...                  0.221995
54  word_l1_14.mp4  ...                  0.225653
55  word_l1_14.mp4  ...                  0.210241

[56 rows x 30 columns]
csv file with predictions was saved to ../output/predictions_rf_shape_female_cropped_word_l1_14.csv
