python is /network/lustre/iss02/home/annahita.sarre/anaconda3/envs/myenv/bin/python
Loaded model: ../trained_models/model_rf_position_female_cropped.pkl
Loaded video: ../stimuli/words/mp4/word_h2_12.mp4
Extracting coordinates...
          fn_video frame_number   x_face0  ...  y_r_hand20  z_r_hand20  v_r_hand20
0   word_h2_12.mp4            1  0.500504  ...    0.828900    0.016785         0.0
1   word_h2_12.mp4            2  0.501167  ...    0.824429    0.018585         0.0
2   word_h2_12.mp4            3  0.500932  ...    0.810509    0.016800         0.0
3   word_h2_12.mp4            4  0.500904  ...    0.793292    0.014137         0.0
4   word_h2_12.mp4            5  0.500944  ...    0.784396    0.011143         0.0
5   word_h2_12.mp4            6  0.501430  ...    0.775964    0.005059         0.0
6   word_h2_12.mp4            7  0.501388  ...    0.771899    0.005146         0.0
7   word_h2_12.mp4            8  0.501325  ...    0.766869    0.001475         0.0
8   word_h2_12.mp4            9  0.500988  ...    0.761427    0.000302         0.0
9   word_h2_12.mp4           10  0.501013  ...    0.756917    0.002059         0.0
10  word_h2_12.mp4           11  0.499862  ...    0.748821    0.003360         0.0
11  word_h2_12.mp4           12  0.499178  ...    0.748053    0.002798         0.0
12  word_h2_12.mp4           13  0.499098  ...    0.746805    0.000119         0.0
13  word_h2_12.mp4           14  0.498902  ...    0.746497    0.009398         0.0
14  word_h2_12.mp4           15  0.498828  ...    0.746817    0.004972         0.0
15  word_h2_12.mp4           16  0.499275  ...    0.755730    0.001248         0.0
16  word_h2_12.mp4           17  0.499378  ...    0.760259   -0.000283         0.0
17  word_h2_12.mp4           18  0.500363  ...    0.761555    0.002075         0.0
18  word_h2_12.mp4           19  0.499886  ...    0.763552   -0.004709         0.0
19  word_h2_12.mp4           20  0.499290  ...    0.754086   -0.004916         0.0
20  word_h2_12.mp4           21  0.499076  ...    0.739742    0.007362         0.0
21  word_h2_12.mp4           22  0.498374  ...    0.685400    0.020282         0.0
22  word_h2_12.mp4           23  0.498524  ...    0.649742    0.002751         0.0
23  word_h2_12.mp4           24  0.498377  ...    0.620265   -0.016696         0.0
24  word_h2_12.mp4           25  0.499520  ...    0.609925   -0.014540         0.0
25  word_h2_12.mp4           26  0.499266  ...    0.600451   -0.014367         0.0
26  word_h2_12.mp4           27  0.499537  ...    0.598161   -0.007444         0.0
27  word_h2_12.mp4           28  0.500034  ...    0.600120   -0.009248         0.0
28  word_h2_12.mp4           29  0.499589  ...    0.602008   -0.003000         0.0
29  word_h2_12.mp4           30  0.499364  ...    0.604293    0.001069         0.0
30  word_h2_12.mp4           31  0.499075  ...    0.602427    0.000324         0.0
31  word_h2_12.mp4           32  0.498159  ...    0.601745    0.003941         0.0
32  word_h2_12.mp4           33  0.497726  ...    0.601900   -0.002554         0.0
33  word_h2_12.mp4           34  0.497748  ...    0.602695    0.002478         0.0
34  word_h2_12.mp4           35  0.497735  ...    0.603237   -0.019392         0.0
35  word_h2_12.mp4           36  0.497690  ...    0.598879   -0.007247         0.0
36  word_h2_12.mp4           37  0.497388  ...    0.598135   -0.006472         0.0
37  word_h2_12.mp4           38  0.498927  ...    0.599202   -0.012001         0.0
38  word_h2_12.mp4           39  0.498939  ...    0.600855   -0.008151         0.0
39  word_h2_12.mp4           40  0.498004  ...    0.603649   -0.009365         0.0
40  word_h2_12.mp4           41  0.497664  ...    0.604503   -0.004513         0.0
41  word_h2_12.mp4           42  0.497833  ...    0.605441   -0.004097         0.0
42  word_h2_12.mp4           43  0.497509  ...    0.605670   -0.010662         0.0
43  word_h2_12.mp4           44  0.497449  ...    0.605578   -0.005490         0.0
44  word_h2_12.mp4           45  0.497431  ...    0.605700   -0.017073         0.0
45  word_h2_12.mp4           46  0.497135  ...    0.606780   -0.018277         0.0
46  word_h2_12.mp4           47  0.496975  ...    0.608034   -0.019929         0.0
47  word_h2_12.mp4           48  0.496865  ...    0.607342   -0.019700         0.0
48  word_h2_12.mp4           49  0.496886  ...    0.610675   -0.001909         0.0
49  word_h2_12.mp4           50  0.496463  ...    0.610701   -0.014141         0.0
50  word_h2_12.mp4           51  0.496477  ...    0.619691   -0.008780         0.0
51  word_h2_12.mp4           52  0.496553  ...    0.634707   -0.006255         0.0
52  word_h2_12.mp4           53  0.496767  ...    0.653733    0.003757         0.0
53  word_h2_12.mp4           54  0.497221  ...    0.678610    0.010047         0.0

[54 rows x 1958 columns]
Extracting features...
Face width computed for normalizaiton 0.16075731025898557
Features saved to: ../output/word_h2_12_features.csv
          fn_video  ... distance_r_hand6_r_hand10
0   word_h2_12.mp4  ...                  0.257831
1   word_h2_12.mp4  ...                  0.282379
2   word_h2_12.mp4  ...                  0.293022
3   word_h2_12.mp4  ...                  0.319942
4   word_h2_12.mp4  ...                  0.344426
5   word_h2_12.mp4  ...                  0.378068
6   word_h2_12.mp4  ...                  0.441196
7   word_h2_12.mp4  ...                  0.435491
8   word_h2_12.mp4  ...                  0.439224
9   word_h2_12.mp4  ...                  0.417426
10  word_h2_12.mp4  ...                  0.401021
11  word_h2_12.mp4  ...                  0.413673
12  word_h2_12.mp4  ...                  0.423489
13  word_h2_12.mp4  ...                  0.409768
14  word_h2_12.mp4  ...                  0.398143
15  word_h2_12.mp4  ...                  0.389812
16  word_h2_12.mp4  ...                  0.385243
17  word_h2_12.mp4  ...                  0.344458
18  word_h2_12.mp4  ...                  0.347066
19  word_h2_12.mp4  ...                  0.328789
20  word_h2_12.mp4  ...                  0.299025
21  word_h2_12.mp4  ...                  0.262012
22  word_h2_12.mp4  ...                  0.207250
23  word_h2_12.mp4  ...                  0.226587
24  word_h2_12.mp4  ...                  0.210292
25  word_h2_12.mp4  ...                  0.187674
26  word_h2_12.mp4  ...                  0.200256
27  word_h2_12.mp4  ...                  0.209368
28  word_h2_12.mp4  ...                  0.208360
29  word_h2_12.mp4  ...                  0.237160
30  word_h2_12.mp4  ...                  0.219410
31  word_h2_12.mp4  ...                  0.217271
32  word_h2_12.mp4  ...                  0.175383
33  word_h2_12.mp4  ...                  0.164635
34  word_h2_12.mp4  ...                  0.140467
35  word_h2_12.mp4  ...                  0.133350
36  word_h2_12.mp4  ...                  0.131443
37  word_h2_12.mp4  ...                  0.139404
38  word_h2_12.mp4  ...                  0.132897
39  word_h2_12.mp4  ...                  0.132332
40  word_h2_12.mp4  ...                  0.133431
41  word_h2_12.mp4  ...                  0.134351
42  word_h2_12.mp4  ...                  0.136370
43  word_h2_12.mp4  ...                  0.137118
44  word_h2_12.mp4  ...                  0.136491
45  word_h2_12.mp4  ...                  0.134713
46  word_h2_12.mp4  ...                  0.134077
47  word_h2_12.mp4  ...                  0.130898
48  word_h2_12.mp4  ...                  0.141671
49  word_h2_12.mp4  ...                  0.149951
50  word_h2_12.mp4  ...                  0.156229
51  word_h2_12.mp4  ...                  0.159052
52  word_h2_12.mp4  ...                  0.157784
53  word_h2_12.mp4  ...                  0.161812

[54 rows x 30 columns]
csv file with predictions was saved to ../output/predictions_rf_position_female_cropped_word_h2_12.csv
Loaded model: ../trained_models/model_rf_shape_female_cropped.pkl
Loaded video: ../stimuli/words/mp4/word_h2_12.mp4
Extracting coordinates...
          fn_video frame_number   x_face0  ...  y_r_hand20  z_r_hand20  v_r_hand20
0   word_h2_12.mp4            1  0.500504  ...    0.828900    0.016785         0.0
1   word_h2_12.mp4            2  0.501167  ...    0.824429    0.018585         0.0
2   word_h2_12.mp4            3  0.500932  ...    0.810509    0.016800         0.0
3   word_h2_12.mp4            4  0.500904  ...    0.793292    0.014137         0.0
4   word_h2_12.mp4            5  0.500944  ...    0.784396    0.011143         0.0
5   word_h2_12.mp4            6  0.501430  ...    0.775964    0.005059         0.0
6   word_h2_12.mp4            7  0.501388  ...    0.771899    0.005146         0.0
7   word_h2_12.mp4            8  0.501325  ...    0.766869    0.001475         0.0
8   word_h2_12.mp4            9  0.500988  ...    0.761427    0.000302         0.0
9   word_h2_12.mp4           10  0.501013  ...    0.756917    0.002059         0.0
10  word_h2_12.mp4           11  0.499862  ...    0.748821    0.003360         0.0
11  word_h2_12.mp4           12  0.499178  ...    0.748053    0.002798         0.0
12  word_h2_12.mp4           13  0.499098  ...    0.746805    0.000119         0.0
13  word_h2_12.mp4           14  0.498902  ...    0.746497    0.009398         0.0
14  word_h2_12.mp4           15  0.498828  ...    0.746817    0.004972         0.0
15  word_h2_12.mp4           16  0.499275  ...    0.755730    0.001248         0.0
16  word_h2_12.mp4           17  0.499378  ...    0.760259   -0.000283         0.0
17  word_h2_12.mp4           18  0.500363  ...    0.761555    0.002075         0.0
18  word_h2_12.mp4           19  0.499886  ...    0.763552   -0.004709         0.0
19  word_h2_12.mp4           20  0.499290  ...    0.754086   -0.004916         0.0
20  word_h2_12.mp4           21  0.499076  ...    0.739742    0.007362         0.0
21  word_h2_12.mp4           22  0.498374  ...    0.685400    0.020282         0.0
22  word_h2_12.mp4           23  0.498524  ...    0.649742    0.002751         0.0
23  word_h2_12.mp4           24  0.498377  ...    0.620265   -0.016696         0.0
24  word_h2_12.mp4           25  0.499520  ...    0.609925   -0.014540         0.0
25  word_h2_12.mp4           26  0.499266  ...    0.600451   -0.014367         0.0
26  word_h2_12.mp4           27  0.499537  ...    0.598161   -0.007444         0.0
27  word_h2_12.mp4           28  0.500034  ...    0.600120   -0.009248         0.0
28  word_h2_12.mp4           29  0.499589  ...    0.602008   -0.003000         0.0
29  word_h2_12.mp4           30  0.499364  ...    0.604293    0.001069         0.0
30  word_h2_12.mp4           31  0.499075  ...    0.602427    0.000324         0.0
31  word_h2_12.mp4           32  0.498159  ...    0.601745    0.003941         0.0
32  word_h2_12.mp4           33  0.497726  ...    0.601900   -0.002554         0.0
33  word_h2_12.mp4           34  0.497748  ...    0.602695    0.002478         0.0
34  word_h2_12.mp4           35  0.497735  ...    0.603237   -0.019392         0.0
35  word_h2_12.mp4           36  0.497690  ...    0.598879   -0.007247         0.0
36  word_h2_12.mp4           37  0.497388  ...    0.598135   -0.006472         0.0
37  word_h2_12.mp4           38  0.498927  ...    0.599202   -0.012001         0.0
38  word_h2_12.mp4           39  0.498939  ...    0.600855   -0.008151         0.0
39  word_h2_12.mp4           40  0.498004  ...    0.603649   -0.009365         0.0
40  word_h2_12.mp4           41  0.497664  ...    0.604503   -0.004513         0.0
41  word_h2_12.mp4           42  0.497833  ...    0.605441   -0.004097         0.0
42  word_h2_12.mp4           43  0.497509  ...    0.605670   -0.010662         0.0
43  word_h2_12.mp4           44  0.497449  ...    0.605578   -0.005490         0.0
44  word_h2_12.mp4           45  0.497431  ...    0.605700   -0.017073         0.0
45  word_h2_12.mp4           46  0.497135  ...    0.606780   -0.018277         0.0
46  word_h2_12.mp4           47  0.496975  ...    0.608034   -0.019929         0.0
47  word_h2_12.mp4           48  0.496865  ...    0.607342   -0.019700         0.0
48  word_h2_12.mp4           49  0.496886  ...    0.610675   -0.001909         0.0
49  word_h2_12.mp4           50  0.496463  ...    0.610701   -0.014141         0.0
50  word_h2_12.mp4           51  0.496477  ...    0.619691   -0.008780         0.0
51  word_h2_12.mp4           52  0.496553  ...    0.634707   -0.006255         0.0
52  word_h2_12.mp4           53  0.496767  ...    0.653733    0.003757         0.0
53  word_h2_12.mp4           54  0.497221  ...    0.678610    0.010047         0.0

[54 rows x 1958 columns]
Extracting features...
Face width computed for normalizaiton 0.16075731025898557
Features saved to: ../output/word_h2_12_features.csv
          fn_video  ... distance_r_hand6_r_hand10
0   word_h2_12.mp4  ...                  0.257831
1   word_h2_12.mp4  ...                  0.282379
2   word_h2_12.mp4  ...                  0.293022
3   word_h2_12.mp4  ...                  0.319942
4   word_h2_12.mp4  ...                  0.344426
5   word_h2_12.mp4  ...                  0.378068
6   word_h2_12.mp4  ...                  0.441196
7   word_h2_12.mp4  ...                  0.435491
8   word_h2_12.mp4  ...                  0.439224
9   word_h2_12.mp4  ...                  0.417426
10  word_h2_12.mp4  ...                  0.401021
11  word_h2_12.mp4  ...                  0.413673
12  word_h2_12.mp4  ...                  0.423489
13  word_h2_12.mp4  ...                  0.409768
14  word_h2_12.mp4  ...                  0.398143
15  word_h2_12.mp4  ...                  0.389812
16  word_h2_12.mp4  ...                  0.385243
17  word_h2_12.mp4  ...                  0.344458
18  word_h2_12.mp4  ...                  0.347066
19  word_h2_12.mp4  ...                  0.328789
20  word_h2_12.mp4  ...                  0.299025
21  word_h2_12.mp4  ...                  0.262012
22  word_h2_12.mp4  ...                  0.207250
23  word_h2_12.mp4  ...                  0.226587
24  word_h2_12.mp4  ...                  0.210292
25  word_h2_12.mp4  ...                  0.187674
26  word_h2_12.mp4  ...                  0.200256
27  word_h2_12.mp4  ...                  0.209368
28  word_h2_12.mp4  ...                  0.208360
29  word_h2_12.mp4  ...                  0.237160
30  word_h2_12.mp4  ...                  0.219410
31  word_h2_12.mp4  ...                  0.217271
32  word_h2_12.mp4  ...                  0.175383
33  word_h2_12.mp4  ...                  0.164635
34  word_h2_12.mp4  ...                  0.140467
35  word_h2_12.mp4  ...                  0.133350
36  word_h2_12.mp4  ...                  0.131443
37  word_h2_12.mp4  ...                  0.139404
38  word_h2_12.mp4  ...                  0.132897
39  word_h2_12.mp4  ...                  0.132332
40  word_h2_12.mp4  ...                  0.133431
41  word_h2_12.mp4  ...                  0.134351
42  word_h2_12.mp4  ...                  0.136370
43  word_h2_12.mp4  ...                  0.137118
44  word_h2_12.mp4  ...                  0.136491
45  word_h2_12.mp4  ...                  0.134713
46  word_h2_12.mp4  ...                  0.134077
47  word_h2_12.mp4  ...                  0.130898
48  word_h2_12.mp4  ...                  0.141671
49  word_h2_12.mp4  ...                  0.149951
50  word_h2_12.mp4  ...                  0.156229
51  word_h2_12.mp4  ...                  0.159052
52  word_h2_12.mp4  ...                  0.157784
53  word_h2_12.mp4  ...                  0.161812

[54 rows x 30 columns]
csv file with predictions was saved to ../output/predictions_rf_shape_female_cropped_word_h2_12.csv
