python is /network/lustre/iss02/home/annahita.sarre/anaconda3/envs/myenv/bin/python
Loaded model: ../trained_models/model_rf_position_female_cropped.pkl
Loaded video: ../stimuli/words/mp4/word_h1_04_pseudo.mp4
Extracting coordinates...
                 fn_video frame_number  ...  z_r_hand20  v_r_hand20
0   word_h1_04_pseudo.mp4            1  ...    0.041271         0.0
1   word_h1_04_pseudo.mp4            2  ...    0.040561         0.0
2   word_h1_04_pseudo.mp4            3  ...    0.019862         0.0
3   word_h1_04_pseudo.mp4            4  ...    0.029378         0.0
4   word_h1_04_pseudo.mp4            5  ...    0.029174         0.0
5   word_h1_04_pseudo.mp4            6  ...    0.029478         0.0
6   word_h1_04_pseudo.mp4            7  ...    0.027924         0.0
7   word_h1_04_pseudo.mp4            8  ...    0.029379         0.0
8   word_h1_04_pseudo.mp4            9  ...    0.032672         0.0
9   word_h1_04_pseudo.mp4           10  ...    0.044496         0.0
10  word_h1_04_pseudo.mp4           11  ...    0.035081         0.0
11  word_h1_04_pseudo.mp4           12  ...    0.013727         0.0
12  word_h1_04_pseudo.mp4           13  ...    0.031077         0.0
13  word_h1_04_pseudo.mp4           14  ...    0.023403         0.0
14  word_h1_04_pseudo.mp4           15  ...    0.036818         0.0
15  word_h1_04_pseudo.mp4           16  ...    0.037247         0.0
16  word_h1_04_pseudo.mp4           17  ...    0.031608         0.0
17  word_h1_04_pseudo.mp4           18  ...    0.030211         0.0
18  word_h1_04_pseudo.mp4           19  ...    0.034039         0.0
19  word_h1_04_pseudo.mp4           20  ...    0.026573         0.0
20  word_h1_04_pseudo.mp4           21  ...    0.030746         0.0
21  word_h1_04_pseudo.mp4           22  ...    0.024453         0.0
22  word_h1_04_pseudo.mp4           23  ...    0.023139         0.0
23  word_h1_04_pseudo.mp4           24  ...    0.002593         0.0
24  word_h1_04_pseudo.mp4           25  ...    0.007351         0.0
25  word_h1_04_pseudo.mp4           26  ...    0.002392         0.0
26  word_h1_04_pseudo.mp4           27  ...   -0.005398         0.0
27  word_h1_04_pseudo.mp4           28  ...   -0.004263         0.0
28  word_h1_04_pseudo.mp4           29  ...    0.002025         0.0
29  word_h1_04_pseudo.mp4           30  ...   -0.000110         0.0
30  word_h1_04_pseudo.mp4           31  ...   -0.003283         0.0
31  word_h1_04_pseudo.mp4           32  ...   -0.002700         0.0
32  word_h1_04_pseudo.mp4           33  ...   -0.004741         0.0
33  word_h1_04_pseudo.mp4           34  ...   -0.015632         0.0
34  word_h1_04_pseudo.mp4           35  ...   -0.014285         0.0
35  word_h1_04_pseudo.mp4           36  ...   -0.009619         0.0
36  word_h1_04_pseudo.mp4           37  ...   -0.005675         0.0
37  word_h1_04_pseudo.mp4           38  ...   -0.000443         0.0
38  word_h1_04_pseudo.mp4           39  ...    0.032779         0.0
39  word_h1_04_pseudo.mp4           40  ...    0.026330         0.0
40  word_h1_04_pseudo.mp4           41  ...    0.012703         0.0
41  word_h1_04_pseudo.mp4           42  ...    0.021093         0.0
42  word_h1_04_pseudo.mp4           43  ...    0.015502         0.0
43  word_h1_04_pseudo.mp4           44  ...    0.007591         0.0
44  word_h1_04_pseudo.mp4           45  ...    0.003170         0.0
45  word_h1_04_pseudo.mp4           46  ...    0.026503         0.0
46  word_h1_04_pseudo.mp4           47  ...    0.053989         0.0
47  word_h1_04_pseudo.mp4           48  ...    0.111364         0.0

[48 rows x 1958 columns]
Extracting features...
Face width computed for normalizaiton 0.16028053077299986
Features saved to: ../output/word_h1_04_pseudo_features.csv
                 fn_video  ... distance_r_hand6_r_hand10
0   word_h1_04_pseudo.mp4  ...                  0.214049
1   word_h1_04_pseudo.mp4  ...                  0.229283
2   word_h1_04_pseudo.mp4  ...                  0.245900
3   word_h1_04_pseudo.mp4  ...                  0.230809
4   word_h1_04_pseudo.mp4  ...                  0.238300
5   word_h1_04_pseudo.mp4  ...                  0.241276
6   word_h1_04_pseudo.mp4  ...                  0.222764
7   word_h1_04_pseudo.mp4  ...                  0.207682
8   word_h1_04_pseudo.mp4  ...                  0.207852
9   word_h1_04_pseudo.mp4  ...                  0.191722
10  word_h1_04_pseudo.mp4  ...                  0.177445
11  word_h1_04_pseudo.mp4  ...                  0.178688
12  word_h1_04_pseudo.mp4  ...                  0.160139
13  word_h1_04_pseudo.mp4  ...                  0.163273
14  word_h1_04_pseudo.mp4  ...                  0.156071
15  word_h1_04_pseudo.mp4  ...                  0.157554
16  word_h1_04_pseudo.mp4  ...                  0.150963
17  word_h1_04_pseudo.mp4  ...                  0.153312
18  word_h1_04_pseudo.mp4  ...                  0.157681
19  word_h1_04_pseudo.mp4  ...                  0.157668
20  word_h1_04_pseudo.mp4  ...                  0.158076
21  word_h1_04_pseudo.mp4  ...                  0.156855
22  word_h1_04_pseudo.mp4  ...                  0.163196
23  word_h1_04_pseudo.mp4  ...                  0.184865
24  word_h1_04_pseudo.mp4  ...                  0.250191
25  word_h1_04_pseudo.mp4  ...                  0.319682
26  word_h1_04_pseudo.mp4  ...                  0.301735
27  word_h1_04_pseudo.mp4  ...                  0.296815
28  word_h1_04_pseudo.mp4  ...                  0.279236
29  word_h1_04_pseudo.mp4  ...                  0.283770
30  word_h1_04_pseudo.mp4  ...                  0.272302
31  word_h1_04_pseudo.mp4  ...                  0.242925
32  word_h1_04_pseudo.mp4  ...                  0.239474
33  word_h1_04_pseudo.mp4  ...                  0.188287
34  word_h1_04_pseudo.mp4  ...                  0.183584
35  word_h1_04_pseudo.mp4  ...                  0.174212
36  word_h1_04_pseudo.mp4  ...                  0.181501
37  word_h1_04_pseudo.mp4  ...                  0.173931
38  word_h1_04_pseudo.mp4  ...                  0.161855
39  word_h1_04_pseudo.mp4  ...                  0.177686
40  word_h1_04_pseudo.mp4  ...                  0.176427
41  word_h1_04_pseudo.mp4  ...                  0.174352
42  word_h1_04_pseudo.mp4  ...                  0.180450
43  word_h1_04_pseudo.mp4  ...                  0.179980
44  word_h1_04_pseudo.mp4  ...                  0.195419
45  word_h1_04_pseudo.mp4  ...                  0.210768
46  word_h1_04_pseudo.mp4  ...                  0.203668
47  word_h1_04_pseudo.mp4  ...                  0.248181

[48 rows x 30 columns]
csv file with predictions was saved to ../output/predictions_rf_position_female_cropped_word_h1_04_pseudo.csv
Loaded model: ../trained_models/model_rf_shape_female_cropped.pkl
Loaded video: ../stimuli/words/mp4/word_h1_04_pseudo.mp4
Extracting coordinates...
                 fn_video frame_number  ...  z_r_hand20  v_r_hand20
0   word_h1_04_pseudo.mp4            1  ...    0.041271         0.0
1   word_h1_04_pseudo.mp4            2  ...    0.040561         0.0
2   word_h1_04_pseudo.mp4            3  ...    0.019862         0.0
3   word_h1_04_pseudo.mp4            4  ...    0.029378         0.0
4   word_h1_04_pseudo.mp4            5  ...    0.029174         0.0
5   word_h1_04_pseudo.mp4            6  ...    0.029478         0.0
6   word_h1_04_pseudo.mp4            7  ...    0.027924         0.0
7   word_h1_04_pseudo.mp4            8  ...    0.029379         0.0
8   word_h1_04_pseudo.mp4            9  ...    0.032672         0.0
9   word_h1_04_pseudo.mp4           10  ...    0.044496         0.0
10  word_h1_04_pseudo.mp4           11  ...    0.035081         0.0
11  word_h1_04_pseudo.mp4           12  ...    0.013727         0.0
12  word_h1_04_pseudo.mp4           13  ...    0.031077         0.0
13  word_h1_04_pseudo.mp4           14  ...    0.023403         0.0
14  word_h1_04_pseudo.mp4           15  ...    0.036818         0.0
15  word_h1_04_pseudo.mp4           16  ...    0.037247         0.0
16  word_h1_04_pseudo.mp4           17  ...    0.031608         0.0
17  word_h1_04_pseudo.mp4           18  ...    0.030211         0.0
18  word_h1_04_pseudo.mp4           19  ...    0.034039         0.0
19  word_h1_04_pseudo.mp4           20  ...    0.026573         0.0
20  word_h1_04_pseudo.mp4           21  ...    0.030746         0.0
21  word_h1_04_pseudo.mp4           22  ...    0.024453         0.0
22  word_h1_04_pseudo.mp4           23  ...    0.023139         0.0
23  word_h1_04_pseudo.mp4           24  ...    0.002593         0.0
24  word_h1_04_pseudo.mp4           25  ...    0.007351         0.0
25  word_h1_04_pseudo.mp4           26  ...    0.002392         0.0
26  word_h1_04_pseudo.mp4           27  ...   -0.005398         0.0
27  word_h1_04_pseudo.mp4           28  ...   -0.004263         0.0
28  word_h1_04_pseudo.mp4           29  ...    0.002025         0.0
29  word_h1_04_pseudo.mp4           30  ...   -0.000110         0.0
30  word_h1_04_pseudo.mp4           31  ...   -0.003283         0.0
31  word_h1_04_pseudo.mp4           32  ...   -0.002700         0.0
32  word_h1_04_pseudo.mp4           33  ...   -0.004741         0.0
33  word_h1_04_pseudo.mp4           34  ...   -0.015632         0.0
34  word_h1_04_pseudo.mp4           35  ...   -0.014285         0.0
35  word_h1_04_pseudo.mp4           36  ...   -0.009619         0.0
36  word_h1_04_pseudo.mp4           37  ...   -0.005675         0.0
37  word_h1_04_pseudo.mp4           38  ...   -0.000443         0.0
38  word_h1_04_pseudo.mp4           39  ...    0.032779         0.0
39  word_h1_04_pseudo.mp4           40  ...    0.026330         0.0
40  word_h1_04_pseudo.mp4           41  ...    0.012703         0.0
41  word_h1_04_pseudo.mp4           42  ...    0.021093         0.0
42  word_h1_04_pseudo.mp4           43  ...    0.015502         0.0
43  word_h1_04_pseudo.mp4           44  ...    0.007591         0.0
44  word_h1_04_pseudo.mp4           45  ...    0.003170         0.0
45  word_h1_04_pseudo.mp4           46  ...    0.026503         0.0
46  word_h1_04_pseudo.mp4           47  ...    0.053989         0.0
47  word_h1_04_pseudo.mp4           48  ...    0.111364         0.0

[48 rows x 1958 columns]
Extracting features...
Face width computed for normalizaiton 0.16028053077299986
Features saved to: ../output/word_h1_04_pseudo_features.csv
                 fn_video  ... distance_r_hand6_r_hand10
0   word_h1_04_pseudo.mp4  ...                  0.214049
1   word_h1_04_pseudo.mp4  ...                  0.229283
2   word_h1_04_pseudo.mp4  ...                  0.245900
3   word_h1_04_pseudo.mp4  ...                  0.230809
4   word_h1_04_pseudo.mp4  ...                  0.238300
5   word_h1_04_pseudo.mp4  ...                  0.241276
6   word_h1_04_pseudo.mp4  ...                  0.222764
7   word_h1_04_pseudo.mp4  ...                  0.207682
8   word_h1_04_pseudo.mp4  ...                  0.207852
9   word_h1_04_pseudo.mp4  ...                  0.191722
10  word_h1_04_pseudo.mp4  ...                  0.177445
11  word_h1_04_pseudo.mp4  ...                  0.178688
12  word_h1_04_pseudo.mp4  ...                  0.160139
13  word_h1_04_pseudo.mp4  ...                  0.163273
14  word_h1_04_pseudo.mp4  ...                  0.156071
15  word_h1_04_pseudo.mp4  ...                  0.157554
16  word_h1_04_pseudo.mp4  ...                  0.150963
17  word_h1_04_pseudo.mp4  ...                  0.153312
18  word_h1_04_pseudo.mp4  ...                  0.157681
19  word_h1_04_pseudo.mp4  ...                  0.157668
20  word_h1_04_pseudo.mp4  ...                  0.158076
21  word_h1_04_pseudo.mp4  ...                  0.156855
22  word_h1_04_pseudo.mp4  ...                  0.163196
23  word_h1_04_pseudo.mp4  ...                  0.184865
24  word_h1_04_pseudo.mp4  ...                  0.250191
25  word_h1_04_pseudo.mp4  ...                  0.319682
26  word_h1_04_pseudo.mp4  ...                  0.301735
27  word_h1_04_pseudo.mp4  ...                  0.296815
28  word_h1_04_pseudo.mp4  ...                  0.279236
29  word_h1_04_pseudo.mp4  ...                  0.283770
30  word_h1_04_pseudo.mp4  ...                  0.272302
31  word_h1_04_pseudo.mp4  ...                  0.242925
32  word_h1_04_pseudo.mp4  ...                  0.239474
33  word_h1_04_pseudo.mp4  ...                  0.188287
34  word_h1_04_pseudo.mp4  ...                  0.183584
35  word_h1_04_pseudo.mp4  ...                  0.174212
36  word_h1_04_pseudo.mp4  ...                  0.181501
37  word_h1_04_pseudo.mp4  ...                  0.173931
38  word_h1_04_pseudo.mp4  ...                  0.161855
39  word_h1_04_pseudo.mp4  ...                  0.177686
40  word_h1_04_pseudo.mp4  ...                  0.176427
41  word_h1_04_pseudo.mp4  ...                  0.174352
42  word_h1_04_pseudo.mp4  ...                  0.180450
43  word_h1_04_pseudo.mp4  ...                  0.179980
44  word_h1_04_pseudo.mp4  ...                  0.195419
45  word_h1_04_pseudo.mp4  ...                  0.210768
46  word_h1_04_pseudo.mp4  ...                  0.203668
47  word_h1_04_pseudo.mp4  ...                  0.248181

[48 rows x 30 columns]
csv file with predictions was saved to ../output/predictions_rf_shape_female_cropped_word_h1_04_pseudo.csv
