python is /network/lustre/iss02/home/annahita.sarre/anaconda3/envs/myenv/bin/python
Loaded model: ../trained_models/model_rf_position_female_cropped.pkl
Loaded video: ../stimuli/words/mp4/word_l0_07.mp4
Extracting coordinates...
          fn_video frame_number   x_face0  ...  y_r_hand20  z_r_hand20  v_r_hand20
0   word_l0_07.mp4            1  0.506291  ...    0.935395    0.034849         0.0
1   word_l0_07.mp4            2  0.505201  ...    0.888634    0.027391         0.0
2   word_l0_07.mp4            3  0.504641  ...    0.865258    0.029101         0.0
3   word_l0_07.mp4            4  0.504337  ...    0.840776    0.036390         0.0
4   word_l0_07.mp4            5  0.503823  ...    0.817278    0.044924         0.0
5   word_l0_07.mp4            6  0.503807  ...    0.793519    0.040703         0.0
6   word_l0_07.mp4            7  0.503833  ...    0.770517    0.042108         0.0
7   word_l0_07.mp4            8  0.504642  ...    0.754468    0.044065         0.0
8   word_l0_07.mp4            9  0.504797  ...    0.732961    0.032532         0.0
9   word_l0_07.mp4           10  0.504976  ...    0.707148    0.025678         0.0
10  word_l0_07.mp4           11  0.505033  ...    0.684748    0.019421         0.0
11  word_l0_07.mp4           12  0.505003  ...    0.664708    0.015567         0.0
12  word_l0_07.mp4           13  0.504466  ...    0.642830    0.009556         0.0
13  word_l0_07.mp4           14  0.504512  ...    0.627178    0.007179         0.0
14  word_l0_07.mp4           15  0.504350  ...    0.610928   -0.004440         0.0
15  word_l0_07.mp4           16  0.504121  ...    0.604189   -0.001896         0.0
16  word_l0_07.mp4           17  0.503354  ...    0.602854   -0.009618         0.0
17  word_l0_07.mp4           18  0.503063  ...    0.598600   -0.000034         0.0
18  word_l0_07.mp4           19  0.502898  ...    0.592841   -0.015631         0.0
19  word_l0_07.mp4           20  0.502504  ...    0.599161   -0.018266         0.0
20  word_l0_07.mp4           21  0.502650  ...    0.596104   -0.011321         0.0
21  word_l0_07.mp4           22  0.503815  ...    0.593773   -0.009098         0.0
22  word_l0_07.mp4           23  0.504722  ...    0.580293   -0.018695         0.0
23  word_l0_07.mp4           24  0.504291  ...    0.575218   -0.009866         0.0
24  word_l0_07.mp4           25  0.504183  ...    0.572086   -0.017288         0.0
25  word_l0_07.mp4           26  0.503813  ...    0.571554   -0.017648         0.0
26  word_l0_07.mp4           27  0.503879  ...    0.570754   -0.011016         0.0
27  word_l0_07.mp4           28  0.503975  ...    0.570966   -0.003864         0.0
28  word_l0_07.mp4           29  0.503775  ...    0.572615   -0.002421         0.0
29  word_l0_07.mp4           30  0.503950  ...    0.572449    0.002693         0.0
30  word_l0_07.mp4           31  0.503448  ...    0.574726    0.010008         0.0
31  word_l0_07.mp4           32  0.504001  ...    0.578372    0.007606         0.0
32  word_l0_07.mp4           33  0.504138  ...    0.583550   -0.006390         0.0
33  word_l0_07.mp4           34  0.503771  ...    0.588203    0.015941         0.0
34  word_l0_07.mp4           35  0.503573  ...    0.590553   -0.016164         0.0
35  word_l0_07.mp4           36  0.501979  ...    0.586227   -0.020628         0.0
36  word_l0_07.mp4           37  0.501267  ...    0.590678   -0.011769         0.0
37  word_l0_07.mp4           38  0.500366  ...    0.594324   -0.010480         0.0
38  word_l0_07.mp4           39  0.500576  ...    0.599074   -0.013045         0.0
39  word_l0_07.mp4           40  0.500497  ...    0.604694   -0.006316         0.0
40  word_l0_07.mp4           41  0.500697  ...    0.608998    0.000921         0.0
41  word_l0_07.mp4           42  0.501529  ...    0.610183    0.005198         0.0
42  word_l0_07.mp4           43  0.502151  ...    0.609648    0.001421         0.0
43  word_l0_07.mp4           44  0.502227  ...    0.610417    0.005346         0.0
44  word_l0_07.mp4           45  0.502331  ...    0.610040    0.002810         0.0
45  word_l0_07.mp4           46  0.502631  ...    0.609941    0.005526         0.0
46  word_l0_07.mp4           47  0.502676  ...    0.610256    0.005753         0.0
47  word_l0_07.mp4           48  0.503089  ...    0.609298    0.005987         0.0
48  word_l0_07.mp4           49  0.502922  ...    0.610067    0.012729         0.0
49  word_l0_07.mp4           50  0.503191  ...    0.609699    0.014257         0.0
50  word_l0_07.mp4           51  0.503277  ...    0.610081    0.014692         0.0
51  word_l0_07.mp4           52  0.503397  ...    0.608993    0.010130         0.0
52  word_l0_07.mp4           53  0.503472  ...    0.608743    0.011798         0.0
53  word_l0_07.mp4           54  0.503789  ...    0.608996    0.011487         0.0
54  word_l0_07.mp4           55  0.503108  ...    0.608135    0.017500         0.0
55  word_l0_07.mp4           56  0.502809  ...    0.607506    0.017793         0.0
56  word_l0_07.mp4           57  0.502772  ...    0.607624    0.013737         0.0

[57 rows x 1958 columns]
Extracting features...
Face width computed for normalizaiton 0.1579608746317866
Features saved to: ../output/word_l0_07_features.csv
          fn_video  ... distance_r_hand6_r_hand10
0   word_l0_07.mp4  ...                  0.237950
1   word_l0_07.mp4  ...                  0.211255
2   word_l0_07.mp4  ...                  0.206759
3   word_l0_07.mp4  ...                  0.208658
4   word_l0_07.mp4  ...                  0.198009
5   word_l0_07.mp4  ...                  0.195152
6   word_l0_07.mp4  ...                  0.193893
7   word_l0_07.mp4  ...                  0.187271
8   word_l0_07.mp4  ...                  0.185783
9   word_l0_07.mp4  ...                  0.182971
10  word_l0_07.mp4  ...                  0.174590
11  word_l0_07.mp4  ...                  0.171929
12  word_l0_07.mp4  ...                  0.158639
13  word_l0_07.mp4  ...                  0.159755
14  word_l0_07.mp4  ...                  0.153867
15  word_l0_07.mp4  ...                  0.150981
16  word_l0_07.mp4  ...                  0.143854
17  word_l0_07.mp4  ...                  0.140414
18  word_l0_07.mp4  ...                  0.136295
19  word_l0_07.mp4  ...                  0.137808
20  word_l0_07.mp4  ...                  0.143221
21  word_l0_07.mp4  ...                  0.147484
22  word_l0_07.mp4  ...                  0.155243
23  word_l0_07.mp4  ...                  0.172392
24  word_l0_07.mp4  ...                  0.151412
25  word_l0_07.mp4  ...                  0.177734
26  word_l0_07.mp4  ...                  0.183447
27  word_l0_07.mp4  ...                  0.186437
28  word_l0_07.mp4  ...                  0.169515
29  word_l0_07.mp4  ...                  0.173045
30  word_l0_07.mp4  ...                  0.197957
31  word_l0_07.mp4  ...                  0.150871
32  word_l0_07.mp4  ...                  0.143501
33  word_l0_07.mp4  ...                  0.151149
34  word_l0_07.mp4  ...                  0.143302
35  word_l0_07.mp4  ...                  0.137928
36  word_l0_07.mp4  ...                  0.145440
37  word_l0_07.mp4  ...                  0.138308
38  word_l0_07.mp4  ...                  0.139547
39  word_l0_07.mp4  ...                  0.140334
40  word_l0_07.mp4  ...                  0.142913
41  word_l0_07.mp4  ...                  0.144439
42  word_l0_07.mp4  ...                  0.143540
43  word_l0_07.mp4  ...                  0.146047
44  word_l0_07.mp4  ...                  0.142097
45  word_l0_07.mp4  ...                  0.142914
46  word_l0_07.mp4  ...                  0.144493
47  word_l0_07.mp4  ...                  0.142140
48  word_l0_07.mp4  ...                  0.143363
49  word_l0_07.mp4  ...                  0.144989
50  word_l0_07.mp4  ...                  0.141395
51  word_l0_07.mp4  ...                  0.141141
52  word_l0_07.mp4  ...                  0.142670
53  word_l0_07.mp4  ...                  0.142413
54  word_l0_07.mp4  ...                  0.143864
55  word_l0_07.mp4  ...                  0.146029
56  word_l0_07.mp4  ...                  0.144229

[57 rows x 30 columns]
csv file with predictions was saved to ../output/predictions_rf_position_female_cropped_word_l0_07.csv
Loaded model: ../trained_models/model_rf_shape_female_cropped.pkl
Loaded video: ../stimuli/words/mp4/word_l0_07.mp4
Extracting coordinates...
          fn_video frame_number   x_face0  ...  y_r_hand20  z_r_hand20  v_r_hand20
0   word_l0_07.mp4            1  0.506291  ...    0.935395    0.034849         0.0
1   word_l0_07.mp4            2  0.505201  ...    0.888634    0.027391         0.0
2   word_l0_07.mp4            3  0.504641  ...    0.865258    0.029101         0.0
3   word_l0_07.mp4            4  0.504337  ...    0.840776    0.036390         0.0
4   word_l0_07.mp4            5  0.503823  ...    0.817278    0.044924         0.0
5   word_l0_07.mp4            6  0.503807  ...    0.793519    0.040703         0.0
6   word_l0_07.mp4            7  0.503833  ...    0.770517    0.042108         0.0
7   word_l0_07.mp4            8  0.504642  ...    0.754468    0.044065         0.0
8   word_l0_07.mp4            9  0.504797  ...    0.732961    0.032532         0.0
9   word_l0_07.mp4           10  0.504976  ...    0.707148    0.025678         0.0
10  word_l0_07.mp4           11  0.505033  ...    0.684748    0.019421         0.0
11  word_l0_07.mp4           12  0.505003  ...    0.664708    0.015567         0.0
12  word_l0_07.mp4           13  0.504466  ...    0.642830    0.009556         0.0
13  word_l0_07.mp4           14  0.504512  ...    0.627178    0.007179         0.0
14  word_l0_07.mp4           15  0.504350  ...    0.610928   -0.004440         0.0
15  word_l0_07.mp4           16  0.504121  ...    0.604189   -0.001896         0.0
16  word_l0_07.mp4           17  0.503354  ...    0.602854   -0.009618         0.0
17  word_l0_07.mp4           18  0.503063  ...    0.598600   -0.000034         0.0
18  word_l0_07.mp4           19  0.502898  ...    0.592841   -0.015631         0.0
19  word_l0_07.mp4           20  0.502504  ...    0.599161   -0.018266         0.0
20  word_l0_07.mp4           21  0.502650  ...    0.596104   -0.011321         0.0
21  word_l0_07.mp4           22  0.503815  ...    0.593773   -0.009098         0.0
22  word_l0_07.mp4           23  0.504722  ...    0.580293   -0.018695         0.0
23  word_l0_07.mp4           24  0.504291  ...    0.575218   -0.009866         0.0
24  word_l0_07.mp4           25  0.504183  ...    0.572086   -0.017288         0.0
25  word_l0_07.mp4           26  0.503813  ...    0.571554   -0.017648         0.0
26  word_l0_07.mp4           27  0.503879  ...    0.570754   -0.011016         0.0
27  word_l0_07.mp4           28  0.503975  ...    0.570966   -0.003864         0.0
28  word_l0_07.mp4           29  0.503775  ...    0.572615   -0.002421         0.0
29  word_l0_07.mp4           30  0.503950  ...    0.572449    0.002693         0.0
30  word_l0_07.mp4           31  0.503448  ...    0.574726    0.010008         0.0
31  word_l0_07.mp4           32  0.504001  ...    0.578372    0.007606         0.0
32  word_l0_07.mp4           33  0.504138  ...    0.583550   -0.006390         0.0
33  word_l0_07.mp4           34  0.503771  ...    0.588203    0.015941         0.0
34  word_l0_07.mp4           35  0.503573  ...    0.590553   -0.016164         0.0
35  word_l0_07.mp4           36  0.501979  ...    0.586227   -0.020628         0.0
36  word_l0_07.mp4           37  0.501267  ...    0.590678   -0.011769         0.0
37  word_l0_07.mp4           38  0.500366  ...    0.594324   -0.010480         0.0
38  word_l0_07.mp4           39  0.500576  ...    0.599074   -0.013045         0.0
39  word_l0_07.mp4           40  0.500497  ...    0.604694   -0.006316         0.0
40  word_l0_07.mp4           41  0.500697  ...    0.608998    0.000921         0.0
41  word_l0_07.mp4           42  0.501529  ...    0.610183    0.005198         0.0
42  word_l0_07.mp4           43  0.502151  ...    0.609648    0.001421         0.0
43  word_l0_07.mp4           44  0.502227  ...    0.610417    0.005346         0.0
44  word_l0_07.mp4           45  0.502331  ...    0.610040    0.002810         0.0
45  word_l0_07.mp4           46  0.502631  ...    0.609941    0.005526         0.0
46  word_l0_07.mp4           47  0.502676  ...    0.610256    0.005753         0.0
47  word_l0_07.mp4           48  0.503089  ...    0.609298    0.005987         0.0
48  word_l0_07.mp4           49  0.502922  ...    0.610067    0.012729         0.0
49  word_l0_07.mp4           50  0.503191  ...    0.609699    0.014257         0.0
50  word_l0_07.mp4           51  0.503277  ...    0.610081    0.014692         0.0
51  word_l0_07.mp4           52  0.503397  ...    0.608993    0.010130         0.0
52  word_l0_07.mp4           53  0.503472  ...    0.608743    0.011798         0.0
53  word_l0_07.mp4           54  0.503789  ...    0.608996    0.011487         0.0
54  word_l0_07.mp4           55  0.503108  ...    0.608135    0.017500         0.0
55  word_l0_07.mp4           56  0.502809  ...    0.607506    0.017793         0.0
56  word_l0_07.mp4           57  0.502772  ...    0.607624    0.013737         0.0

[57 rows x 1958 columns]
Extracting features...
Face width computed for normalizaiton 0.1579608746317866
Features saved to: ../output/word_l0_07_features.csv
          fn_video  ... distance_r_hand6_r_hand10
0   word_l0_07.mp4  ...                  0.237950
1   word_l0_07.mp4  ...                  0.211255
2   word_l0_07.mp4  ...                  0.206759
3   word_l0_07.mp4  ...                  0.208658
4   word_l0_07.mp4  ...                  0.198009
5   word_l0_07.mp4  ...                  0.195152
6   word_l0_07.mp4  ...                  0.193893
7   word_l0_07.mp4  ...                  0.187271
8   word_l0_07.mp4  ...                  0.185783
9   word_l0_07.mp4  ...                  0.182971
10  word_l0_07.mp4  ...                  0.174590
11  word_l0_07.mp4  ...                  0.171929
12  word_l0_07.mp4  ...                  0.158639
13  word_l0_07.mp4  ...                  0.159755
14  word_l0_07.mp4  ...                  0.153867
15  word_l0_07.mp4  ...                  0.150981
16  word_l0_07.mp4  ...                  0.143854
17  word_l0_07.mp4  ...                  0.140414
18  word_l0_07.mp4  ...                  0.136295
19  word_l0_07.mp4  ...                  0.137808
20  word_l0_07.mp4  ...                  0.143221
21  word_l0_07.mp4  ...                  0.147484
22  word_l0_07.mp4  ...                  0.155243
23  word_l0_07.mp4  ...                  0.172392
24  word_l0_07.mp4  ...                  0.151412
25  word_l0_07.mp4  ...                  0.177734
26  word_l0_07.mp4  ...                  0.183447
27  word_l0_07.mp4  ...                  0.186437
28  word_l0_07.mp4  ...                  0.169515
29  word_l0_07.mp4  ...                  0.173045
30  word_l0_07.mp4  ...                  0.197957
31  word_l0_07.mp4  ...                  0.150871
32  word_l0_07.mp4  ...                  0.143501
33  word_l0_07.mp4  ...                  0.151149
34  word_l0_07.mp4  ...                  0.143302
35  word_l0_07.mp4  ...                  0.137928
36  word_l0_07.mp4  ...                  0.145440
37  word_l0_07.mp4  ...                  0.138308
38  word_l0_07.mp4  ...                  0.139547
39  word_l0_07.mp4  ...                  0.140334
40  word_l0_07.mp4  ...                  0.142913
41  word_l0_07.mp4  ...                  0.144439
42  word_l0_07.mp4  ...                  0.143540
43  word_l0_07.mp4  ...                  0.146047
44  word_l0_07.mp4  ...                  0.142097
45  word_l0_07.mp4  ...                  0.142914
46  word_l0_07.mp4  ...                  0.144493
47  word_l0_07.mp4  ...                  0.142140
48  word_l0_07.mp4  ...                  0.143363
49  word_l0_07.mp4  ...                  0.144989
50  word_l0_07.mp4  ...                  0.141395
51  word_l0_07.mp4  ...                  0.141141
52  word_l0_07.mp4  ...                  0.142670
53  word_l0_07.mp4  ...                  0.142413
54  word_l0_07.mp4  ...                  0.143864
55  word_l0_07.mp4  ...                  0.146029
56  word_l0_07.mp4  ...                  0.144229

[57 rows x 30 columns]
csv file with predictions was saved to ../output/predictions_rf_shape_female_cropped_word_l0_07.csv
