python is /network/lustre/iss02/home/annahita.sarre/anaconda3/envs/myenv/bin/python
Loaded model: ../trained_models/model_rf_position_female_cropped.pkl
Loaded video: ../stimuli/words/mp4/word_h0_32.mp4
Extracting coordinates...
          fn_video frame_number   x_face0  ...  y_r_hand20  z_r_hand20  v_r_hand20
0   word_h0_32.mp4            1  0.498557  ...    0.967819    0.002042         0.0
1   word_h0_32.mp4            2  0.497569  ...    0.922646    0.014955         0.0
2   word_h0_32.mp4            3  0.497367  ...    0.889530    0.015738         0.0
3   word_h0_32.mp4            4  0.497084  ...    0.852642    0.024660         0.0
4   word_h0_32.mp4            5  0.496933  ...    0.824971    0.024382         0.0
..             ...          ...       ...  ...         ...         ...         ...
73  word_h0_32.mp4           74  0.496640  ...    0.750920    0.013477         0.0
74  word_h0_32.mp4           75  0.496892  ...    0.763922    0.015437         0.0
75  word_h0_32.mp4           76  0.497072  ...    0.778640    0.015226         0.0
76  word_h0_32.mp4           77  0.496999  ...    0.788276    0.023355         0.0
77  word_h0_32.mp4           78  0.496909  ...    0.807804    0.020863         0.0

[78 rows x 1958 columns]
Extracting features...
Face width computed for normalizaiton 0.16000934747439421
Features saved to: ../output/word_h0_32_features.csv
          fn_video  ... distance_r_hand6_r_hand10
0   word_h0_32.mp4  ...                  0.237475
1   word_h0_32.mp4  ...                  0.239475
2   word_h0_32.mp4  ...                  0.227593
3   word_h0_32.mp4  ...                  0.231955
4   word_h0_32.mp4  ...                  0.254073
..             ...  ...                       ...
73  word_h0_32.mp4  ...                  0.214102
74  word_h0_32.mp4  ...                  0.207851
75  word_h0_32.mp4  ...                  0.205346
76  word_h0_32.mp4  ...                  0.196358
77  word_h0_32.mp4  ...                  0.194735

[78 rows x 30 columns]
csv file with predictions was saved to ../output/predictions_rf_position_female_cropped_word_h0_32.csv
Loaded model: ../trained_models/model_rf_shape_female_cropped.pkl
Loaded video: ../stimuli/words/mp4/word_h0_32.mp4
Extracting coordinates...
          fn_video frame_number   x_face0  ...  y_r_hand20  z_r_hand20  v_r_hand20
0   word_h0_32.mp4            1  0.498557  ...    0.967819    0.002042         0.0
1   word_h0_32.mp4            2  0.497569  ...    0.922646    0.014955         0.0
2   word_h0_32.mp4            3  0.497367  ...    0.889530    0.015738         0.0
3   word_h0_32.mp4            4  0.497084  ...    0.852642    0.024660         0.0
4   word_h0_32.mp4            5  0.496933  ...    0.824971    0.024382         0.0
..             ...          ...       ...  ...         ...         ...         ...
73  word_h0_32.mp4           74  0.496640  ...    0.750920    0.013477         0.0
74  word_h0_32.mp4           75  0.496892  ...    0.763922    0.015437         0.0
75  word_h0_32.mp4           76  0.497072  ...    0.778640    0.015226         0.0
76  word_h0_32.mp4           77  0.496999  ...    0.788276    0.023355         0.0
77  word_h0_32.mp4           78  0.496909  ...    0.807804    0.020863         0.0

[78 rows x 1958 columns]
Extracting features...
Face width computed for normalizaiton 0.16000934747439421
Features saved to: ../output/word_h0_32_features.csv
          fn_video  ... distance_r_hand6_r_hand10
0   word_h0_32.mp4  ...                  0.237475
1   word_h0_32.mp4  ...                  0.239475
2   word_h0_32.mp4  ...                  0.227593
3   word_h0_32.mp4  ...                  0.231955
4   word_h0_32.mp4  ...                  0.254073
..             ...  ...                       ...
73  word_h0_32.mp4  ...                  0.214102
74  word_h0_32.mp4  ...                  0.207851
75  word_h0_32.mp4  ...                  0.205346
76  word_h0_32.mp4  ...                  0.196358
77  word_h0_32.mp4  ...                  0.194735

[78 rows x 30 columns]
csv file with predictions was saved to ../output/predictions_rf_shape_female_cropped_word_h0_32.csv
