python is /network/lustre/iss02/home/annahita.sarre/anaconda3/envs/myenv/bin/python
Loaded model: ../trained_models/model_rf_position_female_cropped.pkl
Loaded video: ../stimuli/words/mp4/word_l0_11.mp4
Extracting coordinates...
          fn_video frame_number   x_face0  ...  y_r_hand20  z_r_hand20  v_r_hand20
0   word_l0_11.mp4            1  0.497138  ...    0.977770    0.006083         0.0
1   word_l0_11.mp4            2  0.496403  ...    0.970756    0.013784         0.0
2   word_l0_11.mp4            3  0.495676  ...    0.941204    0.009691         0.0
3   word_l0_11.mp4            4  0.495658  ...    0.880848    0.036865         0.0
4   word_l0_11.mp4            5  0.495915  ...    0.844657    0.037870         0.0
5   word_l0_11.mp4            6  0.495600  ...    0.804950    0.016247         0.0
6   word_l0_11.mp4            7  0.495620  ...    0.782070    0.018840         0.0
7   word_l0_11.mp4            8  0.495717  ...    0.758810    0.032166         0.0
8   word_l0_11.mp4            9  0.495977  ...    0.734492    0.020421         0.0
9   word_l0_11.mp4           10  0.495898  ...    0.707309    0.011013         0.0
10  word_l0_11.mp4           11  0.497308  ...    0.687137    0.015900         0.0
11  word_l0_11.mp4           12  0.497570  ...    0.664688    0.010025         0.0
12  word_l0_11.mp4           13  0.497353  ...    0.648532    0.007899         0.0
13  word_l0_11.mp4           14  0.497343  ...    0.641375    0.013890         0.0
14  word_l0_11.mp4           15  0.497563  ...    0.627963   -0.005984         0.0
15  word_l0_11.mp4           16  0.497380  ...    0.623083   -0.007540         0.0
16  word_l0_11.mp4           17  0.497080  ...    0.608359   -0.015452         0.0
17  word_l0_11.mp4           18  0.497470  ...    0.599212   -0.017686         0.0
18  word_l0_11.mp4           19  0.497125  ...    0.592707   -0.017857         0.0
19  word_l0_11.mp4           20  0.496714  ...    0.600072   -0.023772         0.0
20  word_l0_11.mp4           21  0.496072  ...    0.640696    0.010287         0.0
21  word_l0_11.mp4           22  0.494722  ...    0.675018    0.019273         0.0
22  word_l0_11.mp4           23  0.494270  ...    0.679431    0.006052         0.0
23  word_l0_11.mp4           24  0.493804  ...    0.685532    0.010714         0.0
24  word_l0_11.mp4           25  0.493938  ...    0.689881   -0.003286         0.0
25  word_l0_11.mp4           26  0.494943  ...    0.696481   -0.003200         0.0
26  word_l0_11.mp4           27  0.495139  ...    0.705186   -0.004529         0.0
27  word_l0_11.mp4           28  0.495353  ...    0.719963   -0.006146         0.0
28  word_l0_11.mp4           29  0.495451  ...    0.734096   -0.006478         0.0
29  word_l0_11.mp4           30  0.495644  ...    0.753974   -0.003031         0.0
30  word_l0_11.mp4           31  0.496394  ...    0.770333   -0.000604         0.0
31  word_l0_11.mp4           32  0.496496  ...    0.793249    0.005409         0.0
32  word_l0_11.mp4           33  0.496574  ...    0.819926    0.008051         0.0
33  word_l0_11.mp4           34  0.497099  ...    0.844346    0.021389         0.0
34  word_l0_11.mp4           35  0.497475  ...    0.864786    0.021190         0.0
35  word_l0_11.mp4           36  0.498652  ...    0.883013    0.023282         0.0
36  word_l0_11.mp4           37  0.498511  ...    0.899212    0.027952         0.0
37  word_l0_11.mp4           38  0.498282  ...    0.905879    0.064634         0.0
38  word_l0_11.mp4           39  0.497887  ...    0.909496    0.058332         0.0
39  word_l0_11.mp4           40  0.497736  ...    0.914168    0.039736         0.0
40  word_l0_11.mp4           41  0.497557  ...    0.914072    0.049877         0.0
41  word_l0_11.mp4           42  0.497681  ...    0.913745    0.056576         0.0
42  word_l0_11.mp4           43  0.497452  ...    0.914261    0.047517         0.0
43  word_l0_11.mp4           44  0.496764  ...    0.914733    0.066964         0.0
44  word_l0_11.mp4           45  0.496238  ...    0.914058    0.043258         0.0
45  word_l0_11.mp4           46  0.496245  ...    0.916338    0.046501         0.0
46  word_l0_11.mp4           47  0.496381  ...    0.914115    0.050169         0.0
47  word_l0_11.mp4           48  0.496550  ...    0.914044    0.045460         0.0
48  word_l0_11.mp4           49  0.496350  ...    0.913501    0.041809         0.0
49  word_l0_11.mp4           50  0.496401  ...    0.913993    0.041543         0.0
50  word_l0_11.mp4           51  0.496649  ...    0.914031    0.058763         0.0
51  word_l0_11.mp4           52  0.496819  ...    0.916446    0.050626         0.0
52  word_l0_11.mp4           53  0.497142  ...    0.914581    0.038293         0.0
53  word_l0_11.mp4           54  0.496967  ...    0.914720    0.038654         0.0
54  word_l0_11.mp4           55  0.497080  ...    0.914653    0.047170         0.0
55  word_l0_11.mp4           56  0.497247  ...    0.915199    0.046023         0.0
56  word_l0_11.mp4           57  0.497617  ...    0.920403    0.056207         0.0

[57 rows x 1958 columns]
Extracting features...
Face width computed for normalizaiton 0.15893121893861767
Features saved to: ../output/word_l0_11_features.csv
          fn_video  ... distance_r_hand6_r_hand10
0   word_l0_11.mp4  ...                  0.093511
1   word_l0_11.mp4  ...                  0.195566
2   word_l0_11.mp4  ...                  0.228681
3   word_l0_11.mp4  ...                  0.193064
4   word_l0_11.mp4  ...                  0.174443
5   word_l0_11.mp4  ...                  0.159433
6   word_l0_11.mp4  ...                  0.164148
7   word_l0_11.mp4  ...                  0.165018
8   word_l0_11.mp4  ...                  0.163582
9   word_l0_11.mp4  ...                  0.157196
10  word_l0_11.mp4  ...                  0.156394
11  word_l0_11.mp4  ...                  0.145065
12  word_l0_11.mp4  ...                  0.138523
13  word_l0_11.mp4  ...                  0.139385
14  word_l0_11.mp4  ...                  0.139087
15  word_l0_11.mp4  ...                  0.137335
16  word_l0_11.mp4  ...                  0.141064
17  word_l0_11.mp4  ...                  0.137747
18  word_l0_11.mp4  ...                  0.150167
19  word_l0_11.mp4  ...                  0.194084
20  word_l0_11.mp4  ...                  0.228433
21  word_l0_11.mp4  ...                  0.279709
22  word_l0_11.mp4  ...                  0.291712
23  word_l0_11.mp4  ...                  0.299791
24  word_l0_11.mp4  ...                  0.299049
25  word_l0_11.mp4  ...                  0.304883
26  word_l0_11.mp4  ...                  0.301892
27  word_l0_11.mp4  ...                  0.302642
28  word_l0_11.mp4  ...                  0.283692
29  word_l0_11.mp4  ...                  0.255246
30  word_l0_11.mp4  ...                  0.251845
31  word_l0_11.mp4  ...                  0.272877
32  word_l0_11.mp4  ...                  0.252410
33  word_l0_11.mp4  ...                  0.222018
34  word_l0_11.mp4  ...                  0.213336
35  word_l0_11.mp4  ...                  0.218184
36  word_l0_11.mp4  ...                  0.199759
37  word_l0_11.mp4  ...                  0.226050
38  word_l0_11.mp4  ...                  0.220449
39  word_l0_11.mp4  ...                  0.223298
40  word_l0_11.mp4  ...                  0.224491
41  word_l0_11.mp4  ...                  0.233095
42  word_l0_11.mp4  ...                  0.224000
43  word_l0_11.mp4  ...                  0.227298
44  word_l0_11.mp4  ...                  0.227921
45  word_l0_11.mp4  ...                  0.228881
46  word_l0_11.mp4  ...                  0.225091
47  word_l0_11.mp4  ...                  0.213790
48  word_l0_11.mp4  ...                  0.211325
49  word_l0_11.mp4  ...                  0.220313
50  word_l0_11.mp4  ...                  0.220754
51  word_l0_11.mp4  ...                  0.232292
52  word_l0_11.mp4  ...                  0.229073
53  word_l0_11.mp4  ...                  0.235365
54  word_l0_11.mp4  ...                  0.222227
55  word_l0_11.mp4  ...                  0.211541
56  word_l0_11.mp4  ...                  0.203282

[57 rows x 30 columns]
csv file with predictions was saved to ../output/predictions_rf_position_female_cropped_word_l0_11.csv
Loaded model: ../trained_models/model_rf_shape_female_cropped.pkl
Loaded video: ../stimuli/words/mp4/word_l0_11.mp4
Extracting coordinates...
          fn_video frame_number   x_face0  ...  y_r_hand20  z_r_hand20  v_r_hand20
0   word_l0_11.mp4            1  0.497138  ...    0.977770    0.006083         0.0
1   word_l0_11.mp4            2  0.496403  ...    0.970756    0.013784         0.0
2   word_l0_11.mp4            3  0.495676  ...    0.941204    0.009691         0.0
3   word_l0_11.mp4            4  0.495658  ...    0.880848    0.036865         0.0
4   word_l0_11.mp4            5  0.495915  ...    0.844657    0.037870         0.0
5   word_l0_11.mp4            6  0.495600  ...    0.804950    0.016247         0.0
6   word_l0_11.mp4            7  0.495620  ...    0.782070    0.018840         0.0
7   word_l0_11.mp4            8  0.495717  ...    0.758810    0.032166         0.0
8   word_l0_11.mp4            9  0.495977  ...    0.734492    0.020421         0.0
9   word_l0_11.mp4           10  0.495898  ...    0.707309    0.011013         0.0
10  word_l0_11.mp4           11  0.497308  ...    0.687137    0.015900         0.0
11  word_l0_11.mp4           12  0.497570  ...    0.664688    0.010025         0.0
12  word_l0_11.mp4           13  0.497353  ...    0.648532    0.007899         0.0
13  word_l0_11.mp4           14  0.497343  ...    0.641375    0.013890         0.0
14  word_l0_11.mp4           15  0.497563  ...    0.627963   -0.005984         0.0
15  word_l0_11.mp4           16  0.497380  ...    0.623083   -0.007540         0.0
16  word_l0_11.mp4           17  0.497080  ...    0.608359   -0.015452         0.0
17  word_l0_11.mp4           18  0.497470  ...    0.599212   -0.017686         0.0
18  word_l0_11.mp4           19  0.497125  ...    0.592707   -0.017857         0.0
19  word_l0_11.mp4           20  0.496714  ...    0.600072   -0.023772         0.0
20  word_l0_11.mp4           21  0.496072  ...    0.640696    0.010287         0.0
21  word_l0_11.mp4           22  0.494722  ...    0.675018    0.019273         0.0
22  word_l0_11.mp4           23  0.494270  ...    0.679431    0.006052         0.0
23  word_l0_11.mp4           24  0.493804  ...    0.685532    0.010714         0.0
24  word_l0_11.mp4           25  0.493938  ...    0.689881   -0.003286         0.0
25  word_l0_11.mp4           26  0.494943  ...    0.696481   -0.003200         0.0
26  word_l0_11.mp4           27  0.495139  ...    0.705186   -0.004529         0.0
27  word_l0_11.mp4           28  0.495353  ...    0.719963   -0.006146         0.0
28  word_l0_11.mp4           29  0.495451  ...    0.734096   -0.006478         0.0
29  word_l0_11.mp4           30  0.495644  ...    0.753974   -0.003031         0.0
30  word_l0_11.mp4           31  0.496394  ...    0.770333   -0.000604         0.0
31  word_l0_11.mp4           32  0.496496  ...    0.793249    0.005409         0.0
32  word_l0_11.mp4           33  0.496574  ...    0.819926    0.008051         0.0
33  word_l0_11.mp4           34  0.497099  ...    0.844346    0.021389         0.0
34  word_l0_11.mp4           35  0.497475  ...    0.864786    0.021190         0.0
35  word_l0_11.mp4           36  0.498652  ...    0.883013    0.023282         0.0
36  word_l0_11.mp4           37  0.498511  ...    0.899212    0.027952         0.0
37  word_l0_11.mp4           38  0.498282  ...    0.905879    0.064634         0.0
38  word_l0_11.mp4           39  0.497887  ...    0.909496    0.058332         0.0
39  word_l0_11.mp4           40  0.497736  ...    0.914168    0.039736         0.0
40  word_l0_11.mp4           41  0.497557  ...    0.914072    0.049877         0.0
41  word_l0_11.mp4           42  0.497681  ...    0.913745    0.056576         0.0
42  word_l0_11.mp4           43  0.497452  ...    0.914261    0.047517         0.0
43  word_l0_11.mp4           44  0.496764  ...    0.914733    0.066964         0.0
44  word_l0_11.mp4           45  0.496238  ...    0.914058    0.043258         0.0
45  word_l0_11.mp4           46  0.496245  ...    0.916338    0.046501         0.0
46  word_l0_11.mp4           47  0.496381  ...    0.914115    0.050169         0.0
47  word_l0_11.mp4           48  0.496550  ...    0.914044    0.045460         0.0
48  word_l0_11.mp4           49  0.496350  ...    0.913501    0.041809         0.0
49  word_l0_11.mp4           50  0.496401  ...    0.913993    0.041543         0.0
50  word_l0_11.mp4           51  0.496649  ...    0.914031    0.058763         0.0
51  word_l0_11.mp4           52  0.496819  ...    0.916446    0.050626         0.0
52  word_l0_11.mp4           53  0.497142  ...    0.914581    0.038293         0.0
53  word_l0_11.mp4           54  0.496967  ...    0.914720    0.038654         0.0
54  word_l0_11.mp4           55  0.497080  ...    0.914653    0.047170         0.0
55  word_l0_11.mp4           56  0.497247  ...    0.915199    0.046023         0.0
56  word_l0_11.mp4           57  0.497617  ...    0.920403    0.056207         0.0

[57 rows x 1958 columns]
Extracting features...
Face width computed for normalizaiton 0.15893121893861767
Features saved to: ../output/word_l0_11_features.csv
          fn_video  ... distance_r_hand6_r_hand10
0   word_l0_11.mp4  ...                  0.093511
1   word_l0_11.mp4  ...                  0.195566
2   word_l0_11.mp4  ...                  0.228681
3   word_l0_11.mp4  ...                  0.193064
4   word_l0_11.mp4  ...                  0.174443
5   word_l0_11.mp4  ...                  0.159433
6   word_l0_11.mp4  ...                  0.164148
7   word_l0_11.mp4  ...                  0.165018
8   word_l0_11.mp4  ...                  0.163582
9   word_l0_11.mp4  ...                  0.157196
10  word_l0_11.mp4  ...                  0.156394
11  word_l0_11.mp4  ...                  0.145065
12  word_l0_11.mp4  ...                  0.138523
13  word_l0_11.mp4  ...                  0.139385
14  word_l0_11.mp4  ...                  0.139087
15  word_l0_11.mp4  ...                  0.137335
16  word_l0_11.mp4  ...                  0.141064
17  word_l0_11.mp4  ...                  0.137747
18  word_l0_11.mp4  ...                  0.150167
19  word_l0_11.mp4  ...                  0.194084
20  word_l0_11.mp4  ...                  0.228433
21  word_l0_11.mp4  ...                  0.279709
22  word_l0_11.mp4  ...                  0.291712
23  word_l0_11.mp4  ...                  0.299791
24  word_l0_11.mp4  ...                  0.299049
25  word_l0_11.mp4  ...                  0.304883
26  word_l0_11.mp4  ...                  0.301892
27  word_l0_11.mp4  ...                  0.302642
28  word_l0_11.mp4  ...                  0.283692
29  word_l0_11.mp4  ...                  0.255246
30  word_l0_11.mp4  ...                  0.251845
31  word_l0_11.mp4  ...                  0.272877
32  word_l0_11.mp4  ...                  0.252410
33  word_l0_11.mp4  ...                  0.222018
34  word_l0_11.mp4  ...                  0.213336
35  word_l0_11.mp4  ...                  0.218184
36  word_l0_11.mp4  ...                  0.199759
37  word_l0_11.mp4  ...                  0.226050
38  word_l0_11.mp4  ...                  0.220449
39  word_l0_11.mp4  ...                  0.223298
40  word_l0_11.mp4  ...                  0.224491
41  word_l0_11.mp4  ...                  0.233095
42  word_l0_11.mp4  ...                  0.224000
43  word_l0_11.mp4  ...                  0.227298
44  word_l0_11.mp4  ...                  0.227921
45  word_l0_11.mp4  ...                  0.228881
46  word_l0_11.mp4  ...                  0.225091
47  word_l0_11.mp4  ...                  0.213790
48  word_l0_11.mp4  ...                  0.211325
49  word_l0_11.mp4  ...                  0.220313
50  word_l0_11.mp4  ...                  0.220754
51  word_l0_11.mp4  ...                  0.232292
52  word_l0_11.mp4  ...                  0.229073
53  word_l0_11.mp4  ...                  0.235365
54  word_l0_11.mp4  ...                  0.222227
55  word_l0_11.mp4  ...                  0.211541
56  word_l0_11.mp4  ...                  0.203282

[57 rows x 30 columns]
csv file with predictions was saved to ../output/predictions_rf_shape_female_cropped_word_l0_11.csv
