python is /network/lustre/iss02/home/annahita.sarre/anaconda3/envs/myenv/bin/python
Loaded model: ../trained_models/model_rf_position_female_cropped.pkl
Loaded video: ../stimuli/words/mp4/word_h1_17.mp4
Extracting coordinates...
          fn_video frame_number   x_face0  ...  y_r_hand20  z_r_hand20  v_r_hand20
0   word_h1_17.mp4            8  0.503600  ...    1.059745    0.044860         0.0
1   word_h1_17.mp4            9  0.503155  ...    1.018634    0.051283         0.0
2   word_h1_17.mp4           10  0.503167  ...    0.988043    0.054933         0.0
3   word_h1_17.mp4           11  0.503215  ...    0.968116    0.021569         0.0
4   word_h1_17.mp4           12  0.503250  ...    0.946856    0.019730         0.0
..             ...          ...       ...  ...         ...         ...         ...
78  word_h1_17.mp4           86  0.496866  ...    0.814011    0.012876         0.0
79  word_h1_17.mp4           87  0.497140  ...    0.833253    0.014288         0.0
80  word_h1_17.mp4           88  0.497453  ...    0.849288    0.019453         0.0
81  word_h1_17.mp4           89  0.497465  ...    0.869860    0.017290         0.0
82  word_h1_17.mp4           90  0.497847  ...    0.888927    0.015155         0.0

[83 rows x 1958 columns]
Extracting features...
Face width computed for normalizaiton 0.16066330532988615
Features saved to: ../output/word_h1_17_features.csv
          fn_video  ... distance_r_hand6_r_hand10
0   word_h1_17.mp4  ...                  0.209404
1   word_h1_17.mp4  ...                  0.189469
2   word_h1_17.mp4  ...                  0.201516
3   word_h1_17.mp4  ...                  0.208918
4   word_h1_17.mp4  ...                  0.209745
..             ...  ...                       ...
78  word_h1_17.mp4  ...                  0.216999
79  word_h1_17.mp4  ...                  0.219593
80  word_h1_17.mp4  ...                  0.211748
81  word_h1_17.mp4  ...                  0.207377
82  word_h1_17.mp4  ...                  0.211742

[83 rows x 30 columns]
csv file with predictions was saved to ../output/predictions_rf_position_female_cropped_word_h1_17.csv
Loaded model: ../trained_models/model_rf_shape_female_cropped.pkl
Loaded video: ../stimuli/words/mp4/word_h1_17.mp4
Extracting coordinates...
          fn_video frame_number   x_face0  ...  y_r_hand20  z_r_hand20  v_r_hand20
0   word_h1_17.mp4            8  0.503600  ...    1.059745    0.044860         0.0
1   word_h1_17.mp4            9  0.503155  ...    1.018634    0.051283         0.0
2   word_h1_17.mp4           10  0.503167  ...    0.988043    0.054933         0.0
3   word_h1_17.mp4           11  0.503215  ...    0.968116    0.021569         0.0
4   word_h1_17.mp4           12  0.503250  ...    0.946856    0.019730         0.0
..             ...          ...       ...  ...         ...         ...         ...
78  word_h1_17.mp4           86  0.496866  ...    0.814011    0.012876         0.0
79  word_h1_17.mp4           87  0.497140  ...    0.833253    0.014288         0.0
80  word_h1_17.mp4           88  0.497453  ...    0.849288    0.019453         0.0
81  word_h1_17.mp4           89  0.497465  ...    0.869860    0.017290         0.0
82  word_h1_17.mp4           90  0.497847  ...    0.888927    0.015155         0.0

[83 rows x 1958 columns]
Extracting features...
Face width computed for normalizaiton 0.16066330532988615
Features saved to: ../output/word_h1_17_features.csv
          fn_video  ... distance_r_hand6_r_hand10
0   word_h1_17.mp4  ...                  0.209404
1   word_h1_17.mp4  ...                  0.189469
2   word_h1_17.mp4  ...                  0.201516
3   word_h1_17.mp4  ...                  0.208918
4   word_h1_17.mp4  ...                  0.209745
..             ...  ...                       ...
78  word_h1_17.mp4  ...                  0.216999
79  word_h1_17.mp4  ...                  0.219593
80  word_h1_17.mp4  ...                  0.211748
81  word_h1_17.mp4  ...                  0.207377
82  word_h1_17.mp4  ...                  0.211742

[83 rows x 30 columns]
csv file with predictions was saved to ../output/predictions_rf_shape_female_cropped_word_h1_17.csv
