python is /network/lustre/iss02/home/annahita.sarre/anaconda3/envs/myenv/bin/python
Loaded model: ../trained_models/model_rf_position_female_cropped.pkl
Loaded video: ../stimuli/words/mp4/word_h2_36.mp4
Extracting coordinates...
          fn_video frame_number   x_face0  ...  y_r_hand20  z_r_hand20  v_r_hand20
0   word_h2_36.mp4            3  0.496642  ...    1.013388    0.011746         0.0
1   word_h2_36.mp4            4  0.496701  ...    0.970154    0.022065         0.0
2   word_h2_36.mp4            5  0.496649  ...    0.939490    0.013931         0.0
3   word_h2_36.mp4            6  0.496661  ...    0.915171    0.020679         0.0
4   word_h2_36.mp4            7  0.496958  ...    0.893560    0.019941         0.0
5   word_h2_36.mp4            8  0.496963  ...    0.870687    0.016386         0.0
6   word_h2_36.mp4            9  0.497250  ...    0.845054    0.017362         0.0
7   word_h2_36.mp4           10  0.496666  ...    0.822886    0.016320         0.0
8   word_h2_36.mp4           11  0.496233  ...    0.805897    0.015910         0.0
9   word_h2_36.mp4           12  0.495830  ...    0.786847    0.012098         0.0
10  word_h2_36.mp4           13  0.495264  ...    0.765550    0.013645         0.0
11  word_h2_36.mp4           14  0.494350  ...    0.746099    0.007985         0.0
12  word_h2_36.mp4           15  0.494346  ...    0.732275    0.008557         0.0
13  word_h2_36.mp4           16  0.493255  ...    0.718999    0.010453         0.0
14  word_h2_36.mp4           17  0.493757  ...    0.716125    0.010075         0.0
15  word_h2_36.mp4           18  0.493287  ...    0.710365    0.008715         0.0
16  word_h2_36.mp4           19  0.494428  ...    0.695551    0.009670         0.0
17  word_h2_36.mp4           20  0.493987  ...    0.644543    0.007614         0.0
18  word_h2_36.mp4           21  0.494569  ...    0.602984    0.003959         0.0
19  word_h2_36.mp4           22  0.494803  ...    0.598728   -0.018026         0.0
20  word_h2_36.mp4           23  0.495052  ...    0.591728   -0.012779         0.0
21  word_h2_36.mp4           24  0.494682  ...    0.588505   -0.016285         0.0
22  word_h2_36.mp4           25  0.494945  ...    0.588212   -0.019838         0.0
23  word_h2_36.mp4           26  0.494918  ...    0.584919   -0.013680         0.0
24  word_h2_36.mp4           27  0.495031  ...    0.583452   -0.015266         0.0
25  word_h2_36.mp4           28  0.495206  ...    0.588351   -0.021252         0.0
26  word_h2_36.mp4           29  0.495253  ...    0.610933   -0.000368         0.0
27  word_h2_36.mp4           30  0.494904  ...    0.674666    0.018890         0.0
28  word_h2_36.mp4           31  0.495276  ...    0.686047    0.014106         0.0
29  word_h2_36.mp4           32  0.495064  ...    0.689004    0.009805         0.0
30  word_h2_36.mp4           33  0.495491  ...    0.685100    0.014922         0.0
31  word_h2_36.mp4           34  0.495570  ...    0.685510    0.015118         0.0
32  word_h2_36.mp4           35  0.495656  ...    0.686696    0.014470         0.0
33  word_h2_36.mp4           36  0.496383  ...    0.688179    0.017155         0.0
34  word_h2_36.mp4           37  0.496123  ...    0.688385    0.016246         0.0
35  word_h2_36.mp4           38  0.495983  ...    0.689277    0.017316         0.0
36  word_h2_36.mp4           39  0.495472  ...    0.689514    0.010906         0.0
37  word_h2_36.mp4           40  0.495147  ...    0.689968    0.014371         0.0
38  word_h2_36.mp4           41  0.495234  ...    0.693895    0.017671         0.0
39  word_h2_36.mp4           42  0.495497  ...    0.698879    0.014656         0.0
40  word_h2_36.mp4           43  0.495952  ...    0.702490    0.014206         0.0
41  word_h2_36.mp4           44  0.496407  ...    0.704698    0.016447         0.0
42  word_h2_36.mp4           45  0.496057  ...    0.710838    0.018640         0.0
43  word_h2_36.mp4           46  0.496587  ...    0.708573    0.012039         0.0
44  word_h2_36.mp4           47  0.496216  ...    0.740326    0.006441         0.0
45  word_h2_36.mp4           48  0.496437  ...    0.760240    0.006120         0.0
46  word_h2_36.mp4           49  0.496161  ...    0.787806    0.003142         0.0
47  word_h2_36.mp4           50  0.496137  ...    0.805866    0.003338         0.0
48  word_h2_36.mp4           51  0.495624  ...    0.827554    0.005259         0.0
49  word_h2_36.mp4           52  0.495491  ...    0.838450    0.010895         0.0
50  word_h2_36.mp4           53  0.495893  ...    0.853757    0.012804         0.0
51  word_h2_36.mp4           54  0.495926  ...    0.871712    0.019810         0.0
52  word_h2_36.mp4           55  0.496113  ...    0.892607    0.014377         0.0

[53 rows x 1958 columns]
Extracting features...
Face width computed for normalizaiton 0.16128101899247643
Features saved to: ../output/word_h2_36_features.csv
          fn_video  ... distance_r_hand6_r_hand10
0   word_h2_36.mp4  ...                  0.269728
1   word_h2_36.mp4  ...                  0.240601
2   word_h2_36.mp4  ...                  0.232963
3   word_h2_36.mp4  ...                  0.236075
4   word_h2_36.mp4  ...                  0.253111
5   word_h2_36.mp4  ...                  0.313400
6   word_h2_36.mp4  ...                  0.330541
7   word_h2_36.mp4  ...                  0.331628
8   word_h2_36.mp4  ...                  0.326002
9   word_h2_36.mp4  ...                  0.325167
10  word_h2_36.mp4  ...                  0.319427
11  word_h2_36.mp4  ...                  0.313487
12  word_h2_36.mp4  ...                  0.330047
13  word_h2_36.mp4  ...                  0.330292
14  word_h2_36.mp4  ...                  0.329674
15  word_h2_36.mp4  ...                  0.322275
16  word_h2_36.mp4  ...                  0.320504
17  word_h2_36.mp4  ...                  0.291097
18  word_h2_36.mp4  ...                  0.270771
19  word_h2_36.mp4  ...                  0.174990
20  word_h2_36.mp4  ...                  0.164469
21  word_h2_36.mp4  ...                  0.142188
22  word_h2_36.mp4  ...                  0.137595
23  word_h2_36.mp4  ...                  0.146542
24  word_h2_36.mp4  ...                  0.163720
25  word_h2_36.mp4  ...                  0.181430
26  word_h2_36.mp4  ...                  0.169075
27  word_h2_36.mp4  ...                  0.230175
28  word_h2_36.mp4  ...                  0.215572
29  word_h2_36.mp4  ...                  0.217540
30  word_h2_36.mp4  ...                  0.226808
31  word_h2_36.mp4  ...                  0.225952
32  word_h2_36.mp4  ...                  0.220478
33  word_h2_36.mp4  ...                  0.229633
34  word_h2_36.mp4  ...                  0.225709
35  word_h2_36.mp4  ...                  0.227719
36  word_h2_36.mp4  ...                  0.220424
37  word_h2_36.mp4  ...                  0.230855
38  word_h2_36.mp4  ...                  0.234143
39  word_h2_36.mp4  ...                  0.207084
40  word_h2_36.mp4  ...                  0.189868
41  word_h2_36.mp4  ...                  0.174727
42  word_h2_36.mp4  ...                  0.182855
43  word_h2_36.mp4  ...                  0.170962
44  word_h2_36.mp4  ...                  0.174494
45  word_h2_36.mp4  ...                  0.172835
46  word_h2_36.mp4  ...                  0.176627
47  word_h2_36.mp4  ...                  0.183808
48  word_h2_36.mp4  ...                  0.191173
49  word_h2_36.mp4  ...                  0.195628
50  word_h2_36.mp4  ...                  0.195493
51  word_h2_36.mp4  ...                  0.198700
52  word_h2_36.mp4  ...                  0.195915

[53 rows x 30 columns]
csv file with predictions was saved to ../output/predictions_rf_position_female_cropped_word_h2_36.csv
Loaded model: ../trained_models/model_rf_shape_female_cropped.pkl
Loaded video: ../stimuli/words/mp4/word_h2_36.mp4
Extracting coordinates...
          fn_video frame_number   x_face0  ...  y_r_hand20  z_r_hand20  v_r_hand20
0   word_h2_36.mp4            3  0.496642  ...    1.013388    0.011746         0.0
1   word_h2_36.mp4            4  0.496701  ...    0.970154    0.022065         0.0
2   word_h2_36.mp4            5  0.496649  ...    0.939490    0.013931         0.0
3   word_h2_36.mp4            6  0.496661  ...    0.915171    0.020679         0.0
4   word_h2_36.mp4            7  0.496958  ...    0.893560    0.019941         0.0
5   word_h2_36.mp4            8  0.496963  ...    0.870687    0.016386         0.0
6   word_h2_36.mp4            9  0.497250  ...    0.845054    0.017362         0.0
7   word_h2_36.mp4           10  0.496666  ...    0.822886    0.016320         0.0
8   word_h2_36.mp4           11  0.496233  ...    0.805897    0.015910         0.0
9   word_h2_36.mp4           12  0.495830  ...    0.786847    0.012098         0.0
10  word_h2_36.mp4           13  0.495264  ...    0.765550    0.013645         0.0
11  word_h2_36.mp4           14  0.494350  ...    0.746099    0.007985         0.0
12  word_h2_36.mp4           15  0.494346  ...    0.732275    0.008557         0.0
13  word_h2_36.mp4           16  0.493255  ...    0.718999    0.010453         0.0
14  word_h2_36.mp4           17  0.493757  ...    0.716125    0.010075         0.0
15  word_h2_36.mp4           18  0.493287  ...    0.710365    0.008715         0.0
16  word_h2_36.mp4           19  0.494428  ...    0.695551    0.009670         0.0
17  word_h2_36.mp4           20  0.493987  ...    0.644543    0.007614         0.0
18  word_h2_36.mp4           21  0.494569  ...    0.602984    0.003959         0.0
19  word_h2_36.mp4           22  0.494803  ...    0.598728   -0.018026         0.0
20  word_h2_36.mp4           23  0.495052  ...    0.591728   -0.012779         0.0
21  word_h2_36.mp4           24  0.494682  ...    0.588505   -0.016285         0.0
22  word_h2_36.mp4           25  0.494945  ...    0.588212   -0.019838         0.0
23  word_h2_36.mp4           26  0.494918  ...    0.584919   -0.013680         0.0
24  word_h2_36.mp4           27  0.495031  ...    0.583452   -0.015266         0.0
25  word_h2_36.mp4           28  0.495206  ...    0.588351   -0.021252         0.0
26  word_h2_36.mp4           29  0.495253  ...    0.610933   -0.000368         0.0
27  word_h2_36.mp4           30  0.494904  ...    0.674666    0.018890         0.0
28  word_h2_36.mp4           31  0.495276  ...    0.686047    0.014106         0.0
29  word_h2_36.mp4           32  0.495064  ...    0.689004    0.009805         0.0
30  word_h2_36.mp4           33  0.495491  ...    0.685100    0.014922         0.0
31  word_h2_36.mp4           34  0.495570  ...    0.685510    0.015118         0.0
32  word_h2_36.mp4           35  0.495656  ...    0.686696    0.014470         0.0
33  word_h2_36.mp4           36  0.496383  ...    0.688179    0.017155         0.0
34  word_h2_36.mp4           37  0.496123  ...    0.688385    0.016246         0.0
35  word_h2_36.mp4           38  0.495983  ...    0.689277    0.017316         0.0
36  word_h2_36.mp4           39  0.495472  ...    0.689514    0.010906         0.0
37  word_h2_36.mp4           40  0.495147  ...    0.689968    0.014371         0.0
38  word_h2_36.mp4           41  0.495234  ...    0.693895    0.017671         0.0
39  word_h2_36.mp4           42  0.495497  ...    0.698879    0.014656         0.0
40  word_h2_36.mp4           43  0.495952  ...    0.702490    0.014206         0.0
41  word_h2_36.mp4           44  0.496407  ...    0.704698    0.016447         0.0
42  word_h2_36.mp4           45  0.496057  ...    0.710838    0.018640         0.0
43  word_h2_36.mp4           46  0.496587  ...    0.708573    0.012039         0.0
44  word_h2_36.mp4           47  0.496216  ...    0.740326    0.006441         0.0
45  word_h2_36.mp4           48  0.496437  ...    0.760240    0.006120         0.0
46  word_h2_36.mp4           49  0.496161  ...    0.787806    0.003142         0.0
47  word_h2_36.mp4           50  0.496137  ...    0.805866    0.003338         0.0
48  word_h2_36.mp4           51  0.495624  ...    0.827554    0.005259         0.0
49  word_h2_36.mp4           52  0.495491  ...    0.838450    0.010895         0.0
50  word_h2_36.mp4           53  0.495893  ...    0.853757    0.012804         0.0
51  word_h2_36.mp4           54  0.495926  ...    0.871712    0.019810         0.0
52  word_h2_36.mp4           55  0.496113  ...    0.892607    0.014377         0.0

[53 rows x 1958 columns]
Extracting features...
Face width computed for normalizaiton 0.16128101899247643
Features saved to: ../output/word_h2_36_features.csv
          fn_video  ... distance_r_hand6_r_hand10
0   word_h2_36.mp4  ...                  0.269728
1   word_h2_36.mp4  ...                  0.240601
2   word_h2_36.mp4  ...                  0.232963
3   word_h2_36.mp4  ...                  0.236075
4   word_h2_36.mp4  ...                  0.253111
5   word_h2_36.mp4  ...                  0.313400
6   word_h2_36.mp4  ...                  0.330541
7   word_h2_36.mp4  ...                  0.331628
8   word_h2_36.mp4  ...                  0.326002
9   word_h2_36.mp4  ...                  0.325167
10  word_h2_36.mp4  ...                  0.319427
11  word_h2_36.mp4  ...                  0.313487
12  word_h2_36.mp4  ...                  0.330047
13  word_h2_36.mp4  ...                  0.330292
14  word_h2_36.mp4  ...                  0.329674
15  word_h2_36.mp4  ...                  0.322275
16  word_h2_36.mp4  ...                  0.320504
17  word_h2_36.mp4  ...                  0.291097
18  word_h2_36.mp4  ...                  0.270771
19  word_h2_36.mp4  ...                  0.174990
20  word_h2_36.mp4  ...                  0.164469
21  word_h2_36.mp4  ...                  0.142188
22  word_h2_36.mp4  ...                  0.137595
23  word_h2_36.mp4  ...                  0.146542
24  word_h2_36.mp4  ...                  0.163720
25  word_h2_36.mp4  ...                  0.181430
26  word_h2_36.mp4  ...                  0.169075
27  word_h2_36.mp4  ...                  0.230175
28  word_h2_36.mp4  ...                  0.215572
29  word_h2_36.mp4  ...                  0.217540
30  word_h2_36.mp4  ...                  0.226808
31  word_h2_36.mp4  ...                  0.225952
32  word_h2_36.mp4  ...                  0.220478
33  word_h2_36.mp4  ...                  0.229633
34  word_h2_36.mp4  ...                  0.225709
35  word_h2_36.mp4  ...                  0.227719
36  word_h2_36.mp4  ...                  0.220424
37  word_h2_36.mp4  ...                  0.230855
38  word_h2_36.mp4  ...                  0.234143
39  word_h2_36.mp4  ...                  0.207084
40  word_h2_36.mp4  ...                  0.189868
41  word_h2_36.mp4  ...                  0.174727
42  word_h2_36.mp4  ...                  0.182855
43  word_h2_36.mp4  ...                  0.170962
44  word_h2_36.mp4  ...                  0.174494
45  word_h2_36.mp4  ...                  0.172835
46  word_h2_36.mp4  ...                  0.176627
47  word_h2_36.mp4  ...                  0.183808
48  word_h2_36.mp4  ...                  0.191173
49  word_h2_36.mp4  ...                  0.195628
50  word_h2_36.mp4  ...                  0.195493
51  word_h2_36.mp4  ...                  0.198700
52  word_h2_36.mp4  ...                  0.195915

[53 rows x 30 columns]
csv file with predictions was saved to ../output/predictions_rf_shape_female_cropped_word_h2_36.csv
