python is /network/lustre/iss02/home/annahita.sarre/anaconda3/envs/myenv/bin/python
Loaded model: ../trained_models/model_rf_position_female_cropped.pkl
Loaded video: ../stimuli/words/mp4/word_h0_02.mp4
Extracting coordinates...
          fn_video frame_number   x_face0  ...  y_r_hand20  z_r_hand20  v_r_hand20
0   word_h0_02.mp4            5  0.502688  ...    0.931760    0.013572         0.0
1   word_h0_02.mp4            6  0.501685  ...    0.843077    0.009534         0.0
2   word_h0_02.mp4            7  0.501336  ...    0.799868    0.003645         0.0
3   word_h0_02.mp4            8  0.501311  ...    0.751553    0.001555         0.0
4   word_h0_02.mp4            9  0.501056  ...    0.712633    0.004204         0.0
5   word_h0_02.mp4           10  0.500995  ...    0.683048    0.000716         0.0
6   word_h0_02.mp4           11  0.501324  ...    0.663691   -0.002406         0.0
7   word_h0_02.mp4           12  0.501595  ...    0.647702    0.007954         0.0
8   word_h0_02.mp4           13  0.502275  ...    0.638329    0.010624         0.0
9   word_h0_02.mp4           14  0.502746  ...    0.632166   -0.002255         0.0
10  word_h0_02.mp4           15  0.503411  ...    0.629789   -0.011428         0.0
11  word_h0_02.mp4           16  0.503547  ...    0.638425   -0.014389         0.0
12  word_h0_02.mp4           17  0.503944  ...    0.649897    0.002067         0.0
13  word_h0_02.mp4           18  0.504095  ...    0.663936   -0.004450         0.0
14  word_h0_02.mp4           19  0.504527  ...    0.681360   -0.003070         0.0
15  word_h0_02.mp4           20  0.504729  ...    0.706084    0.002337         0.0
16  word_h0_02.mp4           21  0.504447  ...    0.724447    0.008531         0.0
17  word_h0_02.mp4           22  0.504307  ...    0.739920    0.005719         0.0
18  word_h0_02.mp4           23  0.503983  ...    0.755419    0.006113         0.0
19  word_h0_02.mp4           24  0.503617  ...    0.768122    0.016506         0.0
20  word_h0_02.mp4           25  0.503782  ...    0.783193    0.021912         0.0
21  word_h0_02.mp4           26  0.504120  ...    0.794635    0.037225         0.0
22  word_h0_02.mp4           27  0.503494  ...    0.802981    0.040030         0.0
23  word_h0_02.mp4           28  0.502840  ...    0.812951    0.046746         0.0
24  word_h0_02.mp4           29  0.502649  ...    0.817191    0.044908         0.0
25  word_h0_02.mp4           30  0.502337  ...    0.821373    0.052320         0.0
26  word_h0_02.mp4           31  0.502414  ...    0.820673    0.058883         0.0
27  word_h0_02.mp4           32  0.502650  ...    0.822484    0.056172         0.0
28  word_h0_02.mp4           33  0.502317  ...    0.821429    0.056628         0.0
29  word_h0_02.mp4           34  0.502457  ...    0.818069    0.047073         0.0
30  word_h0_02.mp4           35  0.502297  ...    0.848025    0.048779         0.0
31  word_h0_02.mp4           36  0.502092  ...    0.870144    0.035091         0.0
32  word_h0_02.mp4           37  0.502131  ...    0.892972    0.019944         0.0
33  word_h0_02.mp4           38  0.501969  ...    0.911201    0.017985         0.0
34  word_h0_02.mp4           39  0.502323  ...    0.921813    0.021839         0.0
35  word_h0_02.mp4           40  0.502133  ...    0.928508    0.023263         0.0
36  word_h0_02.mp4           41  0.502347  ...    0.930436    0.022028         0.0
37  word_h0_02.mp4           42  0.502423  ...    0.934009    0.013040         0.0
38  word_h0_02.mp4           43  0.502688  ...    0.937697    0.013567         0.0
39  word_h0_02.mp4           44  0.502697  ...    0.937369    0.023331         0.0
40  word_h0_02.mp4           45  0.503006  ...    0.935199    0.021368         0.0
41  word_h0_02.mp4           46  0.502748  ...    0.935596    0.026501         0.0
42  word_h0_02.mp4           47  0.502476  ...    0.938292    0.020367         0.0
43  word_h0_02.mp4           48  0.502639  ...    0.938275    0.021579         0.0
44  word_h0_02.mp4           49  0.502276  ...    0.938380    0.018185         0.0
45  word_h0_02.mp4           50  0.502089  ...    0.938050    0.018823         0.0
46  word_h0_02.mp4           51  0.501997  ...    0.943578    0.016850         0.0
47  word_h0_02.mp4           52  0.502178  ...    0.945648    0.021325         0.0
48  word_h0_02.mp4           53  0.501719  ...    0.947924    0.020927         0.0
49  word_h0_02.mp4           54  0.501284  ...    0.951438    0.028474         0.0
50  word_h0_02.mp4           55  0.501006  ...    0.974352    0.031019         0.0
51  word_h0_02.mp4           56  0.501393  ...    0.986225    0.099839         0.0
52  word_h0_02.mp4           57  0.501658  ...    1.025423    0.060944         0.0

[53 rows x 1958 columns]
Extracting features...
Face width computed for normalizaiton 0.16231251571191035
Features saved to: ../output/word_h0_02_features.csv
          fn_video  ... distance_r_hand6_r_hand10
0   word_h0_02.mp4  ...                  0.167165
1   word_h0_02.mp4  ...                  0.183325
2   word_h0_02.mp4  ...                  0.148697
3   word_h0_02.mp4  ...                  0.147804
4   word_h0_02.mp4  ...                  0.148426
5   word_h0_02.mp4  ...                  0.140001
6   word_h0_02.mp4  ...                  0.132935
7   word_h0_02.mp4  ...                  0.134254
8   word_h0_02.mp4  ...                  0.138242
9   word_h0_02.mp4  ...                  0.140916
10  word_h0_02.mp4  ...                  0.160955
11  word_h0_02.mp4  ...                  0.174431
12  word_h0_02.mp4  ...                  0.179827
13  word_h0_02.mp4  ...                  0.157645
14  word_h0_02.mp4  ...                  0.154673
15  word_h0_02.mp4  ...                  0.146947
16  word_h0_02.mp4  ...                  0.142743
17  word_h0_02.mp4  ...                  0.136252
18  word_h0_02.mp4  ...                  0.125845
19  word_h0_02.mp4  ...                  0.134888
20  word_h0_02.mp4  ...                  0.134306
21  word_h0_02.mp4  ...                  0.140362
22  word_h0_02.mp4  ...                  0.141299
23  word_h0_02.mp4  ...                  0.144257
24  word_h0_02.mp4  ...                  0.152049
25  word_h0_02.mp4  ...                  0.151080
26  word_h0_02.mp4  ...                  0.152083
27  word_h0_02.mp4  ...                  0.154183
28  word_h0_02.mp4  ...                  0.152006
29  word_h0_02.mp4  ...                  0.167099
30  word_h0_02.mp4  ...                  0.168618
31  word_h0_02.mp4  ...                  0.163152
32  word_h0_02.mp4  ...                  0.195610
33  word_h0_02.mp4  ...                  0.238195
34  word_h0_02.mp4  ...                  0.306388
35  word_h0_02.mp4  ...                  0.369914
36  word_h0_02.mp4  ...                  0.428038
37  word_h0_02.mp4  ...                  0.429080
38  word_h0_02.mp4  ...                  0.427385
39  word_h0_02.mp4  ...                  0.404661
40  word_h0_02.mp4  ...                  0.382941
41  word_h0_02.mp4  ...                  0.380288
42  word_h0_02.mp4  ...                  0.396072
43  word_h0_02.mp4  ...                  0.387699
44  word_h0_02.mp4  ...                  0.371952
45  word_h0_02.mp4  ...                  0.372852
46  word_h0_02.mp4  ...                  0.416129
47  word_h0_02.mp4  ...                  0.366516
48  word_h0_02.mp4  ...                  0.318352
49  word_h0_02.mp4  ...                  0.254710
50  word_h0_02.mp4  ...                  0.237852
51  word_h0_02.mp4  ...                  0.241338
52  word_h0_02.mp4  ...                  0.236006

[53 rows x 30 columns]
csv file with predictions was saved to ../output/predictions_rf_position_female_cropped_word_h0_02.csv
Loaded model: ../trained_models/model_rf_shape_female_cropped.pkl
Loaded video: ../stimuli/words/mp4/word_h0_02.mp4
Extracting coordinates...
          fn_video frame_number   x_face0  ...  y_r_hand20  z_r_hand20  v_r_hand20
0   word_h0_02.mp4            5  0.502688  ...    0.931760    0.013572         0.0
1   word_h0_02.mp4            6  0.501685  ...    0.843077    0.009534         0.0
2   word_h0_02.mp4            7  0.501336  ...    0.799868    0.003645         0.0
3   word_h0_02.mp4            8  0.501311  ...    0.751553    0.001555         0.0
4   word_h0_02.mp4            9  0.501056  ...    0.712633    0.004204         0.0
5   word_h0_02.mp4           10  0.500995  ...    0.683048    0.000716         0.0
6   word_h0_02.mp4           11  0.501324  ...    0.663691   -0.002406         0.0
7   word_h0_02.mp4           12  0.501595  ...    0.647702    0.007954         0.0
8   word_h0_02.mp4           13  0.502275  ...    0.638329    0.010624         0.0
9   word_h0_02.mp4           14  0.502746  ...    0.632166   -0.002255         0.0
10  word_h0_02.mp4           15  0.503411  ...    0.629789   -0.011428         0.0
11  word_h0_02.mp4           16  0.503547  ...    0.638425   -0.014389         0.0
12  word_h0_02.mp4           17  0.503944  ...    0.649897    0.002067         0.0
13  word_h0_02.mp4           18  0.504095  ...    0.663936   -0.004450         0.0
14  word_h0_02.mp4           19  0.504527  ...    0.681360   -0.003070         0.0
15  word_h0_02.mp4           20  0.504729  ...    0.706084    0.002337         0.0
16  word_h0_02.mp4           21  0.504447  ...    0.724447    0.008531         0.0
17  word_h0_02.mp4           22  0.504307  ...    0.739920    0.005719         0.0
18  word_h0_02.mp4           23  0.503983  ...    0.755419    0.006113         0.0
19  word_h0_02.mp4           24  0.503617  ...    0.768122    0.016506         0.0
20  word_h0_02.mp4           25  0.503782  ...    0.783193    0.021912         0.0
21  word_h0_02.mp4           26  0.504120  ...    0.794635    0.037225         0.0
22  word_h0_02.mp4           27  0.503494  ...    0.802981    0.040030         0.0
23  word_h0_02.mp4           28  0.502840  ...    0.812951    0.046746         0.0
24  word_h0_02.mp4           29  0.502649  ...    0.817191    0.044908         0.0
25  word_h0_02.mp4           30  0.502337  ...    0.821373    0.052320         0.0
26  word_h0_02.mp4           31  0.502414  ...    0.820673    0.058883         0.0
27  word_h0_02.mp4           32  0.502650  ...    0.822484    0.056172         0.0
28  word_h0_02.mp4           33  0.502317  ...    0.821429    0.056628         0.0
29  word_h0_02.mp4           34  0.502457  ...    0.818069    0.047073         0.0
30  word_h0_02.mp4           35  0.502297  ...    0.848025    0.048779         0.0
31  word_h0_02.mp4           36  0.502092  ...    0.870144    0.035091         0.0
32  word_h0_02.mp4           37  0.502131  ...    0.892972    0.019944         0.0
33  word_h0_02.mp4           38  0.501969  ...    0.911201    0.017985         0.0
34  word_h0_02.mp4           39  0.502323  ...    0.921813    0.021839         0.0
35  word_h0_02.mp4           40  0.502133  ...    0.928508    0.023263         0.0
36  word_h0_02.mp4           41  0.502347  ...    0.930436    0.022028         0.0
37  word_h0_02.mp4           42  0.502423  ...    0.934009    0.013040         0.0
38  word_h0_02.mp4           43  0.502688  ...    0.937697    0.013567         0.0
39  word_h0_02.mp4           44  0.502697  ...    0.937369    0.023331         0.0
40  word_h0_02.mp4           45  0.503006  ...    0.935199    0.021368         0.0
41  word_h0_02.mp4           46  0.502748  ...    0.935596    0.026501         0.0
42  word_h0_02.mp4           47  0.502476  ...    0.938292    0.020367         0.0
43  word_h0_02.mp4           48  0.502639  ...    0.938275    0.021579         0.0
44  word_h0_02.mp4           49  0.502276  ...    0.938380    0.018185         0.0
45  word_h0_02.mp4           50  0.502089  ...    0.938050    0.018823         0.0
46  word_h0_02.mp4           51  0.501997  ...    0.943578    0.016850         0.0
47  word_h0_02.mp4           52  0.502178  ...    0.945648    0.021325         0.0
48  word_h0_02.mp4           53  0.501719  ...    0.947924    0.020927         0.0
49  word_h0_02.mp4           54  0.501284  ...    0.951438    0.028474         0.0
50  word_h0_02.mp4           55  0.501006  ...    0.974352    0.031019         0.0
51  word_h0_02.mp4           56  0.501393  ...    0.986225    0.099839         0.0
52  word_h0_02.mp4           57  0.501658  ...    1.025423    0.060944         0.0

[53 rows x 1958 columns]
Extracting features...
Face width computed for normalizaiton 0.16231251571191035
Features saved to: ../output/word_h0_02_features.csv
          fn_video  ... distance_r_hand6_r_hand10
0   word_h0_02.mp4  ...                  0.167165
1   word_h0_02.mp4  ...                  0.183325
2   word_h0_02.mp4  ...                  0.148697
3   word_h0_02.mp4  ...                  0.147804
4   word_h0_02.mp4  ...                  0.148426
5   word_h0_02.mp4  ...                  0.140001
6   word_h0_02.mp4  ...                  0.132935
7   word_h0_02.mp4  ...                  0.134254
8   word_h0_02.mp4  ...                  0.138242
9   word_h0_02.mp4  ...                  0.140916
10  word_h0_02.mp4  ...                  0.160955
11  word_h0_02.mp4  ...                  0.174431
12  word_h0_02.mp4  ...                  0.179827
13  word_h0_02.mp4  ...                  0.157645
14  word_h0_02.mp4  ...                  0.154673
15  word_h0_02.mp4  ...                  0.146947
16  word_h0_02.mp4  ...                  0.142743
17  word_h0_02.mp4  ...                  0.136252
18  word_h0_02.mp4  ...                  0.125845
19  word_h0_02.mp4  ...                  0.134888
20  word_h0_02.mp4  ...                  0.134306
21  word_h0_02.mp4  ...                  0.140362
22  word_h0_02.mp4  ...                  0.141299
23  word_h0_02.mp4  ...                  0.144257
24  word_h0_02.mp4  ...                  0.152049
25  word_h0_02.mp4  ...                  0.151080
26  word_h0_02.mp4  ...                  0.152083
27  word_h0_02.mp4  ...                  0.154183
28  word_h0_02.mp4  ...                  0.152006
29  word_h0_02.mp4  ...                  0.167099
30  word_h0_02.mp4  ...                  0.168618
31  word_h0_02.mp4  ...                  0.163152
32  word_h0_02.mp4  ...                  0.195610
33  word_h0_02.mp4  ...                  0.238195
34  word_h0_02.mp4  ...                  0.306388
35  word_h0_02.mp4  ...                  0.369914
36  word_h0_02.mp4  ...                  0.428038
37  word_h0_02.mp4  ...                  0.429080
38  word_h0_02.mp4  ...                  0.427385
39  word_h0_02.mp4  ...                  0.404661
40  word_h0_02.mp4  ...                  0.382941
41  word_h0_02.mp4  ...                  0.380288
42  word_h0_02.mp4  ...                  0.396072
43  word_h0_02.mp4  ...                  0.387699
44  word_h0_02.mp4  ...                  0.371952
45  word_h0_02.mp4  ...                  0.372852
46  word_h0_02.mp4  ...                  0.416129
47  word_h0_02.mp4  ...                  0.366516
48  word_h0_02.mp4  ...                  0.318352
49  word_h0_02.mp4  ...                  0.254710
50  word_h0_02.mp4  ...                  0.237852
51  word_h0_02.mp4  ...                  0.241338
52  word_h0_02.mp4  ...                  0.236006

[53 rows x 30 columns]
csv file with predictions was saved to ../output/predictions_rf_shape_female_cropped_word_h0_02.csv
