python is /network/lustre/iss02/home/annahita.sarre/anaconda3/envs/myenv/bin/python
Loaded model: ../trained_models/model_rf_position_female_cropped.pkl
Loaded video: ../stimuli/words/mp4/word_l1_35.mp4
Extracting coordinates...
          fn_video frame_number   x_face0  ...  y_r_hand20  z_r_hand20  v_r_hand20
0   word_l1_35.mp4            5  0.494522  ...    1.070756    0.036749         0.0
1   word_l1_35.mp4            6  0.494016  ...    1.006252    0.018528         0.0
2   word_l1_35.mp4            7  0.493825  ...    0.962611    0.036706         0.0
3   word_l1_35.mp4            8  0.493519  ...    0.940611    0.022145         0.0
4   word_l1_35.mp4            9  0.493131  ...    0.900319    0.030525         0.0
5   word_l1_35.mp4           10  0.492289  ...    0.861879    0.026744         0.0
6   word_l1_35.mp4           11  0.492187  ...    0.805510    0.015005         0.0
7   word_l1_35.mp4           12  0.491787  ...    0.761728   -0.003448         0.0
8   word_l1_35.mp4           13  0.491790  ...    0.732501    0.000387         0.0
9   word_l1_35.mp4           14  0.491575  ...    0.692512   -0.007321         0.0
10  word_l1_35.mp4           15  0.491441  ...    0.664712   -0.011613         0.0
11  word_l1_35.mp4           16  0.491565  ...    0.637768   -0.021754         0.0
12  word_l1_35.mp4           17  0.491280  ...    0.612859   -0.028072         0.0
13  word_l1_35.mp4           18  0.491900  ...    0.598404   -0.031398         0.0
14  word_l1_35.mp4           19  0.491475  ...    0.585925   -0.034517         0.0
15  word_l1_35.mp4           20  0.491896  ...    0.576471   -0.036055         0.0
16  word_l1_35.mp4           21  0.492136  ...    0.567248   -0.038742         0.0
17  word_l1_35.mp4           22  0.492708  ...    0.564427   -0.035566         0.0
18  word_l1_35.mp4           23  0.492971  ...    0.588895    0.002293         0.0
19  word_l1_35.mp4           24  0.493306  ...    0.669502   -0.000958         0.0
20  word_l1_35.mp4           25  0.492538  ...    0.685627   -0.002023         0.0
21  word_l1_35.mp4           26  0.492035  ...    0.698065    0.002020         0.0
22  word_l1_35.mp4           27  0.490482  ...    0.710239    0.005477         0.0
23  word_l1_35.mp4           28  0.489778  ...    0.725360    0.007302         0.0
24  word_l1_35.mp4           29  0.489959  ...    0.732950    0.013176         0.0
25  word_l1_35.mp4           30  0.490411  ...    0.726961    0.012013         0.0
26  word_l1_35.mp4           31  0.491517  ...    0.709995    0.017623         0.0
27  word_l1_35.mp4           32  0.492950  ...    0.655377    0.018718         0.0
28  word_l1_35.mp4           33  0.494480  ...    0.635859   -0.009545         0.0
29  word_l1_35.mp4           34  0.496140  ...    0.634210   -0.009187         0.0
30  word_l1_35.mp4           35  0.497119  ...    0.635911   -0.015323         0.0
31  word_l1_35.mp4           36  0.497659  ...    0.641110   -0.019007         0.0
32  word_l1_35.mp4           37  0.498204  ...    0.644634   -0.010530         0.0
33  word_l1_35.mp4           38  0.497852  ...    0.639260    0.007283         0.0
34  word_l1_35.mp4           39  0.498058  ...    0.641271    0.013192         0.0
35  word_l1_35.mp4           40  0.498191  ...    0.635330   -0.002366         0.0
36  word_l1_35.mp4           41  0.498009  ...    0.635990   -0.000294         0.0
37  word_l1_35.mp4           42  0.498121  ...    0.637205    0.001013         0.0
38  word_l1_35.mp4           43  0.497895  ...    0.637743   -0.003811         0.0
39  word_l1_35.mp4           44  0.497843  ...    0.639651   -0.012775         0.0
40  word_l1_35.mp4           45  0.497054  ...    0.640127   -0.020079         0.0
41  word_l1_35.mp4           46  0.496779  ...    0.642859   -0.017518         0.0
42  word_l1_35.mp4           47  0.495866  ...    0.641009   -0.021419         0.0
43  word_l1_35.mp4           48  0.495236  ...    0.641730   -0.027923         0.0
44  word_l1_35.mp4           49  0.494968  ...    0.645722   -0.012852         0.0
45  word_l1_35.mp4           50  0.494452  ...    0.706518    0.001218         0.0
46  word_l1_35.mp4           51  0.493893  ...    0.737231    0.006331         0.0
47  word_l1_35.mp4           52  0.493890  ...    0.745495    0.004526         0.0
48  word_l1_35.mp4           53  0.494196  ...    0.758885    0.005567         0.0
49  word_l1_35.mp4           54  0.494052  ...    0.768345    0.006662         0.0
50  word_l1_35.mp4           55  0.494104  ...    0.778111    0.011194         0.0

[51 rows x 1958 columns]
Extracting features...
Face width computed for normalizaiton 0.15349820914601256
Features saved to: ../output/word_l1_35_features.csv
          fn_video  ... distance_r_hand6_r_hand10
0   word_l1_35.mp4  ...                  0.235259
1   word_l1_35.mp4  ...                  0.214984
2   word_l1_35.mp4  ...                  0.223602
3   word_l1_35.mp4  ...                  0.213648
4   word_l1_35.mp4  ...                  0.207501
5   word_l1_35.mp4  ...                  0.186835
6   word_l1_35.mp4  ...                  0.161432
7   word_l1_35.mp4  ...                  0.154298
8   word_l1_35.mp4  ...                  0.148913
9   word_l1_35.mp4  ...                  0.145317
10  word_l1_35.mp4  ...                  0.124646
11  word_l1_35.mp4  ...                  0.122016
12  word_l1_35.mp4  ...                  0.120253
13  word_l1_35.mp4  ...                  0.114694
14  word_l1_35.mp4  ...                  0.114033
15  word_l1_35.mp4  ...                  0.113374
16  word_l1_35.mp4  ...                  0.118712
17  word_l1_35.mp4  ...                  0.173904
18  word_l1_35.mp4  ...                  0.270056
19  word_l1_35.mp4  ...                  0.277867
20  word_l1_35.mp4  ...                  0.263478
21  word_l1_35.mp4  ...                  0.257398
22  word_l1_35.mp4  ...                  0.317448
23  word_l1_35.mp4  ...                  0.382633
24  word_l1_35.mp4  ...                  0.365722
25  word_l1_35.mp4  ...                  0.315577
26  word_l1_35.mp4  ...                  0.201536
27  word_l1_35.mp4  ...                  0.190687
28  word_l1_35.mp4  ...                  0.184245
29  word_l1_35.mp4  ...                  0.163868
30  word_l1_35.mp4  ...                  0.128076
31  word_l1_35.mp4  ...                  0.136548
32  word_l1_35.mp4  ...                  0.169893
33  word_l1_35.mp4  ...                  0.226412
34  word_l1_35.mp4  ...                  0.227106
35  word_l1_35.mp4  ...                  0.211968
36  word_l1_35.mp4  ...                  0.202479
37  word_l1_35.mp4  ...                  0.213240
38  word_l1_35.mp4  ...                  0.220638
39  word_l1_35.mp4  ...                  0.226183
40  word_l1_35.mp4  ...                  0.221931
41  word_l1_35.mp4  ...                  0.191479
42  word_l1_35.mp4  ...                  0.196937
43  word_l1_35.mp4  ...                  0.198678
44  word_l1_35.mp4  ...                  0.171623
45  word_l1_35.mp4  ...                  0.182738
46  word_l1_35.mp4  ...                  0.167475
47  word_l1_35.mp4  ...                  0.175194
48  word_l1_35.mp4  ...                  0.180117
49  word_l1_35.mp4  ...                  0.174945
50  word_l1_35.mp4  ...                  0.179107

[51 rows x 30 columns]
csv file with predictions was saved to ../output/predictions_rf_position_female_cropped_word_l1_35.csv
Loaded model: ../trained_models/model_rf_shape_female_cropped.pkl
Loaded video: ../stimuli/words/mp4/word_l1_35.mp4
Extracting coordinates...
          fn_video frame_number   x_face0  ...  y_r_hand20  z_r_hand20  v_r_hand20
0   word_l1_35.mp4            5  0.494522  ...    1.070756    0.036749         0.0
1   word_l1_35.mp4            6  0.494016  ...    1.006252    0.018528         0.0
2   word_l1_35.mp4            7  0.493825  ...    0.962611    0.036706         0.0
3   word_l1_35.mp4            8  0.493519  ...    0.940611    0.022145         0.0
4   word_l1_35.mp4            9  0.493131  ...    0.900319    0.030525         0.0
5   word_l1_35.mp4           10  0.492289  ...    0.861879    0.026744         0.0
6   word_l1_35.mp4           11  0.492187  ...    0.805510    0.015005         0.0
7   word_l1_35.mp4           12  0.491787  ...    0.761728   -0.003448         0.0
8   word_l1_35.mp4           13  0.491790  ...    0.732501    0.000387         0.0
9   word_l1_35.mp4           14  0.491575  ...    0.692512   -0.007321         0.0
10  word_l1_35.mp4           15  0.491441  ...    0.664712   -0.011613         0.0
11  word_l1_35.mp4           16  0.491565  ...    0.637768   -0.021754         0.0
12  word_l1_35.mp4           17  0.491280  ...    0.612859   -0.028072         0.0
13  word_l1_35.mp4           18  0.491900  ...    0.598404   -0.031398         0.0
14  word_l1_35.mp4           19  0.491475  ...    0.585925   -0.034517         0.0
15  word_l1_35.mp4           20  0.491896  ...    0.576471   -0.036055         0.0
16  word_l1_35.mp4           21  0.492136  ...    0.567248   -0.038742         0.0
17  word_l1_35.mp4           22  0.492708  ...    0.564427   -0.035566         0.0
18  word_l1_35.mp4           23  0.492971  ...    0.588895    0.002293         0.0
19  word_l1_35.mp4           24  0.493306  ...    0.669502   -0.000958         0.0
20  word_l1_35.mp4           25  0.492538  ...    0.685627   -0.002023         0.0
21  word_l1_35.mp4           26  0.492035  ...    0.698065    0.002020         0.0
22  word_l1_35.mp4           27  0.490482  ...    0.710239    0.005477         0.0
23  word_l1_35.mp4           28  0.489778  ...    0.725360    0.007302         0.0
24  word_l1_35.mp4           29  0.489959  ...    0.732950    0.013176         0.0
25  word_l1_35.mp4           30  0.490411  ...    0.726961    0.012013         0.0
26  word_l1_35.mp4           31  0.491517  ...    0.709995    0.017623         0.0
27  word_l1_35.mp4           32  0.492950  ...    0.655377    0.018718         0.0
28  word_l1_35.mp4           33  0.494480  ...    0.635859   -0.009545         0.0
29  word_l1_35.mp4           34  0.496140  ...    0.634210   -0.009187         0.0
30  word_l1_35.mp4           35  0.497119  ...    0.635911   -0.015323         0.0
31  word_l1_35.mp4           36  0.497659  ...    0.641110   -0.019007         0.0
32  word_l1_35.mp4           37  0.498204  ...    0.644634   -0.010530         0.0
33  word_l1_35.mp4           38  0.497852  ...    0.639260    0.007283         0.0
34  word_l1_35.mp4           39  0.498058  ...    0.641271    0.013192         0.0
35  word_l1_35.mp4           40  0.498191  ...    0.635330   -0.002366         0.0
36  word_l1_35.mp4           41  0.498009  ...    0.635990   -0.000294         0.0
37  word_l1_35.mp4           42  0.498121  ...    0.637205    0.001013         0.0
38  word_l1_35.mp4           43  0.497895  ...    0.637743   -0.003811         0.0
39  word_l1_35.mp4           44  0.497843  ...    0.639651   -0.012775         0.0
40  word_l1_35.mp4           45  0.497054  ...    0.640127   -0.020079         0.0
41  word_l1_35.mp4           46  0.496779  ...    0.642859   -0.017518         0.0
42  word_l1_35.mp4           47  0.495866  ...    0.641009   -0.021419         0.0
43  word_l1_35.mp4           48  0.495236  ...    0.641730   -0.027923         0.0
44  word_l1_35.mp4           49  0.494968  ...    0.645722   -0.012852         0.0
45  word_l1_35.mp4           50  0.494452  ...    0.706518    0.001218         0.0
46  word_l1_35.mp4           51  0.493893  ...    0.737231    0.006331         0.0
47  word_l1_35.mp4           52  0.493890  ...    0.745495    0.004526         0.0
48  word_l1_35.mp4           53  0.494196  ...    0.758885    0.005567         0.0
49  word_l1_35.mp4           54  0.494052  ...    0.768345    0.006662         0.0
50  word_l1_35.mp4           55  0.494104  ...    0.778111    0.011194         0.0

[51 rows x 1958 columns]
Extracting features...
Face width computed for normalizaiton 0.15349820914601256
Features saved to: ../output/word_l1_35_features.csv
          fn_video  ... distance_r_hand6_r_hand10
0   word_l1_35.mp4  ...                  0.235259
1   word_l1_35.mp4  ...                  0.214984
2   word_l1_35.mp4  ...                  0.223602
3   word_l1_35.mp4  ...                  0.213648
4   word_l1_35.mp4  ...                  0.207501
5   word_l1_35.mp4  ...                  0.186835
6   word_l1_35.mp4  ...                  0.161432
7   word_l1_35.mp4  ...                  0.154298
8   word_l1_35.mp4  ...                  0.148913
9   word_l1_35.mp4  ...                  0.145317
10  word_l1_35.mp4  ...                  0.124646
11  word_l1_35.mp4  ...                  0.122016
12  word_l1_35.mp4  ...                  0.120253
13  word_l1_35.mp4  ...                  0.114694
14  word_l1_35.mp4  ...                  0.114033
15  word_l1_35.mp4  ...                  0.113374
16  word_l1_35.mp4  ...                  0.118712
17  word_l1_35.mp4  ...                  0.173904
18  word_l1_35.mp4  ...                  0.270056
19  word_l1_35.mp4  ...                  0.277867
20  word_l1_35.mp4  ...                  0.263478
21  word_l1_35.mp4  ...                  0.257398
22  word_l1_35.mp4  ...                  0.317448
23  word_l1_35.mp4  ...                  0.382633
24  word_l1_35.mp4  ...                  0.365722
25  word_l1_35.mp4  ...                  0.315577
26  word_l1_35.mp4  ...                  0.201536
27  word_l1_35.mp4  ...                  0.190687
28  word_l1_35.mp4  ...                  0.184245
29  word_l1_35.mp4  ...                  0.163868
30  word_l1_35.mp4  ...                  0.128076
31  word_l1_35.mp4  ...                  0.136548
32  word_l1_35.mp4  ...                  0.169893
33  word_l1_35.mp4  ...                  0.226412
34  word_l1_35.mp4  ...                  0.227106
35  word_l1_35.mp4  ...                  0.211968
36  word_l1_35.mp4  ...                  0.202479
37  word_l1_35.mp4  ...                  0.213240
38  word_l1_35.mp4  ...                  0.220638
39  word_l1_35.mp4  ...                  0.226183
40  word_l1_35.mp4  ...                  0.221931
41  word_l1_35.mp4  ...                  0.191479
42  word_l1_35.mp4  ...                  0.196937
43  word_l1_35.mp4  ...                  0.198678
44  word_l1_35.mp4  ...                  0.171623
45  word_l1_35.mp4  ...                  0.182738
46  word_l1_35.mp4  ...                  0.167475
47  word_l1_35.mp4  ...                  0.175194
48  word_l1_35.mp4  ...                  0.180117
49  word_l1_35.mp4  ...                  0.174945
50  word_l1_35.mp4  ...                  0.179107

[51 rows x 30 columns]
csv file with predictions was saved to ../output/predictions_rf_shape_female_cropped_word_l1_35.csv
