python is /network/lustre/iss02/home/annahita.sarre/anaconda3/envs/myenv/bin/python
Loaded model: ../trained_models/model_rf_position_female_cropped.pkl
Loaded video: ../stimuli/words/mp4/word_l1_07.mp4
Extracting coordinates...
          fn_video frame_number   x_face0  ...  y_r_hand20  z_r_hand20  v_r_hand20
0   word_l1_07.mp4            9  0.495326  ...    0.947800    0.023558         0.0
1   word_l1_07.mp4           10  0.495161  ...    0.900043    0.013488         0.0
2   word_l1_07.mp4           11  0.495232  ...    0.872829   -0.015439         0.0
3   word_l1_07.mp4           12  0.495286  ...    0.832740    0.007472         0.0
4   word_l1_07.mp4           13  0.495359  ...    0.809214    0.019235         0.0
..             ...          ...       ...  ...         ...         ...         ...
56  word_l1_07.mp4           65  0.492046  ...    0.735816    0.010004         0.0
57  word_l1_07.mp4           66  0.491926  ...    0.738941    0.009689         0.0
58  word_l1_07.mp4           67  0.491718  ...    0.748546    0.008830         0.0
59  word_l1_07.mp4           68  0.491477  ...    0.760726    0.010284         0.0
60  word_l1_07.mp4           69  0.491218  ...    0.774458    0.010371         0.0

[61 rows x 1958 columns]
Extracting features...
Face width computed for normalizaiton 0.1578287625040167
Features saved to: ../output/word_l1_07_features.csv
          fn_video  ... distance_r_hand6_r_hand10
0   word_l1_07.mp4  ...                  0.204816
1   word_l1_07.mp4  ...                  0.190571
2   word_l1_07.mp4  ...                  0.178438
3   word_l1_07.mp4  ...                  0.193692
4   word_l1_07.mp4  ...                  0.187216
..             ...  ...                       ...
56  word_l1_07.mp4  ...                  0.207743
57  word_l1_07.mp4  ...                  0.200500
58  word_l1_07.mp4  ...                  0.215192
59  word_l1_07.mp4  ...                  0.224665
60  word_l1_07.mp4  ...                  0.222456

[61 rows x 30 columns]
csv file with predictions was saved to ../output/predictions_rf_position_female_cropped_word_l1_07.csv
Loaded model: ../trained_models/model_rf_shape_female_cropped.pkl
Loaded video: ../stimuli/words/mp4/word_l1_07.mp4
Extracting coordinates...
          fn_video frame_number   x_face0  ...  y_r_hand20  z_r_hand20  v_r_hand20
0   word_l1_07.mp4            9  0.495326  ...    0.947800    0.023558         0.0
1   word_l1_07.mp4           10  0.495161  ...    0.900043    0.013488         0.0
2   word_l1_07.mp4           11  0.495232  ...    0.872829   -0.015439         0.0
3   word_l1_07.mp4           12  0.495286  ...    0.832740    0.007472         0.0
4   word_l1_07.mp4           13  0.495359  ...    0.809214    0.019235         0.0
..             ...          ...       ...  ...         ...         ...         ...
56  word_l1_07.mp4           65  0.492046  ...    0.735816    0.010004         0.0
57  word_l1_07.mp4           66  0.491926  ...    0.738941    0.009689         0.0
58  word_l1_07.mp4           67  0.491718  ...    0.748546    0.008830         0.0
59  word_l1_07.mp4           68  0.491477  ...    0.760726    0.010284         0.0
60  word_l1_07.mp4           69  0.491218  ...    0.774458    0.010371         0.0

[61 rows x 1958 columns]
Extracting features...
Face width computed for normalizaiton 0.1578287625040167
Features saved to: ../output/word_l1_07_features.csv
          fn_video  ... distance_r_hand6_r_hand10
0   word_l1_07.mp4  ...                  0.204816
1   word_l1_07.mp4  ...                  0.190571
2   word_l1_07.mp4  ...                  0.178438
3   word_l1_07.mp4  ...                  0.193692
4   word_l1_07.mp4  ...                  0.187216
..             ...  ...                       ...
56  word_l1_07.mp4  ...                  0.207743
57  word_l1_07.mp4  ...                  0.200500
58  word_l1_07.mp4  ...                  0.215192
59  word_l1_07.mp4  ...                  0.224665
60  word_l1_07.mp4  ...                  0.222456

[61 rows x 30 columns]
csv file with predictions was saved to ../output/predictions_rf_shape_female_cropped_word_l1_07.csv
