python is /network/lustre/iss02/home/annahita.sarre/anaconda3/envs/myenv/bin/python
Loaded model: ../trained_models/model_rf_position_female_cropped.pkl
Loaded video: ../stimuli/words/mp4/word_l1_34.mp4
Extracting coordinates...
          fn_video frame_number   x_face0  ...  y_r_hand20  z_r_hand20  v_r_hand20
0   word_l1_34.mp4            2  0.492426  ...    0.927288    0.042652         0.0
1   word_l1_34.mp4            3  0.492129  ...    0.901587    0.035632         0.0
2   word_l1_34.mp4            4  0.492195  ...    0.852273    0.032890         0.0
3   word_l1_34.mp4            5  0.491677  ...    0.839665    0.035488         0.0
4   word_l1_34.mp4            6  0.491614  ...    0.825023    0.019012         0.0
..             ...          ...       ...  ...         ...         ...         ...
60  word_l1_34.mp4           62  0.490656  ...    0.617692    0.004095         0.0
61  word_l1_34.mp4           63  0.490316  ...    0.634243    0.003403         0.0
62  word_l1_34.mp4           64  0.490629  ...    0.678936    0.004112         0.0
63  word_l1_34.mp4           65  0.490473  ...    0.691689    0.000552         0.0
64  word_l1_34.mp4           66  0.490957  ...    0.709037    0.003013         0.0

[65 rows x 1958 columns]
Extracting features...
Face width computed for normalizaiton 0.15328696156034516
Features saved to: ../output/word_l1_34_features.csv
          fn_video  ... distance_r_hand6_r_hand10
0   word_l1_34.mp4  ...                  0.202865
1   word_l1_34.mp4  ...                  0.215861
2   word_l1_34.mp4  ...                  0.205317
3   word_l1_34.mp4  ...                  0.187451
4   word_l1_34.mp4  ...                  0.184290
..             ...  ...                       ...
60  word_l1_34.mp4  ...                  0.155242
61  word_l1_34.mp4  ...                  0.172832
62  word_l1_34.mp4  ...                  0.196570
63  word_l1_34.mp4  ...                  0.200613
64  word_l1_34.mp4  ...                  0.192733

[65 rows x 30 columns]
csv file with predictions was saved to ../output/predictions_rf_position_female_cropped_word_l1_34.csv
Loaded model: ../trained_models/model_rf_shape_female_cropped.pkl
Loaded video: ../stimuli/words/mp4/word_l1_34.mp4
Extracting coordinates...
          fn_video frame_number   x_face0  ...  y_r_hand20  z_r_hand20  v_r_hand20
0   word_l1_34.mp4            2  0.492426  ...    0.927288    0.042652         0.0
1   word_l1_34.mp4            3  0.492129  ...    0.901587    0.035632         0.0
2   word_l1_34.mp4            4  0.492195  ...    0.852273    0.032890         0.0
3   word_l1_34.mp4            5  0.491677  ...    0.839665    0.035488         0.0
4   word_l1_34.mp4            6  0.491614  ...    0.825023    0.019012         0.0
..             ...          ...       ...  ...         ...         ...         ...
60  word_l1_34.mp4           62  0.490656  ...    0.617692    0.004095         0.0
61  word_l1_34.mp4           63  0.490316  ...    0.634243    0.003403         0.0
62  word_l1_34.mp4           64  0.490629  ...    0.678936    0.004112         0.0
63  word_l1_34.mp4           65  0.490473  ...    0.691689    0.000552         0.0
64  word_l1_34.mp4           66  0.490957  ...    0.709037    0.003013         0.0

[65 rows x 1958 columns]
Extracting features...
Face width computed for normalizaiton 0.15328696156034516
Features saved to: ../output/word_l1_34_features.csv
          fn_video  ... distance_r_hand6_r_hand10
0   word_l1_34.mp4  ...                  0.202865
1   word_l1_34.mp4  ...                  0.215861
2   word_l1_34.mp4  ...                  0.205317
3   word_l1_34.mp4  ...                  0.187451
4   word_l1_34.mp4  ...                  0.184290
..             ...  ...                       ...
60  word_l1_34.mp4  ...                  0.155242
61  word_l1_34.mp4  ...                  0.172832
62  word_l1_34.mp4  ...                  0.196570
63  word_l1_34.mp4  ...                  0.200613
64  word_l1_34.mp4  ...                  0.192733

[65 rows x 30 columns]
csv file with predictions was saved to ../output/predictions_rf_shape_female_cropped_word_l1_34.csv
