python is /network/lustre/iss02/home/annahita.sarre/anaconda3/envs/myenv/bin/python
Loaded model: ../trained_models/model_rf_position_female_cropped.pkl
Loaded video: ../stimuli/words/mp4/word_l0_34.mp4
Extracting coordinates...
          fn_video frame_number   x_face0  ...  y_r_hand20  z_r_hand20  v_r_hand20
0   word_l0_34.mp4            1  0.491851  ...    0.943191    0.027611         0.0
1   word_l0_34.mp4            2  0.492571  ...    0.922431    0.080258         0.0
2   word_l0_34.mp4            3  0.491714  ...    0.896318    0.062434         0.0
3   word_l0_34.mp4            4  0.491543  ...    0.868162    0.035751         0.0
4   word_l0_34.mp4            5  0.491299  ...    0.842085    0.031140         0.0
..             ...          ...       ...  ...         ...         ...         ...
74  word_l0_34.mp4           75  0.490509  ...    0.856548    0.034447         0.0
75  word_l0_34.mp4           76  0.490389  ...    0.871167    0.027804         0.0
76  word_l0_34.mp4           77  0.491341  ...    0.889512    0.025993         0.0
77  word_l0_34.mp4           78  0.491626  ...    0.913942    0.020197         0.0
78  word_l0_34.mp4           79  0.491975  ...    0.942215    0.032050         0.0

[79 rows x 1958 columns]
Extracting features...
Face width computed for normalizaiton 0.15762129598609356
Features saved to: ../output/word_l0_34_features.csv
          fn_video  ... distance_r_hand6_r_hand10
0   word_l0_34.mp4  ...                  0.188454
1   word_l0_34.mp4  ...                  0.192169
2   word_l0_34.mp4  ...                  0.190176
3   word_l0_34.mp4  ...                  0.168225
4   word_l0_34.mp4  ...                  0.161766
..             ...  ...                       ...
74  word_l0_34.mp4  ...                  0.211442
75  word_l0_34.mp4  ...                  0.204265
76  word_l0_34.mp4  ...                  0.222399
77  word_l0_34.mp4  ...                  0.237121
78  word_l0_34.mp4  ...                  0.276381

[79 rows x 30 columns]
csv file with predictions was saved to ../output/predictions_rf_position_female_cropped_word_l0_34.csv
Loaded model: ../trained_models/model_rf_shape_female_cropped.pkl
Loaded video: ../stimuli/words/mp4/word_l0_34.mp4
Extracting coordinates...
          fn_video frame_number   x_face0  ...  y_r_hand20  z_r_hand20  v_r_hand20
0   word_l0_34.mp4            1  0.491851  ...    0.943191    0.027611         0.0
1   word_l0_34.mp4            2  0.492571  ...    0.922431    0.080258         0.0
2   word_l0_34.mp4            3  0.491714  ...    0.896318    0.062434         0.0
3   word_l0_34.mp4            4  0.491543  ...    0.868162    0.035751         0.0
4   word_l0_34.mp4            5  0.491299  ...    0.842085    0.031140         0.0
..             ...          ...       ...  ...         ...         ...         ...
74  word_l0_34.mp4           75  0.490509  ...    0.856548    0.034447         0.0
75  word_l0_34.mp4           76  0.490389  ...    0.871167    0.027804         0.0
76  word_l0_34.mp4           77  0.491341  ...    0.889512    0.025993         0.0
77  word_l0_34.mp4           78  0.491626  ...    0.913942    0.020197         0.0
78  word_l0_34.mp4           79  0.491975  ...    0.942215    0.032050         0.0

[79 rows x 1958 columns]
Extracting features...
Face width computed for normalizaiton 0.15762129598609356
Features saved to: ../output/word_l0_34_features.csv
          fn_video  ... distance_r_hand6_r_hand10
0   word_l0_34.mp4  ...                  0.188454
1   word_l0_34.mp4  ...                  0.192169
2   word_l0_34.mp4  ...                  0.190176
3   word_l0_34.mp4  ...                  0.168225
4   word_l0_34.mp4  ...                  0.161766
..             ...  ...                       ...
74  word_l0_34.mp4  ...                  0.211442
75  word_l0_34.mp4  ...                  0.204265
76  word_l0_34.mp4  ...                  0.222399
77  word_l0_34.mp4  ...                  0.237121
78  word_l0_34.mp4  ...                  0.276381

[79 rows x 30 columns]
csv file with predictions was saved to ../output/predictions_rf_shape_female_cropped_word_l0_34.csv
