python is /network/lustre/iss02/home/annahita.sarre/anaconda3/envs/myenv/bin/python
Loaded model: ../trained_models/model_rf_position_female_cropped.pkl
Loaded video: ../stimuli/words/mp4/word_h0_20.mp4
Extracting coordinates...
          fn_video frame_number   x_face0  ...  y_r_hand20  z_r_hand20  v_r_hand20
0   word_h0_20.mp4            1  0.498025  ...    0.937143    0.009171         0.0
1   word_h0_20.mp4            2  0.497676  ...    0.867285    0.015283         0.0
2   word_h0_20.mp4            3  0.497781  ...    0.845534    0.020159         0.0
3   word_h0_20.mp4            4  0.498355  ...    0.821736    0.010594         0.0
4   word_h0_20.mp4            5  0.498630  ...    0.797512    0.009620         0.0
..             ...          ...       ...  ...         ...         ...         ...
68  word_h0_20.mp4           69  0.502592  ...    0.784068    0.028433         0.0
69  word_h0_20.mp4           70  0.502691  ...    0.805607    0.023847         0.0
70  word_h0_20.mp4           71  0.502727  ...    0.821832    0.027733         0.0
71  word_h0_20.mp4           72  0.502596  ...    0.851468    0.028841         0.0
72  word_h0_20.mp4           74  0.502935  ...    0.898564    0.026626         0.0

[73 rows x 1958 columns]
Extracting features...
Face width computed for normalizaiton 0.16070914173265513
Features saved to: ../output/word_h0_20_features.csv
          fn_video  ... distance_r_hand6_r_hand10
0   word_h0_20.mp4  ...                  0.233226
1   word_h0_20.mp4  ...                  0.222723
2   word_h0_20.mp4  ...                  0.209665
3   word_h0_20.mp4  ...                  0.217340
4   word_h0_20.mp4  ...                  0.238072
..             ...  ...                       ...
68  word_h0_20.mp4  ...                  0.201230
69  word_h0_20.mp4  ...                  0.220448
70  word_h0_20.mp4  ...                  0.194000
71  word_h0_20.mp4  ...                  0.193060
72  word_h0_20.mp4  ...                  0.187818

[73 rows x 30 columns]
csv file with predictions was saved to ../output/predictions_rf_position_female_cropped_word_h0_20.csv
Loaded model: ../trained_models/model_rf_shape_female_cropped.pkl
Loaded video: ../stimuli/words/mp4/word_h0_20.mp4
Extracting coordinates...
          fn_video frame_number   x_face0  ...  y_r_hand20  z_r_hand20  v_r_hand20
0   word_h0_20.mp4            1  0.498025  ...    0.937143    0.009171         0.0
1   word_h0_20.mp4            2  0.497676  ...    0.867285    0.015283         0.0
2   word_h0_20.mp4            3  0.497781  ...    0.845534    0.020159         0.0
3   word_h0_20.mp4            4  0.498355  ...    0.821736    0.010594         0.0
4   word_h0_20.mp4            5  0.498630  ...    0.797512    0.009620         0.0
..             ...          ...       ...  ...         ...         ...         ...
68  word_h0_20.mp4           69  0.502592  ...    0.784068    0.028433         0.0
69  word_h0_20.mp4           70  0.502691  ...    0.805607    0.023847         0.0
70  word_h0_20.mp4           71  0.502727  ...    0.821832    0.027733         0.0
71  word_h0_20.mp4           72  0.502596  ...    0.851468    0.028841         0.0
72  word_h0_20.mp4           74  0.502935  ...    0.898564    0.026626         0.0

[73 rows x 1958 columns]
Extracting features...
Face width computed for normalizaiton 0.16070914173265513
Features saved to: ../output/word_h0_20_features.csv
          fn_video  ... distance_r_hand6_r_hand10
0   word_h0_20.mp4  ...                  0.233226
1   word_h0_20.mp4  ...                  0.222723
2   word_h0_20.mp4  ...                  0.209665
3   word_h0_20.mp4  ...                  0.217340
4   word_h0_20.mp4  ...                  0.238072
..             ...  ...                       ...
68  word_h0_20.mp4  ...                  0.201230
69  word_h0_20.mp4  ...                  0.220448
70  word_h0_20.mp4  ...                  0.194000
71  word_h0_20.mp4  ...                  0.193060
72  word_h0_20.mp4  ...                  0.187818

[73 rows x 30 columns]
csv file with predictions was saved to ../output/predictions_rf_shape_female_cropped_word_h0_20.csv
