python is /network/lustre/iss02/home/annahita.sarre/anaconda3/envs/myenv/bin/python
Loaded model: ../trained_models/model_rf_position_female_cropped.pkl
Loaded video: ../stimuli/words/mp4/word_h0_17.mp4
Extracting coordinates...
          fn_video frame_number   x_face0  ...  y_r_hand20  z_r_hand20  v_r_hand20
0   word_h0_17.mp4            2  0.498555  ...    0.972708    0.019526         0.0
1   word_h0_17.mp4            3  0.498580  ...    0.929789    0.017746         0.0
2   word_h0_17.mp4            4  0.498133  ...    0.898265    0.008183         0.0
3   word_h0_17.mp4            5  0.497448  ...    0.875913    0.004493         0.0
4   word_h0_17.mp4            6  0.497605  ...    0.861702    0.002226         0.0
..             ...          ...       ...  ...         ...         ...         ...
64  word_h0_17.mp4           68  0.494844  ...    0.659488   -0.022489         0.0
65  word_h0_17.mp4           69  0.495190  ...    0.670566   -0.005793         0.0
66  word_h0_17.mp4           70  0.495305  ...    0.691842    0.009225         0.0
67  word_h0_17.mp4           71  0.495363  ...    0.728306    0.012116         0.0
68  word_h0_17.mp4           72  0.495025  ...    0.757514    0.006830         0.0

[69 rows x 1958 columns]
Extracting features...
Face width computed for normalizaiton 0.16175800067180895
Features saved to: ../output/word_h0_17_features.csv
          fn_video  ... distance_r_hand6_r_hand10
0   word_h0_17.mp4  ...                  0.220046
1   word_h0_17.mp4  ...                  0.201213
2   word_h0_17.mp4  ...                  0.188269
3   word_h0_17.mp4  ...                  0.188200
4   word_h0_17.mp4  ...                  0.198508
..             ...  ...                       ...
64  word_h0_17.mp4  ...                  0.271167
65  word_h0_17.mp4  ...                  0.163295
66  word_h0_17.mp4  ...                  0.175265
67  word_h0_17.mp4  ...                  0.155178
68  word_h0_17.mp4  ...                  0.159259

[69 rows x 30 columns]
csv file with predictions was saved to ../output/predictions_rf_position_female_cropped_word_h0_17.csv
Loaded model: ../trained_models/model_rf_shape_female_cropped.pkl
Loaded video: ../stimuli/words/mp4/word_h0_17.mp4
Extracting coordinates...
          fn_video frame_number   x_face0  ...  y_r_hand20  z_r_hand20  v_r_hand20
0   word_h0_17.mp4            2  0.498555  ...    0.972708    0.019526         0.0
1   word_h0_17.mp4            3  0.498580  ...    0.929789    0.017746         0.0
2   word_h0_17.mp4            4  0.498133  ...    0.898265    0.008183         0.0
3   word_h0_17.mp4            5  0.497448  ...    0.875913    0.004493         0.0
4   word_h0_17.mp4            6  0.497605  ...    0.861702    0.002226         0.0
..             ...          ...       ...  ...         ...         ...         ...
64  word_h0_17.mp4           68  0.494844  ...    0.659488   -0.022489         0.0
65  word_h0_17.mp4           69  0.495190  ...    0.670566   -0.005793         0.0
66  word_h0_17.mp4           70  0.495305  ...    0.691842    0.009225         0.0
67  word_h0_17.mp4           71  0.495363  ...    0.728306    0.012116         0.0
68  word_h0_17.mp4           72  0.495025  ...    0.757514    0.006830         0.0

[69 rows x 1958 columns]
Extracting features...
Face width computed for normalizaiton 0.16175800067180895
Features saved to: ../output/word_h0_17_features.csv
          fn_video  ... distance_r_hand6_r_hand10
0   word_h0_17.mp4  ...                  0.220046
1   word_h0_17.mp4  ...                  0.201213
2   word_h0_17.mp4  ...                  0.188269
3   word_h0_17.mp4  ...                  0.188200
4   word_h0_17.mp4  ...                  0.198508
..             ...  ...                       ...
64  word_h0_17.mp4  ...                  0.271167
65  word_h0_17.mp4  ...                  0.163295
66  word_h0_17.mp4  ...                  0.175265
67  word_h0_17.mp4  ...                  0.155178
68  word_h0_17.mp4  ...                  0.159259

[69 rows x 30 columns]
csv file with predictions was saved to ../output/predictions_rf_shape_female_cropped_word_h0_17.csv
