python is /network/lustre/iss02/home/annahita.sarre/anaconda3/envs/myenv/bin/python
Loaded model: ../trained_models/model_rf_position_female_cropped.pkl
Loaded video: ../stimuli/words/mp4/word_l1_21.mp4
Extracting coordinates...
          fn_video frame_number   x_face0  ...  y_r_hand20  z_r_hand20  v_r_hand20
0   word_l1_21.mp4            1  0.492828  ...    0.902423    0.054320         0.0
1   word_l1_21.mp4            2  0.493035  ...    0.883609    0.045938         0.0
2   word_l1_21.mp4            3  0.492208  ...    0.851462    0.044102         0.0
3   word_l1_21.mp4            4  0.491695  ...    0.824154    0.019701         0.0
4   word_l1_21.mp4            5  0.492096  ...    0.794452    0.010985         0.0
5   word_l1_21.mp4            6  0.492410  ...    0.762652    0.012239         0.0
6   word_l1_21.mp4            7  0.492029  ...    0.744378    0.008582         0.0
7   word_l1_21.mp4            8  0.492158  ...    0.733780    0.005391         0.0
8   word_l1_21.mp4            9  0.491769  ...    0.721101    0.016802         0.0
9   word_l1_21.mp4           10  0.491121  ...    0.706029    0.019208         0.0
10  word_l1_21.mp4           11  0.490579  ...    0.694574    0.010975         0.0
11  word_l1_21.mp4           12  0.490690  ...    0.689206    0.014382         0.0
12  word_l1_21.mp4           13  0.490595  ...    0.683929    0.013008         0.0
13  word_l1_21.mp4           14  0.490363  ...    0.679266    0.016535         0.0
14  word_l1_21.mp4           15  0.490161  ...    0.678355    0.021737         0.0
15  word_l1_21.mp4           16  0.489731  ...    0.679486    0.022828         0.0
16  word_l1_21.mp4           17  0.488984  ...    0.680204    0.026991         0.0
17  word_l1_21.mp4           18  0.489555  ...    0.680130    0.024810         0.0
18  word_l1_21.mp4           19  0.490343  ...    0.679982    0.021020         0.0
19  word_l1_21.mp4           20  0.491153  ...    0.680931    0.019024         0.0
20  word_l1_21.mp4           21  0.491131  ...    0.683190    0.019222         0.0
21  word_l1_21.mp4           22  0.491841  ...    0.684551    0.018296         0.0
22  word_l1_21.mp4           23  0.492056  ...    0.691718    0.019447         0.0
23  word_l1_21.mp4           24  0.491496  ...    0.709673    0.018883         0.0
24  word_l1_21.mp4           25  0.491430  ...    0.717856    0.015704         0.0
25  word_l1_21.mp4           26  0.490648  ...    0.725615    0.012530         0.0
26  word_l1_21.mp4           27  0.490543  ...    0.728975    0.008075         0.0
27  word_l1_21.mp4           31  0.490205  ...    0.717600    0.017545         0.0
28  word_l1_21.mp4           32  0.490610  ...    0.660634    0.019512         0.0
29  word_l1_21.mp4           33  0.490743  ...    0.634084   -0.004819         0.0
30  word_l1_21.mp4           34  0.491143  ...    0.626785    0.001266         0.0
31  word_l1_21.mp4           35  0.491081  ...    0.623910   -0.009335         0.0
32  word_l1_21.mp4           36  0.491420  ...    0.626160   -0.011340         0.0
33  word_l1_21.mp4           37  0.491752  ...    0.626265   -0.011201         0.0
34  word_l1_21.mp4           38  0.491895  ...    0.624483   -0.002295         0.0
35  word_l1_21.mp4           39  0.491748  ...    0.623258    0.000444         0.0
36  word_l1_21.mp4           40  0.491802  ...    0.622411   -0.001445         0.0
37  word_l1_21.mp4           41  0.491461  ...    0.619140   -0.006842         0.0
38  word_l1_21.mp4           42  0.490975  ...    0.619287   -0.005706         0.0
39  word_l1_21.mp4           43  0.490771  ...    0.621770    0.000461         0.0
40  word_l1_21.mp4           44  0.490546  ...    0.622103    0.003672         0.0
41  word_l1_21.mp4           45  0.490184  ...    0.620810   -0.000542         0.0
42  word_l1_21.mp4           46  0.489783  ...    0.620500   -0.000128         0.0
43  word_l1_21.mp4           47  0.489466  ...    0.617221   -0.006934         0.0
44  word_l1_21.mp4           48  0.489910  ...    0.616725    0.003701         0.0
45  word_l1_21.mp4           49  0.490321  ...    0.613667    0.001835         0.0
46  word_l1_21.mp4           50  0.490421  ...    0.617025   -0.025796         0.0
47  word_l1_21.mp4           51  0.490693  ...    0.621156   -0.017992         0.0
48  word_l1_21.mp4           52  0.490975  ...    0.648367    0.020441         0.0
49  word_l1_21.mp4           53  0.491478  ...    0.677339    0.016968         0.0
50  word_l1_21.mp4           54  0.491656  ...    0.707564    0.010157         0.0

[51 rows x 1958 columns]
Extracting features...
Face width computed for normalizaiton 0.1549622361869282
Features saved to: ../output/word_l1_21_features.csv
          fn_video  ... distance_r_hand6_r_hand10
0   word_l1_21.mp4  ...                  0.210701
1   word_l1_21.mp4  ...                  0.175773
2   word_l1_21.mp4  ...                  0.165745
3   word_l1_21.mp4  ...                  0.158096
4   word_l1_21.mp4  ...                  0.151069
5   word_l1_21.mp4  ...                  0.149057
6   word_l1_21.mp4  ...                  0.152459
7   word_l1_21.mp4  ...                  0.159185
8   word_l1_21.mp4  ...                  0.159367
9   word_l1_21.mp4  ...                  0.150602
10  word_l1_21.mp4  ...                  0.151752
11  word_l1_21.mp4  ...                  0.148626
12  word_l1_21.mp4  ...                  0.146022
13  word_l1_21.mp4  ...                  0.147429
14  word_l1_21.mp4  ...                  0.157200
15  word_l1_21.mp4  ...                  0.162872
16  word_l1_21.mp4  ...                  0.167395
17  word_l1_21.mp4  ...                  0.164886
18  word_l1_21.mp4  ...                  0.157568
19  word_l1_21.mp4  ...                  0.161147
20  word_l1_21.mp4  ...                  0.174822
21  word_l1_21.mp4  ...                  0.199688
22  word_l1_21.mp4  ...                  0.226096
23  word_l1_21.mp4  ...                  0.301002
24  word_l1_21.mp4  ...                  0.314756
25  word_l1_21.mp4  ...                  0.334632
26  word_l1_21.mp4  ...                  0.490580
27  word_l1_21.mp4  ...                  0.241242
28  word_l1_21.mp4  ...                  0.188901
29  word_l1_21.mp4  ...                  0.168515
30  word_l1_21.mp4  ...                  0.155644
31  word_l1_21.mp4  ...                  0.143446
32  word_l1_21.mp4  ...                  0.152009
33  word_l1_21.mp4  ...                  0.169056
34  word_l1_21.mp4  ...                  0.194785
35  word_l1_21.mp4  ...                  0.196056
36  word_l1_21.mp4  ...                  0.173270
37  word_l1_21.mp4  ...                  0.175843
38  word_l1_21.mp4  ...                  0.177677
39  word_l1_21.mp4  ...                  0.168958
40  word_l1_21.mp4  ...                  0.182246
41  word_l1_21.mp4  ...                  0.180605
42  word_l1_21.mp4  ...                  0.184763
43  word_l1_21.mp4  ...                  0.176327
44  word_l1_21.mp4  ...                  0.208326
45  word_l1_21.mp4  ...                  0.270421
46  word_l1_21.mp4  ...                  0.316424
47  word_l1_21.mp4  ...                  0.167339
48  word_l1_21.mp4  ...                  0.175579
49  word_l1_21.mp4  ...                  0.176450
50  word_l1_21.mp4  ...                  0.181254

[51 rows x 30 columns]
csv file with predictions was saved to ../output/predictions_rf_position_female_cropped_word_l1_21.csv
Loaded model: ../trained_models/model_rf_shape_female_cropped.pkl
Loaded video: ../stimuli/words/mp4/word_l1_21.mp4
Extracting coordinates...
          fn_video frame_number   x_face0  ...  y_r_hand20  z_r_hand20  v_r_hand20
0   word_l1_21.mp4            1  0.492828  ...    0.902423    0.054320         0.0
1   word_l1_21.mp4            2  0.493035  ...    0.883609    0.045938         0.0
2   word_l1_21.mp4            3  0.492208  ...    0.851462    0.044102         0.0
3   word_l1_21.mp4            4  0.491695  ...    0.824154    0.019701         0.0
4   word_l1_21.mp4            5  0.492096  ...    0.794452    0.010985         0.0
5   word_l1_21.mp4            6  0.492410  ...    0.762652    0.012239         0.0
6   word_l1_21.mp4            7  0.492029  ...    0.744378    0.008582         0.0
7   word_l1_21.mp4            8  0.492158  ...    0.733780    0.005391         0.0
8   word_l1_21.mp4            9  0.491769  ...    0.721101    0.016802         0.0
9   word_l1_21.mp4           10  0.491121  ...    0.706029    0.019208         0.0
10  word_l1_21.mp4           11  0.490579  ...    0.694574    0.010975         0.0
11  word_l1_21.mp4           12  0.490690  ...    0.689206    0.014382         0.0
12  word_l1_21.mp4           13  0.490595  ...    0.683929    0.013008         0.0
13  word_l1_21.mp4           14  0.490363  ...    0.679266    0.016535         0.0
14  word_l1_21.mp4           15  0.490161  ...    0.678355    0.021737         0.0
15  word_l1_21.mp4           16  0.489731  ...    0.679486    0.022828         0.0
16  word_l1_21.mp4           17  0.488984  ...    0.680204    0.026991         0.0
17  word_l1_21.mp4           18  0.489555  ...    0.680130    0.024810         0.0
18  word_l1_21.mp4           19  0.490343  ...    0.679982    0.021020         0.0
19  word_l1_21.mp4           20  0.491153  ...    0.680931    0.019024         0.0
20  word_l1_21.mp4           21  0.491131  ...    0.683190    0.019222         0.0
21  word_l1_21.mp4           22  0.491841  ...    0.684551    0.018296         0.0
22  word_l1_21.mp4           23  0.492056  ...    0.691718    0.019447         0.0
23  word_l1_21.mp4           24  0.491496  ...    0.709673    0.018883         0.0
24  word_l1_21.mp4           25  0.491430  ...    0.717856    0.015704         0.0
25  word_l1_21.mp4           26  0.490648  ...    0.725615    0.012530         0.0
26  word_l1_21.mp4           27  0.490543  ...    0.728975    0.008075         0.0
27  word_l1_21.mp4           31  0.490205  ...    0.717600    0.017545         0.0
28  word_l1_21.mp4           32  0.490610  ...    0.660634    0.019512         0.0
29  word_l1_21.mp4           33  0.490743  ...    0.634084   -0.004819         0.0
30  word_l1_21.mp4           34  0.491143  ...    0.626785    0.001266         0.0
31  word_l1_21.mp4           35  0.491081  ...    0.623910   -0.009335         0.0
32  word_l1_21.mp4           36  0.491420  ...    0.626160   -0.011340         0.0
33  word_l1_21.mp4           37  0.491752  ...    0.626265   -0.011201         0.0
34  word_l1_21.mp4           38  0.491895  ...    0.624483   -0.002295         0.0
35  word_l1_21.mp4           39  0.491748  ...    0.623258    0.000444         0.0
36  word_l1_21.mp4           40  0.491802  ...    0.622411   -0.001445         0.0
37  word_l1_21.mp4           41  0.491461  ...    0.619140   -0.006842         0.0
38  word_l1_21.mp4           42  0.490975  ...    0.619287   -0.005706         0.0
39  word_l1_21.mp4           43  0.490771  ...    0.621770    0.000461         0.0
40  word_l1_21.mp4           44  0.490546  ...    0.622103    0.003672         0.0
41  word_l1_21.mp4           45  0.490184  ...    0.620810   -0.000542         0.0
42  word_l1_21.mp4           46  0.489783  ...    0.620500   -0.000128         0.0
43  word_l1_21.mp4           47  0.489466  ...    0.617221   -0.006934         0.0
44  word_l1_21.mp4           48  0.489910  ...    0.616725    0.003701         0.0
45  word_l1_21.mp4           49  0.490321  ...    0.613667    0.001835         0.0
46  word_l1_21.mp4           50  0.490421  ...    0.617025   -0.025796         0.0
47  word_l1_21.mp4           51  0.490693  ...    0.621156   -0.017992         0.0
48  word_l1_21.mp4           52  0.490975  ...    0.648367    0.020441         0.0
49  word_l1_21.mp4           53  0.491478  ...    0.677339    0.016968         0.0
50  word_l1_21.mp4           54  0.491656  ...    0.707564    0.010157         0.0

[51 rows x 1958 columns]
Extracting features...
Face width computed for normalizaiton 0.1549622361869282
Features saved to: ../output/word_l1_21_features.csv
          fn_video  ... distance_r_hand6_r_hand10
0   word_l1_21.mp4  ...                  0.210701
1   word_l1_21.mp4  ...                  0.175773
2   word_l1_21.mp4  ...                  0.165745
3   word_l1_21.mp4  ...                  0.158096
4   word_l1_21.mp4  ...                  0.151069
5   word_l1_21.mp4  ...                  0.149057
6   word_l1_21.mp4  ...                  0.152459
7   word_l1_21.mp4  ...                  0.159185
8   word_l1_21.mp4  ...                  0.159367
9   word_l1_21.mp4  ...                  0.150602
10  word_l1_21.mp4  ...                  0.151752
11  word_l1_21.mp4  ...                  0.148626
12  word_l1_21.mp4  ...                  0.146022
13  word_l1_21.mp4  ...                  0.147429
14  word_l1_21.mp4  ...                  0.157200
15  word_l1_21.mp4  ...                  0.162872
16  word_l1_21.mp4  ...                  0.167395
17  word_l1_21.mp4  ...                  0.164886
18  word_l1_21.mp4  ...                  0.157568
19  word_l1_21.mp4  ...                  0.161147
20  word_l1_21.mp4  ...                  0.174822
21  word_l1_21.mp4  ...                  0.199688
22  word_l1_21.mp4  ...                  0.226096
23  word_l1_21.mp4  ...                  0.301002
24  word_l1_21.mp4  ...                  0.314756
25  word_l1_21.mp4  ...                  0.334632
26  word_l1_21.mp4  ...                  0.490580
27  word_l1_21.mp4  ...                  0.241242
28  word_l1_21.mp4  ...                  0.188901
29  word_l1_21.mp4  ...                  0.168515
30  word_l1_21.mp4  ...                  0.155644
31  word_l1_21.mp4  ...                  0.143446
32  word_l1_21.mp4  ...                  0.152009
33  word_l1_21.mp4  ...                  0.169056
34  word_l1_21.mp4  ...                  0.194785
35  word_l1_21.mp4  ...                  0.196056
36  word_l1_21.mp4  ...                  0.173270
37  word_l1_21.mp4  ...                  0.175843
38  word_l1_21.mp4  ...                  0.177677
39  word_l1_21.mp4  ...                  0.168958
40  word_l1_21.mp4  ...                  0.182246
41  word_l1_21.mp4  ...                  0.180605
42  word_l1_21.mp4  ...                  0.184763
43  word_l1_21.mp4  ...                  0.176327
44  word_l1_21.mp4  ...                  0.208326
45  word_l1_21.mp4  ...                  0.270421
46  word_l1_21.mp4  ...                  0.316424
47  word_l1_21.mp4  ...                  0.167339
48  word_l1_21.mp4  ...                  0.175579
49  word_l1_21.mp4  ...                  0.176450
50  word_l1_21.mp4  ...                  0.181254

[51 rows x 30 columns]
csv file with predictions was saved to ../output/predictions_rf_shape_female_cropped_word_l1_21.csv
