python is /network/lustre/iss02/home/annahita.sarre/anaconda3/envs/myenv/bin/python
Loaded model: ../trained_models/model_rf_position_female_cropped.pkl
Loaded video: ../stimuli/words/mp4/word_l1_06.mp4
Extracting coordinates...
          fn_video frame_number   x_face0  ...  y_r_hand20  z_r_hand20  v_r_hand20
0   word_l1_06.mp4            2  0.491951  ...    0.929935    0.032164         0.0
1   word_l1_06.mp4            3  0.491070  ...    0.897448    0.035058         0.0
2   word_l1_06.mp4            4  0.490320  ...    0.844448    0.033767         0.0
3   word_l1_06.mp4            5  0.490168  ...    0.797464    0.045570         0.0
4   word_l1_06.mp4            6  0.490815  ...    0.767742    0.050486         0.0
5   word_l1_06.mp4            7  0.490805  ...    0.744139    0.039833         0.0
6   word_l1_06.mp4            8  0.490480  ...    0.714732    0.029136         0.0
7   word_l1_06.mp4            9  0.490754  ...    0.694755    0.022735         0.0
8   word_l1_06.mp4           10  0.490292  ...    0.675965    0.024565         0.0
9   word_l1_06.mp4           11  0.490892  ...    0.650429    0.007883         0.0
10  word_l1_06.mp4           12  0.490623  ...    0.622373   -0.001500         0.0
11  word_l1_06.mp4           13  0.490449  ...    0.604809   -0.001023         0.0
12  word_l1_06.mp4           14  0.489978  ...    0.590442   -0.013788         0.0
13  word_l1_06.mp4           15  0.489912  ...    0.578194   -0.019573         0.0
14  word_l1_06.mp4           16  0.489518  ...    0.572603   -0.022405         0.0
15  word_l1_06.mp4           17  0.489518  ...    0.571327   -0.030323         0.0
16  word_l1_06.mp4           18  0.489731  ...    0.573190   -0.017348         0.0
17  word_l1_06.mp4           19  0.489982  ...    0.625823    0.004105         0.0
18  word_l1_06.mp4           20  0.490086  ...    0.675494   -0.002815         0.0
19  word_l1_06.mp4           21  0.490484  ...    0.692352    0.003419         0.0
20  word_l1_06.mp4           22  0.490797  ...    0.703730    0.000742         0.0
21  word_l1_06.mp4           23  0.490609  ...    0.715978    0.007209         0.0
22  word_l1_06.mp4           24  0.489963  ...    0.726328    0.010104         0.0
23  word_l1_06.mp4           25  0.489489  ...    0.735576    0.010425         0.0
24  word_l1_06.mp4           26  0.489437  ...    0.742542    0.014101         0.0
25  word_l1_06.mp4           27  0.489248  ...    0.747472    0.018587         0.0
26  word_l1_06.mp4           28  0.489556  ...    0.750531    0.015298         0.0
27  word_l1_06.mp4           29  0.490253  ...    0.746767    0.018709         0.0
28  word_l1_06.mp4           30  0.490802  ...    0.736999    0.021434         0.0
29  word_l1_06.mp4           31  0.491293  ...    0.730296    0.012767         0.0
30  word_l1_06.mp4           32  0.492493  ...    0.673577    0.014219         0.0
31  word_l1_06.mp4           33  0.493211  ...    0.643744   -0.009076         0.0
32  word_l1_06.mp4           34  0.494356  ...    0.632005   -0.003162         0.0
33  word_l1_06.mp4           35  0.494919  ...    0.623817    0.004813         0.0
34  word_l1_06.mp4           36  0.494588  ...    0.621644    0.002824         0.0
35  word_l1_06.mp4           37  0.495487  ...    0.619250    0.001137         0.0
36  word_l1_06.mp4           38  0.495320  ...    0.619000    0.000535         0.0
37  word_l1_06.mp4           39  0.495473  ...    0.616374    0.012079         0.0
38  word_l1_06.mp4           40  0.495963  ...    0.616242    0.008100         0.0
39  word_l1_06.mp4           41  0.495813  ...    0.615032    0.003984         0.0
40  word_l1_06.mp4           42  0.495594  ...    0.611946    0.000879         0.0
41  word_l1_06.mp4           43  0.495586  ...    0.610845    0.003152         0.0
42  word_l1_06.mp4           44  0.494870  ...    0.611515    0.002943         0.0
43  word_l1_06.mp4           45  0.494394  ...    0.613831    0.002820         0.0
44  word_l1_06.mp4           46  0.494566  ...    0.612667    0.004746         0.0
45  word_l1_06.mp4           47  0.493958  ...    0.612015    0.002625         0.0
46  word_l1_06.mp4           48  0.493994  ...    0.615530    0.003543         0.0
47  word_l1_06.mp4           49  0.493903  ...    0.615238   -0.001790         0.0
48  word_l1_06.mp4           50  0.493638  ...    0.620085   -0.016269         0.0
49  word_l1_06.mp4           51  0.493823  ...    0.632142    0.002069         0.0
50  word_l1_06.mp4           52  0.493304  ...    0.683726    0.017434         0.0
51  word_l1_06.mp4           53  0.493562  ...    0.733659    0.013010         0.0
52  word_l1_06.mp4           54  0.493602  ...    0.745926    0.008624         0.0
53  word_l1_06.mp4           55  0.493551  ...    0.755608    0.003100         0.0
54  word_l1_06.mp4           56  0.493780  ...    0.773559    0.001426         0.0
55  word_l1_06.mp4           57  0.494294  ...    0.800094    0.005003         0.0

[56 rows x 1958 columns]
Extracting features...
Face width computed for normalizaiton 0.15733257671413642
Features saved to: ../output/word_l1_06_features.csv
          fn_video  ... distance_r_hand6_r_hand10
0   word_l1_06.mp4  ...                  0.222257
1   word_l1_06.mp4  ...                  0.219291
2   word_l1_06.mp4  ...                  0.216136
3   word_l1_06.mp4  ...                  0.190421
4   word_l1_06.mp4  ...                  0.176220
5   word_l1_06.mp4  ...                  0.174902
6   word_l1_06.mp4  ...                  0.179692
7   word_l1_06.mp4  ...                  0.170800
8   word_l1_06.mp4  ...                  0.166371
9   word_l1_06.mp4  ...                  0.158060
10  word_l1_06.mp4  ...                  0.142697
11  word_l1_06.mp4  ...                  0.135006
12  word_l1_06.mp4  ...                  0.136231
13  word_l1_06.mp4  ...                  0.136998
14  word_l1_06.mp4  ...                  0.140702
15  word_l1_06.mp4  ...                  0.143594
16  word_l1_06.mp4  ...                  0.142529
17  word_l1_06.mp4  ...                  0.155453
18  word_l1_06.mp4  ...                  0.147608
19  word_l1_06.mp4  ...                  0.147440
20  word_l1_06.mp4  ...                  0.148286
21  word_l1_06.mp4  ...                  0.145971
22  word_l1_06.mp4  ...                  0.155466
23  word_l1_06.mp4  ...                  0.159236
24  word_l1_06.mp4  ...                  0.158520
25  word_l1_06.mp4  ...                  0.160320
26  word_l1_06.mp4  ...                  0.150629
27  word_l1_06.mp4  ...                  0.139345
28  word_l1_06.mp4  ...                  0.147599
29  word_l1_06.mp4  ...                  0.154529
30  word_l1_06.mp4  ...                  0.176606
31  word_l1_06.mp4  ...                  0.190809
32  word_l1_06.mp4  ...                  0.160937
33  word_l1_06.mp4  ...                  0.159781
34  word_l1_06.mp4  ...                  0.175073
35  word_l1_06.mp4  ...                  0.164808
36  word_l1_06.mp4  ...                  0.162583
37  word_l1_06.mp4  ...                  0.187494
38  word_l1_06.mp4  ...                  0.191989
39  word_l1_06.mp4  ...                  0.179489
40  word_l1_06.mp4  ...                  0.179586
41  word_l1_06.mp4  ...                  0.189059
42  word_l1_06.mp4  ...                  0.188393
43  word_l1_06.mp4  ...                  0.172752
44  word_l1_06.mp4  ...                  0.183751
45  word_l1_06.mp4  ...                  0.185243
46  word_l1_06.mp4  ...                  0.197556
47  word_l1_06.mp4  ...                  0.202275
48  word_l1_06.mp4  ...                  0.171826
49  word_l1_06.mp4  ...                  0.171437
50  word_l1_06.mp4  ...                  0.175460
51  word_l1_06.mp4  ...                  0.170027
52  word_l1_06.mp4  ...                  0.171336
53  word_l1_06.mp4  ...                  0.173981
54  word_l1_06.mp4  ...                  0.182500
55  word_l1_06.mp4  ...                  0.168287

[56 rows x 30 columns]
csv file with predictions was saved to ../output/predictions_rf_position_female_cropped_word_l1_06.csv
Loaded model: ../trained_models/model_rf_shape_female_cropped.pkl
Loaded video: ../stimuli/words/mp4/word_l1_06.mp4
Extracting coordinates...
          fn_video frame_number   x_face0  ...  y_r_hand20  z_r_hand20  v_r_hand20
0   word_l1_06.mp4            2  0.491951  ...    0.929935    0.032164         0.0
1   word_l1_06.mp4            3  0.491070  ...    0.897448    0.035058         0.0
2   word_l1_06.mp4            4  0.490320  ...    0.844448    0.033767         0.0
3   word_l1_06.mp4            5  0.490168  ...    0.797464    0.045570         0.0
4   word_l1_06.mp4            6  0.490815  ...    0.767742    0.050486         0.0
5   word_l1_06.mp4            7  0.490805  ...    0.744139    0.039833         0.0
6   word_l1_06.mp4            8  0.490480  ...    0.714732    0.029136         0.0
7   word_l1_06.mp4            9  0.490754  ...    0.694755    0.022735         0.0
8   word_l1_06.mp4           10  0.490292  ...    0.675965    0.024565         0.0
9   word_l1_06.mp4           11  0.490892  ...    0.650429    0.007883         0.0
10  word_l1_06.mp4           12  0.490623  ...    0.622373   -0.001500         0.0
11  word_l1_06.mp4           13  0.490449  ...    0.604809   -0.001023         0.0
12  word_l1_06.mp4           14  0.489978  ...    0.590442   -0.013788         0.0
13  word_l1_06.mp4           15  0.489912  ...    0.578194   -0.019573         0.0
14  word_l1_06.mp4           16  0.489518  ...    0.572603   -0.022405         0.0
15  word_l1_06.mp4           17  0.489518  ...    0.571327   -0.030323         0.0
16  word_l1_06.mp4           18  0.489731  ...    0.573190   -0.017348         0.0
17  word_l1_06.mp4           19  0.489982  ...    0.625823    0.004105         0.0
18  word_l1_06.mp4           20  0.490086  ...    0.675494   -0.002815         0.0
19  word_l1_06.mp4           21  0.490484  ...    0.692352    0.003419         0.0
20  word_l1_06.mp4           22  0.490797  ...    0.703730    0.000742         0.0
21  word_l1_06.mp4           23  0.490609  ...    0.715978    0.007209         0.0
22  word_l1_06.mp4           24  0.489963  ...    0.726328    0.010104         0.0
23  word_l1_06.mp4           25  0.489489  ...    0.735576    0.010425         0.0
24  word_l1_06.mp4           26  0.489437  ...    0.742542    0.014101         0.0
25  word_l1_06.mp4           27  0.489248  ...    0.747472    0.018587         0.0
26  word_l1_06.mp4           28  0.489556  ...    0.750531    0.015298         0.0
27  word_l1_06.mp4           29  0.490253  ...    0.746767    0.018709         0.0
28  word_l1_06.mp4           30  0.490802  ...    0.736999    0.021434         0.0
29  word_l1_06.mp4           31  0.491293  ...    0.730296    0.012767         0.0
30  word_l1_06.mp4           32  0.492493  ...    0.673577    0.014219         0.0
31  word_l1_06.mp4           33  0.493211  ...    0.643744   -0.009076         0.0
32  word_l1_06.mp4           34  0.494356  ...    0.632005   -0.003162         0.0
33  word_l1_06.mp4           35  0.494919  ...    0.623817    0.004813         0.0
34  word_l1_06.mp4           36  0.494588  ...    0.621644    0.002824         0.0
35  word_l1_06.mp4           37  0.495487  ...    0.619250    0.001137         0.0
36  word_l1_06.mp4           38  0.495320  ...    0.619000    0.000535         0.0
37  word_l1_06.mp4           39  0.495473  ...    0.616374    0.012079         0.0
38  word_l1_06.mp4           40  0.495963  ...    0.616242    0.008100         0.0
39  word_l1_06.mp4           41  0.495813  ...    0.615032    0.003984         0.0
40  word_l1_06.mp4           42  0.495594  ...    0.611946    0.000879         0.0
41  word_l1_06.mp4           43  0.495586  ...    0.610845    0.003152         0.0
42  word_l1_06.mp4           44  0.494870  ...    0.611515    0.002943         0.0
43  word_l1_06.mp4           45  0.494394  ...    0.613831    0.002820         0.0
44  word_l1_06.mp4           46  0.494566  ...    0.612667    0.004746         0.0
45  word_l1_06.mp4           47  0.493958  ...    0.612015    0.002625         0.0
46  word_l1_06.mp4           48  0.493994  ...    0.615530    0.003543         0.0
47  word_l1_06.mp4           49  0.493903  ...    0.615238   -0.001790         0.0
48  word_l1_06.mp4           50  0.493638  ...    0.620085   -0.016269         0.0
49  word_l1_06.mp4           51  0.493823  ...    0.632142    0.002069         0.0
50  word_l1_06.mp4           52  0.493304  ...    0.683726    0.017434         0.0
51  word_l1_06.mp4           53  0.493562  ...    0.733659    0.013010         0.0
52  word_l1_06.mp4           54  0.493602  ...    0.745926    0.008624         0.0
53  word_l1_06.mp4           55  0.493551  ...    0.755608    0.003100         0.0
54  word_l1_06.mp4           56  0.493780  ...    0.773559    0.001426         0.0
55  word_l1_06.mp4           57  0.494294  ...    0.800094    0.005003         0.0

[56 rows x 1958 columns]
Extracting features...
Face width computed for normalizaiton 0.15733257671413642
Features saved to: ../output/word_l1_06_features.csv
          fn_video  ... distance_r_hand6_r_hand10
0   word_l1_06.mp4  ...                  0.222257
1   word_l1_06.mp4  ...                  0.219291
2   word_l1_06.mp4  ...                  0.216136
3   word_l1_06.mp4  ...                  0.190421
4   word_l1_06.mp4  ...                  0.176220
5   word_l1_06.mp4  ...                  0.174902
6   word_l1_06.mp4  ...                  0.179692
7   word_l1_06.mp4  ...                  0.170800
8   word_l1_06.mp4  ...                  0.166371
9   word_l1_06.mp4  ...                  0.158060
10  word_l1_06.mp4  ...                  0.142697
11  word_l1_06.mp4  ...                  0.135006
12  word_l1_06.mp4  ...                  0.136231
13  word_l1_06.mp4  ...                  0.136998
14  word_l1_06.mp4  ...                  0.140702
15  word_l1_06.mp4  ...                  0.143594
16  word_l1_06.mp4  ...                  0.142529
17  word_l1_06.mp4  ...                  0.155453
18  word_l1_06.mp4  ...                  0.147608
19  word_l1_06.mp4  ...                  0.147440
20  word_l1_06.mp4  ...                  0.148286
21  word_l1_06.mp4  ...                  0.145971
22  word_l1_06.mp4  ...                  0.155466
23  word_l1_06.mp4  ...                  0.159236
24  word_l1_06.mp4  ...                  0.158520
25  word_l1_06.mp4  ...                  0.160320
26  word_l1_06.mp4  ...                  0.150629
27  word_l1_06.mp4  ...                  0.139345
28  word_l1_06.mp4  ...                  0.147599
29  word_l1_06.mp4  ...                  0.154529
30  word_l1_06.mp4  ...                  0.176606
31  word_l1_06.mp4  ...                  0.190809
32  word_l1_06.mp4  ...                  0.160937
33  word_l1_06.mp4  ...                  0.159781
34  word_l1_06.mp4  ...                  0.175073
35  word_l1_06.mp4  ...                  0.164808
36  word_l1_06.mp4  ...                  0.162583
37  word_l1_06.mp4  ...                  0.187494
38  word_l1_06.mp4  ...                  0.191989
39  word_l1_06.mp4  ...                  0.179489
40  word_l1_06.mp4  ...                  0.179586
41  word_l1_06.mp4  ...                  0.189059
42  word_l1_06.mp4  ...                  0.188393
43  word_l1_06.mp4  ...                  0.172752
44  word_l1_06.mp4  ...                  0.183751
45  word_l1_06.mp4  ...                  0.185243
46  word_l1_06.mp4  ...                  0.197556
47  word_l1_06.mp4  ...                  0.202275
48  word_l1_06.mp4  ...                  0.171826
49  word_l1_06.mp4  ...                  0.171437
50  word_l1_06.mp4  ...                  0.175460
51  word_l1_06.mp4  ...                  0.170027
52  word_l1_06.mp4  ...                  0.171336
53  word_l1_06.mp4  ...                  0.173981
54  word_l1_06.mp4  ...                  0.182500
55  word_l1_06.mp4  ...                  0.168287

[56 rows x 30 columns]
csv file with predictions was saved to ../output/predictions_rf_shape_female_cropped_word_l1_06.csv
