python is /network/lustre/iss02/home/annahita.sarre/anaconda3/envs/myenv/bin/python
Loaded model: ../trained_models/model_rf_position_female_cropped.pkl
Loaded video: ../stimuli/words/mp4/word_l0_16.mp4
Extracting coordinates...
          fn_video frame_number   x_face0  ...  y_r_hand20  z_r_hand20  v_r_hand20
0   word_l0_16.mp4            5  0.496941  ...    0.971486    0.038011         0.0
1   word_l0_16.mp4            6  0.496586  ...    0.988883    0.036733         0.0
2   word_l0_16.mp4            7  0.495913  ...    0.932447    0.035415         0.0
3   word_l0_16.mp4            8  0.495742  ...    0.890833    0.041991         0.0
4   word_l0_16.mp4            9  0.495836  ...    0.838891    0.047609         0.0
..             ...          ...       ...  ...         ...         ...         ...
63  word_l0_16.mp4           68  0.494264  ...    0.751837    0.008720         0.0
64  word_l0_16.mp4           69  0.494486  ...    0.759001    0.009449         0.0
65  word_l0_16.mp4           70  0.494474  ...    0.770303    0.010268         0.0
66  word_l0_16.mp4           71  0.495203  ...    0.779203    0.010675         0.0
67  word_l0_16.mp4           72  0.495510  ...    0.794218    0.012416         0.0

[68 rows x 1958 columns]
Extracting features...
Face width computed for normalizaiton 0.15864249922821133
Features saved to: ../output/word_l0_16_features.csv
          fn_video  ... distance_r_hand6_r_hand10
0   word_l0_16.mp4  ...                  0.133567
1   word_l0_16.mp4  ...                  0.207904
2   word_l0_16.mp4  ...                  0.233881
3   word_l0_16.mp4  ...                  0.212031
4   word_l0_16.mp4  ...                  0.212566
..             ...  ...                       ...
63  word_l0_16.mp4  ...                  0.204999
64  word_l0_16.mp4  ...                  0.208523
65  word_l0_16.mp4  ...                  0.214959
66  word_l0_16.mp4  ...                  0.220279
67  word_l0_16.mp4  ...                  0.216908

[68 rows x 30 columns]
csv file with predictions was saved to ../output/predictions_rf_position_female_cropped_word_l0_16.csv
Loaded model: ../trained_models/model_rf_shape_female_cropped.pkl
Loaded video: ../stimuli/words/mp4/word_l0_16.mp4
Extracting coordinates...
          fn_video frame_number   x_face0  ...  y_r_hand20  z_r_hand20  v_r_hand20
0   word_l0_16.mp4            5  0.496941  ...    0.971486    0.038011         0.0
1   word_l0_16.mp4            6  0.496586  ...    0.988883    0.036733         0.0
2   word_l0_16.mp4            7  0.495913  ...    0.932447    0.035415         0.0
3   word_l0_16.mp4            8  0.495742  ...    0.890833    0.041991         0.0
4   word_l0_16.mp4            9  0.495836  ...    0.838891    0.047609         0.0
..             ...          ...       ...  ...         ...         ...         ...
63  word_l0_16.mp4           68  0.494264  ...    0.751837    0.008720         0.0
64  word_l0_16.mp4           69  0.494486  ...    0.759001    0.009449         0.0
65  word_l0_16.mp4           70  0.494474  ...    0.770303    0.010268         0.0
66  word_l0_16.mp4           71  0.495203  ...    0.779203    0.010675         0.0
67  word_l0_16.mp4           72  0.495510  ...    0.794218    0.012416         0.0

[68 rows x 1958 columns]
Extracting features...
Face width computed for normalizaiton 0.15864249922821133
Features saved to: ../output/word_l0_16_features.csv
          fn_video  ... distance_r_hand6_r_hand10
0   word_l0_16.mp4  ...                  0.133567
1   word_l0_16.mp4  ...                  0.207904
2   word_l0_16.mp4  ...                  0.233881
3   word_l0_16.mp4  ...                  0.212031
4   word_l0_16.mp4  ...                  0.212566
..             ...  ...                       ...
63  word_l0_16.mp4  ...                  0.204999
64  word_l0_16.mp4  ...                  0.208523
65  word_l0_16.mp4  ...                  0.214959
66  word_l0_16.mp4  ...                  0.220279
67  word_l0_16.mp4  ...                  0.216908

[68 rows x 30 columns]
csv file with predictions was saved to ../output/predictions_rf_shape_female_cropped_word_l0_16.csv
