python is /network/lustre/iss02/home/annahita.sarre/anaconda3/envs/myenv/bin/python
Loaded model: ../trained_models/model_rf_position_female_cropped.pkl
Loaded video: ../stimuli/words/mp4/word_h2_37.mp4
Extracting coordinates...
          fn_video frame_number   x_face0  ...  y_r_hand20  z_r_hand20  v_r_hand20
0   word_h2_37.mp4            6  0.494201  ...    0.963906    0.012164         0.0
1   word_h2_37.mp4            7  0.493632  ...    0.939796    0.019076         0.0
2   word_h2_37.mp4            8  0.493711  ...    0.914058    0.020933         0.0
3   word_h2_37.mp4            9  0.493535  ...    0.888483    0.018095         0.0
4   word_h2_37.mp4           10  0.493671  ...    0.859981    0.019730         0.0
5   word_h2_37.mp4           11  0.493799  ...    0.828672    0.021095         0.0
6   word_h2_37.mp4           12  0.493448  ...    0.793969    0.027971         0.0
7   word_h2_37.mp4           13  0.493797  ...    0.768014    0.019182         0.0
8   word_h2_37.mp4           14  0.493662  ...    0.750082    0.010935         0.0
9   word_h2_37.mp4           15  0.494195  ...    0.710922   -0.002129         0.0
10  word_h2_37.mp4           16  0.494250  ...    0.680232   -0.008908         0.0
11  word_h2_37.mp4           17  0.494122  ...    0.651252   -0.015407         0.0
12  word_h2_37.mp4           18  0.493681  ...    0.624039   -0.017164         0.0
13  word_h2_37.mp4           19  0.493639  ...    0.600078   -0.023705         0.0
14  word_h2_37.mp4           20  0.493878  ...    0.571724   -0.026526         0.0
15  word_h2_37.mp4           21  0.493741  ...    0.551038   -0.010136         0.0
16  word_h2_37.mp4           22  0.493759  ...    0.540173   -0.016035         0.0
17  word_h2_37.mp4           23  0.493667  ...    0.537952   -0.018765         0.0
18  word_h2_37.mp4           24  0.493378  ...    0.537312   -0.015493         0.0
19  word_h2_37.mp4           25  0.493013  ...    0.537070   -0.014743         0.0
20  word_h2_37.mp4           26  0.493109  ...    0.540855   -0.013154         0.0
21  word_h2_37.mp4           27  0.492718  ...    0.548979   -0.024827         0.0
22  word_h2_37.mp4           28  0.493187  ...    0.558361   -0.025999         0.0
23  word_h2_37.mp4           29  0.493084  ...    0.569803   -0.022309         0.0
24  word_h2_37.mp4           30  0.493298  ...    0.580541   -0.016777         0.0
25  word_h2_37.mp4           31  0.492767  ...    0.593650   -0.006024         0.0
26  word_h2_37.mp4           32  0.493089  ...    0.602562   -0.010893         0.0
27  word_h2_37.mp4           33  0.493123  ...    0.609713   -0.001102         0.0
28  word_h2_37.mp4           34  0.492847  ...    0.615866    0.002615         0.0
29  word_h2_37.mp4           35  0.493443  ...    0.622743    0.004738         0.0
30  word_h2_37.mp4           36  0.493728  ...    0.628816    0.016577         0.0
31  word_h2_37.mp4           37  0.493999  ...    0.630186    0.007240         0.0
32  word_h2_37.mp4           38  0.494128  ...    0.633333    0.000177         0.0
33  word_h2_37.mp4           39  0.494270  ...    0.634989    0.005878         0.0
34  word_h2_37.mp4           40  0.494603  ...    0.638512   -0.003230         0.0
35  word_h2_37.mp4           41  0.495159  ...    0.681921    0.018808         0.0
36  word_h2_37.mp4           42  0.495368  ...    0.709607    0.000815         0.0
37  word_h2_37.mp4           43  0.495331  ...    0.709145    0.000262         0.0
38  word_h2_37.mp4           44  0.495079  ...    0.712633    0.000339         0.0
39  word_h2_37.mp4           45  0.495397  ...    0.715335    0.008095         0.0
40  word_h2_37.mp4           46  0.495676  ...    0.718722    0.020195         0.0
41  word_h2_37.mp4           47  0.495842  ...    0.719243    0.007704         0.0
42  word_h2_37.mp4           48  0.496107  ...    0.721368    0.012104         0.0
43  word_h2_37.mp4           49  0.496197  ...    0.723418    0.008505         0.0
44  word_h2_37.mp4           50  0.496323  ...    0.724330    0.009186         0.0
45  word_h2_37.mp4           51  0.495916  ...    0.725490    0.009859         0.0
46  word_h2_37.mp4           52  0.495457  ...    0.728587    0.012811         0.0
47  word_h2_37.mp4           53  0.495158  ...    0.730901    0.011238         0.0
48  word_h2_37.mp4           54  0.495028  ...    0.731377    0.010878         0.0
49  word_h2_37.mp4           55  0.494355  ...    0.735622    0.005601         0.0
50  word_h2_37.mp4           56  0.494482  ...    0.740696    0.006539         0.0
51  word_h2_37.mp4           57  0.494525  ...    0.743600    0.002200         0.0
52  word_h2_37.mp4           58  0.495039  ...    0.743047    0.003032         0.0
53  word_h2_37.mp4           59  0.495341  ...    0.761524    0.002782         0.0
54  word_h2_37.mp4           60  0.495056  ...    0.776773    0.001057         0.0
55  word_h2_37.mp4           61  0.495046  ...    0.791115    0.004245         0.0
56  word_h2_37.mp4           62  0.495322  ...    0.807505    0.006420         0.0
57  word_h2_37.mp4           63  0.495055  ...    0.820536    0.008023         0.0
58  word_h2_37.mp4           64  0.495465  ...    0.827471    0.012895         0.0

[59 rows x 1958 columns]
Extracting features...
Face width computed for normalizaiton 0.16116305457493002
Features saved to: ../output/word_h2_37_features.csv
          fn_video  ... distance_r_hand6_r_hand10
0   word_h2_37.mp4  ...                  0.222832
1   word_h2_37.mp4  ...                  0.212100
2   word_h2_37.mp4  ...                  0.205379
3   word_h2_37.mp4  ...                  0.204169
4   word_h2_37.mp4  ...                  0.208515
5   word_h2_37.mp4  ...                  0.221181
6   word_h2_37.mp4  ...                  0.212938
7   word_h2_37.mp4  ...                  0.178282
8   word_h2_37.mp4  ...                  0.184194
9   word_h2_37.mp4  ...                  0.172415
10  word_h2_37.mp4  ...                  0.165080
11  word_h2_37.mp4  ...                  0.164345
12  word_h2_37.mp4  ...                  0.141176
13  word_h2_37.mp4  ...                  0.130374
14  word_h2_37.mp4  ...                  0.142110
15  word_h2_37.mp4  ...                  0.156264
16  word_h2_37.mp4  ...                  0.144260
17  word_h2_37.mp4  ...                  0.135087
18  word_h2_37.mp4  ...                  0.135377
19  word_h2_37.mp4  ...                  0.155069
20  word_h2_37.mp4  ...                  0.161715
21  word_h2_37.mp4  ...                  0.157048
22  word_h2_37.mp4  ...                  0.133000
23  word_h2_37.mp4  ...                  0.121101
24  word_h2_37.mp4  ...                  0.116775
25  word_h2_37.mp4  ...                  0.131530
26  word_h2_37.mp4  ...                  0.128587
27  word_h2_37.mp4  ...                  0.134797
28  word_h2_37.mp4  ...                  0.130110
29  word_h2_37.mp4  ...                  0.128088
30  word_h2_37.mp4  ...                  0.127304
31  word_h2_37.mp4  ...                  0.124922
32  word_h2_37.mp4  ...                  0.126159
33  word_h2_37.mp4  ...                  0.142573
34  word_h2_37.mp4  ...                  0.233253
35  word_h2_37.mp4  ...                  0.263205
36  word_h2_37.mp4  ...                  0.270555
37  word_h2_37.mp4  ...                  0.267958
38  word_h2_37.mp4  ...                  0.279365
39  word_h2_37.mp4  ...                  0.282164
40  word_h2_37.mp4  ...                  0.297363
41  word_h2_37.mp4  ...                  0.293013
42  word_h2_37.mp4  ...                  0.294362
43  word_h2_37.mp4  ...                  0.295415
44  word_h2_37.mp4  ...                  0.287793
45  word_h2_37.mp4  ...                  0.289151
46  word_h2_37.mp4  ...                  0.285857
47  word_h2_37.mp4  ...                  0.285071
48  word_h2_37.mp4  ...                  0.281870
49  word_h2_37.mp4  ...                  0.282377
50  word_h2_37.mp4  ...                  0.277290
51  word_h2_37.mp4  ...                  0.256260
52  word_h2_37.mp4  ...                  0.223226
53  word_h2_37.mp4  ...                  0.208435
54  word_h2_37.mp4  ...                  0.214088
55  word_h2_37.mp4  ...                  0.220649
56  word_h2_37.mp4  ...                  0.206736
57  word_h2_37.mp4  ...                  0.218317
58  word_h2_37.mp4  ...                  0.201135

[59 rows x 30 columns]
csv file with predictions was saved to ../output/predictions_rf_position_female_cropped_word_h2_37.csv
Loaded model: ../trained_models/model_rf_shape_female_cropped.pkl
Loaded video: ../stimuli/words/mp4/word_h2_37.mp4
Extracting coordinates...
          fn_video frame_number   x_face0  ...  y_r_hand20  z_r_hand20  v_r_hand20
0   word_h2_37.mp4            6  0.494201  ...    0.963906    0.012164         0.0
1   word_h2_37.mp4            7  0.493632  ...    0.939796    0.019076         0.0
2   word_h2_37.mp4            8  0.493711  ...    0.914058    0.020933         0.0
3   word_h2_37.mp4            9  0.493535  ...    0.888483    0.018095         0.0
4   word_h2_37.mp4           10  0.493671  ...    0.859981    0.019730         0.0
5   word_h2_37.mp4           11  0.493799  ...    0.828672    0.021095         0.0
6   word_h2_37.mp4           12  0.493448  ...    0.793969    0.027971         0.0
7   word_h2_37.mp4           13  0.493797  ...    0.768014    0.019182         0.0
8   word_h2_37.mp4           14  0.493662  ...    0.750082    0.010935         0.0
9   word_h2_37.mp4           15  0.494195  ...    0.710922   -0.002129         0.0
10  word_h2_37.mp4           16  0.494250  ...    0.680232   -0.008908         0.0
11  word_h2_37.mp4           17  0.494122  ...    0.651252   -0.015407         0.0
12  word_h2_37.mp4           18  0.493681  ...    0.624039   -0.017164         0.0
13  word_h2_37.mp4           19  0.493639  ...    0.600078   -0.023705         0.0
14  word_h2_37.mp4           20  0.493878  ...    0.571724   -0.026526         0.0
15  word_h2_37.mp4           21  0.493741  ...    0.551038   -0.010136         0.0
16  word_h2_37.mp4           22  0.493759  ...    0.540173   -0.016035         0.0
17  word_h2_37.mp4           23  0.493667  ...    0.537952   -0.018765         0.0
18  word_h2_37.mp4           24  0.493378  ...    0.537312   -0.015493         0.0
19  word_h2_37.mp4           25  0.493013  ...    0.537070   -0.014743         0.0
20  word_h2_37.mp4           26  0.493109  ...    0.540855   -0.013154         0.0
21  word_h2_37.mp4           27  0.492718  ...    0.548979   -0.024827         0.0
22  word_h2_37.mp4           28  0.493187  ...    0.558361   -0.025999         0.0
23  word_h2_37.mp4           29  0.493084  ...    0.569803   -0.022309         0.0
24  word_h2_37.mp4           30  0.493298  ...    0.580541   -0.016777         0.0
25  word_h2_37.mp4           31  0.492767  ...    0.593650   -0.006024         0.0
26  word_h2_37.mp4           32  0.493089  ...    0.602562   -0.010893         0.0
27  word_h2_37.mp4           33  0.493123  ...    0.609713   -0.001102         0.0
28  word_h2_37.mp4           34  0.492847  ...    0.615866    0.002615         0.0
29  word_h2_37.mp4           35  0.493443  ...    0.622743    0.004738         0.0
30  word_h2_37.mp4           36  0.493728  ...    0.628816    0.016577         0.0
31  word_h2_37.mp4           37  0.493999  ...    0.630186    0.007240         0.0
32  word_h2_37.mp4           38  0.494128  ...    0.633333    0.000177         0.0
33  word_h2_37.mp4           39  0.494270  ...    0.634989    0.005878         0.0
34  word_h2_37.mp4           40  0.494603  ...    0.638512   -0.003230         0.0
35  word_h2_37.mp4           41  0.495159  ...    0.681921    0.018808         0.0
36  word_h2_37.mp4           42  0.495368  ...    0.709607    0.000815         0.0
37  word_h2_37.mp4           43  0.495331  ...    0.709145    0.000262         0.0
38  word_h2_37.mp4           44  0.495079  ...    0.712633    0.000339         0.0
39  word_h2_37.mp4           45  0.495397  ...    0.715335    0.008095         0.0
40  word_h2_37.mp4           46  0.495676  ...    0.718722    0.020195         0.0
41  word_h2_37.mp4           47  0.495842  ...    0.719243    0.007704         0.0
42  word_h2_37.mp4           48  0.496107  ...    0.721368    0.012104         0.0
43  word_h2_37.mp4           49  0.496197  ...    0.723418    0.008505         0.0
44  word_h2_37.mp4           50  0.496323  ...    0.724330    0.009186         0.0
45  word_h2_37.mp4           51  0.495916  ...    0.725490    0.009859         0.0
46  word_h2_37.mp4           52  0.495457  ...    0.728587    0.012811         0.0
47  word_h2_37.mp4           53  0.495158  ...    0.730901    0.011238         0.0
48  word_h2_37.mp4           54  0.495028  ...    0.731377    0.010878         0.0
49  word_h2_37.mp4           55  0.494355  ...    0.735622    0.005601         0.0
50  word_h2_37.mp4           56  0.494482  ...    0.740696    0.006539         0.0
51  word_h2_37.mp4           57  0.494525  ...    0.743600    0.002200         0.0
52  word_h2_37.mp4           58  0.495039  ...    0.743047    0.003032         0.0
53  word_h2_37.mp4           59  0.495341  ...    0.761524    0.002782         0.0
54  word_h2_37.mp4           60  0.495056  ...    0.776773    0.001057         0.0
55  word_h2_37.mp4           61  0.495046  ...    0.791115    0.004245         0.0
56  word_h2_37.mp4           62  0.495322  ...    0.807505    0.006420         0.0
57  word_h2_37.mp4           63  0.495055  ...    0.820536    0.008023         0.0
58  word_h2_37.mp4           64  0.495465  ...    0.827471    0.012895         0.0

[59 rows x 1958 columns]
Extracting features...
Face width computed for normalizaiton 0.16116305457493002
Features saved to: ../output/word_h2_37_features.csv
          fn_video  ... distance_r_hand6_r_hand10
0   word_h2_37.mp4  ...                  0.222832
1   word_h2_37.mp4  ...                  0.212100
2   word_h2_37.mp4  ...                  0.205379
3   word_h2_37.mp4  ...                  0.204169
4   word_h2_37.mp4  ...                  0.208515
5   word_h2_37.mp4  ...                  0.221181
6   word_h2_37.mp4  ...                  0.212938
7   word_h2_37.mp4  ...                  0.178282
8   word_h2_37.mp4  ...                  0.184194
9   word_h2_37.mp4  ...                  0.172415
10  word_h2_37.mp4  ...                  0.165080
11  word_h2_37.mp4  ...                  0.164345
12  word_h2_37.mp4  ...                  0.141176
13  word_h2_37.mp4  ...                  0.130374
14  word_h2_37.mp4  ...                  0.142110
15  word_h2_37.mp4  ...                  0.156264
16  word_h2_37.mp4  ...                  0.144260
17  word_h2_37.mp4  ...                  0.135087
18  word_h2_37.mp4  ...                  0.135377
19  word_h2_37.mp4  ...                  0.155069
20  word_h2_37.mp4  ...                  0.161715
21  word_h2_37.mp4  ...                  0.157048
22  word_h2_37.mp4  ...                  0.133000
23  word_h2_37.mp4  ...                  0.121101
24  word_h2_37.mp4  ...                  0.116775
25  word_h2_37.mp4  ...                  0.131530
26  word_h2_37.mp4  ...                  0.128587
27  word_h2_37.mp4  ...                  0.134797
28  word_h2_37.mp4  ...                  0.130110
29  word_h2_37.mp4  ...                  0.128088
30  word_h2_37.mp4  ...                  0.127304
31  word_h2_37.mp4  ...                  0.124922
32  word_h2_37.mp4  ...                  0.126159
33  word_h2_37.mp4  ...                  0.142573
34  word_h2_37.mp4  ...                  0.233253
35  word_h2_37.mp4  ...                  0.263205
36  word_h2_37.mp4  ...                  0.270555
37  word_h2_37.mp4  ...                  0.267958
38  word_h2_37.mp4  ...                  0.279365
39  word_h2_37.mp4  ...                  0.282164
40  word_h2_37.mp4  ...                  0.297363
41  word_h2_37.mp4  ...                  0.293013
42  word_h2_37.mp4  ...                  0.294362
43  word_h2_37.mp4  ...                  0.295415
44  word_h2_37.mp4  ...                  0.287793
45  word_h2_37.mp4  ...                  0.289151
46  word_h2_37.mp4  ...                  0.285857
47  word_h2_37.mp4  ...                  0.285071
48  word_h2_37.mp4  ...                  0.281870
49  word_h2_37.mp4  ...                  0.282377
50  word_h2_37.mp4  ...                  0.277290
51  word_h2_37.mp4  ...                  0.256260
52  word_h2_37.mp4  ...                  0.223226
53  word_h2_37.mp4  ...                  0.208435
54  word_h2_37.mp4  ...                  0.214088
55  word_h2_37.mp4  ...                  0.220649
56  word_h2_37.mp4  ...                  0.206736
57  word_h2_37.mp4  ...                  0.218317
58  word_h2_37.mp4  ...                  0.201135

[59 rows x 30 columns]
csv file with predictions was saved to ../output/predictions_rf_shape_female_cropped_word_h2_37.csv
