python is /network/lustre/iss02/home/annahita.sarre/anaconda3/envs/myenv/bin/python
Loaded model: ../trained_models/model_rf_position_female_cropped.pkl
Loaded video: ../stimuli/words/mp4/word_l0_29.mp4
Extracting coordinates...
          fn_video frame_number   x_face0  ...  y_r_hand20  z_r_hand20  v_r_hand20
0   word_l0_29.mp4            1  0.494560  ...    0.881738    0.064055         0.0
1   word_l0_29.mp4            2  0.496373  ...    0.855348    0.050392         0.0
2   word_l0_29.mp4            3  0.496236  ...    0.843409    0.036634         0.0
3   word_l0_29.mp4            4  0.496641  ...    0.817528    0.048480         0.0
4   word_l0_29.mp4            5  0.496357  ...    0.812046    0.027891         0.0
..             ...          ...       ...  ...         ...         ...         ...
67  word_l0_29.mp4           68  0.492920  ...    0.714343    0.035205         0.0
68  word_l0_29.mp4           69  0.492760  ...    0.727915    0.022448         0.0
69  word_l0_29.mp4           70  0.492775  ...    0.742065    0.017008         0.0
70  word_l0_29.mp4           71  0.492957  ...    0.761506    0.019697         0.0
71  word_l0_29.mp4           72  0.493046  ...    0.778172    0.028000         0.0

[72 rows x 1958 columns]
Extracting features...
Face width computed for normalizaiton 0.1564692146945994
Features saved to: ../output/word_l0_29_features.csv
          fn_video  ... distance_r_hand6_r_hand10
0   word_l0_29.mp4  ...                  0.195667
1   word_l0_29.mp4  ...                  0.184978
2   word_l0_29.mp4  ...                  0.189973
3   word_l0_29.mp4  ...                  0.193328
4   word_l0_29.mp4  ...                  0.184442
..             ...  ...                       ...
67  word_l0_29.mp4  ...                  0.166493
68  word_l0_29.mp4  ...                  0.179379
69  word_l0_29.mp4  ...                  0.177506
70  word_l0_29.mp4  ...                  0.184425
71  word_l0_29.mp4  ...                  0.190382

[72 rows x 30 columns]
csv file with predictions was saved to ../output/predictions_rf_position_female_cropped_word_l0_29.csv
Loaded model: ../trained_models/model_rf_shape_female_cropped.pkl
Loaded video: ../stimuli/words/mp4/word_l0_29.mp4
Extracting coordinates...
          fn_video frame_number   x_face0  ...  y_r_hand20  z_r_hand20  v_r_hand20
0   word_l0_29.mp4            1  0.494560  ...    0.881738    0.064055         0.0
1   word_l0_29.mp4            2  0.496373  ...    0.855348    0.050392         0.0
2   word_l0_29.mp4            3  0.496236  ...    0.843409    0.036634         0.0
3   word_l0_29.mp4            4  0.496641  ...    0.817528    0.048480         0.0
4   word_l0_29.mp4            5  0.496357  ...    0.812046    0.027891         0.0
..             ...          ...       ...  ...         ...         ...         ...
67  word_l0_29.mp4           68  0.492920  ...    0.714343    0.035205         0.0
68  word_l0_29.mp4           69  0.492760  ...    0.727915    0.022448         0.0
69  word_l0_29.mp4           70  0.492775  ...    0.742065    0.017008         0.0
70  word_l0_29.mp4           71  0.492957  ...    0.761506    0.019697         0.0
71  word_l0_29.mp4           72  0.493046  ...    0.778172    0.028000         0.0

[72 rows x 1958 columns]
Extracting features...
Face width computed for normalizaiton 0.1564692146945994
Features saved to: ../output/word_l0_29_features.csv
          fn_video  ... distance_r_hand6_r_hand10
0   word_l0_29.mp4  ...                  0.195667
1   word_l0_29.mp4  ...                  0.184978
2   word_l0_29.mp4  ...                  0.189973
3   word_l0_29.mp4  ...                  0.193328
4   word_l0_29.mp4  ...                  0.184442
..             ...  ...                       ...
67  word_l0_29.mp4  ...                  0.166493
68  word_l0_29.mp4  ...                  0.179379
69  word_l0_29.mp4  ...                  0.177506
70  word_l0_29.mp4  ...                  0.184425
71  word_l0_29.mp4  ...                  0.190382

[72 rows x 30 columns]
csv file with predictions was saved to ../output/predictions_rf_shape_female_cropped_word_l0_29.csv
