python is /network/lustre/iss02/home/annahita.sarre/anaconda3/envs/myenv/bin/python
Loaded model: ../trained_models/model_rf_position_female_cropped.pkl
Loaded video: ../stimuli/words/mp4/word_h0_26.mp4
Extracting coordinates...
          fn_video frame_number   x_face0  ...  y_r_hand20  z_r_hand20  v_r_hand20
0   word_h0_26.mp4            2  0.500212  ...    0.897247    0.009988         0.0
1   word_h0_26.mp4            3  0.499831  ...    0.862848    0.019465         0.0
2   word_h0_26.mp4            4  0.499773  ...    0.809061    0.006454         0.0
3   word_h0_26.mp4            5  0.499289  ...    0.765848    0.007839         0.0
4   word_h0_26.mp4            6  0.499396  ...    0.719198    0.007753         0.0
..             ...          ...       ...  ...         ...         ...         ...
73  word_h0_26.mp4           75  0.497592  ...    0.797291    0.013910         0.0
74  word_h0_26.mp4           76  0.498137  ...    0.806252    0.011650         0.0
75  word_h0_26.mp4           77  0.497698  ...    0.815643    0.013740         0.0
76  word_h0_26.mp4           78  0.497735  ...    0.820470    0.015786         0.0
77  word_h0_26.mp4           79  0.497865  ...    0.823391    0.018305         0.0

[78 rows x 1958 columns]
Extracting features...
Face width computed for normalizaiton 0.16010275334907909
Features saved to: ../output/word_h0_26_features.csv
          fn_video  ... distance_r_hand6_r_hand10
0   word_h0_26.mp4  ...                  0.246380
1   word_h0_26.mp4  ...                  0.208253
2   word_h0_26.mp4  ...                  0.188398
3   word_h0_26.mp4  ...                  0.165064
4   word_h0_26.mp4  ...                  0.171932
..             ...  ...                       ...
73  word_h0_26.mp4  ...                  0.175289
74  word_h0_26.mp4  ...                  0.171297
75  word_h0_26.mp4  ...                  0.174323
76  word_h0_26.mp4  ...                  0.180679
77  word_h0_26.mp4  ...                  0.184153

[78 rows x 30 columns]
csv file with predictions was saved to ../output/predictions_rf_position_female_cropped_word_h0_26.csv
Loaded model: ../trained_models/model_rf_shape_female_cropped.pkl
Loaded video: ../stimuli/words/mp4/word_h0_26.mp4
Extracting coordinates...
          fn_video frame_number   x_face0  ...  y_r_hand20  z_r_hand20  v_r_hand20
0   word_h0_26.mp4            2  0.500212  ...    0.897247    0.009988         0.0
1   word_h0_26.mp4            3  0.499831  ...    0.862848    0.019465         0.0
2   word_h0_26.mp4            4  0.499773  ...    0.809061    0.006454         0.0
3   word_h0_26.mp4            5  0.499289  ...    0.765848    0.007839         0.0
4   word_h0_26.mp4            6  0.499396  ...    0.719198    0.007753         0.0
..             ...          ...       ...  ...         ...         ...         ...
73  word_h0_26.mp4           75  0.497592  ...    0.797291    0.013910         0.0
74  word_h0_26.mp4           76  0.498137  ...    0.806252    0.011650         0.0
75  word_h0_26.mp4           77  0.497698  ...    0.815643    0.013740         0.0
76  word_h0_26.mp4           78  0.497735  ...    0.820470    0.015786         0.0
77  word_h0_26.mp4           79  0.497865  ...    0.823391    0.018305         0.0

[78 rows x 1958 columns]
Extracting features...
Face width computed for normalizaiton 0.16010275334907909
Features saved to: ../output/word_h0_26_features.csv
          fn_video  ... distance_r_hand6_r_hand10
0   word_h0_26.mp4  ...                  0.246380
1   word_h0_26.mp4  ...                  0.208253
2   word_h0_26.mp4  ...                  0.188398
3   word_h0_26.mp4  ...                  0.165064
4   word_h0_26.mp4  ...                  0.171932
..             ...  ...                       ...
73  word_h0_26.mp4  ...                  0.175289
74  word_h0_26.mp4  ...                  0.171297
75  word_h0_26.mp4  ...                  0.174323
76  word_h0_26.mp4  ...                  0.180679
77  word_h0_26.mp4  ...                  0.184153

[78 rows x 30 columns]
csv file with predictions was saved to ../output/predictions_rf_shape_female_cropped_word_h0_26.csv
