python is /network/lustre/iss02/home/annahita.sarre/anaconda3/envs/myenv/bin/python
Loaded model: ../trained_models/model_rf_position_female_cropped.pkl
Loaded video: ../stimuli/words/mp4/word_l1_01.mp4
Extracting coordinates...
          fn_video frame_number   x_face0  ...  y_r_hand20  z_r_hand20  v_r_hand20
0   word_l1_01.mp4            1  0.498023  ...    0.999025    0.028885         0.0
1   word_l1_01.mp4            2  0.498040  ...    0.961287    0.049145         0.0
2   word_l1_01.mp4            3  0.497122  ...    0.927130    0.000173         0.0
3   word_l1_01.mp4            4  0.496213  ...    0.906706   -0.001457         0.0
4   word_l1_01.mp4            5  0.495800  ...    0.880189    0.007735         0.0
5   word_l1_01.mp4            6  0.495553  ...    0.854799    0.011854         0.0
6   word_l1_01.mp4            7  0.495159  ...    0.836886    0.021312         0.0
7   word_l1_01.mp4            8  0.494964  ...    0.814264    0.014924         0.0
8   word_l1_01.mp4            9  0.494139  ...    0.805616    0.032228         0.0
9   word_l1_01.mp4           10  0.494098  ...    0.797327    0.005978         0.0
10  word_l1_01.mp4           11  0.493947  ...    0.786957    0.018274         0.0
11  word_l1_01.mp4           12  0.493953  ...    0.780515    0.013266         0.0
12  word_l1_01.mp4           13  0.493988  ...    0.776235    0.025510         0.0
13  word_l1_01.mp4           14  0.494069  ...    0.776865    0.024524         0.0
14  word_l1_01.mp4           15  0.494608  ...    0.779039    0.025870         0.0
15  word_l1_01.mp4           16  0.494736  ...    0.788293    0.019459         0.0
16  word_l1_01.mp4           17  0.495023  ...    0.804300    0.052456         0.0
17  word_l1_01.mp4           18  0.494956  ...    0.813677    0.056054         0.0
18  word_l1_01.mp4           19  0.495423  ...    0.806795    0.045367         0.0
19  word_l1_01.mp4           20  0.496022  ...    0.815374    0.047062         0.0
20  word_l1_01.mp4           21  0.496131  ...    0.808937    0.036908         0.0
21  word_l1_01.mp4           22  0.496262  ...    0.823960    0.026076         0.0
22  word_l1_01.mp4           23  0.496376  ...    0.829800    0.017836         0.0
23  word_l1_01.mp4           24  0.496315  ...    0.833667    0.013266         0.0
24  word_l1_01.mp4           25  0.496194  ...    0.825809    0.009237         0.0
25  word_l1_01.mp4           26  0.496400  ...    0.818377    0.006397         0.0
26  word_l1_01.mp4           27  0.496044  ...    0.806933    0.009324         0.0
27  word_l1_01.mp4           28  0.495595  ...    0.795347    0.009737         0.0
28  word_l1_01.mp4           29  0.495790  ...    0.781973    0.012640         0.0
29  word_l1_01.mp4           30  0.495532  ...    0.769363    0.012080         0.0
30  word_l1_01.mp4           31  0.494642  ...    0.757600    0.011650         0.0
31  word_l1_01.mp4           32  0.494652  ...    0.753970    0.004049         0.0
32  word_l1_01.mp4           33  0.493805  ...    0.750133    0.008734         0.0
33  word_l1_01.mp4           34  0.493101  ...    0.748840    0.011037         0.0
34  word_l1_01.mp4           35  0.492844  ...    0.749505    0.010773         0.0
35  word_l1_01.mp4           36  0.492943  ...    0.744966    0.012016         0.0
36  word_l1_01.mp4           37  0.493701  ...    0.737708    0.006104         0.0
37  word_l1_01.mp4           38  0.493099  ...    0.726003    0.008645         0.0
38  word_l1_01.mp4           39  0.493737  ...    0.713562    0.008433         0.0
39  word_l1_01.mp4           40  0.494013  ...    0.714602    0.007795         0.0
40  word_l1_01.mp4           41  0.494345  ...    0.714383    0.009248         0.0
41  word_l1_01.mp4           42  0.494596  ...    0.715929    0.012431         0.0
42  word_l1_01.mp4           43  0.494467  ...    0.719970    0.013257         0.0
43  word_l1_01.mp4           44  0.494353  ...    0.721991    0.016192         0.0
44  word_l1_01.mp4           45  0.494462  ...    0.722578    0.017286         0.0
45  word_l1_01.mp4           46  0.494200  ...    0.723161    0.015447         0.0
46  word_l1_01.mp4           47  0.494115  ...    0.723051    0.014790         0.0
47  word_l1_01.mp4           48  0.493766  ...    0.722692    0.014537         0.0
48  word_l1_01.mp4           49  0.493781  ...    0.724002    0.013984         0.0
49  word_l1_01.mp4           50  0.493520  ...    0.724740    0.013832         0.0
50  word_l1_01.mp4           51  0.493476  ...    0.726868    0.012398         0.0
51  word_l1_01.mp4           52  0.492890  ...    0.729616    0.008533         0.0
52  word_l1_01.mp4           53  0.492625  ...    0.734732    0.009113         0.0
53  word_l1_01.mp4           54  0.492710  ...    0.744060    0.006935         0.0
54  word_l1_01.mp4           55  0.492519  ...    0.753755    0.010165         0.0
55  word_l1_01.mp4           56  0.492458  ...    0.761666    0.005280         0.0
56  word_l1_01.mp4           57  0.492620  ...    0.776917    0.008228         0.0
57  word_l1_01.mp4           58  0.492476  ...    0.795531    0.009116         0.0
58  word_l1_01.mp4           59  0.492687  ...    0.812029    0.010934         0.0
59  word_l1_01.mp4           60  0.492161  ...    0.833900    0.015246         0.0

[60 rows x 1958 columns]
Extracting features...
Face width computed for normalizaiton 0.1567403716114168
Features saved to: ../output/word_l1_01_features.csv
          fn_video  ... distance_r_hand6_r_hand10
0   word_l1_01.mp4  ...                  0.095869
1   word_l1_01.mp4  ...                  0.214822
2   word_l1_01.mp4  ...                  0.225606
3   word_l1_01.mp4  ...                  0.199691
4   word_l1_01.mp4  ...                  0.189900
5   word_l1_01.mp4  ...                  0.186522
6   word_l1_01.mp4  ...                  0.185800
7   word_l1_01.mp4  ...                  0.183628
8   word_l1_01.mp4  ...                  0.174561
9   word_l1_01.mp4  ...                  0.176199
10  word_l1_01.mp4  ...                  0.179712
11  word_l1_01.mp4  ...                  0.174325
12  word_l1_01.mp4  ...                  0.168429
13  word_l1_01.mp4  ...                  0.169603
14  word_l1_01.mp4  ...                  0.169888
15  word_l1_01.mp4  ...                  0.173718
16  word_l1_01.mp4  ...                  0.165388
17  word_l1_01.mp4  ...                  0.159443
18  word_l1_01.mp4  ...                  0.161660
19  word_l1_01.mp4  ...                  0.183898
20  word_l1_01.mp4  ...                  0.229300
21  word_l1_01.mp4  ...                  0.270650
22  word_l1_01.mp4  ...                  0.269594
23  word_l1_01.mp4  ...                  0.341621
24  word_l1_01.mp4  ...                  0.354867
25  word_l1_01.mp4  ...                  0.334516
26  word_l1_01.mp4  ...                  0.309611
27  word_l1_01.mp4  ...                  0.303881
28  word_l1_01.mp4  ...                  0.292689
29  word_l1_01.mp4  ...                  0.300358
30  word_l1_01.mp4  ...                  0.338458
31  word_l1_01.mp4  ...                  0.385304
32  word_l1_01.mp4  ...                  0.420348
33  word_l1_01.mp4  ...                  0.427518
34  word_l1_01.mp4  ...                  0.431310
35  word_l1_01.mp4  ...                  0.384040
36  word_l1_01.mp4  ...                  0.377284
37  word_l1_01.mp4  ...                  0.341624
38  word_l1_01.mp4  ...                  0.283678
39  word_l1_01.mp4  ...                  0.283455
40  word_l1_01.mp4  ...                  0.286109
41  word_l1_01.mp4  ...                  0.280304
42  word_l1_01.mp4  ...                  0.291741
43  word_l1_01.mp4  ...                  0.288910
44  word_l1_01.mp4  ...                  0.290228
45  word_l1_01.mp4  ...                  0.286540
46  word_l1_01.mp4  ...                  0.290399
47  word_l1_01.mp4  ...                  0.280641
48  word_l1_01.mp4  ...                  0.276581
49  word_l1_01.mp4  ...                  0.266312
50  word_l1_01.mp4  ...                  0.266865
51  word_l1_01.mp4  ...                  0.255344
52  word_l1_01.mp4  ...                  0.236217
53  word_l1_01.mp4  ...                  0.200784
54  word_l1_01.mp4  ...                  0.207361
55  word_l1_01.mp4  ...                  0.213953
56  word_l1_01.mp4  ...                  0.208192
57  word_l1_01.mp4  ...                  0.208582
58  word_l1_01.mp4  ...                  0.214655
59  word_l1_01.mp4  ...                  0.224228

[60 rows x 30 columns]
csv file with predictions was saved to ../output/predictions_rf_position_female_cropped_word_l1_01.csv
Loaded model: ../trained_models/model_rf_shape_female_cropped.pkl
Loaded video: ../stimuli/words/mp4/word_l1_01.mp4
Extracting coordinates...
          fn_video frame_number   x_face0  ...  y_r_hand20  z_r_hand20  v_r_hand20
0   word_l1_01.mp4            1  0.498023  ...    0.999025    0.028885         0.0
1   word_l1_01.mp4            2  0.498040  ...    0.961287    0.049145         0.0
2   word_l1_01.mp4            3  0.497122  ...    0.927130    0.000173         0.0
3   word_l1_01.mp4            4  0.496213  ...    0.906706   -0.001457         0.0
4   word_l1_01.mp4            5  0.495800  ...    0.880189    0.007735         0.0
5   word_l1_01.mp4            6  0.495553  ...    0.854799    0.011854         0.0
6   word_l1_01.mp4            7  0.495159  ...    0.836886    0.021312         0.0
7   word_l1_01.mp4            8  0.494964  ...    0.814264    0.014924         0.0
8   word_l1_01.mp4            9  0.494139  ...    0.805616    0.032228         0.0
9   word_l1_01.mp4           10  0.494098  ...    0.797327    0.005978         0.0
10  word_l1_01.mp4           11  0.493947  ...    0.786957    0.018274         0.0
11  word_l1_01.mp4           12  0.493953  ...    0.780515    0.013266         0.0
12  word_l1_01.mp4           13  0.493988  ...    0.776235    0.025510         0.0
13  word_l1_01.mp4           14  0.494069  ...    0.776865    0.024524         0.0
14  word_l1_01.mp4           15  0.494608  ...    0.779039    0.025870         0.0
15  word_l1_01.mp4           16  0.494736  ...    0.788293    0.019459         0.0
16  word_l1_01.mp4           17  0.495023  ...    0.804300    0.052456         0.0
17  word_l1_01.mp4           18  0.494956  ...    0.813677    0.056054         0.0
18  word_l1_01.mp4           19  0.495423  ...    0.806795    0.045367         0.0
19  word_l1_01.mp4           20  0.496022  ...    0.815374    0.047062         0.0
20  word_l1_01.mp4           21  0.496131  ...    0.808937    0.036908         0.0
21  word_l1_01.mp4           22  0.496262  ...    0.823960    0.026076         0.0
22  word_l1_01.mp4           23  0.496376  ...    0.829800    0.017836         0.0
23  word_l1_01.mp4           24  0.496315  ...    0.833667    0.013266         0.0
24  word_l1_01.mp4           25  0.496194  ...    0.825809    0.009237         0.0
25  word_l1_01.mp4           26  0.496400  ...    0.818377    0.006397         0.0
26  word_l1_01.mp4           27  0.496044  ...    0.806933    0.009324         0.0
27  word_l1_01.mp4           28  0.495595  ...    0.795347    0.009737         0.0
28  word_l1_01.mp4           29  0.495790  ...    0.781973    0.012640         0.0
29  word_l1_01.mp4           30  0.495532  ...    0.769363    0.012080         0.0
30  word_l1_01.mp4           31  0.494642  ...    0.757600    0.011650         0.0
31  word_l1_01.mp4           32  0.494652  ...    0.753970    0.004049         0.0
32  word_l1_01.mp4           33  0.493805  ...    0.750133    0.008734         0.0
33  word_l1_01.mp4           34  0.493101  ...    0.748840    0.011037         0.0
34  word_l1_01.mp4           35  0.492844  ...    0.749505    0.010773         0.0
35  word_l1_01.mp4           36  0.492943  ...    0.744966    0.012016         0.0
36  word_l1_01.mp4           37  0.493701  ...    0.737708    0.006104         0.0
37  word_l1_01.mp4           38  0.493099  ...    0.726003    0.008645         0.0
38  word_l1_01.mp4           39  0.493737  ...    0.713562    0.008433         0.0
39  word_l1_01.mp4           40  0.494013  ...    0.714602    0.007795         0.0
40  word_l1_01.mp4           41  0.494345  ...    0.714383    0.009248         0.0
41  word_l1_01.mp4           42  0.494596  ...    0.715929    0.012431         0.0
42  word_l1_01.mp4           43  0.494467  ...    0.719970    0.013257         0.0
43  word_l1_01.mp4           44  0.494353  ...    0.721991    0.016192         0.0
44  word_l1_01.mp4           45  0.494462  ...    0.722578    0.017286         0.0
45  word_l1_01.mp4           46  0.494200  ...    0.723161    0.015447         0.0
46  word_l1_01.mp4           47  0.494115  ...    0.723051    0.014790         0.0
47  word_l1_01.mp4           48  0.493766  ...    0.722692    0.014537         0.0
48  word_l1_01.mp4           49  0.493781  ...    0.724002    0.013984         0.0
49  word_l1_01.mp4           50  0.493520  ...    0.724740    0.013832         0.0
50  word_l1_01.mp4           51  0.493476  ...    0.726868    0.012398         0.0
51  word_l1_01.mp4           52  0.492890  ...    0.729616    0.008533         0.0
52  word_l1_01.mp4           53  0.492625  ...    0.734732    0.009113         0.0
53  word_l1_01.mp4           54  0.492710  ...    0.744060    0.006935         0.0
54  word_l1_01.mp4           55  0.492519  ...    0.753755    0.010165         0.0
55  word_l1_01.mp4           56  0.492458  ...    0.761666    0.005280         0.0
56  word_l1_01.mp4           57  0.492620  ...    0.776917    0.008228         0.0
57  word_l1_01.mp4           58  0.492476  ...    0.795531    0.009116         0.0
58  word_l1_01.mp4           59  0.492687  ...    0.812029    0.010934         0.0
59  word_l1_01.mp4           60  0.492161  ...    0.833900    0.015246         0.0

[60 rows x 1958 columns]
Extracting features...
Face width computed for normalizaiton 0.1567403716114168
Features saved to: ../output/word_l1_01_features.csv
          fn_video  ... distance_r_hand6_r_hand10
0   word_l1_01.mp4  ...                  0.095869
1   word_l1_01.mp4  ...                  0.214822
2   word_l1_01.mp4  ...                  0.225606
3   word_l1_01.mp4  ...                  0.199691
4   word_l1_01.mp4  ...                  0.189900
5   word_l1_01.mp4  ...                  0.186522
6   word_l1_01.mp4  ...                  0.185800
7   word_l1_01.mp4  ...                  0.183628
8   word_l1_01.mp4  ...                  0.174561
9   word_l1_01.mp4  ...                  0.176199
10  word_l1_01.mp4  ...                  0.179712
11  word_l1_01.mp4  ...                  0.174325
12  word_l1_01.mp4  ...                  0.168429
13  word_l1_01.mp4  ...                  0.169603
14  word_l1_01.mp4  ...                  0.169888
15  word_l1_01.mp4  ...                  0.173718
16  word_l1_01.mp4  ...                  0.165388
17  word_l1_01.mp4  ...                  0.159443
18  word_l1_01.mp4  ...                  0.161660
19  word_l1_01.mp4  ...                  0.183898
20  word_l1_01.mp4  ...                  0.229300
21  word_l1_01.mp4  ...                  0.270650
22  word_l1_01.mp4  ...                  0.269594
23  word_l1_01.mp4  ...                  0.341621
24  word_l1_01.mp4  ...                  0.354867
25  word_l1_01.mp4  ...                  0.334516
26  word_l1_01.mp4  ...                  0.309611
27  word_l1_01.mp4  ...                  0.303881
28  word_l1_01.mp4  ...                  0.292689
29  word_l1_01.mp4  ...                  0.300358
30  word_l1_01.mp4  ...                  0.338458
31  word_l1_01.mp4  ...                  0.385304
32  word_l1_01.mp4  ...                  0.420348
33  word_l1_01.mp4  ...                  0.427518
34  word_l1_01.mp4  ...                  0.431310
35  word_l1_01.mp4  ...                  0.384040
36  word_l1_01.mp4  ...                  0.377284
37  word_l1_01.mp4  ...                  0.341624
38  word_l1_01.mp4  ...                  0.283678
39  word_l1_01.mp4  ...                  0.283455
40  word_l1_01.mp4  ...                  0.286109
41  word_l1_01.mp4  ...                  0.280304
42  word_l1_01.mp4  ...                  0.291741
43  word_l1_01.mp4  ...                  0.288910
44  word_l1_01.mp4  ...                  0.290228
45  word_l1_01.mp4  ...                  0.286540
46  word_l1_01.mp4  ...                  0.290399
47  word_l1_01.mp4  ...                  0.280641
48  word_l1_01.mp4  ...                  0.276581
49  word_l1_01.mp4  ...                  0.266312
50  word_l1_01.mp4  ...                  0.266865
51  word_l1_01.mp4  ...                  0.255344
52  word_l1_01.mp4  ...                  0.236217
53  word_l1_01.mp4  ...                  0.200784
54  word_l1_01.mp4  ...                  0.207361
55  word_l1_01.mp4  ...                  0.213953
56  word_l1_01.mp4  ...                  0.208192
57  word_l1_01.mp4  ...                  0.208582
58  word_l1_01.mp4  ...                  0.214655
59  word_l1_01.mp4  ...                  0.224228

[60 rows x 30 columns]
csv file with predictions was saved to ../output/predictions_rf_shape_female_cropped_word_l1_01.csv
