python is /network/lustre/iss02/home/annahita.sarre/anaconda3/envs/myenv/bin/python
Loaded model: ../trained_models/model_rf_position_female_cropped.pkl
Loaded video: ../stimuli/words/mp4/word_h1_27.mp4
Extracting coordinates...
          fn_video frame_number   x_face0  ...  y_r_hand20  z_r_hand20  v_r_hand20
0   word_h1_27.mp4            5  0.500366  ...    0.940488    0.016780         0.0
1   word_h1_27.mp4            6  0.499936  ...    0.880754    0.019025         0.0
2   word_h1_27.mp4            7  0.499500  ...    0.830384    0.007155         0.0
3   word_h1_27.mp4            8  0.499307  ...    0.791901    0.017182         0.0
4   word_h1_27.mp4            9  0.499073  ...    0.752680    0.034193         0.0
..             ...          ...       ...  ...         ...         ...         ...
76  word_h1_27.mp4           81  0.503377  ...    0.718503    0.014418         0.0
77  word_h1_27.mp4           82  0.503934  ...    0.738530    0.030107         0.0
78  word_h1_27.mp4           83  0.504216  ...    0.758304    0.025256         0.0
79  word_h1_27.mp4           84  0.504050  ...    0.777724    0.027496         0.0
80  word_h1_27.mp4           85  0.504232  ...    0.792334    0.023895         0.0

[81 rows x 1958 columns]
Extracting features...
Face width computed for normalizaiton 0.16000854522803615
Features saved to: ../output/word_h1_27_features.csv
          fn_video  ... distance_r_hand6_r_hand10
0   word_h1_27.mp4  ...                  0.243404
1   word_h1_27.mp4  ...                  0.212080
2   word_h1_27.mp4  ...                  0.179378
3   word_h1_27.mp4  ...                  0.161665
4   word_h1_27.mp4  ...                  0.191554
..             ...  ...                       ...
76  word_h1_27.mp4  ...                  0.155253
77  word_h1_27.mp4  ...                  0.159584
78  word_h1_27.mp4  ...                  0.166204
79  word_h1_27.mp4  ...                  0.162033
80  word_h1_27.mp4  ...                  0.162040

[81 rows x 30 columns]
csv file with predictions was saved to ../output/predictions_rf_position_female_cropped_word_h1_27.csv
Loaded model: ../trained_models/model_rf_shape_female_cropped.pkl
Loaded video: ../stimuli/words/mp4/word_h1_27.mp4
Extracting coordinates...
          fn_video frame_number   x_face0  ...  y_r_hand20  z_r_hand20  v_r_hand20
0   word_h1_27.mp4            5  0.500366  ...    0.940488    0.016780         0.0
1   word_h1_27.mp4            6  0.499936  ...    0.880754    0.019025         0.0
2   word_h1_27.mp4            7  0.499500  ...    0.830384    0.007155         0.0
3   word_h1_27.mp4            8  0.499307  ...    0.791901    0.017182         0.0
4   word_h1_27.mp4            9  0.499073  ...    0.752680    0.034193         0.0
..             ...          ...       ...  ...         ...         ...         ...
76  word_h1_27.mp4           81  0.503377  ...    0.718503    0.014418         0.0
77  word_h1_27.mp4           82  0.503934  ...    0.738530    0.030107         0.0
78  word_h1_27.mp4           83  0.504216  ...    0.758304    0.025256         0.0
79  word_h1_27.mp4           84  0.504050  ...    0.777724    0.027496         0.0
80  word_h1_27.mp4           85  0.504232  ...    0.792334    0.023895         0.0

[81 rows x 1958 columns]
Extracting features...
Face width computed for normalizaiton 0.16000854522803615
Features saved to: ../output/word_h1_27_features.csv
          fn_video  ... distance_r_hand6_r_hand10
0   word_h1_27.mp4  ...                  0.243404
1   word_h1_27.mp4  ...                  0.212080
2   word_h1_27.mp4  ...                  0.179378
3   word_h1_27.mp4  ...                  0.161665
4   word_h1_27.mp4  ...                  0.191554
..             ...  ...                       ...
76  word_h1_27.mp4  ...                  0.155253
77  word_h1_27.mp4  ...                  0.159584
78  word_h1_27.mp4  ...                  0.166204
79  word_h1_27.mp4  ...                  0.162033
80  word_h1_27.mp4  ...                  0.162040

[81 rows x 30 columns]
csv file with predictions was saved to ../output/predictions_rf_shape_female_cropped_word_h1_27.csv
