python is /network/lustre/iss02/home/annahita.sarre/anaconda3/envs/myenv/bin/python
Loaded model: ../trained_models/model_rf_position_female_cropped.pkl
Loaded video: ../stimuli/words/mp4/word_l0_28.mp4
Extracting coordinates...
          fn_video frame_number   x_face0  ...  y_r_hand20  z_r_hand20  v_r_hand20
0   word_l0_28.mp4            1  0.499457  ...    0.932550    0.032480         0.0
1   word_l0_28.mp4            2  0.498917  ...    0.878924    0.024750         0.0
2   word_l0_28.mp4            3  0.498016  ...    0.847807    0.027128         0.0
3   word_l0_28.mp4            4  0.497744  ...    0.820960    0.033490         0.0
4   word_l0_28.mp4            5  0.497342  ...    0.793460    0.034069         0.0
5   word_l0_28.mp4            6  0.497444  ...    0.764582    0.033082         0.0
6   word_l0_28.mp4            7  0.497157  ...    0.737348    0.029371         0.0
7   word_l0_28.mp4            8  0.496726  ...    0.714801    0.017887         0.0
8   word_l0_28.mp4            9  0.496659  ...    0.687181    0.010380         0.0
9   word_l0_28.mp4           10  0.496129  ...    0.667758    0.008584         0.0
10  word_l0_28.mp4           11  0.496254  ...    0.648498    0.008220         0.0
11  word_l0_28.mp4           12  0.496182  ...    0.624924    0.013326         0.0
12  word_l0_28.mp4           13  0.495615  ...    0.608737    0.010771         0.0
13  word_l0_28.mp4           14  0.495385  ...    0.597980    0.004885         0.0
14  word_l0_28.mp4           15  0.495304  ...    0.589966    0.006193         0.0
15  word_l0_28.mp4           16  0.494359  ...    0.584509    0.010344         0.0
16  word_l0_28.mp4           17  0.494277  ...    0.574669    0.008719         0.0
17  word_l0_28.mp4           18  0.494512  ...    0.566774    0.020065         0.0
18  word_l0_28.mp4           19  0.494547  ...    0.560430    0.016493         0.0
19  word_l0_28.mp4           20  0.494470  ...    0.559121    0.008835         0.0
20  word_l0_28.mp4           21  0.494594  ...    0.558205    0.004949         0.0
21  word_l0_28.mp4           22  0.495437  ...    0.560589    0.003367         0.0
22  word_l0_28.mp4           23  0.495634  ...    0.562477   -0.000062         0.0
23  word_l0_28.mp4           24  0.495748  ...    0.564416   -0.003876         0.0
24  word_l0_28.mp4           25  0.495947  ...    0.561055   -0.000574         0.0
25  word_l0_28.mp4           26  0.496483  ...    0.562578   -0.008507         0.0
26  word_l0_28.mp4           27  0.496574  ...    0.567228   -0.007260         0.0
27  word_l0_28.mp4           28  0.496025  ...    0.572218   -0.024361         0.0
28  word_l0_28.mp4           29  0.496325  ...    0.577537   -0.028922         0.0
29  word_l0_28.mp4           30  0.496064  ...    0.578342   -0.019098         0.0
30  word_l0_28.mp4           31  0.496518  ...    0.580327   -0.020949         0.0
31  word_l0_28.mp4           32  0.496868  ...    0.582334   -0.016607         0.0
32  word_l0_28.mp4           33  0.497546  ...    0.579701   -0.004413         0.0
33  word_l0_28.mp4           34  0.497182  ...    0.577431   -0.005641         0.0
34  word_l0_28.mp4           35  0.497849  ...    0.572593    0.006542         0.0
35  word_l0_28.mp4           36  0.498065  ...    0.566987   -0.005013         0.0
36  word_l0_28.mp4           37  0.498218  ...    0.560427   -0.014593         0.0
37  word_l0_28.mp4           38  0.497384  ...    0.560984   -0.007314         0.0
38  word_l0_28.mp4           39  0.496996  ...    0.560752   -0.003551         0.0
39  word_l0_28.mp4           40  0.496244  ...    0.557629    0.001161         0.0
40  word_l0_28.mp4           41  0.495380  ...    0.556992   -0.000575         0.0
41  word_l0_28.mp4           42  0.494888  ...    0.555763    0.004170         0.0
42  word_l0_28.mp4           43  0.494565  ...    0.558471    0.009352         0.0
43  word_l0_28.mp4           44  0.494304  ...    0.557072    0.005178         0.0
44  word_l0_28.mp4           45  0.494690  ...    0.555840    0.011089         0.0
45  word_l0_28.mp4           46  0.495255  ...    0.557207    0.015339         0.0
46  word_l0_28.mp4           47  0.495307  ...    0.557457    0.024323         0.0
47  word_l0_28.mp4           48  0.495659  ...    0.557816    0.022311         0.0
48  word_l0_28.mp4           49  0.494704  ...    0.558001    0.019233         0.0
49  word_l0_28.mp4           50  0.494805  ...    0.556307    0.014800         0.0
50  word_l0_28.mp4           51  0.494753  ...    0.556654    0.018754         0.0
51  word_l0_28.mp4           52  0.494563  ...    0.555515    0.021699         0.0
52  word_l0_28.mp4           53  0.494603  ...    0.557027    0.009036         0.0
53  word_l0_28.mp4           54  0.494424  ...    0.558980    0.011271         0.0
54  word_l0_28.mp4           55  0.495048  ...    0.564968    0.010597         0.0
55  word_l0_28.mp4           56  0.495064  ...    0.574933    0.023809         0.0
56  word_l0_28.mp4           57  0.495254  ...    0.603510    0.031143         0.0
57  word_l0_28.mp4           58  0.495830  ...    0.661799    0.024280         0.0
58  word_l0_28.mp4           59  0.496119  ...    0.685240    0.010812         0.0
59  word_l0_28.mp4           60  0.496114  ...    0.698592    0.014061         0.0

[60 rows x 1958 columns]
Extracting features...
Face width computed for normalizaiton 0.15739456230588014
Features saved to: ../output/word_l0_28_features.csv
          fn_video  ... distance_r_hand6_r_hand10
0   word_l0_28.mp4  ...                  0.241297
1   word_l0_28.mp4  ...                  0.194733
2   word_l0_28.mp4  ...                  0.179790
3   word_l0_28.mp4  ...                  0.180851
4   word_l0_28.mp4  ...                  0.169158
5   word_l0_28.mp4  ...                  0.162539
6   word_l0_28.mp4  ...                  0.165439
7   word_l0_28.mp4  ...                  0.160663
8   word_l0_28.mp4  ...                  0.161190
9   word_l0_28.mp4  ...                  0.176808
10  word_l0_28.mp4  ...                  0.172799
11  word_l0_28.mp4  ...                  0.190969
12  word_l0_28.mp4  ...                  0.204937
13  word_l0_28.mp4  ...                  0.192761
14  word_l0_28.mp4  ...                  0.206256
15  word_l0_28.mp4  ...                  0.204121
16  word_l0_28.mp4  ...                  0.207443
17  word_l0_28.mp4  ...                  0.222989
18  word_l0_28.mp4  ...                  0.234366
19  word_l0_28.mp4  ...                  0.201079
20  word_l0_28.mp4  ...                  0.197766
21  word_l0_28.mp4  ...                  0.189551
22  word_l0_28.mp4  ...                  0.181355
23  word_l0_28.mp4  ...                  0.171136
24  word_l0_28.mp4  ...                  0.179600
25  word_l0_28.mp4  ...                  0.156583
26  word_l0_28.mp4  ...                  0.136241
27  word_l0_28.mp4  ...                  0.138716
28  word_l0_28.mp4  ...                  0.134461
29  word_l0_28.mp4  ...                  0.132572
30  word_l0_28.mp4  ...                  0.132155
31  word_l0_28.mp4  ...                  0.131793
32  word_l0_28.mp4  ...                  0.136438
33  word_l0_28.mp4  ...                  0.139479
34  word_l0_28.mp4  ...                  0.188842
35  word_l0_28.mp4  ...                  0.174762
36  word_l0_28.mp4  ...                  0.150614
37  word_l0_28.mp4  ...                  0.149801
38  word_l0_28.mp4  ...                  0.155002
39  word_l0_28.mp4  ...                  0.154295
40  word_l0_28.mp4  ...                  0.159410
41  word_l0_28.mp4  ...                  0.167058
42  word_l0_28.mp4  ...                  0.173089
43  word_l0_28.mp4  ...                  0.159808
44  word_l0_28.mp4  ...                  0.175732
45  word_l0_28.mp4  ...                  0.172921
46  word_l0_28.mp4  ...                  0.174950
47  word_l0_28.mp4  ...                  0.176928
48  word_l0_28.mp4  ...                  0.172168
49  word_l0_28.mp4  ...                  0.171009
50  word_l0_28.mp4  ...                  0.170035
51  word_l0_28.mp4  ...                  0.175360
52  word_l0_28.mp4  ...                  0.169241
53  word_l0_28.mp4  ...                  0.177355
54  word_l0_28.mp4  ...                  0.172805
55  word_l0_28.mp4  ...                  0.180471
56  word_l0_28.mp4  ...                  0.176371
57  word_l0_28.mp4  ...                  0.173642
58  word_l0_28.mp4  ...                  0.164551
59  word_l0_28.mp4  ...                  0.167715

[60 rows x 30 columns]
csv file with predictions was saved to ../output/predictions_rf_position_female_cropped_word_l0_28.csv
Loaded model: ../trained_models/model_rf_shape_female_cropped.pkl
Loaded video: ../stimuli/words/mp4/word_l0_28.mp4
Extracting coordinates...
          fn_video frame_number   x_face0  ...  y_r_hand20  z_r_hand20  v_r_hand20
0   word_l0_28.mp4            1  0.499457  ...    0.932550    0.032480         0.0
1   word_l0_28.mp4            2  0.498917  ...    0.878924    0.024750         0.0
2   word_l0_28.mp4            3  0.498016  ...    0.847807    0.027128         0.0
3   word_l0_28.mp4            4  0.497744  ...    0.820960    0.033490         0.0
4   word_l0_28.mp4            5  0.497342  ...    0.793460    0.034069         0.0
5   word_l0_28.mp4            6  0.497444  ...    0.764582    0.033082         0.0
6   word_l0_28.mp4            7  0.497157  ...    0.737348    0.029371         0.0
7   word_l0_28.mp4            8  0.496726  ...    0.714801    0.017887         0.0
8   word_l0_28.mp4            9  0.496659  ...    0.687181    0.010380         0.0
9   word_l0_28.mp4           10  0.496129  ...    0.667758    0.008584         0.0
10  word_l0_28.mp4           11  0.496254  ...    0.648498    0.008220         0.0
11  word_l0_28.mp4           12  0.496182  ...    0.624924    0.013326         0.0
12  word_l0_28.mp4           13  0.495615  ...    0.608737    0.010771         0.0
13  word_l0_28.mp4           14  0.495385  ...    0.597980    0.004885         0.0
14  word_l0_28.mp4           15  0.495304  ...    0.589966    0.006193         0.0
15  word_l0_28.mp4           16  0.494359  ...    0.584509    0.010344         0.0
16  word_l0_28.mp4           17  0.494277  ...    0.574669    0.008719         0.0
17  word_l0_28.mp4           18  0.494512  ...    0.566774    0.020065         0.0
18  word_l0_28.mp4           19  0.494547  ...    0.560430    0.016493         0.0
19  word_l0_28.mp4           20  0.494470  ...    0.559121    0.008835         0.0
20  word_l0_28.mp4           21  0.494594  ...    0.558205    0.004949         0.0
21  word_l0_28.mp4           22  0.495437  ...    0.560589    0.003367         0.0
22  word_l0_28.mp4           23  0.495634  ...    0.562477   -0.000062         0.0
23  word_l0_28.mp4           24  0.495748  ...    0.564416   -0.003876         0.0
24  word_l0_28.mp4           25  0.495947  ...    0.561055   -0.000574         0.0
25  word_l0_28.mp4           26  0.496483  ...    0.562578   -0.008507         0.0
26  word_l0_28.mp4           27  0.496574  ...    0.567228   -0.007260         0.0
27  word_l0_28.mp4           28  0.496025  ...    0.572218   -0.024361         0.0
28  word_l0_28.mp4           29  0.496325  ...    0.577537   -0.028922         0.0
29  word_l0_28.mp4           30  0.496064  ...    0.578342   -0.019098         0.0
30  word_l0_28.mp4           31  0.496518  ...    0.580327   -0.020949         0.0
31  word_l0_28.mp4           32  0.496868  ...    0.582334   -0.016607         0.0
32  word_l0_28.mp4           33  0.497546  ...    0.579701   -0.004413         0.0
33  word_l0_28.mp4           34  0.497182  ...    0.577431   -0.005641         0.0
34  word_l0_28.mp4           35  0.497849  ...    0.572593    0.006542         0.0
35  word_l0_28.mp4           36  0.498065  ...    0.566987   -0.005013         0.0
36  word_l0_28.mp4           37  0.498218  ...    0.560427   -0.014593         0.0
37  word_l0_28.mp4           38  0.497384  ...    0.560984   -0.007314         0.0
38  word_l0_28.mp4           39  0.496996  ...    0.560752   -0.003551         0.0
39  word_l0_28.mp4           40  0.496244  ...    0.557629    0.001161         0.0
40  word_l0_28.mp4           41  0.495380  ...    0.556992   -0.000575         0.0
41  word_l0_28.mp4           42  0.494888  ...    0.555763    0.004170         0.0
42  word_l0_28.mp4           43  0.494565  ...    0.558471    0.009352         0.0
43  word_l0_28.mp4           44  0.494304  ...    0.557072    0.005178         0.0
44  word_l0_28.mp4           45  0.494690  ...    0.555840    0.011089         0.0
45  word_l0_28.mp4           46  0.495255  ...    0.557207    0.015339         0.0
46  word_l0_28.mp4           47  0.495307  ...    0.557457    0.024323         0.0
47  word_l0_28.mp4           48  0.495659  ...    0.557816    0.022311         0.0
48  word_l0_28.mp4           49  0.494704  ...    0.558001    0.019233         0.0
49  word_l0_28.mp4           50  0.494805  ...    0.556307    0.014800         0.0
50  word_l0_28.mp4           51  0.494753  ...    0.556654    0.018754         0.0
51  word_l0_28.mp4           52  0.494563  ...    0.555515    0.021699         0.0
52  word_l0_28.mp4           53  0.494603  ...    0.557027    0.009036         0.0
53  word_l0_28.mp4           54  0.494424  ...    0.558980    0.011271         0.0
54  word_l0_28.mp4           55  0.495048  ...    0.564968    0.010597         0.0
55  word_l0_28.mp4           56  0.495064  ...    0.574933    0.023809         0.0
56  word_l0_28.mp4           57  0.495254  ...    0.603510    0.031143         0.0
57  word_l0_28.mp4           58  0.495830  ...    0.661799    0.024280         0.0
58  word_l0_28.mp4           59  0.496119  ...    0.685240    0.010812         0.0
59  word_l0_28.mp4           60  0.496114  ...    0.698592    0.014061         0.0

[60 rows x 1958 columns]
Extracting features...
Face width computed for normalizaiton 0.15739456230588014
Features saved to: ../output/word_l0_28_features.csv
          fn_video  ... distance_r_hand6_r_hand10
0   word_l0_28.mp4  ...                  0.241297
1   word_l0_28.mp4  ...                  0.194733
2   word_l0_28.mp4  ...                  0.179790
3   word_l0_28.mp4  ...                  0.180851
4   word_l0_28.mp4  ...                  0.169158
5   word_l0_28.mp4  ...                  0.162539
6   word_l0_28.mp4  ...                  0.165439
7   word_l0_28.mp4  ...                  0.160663
8   word_l0_28.mp4  ...                  0.161190
9   word_l0_28.mp4  ...                  0.176808
10  word_l0_28.mp4  ...                  0.172799
11  word_l0_28.mp4  ...                  0.190969
12  word_l0_28.mp4  ...                  0.204937
13  word_l0_28.mp4  ...                  0.192761
14  word_l0_28.mp4  ...                  0.206256
15  word_l0_28.mp4  ...                  0.204121
16  word_l0_28.mp4  ...                  0.207443
17  word_l0_28.mp4  ...                  0.222989
18  word_l0_28.mp4  ...                  0.234366
19  word_l0_28.mp4  ...                  0.201079
20  word_l0_28.mp4  ...                  0.197766
21  word_l0_28.mp4  ...                  0.189551
22  word_l0_28.mp4  ...                  0.181355
23  word_l0_28.mp4  ...                  0.171136
24  word_l0_28.mp4  ...                  0.179600
25  word_l0_28.mp4  ...                  0.156583
26  word_l0_28.mp4  ...                  0.136241
27  word_l0_28.mp4  ...                  0.138716
28  word_l0_28.mp4  ...                  0.134461
29  word_l0_28.mp4  ...                  0.132572
30  word_l0_28.mp4  ...                  0.132155
31  word_l0_28.mp4  ...                  0.131793
32  word_l0_28.mp4  ...                  0.136438
33  word_l0_28.mp4  ...                  0.139479
34  word_l0_28.mp4  ...                  0.188842
35  word_l0_28.mp4  ...                  0.174762
36  word_l0_28.mp4  ...                  0.150614
37  word_l0_28.mp4  ...                  0.149801
38  word_l0_28.mp4  ...                  0.155002
39  word_l0_28.mp4  ...                  0.154295
40  word_l0_28.mp4  ...                  0.159410
41  word_l0_28.mp4  ...                  0.167058
42  word_l0_28.mp4  ...                  0.173089
43  word_l0_28.mp4  ...                  0.159808
44  word_l0_28.mp4  ...                  0.175732
45  word_l0_28.mp4  ...                  0.172921
46  word_l0_28.mp4  ...                  0.174950
47  word_l0_28.mp4  ...                  0.176928
48  word_l0_28.mp4  ...                  0.172168
49  word_l0_28.mp4  ...                  0.171009
50  word_l0_28.mp4  ...                  0.170035
51  word_l0_28.mp4  ...                  0.175360
52  word_l0_28.mp4  ...                  0.169241
53  word_l0_28.mp4  ...                  0.177355
54  word_l0_28.mp4  ...                  0.172805
55  word_l0_28.mp4  ...                  0.180471
56  word_l0_28.mp4  ...                  0.176371
57  word_l0_28.mp4  ...                  0.173642
58  word_l0_28.mp4  ...                  0.164551
59  word_l0_28.mp4  ...                  0.167715

[60 rows x 30 columns]
csv file with predictions was saved to ../output/predictions_rf_shape_female_cropped_word_l0_28.csv
