python is /network/lustre/iss02/home/annahita.sarre/anaconda3/envs/myenv/bin/python
Loaded model: ../trained_models/model_rf_position_female_cropped.pkl
Loaded video: ../stimuli/words/mp4/word_h1_25.mp4
Extracting coordinates...
          fn_video frame_number   x_face0  ...  y_r_hand20  z_r_hand20  v_r_hand20
0   word_h1_25.mp4            2  0.503015  ...    1.025934   -0.012069         0.0
1   word_h1_25.mp4            3  0.503510  ...    1.008634   -0.010079         0.0
2   word_h1_25.mp4            4  0.503647  ...    0.980001    0.006750         0.0
3   word_h1_25.mp4            5  0.503130  ...    0.967455    0.012272         0.0
4   word_h1_25.mp4            6  0.503070  ...    0.949595    0.015009         0.0
..             ...          ...       ...  ...         ...         ...         ...
62  word_h1_25.mp4           64  0.503303  ...    0.608410   -0.008116         0.0
63  word_h1_25.mp4           65  0.503591  ...    0.615715   -0.000013         0.0
64  word_h1_25.mp4           66  0.503354  ...    0.629326   -0.000561         0.0
65  word_h1_25.mp4           67  0.503000  ...    0.653252    0.017273         0.0
66  word_h1_25.mp4           68  0.503079  ...    0.698043    0.014386         0.0

[67 rows x 1958 columns]
Extracting features...
Face width computed for normalizaiton 0.16082300258820945
Features saved to: ../output/word_h1_25_features.csv
          fn_video  ... distance_r_hand6_r_hand10
0   word_h1_25.mp4  ...                  0.155035
1   word_h1_25.mp4  ...                  0.216582
2   word_h1_25.mp4  ...                  0.215971
3   word_h1_25.mp4  ...                  0.207621
4   word_h1_25.mp4  ...                  0.213021
..             ...  ...                       ...
62  word_h1_25.mp4  ...                  0.150366
63  word_h1_25.mp4  ...                  0.158682
64  word_h1_25.mp4  ...                  0.156640
65  word_h1_25.mp4  ...                  0.151447
66  word_h1_25.mp4  ...                  0.156262

[67 rows x 30 columns]
csv file with predictions was saved to ../output/predictions_rf_position_female_cropped_word_h1_25.csv
Loaded model: ../trained_models/model_rf_shape_female_cropped.pkl
Loaded video: ../stimuli/words/mp4/word_h1_25.mp4
Extracting coordinates...
          fn_video frame_number   x_face0  ...  y_r_hand20  z_r_hand20  v_r_hand20
0   word_h1_25.mp4            2  0.503015  ...    1.025934   -0.012069         0.0
1   word_h1_25.mp4            3  0.503510  ...    1.008634   -0.010079         0.0
2   word_h1_25.mp4            4  0.503647  ...    0.980001    0.006750         0.0
3   word_h1_25.mp4            5  0.503130  ...    0.967455    0.012272         0.0
4   word_h1_25.mp4            6  0.503070  ...    0.949595    0.015009         0.0
..             ...          ...       ...  ...         ...         ...         ...
62  word_h1_25.mp4           64  0.503303  ...    0.608410   -0.008116         0.0
63  word_h1_25.mp4           65  0.503591  ...    0.615715   -0.000013         0.0
64  word_h1_25.mp4           66  0.503354  ...    0.629326   -0.000561         0.0
65  word_h1_25.mp4           67  0.503000  ...    0.653252    0.017273         0.0
66  word_h1_25.mp4           68  0.503079  ...    0.698043    0.014386         0.0

[67 rows x 1958 columns]
Extracting features...
Face width computed for normalizaiton 0.16082300258820945
Features saved to: ../output/word_h1_25_features.csv
          fn_video  ... distance_r_hand6_r_hand10
0   word_h1_25.mp4  ...                  0.155035
1   word_h1_25.mp4  ...                  0.216582
2   word_h1_25.mp4  ...                  0.215971
3   word_h1_25.mp4  ...                  0.207621
4   word_h1_25.mp4  ...                  0.213021
..             ...  ...                       ...
62  word_h1_25.mp4  ...                  0.150366
63  word_h1_25.mp4  ...                  0.158682
64  word_h1_25.mp4  ...                  0.156640
65  word_h1_25.mp4  ...                  0.151447
66  word_h1_25.mp4  ...                  0.156262

[67 rows x 30 columns]
csv file with predictions was saved to ../output/predictions_rf_shape_female_cropped_word_h1_25.csv
