python is /network/lustre/iss02/home/annahita.sarre/anaconda3/envs/myenv/bin/python
Loaded model: ../trained_models/model_rf_position_female_cropped.pkl
Loaded video: ../stimuli/words/mp4/word_l0_08.mp4
Extracting coordinates...
          fn_video frame_number   x_face0  ...  y_r_hand20  z_r_hand20  v_r_hand20
0   word_l0_08.mp4            1  0.500554  ...    0.979054    0.014753         0.0
1   word_l0_08.mp4            2  0.500451  ...    0.963021    0.059711         0.0
2   word_l0_08.mp4            3  0.499821  ...    0.942019    0.036090         0.0
3   word_l0_08.mp4            4  0.499745  ...    0.909003    0.033773         0.0
4   word_l0_08.mp4            5  0.499177  ...    0.877317    0.043022         0.0
5   word_l0_08.mp4            6  0.499028  ...    0.837416    0.042852         0.0
6   word_l0_08.mp4            7  0.499223  ...    0.806432    0.050462         0.0
7   word_l0_08.mp4            8  0.499273  ...    0.785537    0.052222         0.0
8   word_l0_08.mp4            9  0.499775  ...    0.751856    0.042947         0.0
9   word_l0_08.mp4           10  0.500156  ...    0.720114    0.039854         0.0
10  word_l0_08.mp4           11  0.500471  ...    0.701302    0.040675         0.0
11  word_l0_08.mp4           12  0.501066  ...    0.677665    0.035279         0.0
12  word_l0_08.mp4           13  0.501251  ...    0.659590    0.024852         0.0
13  word_l0_08.mp4           14  0.501517  ...    0.636351    0.017309         0.0
14  word_l0_08.mp4           15  0.501018  ...    0.614015    0.004572         0.0
15  word_l0_08.mp4           16  0.501080  ...    0.604905    0.004849         0.0
16  word_l0_08.mp4           17  0.500871  ...    0.594268    0.013499         0.0
17  word_l0_08.mp4           18  0.500611  ...    0.589269    0.028792         0.0
18  word_l0_08.mp4           19  0.500723  ...    0.586147    0.017141         0.0
19  word_l0_08.mp4           20  0.501061  ...    0.585489    0.016697         0.0
20  word_l0_08.mp4           21  0.501337  ...    0.585332    0.015714         0.0
21  word_l0_08.mp4           22  0.501141  ...    0.585787    0.012553         0.0
22  word_l0_08.mp4           23  0.501615  ...    0.583461    0.033196         0.0
23  word_l0_08.mp4           24  0.501791  ...    0.581604    0.008560         0.0
24  word_l0_08.mp4           25  0.501990  ...    0.579422    0.048214         0.0
25  word_l0_08.mp4           26  0.501566  ...    0.577842    0.019636         0.0
26  word_l0_08.mp4           27  0.501707  ...    0.576545    0.008103         0.0
27  word_l0_08.mp4           28  0.501610  ...    0.577231   -0.000732         0.0
28  word_l0_08.mp4           29  0.501404  ...    0.580986    0.005593         0.0
29  word_l0_08.mp4           30  0.501594  ...    0.581569    0.000199         0.0
30  word_l0_08.mp4           31  0.501189  ...    0.594306   -0.011387         0.0
31  word_l0_08.mp4           32  0.501381  ...    0.673885    0.034377         0.0
32  word_l0_08.mp4           33  0.501130  ...    0.701038    0.021684         0.0
33  word_l0_08.mp4           34  0.500981  ...    0.709892    0.018280         0.0
34  word_l0_08.mp4           35  0.500633  ...    0.708673    0.015400         0.0
35  word_l0_08.mp4           36  0.500825  ...    0.696837    0.010726         0.0
36  word_l0_08.mp4           37  0.499529  ...    0.700176    0.011301         0.0
37  word_l0_08.mp4           38  0.498343  ...    0.697086    0.011867         0.0
38  word_l0_08.mp4           39  0.498194  ...    0.692126    0.017520         0.0
39  word_l0_08.mp4           40  0.497328  ...    0.684692    0.018492         0.0
40  word_l0_08.mp4           41  0.497413  ...    0.691620    0.018642         0.0
41  word_l0_08.mp4           42  0.497608  ...    0.689489    0.020739         0.0
42  word_l0_08.mp4           43  0.497737  ...    0.692078    0.023564         0.0
43  word_l0_08.mp4           44  0.498790  ...    0.693252    0.022854         0.0
44  word_l0_08.mp4           45  0.498742  ...    0.693636    0.025565         0.0
45  word_l0_08.mp4           46  0.499144  ...    0.693256    0.020410         0.0
46  word_l0_08.mp4           47  0.499087  ...    0.695584    0.017229         0.0
47  word_l0_08.mp4           48  0.499041  ...    0.695562    0.021007         0.0
48  word_l0_08.mp4           49  0.499049  ...    0.696200    0.017068         0.0
49  word_l0_08.mp4           50  0.499102  ...    0.697251    0.013883         0.0
50  word_l0_08.mp4           51  0.498494  ...    0.696229    0.015483         0.0
51  word_l0_08.mp4           52  0.497982  ...    0.695114    0.015592         0.0
52  word_l0_08.mp4           53  0.498474  ...    0.693811    0.016732         0.0
53  word_l0_08.mp4           54  0.498973  ...    0.699047    0.012198         0.0
54  word_l0_08.mp4           55  0.499009  ...    0.699873    0.015127         0.0
55  word_l0_08.mp4           56  0.498593  ...    0.699424    0.024273         0.0
56  word_l0_08.mp4           57  0.498379  ...    0.690924    0.029433         0.0
57  word_l0_08.mp4           58  0.498793  ...    0.705467    0.014051         0.0
58  word_l0_08.mp4           59  0.498782  ...    0.719961    0.016385         0.0
59  word_l0_08.mp4           60  0.498933  ...    0.732880    0.013877         0.0

[60 rows x 1958 columns]
Extracting features...
Face width computed for normalizaiton 0.15863177544953647
Features saved to: ../output/word_l0_08_features.csv
          fn_video  ... distance_r_hand6_r_hand10
0   word_l0_08.mp4  ...                  0.208947
1   word_l0_08.mp4  ...                  0.254284
2   word_l0_08.mp4  ...                  0.228940
3   word_l0_08.mp4  ...                  0.237344
4   word_l0_08.mp4  ...                  0.225863
5   word_l0_08.mp4  ...                  0.212633
6   word_l0_08.mp4  ...                  0.193911
7   word_l0_08.mp4  ...                  0.204595
8   word_l0_08.mp4  ...                  0.193753
9   word_l0_08.mp4  ...                  0.193804
10  word_l0_08.mp4  ...                  0.202187
11  word_l0_08.mp4  ...                  0.196531
12  word_l0_08.mp4  ...                  0.193775
13  word_l0_08.mp4  ...                  0.182548
14  word_l0_08.mp4  ...                  0.171111
15  word_l0_08.mp4  ...                  0.162122
16  word_l0_08.mp4  ...                  0.153425
17  word_l0_08.mp4  ...                  0.145097
18  word_l0_08.mp4  ...                  0.139585
19  word_l0_08.mp4  ...                  0.143388
20  word_l0_08.mp4  ...                  0.142561
21  word_l0_08.mp4  ...                  0.139719
22  word_l0_08.mp4  ...                  0.139524
23  word_l0_08.mp4  ...                  0.153352
24  word_l0_08.mp4  ...                  0.164707
25  word_l0_08.mp4  ...                  0.171103
26  word_l0_08.mp4  ...                  0.172095
27  word_l0_08.mp4  ...                  0.165551
28  word_l0_08.mp4  ...                  0.169334
29  word_l0_08.mp4  ...                  0.174891
30  word_l0_08.mp4  ...                  0.182833
31  word_l0_08.mp4  ...                  0.159041
32  word_l0_08.mp4  ...                  0.158707
33  word_l0_08.mp4  ...                  0.155583
34  word_l0_08.mp4  ...                  0.155859
35  word_l0_08.mp4  ...                  0.155272
36  word_l0_08.mp4  ...                  0.150394
37  word_l0_08.mp4  ...                  0.152391
38  word_l0_08.mp4  ...                  0.156233
39  word_l0_08.mp4  ...                  0.146235
40  word_l0_08.mp4  ...                  0.148690
41  word_l0_08.mp4  ...                  0.144262
42  word_l0_08.mp4  ...                  0.151035
43  word_l0_08.mp4  ...                  0.148350
44  word_l0_08.mp4  ...                  0.146605
45  word_l0_08.mp4  ...                  0.145882
46  word_l0_08.mp4  ...                  0.147140
47  word_l0_08.mp4  ...                  0.144454
48  word_l0_08.mp4  ...                  0.144030
49  word_l0_08.mp4  ...                  0.144932
50  word_l0_08.mp4  ...                  0.144705
51  word_l0_08.mp4  ...                  0.142911
52  word_l0_08.mp4  ...                  0.143256
53  word_l0_08.mp4  ...                  0.150328
54  word_l0_08.mp4  ...                  0.156813
55  word_l0_08.mp4  ...                  0.167987
56  word_l0_08.mp4  ...                  0.175776
57  word_l0_08.mp4  ...                  0.182194
58  word_l0_08.mp4  ...                  0.201860
59  word_l0_08.mp4  ...                  0.205156

[60 rows x 30 columns]
csv file with predictions was saved to ../output/predictions_rf_position_female_cropped_word_l0_08.csv
Loaded model: ../trained_models/model_rf_shape_female_cropped.pkl
Loaded video: ../stimuli/words/mp4/word_l0_08.mp4
Extracting coordinates...
          fn_video frame_number   x_face0  ...  y_r_hand20  z_r_hand20  v_r_hand20
0   word_l0_08.mp4            1  0.500554  ...    0.979054    0.014753         0.0
1   word_l0_08.mp4            2  0.500451  ...    0.963021    0.059711         0.0
2   word_l0_08.mp4            3  0.499821  ...    0.942019    0.036090         0.0
3   word_l0_08.mp4            4  0.499745  ...    0.909003    0.033773         0.0
4   word_l0_08.mp4            5  0.499177  ...    0.877317    0.043022         0.0
5   word_l0_08.mp4            6  0.499028  ...    0.837416    0.042852         0.0
6   word_l0_08.mp4            7  0.499223  ...    0.806432    0.050462         0.0
7   word_l0_08.mp4            8  0.499273  ...    0.785537    0.052222         0.0
8   word_l0_08.mp4            9  0.499775  ...    0.751856    0.042947         0.0
9   word_l0_08.mp4           10  0.500156  ...    0.720114    0.039854         0.0
10  word_l0_08.mp4           11  0.500471  ...    0.701302    0.040675         0.0
11  word_l0_08.mp4           12  0.501066  ...    0.677665    0.035279         0.0
12  word_l0_08.mp4           13  0.501251  ...    0.659590    0.024852         0.0
13  word_l0_08.mp4           14  0.501517  ...    0.636351    0.017309         0.0
14  word_l0_08.mp4           15  0.501018  ...    0.614015    0.004572         0.0
15  word_l0_08.mp4           16  0.501080  ...    0.604905    0.004849         0.0
16  word_l0_08.mp4           17  0.500871  ...    0.594268    0.013499         0.0
17  word_l0_08.mp4           18  0.500611  ...    0.589269    0.028792         0.0
18  word_l0_08.mp4           19  0.500723  ...    0.586147    0.017141         0.0
19  word_l0_08.mp4           20  0.501061  ...    0.585489    0.016697         0.0
20  word_l0_08.mp4           21  0.501337  ...    0.585332    0.015714         0.0
21  word_l0_08.mp4           22  0.501141  ...    0.585787    0.012553         0.0
22  word_l0_08.mp4           23  0.501615  ...    0.583461    0.033196         0.0
23  word_l0_08.mp4           24  0.501791  ...    0.581604    0.008560         0.0
24  word_l0_08.mp4           25  0.501990  ...    0.579422    0.048214         0.0
25  word_l0_08.mp4           26  0.501566  ...    0.577842    0.019636         0.0
26  word_l0_08.mp4           27  0.501707  ...    0.576545    0.008103         0.0
27  word_l0_08.mp4           28  0.501610  ...    0.577231   -0.000732         0.0
28  word_l0_08.mp4           29  0.501404  ...    0.580986    0.005593         0.0
29  word_l0_08.mp4           30  0.501594  ...    0.581569    0.000199         0.0
30  word_l0_08.mp4           31  0.501189  ...    0.594306   -0.011387         0.0
31  word_l0_08.mp4           32  0.501381  ...    0.673885    0.034377         0.0
32  word_l0_08.mp4           33  0.501130  ...    0.701038    0.021684         0.0
33  word_l0_08.mp4           34  0.500981  ...    0.709892    0.018280         0.0
34  word_l0_08.mp4           35  0.500633  ...    0.708673    0.015400         0.0
35  word_l0_08.mp4           36  0.500825  ...    0.696837    0.010726         0.0
36  word_l0_08.mp4           37  0.499529  ...    0.700176    0.011301         0.0
37  word_l0_08.mp4           38  0.498343  ...    0.697086    0.011867         0.0
38  word_l0_08.mp4           39  0.498194  ...    0.692126    0.017520         0.0
39  word_l0_08.mp4           40  0.497328  ...    0.684692    0.018492         0.0
40  word_l0_08.mp4           41  0.497413  ...    0.691620    0.018642         0.0
41  word_l0_08.mp4           42  0.497608  ...    0.689489    0.020739         0.0
42  word_l0_08.mp4           43  0.497737  ...    0.692078    0.023564         0.0
43  word_l0_08.mp4           44  0.498790  ...    0.693252    0.022854         0.0
44  word_l0_08.mp4           45  0.498742  ...    0.693636    0.025565         0.0
45  word_l0_08.mp4           46  0.499144  ...    0.693256    0.020410         0.0
46  word_l0_08.mp4           47  0.499087  ...    0.695584    0.017229         0.0
47  word_l0_08.mp4           48  0.499041  ...    0.695562    0.021007         0.0
48  word_l0_08.mp4           49  0.499049  ...    0.696200    0.017068         0.0
49  word_l0_08.mp4           50  0.499102  ...    0.697251    0.013883         0.0
50  word_l0_08.mp4           51  0.498494  ...    0.696229    0.015483         0.0
51  word_l0_08.mp4           52  0.497982  ...    0.695114    0.015592         0.0
52  word_l0_08.mp4           53  0.498474  ...    0.693811    0.016732         0.0
53  word_l0_08.mp4           54  0.498973  ...    0.699047    0.012198         0.0
54  word_l0_08.mp4           55  0.499009  ...    0.699873    0.015127         0.0
55  word_l0_08.mp4           56  0.498593  ...    0.699424    0.024273         0.0
56  word_l0_08.mp4           57  0.498379  ...    0.690924    0.029433         0.0
57  word_l0_08.mp4           58  0.498793  ...    0.705467    0.014051         0.0
58  word_l0_08.mp4           59  0.498782  ...    0.719961    0.016385         0.0
59  word_l0_08.mp4           60  0.498933  ...    0.732880    0.013877         0.0

[60 rows x 1958 columns]
Extracting features...
Face width computed for normalizaiton 0.15863177544953647
Features saved to: ../output/word_l0_08_features.csv
          fn_video  ... distance_r_hand6_r_hand10
0   word_l0_08.mp4  ...                  0.208947
1   word_l0_08.mp4  ...                  0.254284
2   word_l0_08.mp4  ...                  0.228940
3   word_l0_08.mp4  ...                  0.237344
4   word_l0_08.mp4  ...                  0.225863
5   word_l0_08.mp4  ...                  0.212633
6   word_l0_08.mp4  ...                  0.193911
7   word_l0_08.mp4  ...                  0.204595
8   word_l0_08.mp4  ...                  0.193753
9   word_l0_08.mp4  ...                  0.193804
10  word_l0_08.mp4  ...                  0.202187
11  word_l0_08.mp4  ...                  0.196531
12  word_l0_08.mp4  ...                  0.193775
13  word_l0_08.mp4  ...                  0.182548
14  word_l0_08.mp4  ...                  0.171111
15  word_l0_08.mp4  ...                  0.162122
16  word_l0_08.mp4  ...                  0.153425
17  word_l0_08.mp4  ...                  0.145097
18  word_l0_08.mp4  ...                  0.139585
19  word_l0_08.mp4  ...                  0.143388
20  word_l0_08.mp4  ...                  0.142561
21  word_l0_08.mp4  ...                  0.139719
22  word_l0_08.mp4  ...                  0.139524
23  word_l0_08.mp4  ...                  0.153352
24  word_l0_08.mp4  ...                  0.164707
25  word_l0_08.mp4  ...                  0.171103
26  word_l0_08.mp4  ...                  0.172095
27  word_l0_08.mp4  ...                  0.165551
28  word_l0_08.mp4  ...                  0.169334
29  word_l0_08.mp4  ...                  0.174891
30  word_l0_08.mp4  ...                  0.182833
31  word_l0_08.mp4  ...                  0.159041
32  word_l0_08.mp4  ...                  0.158707
33  word_l0_08.mp4  ...                  0.155583
34  word_l0_08.mp4  ...                  0.155859
35  word_l0_08.mp4  ...                  0.155272
36  word_l0_08.mp4  ...                  0.150394
37  word_l0_08.mp4  ...                  0.152391
38  word_l0_08.mp4  ...                  0.156233
39  word_l0_08.mp4  ...                  0.146235
40  word_l0_08.mp4  ...                  0.148690
41  word_l0_08.mp4  ...                  0.144262
42  word_l0_08.mp4  ...                  0.151035
43  word_l0_08.mp4  ...                  0.148350
44  word_l0_08.mp4  ...                  0.146605
45  word_l0_08.mp4  ...                  0.145882
46  word_l0_08.mp4  ...                  0.147140
47  word_l0_08.mp4  ...                  0.144454
48  word_l0_08.mp4  ...                  0.144030
49  word_l0_08.mp4  ...                  0.144932
50  word_l0_08.mp4  ...                  0.144705
51  word_l0_08.mp4  ...                  0.142911
52  word_l0_08.mp4  ...                  0.143256
53  word_l0_08.mp4  ...                  0.150328
54  word_l0_08.mp4  ...                  0.156813
55  word_l0_08.mp4  ...                  0.167987
56  word_l0_08.mp4  ...                  0.175776
57  word_l0_08.mp4  ...                  0.182194
58  word_l0_08.mp4  ...                  0.201860
59  word_l0_08.mp4  ...                  0.205156

[60 rows x 30 columns]
csv file with predictions was saved to ../output/predictions_rf_shape_female_cropped_word_l0_08.csv
