python is /network/lustre/iss02/home/annahita.sarre/anaconda3/envs/myenv/bin/python
Loaded model: ../trained_models/model_rf_position_female_cropped.pkl
Loaded video: ../stimuli/words/mp4/word_h2_24.mp4
Extracting coordinates...
          fn_video frame_number   x_face0  ...  y_r_hand20  z_r_hand20  v_r_hand20
0   word_h2_24.mp4            1  0.501336  ...    1.009708    0.016529         0.0
1   word_h2_24.mp4            2  0.501141  ...    0.975428    0.016199         0.0
2   word_h2_24.mp4            3  0.501062  ...    0.927218    0.018791         0.0
3   word_h2_24.mp4            4  0.500918  ...    0.891341    0.018939         0.0
4   word_h2_24.mp4            5  0.500821  ...    0.846616    0.032704         0.0
..             ...          ...       ...  ...         ...         ...         ...
64  word_h2_24.mp4           65  0.498571  ...    0.784317    0.011691         0.0
65  word_h2_24.mp4           66  0.498663  ...    0.793429    0.011109         0.0
66  word_h2_24.mp4           67  0.498720  ...    0.805399    0.009191         0.0
67  word_h2_24.mp4           68  0.498525  ...    0.816417    0.014118         0.0
68  word_h2_24.mp4           69  0.498987  ...    0.832235    0.017880         0.0

[69 rows x 1958 columns]
Extracting features...
Face width computed for normalizaiton 0.15866261555924127
Features saved to: ../output/word_h2_24_features.csv
          fn_video  ... distance_r_hand6_r_hand10
0   word_h2_24.mp4  ...                  0.258103
1   word_h2_24.mp4  ...                  0.264423
2   word_h2_24.mp4  ...                  0.279606
3   word_h2_24.mp4  ...                  0.264055
4   word_h2_24.mp4  ...                  0.217378
..             ...  ...                       ...
64  word_h2_24.mp4  ...                  0.218468
65  word_h2_24.mp4  ...                  0.225478
66  word_h2_24.mp4  ...                  0.228923
67  word_h2_24.mp4  ...                  0.236866
68  word_h2_24.mp4  ...                  0.252377

[69 rows x 30 columns]
csv file with predictions was saved to ../output/predictions_rf_position_female_cropped_word_h2_24.csv
Loaded model: ../trained_models/model_rf_shape_female_cropped.pkl
Loaded video: ../stimuli/words/mp4/word_h2_24.mp4
Extracting coordinates...
          fn_video frame_number   x_face0  ...  y_r_hand20  z_r_hand20  v_r_hand20
0   word_h2_24.mp4            1  0.501336  ...    1.009708    0.016529         0.0
1   word_h2_24.mp4            2  0.501141  ...    0.975428    0.016199         0.0
2   word_h2_24.mp4            3  0.501062  ...    0.927218    0.018791         0.0
3   word_h2_24.mp4            4  0.500918  ...    0.891341    0.018939         0.0
4   word_h2_24.mp4            5  0.500821  ...    0.846616    0.032704         0.0
..             ...          ...       ...  ...         ...         ...         ...
64  word_h2_24.mp4           65  0.498571  ...    0.784317    0.011691         0.0
65  word_h2_24.mp4           66  0.498663  ...    0.793429    0.011109         0.0
66  word_h2_24.mp4           67  0.498720  ...    0.805399    0.009191         0.0
67  word_h2_24.mp4           68  0.498525  ...    0.816417    0.014118         0.0
68  word_h2_24.mp4           69  0.498987  ...    0.832235    0.017880         0.0

[69 rows x 1958 columns]
Extracting features...
Face width computed for normalizaiton 0.15866261555924127
Features saved to: ../output/word_h2_24_features.csv
          fn_video  ... distance_r_hand6_r_hand10
0   word_h2_24.mp4  ...                  0.258103
1   word_h2_24.mp4  ...                  0.264423
2   word_h2_24.mp4  ...                  0.279606
3   word_h2_24.mp4  ...                  0.264055
4   word_h2_24.mp4  ...                  0.217378
..             ...  ...                       ...
64  word_h2_24.mp4  ...                  0.218468
65  word_h2_24.mp4  ...                  0.225478
66  word_h2_24.mp4  ...                  0.228923
67  word_h2_24.mp4  ...                  0.236866
68  word_h2_24.mp4  ...                  0.252377

[69 rows x 30 columns]
csv file with predictions was saved to ../output/predictions_rf_shape_female_cropped_word_h2_24.csv
