python is /network/lustre/iss02/home/annahita.sarre/anaconda3/envs/myenv/bin/python
Loaded model: ../trained_models/model_rf_position_female_cropped.pkl
Loaded video: ../stimuli/words/mp4/word_l1_18.mp4
Extracting coordinates...
          fn_video frame_number   x_face0  ...  y_r_hand20  z_r_hand20  v_r_hand20
0   word_l1_18.mp4            3  0.499070  ...    1.047526    0.009838         0.0
1   word_l1_18.mp4            4  0.498795  ...    0.984758    0.009967         0.0
2   word_l1_18.mp4            5  0.499021  ...    0.959574    0.031192         0.0
3   word_l1_18.mp4            6  0.499327  ...    0.919080    0.041624         0.0
4   word_l1_18.mp4            7  0.498354  ...    0.888724    0.059913         0.0
..             ...          ...       ...  ...         ...         ...         ...
60  word_l1_18.mp4           63  0.500333  ...    0.617580   -0.021453         0.0
61  word_l1_18.mp4           64  0.500039  ...    0.620111   -0.014091         0.0
62  word_l1_18.mp4           65  0.499918  ...    0.625005   -0.015032         0.0
63  word_l1_18.mp4           66  0.499557  ...    0.639064    0.000726         0.0
64  word_l1_18.mp4           67  0.499894  ...    0.692579    0.013005         0.0

[65 rows x 1958 columns]
Extracting features...
Face width computed for normalizaiton 0.15493776949962015
Features saved to: ../output/word_l1_18_features.csv
          fn_video  ... distance_r_hand6_r_hand10
0   word_l1_18.mp4  ...                  0.156462
1   word_l1_18.mp4  ...                  0.194545
2   word_l1_18.mp4  ...                  0.210521
3   word_l1_18.mp4  ...                  0.216953
4   word_l1_18.mp4  ...                  0.204684
..             ...  ...                       ...
60  word_l1_18.mp4  ...                  0.263250
61  word_l1_18.mp4  ...                  0.189620
62  word_l1_18.mp4  ...                  0.200992
63  word_l1_18.mp4  ...                  0.181015
64  word_l1_18.mp4  ...                  0.170662

[65 rows x 30 columns]
csv file with predictions was saved to ../output/predictions_rf_position_female_cropped_word_l1_18.csv
Loaded model: ../trained_models/model_rf_shape_female_cropped.pkl
Loaded video: ../stimuli/words/mp4/word_l1_18.mp4
Extracting coordinates...
          fn_video frame_number   x_face0  ...  y_r_hand20  z_r_hand20  v_r_hand20
0   word_l1_18.mp4            3  0.499070  ...    1.047526    0.009838         0.0
1   word_l1_18.mp4            4  0.498795  ...    0.984758    0.009967         0.0
2   word_l1_18.mp4            5  0.499021  ...    0.959574    0.031192         0.0
3   word_l1_18.mp4            6  0.499327  ...    0.919080    0.041624         0.0
4   word_l1_18.mp4            7  0.498354  ...    0.888724    0.059913         0.0
..             ...          ...       ...  ...         ...         ...         ...
60  word_l1_18.mp4           63  0.500333  ...    0.617580   -0.021453         0.0
61  word_l1_18.mp4           64  0.500039  ...    0.620111   -0.014091         0.0
62  word_l1_18.mp4           65  0.499918  ...    0.625005   -0.015032         0.0
63  word_l1_18.mp4           66  0.499557  ...    0.639064    0.000726         0.0
64  word_l1_18.mp4           67  0.499894  ...    0.692579    0.013005         0.0

[65 rows x 1958 columns]
Extracting features...
Face width computed for normalizaiton 0.15493776949962015
Features saved to: ../output/word_l1_18_features.csv
          fn_video  ... distance_r_hand6_r_hand10
0   word_l1_18.mp4  ...                  0.156462
1   word_l1_18.mp4  ...                  0.194545
2   word_l1_18.mp4  ...                  0.210521
3   word_l1_18.mp4  ...                  0.216953
4   word_l1_18.mp4  ...                  0.204684
..             ...  ...                       ...
60  word_l1_18.mp4  ...                  0.263250
61  word_l1_18.mp4  ...                  0.189620
62  word_l1_18.mp4  ...                  0.200992
63  word_l1_18.mp4  ...                  0.181015
64  word_l1_18.mp4  ...                  0.170662

[65 rows x 30 columns]
csv file with predictions was saved to ../output/predictions_rf_shape_female_cropped_word_l1_18.csv
