python is /network/lustre/iss02/home/annahita.sarre/anaconda3/envs/myenv/bin/python
Loaded model: ../trained_models/model_rf_position_female_cropped.pkl
Loaded video: ../stimuli/words/mp4/word_l2_01.mp4
Extracting coordinates...
          fn_video frame_number   x_face0  ...  y_r_hand20  z_r_hand20  v_r_hand20
0   word_l2_01.mp4            1  0.487398  ...    0.959099    0.016726         0.0
1   word_l2_01.mp4            2  0.486853  ...    0.920284    0.024183         0.0
2   word_l2_01.mp4            3  0.486707  ...    0.897607    0.037080         0.0
3   word_l2_01.mp4            4  0.486267  ...    0.865355    0.045421         0.0
4   word_l2_01.mp4            5  0.485500  ...    0.852090    0.034840         0.0
5   word_l2_01.mp4            6  0.485206  ...    0.825677    0.037819         0.0
6   word_l2_01.mp4            7  0.484643  ...    0.812153    0.032188         0.0
7   word_l2_01.mp4            8  0.484662  ...    0.800818    0.036234         0.0
8   word_l2_01.mp4            9  0.484623  ...    0.785612    0.036598         0.0
9   word_l2_01.mp4           10  0.484713  ...    0.770854    0.021095         0.0
10  word_l2_01.mp4           11  0.484804  ...    0.754185    0.012423         0.0
11  word_l2_01.mp4           12  0.484886  ...    0.744279    0.006900         0.0
12  word_l2_01.mp4           13  0.484873  ...    0.726890   -0.000417         0.0
13  word_l2_01.mp4           14  0.484802  ...    0.721412    0.011630         0.0
14  word_l2_01.mp4           15  0.485014  ...    0.709188    0.014736         0.0
15  word_l2_01.mp4           16  0.485267  ...    0.694189    0.010415         0.0
16  word_l2_01.mp4           17  0.485264  ...    0.683336    0.013997         0.0
17  word_l2_01.mp4           18  0.485297  ...    0.670632    0.009606         0.0
18  word_l2_01.mp4           19  0.485467  ...    0.668058    0.007974         0.0
19  word_l2_01.mp4           20  0.485483  ...    0.664931    0.005776         0.0
20  word_l2_01.mp4           21  0.485577  ...    0.658141    0.007073         0.0
21  word_l2_01.mp4           22  0.485610  ...    0.660738    0.012194         0.0
22  word_l2_01.mp4           23  0.485722  ...    0.656239    0.016738         0.0
23  word_l2_01.mp4           24  0.485870  ...    0.649646    0.008281         0.0
24  word_l2_01.mp4           25  0.485515  ...    0.654296    0.017307         0.0
25  word_l2_01.mp4           26  0.486152  ...    0.653885    0.025818         0.0
26  word_l2_01.mp4           27  0.485918  ...    0.642824    0.026335         0.0
27  word_l2_01.mp4           28  0.486240  ...    0.639422    0.016649         0.0
28  word_l2_01.mp4           29  0.486033  ...    0.603158    0.015088         0.0
29  word_l2_01.mp4           30  0.486074  ...    0.562635   -0.019795         0.0
30  word_l2_01.mp4           31  0.485820  ...    0.548914   -0.031440         0.0
31  word_l2_01.mp4           32  0.485965  ...    0.546527   -0.027681         0.0
32  word_l2_01.mp4           33  0.485601  ...    0.542470   -0.030677         0.0
33  word_l2_01.mp4           34  0.485564  ...    0.544256   -0.025126         0.0
34  word_l2_01.mp4           35  0.485293  ...    0.544216   -0.030001         0.0
35  word_l2_01.mp4           36  0.485527  ...    0.543836   -0.023849         0.0
36  word_l2_01.mp4           37  0.486052  ...    0.542368   -0.026365         0.0
37  word_l2_01.mp4           38  0.485637  ...    0.542678   -0.024384         0.0
38  word_l2_01.mp4           39  0.485974  ...    0.542366   -0.027960         0.0
39  word_l2_01.mp4           40  0.485609  ...    0.542073   -0.025714         0.0
40  word_l2_01.mp4           41  0.485461  ...    0.542090   -0.025667         0.0
41  word_l2_01.mp4           42  0.485845  ...    0.541437   -0.023163         0.0
42  word_l2_01.mp4           43  0.485328  ...    0.543505   -0.025229         0.0
43  word_l2_01.mp4           44  0.485453  ...    0.543650   -0.024402         0.0
44  word_l2_01.mp4           45  0.485406  ...    0.544559   -0.028120         0.0
45  word_l2_01.mp4           46  0.485850  ...    0.545664   -0.025845         0.0
46  word_l2_01.mp4           47  0.485620  ...    0.546772   -0.025051         0.0
47  word_l2_01.mp4           48  0.485769  ...    0.549917   -0.029933         0.0
48  word_l2_01.mp4           49  0.485916  ...    0.554859   -0.031953         0.0
49  word_l2_01.mp4           50  0.485948  ...    0.567005   -0.018902         0.0
50  word_l2_01.mp4           51  0.486079  ...    0.602479    0.005262         0.0
51  word_l2_01.mp4           52  0.485880  ...    0.651650    0.005117         0.0

[52 rows x 1958 columns]
Extracting features...
Face width computed for normalizaiton 0.15341127566482898
Features saved to: ../output/word_l2_01_features.csv
          fn_video  ... distance_r_hand6_r_hand10
0   word_l2_01.mp4  ...                  0.228895
1   word_l2_01.mp4  ...                  0.214404
2   word_l2_01.mp4  ...                  0.195440
3   word_l2_01.mp4  ...                  0.205321
4   word_l2_01.mp4  ...                  0.204737
5   word_l2_01.mp4  ...                  0.194511
6   word_l2_01.mp4  ...                  0.188029
7   word_l2_01.mp4  ...                  0.180414
8   word_l2_01.mp4  ...                  0.176719
9   word_l2_01.mp4  ...                  0.165377
10  word_l2_01.mp4  ...                  0.162744
11  word_l2_01.mp4  ...                  0.150788
12  word_l2_01.mp4  ...                  0.155749
13  word_l2_01.mp4  ...                  0.151866
14  word_l2_01.mp4  ...                  0.149828
15  word_l2_01.mp4  ...                  0.145501
16  word_l2_01.mp4  ...                  0.152445
17  word_l2_01.mp4  ...                  0.171657
18  word_l2_01.mp4  ...                  0.170454
19  word_l2_01.mp4  ...                  0.172535
20  word_l2_01.mp4  ...                  0.174886
21  word_l2_01.mp4  ...                  0.188658
22  word_l2_01.mp4  ...                  0.206551
23  word_l2_01.mp4  ...                  0.213036
24  word_l2_01.mp4  ...                  0.227516
25  word_l2_01.mp4  ...                  0.231971
26  word_l2_01.mp4  ...                  0.242978
27  word_l2_01.mp4  ...                  0.234148
28  word_l2_01.mp4  ...                  0.218074
29  word_l2_01.mp4  ...                  0.202838
30  word_l2_01.mp4  ...                  0.209229
31  word_l2_01.mp4  ...                  0.172164
32  word_l2_01.mp4  ...                  0.170532
33  word_l2_01.mp4  ...                  0.178406
34  word_l2_01.mp4  ...                  0.182887
35  word_l2_01.mp4  ...                  0.175290
36  word_l2_01.mp4  ...                  0.171170
37  word_l2_01.mp4  ...                  0.168082
38  word_l2_01.mp4  ...                  0.171426
39  word_l2_01.mp4  ...                  0.175029
40  word_l2_01.mp4  ...                  0.176349
41  word_l2_01.mp4  ...                  0.178736
42  word_l2_01.mp4  ...                  0.183838
43  word_l2_01.mp4  ...                  0.186547
44  word_l2_01.mp4  ...                  0.174447
45  word_l2_01.mp4  ...                  0.182017
46  word_l2_01.mp4  ...                  0.177151
47  word_l2_01.mp4  ...                  0.175492
48  word_l2_01.mp4  ...                  0.177735
49  word_l2_01.mp4  ...                  0.156681
50  word_l2_01.mp4  ...                  0.170611
51  word_l2_01.mp4  ...                  0.173292

[52 rows x 30 columns]
csv file with predictions was saved to ../output/predictions_rf_position_female_cropped_word_l2_01.csv
Loaded model: ../trained_models/model_rf_shape_female_cropped.pkl
Loaded video: ../stimuli/words/mp4/word_l2_01.mp4
Extracting coordinates...
          fn_video frame_number   x_face0  ...  y_r_hand20  z_r_hand20  v_r_hand20
0   word_l2_01.mp4            1  0.487398  ...    0.959099    0.016726         0.0
1   word_l2_01.mp4            2  0.486853  ...    0.920284    0.024183         0.0
2   word_l2_01.mp4            3  0.486707  ...    0.897607    0.037080         0.0
3   word_l2_01.mp4            4  0.486267  ...    0.865355    0.045421         0.0
4   word_l2_01.mp4            5  0.485500  ...    0.852090    0.034840         0.0
5   word_l2_01.mp4            6  0.485206  ...    0.825677    0.037819         0.0
6   word_l2_01.mp4            7  0.484643  ...    0.812153    0.032188         0.0
7   word_l2_01.mp4            8  0.484662  ...    0.800818    0.036234         0.0
8   word_l2_01.mp4            9  0.484623  ...    0.785612    0.036598         0.0
9   word_l2_01.mp4           10  0.484713  ...    0.770854    0.021095         0.0
10  word_l2_01.mp4           11  0.484804  ...    0.754185    0.012423         0.0
11  word_l2_01.mp4           12  0.484886  ...    0.744279    0.006900         0.0
12  word_l2_01.mp4           13  0.484873  ...    0.726890   -0.000417         0.0
13  word_l2_01.mp4           14  0.484802  ...    0.721412    0.011630         0.0
14  word_l2_01.mp4           15  0.485014  ...    0.709188    0.014736         0.0
15  word_l2_01.mp4           16  0.485267  ...    0.694189    0.010415         0.0
16  word_l2_01.mp4           17  0.485264  ...    0.683336    0.013997         0.0
17  word_l2_01.mp4           18  0.485297  ...    0.670632    0.009606         0.0
18  word_l2_01.mp4           19  0.485467  ...    0.668058    0.007974         0.0
19  word_l2_01.mp4           20  0.485483  ...    0.664931    0.005776         0.0
20  word_l2_01.mp4           21  0.485577  ...    0.658141    0.007073         0.0
21  word_l2_01.mp4           22  0.485610  ...    0.660738    0.012194         0.0
22  word_l2_01.mp4           23  0.485722  ...    0.656239    0.016738         0.0
23  word_l2_01.mp4           24  0.485870  ...    0.649646    0.008281         0.0
24  word_l2_01.mp4           25  0.485515  ...    0.654296    0.017307         0.0
25  word_l2_01.mp4           26  0.486152  ...    0.653885    0.025818         0.0
26  word_l2_01.mp4           27  0.485918  ...    0.642824    0.026335         0.0
27  word_l2_01.mp4           28  0.486240  ...    0.639422    0.016649         0.0
28  word_l2_01.mp4           29  0.486033  ...    0.603158    0.015088         0.0
29  word_l2_01.mp4           30  0.486074  ...    0.562635   -0.019795         0.0
30  word_l2_01.mp4           31  0.485820  ...    0.548914   -0.031440         0.0
31  word_l2_01.mp4           32  0.485965  ...    0.546527   -0.027681         0.0
32  word_l2_01.mp4           33  0.485601  ...    0.542470   -0.030677         0.0
33  word_l2_01.mp4           34  0.485564  ...    0.544256   -0.025126         0.0
34  word_l2_01.mp4           35  0.485293  ...    0.544216   -0.030001         0.0
35  word_l2_01.mp4           36  0.485527  ...    0.543836   -0.023849         0.0
36  word_l2_01.mp4           37  0.486052  ...    0.542368   -0.026365         0.0
37  word_l2_01.mp4           38  0.485637  ...    0.542678   -0.024384         0.0
38  word_l2_01.mp4           39  0.485974  ...    0.542366   -0.027960         0.0
39  word_l2_01.mp4           40  0.485609  ...    0.542073   -0.025714         0.0
40  word_l2_01.mp4           41  0.485461  ...    0.542090   -0.025667         0.0
41  word_l2_01.mp4           42  0.485845  ...    0.541437   -0.023163         0.0
42  word_l2_01.mp4           43  0.485328  ...    0.543505   -0.025229         0.0
43  word_l2_01.mp4           44  0.485453  ...    0.543650   -0.024402         0.0
44  word_l2_01.mp4           45  0.485406  ...    0.544559   -0.028120         0.0
45  word_l2_01.mp4           46  0.485850  ...    0.545664   -0.025845         0.0
46  word_l2_01.mp4           47  0.485620  ...    0.546772   -0.025051         0.0
47  word_l2_01.mp4           48  0.485769  ...    0.549917   -0.029933         0.0
48  word_l2_01.mp4           49  0.485916  ...    0.554859   -0.031953         0.0
49  word_l2_01.mp4           50  0.485948  ...    0.567005   -0.018902         0.0
50  word_l2_01.mp4           51  0.486079  ...    0.602479    0.005262         0.0
51  word_l2_01.mp4           52  0.485880  ...    0.651650    0.005117         0.0

[52 rows x 1958 columns]
Extracting features...
Face width computed for normalizaiton 0.15341127566482898
Features saved to: ../output/word_l2_01_features.csv
          fn_video  ... distance_r_hand6_r_hand10
0   word_l2_01.mp4  ...                  0.228895
1   word_l2_01.mp4  ...                  0.214404
2   word_l2_01.mp4  ...                  0.195440
3   word_l2_01.mp4  ...                  0.205321
4   word_l2_01.mp4  ...                  0.204737
5   word_l2_01.mp4  ...                  0.194511
6   word_l2_01.mp4  ...                  0.188029
7   word_l2_01.mp4  ...                  0.180414
8   word_l2_01.mp4  ...                  0.176719
9   word_l2_01.mp4  ...                  0.165377
10  word_l2_01.mp4  ...                  0.162744
11  word_l2_01.mp4  ...                  0.150788
12  word_l2_01.mp4  ...                  0.155749
13  word_l2_01.mp4  ...                  0.151866
14  word_l2_01.mp4  ...                  0.149828
15  word_l2_01.mp4  ...                  0.145501
16  word_l2_01.mp4  ...                  0.152445
17  word_l2_01.mp4  ...                  0.171657
18  word_l2_01.mp4  ...                  0.170454
19  word_l2_01.mp4  ...                  0.172535
20  word_l2_01.mp4  ...                  0.174886
21  word_l2_01.mp4  ...                  0.188658
22  word_l2_01.mp4  ...                  0.206551
23  word_l2_01.mp4  ...                  0.213036
24  word_l2_01.mp4  ...                  0.227516
25  word_l2_01.mp4  ...                  0.231971
26  word_l2_01.mp4  ...                  0.242978
27  word_l2_01.mp4  ...                  0.234148
28  word_l2_01.mp4  ...                  0.218074
29  word_l2_01.mp4  ...                  0.202838
30  word_l2_01.mp4  ...                  0.209229
31  word_l2_01.mp4  ...                  0.172164
32  word_l2_01.mp4  ...                  0.170532
33  word_l2_01.mp4  ...                  0.178406
34  word_l2_01.mp4  ...                  0.182887
35  word_l2_01.mp4  ...                  0.175290
36  word_l2_01.mp4  ...                  0.171170
37  word_l2_01.mp4  ...                  0.168082
38  word_l2_01.mp4  ...                  0.171426
39  word_l2_01.mp4  ...                  0.175029
40  word_l2_01.mp4  ...                  0.176349
41  word_l2_01.mp4  ...                  0.178736
42  word_l2_01.mp4  ...                  0.183838
43  word_l2_01.mp4  ...                  0.186547
44  word_l2_01.mp4  ...                  0.174447
45  word_l2_01.mp4  ...                  0.182017
46  word_l2_01.mp4  ...                  0.177151
47  word_l2_01.mp4  ...                  0.175492
48  word_l2_01.mp4  ...                  0.177735
49  word_l2_01.mp4  ...                  0.156681
50  word_l2_01.mp4  ...                  0.170611
51  word_l2_01.mp4  ...                  0.173292

[52 rows x 30 columns]
csv file with predictions was saved to ../output/predictions_rf_shape_female_cropped_word_l2_01.csv
