python is /network/lustre/iss02/home/annahita.sarre/anaconda3/envs/myenv/bin/python
Loaded model: ../trained_models/model_rf_position_female_cropped.pkl
Loaded video: ../stimuli/words/mp4/word_h0_18.mp4
Extracting coordinates...
          fn_video frame_number   x_face0  ...  y_r_hand20  z_r_hand20  v_r_hand20
0   word_h0_18.mp4            4  0.496121  ...    0.891564    0.014219         0.0
1   word_h0_18.mp4            5  0.495726  ...    0.842604    0.017449         0.0
2   word_h0_18.mp4            6  0.495834  ...    0.802478    0.016435         0.0
3   word_h0_18.mp4            7  0.495386  ...    0.761313    0.007297         0.0
4   word_h0_18.mp4            8  0.495327  ...    0.731797    0.000590         0.0
..             ...          ...       ...  ...         ...         ...         ...
67  word_h0_18.mp4           71  0.498846  ...    0.885978    0.034945         0.0
68  word_h0_18.mp4           72  0.498265  ...    0.903076    0.027355         0.0
69  word_h0_18.mp4           73  0.497869  ...    0.917255    0.019262         0.0
70  word_h0_18.mp4           74  0.497282  ...    0.935172    0.016288         0.0
71  word_h0_18.mp4           75  0.496727  ...    0.952960    0.018763         0.0

[72 rows x 1958 columns]
Extracting features...
Face width computed for normalizaiton 0.16108071964496873
Features saved to: ../output/word_h0_18_features.csv
          fn_video  ... distance_r_hand6_r_hand10
0   word_h0_18.mp4  ...                  0.236395
1   word_h0_18.mp4  ...                  0.196666
2   word_h0_18.mp4  ...                  0.173744
3   word_h0_18.mp4  ...                  0.159592
4   word_h0_18.mp4  ...                  0.168139
..             ...  ...                       ...
67  word_h0_18.mp4  ...                  0.200284
68  word_h0_18.mp4  ...                  0.196214
69  word_h0_18.mp4  ...                  0.194123
70  word_h0_18.mp4  ...                  0.187497
71  word_h0_18.mp4  ...                  0.188436

[72 rows x 30 columns]
csv file with predictions was saved to ../output/predictions_rf_position_female_cropped_word_h0_18.csv
Loaded model: ../trained_models/model_rf_shape_female_cropped.pkl
Loaded video: ../stimuli/words/mp4/word_h0_18.mp4
Extracting coordinates...
          fn_video frame_number   x_face0  ...  y_r_hand20  z_r_hand20  v_r_hand20
0   word_h0_18.mp4            4  0.496121  ...    0.891564    0.014219         0.0
1   word_h0_18.mp4            5  0.495726  ...    0.842604    0.017449         0.0
2   word_h0_18.mp4            6  0.495834  ...    0.802478    0.016435         0.0
3   word_h0_18.mp4            7  0.495386  ...    0.761313    0.007297         0.0
4   word_h0_18.mp4            8  0.495327  ...    0.731797    0.000590         0.0
..             ...          ...       ...  ...         ...         ...         ...
67  word_h0_18.mp4           71  0.498846  ...    0.885978    0.034945         0.0
68  word_h0_18.mp4           72  0.498265  ...    0.903076    0.027355         0.0
69  word_h0_18.mp4           73  0.497869  ...    0.917255    0.019262         0.0
70  word_h0_18.mp4           74  0.497282  ...    0.935172    0.016288         0.0
71  word_h0_18.mp4           75  0.496727  ...    0.952960    0.018763         0.0

[72 rows x 1958 columns]
Extracting features...
Face width computed for normalizaiton 0.16108071964496873
Features saved to: ../output/word_h0_18_features.csv
          fn_video  ... distance_r_hand6_r_hand10
0   word_h0_18.mp4  ...                  0.236395
1   word_h0_18.mp4  ...                  0.196666
2   word_h0_18.mp4  ...                  0.173744
3   word_h0_18.mp4  ...                  0.159592
4   word_h0_18.mp4  ...                  0.168139
..             ...  ...                       ...
67  word_h0_18.mp4  ...                  0.200284
68  word_h0_18.mp4  ...                  0.196214
69  word_h0_18.mp4  ...                  0.194123
70  word_h0_18.mp4  ...                  0.187497
71  word_h0_18.mp4  ...                  0.188436

[72 rows x 30 columns]
csv file with predictions was saved to ../output/predictions_rf_shape_female_cropped_word_h0_18.csv
