python is /network/lustre/iss02/home/annahita.sarre/anaconda3/envs/myenv/bin/python
Loaded model: ../trained_models/model_rf_position_female_cropped.pkl
Loaded video: ../stimuli/words/mp4/word_l1_04_pseudo.mp4
Extracting coordinates...
                 fn_video frame_number  ...  z_r_hand20  v_r_hand20
0   word_l1_04_pseudo.mp4            9  ...    0.046755         0.0
1   word_l1_04_pseudo.mp4           10  ...    0.047577         0.0
2   word_l1_04_pseudo.mp4           11  ...    0.038431         0.0
3   word_l1_04_pseudo.mp4           12  ...    0.048069         0.0
4   word_l1_04_pseudo.mp4           13  ...    0.076295         0.0
..                    ...          ...  ...         ...         ...
57  word_l1_04_pseudo.mp4           66  ...    0.013549         0.0
58  word_l1_04_pseudo.mp4           67  ...    0.015123         0.0
59  word_l1_04_pseudo.mp4           68  ...    0.020675         0.0
60  word_l1_04_pseudo.mp4           69  ...    0.020108         0.0
61  word_l1_04_pseudo.mp4           70  ...    0.028486         0.0

[62 rows x 1958 columns]
Extracting features...
Face width computed for normalizaiton 0.16232408096183454
Features saved to: ../output/word_l1_04_pseudo_features.csv
                 fn_video  ... distance_r_hand6_r_hand10
0   word_l1_04_pseudo.mp4  ...                  0.229074
1   word_l1_04_pseudo.mp4  ...                  0.194081
2   word_l1_04_pseudo.mp4  ...                  0.186592
3   word_l1_04_pseudo.mp4  ...                  0.176979
4   word_l1_04_pseudo.mp4  ...                  0.153963
..                    ...  ...                       ...
57  word_l1_04_pseudo.mp4  ...                  0.200437
58  word_l1_04_pseudo.mp4  ...                  0.196800
59  word_l1_04_pseudo.mp4  ...                  0.202890
60  word_l1_04_pseudo.mp4  ...                  0.203741
61  word_l1_04_pseudo.mp4  ...                  0.179053

[62 rows x 30 columns]
csv file with predictions was saved to ../output/predictions_rf_position_female_cropped_word_l1_04_pseudo.csv
Loaded model: ../trained_models/model_rf_shape_female_cropped.pkl
Loaded video: ../stimuli/words/mp4/word_l1_04_pseudo.mp4
Extracting coordinates...
                 fn_video frame_number  ...  z_r_hand20  v_r_hand20
0   word_l1_04_pseudo.mp4            9  ...    0.046755         0.0
1   word_l1_04_pseudo.mp4           10  ...    0.047577         0.0
2   word_l1_04_pseudo.mp4           11  ...    0.038431         0.0
3   word_l1_04_pseudo.mp4           12  ...    0.048069         0.0
4   word_l1_04_pseudo.mp4           13  ...    0.076295         0.0
..                    ...          ...  ...         ...         ...
57  word_l1_04_pseudo.mp4           66  ...    0.013549         0.0
58  word_l1_04_pseudo.mp4           67  ...    0.015123         0.0
59  word_l1_04_pseudo.mp4           68  ...    0.020675         0.0
60  word_l1_04_pseudo.mp4           69  ...    0.020108         0.0
61  word_l1_04_pseudo.mp4           70  ...    0.028486         0.0

[62 rows x 1958 columns]
Extracting features...
Face width computed for normalizaiton 0.16232408096183454
Features saved to: ../output/word_l1_04_pseudo_features.csv
                 fn_video  ... distance_r_hand6_r_hand10
0   word_l1_04_pseudo.mp4  ...                  0.229074
1   word_l1_04_pseudo.mp4  ...                  0.194081
2   word_l1_04_pseudo.mp4  ...                  0.186592
3   word_l1_04_pseudo.mp4  ...                  0.176979
4   word_l1_04_pseudo.mp4  ...                  0.153963
..                    ...  ...                       ...
57  word_l1_04_pseudo.mp4  ...                  0.200437
58  word_l1_04_pseudo.mp4  ...                  0.196800
59  word_l1_04_pseudo.mp4  ...                  0.202890
60  word_l1_04_pseudo.mp4  ...                  0.203741
61  word_l1_04_pseudo.mp4  ...                  0.179053

[62 rows x 30 columns]
csv file with predictions was saved to ../output/predictions_rf_shape_female_cropped_word_l1_04_pseudo.csv
