python is /network/lustre/iss02/home/annahita.sarre/anaconda3/envs/myenv/bin/python
Loaded model: ../trained_models/model_rf_position_female_cropped.pkl
Loaded video: ../stimuli/words/mp4/word_h2_02.mp4
Extracting coordinates...
          fn_video frame_number   x_face0  ...  y_r_hand20  z_r_hand20  v_r_hand20
0   word_h2_02.mp4            1  0.502050  ...    0.986298    0.033884         0.0
1   word_h2_02.mp4            2  0.501644  ...    0.950366    0.054211         0.0
2   word_h2_02.mp4            3  0.501515  ...    0.923116    0.023815         0.0
3   word_h2_02.mp4            4  0.501556  ...    0.907098    0.010838         0.0
4   word_h2_02.mp4            5  0.501214  ...    0.896963    0.005160         0.0
..             ...          ...       ...  ...         ...         ...         ...
61  word_h2_02.mp4           62  0.499806  ...    0.615378   -0.033285         0.0
62  word_h2_02.mp4           63  0.499437  ...    0.617127   -0.034082         0.0
63  word_h2_02.mp4           64  0.499959  ...    0.623271   -0.027136         0.0
64  word_h2_02.mp4           65  0.499443  ...    0.634028   -0.020390         0.0
65  word_h2_02.mp4           66  0.499486  ...    0.659395    0.001349         0.0

[66 rows x 1958 columns]
Extracting features...
Face width computed for normalizaiton 0.1618518750224613
Features saved to: ../output/word_h2_02_features.csv
          fn_video  ... distance_r_hand6_r_hand10
0   word_h2_02.mp4  ...                  0.229656
1   word_h2_02.mp4  ...                  0.250776
2   word_h2_02.mp4  ...                  0.230845
3   word_h2_02.mp4  ...                  0.207788
4   word_h2_02.mp4  ...                  0.198729
..             ...  ...                       ...
61  word_h2_02.mp4  ...                  0.163345
62  word_h2_02.mp4  ...                  0.160910
63  word_h2_02.mp4  ...                  0.175191
64  word_h2_02.mp4  ...                  0.170610
65  word_h2_02.mp4  ...                  0.163340

[66 rows x 30 columns]
csv file with predictions was saved to ../output/predictions_rf_position_female_cropped_word_h2_02.csv
Loaded model: ../trained_models/model_rf_shape_female_cropped.pkl
Loaded video: ../stimuli/words/mp4/word_h2_02.mp4
Extracting coordinates...
          fn_video frame_number   x_face0  ...  y_r_hand20  z_r_hand20  v_r_hand20
0   word_h2_02.mp4            1  0.502050  ...    0.986298    0.033884         0.0
1   word_h2_02.mp4            2  0.501644  ...    0.950366    0.054211         0.0
2   word_h2_02.mp4            3  0.501515  ...    0.923116    0.023815         0.0
3   word_h2_02.mp4            4  0.501556  ...    0.907098    0.010838         0.0
4   word_h2_02.mp4            5  0.501214  ...    0.896963    0.005160         0.0
..             ...          ...       ...  ...         ...         ...         ...
61  word_h2_02.mp4           62  0.499806  ...    0.615378   -0.033285         0.0
62  word_h2_02.mp4           63  0.499437  ...    0.617127   -0.034082         0.0
63  word_h2_02.mp4           64  0.499959  ...    0.623271   -0.027136         0.0
64  word_h2_02.mp4           65  0.499443  ...    0.634028   -0.020390         0.0
65  word_h2_02.mp4           66  0.499486  ...    0.659395    0.001349         0.0

[66 rows x 1958 columns]
Extracting features...
Face width computed for normalizaiton 0.1618518750224613
Features saved to: ../output/word_h2_02_features.csv
          fn_video  ... distance_r_hand6_r_hand10
0   word_h2_02.mp4  ...                  0.229656
1   word_h2_02.mp4  ...                  0.250776
2   word_h2_02.mp4  ...                  0.230845
3   word_h2_02.mp4  ...                  0.207788
4   word_h2_02.mp4  ...                  0.198729
..             ...  ...                       ...
61  word_h2_02.mp4  ...                  0.163345
62  word_h2_02.mp4  ...                  0.160910
63  word_h2_02.mp4  ...                  0.175191
64  word_h2_02.mp4  ...                  0.170610
65  word_h2_02.mp4  ...                  0.163340

[66 rows x 30 columns]
csv file with predictions was saved to ../output/predictions_rf_shape_female_cropped_word_h2_02.csv
