python is /network/lustre/iss02/home/annahita.sarre/anaconda3/envs/myenv/bin/python
Loaded model: ../trained_models/model_rf_position_female_cropped.pkl
Loaded video: ../stimuli/words/mp4/word_h0_07.mp4
Extracting coordinates...
          fn_video frame_number   x_face0  ...  y_r_hand20  z_r_hand20  v_r_hand20
0   word_h0_07.mp4            3  0.496720  ...    1.039295    0.018520         0.0
1   word_h0_07.mp4            4  0.496728  ...    0.983082    0.026713         0.0
2   word_h0_07.mp4            5  0.496670  ...    0.953880    0.019708         0.0
3   word_h0_07.mp4            6  0.495612  ...    0.921511    0.012250         0.0
4   word_h0_07.mp4            7  0.495319  ...    0.904464    0.017530         0.0
..             ...          ...       ...  ...         ...         ...         ...
63  word_h0_07.mp4           66  0.495229  ...    0.838897    0.046012         0.0
64  word_h0_07.mp4           67  0.494805  ...    0.851156    0.050720         0.0
65  word_h0_07.mp4           68  0.495563  ...    0.865358    0.035103         0.0
66  word_h0_07.mp4           69  0.496384  ...    0.900204    0.055224         0.0
67  word_h0_07.mp4           70  0.497169  ...    0.941592    0.100447         0.0

[68 rows x 1958 columns]
Extracting features...
Face width computed for normalizaiton 0.161222982623133
Features saved to: ../output/word_h0_07_features.csv
          fn_video  ... distance_r_hand6_r_hand10
0   word_h0_07.mp4  ...                  0.285591
1   word_h0_07.mp4  ...                  0.273284
2   word_h0_07.mp4  ...                  0.296753
3   word_h0_07.mp4  ...                  0.305804
4   word_h0_07.mp4  ...                  0.327029
..             ...  ...                       ...
63  word_h0_07.mp4  ...                  0.202077
64  word_h0_07.mp4  ...                  0.193765
65  word_h0_07.mp4  ...                  0.182930
66  word_h0_07.mp4  ...                  0.182306
67  word_h0_07.mp4  ...                  0.198768

[68 rows x 30 columns]
csv file with predictions was saved to ../output/predictions_rf_position_female_cropped_word_h0_07.csv
Loaded model: ../trained_models/model_rf_shape_female_cropped.pkl
Loaded video: ../stimuli/words/mp4/word_h0_07.mp4
Extracting coordinates...
          fn_video frame_number   x_face0  ...  y_r_hand20  z_r_hand20  v_r_hand20
0   word_h0_07.mp4            3  0.496720  ...    1.039295    0.018520         0.0
1   word_h0_07.mp4            4  0.496728  ...    0.983082    0.026713         0.0
2   word_h0_07.mp4            5  0.496670  ...    0.953880    0.019708         0.0
3   word_h0_07.mp4            6  0.495612  ...    0.921511    0.012250         0.0
4   word_h0_07.mp4            7  0.495319  ...    0.904464    0.017530         0.0
..             ...          ...       ...  ...         ...         ...         ...
63  word_h0_07.mp4           66  0.495229  ...    0.838897    0.046012         0.0
64  word_h0_07.mp4           67  0.494805  ...    0.851156    0.050720         0.0
65  word_h0_07.mp4           68  0.495563  ...    0.865358    0.035103         0.0
66  word_h0_07.mp4           69  0.496384  ...    0.900204    0.055224         0.0
67  word_h0_07.mp4           70  0.497169  ...    0.941592    0.100447         0.0

[68 rows x 1958 columns]
Extracting features...
Face width computed for normalizaiton 0.161222982623133
Features saved to: ../output/word_h0_07_features.csv
          fn_video  ... distance_r_hand6_r_hand10
0   word_h0_07.mp4  ...                  0.285591
1   word_h0_07.mp4  ...                  0.273284
2   word_h0_07.mp4  ...                  0.296753
3   word_h0_07.mp4  ...                  0.305804
4   word_h0_07.mp4  ...                  0.327029
..             ...  ...                       ...
63  word_h0_07.mp4  ...                  0.202077
64  word_h0_07.mp4  ...                  0.193765
65  word_h0_07.mp4  ...                  0.182930
66  word_h0_07.mp4  ...                  0.182306
67  word_h0_07.mp4  ...                  0.198768

[68 rows x 30 columns]
csv file with predictions was saved to ../output/predictions_rf_shape_female_cropped_word_h0_07.csv
