python is /network/lustre/iss02/home/annahita.sarre/anaconda3/envs/myenv/bin/python
Loaded model: ../trained_models/model_rf_position_female_cropped.pkl
Loaded video: ../stimuli/words/mp4/word_l0_21.mp4
Extracting coordinates...
          fn_video frame_number   x_face0  ...  y_r_hand20  z_r_hand20  v_r_hand20
0   word_l0_21.mp4            3  0.491822  ...    0.987808    0.049899         0.0
1   word_l0_21.mp4            4  0.491156  ...    0.979777    0.070080         0.0
2   word_l0_21.mp4            5  0.490989  ...    0.947242    0.032472         0.0
3   word_l0_21.mp4            6  0.490712  ...    0.913297    0.016454         0.0
4   word_l0_21.mp4            7  0.490649  ...    0.897221    0.036494         0.0
..             ...          ...       ...  ...         ...         ...         ...
74  word_l0_21.mp4           77  0.489781  ...    0.697852    0.023296         0.0
75  word_l0_21.mp4           78  0.488820  ...    0.718336    0.020005         0.0
76  word_l0_21.mp4           79  0.488531  ...    0.741784    0.015786         0.0
77  word_l0_21.mp4           80  0.488848  ...    0.764353    0.015259         0.0
78  word_l0_21.mp4           81  0.488630  ...    0.790095    0.014771         0.0

[79 rows x 1958 columns]
Extracting features...
Face width computed for normalizaiton 0.1572765265058314
Features saved to: ../output/word_l0_21_features.csv
          fn_video  ... distance_r_hand6_r_hand10
0   word_l0_21.mp4  ...                  0.160237
1   word_l0_21.mp4  ...                  0.219833
2   word_l0_21.mp4  ...                  0.229069
3   word_l0_21.mp4  ...                  0.208235
4   word_l0_21.mp4  ...                  0.193610
..             ...  ...                       ...
74  word_l0_21.mp4  ...                  0.195024
75  word_l0_21.mp4  ...                  0.197202
76  word_l0_21.mp4  ...                  0.204494
77  word_l0_21.mp4  ...                  0.206948
78  word_l0_21.mp4  ...                  0.201856

[79 rows x 30 columns]
csv file with predictions was saved to ../output/predictions_rf_position_female_cropped_word_l0_21.csv
Loaded model: ../trained_models/model_rf_shape_female_cropped.pkl
Loaded video: ../stimuli/words/mp4/word_l0_21.mp4
Extracting coordinates...
          fn_video frame_number   x_face0  ...  y_r_hand20  z_r_hand20  v_r_hand20
0   word_l0_21.mp4            3  0.491822  ...    0.987808    0.049899         0.0
1   word_l0_21.mp4            4  0.491156  ...    0.979777    0.070080         0.0
2   word_l0_21.mp4            5  0.490989  ...    0.947242    0.032472         0.0
3   word_l0_21.mp4            6  0.490712  ...    0.913297    0.016454         0.0
4   word_l0_21.mp4            7  0.490649  ...    0.897221    0.036494         0.0
..             ...          ...       ...  ...         ...         ...         ...
74  word_l0_21.mp4           77  0.489781  ...    0.697852    0.023296         0.0
75  word_l0_21.mp4           78  0.488820  ...    0.718336    0.020005         0.0
76  word_l0_21.mp4           79  0.488531  ...    0.741784    0.015786         0.0
77  word_l0_21.mp4           80  0.488848  ...    0.764353    0.015259         0.0
78  word_l0_21.mp4           81  0.488630  ...    0.790095    0.014771         0.0

[79 rows x 1958 columns]
Extracting features...
Face width computed for normalizaiton 0.1572765265058314
Features saved to: ../output/word_l0_21_features.csv
          fn_video  ... distance_r_hand6_r_hand10
0   word_l0_21.mp4  ...                  0.160237
1   word_l0_21.mp4  ...                  0.219833
2   word_l0_21.mp4  ...                  0.229069
3   word_l0_21.mp4  ...                  0.208235
4   word_l0_21.mp4  ...                  0.193610
..             ...  ...                       ...
74  word_l0_21.mp4  ...                  0.195024
75  word_l0_21.mp4  ...                  0.197202
76  word_l0_21.mp4  ...                  0.204494
77  word_l0_21.mp4  ...                  0.206948
78  word_l0_21.mp4  ...                  0.201856

[79 rows x 30 columns]
csv file with predictions was saved to ../output/predictions_rf_shape_female_cropped_word_l0_21.csv
