python is /network/lustre/iss02/home/annahita.sarre/anaconda3/envs/myenv/bin/python
Loaded model: ../trained_models/model_rf_position_female_cropped.pkl
Loaded video: ../stimuli/words/mp4/word_h1_16.mp4
Extracting coordinates...
          fn_video frame_number   x_face0  ...  y_r_hand20  z_r_hand20  v_r_hand20
0   word_h1_16.mp4            1  0.504938  ...    0.925306    0.016337         0.0
1   word_h1_16.mp4            2  0.504581  ...    0.867354    0.029833         0.0
2   word_h1_16.mp4            3  0.504543  ...    0.846615    0.020609         0.0
3   word_h1_16.mp4            4  0.504621  ...    0.828692    0.025711         0.0
4   word_h1_16.mp4            5  0.504313  ...    0.806928    0.021850         0.0
..             ...          ...       ...  ...         ...         ...         ...
76  word_h1_16.mp4           77  0.500333  ...    0.633547   -0.022632         0.0
77  word_h1_16.mp4           78  0.500720  ...    0.633327   -0.020556         0.0
78  word_h1_16.mp4           79  0.500861  ...    0.636472   -0.016532         0.0
79  word_h1_16.mp4           80  0.501064  ...    0.643081   -0.017224         0.0
80  word_h1_16.mp4           81  0.500950  ...    0.652478    0.000840         0.0

[81 rows x 1958 columns]
Extracting features...
Face width computed for normalizaiton 0.16063536077169788
Features saved to: ../output/word_h1_16_features.csv
          fn_video  ... distance_r_hand6_r_hand10
0   word_h1_16.mp4  ...                  0.286402
1   word_h1_16.mp4  ...                  0.235933
2   word_h1_16.mp4  ...                  0.261837
3   word_h1_16.mp4  ...                  0.296060
4   word_h1_16.mp4  ...                  0.310366
..             ...  ...                       ...
76  word_h1_16.mp4  ...                  0.161691
77  word_h1_16.mp4  ...                  0.158450
78  word_h1_16.mp4  ...                  0.157884
79  word_h1_16.mp4  ...                  0.176458
80  word_h1_16.mp4  ...                  0.160968

[81 rows x 30 columns]
csv file with predictions was saved to ../output/predictions_rf_position_female_cropped_word_h1_16.csv
Loaded model: ../trained_models/model_rf_shape_female_cropped.pkl
Loaded video: ../stimuli/words/mp4/word_h1_16.mp4
Extracting coordinates...
          fn_video frame_number   x_face0  ...  y_r_hand20  z_r_hand20  v_r_hand20
0   word_h1_16.mp4            1  0.504938  ...    0.925306    0.016337         0.0
1   word_h1_16.mp4            2  0.504581  ...    0.867354    0.029833         0.0
2   word_h1_16.mp4            3  0.504543  ...    0.846615    0.020609         0.0
3   word_h1_16.mp4            4  0.504621  ...    0.828692    0.025711         0.0
4   word_h1_16.mp4            5  0.504313  ...    0.806928    0.021850         0.0
..             ...          ...       ...  ...         ...         ...         ...
76  word_h1_16.mp4           77  0.500333  ...    0.633547   -0.022632         0.0
77  word_h1_16.mp4           78  0.500720  ...    0.633327   -0.020556         0.0
78  word_h1_16.mp4           79  0.500861  ...    0.636472   -0.016532         0.0
79  word_h1_16.mp4           80  0.501064  ...    0.643081   -0.017224         0.0
80  word_h1_16.mp4           81  0.500950  ...    0.652478    0.000840         0.0

[81 rows x 1958 columns]
Extracting features...
Face width computed for normalizaiton 0.16063536077169788
Features saved to: ../output/word_h1_16_features.csv
          fn_video  ... distance_r_hand6_r_hand10
0   word_h1_16.mp4  ...                  0.286402
1   word_h1_16.mp4  ...                  0.235933
2   word_h1_16.mp4  ...                  0.261837
3   word_h1_16.mp4  ...                  0.296060
4   word_h1_16.mp4  ...                  0.310366
..             ...  ...                       ...
76  word_h1_16.mp4  ...                  0.161691
77  word_h1_16.mp4  ...                  0.158450
78  word_h1_16.mp4  ...                  0.157884
79  word_h1_16.mp4  ...                  0.176458
80  word_h1_16.mp4  ...                  0.160968

[81 rows x 30 columns]
csv file with predictions was saved to ../output/predictions_rf_shape_female_cropped_word_h1_16.csv
