python is /network/lustre/iss02/home/annahita.sarre/anaconda3/envs/myenv/bin/python
Loaded model: ../trained_models/model_rf_position_female_cropped.pkl
Loaded video: ../stimuli/words/mp4/word_h2_30.mp4
Extracting coordinates...
          fn_video frame_number   x_face0  ...  y_r_hand20  z_r_hand20  v_r_hand20
0   word_h2_30.mp4            1  0.506451  ...    0.991737    0.075092         0.0
1   word_h2_30.mp4            2  0.506614  ...    0.981691    0.033971         0.0
2   word_h2_30.mp4            3  0.506628  ...    0.954873    0.048124         0.0
3   word_h2_30.mp4            4  0.506393  ...    0.927234    0.028364         0.0
4   word_h2_30.mp4            5  0.506980  ...    0.897097    0.049350         0.0
..             ...          ...       ...  ...         ...         ...         ...
59  word_h2_30.mp4           60  0.499091  ...    0.695637    0.009368         0.0
60  word_h2_30.mp4           61  0.499228  ...    0.731780    0.013352         0.0
61  word_h2_30.mp4           62  0.498943  ...    0.764571    0.004631         0.0
62  word_h2_30.mp4           63  0.499076  ...    0.777189    0.008413         0.0
63  word_h2_30.mp4           64  0.499234  ...    0.804715    0.015144         0.0

[64 rows x 1958 columns]
Extracting features...
Face width computed for normalizaiton 0.16207477165565537
Features saved to: ../output/word_h2_30_features.csv
          fn_video  ... distance_r_hand6_r_hand10
0   word_h2_30.mp4  ...                  0.183143
1   word_h2_30.mp4  ...                  0.204939
2   word_h2_30.mp4  ...                  0.215246
3   word_h2_30.mp4  ...                  0.197796
4   word_h2_30.mp4  ...                  0.192354
..             ...  ...                       ...
59  word_h2_30.mp4  ...                  0.180468
60  word_h2_30.mp4  ...                  0.181629
61  word_h2_30.mp4  ...                  0.176394
62  word_h2_30.mp4  ...                  0.189593
63  word_h2_30.mp4  ...                  0.202229

[64 rows x 30 columns]
csv file with predictions was saved to ../output/predictions_rf_position_female_cropped_word_h2_30.csv
Loaded model: ../trained_models/model_rf_shape_female_cropped.pkl
Loaded video: ../stimuli/words/mp4/word_h2_30.mp4
Extracting coordinates...
          fn_video frame_number   x_face0  ...  y_r_hand20  z_r_hand20  v_r_hand20
0   word_h2_30.mp4            1  0.506451  ...    0.991737    0.075092         0.0
1   word_h2_30.mp4            2  0.506614  ...    0.981691    0.033971         0.0
2   word_h2_30.mp4            3  0.506628  ...    0.954873    0.048124         0.0
3   word_h2_30.mp4            4  0.506393  ...    0.927234    0.028364         0.0
4   word_h2_30.mp4            5  0.506980  ...    0.897097    0.049350         0.0
..             ...          ...       ...  ...         ...         ...         ...
59  word_h2_30.mp4           60  0.499091  ...    0.695637    0.009368         0.0
60  word_h2_30.mp4           61  0.499228  ...    0.731780    0.013352         0.0
61  word_h2_30.mp4           62  0.498943  ...    0.764571    0.004631         0.0
62  word_h2_30.mp4           63  0.499076  ...    0.777189    0.008413         0.0
63  word_h2_30.mp4           64  0.499234  ...    0.804715    0.015144         0.0

[64 rows x 1958 columns]
Extracting features...
Face width computed for normalizaiton 0.16207477165565537
Features saved to: ../output/word_h2_30_features.csv
          fn_video  ... distance_r_hand6_r_hand10
0   word_h2_30.mp4  ...                  0.183143
1   word_h2_30.mp4  ...                  0.204939
2   word_h2_30.mp4  ...                  0.215246
3   word_h2_30.mp4  ...                  0.197796
4   word_h2_30.mp4  ...                  0.192354
..             ...  ...                       ...
59  word_h2_30.mp4  ...                  0.180468
60  word_h2_30.mp4  ...                  0.181629
61  word_h2_30.mp4  ...                  0.176394
62  word_h2_30.mp4  ...                  0.189593
63  word_h2_30.mp4  ...                  0.202229

[64 rows x 30 columns]
csv file with predictions was saved to ../output/predictions_rf_shape_female_cropped_word_h2_30.csv
