python is /network/lustre/iss02/home/annahita.sarre/anaconda3/envs/myenv/bin/python
Loaded model: ../trained_models/model_rf_position_female_cropped.pkl
Loaded video: ../stimuli/words/mp4/word_h2_33.mp4
Extracting coordinates...
          fn_video frame_number   x_face0  ...  y_r_hand20  z_r_hand20  v_r_hand20
0   word_h2_33.mp4            1  0.499944  ...    0.975199    0.004629         0.0
1   word_h2_33.mp4            2  0.500655  ...    0.916507    0.017961         0.0
2   word_h2_33.mp4            3  0.500352  ...    0.884780    0.045029         0.0
3   word_h2_33.mp4            4  0.500022  ...    0.848606    0.022418         0.0
4   word_h2_33.mp4            5  0.500101  ...    0.818656    0.037555         0.0
5   word_h2_33.mp4            6  0.500038  ...    0.784790    0.024574         0.0
6   word_h2_33.mp4            7  0.500029  ...    0.753037    0.017923         0.0
7   word_h2_33.mp4            8  0.500148  ...    0.725133    0.017892         0.0
8   word_h2_33.mp4            9  0.500042  ...    0.700010    0.023619         0.0
9   word_h2_33.mp4           10  0.499530  ...    0.678755    0.007716         0.0
10  word_h2_33.mp4           11  0.500006  ...    0.661297    0.010561         0.0
11  word_h2_33.mp4           12  0.500057  ...    0.646279    0.014129         0.0
12  word_h2_33.mp4           13  0.500171  ...    0.632004    0.009767         0.0
13  word_h2_33.mp4           14  0.499647  ...    0.621377    0.023554         0.0
14  word_h2_33.mp4           15  0.500287  ...    0.608261    0.024733         0.0
15  word_h2_33.mp4           16  0.500279  ...    0.602415    0.020201         0.0
16  word_h2_33.mp4           17  0.500391  ...    0.594237    0.015323         0.0
17  word_h2_33.mp4           18  0.500718  ...    0.592312    0.016423         0.0
18  word_h2_33.mp4           19  0.500486  ...    0.589317    0.020881         0.0
19  word_h2_33.mp4           20  0.500583  ...    0.590735    0.019293         0.0
20  word_h2_33.mp4           21  0.500252  ...    0.591527    0.021005         0.0
21  word_h2_33.mp4           22  0.500076  ...    0.588398    0.009387         0.0
22  word_h2_33.mp4           23  0.500573  ...    0.587563    0.014580         0.0
23  word_h2_33.mp4           24  0.501811  ...    0.589766    0.003762         0.0
24  word_h2_33.mp4           25  0.501938  ...    0.593285    0.007080         0.0
25  word_h2_33.mp4           26  0.501377  ...    0.591097    0.004123         0.0
26  word_h2_33.mp4           27  0.501955  ...    0.590813    0.014252         0.0
27  word_h2_33.mp4           28  0.501984  ...    0.587642   -0.003506         0.0
28  word_h2_33.mp4           29  0.502088  ...    0.584046   -0.007717         0.0
29  word_h2_33.mp4           30  0.501774  ...    0.577410    0.016446         0.0
30  word_h2_33.mp4           31  0.501727  ...    0.569691   -0.012009         0.0
31  word_h2_33.mp4           32  0.502025  ...    0.564564   -0.002491         0.0
32  word_h2_33.mp4           33  0.501855  ...    0.564561   -0.009279         0.0
33  word_h2_33.mp4           34  0.502309  ...    0.568126   -0.011930         0.0
34  word_h2_33.mp4           35  0.503642  ...    0.572838   -0.004571         0.0
35  word_h2_33.mp4           36  0.503391  ...    0.575488    0.008415         0.0
36  word_h2_33.mp4           37  0.502095  ...    0.576927    0.012188         0.0
37  word_h2_33.mp4           38  0.502101  ...    0.577090    0.023240         0.0
38  word_h2_33.mp4           39  0.502801  ...    0.575082    0.018630         0.0
39  word_h2_33.mp4           40  0.503125  ...    0.576939    0.015149         0.0
40  word_h2_33.mp4           41  0.503267  ...    0.579659    0.005114         0.0
41  word_h2_33.mp4           42  0.502822  ...    0.584517    0.008211         0.0
42  word_h2_33.mp4           43  0.501688  ...    0.588509    0.008438         0.0
43  word_h2_33.mp4           44  0.500972  ...    0.590617    0.005239         0.0
44  word_h2_33.mp4           45  0.501011  ...    0.591843    0.002330         0.0
45  word_h2_33.mp4           46  0.500931  ...    0.592871    0.005334         0.0
46  word_h2_33.mp4           47  0.500742  ...    0.592012    0.001040         0.0
47  word_h2_33.mp4           48  0.500861  ...    0.591458    0.003747         0.0
48  word_h2_33.mp4           49  0.500527  ...    0.591190    0.004035         0.0
49  word_h2_33.mp4           50  0.500669  ...    0.591050    0.000561         0.0
50  word_h2_33.mp4           51  0.500546  ...    0.591019    0.002426         0.0
51  word_h2_33.mp4           52  0.500320  ...    0.592755    0.003860         0.0
52  word_h2_33.mp4           53  0.500477  ...    0.597291   -0.001165         0.0
53  word_h2_33.mp4           54  0.500401  ...    0.599909    0.015516         0.0
54  word_h2_33.mp4           55  0.499880  ...    0.607114    0.008800         0.0
55  word_h2_33.mp4           56  0.499924  ...    0.617851    0.014330         0.0
56  word_h2_33.mp4           57  0.499811  ...    0.630196    0.021119         0.0
57  word_h2_33.mp4           58  0.499967  ...    0.647798    0.013275         0.0
58  word_h2_33.mp4           59  0.500672  ...    0.670986    0.008111         0.0
59  word_h2_33.mp4           60  0.501249  ...    0.698182    0.016161         0.0

[60 rows x 1958 columns]
Extracting features...
Face width computed for normalizaiton 0.15971613311459393
Features saved to: ../output/word_h2_33_features.csv
          fn_video  ... distance_r_hand6_r_hand10
0   word_h2_33.mp4  ...                  0.226694
1   word_h2_33.mp4  ...                  0.228262
2   word_h2_33.mp4  ...                  0.213620
3   word_h2_33.mp4  ...                  0.195507
4   word_h2_33.mp4  ...                  0.182750
5   word_h2_33.mp4  ...                  0.176118
6   word_h2_33.mp4  ...                  0.171374
7   word_h2_33.mp4  ...                  0.176610
8   word_h2_33.mp4  ...                  0.162404
9   word_h2_33.mp4  ...                  0.165227
10  word_h2_33.mp4  ...                  0.158835
11  word_h2_33.mp4  ...                  0.155516
12  word_h2_33.mp4  ...                  0.153535
13  word_h2_33.mp4  ...                  0.149257
14  word_h2_33.mp4  ...                  0.145322
15  word_h2_33.mp4  ...                  0.143299
16  word_h2_33.mp4  ...                  0.144849
17  word_h2_33.mp4  ...                  0.142007
18  word_h2_33.mp4  ...                  0.142044
19  word_h2_33.mp4  ...                  0.143680
20  word_h2_33.mp4  ...                  0.146700
21  word_h2_33.mp4  ...                  0.146573
22  word_h2_33.mp4  ...                  0.145426
23  word_h2_33.mp4  ...                  0.150377
24  word_h2_33.mp4  ...                  0.148700
25  word_h2_33.mp4  ...                  0.150555
26  word_h2_33.mp4  ...                  0.147296
27  word_h2_33.mp4  ...                  0.146050
28  word_h2_33.mp4  ...                  0.147481
29  word_h2_33.mp4  ...                  0.155214
30  word_h2_33.mp4  ...                  0.153399
31  word_h2_33.mp4  ...                  0.156629
32  word_h2_33.mp4  ...                  0.152045
33  word_h2_33.mp4  ...                  0.163208
34  word_h2_33.mp4  ...                  0.161919
35  word_h2_33.mp4  ...                  0.173470
36  word_h2_33.mp4  ...                  0.192796
37  word_h2_33.mp4  ...                  0.217838
38  word_h2_33.mp4  ...                  0.201440
39  word_h2_33.mp4  ...                  0.215492
40  word_h2_33.mp4  ...                  0.241275
41  word_h2_33.mp4  ...                  0.209335
42  word_h2_33.mp4  ...                  0.263638
43  word_h2_33.mp4  ...                  0.258049
44  word_h2_33.mp4  ...                  0.279743
45  word_h2_33.mp4  ...                  0.273638
46  word_h2_33.mp4  ...                  0.260838
47  word_h2_33.mp4  ...                  0.272458
48  word_h2_33.mp4  ...                  0.266281
49  word_h2_33.mp4  ...                  0.262466
50  word_h2_33.mp4  ...                  0.256543
51  word_h2_33.mp4  ...                  0.244793
52  word_h2_33.mp4  ...                  0.231031
53  word_h2_33.mp4  ...                  0.201791
54  word_h2_33.mp4  ...                  0.208770
55  word_h2_33.mp4  ...                  0.189750
56  word_h2_33.mp4  ...                  0.169774
57  word_h2_33.mp4  ...                  0.166268
58  word_h2_33.mp4  ...                  0.163191
59  word_h2_33.mp4  ...                  0.155264

[60 rows x 30 columns]
csv file with predictions was saved to ../output/predictions_rf_position_female_cropped_word_h2_33.csv
Loaded model: ../trained_models/model_rf_shape_female_cropped.pkl
Loaded video: ../stimuli/words/mp4/word_h2_33.mp4
Extracting coordinates...
          fn_video frame_number   x_face0  ...  y_r_hand20  z_r_hand20  v_r_hand20
0   word_h2_33.mp4            1  0.499944  ...    0.975199    0.004629         0.0
1   word_h2_33.mp4            2  0.500655  ...    0.916507    0.017961         0.0
2   word_h2_33.mp4            3  0.500352  ...    0.884780    0.045029         0.0
3   word_h2_33.mp4            4  0.500022  ...    0.848606    0.022418         0.0
4   word_h2_33.mp4            5  0.500101  ...    0.818656    0.037555         0.0
5   word_h2_33.mp4            6  0.500038  ...    0.784790    0.024574         0.0
6   word_h2_33.mp4            7  0.500029  ...    0.753037    0.017923         0.0
7   word_h2_33.mp4            8  0.500148  ...    0.725133    0.017892         0.0
8   word_h2_33.mp4            9  0.500042  ...    0.700010    0.023619         0.0
9   word_h2_33.mp4           10  0.499530  ...    0.678755    0.007716         0.0
10  word_h2_33.mp4           11  0.500006  ...    0.661297    0.010561         0.0
11  word_h2_33.mp4           12  0.500057  ...    0.646279    0.014129         0.0
12  word_h2_33.mp4           13  0.500171  ...    0.632004    0.009767         0.0
13  word_h2_33.mp4           14  0.499647  ...    0.621377    0.023554         0.0
14  word_h2_33.mp4           15  0.500287  ...    0.608261    0.024733         0.0
15  word_h2_33.mp4           16  0.500279  ...    0.602415    0.020201         0.0
16  word_h2_33.mp4           17  0.500391  ...    0.594237    0.015323         0.0
17  word_h2_33.mp4           18  0.500718  ...    0.592312    0.016423         0.0
18  word_h2_33.mp4           19  0.500486  ...    0.589317    0.020881         0.0
19  word_h2_33.mp4           20  0.500583  ...    0.590735    0.019293         0.0
20  word_h2_33.mp4           21  0.500252  ...    0.591527    0.021005         0.0
21  word_h2_33.mp4           22  0.500076  ...    0.588398    0.009387         0.0
22  word_h2_33.mp4           23  0.500573  ...    0.587563    0.014580         0.0
23  word_h2_33.mp4           24  0.501811  ...    0.589766    0.003762         0.0
24  word_h2_33.mp4           25  0.501938  ...    0.593285    0.007080         0.0
25  word_h2_33.mp4           26  0.501377  ...    0.591097    0.004123         0.0
26  word_h2_33.mp4           27  0.501955  ...    0.590813    0.014252         0.0
27  word_h2_33.mp4           28  0.501984  ...    0.587642   -0.003506         0.0
28  word_h2_33.mp4           29  0.502088  ...    0.584046   -0.007717         0.0
29  word_h2_33.mp4           30  0.501774  ...    0.577410    0.016446         0.0
30  word_h2_33.mp4           31  0.501727  ...    0.569691   -0.012009         0.0
31  word_h2_33.mp4           32  0.502025  ...    0.564564   -0.002491         0.0
32  word_h2_33.mp4           33  0.501855  ...    0.564561   -0.009279         0.0
33  word_h2_33.mp4           34  0.502309  ...    0.568126   -0.011930         0.0
34  word_h2_33.mp4           35  0.503642  ...    0.572838   -0.004571         0.0
35  word_h2_33.mp4           36  0.503391  ...    0.575488    0.008415         0.0
36  word_h2_33.mp4           37  0.502095  ...    0.576927    0.012188         0.0
37  word_h2_33.mp4           38  0.502101  ...    0.577090    0.023240         0.0
38  word_h2_33.mp4           39  0.502801  ...    0.575082    0.018630         0.0
39  word_h2_33.mp4           40  0.503125  ...    0.576939    0.015149         0.0
40  word_h2_33.mp4           41  0.503267  ...    0.579659    0.005114         0.0
41  word_h2_33.mp4           42  0.502822  ...    0.584517    0.008211         0.0
42  word_h2_33.mp4           43  0.501688  ...    0.588509    0.008438         0.0
43  word_h2_33.mp4           44  0.500972  ...    0.590617    0.005239         0.0
44  word_h2_33.mp4           45  0.501011  ...    0.591843    0.002330         0.0
45  word_h2_33.mp4           46  0.500931  ...    0.592871    0.005334         0.0
46  word_h2_33.mp4           47  0.500742  ...    0.592012    0.001040         0.0
47  word_h2_33.mp4           48  0.500861  ...    0.591458    0.003747         0.0
48  word_h2_33.mp4           49  0.500527  ...    0.591190    0.004035         0.0
49  word_h2_33.mp4           50  0.500669  ...    0.591050    0.000561         0.0
50  word_h2_33.mp4           51  0.500546  ...    0.591019    0.002426         0.0
51  word_h2_33.mp4           52  0.500320  ...    0.592755    0.003860         0.0
52  word_h2_33.mp4           53  0.500477  ...    0.597291   -0.001165         0.0
53  word_h2_33.mp4           54  0.500401  ...    0.599909    0.015516         0.0
54  word_h2_33.mp4           55  0.499880  ...    0.607114    0.008800         0.0
55  word_h2_33.mp4           56  0.499924  ...    0.617851    0.014330         0.0
56  word_h2_33.mp4           57  0.499811  ...    0.630196    0.021119         0.0
57  word_h2_33.mp4           58  0.499967  ...    0.647798    0.013275         0.0
58  word_h2_33.mp4           59  0.500672  ...    0.670986    0.008111         0.0
59  word_h2_33.mp4           60  0.501249  ...    0.698182    0.016161         0.0

[60 rows x 1958 columns]
Extracting features...
Face width computed for normalizaiton 0.15971613311459393
Features saved to: ../output/word_h2_33_features.csv
          fn_video  ... distance_r_hand6_r_hand10
0   word_h2_33.mp4  ...                  0.226694
1   word_h2_33.mp4  ...                  0.228262
2   word_h2_33.mp4  ...                  0.213620
3   word_h2_33.mp4  ...                  0.195507
4   word_h2_33.mp4  ...                  0.182750
5   word_h2_33.mp4  ...                  0.176118
6   word_h2_33.mp4  ...                  0.171374
7   word_h2_33.mp4  ...                  0.176610
8   word_h2_33.mp4  ...                  0.162404
9   word_h2_33.mp4  ...                  0.165227
10  word_h2_33.mp4  ...                  0.158835
11  word_h2_33.mp4  ...                  0.155516
12  word_h2_33.mp4  ...                  0.153535
13  word_h2_33.mp4  ...                  0.149257
14  word_h2_33.mp4  ...                  0.145322
15  word_h2_33.mp4  ...                  0.143299
16  word_h2_33.mp4  ...                  0.144849
17  word_h2_33.mp4  ...                  0.142007
18  word_h2_33.mp4  ...                  0.142044
19  word_h2_33.mp4  ...                  0.143680
20  word_h2_33.mp4  ...                  0.146700
21  word_h2_33.mp4  ...                  0.146573
22  word_h2_33.mp4  ...                  0.145426
23  word_h2_33.mp4  ...                  0.150377
24  word_h2_33.mp4  ...                  0.148700
25  word_h2_33.mp4  ...                  0.150555
26  word_h2_33.mp4  ...                  0.147296
27  word_h2_33.mp4  ...                  0.146050
28  word_h2_33.mp4  ...                  0.147481
29  word_h2_33.mp4  ...                  0.155214
30  word_h2_33.mp4  ...                  0.153399
31  word_h2_33.mp4  ...                  0.156629
32  word_h2_33.mp4  ...                  0.152045
33  word_h2_33.mp4  ...                  0.163208
34  word_h2_33.mp4  ...                  0.161919
35  word_h2_33.mp4  ...                  0.173470
36  word_h2_33.mp4  ...                  0.192796
37  word_h2_33.mp4  ...                  0.217838
38  word_h2_33.mp4  ...                  0.201440
39  word_h2_33.mp4  ...                  0.215492
40  word_h2_33.mp4  ...                  0.241275
41  word_h2_33.mp4  ...                  0.209335
42  word_h2_33.mp4  ...                  0.263638
43  word_h2_33.mp4  ...                  0.258049
44  word_h2_33.mp4  ...                  0.279743
45  word_h2_33.mp4  ...                  0.273638
46  word_h2_33.mp4  ...                  0.260838
47  word_h2_33.mp4  ...                  0.272458
48  word_h2_33.mp4  ...                  0.266281
49  word_h2_33.mp4  ...                  0.262466
50  word_h2_33.mp4  ...                  0.256543
51  word_h2_33.mp4  ...                  0.244793
52  word_h2_33.mp4  ...                  0.231031
53  word_h2_33.mp4  ...                  0.201791
54  word_h2_33.mp4  ...                  0.208770
55  word_h2_33.mp4  ...                  0.189750
56  word_h2_33.mp4  ...                  0.169774
57  word_h2_33.mp4  ...                  0.166268
58  word_h2_33.mp4  ...                  0.163191
59  word_h2_33.mp4  ...                  0.155264

[60 rows x 30 columns]
csv file with predictions was saved to ../output/predictions_rf_shape_female_cropped_word_h2_33.csv
