python is /network/lustre/iss02/home/annahita.sarre/anaconda3/envs/myenv/bin/python
Loaded model: ../trained_models/model_rf_position_female_cropped.pkl
Loaded video: ../stimuli/words/mp4/word_l1_29.mp4
Extracting coordinates...
          fn_video frame_number   x_face0  ...  y_r_hand20  z_r_hand20  v_r_hand20
0   word_l1_29.mp4            1  0.486249  ...    1.095168    0.012085         0.0
1   word_l1_29.mp4            2  0.486818  ...    1.008062    0.055195         0.0
2   word_l1_29.mp4            3  0.486250  ...    0.985722    0.038844         0.0
3   word_l1_29.mp4            4  0.486296  ...    0.970597    0.022337         0.0
4   word_l1_29.mp4            5  0.486876  ...    0.938294    0.035384         0.0
5   word_l1_29.mp4            6  0.486850  ...    0.921178    0.021531         0.0
6   word_l1_29.mp4            7  0.487083  ...    0.884736    0.019600         0.0
7   word_l1_29.mp4            8  0.487709  ...    0.859686    0.009041         0.0
8   word_l1_29.mp4            9  0.488112  ...    0.834525    0.002872         0.0
9   word_l1_29.mp4           10  0.487611  ...    0.824331    0.012282         0.0
10  word_l1_29.mp4           11  0.487979  ...    0.809236    0.012484         0.0
11  word_l1_29.mp4           12  0.488365  ...    0.803123    0.010946         0.0
12  word_l1_29.mp4           13  0.488673  ...    0.793938    0.024801         0.0
13  word_l1_29.mp4           14  0.488652  ...    0.793345    0.034830         0.0
14  word_l1_29.mp4           15  0.488553  ...    0.790747    0.035476         0.0
15  word_l1_29.mp4           16  0.488702  ...    0.797743    0.022246         0.0
16  word_l1_29.mp4           17  0.488651  ...    0.808025    0.025659         0.0
17  word_l1_29.mp4           18  0.488903  ...    0.824025    0.052135         0.0
18  word_l1_29.mp4           19  0.488849  ...    0.812498    0.077987         0.0
19  word_l1_29.mp4           20  0.489222  ...    0.809846    0.077780         0.0
20  word_l1_29.mp4           21  0.489257  ...    0.815179    0.079468         0.0
21  word_l1_29.mp4           22  0.489047  ...    0.800351    0.042639         0.0
22  word_l1_29.mp4           23  0.488505  ...    0.769178    0.028506         0.0
23  word_l1_29.mp4           24  0.488439  ...    0.751046    0.020353         0.0
24  word_l1_29.mp4           25  0.487847  ...    0.722123    0.012179         0.0
25  word_l1_29.mp4           26  0.487670  ...    0.693503    0.011893         0.0
26  word_l1_29.mp4           27  0.486526  ...    0.672800    0.012751         0.0
27  word_l1_29.mp4           28  0.486198  ...    0.657057    0.020493         0.0
28  word_l1_29.mp4           29  0.485175  ...    0.645084    0.027393         0.0
29  word_l1_29.mp4           30  0.484948  ...    0.634483    0.030481         0.0
30  word_l1_29.mp4           31  0.485021  ...    0.630405    0.016071         0.0
31  word_l1_29.mp4           32  0.485687  ...    0.629700    0.016245         0.0
32  word_l1_29.mp4           33  0.486951  ...    0.621838    0.022749         0.0
33  word_l1_29.mp4           34  0.487975  ...    0.615750    0.017294         0.0
34  word_l1_29.mp4           35  0.488960  ...    0.611873    0.022588         0.0
35  word_l1_29.mp4           36  0.489701  ...    0.607066    0.006710         0.0
36  word_l1_29.mp4           37  0.490168  ...    0.609932    0.004519         0.0
37  word_l1_29.mp4           38  0.490308  ...    0.608861   -0.003449         0.0
38  word_l1_29.mp4           39  0.490095  ...    0.608790    0.007323         0.0
39  word_l1_29.mp4           40  0.490294  ...    0.608063    0.014998         0.0
40  word_l1_29.mp4           41  0.490484  ...    0.606464    0.011534         0.0
41  word_l1_29.mp4           42  0.490640  ...    0.604003    0.012337         0.0
42  word_l1_29.mp4           43  0.491211  ...    0.603523    0.012394         0.0
43  word_l1_29.mp4           44  0.491129  ...    0.604285    0.010488         0.0
44  word_l1_29.mp4           45  0.491503  ...    0.602674    0.011189         0.0
45  word_l1_29.mp4           46  0.490791  ...    0.603550    0.015461         0.0
46  word_l1_29.mp4           47  0.490399  ...    0.605761    0.010162         0.0
47  word_l1_29.mp4           48  0.489980  ...    0.603714    0.010063         0.0
48  word_l1_29.mp4           49  0.489274  ...    0.603763    0.012251         0.0
49  word_l1_29.mp4           50  0.489442  ...    0.601995    0.010637         0.0
50  word_l1_29.mp4           51  0.488994  ...    0.605763    0.002428         0.0

[51 rows x 1958 columns]
Extracting features...
Face width computed for normalizaiton 0.1535575459390177
Features saved to: ../output/word_l1_29_features.csv
          fn_video  ... distance_r_hand6_r_hand10
0   word_l1_29.mp4  ...                  0.246364
1   word_l1_29.mp4  ...                  0.202945
2   word_l1_29.mp4  ...                  0.211882
3   word_l1_29.mp4  ...                  0.231063
4   word_l1_29.mp4  ...                  0.208744
5   word_l1_29.mp4  ...                  0.206966
6   word_l1_29.mp4  ...                  0.189246
7   word_l1_29.mp4  ...                  0.194820
8   word_l1_29.mp4  ...                  0.177301
9   word_l1_29.mp4  ...                  0.177170
10  word_l1_29.mp4  ...                  0.168096
11  word_l1_29.mp4  ...                  0.168755
12  word_l1_29.mp4  ...                  0.166042
13  word_l1_29.mp4  ...                  0.158526
14  word_l1_29.mp4  ...                  0.163856
15  word_l1_29.mp4  ...                  0.171143
16  word_l1_29.mp4  ...                  0.171067
17  word_l1_29.mp4  ...                  0.175944
18  word_l1_29.mp4  ...                  0.168550
19  word_l1_29.mp4  ...                  0.163157
20  word_l1_29.mp4  ...                  0.178132
21  word_l1_29.mp4  ...                  0.165915
22  word_l1_29.mp4  ...                  0.167764
23  word_l1_29.mp4  ...                  0.165410
24  word_l1_29.mp4  ...                  0.167371
25  word_l1_29.mp4  ...                  0.156682
26  word_l1_29.mp4  ...                  0.152212
27  word_l1_29.mp4  ...                  0.155335
28  word_l1_29.mp4  ...                  0.153501
29  word_l1_29.mp4  ...                  0.151872
30  word_l1_29.mp4  ...                  0.156085
31  word_l1_29.mp4  ...                  0.162978
32  word_l1_29.mp4  ...                  0.166406
33  word_l1_29.mp4  ...                  0.161657
34  word_l1_29.mp4  ...                  0.141730
35  word_l1_29.mp4  ...                  0.147246
36  word_l1_29.mp4  ...                  0.183464
37  word_l1_29.mp4  ...                  0.182094
38  word_l1_29.mp4  ...                  0.190735
39  word_l1_29.mp4  ...                  0.204700
40  word_l1_29.mp4  ...                  0.227313
41  word_l1_29.mp4  ...                  0.208541
42  word_l1_29.mp4  ...                  0.219250
43  word_l1_29.mp4  ...                  0.210824
44  word_l1_29.mp4  ...                  0.213408
45  word_l1_29.mp4  ...                  0.241041
46  word_l1_29.mp4  ...                  0.232190
47  word_l1_29.mp4  ...                  0.251240
48  word_l1_29.mp4  ...                  0.232314
49  word_l1_29.mp4  ...                  0.214765
50  word_l1_29.mp4  ...                  0.220572

[51 rows x 30 columns]
csv file with predictions was saved to ../output/predictions_rf_position_female_cropped_word_l1_29.csv
Loaded model: ../trained_models/model_rf_shape_female_cropped.pkl
Loaded video: ../stimuli/words/mp4/word_l1_29.mp4
Extracting coordinates...
          fn_video frame_number   x_face0  ...  y_r_hand20  z_r_hand20  v_r_hand20
0   word_l1_29.mp4            1  0.486249  ...    1.095168    0.012085         0.0
1   word_l1_29.mp4            2  0.486818  ...    1.008062    0.055195         0.0
2   word_l1_29.mp4            3  0.486250  ...    0.985722    0.038844         0.0
3   word_l1_29.mp4            4  0.486296  ...    0.970597    0.022337         0.0
4   word_l1_29.mp4            5  0.486876  ...    0.938294    0.035384         0.0
5   word_l1_29.mp4            6  0.486850  ...    0.921178    0.021531         0.0
6   word_l1_29.mp4            7  0.487083  ...    0.884736    0.019600         0.0
7   word_l1_29.mp4            8  0.487709  ...    0.859686    0.009041         0.0
8   word_l1_29.mp4            9  0.488112  ...    0.834525    0.002872         0.0
9   word_l1_29.mp4           10  0.487611  ...    0.824331    0.012282         0.0
10  word_l1_29.mp4           11  0.487979  ...    0.809236    0.012484         0.0
11  word_l1_29.mp4           12  0.488365  ...    0.803123    0.010946         0.0
12  word_l1_29.mp4           13  0.488673  ...    0.793938    0.024801         0.0
13  word_l1_29.mp4           14  0.488652  ...    0.793345    0.034830         0.0
14  word_l1_29.mp4           15  0.488553  ...    0.790747    0.035476         0.0
15  word_l1_29.mp4           16  0.488702  ...    0.797743    0.022246         0.0
16  word_l1_29.mp4           17  0.488651  ...    0.808025    0.025659         0.0
17  word_l1_29.mp4           18  0.488903  ...    0.824025    0.052135         0.0
18  word_l1_29.mp4           19  0.488849  ...    0.812498    0.077987         0.0
19  word_l1_29.mp4           20  0.489222  ...    0.809846    0.077780         0.0
20  word_l1_29.mp4           21  0.489257  ...    0.815179    0.079468         0.0
21  word_l1_29.mp4           22  0.489047  ...    0.800351    0.042639         0.0
22  word_l1_29.mp4           23  0.488505  ...    0.769178    0.028506         0.0
23  word_l1_29.mp4           24  0.488439  ...    0.751046    0.020353         0.0
24  word_l1_29.mp4           25  0.487847  ...    0.722123    0.012179         0.0
25  word_l1_29.mp4           26  0.487670  ...    0.693503    0.011893         0.0
26  word_l1_29.mp4           27  0.486526  ...    0.672800    0.012751         0.0
27  word_l1_29.mp4           28  0.486198  ...    0.657057    0.020493         0.0
28  word_l1_29.mp4           29  0.485175  ...    0.645084    0.027393         0.0
29  word_l1_29.mp4           30  0.484948  ...    0.634483    0.030481         0.0
30  word_l1_29.mp4           31  0.485021  ...    0.630405    0.016071         0.0
31  word_l1_29.mp4           32  0.485687  ...    0.629700    0.016245         0.0
32  word_l1_29.mp4           33  0.486951  ...    0.621838    0.022749         0.0
33  word_l1_29.mp4           34  0.487975  ...    0.615750    0.017294         0.0
34  word_l1_29.mp4           35  0.488960  ...    0.611873    0.022588         0.0
35  word_l1_29.mp4           36  0.489701  ...    0.607066    0.006710         0.0
36  word_l1_29.mp4           37  0.490168  ...    0.609932    0.004519         0.0
37  word_l1_29.mp4           38  0.490308  ...    0.608861   -0.003449         0.0
38  word_l1_29.mp4           39  0.490095  ...    0.608790    0.007323         0.0
39  word_l1_29.mp4           40  0.490294  ...    0.608063    0.014998         0.0
40  word_l1_29.mp4           41  0.490484  ...    0.606464    0.011534         0.0
41  word_l1_29.mp4           42  0.490640  ...    0.604003    0.012337         0.0
42  word_l1_29.mp4           43  0.491211  ...    0.603523    0.012394         0.0
43  word_l1_29.mp4           44  0.491129  ...    0.604285    0.010488         0.0
44  word_l1_29.mp4           45  0.491503  ...    0.602674    0.011189         0.0
45  word_l1_29.mp4           46  0.490791  ...    0.603550    0.015461         0.0
46  word_l1_29.mp4           47  0.490399  ...    0.605761    0.010162         0.0
47  word_l1_29.mp4           48  0.489980  ...    0.603714    0.010063         0.0
48  word_l1_29.mp4           49  0.489274  ...    0.603763    0.012251         0.0
49  word_l1_29.mp4           50  0.489442  ...    0.601995    0.010637         0.0
50  word_l1_29.mp4           51  0.488994  ...    0.605763    0.002428         0.0

[51 rows x 1958 columns]
Extracting features...
Face width computed for normalizaiton 0.1535575459390177
Features saved to: ../output/word_l1_29_features.csv
          fn_video  ... distance_r_hand6_r_hand10
0   word_l1_29.mp4  ...                  0.246364
1   word_l1_29.mp4  ...                  0.202945
2   word_l1_29.mp4  ...                  0.211882
3   word_l1_29.mp4  ...                  0.231063
4   word_l1_29.mp4  ...                  0.208744
5   word_l1_29.mp4  ...                  0.206966
6   word_l1_29.mp4  ...                  0.189246
7   word_l1_29.mp4  ...                  0.194820
8   word_l1_29.mp4  ...                  0.177301
9   word_l1_29.mp4  ...                  0.177170
10  word_l1_29.mp4  ...                  0.168096
11  word_l1_29.mp4  ...                  0.168755
12  word_l1_29.mp4  ...                  0.166042
13  word_l1_29.mp4  ...                  0.158526
14  word_l1_29.mp4  ...                  0.163856
15  word_l1_29.mp4  ...                  0.171143
16  word_l1_29.mp4  ...                  0.171067
17  word_l1_29.mp4  ...                  0.175944
18  word_l1_29.mp4  ...                  0.168550
19  word_l1_29.mp4  ...                  0.163157
20  word_l1_29.mp4  ...                  0.178132
21  word_l1_29.mp4  ...                  0.165915
22  word_l1_29.mp4  ...                  0.167764
23  word_l1_29.mp4  ...                  0.165410
24  word_l1_29.mp4  ...                  0.167371
25  word_l1_29.mp4  ...                  0.156682
26  word_l1_29.mp4  ...                  0.152212
27  word_l1_29.mp4  ...                  0.155335
28  word_l1_29.mp4  ...                  0.153501
29  word_l1_29.mp4  ...                  0.151872
30  word_l1_29.mp4  ...                  0.156085
31  word_l1_29.mp4  ...                  0.162978
32  word_l1_29.mp4  ...                  0.166406
33  word_l1_29.mp4  ...                  0.161657
34  word_l1_29.mp4  ...                  0.141730
35  word_l1_29.mp4  ...                  0.147246
36  word_l1_29.mp4  ...                  0.183464
37  word_l1_29.mp4  ...                  0.182094
38  word_l1_29.mp4  ...                  0.190735
39  word_l1_29.mp4  ...                  0.204700
40  word_l1_29.mp4  ...                  0.227313
41  word_l1_29.mp4  ...                  0.208541
42  word_l1_29.mp4  ...                  0.219250
43  word_l1_29.mp4  ...                  0.210824
44  word_l1_29.mp4  ...                  0.213408
45  word_l1_29.mp4  ...                  0.241041
46  word_l1_29.mp4  ...                  0.232190
47  word_l1_29.mp4  ...                  0.251240
48  word_l1_29.mp4  ...                  0.232314
49  word_l1_29.mp4  ...                  0.214765
50  word_l1_29.mp4  ...                  0.220572

[51 rows x 30 columns]
csv file with predictions was saved to ../output/predictions_rf_shape_female_cropped_word_l1_29.csv
