/network/lustre/iss02/home/annahita.sarre/anaconda3/envs/myenv/lib/python3.9/site-packages/sklearn/base.py:329: UserWarning: Trying to unpickle estimator DecisionTreeClassifier from version 0.24.2 when using version 1.1.2. This might lead to breaking code or invalid results. Use at your own risk. For more info please refer to:
https://scikit-learn.org/stable/model_persistence.html#security-maintainability-limitations
  warnings.warn(
/network/lustre/iss02/home/annahita.sarre/anaconda3/envs/myenv/lib/python3.9/site-packages/sklearn/base.py:329: UserWarning: Trying to unpickle estimator RandomForestClassifier from version 0.24.2 when using version 1.1.2. This might lead to breaking code or invalid results. Use at your own risk. For more info please refer to:
https://scikit-learn.org/stable/model_persistence.html#security-maintainability-limitations
  warnings.warn(
/network/lustre/iss02/home/annahita.sarre/anaconda3/envs/myenv/lib/python3.9/site-packages/sklearn/base.py:329: UserWarning: Trying to unpickle estimator Pipeline from version 0.24.2 when using version 1.1.2. This might lead to breaking code or invalid results. Use at your own risk. For more info please refer to:
https://scikit-learn.org/stable/model_persistence.html#security-maintainability-limitations
  warnings.warn(
Traceback (most recent call last):
  File "/network/lustre/iss02/cohen/data/Annahita/LPC/ACSR/Decoder/code/predict.py", line 44, in <module>
    raise(f'Video file not found {fn_video}')
TypeError: exceptions must derive from BaseException
/network/lustre/iss02/home/annahita.sarre/anaconda3/envs/myenv/lib/python3.9/site-packages/sklearn/base.py:329: UserWarning: Trying to unpickle estimator DecisionTreeClassifier from version 0.24.2 when using version 1.1.2. This might lead to breaking code or invalid results. Use at your own risk. For more info please refer to:
https://scikit-learn.org/stable/model_persistence.html#security-maintainability-limitations
  warnings.warn(
/network/lustre/iss02/home/annahita.sarre/anaconda3/envs/myenv/lib/python3.9/site-packages/sklearn/base.py:329: UserWarning: Trying to unpickle estimator RandomForestClassifier from version 0.24.2 when using version 1.1.2. This might lead to breaking code or invalid results. Use at your own risk. For more info please refer to:
https://scikit-learn.org/stable/model_persistence.html#security-maintainability-limitations
  warnings.warn(
/network/lustre/iss02/home/annahita.sarre/anaconda3/envs/myenv/lib/python3.9/site-packages/sklearn/base.py:329: UserWarning: Trying to unpickle estimator Pipeline from version 0.24.2 when using version 1.1.2. This might lead to breaking code or invalid results. Use at your own risk. For more info please refer to:
https://scikit-learn.org/stable/model_persistence.html#security-maintainability-limitations
  warnings.warn(
Traceback (most recent call last):
  File "/network/lustre/iss02/cohen/data/Annahita/LPC/ACSR/Decoder/code/predict.py", line 44, in <module>
    raise(f'Video file not found {fn_video}')
TypeError: exceptions must derive from BaseException
