python is /network/lustre/iss02/home/annahita.sarre/anaconda3/envs/myenv/bin/python
Loaded model: ../trained_models/model_rf_position_female_cropped.pkl
Loaded video: ../stimuli/words/mp4/word_l0_26.mp4
Extracting coordinates...
          fn_video frame_number   x_face0  ...  y_r_hand20  z_r_hand20  v_r_hand20
0   word_l0_26.mp4            2  0.492102  ...    1.018090    0.055620         0.0
1   word_l0_26.mp4            3  0.491593  ...    0.961320    0.050872         0.0
2   word_l0_26.mp4            4  0.491176  ...    0.967585    0.046396         0.0
3   word_l0_26.mp4            5  0.491123  ...    0.931179    0.046655         0.0
4   word_l0_26.mp4            6  0.490504  ...    0.891356    0.036729         0.0
..             ...          ...       ...  ...         ...         ...         ...
61  word_l0_26.mp4           63  0.488367  ...    0.840040    0.001936         0.0
62  word_l0_26.mp4           64  0.488140  ...    0.828966    0.037939         0.0
63  word_l0_26.mp4           65  0.488145  ...    0.833616    0.058193         0.0
64  word_l0_26.mp4           66  0.487708  ...    0.859943    0.035191         0.0
65  word_l0_26.mp4           67  0.487536  ...    0.870586    0.030133         0.0

[66 rows x 1958 columns]
Extracting features...
Face width computed for normalizaiton 0.1577936064609012
Features saved to: ../output/word_l0_26_features.csv
          fn_video  ... distance_r_hand6_r_hand10
0   word_l0_26.mp4  ...                  0.117823
1   word_l0_26.mp4  ...                  0.063613
2   word_l0_26.mp4  ...                  0.213074
3   word_l0_26.mp4  ...                  0.211080
4   word_l0_26.mp4  ...                  0.190343
..             ...  ...                       ...
61  word_l0_26.mp4  ...                  0.186577
62  word_l0_26.mp4  ...                  0.187715
63  word_l0_26.mp4  ...                  0.189433
64  word_l0_26.mp4  ...                  0.199969
65  word_l0_26.mp4  ...                  0.199369

[66 rows x 30 columns]
csv file with predictions was saved to ../output/predictions_rf_position_female_cropped_word_l0_26.csv
Loaded model: ../trained_models/model_rf_shape_female_cropped.pkl
Loaded video: ../stimuli/words/mp4/word_l0_26.mp4
Extracting coordinates...
          fn_video frame_number   x_face0  ...  y_r_hand20  z_r_hand20  v_r_hand20
0   word_l0_26.mp4            2  0.492102  ...    1.018090    0.055620         0.0
1   word_l0_26.mp4            3  0.491593  ...    0.961320    0.050872         0.0
2   word_l0_26.mp4            4  0.491176  ...    0.967585    0.046396         0.0
3   word_l0_26.mp4            5  0.491123  ...    0.931179    0.046655         0.0
4   word_l0_26.mp4            6  0.490504  ...    0.891356    0.036729         0.0
..             ...          ...       ...  ...         ...         ...         ...
61  word_l0_26.mp4           63  0.488367  ...    0.840040    0.001936         0.0
62  word_l0_26.mp4           64  0.488140  ...    0.828966    0.037939         0.0
63  word_l0_26.mp4           65  0.488145  ...    0.833616    0.058193         0.0
64  word_l0_26.mp4           66  0.487708  ...    0.859943    0.035191         0.0
65  word_l0_26.mp4           67  0.487536  ...    0.870586    0.030133         0.0

[66 rows x 1958 columns]
Extracting features...
Face width computed for normalizaiton 0.1577936064609012
Features saved to: ../output/word_l0_26_features.csv
          fn_video  ... distance_r_hand6_r_hand10
0   word_l0_26.mp4  ...                  0.117823
1   word_l0_26.mp4  ...                  0.063613
2   word_l0_26.mp4  ...                  0.213074
3   word_l0_26.mp4  ...                  0.211080
4   word_l0_26.mp4  ...                  0.190343
..             ...  ...                       ...
61  word_l0_26.mp4  ...                  0.186577
62  word_l0_26.mp4  ...                  0.187715
63  word_l0_26.mp4  ...                  0.189433
64  word_l0_26.mp4  ...                  0.199969
65  word_l0_26.mp4  ...                  0.199369

[66 rows x 30 columns]
csv file with predictions was saved to ../output/predictions_rf_shape_female_cropped_word_l0_26.csv
