python is /network/lustre/iss02/home/annahita.sarre/anaconda3/envs/myenv/bin/python
Loaded model: ../trained_models/model_rf_position_female_cropped.pkl
Loaded video: ../stimuli/words/mp4/word_h2_22.mp4
Extracting coordinates...
          fn_video frame_number   x_face0  ...  y_r_hand20  z_r_hand20  v_r_hand20
0   word_h2_22.mp4            6  0.492745  ...    1.076996   -0.001121         0.0
1   word_h2_22.mp4            7  0.492326  ...    0.997499    0.015438         0.0
2   word_h2_22.mp4            8  0.492233  ...    0.932534    0.001166         0.0
3   word_h2_22.mp4            9  0.491828  ...    0.890607    0.003531         0.0
4   word_h2_22.mp4           10  0.491815  ...    0.852911   -0.006617         0.0
5   word_h2_22.mp4           11  0.491474  ...    0.824484   -0.006983         0.0
6   word_h2_22.mp4           12  0.491322  ...    0.804479   -0.007620         0.0
7   word_h2_22.mp4           13  0.491262  ...    0.782093   -0.010227         0.0
8   word_h2_22.mp4           14  0.491421  ...    0.764150   -0.016868         0.0
9   word_h2_22.mp4           15  0.491837  ...    0.753519   -0.017294         0.0
10  word_h2_22.mp4           16  0.492262  ...    0.741292   -0.017169         0.0
11  word_h2_22.mp4           17  0.492898  ...    0.728892   -0.016291         0.0
12  word_h2_22.mp4           18  0.492894  ...    0.720958   -0.017640         0.0
13  word_h2_22.mp4           19  0.492892  ...    0.713834   -0.017180         0.0
14  word_h2_22.mp4           20  0.493628  ...    0.715665   -0.019223         0.0
15  word_h2_22.mp4           21  0.494394  ...    0.723779   -0.019426         0.0
16  word_h2_22.mp4           22  0.494558  ...    0.732120   -0.019346         0.0
17  word_h2_22.mp4           23  0.494501  ...    0.728942   -0.010223         0.0
18  word_h2_22.mp4           24  0.495029  ...    0.745252   -0.000109         0.0
19  word_h2_22.mp4           25  0.495437  ...    0.749391    0.004416         0.0
20  word_h2_22.mp4           26  0.495629  ...    0.753231    0.006371         0.0
21  word_h2_22.mp4           27  0.496356  ...    0.754429    0.004455         0.0
22  word_h2_22.mp4           28  0.497272  ...    0.745352    0.004054         0.0
23  word_h2_22.mp4           29  0.497052  ...    0.741892   -0.001908         0.0
24  word_h2_22.mp4           30  0.496156  ...    0.721247   -0.000098         0.0
25  word_h2_22.mp4           31  0.496567  ...    0.674988    0.011821         0.0
26  word_h2_22.mp4           32  0.496004  ...    0.624338   -0.006198         0.0
27  word_h2_22.mp4           33  0.496070  ...    0.596643   -0.022471         0.0
28  word_h2_22.mp4           34  0.495736  ...    0.583874   -0.012731         0.0
29  word_h2_22.mp4           35  0.495362  ...    0.581513   -0.009442         0.0
30  word_h2_22.mp4           36  0.494213  ...    0.581138   -0.007079         0.0
31  word_h2_22.mp4           37  0.494149  ...    0.580147   -0.006991         0.0
32  word_h2_22.mp4           38  0.493427  ...    0.580876   -0.011671         0.0
33  word_h2_22.mp4           39  0.493153  ...    0.584088   -0.015241         0.0
34  word_h2_22.mp4           40  0.493321  ...    0.586029   -0.015823         0.0
35  word_h2_22.mp4           41  0.493565  ...    0.587456   -0.014195         0.0
36  word_h2_22.mp4           42  0.493222  ...    0.587820   -0.011906         0.0
37  word_h2_22.mp4           43  0.492870  ...    0.587293   -0.010573         0.0
38  word_h2_22.mp4           44  0.492908  ...    0.587253   -0.011234         0.0
39  word_h2_22.mp4           45  0.493026  ...    0.589191   -0.016947         0.0
40  word_h2_22.mp4           46  0.492766  ...    0.593032   -0.018138         0.0
41  word_h2_22.mp4           47  0.492345  ...    0.600483   -0.024058         0.0
42  word_h2_22.mp4           48  0.492759  ...    0.611960   -0.011987         0.0
43  word_h2_22.mp4           49  0.492556  ...    0.643394    0.005590         0.0
44  word_h2_22.mp4           50  0.493199  ...    0.660106    0.012068         0.0
45  word_h2_22.mp4           51  0.492949  ...    0.670782    0.003037         0.0
46  word_h2_22.mp4           52  0.493604  ...    0.715036    0.002916         0.0
47  word_h2_22.mp4           53  0.494053  ...    0.740281    0.006910         0.0

[48 rows x 1958 columns]
Extracting features...
Face width computed for normalizaiton 0.16002556364520013
Features saved to: ../output/word_h2_22_features.csv
          fn_video  ... distance_r_hand6_r_hand10
0   word_h2_22.mp4  ...                  0.305204
1   word_h2_22.mp4  ...                  0.258690
2   word_h2_22.mp4  ...                  0.246766
3   word_h2_22.mp4  ...                  0.285323
4   word_h2_22.mp4  ...                  0.348916
5   word_h2_22.mp4  ...                  0.392070
6   word_h2_22.mp4  ...                  0.375441
7   word_h2_22.mp4  ...                  0.333816
8   word_h2_22.mp4  ...                  0.316536
9   word_h2_22.mp4  ...                  0.307823
10  word_h2_22.mp4  ...                  0.300067
11  word_h2_22.mp4  ...                  0.296302
12  word_h2_22.mp4  ...                  0.301716
13  word_h2_22.mp4  ...                  0.296588
14  word_h2_22.mp4  ...                  0.320032
15  word_h2_22.mp4  ...                  0.332852
16  word_h2_22.mp4  ...                  0.328197
17  word_h2_22.mp4  ...                  0.334495
18  word_h2_22.mp4  ...                  0.327508
19  word_h2_22.mp4  ...                  0.324379
20  word_h2_22.mp4  ...                  0.329543
21  word_h2_22.mp4  ...                  0.321539
22  word_h2_22.mp4  ...                  0.289472
23  word_h2_22.mp4  ...                  0.282093
24  word_h2_22.mp4  ...                  0.294631
25  word_h2_22.mp4  ...                  0.268749
26  word_h2_22.mp4  ...                  0.231575
27  word_h2_22.mp4  ...                  0.191793
28  word_h2_22.mp4  ...                  0.180713
29  word_h2_22.mp4  ...                  0.180512
30  word_h2_22.mp4  ...                  0.150120
31  word_h2_22.mp4  ...                  0.165628
32  word_h2_22.mp4  ...                  0.176801
33  word_h2_22.mp4  ...                  0.175939
34  word_h2_22.mp4  ...                  0.163177
35  word_h2_22.mp4  ...                  0.164924
36  word_h2_22.mp4  ...                  0.186586
37  word_h2_22.mp4  ...                  0.186363
38  word_h2_22.mp4  ...                  0.172241
39  word_h2_22.mp4  ...                  0.158051
40  word_h2_22.mp4  ...                  0.186931
41  word_h2_22.mp4  ...                  0.178800
42  word_h2_22.mp4  ...                  0.149945
43  word_h2_22.mp4  ...                  0.155175
44  word_h2_22.mp4  ...                  0.150308
45  word_h2_22.mp4  ...                  0.153357
46  word_h2_22.mp4  ...                  0.145016
47  word_h2_22.mp4  ...                  0.141456

[48 rows x 30 columns]
csv file with predictions was saved to ../output/predictions_rf_position_female_cropped_word_h2_22.csv
Loaded model: ../trained_models/model_rf_shape_female_cropped.pkl
Loaded video: ../stimuli/words/mp4/word_h2_22.mp4
Extracting coordinates...
          fn_video frame_number   x_face0  ...  y_r_hand20  z_r_hand20  v_r_hand20
0   word_h2_22.mp4            6  0.492745  ...    1.076996   -0.001121         0.0
1   word_h2_22.mp4            7  0.492326  ...    0.997499    0.015438         0.0
2   word_h2_22.mp4            8  0.492233  ...    0.932534    0.001166         0.0
3   word_h2_22.mp4            9  0.491828  ...    0.890607    0.003531         0.0
4   word_h2_22.mp4           10  0.491815  ...    0.852911   -0.006617         0.0
5   word_h2_22.mp4           11  0.491474  ...    0.824484   -0.006983         0.0
6   word_h2_22.mp4           12  0.491322  ...    0.804479   -0.007620         0.0
7   word_h2_22.mp4           13  0.491262  ...    0.782093   -0.010227         0.0
8   word_h2_22.mp4           14  0.491421  ...    0.764150   -0.016868         0.0
9   word_h2_22.mp4           15  0.491837  ...    0.753519   -0.017294         0.0
10  word_h2_22.mp4           16  0.492262  ...    0.741292   -0.017169         0.0
11  word_h2_22.mp4           17  0.492898  ...    0.728892   -0.016291         0.0
12  word_h2_22.mp4           18  0.492894  ...    0.720958   -0.017640         0.0
13  word_h2_22.mp4           19  0.492892  ...    0.713834   -0.017180         0.0
14  word_h2_22.mp4           20  0.493628  ...    0.715665   -0.019223         0.0
15  word_h2_22.mp4           21  0.494394  ...    0.723779   -0.019426         0.0
16  word_h2_22.mp4           22  0.494558  ...    0.732120   -0.019346         0.0
17  word_h2_22.mp4           23  0.494501  ...    0.728942   -0.010223         0.0
18  word_h2_22.mp4           24  0.495029  ...    0.745252   -0.000109         0.0
19  word_h2_22.mp4           25  0.495437  ...    0.749391    0.004416         0.0
20  word_h2_22.mp4           26  0.495629  ...    0.753231    0.006371         0.0
21  word_h2_22.mp4           27  0.496356  ...    0.754429    0.004455         0.0
22  word_h2_22.mp4           28  0.497272  ...    0.745352    0.004054         0.0
23  word_h2_22.mp4           29  0.497052  ...    0.741892   -0.001908         0.0
24  word_h2_22.mp4           30  0.496156  ...    0.721247   -0.000098         0.0
25  word_h2_22.mp4           31  0.496567  ...    0.674988    0.011821         0.0
26  word_h2_22.mp4           32  0.496004  ...    0.624338   -0.006198         0.0
27  word_h2_22.mp4           33  0.496070  ...    0.596643   -0.022471         0.0
28  word_h2_22.mp4           34  0.495736  ...    0.583874   -0.012731         0.0
29  word_h2_22.mp4           35  0.495362  ...    0.581513   -0.009442         0.0
30  word_h2_22.mp4           36  0.494213  ...    0.581138   -0.007079         0.0
31  word_h2_22.mp4           37  0.494149  ...    0.580147   -0.006991         0.0
32  word_h2_22.mp4           38  0.493427  ...    0.580876   -0.011671         0.0
33  word_h2_22.mp4           39  0.493153  ...    0.584088   -0.015241         0.0
34  word_h2_22.mp4           40  0.493321  ...    0.586029   -0.015823         0.0
35  word_h2_22.mp4           41  0.493565  ...    0.587456   -0.014195         0.0
36  word_h2_22.mp4           42  0.493222  ...    0.587820   -0.011906         0.0
37  word_h2_22.mp4           43  0.492870  ...    0.587293   -0.010573         0.0
38  word_h2_22.mp4           44  0.492908  ...    0.587253   -0.011234         0.0
39  word_h2_22.mp4           45  0.493026  ...    0.589191   -0.016947         0.0
40  word_h2_22.mp4           46  0.492766  ...    0.593032   -0.018138         0.0
41  word_h2_22.mp4           47  0.492345  ...    0.600483   -0.024058         0.0
42  word_h2_22.mp4           48  0.492759  ...    0.611960   -0.011987         0.0
43  word_h2_22.mp4           49  0.492556  ...    0.643394    0.005590         0.0
44  word_h2_22.mp4           50  0.493199  ...    0.660106    0.012068         0.0
45  word_h2_22.mp4           51  0.492949  ...    0.670782    0.003037         0.0
46  word_h2_22.mp4           52  0.493604  ...    0.715036    0.002916         0.0
47  word_h2_22.mp4           53  0.494053  ...    0.740281    0.006910         0.0

[48 rows x 1958 columns]
Extracting features...
Face width computed for normalizaiton 0.16002556364520013
Features saved to: ../output/word_h2_22_features.csv
          fn_video  ... distance_r_hand6_r_hand10
0   word_h2_22.mp4  ...                  0.305204
1   word_h2_22.mp4  ...                  0.258690
2   word_h2_22.mp4  ...                  0.246766
3   word_h2_22.mp4  ...                  0.285323
4   word_h2_22.mp4  ...                  0.348916
5   word_h2_22.mp4  ...                  0.392070
6   word_h2_22.mp4  ...                  0.375441
7   word_h2_22.mp4  ...                  0.333816
8   word_h2_22.mp4  ...                  0.316536
9   word_h2_22.mp4  ...                  0.307823
10  word_h2_22.mp4  ...                  0.300067
11  word_h2_22.mp4  ...                  0.296302
12  word_h2_22.mp4  ...                  0.301716
13  word_h2_22.mp4  ...                  0.296588
14  word_h2_22.mp4  ...                  0.320032
15  word_h2_22.mp4  ...                  0.332852
16  word_h2_22.mp4  ...                  0.328197
17  word_h2_22.mp4  ...                  0.334495
18  word_h2_22.mp4  ...                  0.327508
19  word_h2_22.mp4  ...                  0.324379
20  word_h2_22.mp4  ...                  0.329543
21  word_h2_22.mp4  ...                  0.321539
22  word_h2_22.mp4  ...                  0.289472
23  word_h2_22.mp4  ...                  0.282093
24  word_h2_22.mp4  ...                  0.294631
25  word_h2_22.mp4  ...                  0.268749
26  word_h2_22.mp4  ...                  0.231575
27  word_h2_22.mp4  ...                  0.191793
28  word_h2_22.mp4  ...                  0.180713
29  word_h2_22.mp4  ...                  0.180512
30  word_h2_22.mp4  ...                  0.150120
31  word_h2_22.mp4  ...                  0.165628
32  word_h2_22.mp4  ...                  0.176801
33  word_h2_22.mp4  ...                  0.175939
34  word_h2_22.mp4  ...                  0.163177
35  word_h2_22.mp4  ...                  0.164924
36  word_h2_22.mp4  ...                  0.186586
37  word_h2_22.mp4  ...                  0.186363
38  word_h2_22.mp4  ...                  0.172241
39  word_h2_22.mp4  ...                  0.158051
40  word_h2_22.mp4  ...                  0.186931
41  word_h2_22.mp4  ...                  0.178800
42  word_h2_22.mp4  ...                  0.149945
43  word_h2_22.mp4  ...                  0.155175
44  word_h2_22.mp4  ...                  0.150308
45  word_h2_22.mp4  ...                  0.153357
46  word_h2_22.mp4  ...                  0.145016
47  word_h2_22.mp4  ...                  0.141456

[48 rows x 30 columns]
csv file with predictions was saved to ../output/predictions_rf_shape_female_cropped_word_h2_22.csv
