python is /network/lustre/iss02/home/annahita.sarre/anaconda3/envs/myenv/bin/python
Loaded model: ../trained_models/model_rf_position_female_cropped.pkl
Loaded video: ../stimuli/words/mp4/word_l1_22.mp4
Extracting coordinates...
          fn_video frame_number   x_face0  ...  y_r_hand20  z_r_hand20  v_r_hand20
0   word_l1_22.mp4            5  0.495794  ...    0.990234    0.025394         0.0
1   word_l1_22.mp4            6  0.495179  ...    0.966265    0.041884         0.0
2   word_l1_22.mp4            7  0.494305  ...    0.946356    0.039608         0.0
3   word_l1_22.mp4            8  0.493739  ...    0.895888    0.037493         0.0
4   word_l1_22.mp4            9  0.493115  ...    0.848872    0.036559         0.0
5   word_l1_22.mp4           10  0.491925  ...    0.800536    0.023156         0.0
6   word_l1_22.mp4           11  0.491917  ...    0.758904    0.013034         0.0
7   word_l1_22.mp4           12  0.490681  ...    0.721332    0.018128         0.0
8   word_l1_22.mp4           13  0.489715  ...    0.685537    0.003368         0.0
9   word_l1_22.mp4           14  0.489376  ...    0.649653    0.000177         0.0
10  word_l1_22.mp4           15  0.489208  ...    0.626105   -0.007935         0.0
11  word_l1_22.mp4           16  0.489356  ...    0.603747   -0.008085         0.0
12  word_l1_22.mp4           17  0.490050  ...    0.585646   -0.006593         0.0
13  word_l1_22.mp4           18  0.490312  ...    0.573070    0.004374         0.0
14  word_l1_22.mp4           19  0.490403  ...    0.562462   -0.000535         0.0
15  word_l1_22.mp4           20  0.490375  ...    0.558772   -0.007429         0.0
16  word_l1_22.mp4           21  0.490654  ...    0.556914   -0.009758         0.0
17  word_l1_22.mp4           22  0.490526  ...    0.558467   -0.016250         0.0
18  word_l1_22.mp4           23  0.490726  ...    0.561804   -0.025125         0.0
19  word_l1_22.mp4           24  0.490854  ...    0.574601   -0.021219         0.0
20  word_l1_22.mp4           25  0.491156  ...    0.591354   -0.020382         0.0
21  word_l1_22.mp4           26  0.491504  ...    0.613188   -0.002232         0.0
22  word_l1_22.mp4           27  0.491883  ...    0.636729    0.006440         0.0
23  word_l1_22.mp4           28  0.491845  ...    0.666616    0.007110         0.0
24  word_l1_22.mp4           29  0.492065  ...    0.703860    0.006512         0.0
25  word_l1_22.mp4           30  0.492192  ...    0.734139   -0.003883         0.0
26  word_l1_22.mp4           31  0.492280  ...    0.764194    0.002865         0.0
27  word_l1_22.mp4           32  0.491804  ...    0.798091    0.021709         0.0
28  word_l1_22.mp4           33  0.491284  ...    0.812366    0.054221         0.0
29  word_l1_22.mp4           34  0.491143  ...    0.809674    0.060038         0.0
30  word_l1_22.mp4           35  0.490886  ...    0.799489    0.076692         0.0
31  word_l1_22.mp4           36  0.490746  ...    0.772150    0.027791         0.0
32  word_l1_22.mp4           37  0.490164  ...    0.731382    0.025566         0.0
33  word_l1_22.mp4           38  0.490009  ...    0.685889    0.021914         0.0
34  word_l1_22.mp4           39  0.489762  ...    0.647275    0.023520         0.0
35  word_l1_22.mp4           40  0.489501  ...    0.625272    0.018443         0.0
36  word_l1_22.mp4           41  0.489774  ...    0.610927    0.011578         0.0
37  word_l1_22.mp4           42  0.489619  ...    0.603460   -0.004050         0.0
38  word_l1_22.mp4           43  0.489932  ...    0.598383    0.002001         0.0
39  word_l1_22.mp4           44  0.490135  ...    0.598996    0.006071         0.0
40  word_l1_22.mp4           45  0.490416  ...    0.601167    0.005710         0.0
41  word_l1_22.mp4           46  0.490338  ...    0.599660    0.004620         0.0
42  word_l1_22.mp4           47  0.490910  ...    0.602524    0.001746         0.0
43  word_l1_22.mp4           48  0.491273  ...    0.603494    0.002735         0.0
44  word_l1_22.mp4           49  0.491422  ...    0.606369    0.002587         0.0
45  word_l1_22.mp4           50  0.491303  ...    0.607844    0.005349         0.0
46  word_l1_22.mp4           51  0.490101  ...    0.609638    0.002241         0.0
47  word_l1_22.mp4           52  0.489931  ...    0.610010    0.000274         0.0
48  word_l1_22.mp4           53  0.489324  ...    0.608459    0.003254         0.0
49  word_l1_22.mp4           54  0.489352  ...    0.609512    0.003812         0.0
50  word_l1_22.mp4           55  0.489369  ...    0.608321    0.005922         0.0
51  word_l1_22.mp4           56  0.489225  ...    0.607584    0.005954         0.0
52  word_l1_22.mp4           57  0.489423  ...    0.607820    0.007435         0.0
53  word_l1_22.mp4           58  0.489456  ...    0.608872    0.007572         0.0
54  word_l1_22.mp4           59  0.489802  ...    0.612629    0.011473         0.0
55  word_l1_22.mp4           60  0.490115  ...    0.614371    0.008313         0.0
56  word_l1_22.mp4           61  0.490809  ...    0.626197    0.011496         0.0
57  word_l1_22.mp4           62  0.490960  ...    0.642252    0.008472         0.0
58  word_l1_22.mp4           63  0.491100  ...    0.684506    0.018336         0.0

[59 rows x 1958 columns]
Extracting features...
Face width computed for normalizaiton 0.1550450360813279
Features saved to: ../output/word_l1_22_features.csv
          fn_video  ... distance_r_hand6_r_hand10
0   word_l1_22.mp4  ...                  0.103190
1   word_l1_22.mp4  ...                  0.209308
2   word_l1_22.mp4  ...                  0.232438
3   word_l1_22.mp4  ...                  0.187523
4   word_l1_22.mp4  ...                  0.196430
5   word_l1_22.mp4  ...                  0.198954
6   word_l1_22.mp4  ...                  0.222204
7   word_l1_22.mp4  ...                  0.202777
8   word_l1_22.mp4  ...                  0.170845
9   word_l1_22.mp4  ...                  0.169225
10  word_l1_22.mp4  ...                  0.167084
11  word_l1_22.mp4  ...                  0.163645
12  word_l1_22.mp4  ...                  0.181026
13  word_l1_22.mp4  ...                  0.204772
14  word_l1_22.mp4  ...                  0.203852
15  word_l1_22.mp4  ...                  0.195588
16  word_l1_22.mp4  ...                  0.173487
17  word_l1_22.mp4  ...                  0.157073
18  word_l1_22.mp4  ...                  0.129321
19  word_l1_22.mp4  ...                  0.138620
20  word_l1_22.mp4  ...                  0.129524
21  word_l1_22.mp4  ...                  0.137998
22  word_l1_22.mp4  ...                  0.152230
23  word_l1_22.mp4  ...                  0.153886
24  word_l1_22.mp4  ...                  0.167936
25  word_l1_22.mp4  ...                  0.174845
26  word_l1_22.mp4  ...                  0.173928
27  word_l1_22.mp4  ...                  0.182607
28  word_l1_22.mp4  ...                  0.172662
29  word_l1_22.mp4  ...                  0.177493
30  word_l1_22.mp4  ...                  0.184427
31  word_l1_22.mp4  ...                  0.182260
32  word_l1_22.mp4  ...                  0.177635
33  word_l1_22.mp4  ...                  0.133805
34  word_l1_22.mp4  ...                  0.145495
35  word_l1_22.mp4  ...                  0.130146
36  word_l1_22.mp4  ...                  0.177311
37  word_l1_22.mp4  ...                  0.167264
38  word_l1_22.mp4  ...                  0.189898
39  word_l1_22.mp4  ...                  0.190075
40  word_l1_22.mp4  ...                  0.175245
41  word_l1_22.mp4  ...                  0.197569
42  word_l1_22.mp4  ...                  0.186956
43  word_l1_22.mp4  ...                  0.192448
44  word_l1_22.mp4  ...                  0.179620
45  word_l1_22.mp4  ...                  0.177692
46  word_l1_22.mp4  ...                  0.171564
47  word_l1_22.mp4  ...                  0.169704
48  word_l1_22.mp4  ...                  0.176195
49  word_l1_22.mp4  ...                  0.174369
50  word_l1_22.mp4  ...                  0.174720
51  word_l1_22.mp4  ...                  0.181676
52  word_l1_22.mp4  ...                  0.180204
53  word_l1_22.mp4  ...                  0.187834
54  word_l1_22.mp4  ...                  0.181802
55  word_l1_22.mp4  ...                  0.180526
56  word_l1_22.mp4  ...                  0.185499
57  word_l1_22.mp4  ...                  0.163058
58  word_l1_22.mp4  ...                  0.174733

[59 rows x 30 columns]
csv file with predictions was saved to ../output/predictions_rf_position_female_cropped_word_l1_22.csv
Loaded model: ../trained_models/model_rf_shape_female_cropped.pkl
Loaded video: ../stimuli/words/mp4/word_l1_22.mp4
Extracting coordinates...
          fn_video frame_number   x_face0  ...  y_r_hand20  z_r_hand20  v_r_hand20
0   word_l1_22.mp4            5  0.495794  ...    0.990234    0.025394         0.0
1   word_l1_22.mp4            6  0.495179  ...    0.966265    0.041884         0.0
2   word_l1_22.mp4            7  0.494305  ...    0.946356    0.039608         0.0
3   word_l1_22.mp4            8  0.493739  ...    0.895888    0.037493         0.0
4   word_l1_22.mp4            9  0.493115  ...    0.848872    0.036559         0.0
5   word_l1_22.mp4           10  0.491925  ...    0.800536    0.023156         0.0
6   word_l1_22.mp4           11  0.491917  ...    0.758904    0.013034         0.0
7   word_l1_22.mp4           12  0.490681  ...    0.721332    0.018128         0.0
8   word_l1_22.mp4           13  0.489715  ...    0.685537    0.003368         0.0
9   word_l1_22.mp4           14  0.489376  ...    0.649653    0.000177         0.0
10  word_l1_22.mp4           15  0.489208  ...    0.626105   -0.007935         0.0
11  word_l1_22.mp4           16  0.489356  ...    0.603747   -0.008085         0.0
12  word_l1_22.mp4           17  0.490050  ...    0.585646   -0.006593         0.0
13  word_l1_22.mp4           18  0.490312  ...    0.573070    0.004374         0.0
14  word_l1_22.mp4           19  0.490403  ...    0.562462   -0.000535         0.0
15  word_l1_22.mp4           20  0.490375  ...    0.558772   -0.007429         0.0
16  word_l1_22.mp4           21  0.490654  ...    0.556914   -0.009758         0.0
17  word_l1_22.mp4           22  0.490526  ...    0.558467   -0.016250         0.0
18  word_l1_22.mp4           23  0.490726  ...    0.561804   -0.025125         0.0
19  word_l1_22.mp4           24  0.490854  ...    0.574601   -0.021219         0.0
20  word_l1_22.mp4           25  0.491156  ...    0.591354   -0.020382         0.0
21  word_l1_22.mp4           26  0.491504  ...    0.613188   -0.002232         0.0
22  word_l1_22.mp4           27  0.491883  ...    0.636729    0.006440         0.0
23  word_l1_22.mp4           28  0.491845  ...    0.666616    0.007110         0.0
24  word_l1_22.mp4           29  0.492065  ...    0.703860    0.006512         0.0
25  word_l1_22.mp4           30  0.492192  ...    0.734139   -0.003883         0.0
26  word_l1_22.mp4           31  0.492280  ...    0.764194    0.002865         0.0
27  word_l1_22.mp4           32  0.491804  ...    0.798091    0.021709         0.0
28  word_l1_22.mp4           33  0.491284  ...    0.812366    0.054221         0.0
29  word_l1_22.mp4           34  0.491143  ...    0.809674    0.060038         0.0
30  word_l1_22.mp4           35  0.490886  ...    0.799489    0.076692         0.0
31  word_l1_22.mp4           36  0.490746  ...    0.772150    0.027791         0.0
32  word_l1_22.mp4           37  0.490164  ...    0.731382    0.025566         0.0
33  word_l1_22.mp4           38  0.490009  ...    0.685889    0.021914         0.0
34  word_l1_22.mp4           39  0.489762  ...    0.647275    0.023520         0.0
35  word_l1_22.mp4           40  0.489501  ...    0.625272    0.018443         0.0
36  word_l1_22.mp4           41  0.489774  ...    0.610927    0.011578         0.0
37  word_l1_22.mp4           42  0.489619  ...    0.603460   -0.004050         0.0
38  word_l1_22.mp4           43  0.489932  ...    0.598383    0.002001         0.0
39  word_l1_22.mp4           44  0.490135  ...    0.598996    0.006071         0.0
40  word_l1_22.mp4           45  0.490416  ...    0.601167    0.005710         0.0
41  word_l1_22.mp4           46  0.490338  ...    0.599660    0.004620         0.0
42  word_l1_22.mp4           47  0.490910  ...    0.602524    0.001746         0.0
43  word_l1_22.mp4           48  0.491273  ...    0.603494    0.002735         0.0
44  word_l1_22.mp4           49  0.491422  ...    0.606369    0.002587         0.0
45  word_l1_22.mp4           50  0.491303  ...    0.607844    0.005349         0.0
46  word_l1_22.mp4           51  0.490101  ...    0.609638    0.002241         0.0
47  word_l1_22.mp4           52  0.489931  ...    0.610010    0.000274         0.0
48  word_l1_22.mp4           53  0.489324  ...    0.608459    0.003254         0.0
49  word_l1_22.mp4           54  0.489352  ...    0.609512    0.003812         0.0
50  word_l1_22.mp4           55  0.489369  ...    0.608321    0.005922         0.0
51  word_l1_22.mp4           56  0.489225  ...    0.607584    0.005954         0.0
52  word_l1_22.mp4           57  0.489423  ...    0.607820    0.007435         0.0
53  word_l1_22.mp4           58  0.489456  ...    0.608872    0.007572         0.0
54  word_l1_22.mp4           59  0.489802  ...    0.612629    0.011473         0.0
55  word_l1_22.mp4           60  0.490115  ...    0.614371    0.008313         0.0
56  word_l1_22.mp4           61  0.490809  ...    0.626197    0.011496         0.0
57  word_l1_22.mp4           62  0.490960  ...    0.642252    0.008472         0.0
58  word_l1_22.mp4           63  0.491100  ...    0.684506    0.018336         0.0

[59 rows x 1958 columns]
Extracting features...
Face width computed for normalizaiton 0.1550450360813279
Features saved to: ../output/word_l1_22_features.csv
          fn_video  ... distance_r_hand6_r_hand10
0   word_l1_22.mp4  ...                  0.103190
1   word_l1_22.mp4  ...                  0.209308
2   word_l1_22.mp4  ...                  0.232438
3   word_l1_22.mp4  ...                  0.187523
4   word_l1_22.mp4  ...                  0.196430
5   word_l1_22.mp4  ...                  0.198954
6   word_l1_22.mp4  ...                  0.222204
7   word_l1_22.mp4  ...                  0.202777
8   word_l1_22.mp4  ...                  0.170845
9   word_l1_22.mp4  ...                  0.169225
10  word_l1_22.mp4  ...                  0.167084
11  word_l1_22.mp4  ...                  0.163645
12  word_l1_22.mp4  ...                  0.181026
13  word_l1_22.mp4  ...                  0.204772
14  word_l1_22.mp4  ...                  0.203852
15  word_l1_22.mp4  ...                  0.195588
16  word_l1_22.mp4  ...                  0.173487
17  word_l1_22.mp4  ...                  0.157073
18  word_l1_22.mp4  ...                  0.129321
19  word_l1_22.mp4  ...                  0.138620
20  word_l1_22.mp4  ...                  0.129524
21  word_l1_22.mp4  ...                  0.137998
22  word_l1_22.mp4  ...                  0.152230
23  word_l1_22.mp4  ...                  0.153886
24  word_l1_22.mp4  ...                  0.167936
25  word_l1_22.mp4  ...                  0.174845
26  word_l1_22.mp4  ...                  0.173928
27  word_l1_22.mp4  ...                  0.182607
28  word_l1_22.mp4  ...                  0.172662
29  word_l1_22.mp4  ...                  0.177493
30  word_l1_22.mp4  ...                  0.184427
31  word_l1_22.mp4  ...                  0.182260
32  word_l1_22.mp4  ...                  0.177635
33  word_l1_22.mp4  ...                  0.133805
34  word_l1_22.mp4  ...                  0.145495
35  word_l1_22.mp4  ...                  0.130146
36  word_l1_22.mp4  ...                  0.177311
37  word_l1_22.mp4  ...                  0.167264
38  word_l1_22.mp4  ...                  0.189898
39  word_l1_22.mp4  ...                  0.190075
40  word_l1_22.mp4  ...                  0.175245
41  word_l1_22.mp4  ...                  0.197569
42  word_l1_22.mp4  ...                  0.186956
43  word_l1_22.mp4  ...                  0.192448
44  word_l1_22.mp4  ...                  0.179620
45  word_l1_22.mp4  ...                  0.177692
46  word_l1_22.mp4  ...                  0.171564
47  word_l1_22.mp4  ...                  0.169704
48  word_l1_22.mp4  ...                  0.176195
49  word_l1_22.mp4  ...                  0.174369
50  word_l1_22.mp4  ...                  0.174720
51  word_l1_22.mp4  ...                  0.181676
52  word_l1_22.mp4  ...                  0.180204
53  word_l1_22.mp4  ...                  0.187834
54  word_l1_22.mp4  ...                  0.181802
55  word_l1_22.mp4  ...                  0.180526
56  word_l1_22.mp4  ...                  0.185499
57  word_l1_22.mp4  ...                  0.163058
58  word_l1_22.mp4  ...                  0.174733

[59 rows x 30 columns]
csv file with predictions was saved to ../output/predictions_rf_shape_female_cropped_word_l1_22.csv
