python is /network/lustre/iss02/home/annahita.sarre/anaconda3/envs/myenv/bin/python
Loaded model: ../trained_models/model_rf_position_female_cropped.pkl
Loaded video: ../stimuli/words/mp4/word_h2_21.mp4
Extracting coordinates...
          fn_video frame_number   x_face0  ...  y_r_hand20  z_r_hand20  v_r_hand20
0   word_h2_21.mp4            1  0.499167  ...    0.940583   -0.001510         0.0
1   word_h2_21.mp4            2  0.499231  ...    0.913131    0.017834         0.0
2   word_h2_21.mp4            3  0.499556  ...    0.887380    0.010953         0.0
3   word_h2_21.mp4            4  0.500208  ...    0.870305    0.018081         0.0
4   word_h2_21.mp4            5  0.500152  ...    0.849247    0.019364         0.0
5   word_h2_21.mp4            6  0.500567  ...    0.829473    0.027463         0.0
6   word_h2_21.mp4            7  0.501256  ...    0.813694    0.021724         0.0
7   word_h2_21.mp4            8  0.500905  ...    0.799377    0.017112         0.0
8   word_h2_21.mp4            9  0.500225  ...    0.788923    0.024139         0.0
9   word_h2_21.mp4           10  0.500135  ...    0.778127    0.026937         0.0
10  word_h2_21.mp4           11  0.499770  ...    0.766217    0.026695         0.0
11  word_h2_21.mp4           12  0.499574  ...    0.758724    0.020100         0.0
12  word_h2_21.mp4           13  0.498939  ...    0.747662    0.024672         0.0
13  word_h2_21.mp4           14  0.498558  ...    0.744469    0.033384         0.0
14  word_h2_21.mp4           15  0.498331  ...    0.738317    0.025172         0.0
15  word_h2_21.mp4           16  0.497472  ...    0.732922    0.026585         0.0
16  word_h2_21.mp4           17  0.496975  ...    0.731685    0.026908         0.0
17  word_h2_21.mp4           18  0.496403  ...    0.731478    0.028500         0.0
18  word_h2_21.mp4           19  0.497064  ...    0.731090    0.031374         0.0
19  word_h2_21.mp4           20  0.497444  ...    0.731792    0.030668         0.0
20  word_h2_21.mp4           21  0.497459  ...    0.734388    0.033078         0.0
21  word_h2_21.mp4           22  0.497970  ...    0.734316    0.031085         0.0
22  word_h2_21.mp4           23  0.498199  ...    0.734967    0.025241         0.0
23  word_h2_21.mp4           24  0.497880  ...    0.736410    0.026660         0.0
24  word_h2_21.mp4           25  0.497388  ...    0.730522    0.021305         0.0
25  word_h2_21.mp4           26  0.497995  ...    0.724243    0.029268         0.0
26  word_h2_21.mp4           27  0.497956  ...    0.706847    0.020441         0.0
27  word_h2_21.mp4           28  0.498215  ...    0.655905    0.034349         0.0
28  word_h2_21.mp4           29  0.498093  ...    0.618058    0.008610         0.0
29  word_h2_21.mp4           30  0.497836  ...    0.593670   -0.007277         0.0
30  word_h2_21.mp4           31  0.497657  ...    0.590984    0.000103         0.0
31  word_h2_21.mp4           32  0.498092  ...    0.596020    0.004706         0.0
32  word_h2_21.mp4           33  0.497593  ...    0.603198   -0.000732         0.0
33  word_h2_21.mp4           34  0.497298  ...    0.605412   -0.005964         0.0
34  word_h2_21.mp4           35  0.497231  ...    0.609080   -0.010613         0.0
35  word_h2_21.mp4           36  0.496890  ...    0.616357   -0.014355         0.0
36  word_h2_21.mp4           37  0.496464  ...    0.667216    0.015919         0.0
37  word_h2_21.mp4           38  0.495971  ...    0.691519    0.014992         0.0
38  word_h2_21.mp4           39  0.496004  ...    0.694329    0.021287         0.0
39  word_h2_21.mp4           40  0.495731  ...    0.696800    0.027591         0.0
40  word_h2_21.mp4           41  0.495133  ...    0.704288    0.023280         0.0
41  word_h2_21.mp4           42  0.494745  ...    0.702658    0.025829         0.0
42  word_h2_21.mp4           43  0.494827  ...    0.690735    0.024701         0.0
43  word_h2_21.mp4           44  0.494819  ...    0.692147    0.026219         0.0
44  word_h2_21.mp4           45  0.494684  ...    0.694235    0.018215         0.0
45  word_h2_21.mp4           46  0.494647  ...    0.698945    0.030562         0.0
46  word_h2_21.mp4           47  0.494495  ...    0.694422    0.020121         0.0
47  word_h2_21.mp4           48  0.494180  ...    0.698401    0.020785         0.0
48  word_h2_21.mp4           49  0.494525  ...    0.700438    0.022030         0.0
49  word_h2_21.mp4           50  0.494504  ...    0.698294    0.019941         0.0
50  word_h2_21.mp4           51  0.494492  ...    0.699844    0.019431         0.0
51  word_h2_21.mp4           52  0.494896  ...    0.716685    0.016376         0.0
52  word_h2_21.mp4           53  0.495182  ...    0.693280    0.023332         0.0
53  word_h2_21.mp4           54  0.495396  ...    0.706243    0.015543         0.0
54  word_h2_21.mp4           55  0.495555  ...    0.728119    0.006225         0.0

[55 rows x 1958 columns]
Extracting features...
Face width computed for normalizaiton 0.1603602091163207
Features saved to: ../output/word_h2_21_features.csv
          fn_video  ... distance_r_hand6_r_hand10
0   word_h2_21.mp4  ...                  0.343320
1   word_h2_21.mp4  ...                  0.334230
2   word_h2_21.mp4  ...                  0.333717
3   word_h2_21.mp4  ...                  0.319303
4   word_h2_21.mp4  ...                  0.300095
5   word_h2_21.mp4  ...                  0.298369
6   word_h2_21.mp4  ...                  0.296615
7   word_h2_21.mp4  ...                  0.284102
8   word_h2_21.mp4  ...                  0.283139
9   word_h2_21.mp4  ...                  0.299028
10  word_h2_21.mp4  ...                  0.308494
11  word_h2_21.mp4  ...                  0.314336
12  word_h2_21.mp4  ...                  0.322861
13  word_h2_21.mp4  ...                  0.338519
14  word_h2_21.mp4  ...                  0.345430
15  word_h2_21.mp4  ...                  0.347937
16  word_h2_21.mp4  ...                  0.351278
17  word_h2_21.mp4  ...                  0.363505
18  word_h2_21.mp4  ...                  0.343886
19  word_h2_21.mp4  ...                  0.335334
20  word_h2_21.mp4  ...                  0.350336
21  word_h2_21.mp4  ...                  0.354721
22  word_h2_21.mp4  ...                  0.355501
23  word_h2_21.mp4  ...                  0.358427
24  word_h2_21.mp4  ...                  0.337879
25  word_h2_21.mp4  ...                  0.295447
26  word_h2_21.mp4  ...                  0.279586
27  word_h2_21.mp4  ...                  0.225453
28  word_h2_21.mp4  ...                  0.182215
29  word_h2_21.mp4  ...                  0.148459
30  word_h2_21.mp4  ...                  0.219677
31  word_h2_21.mp4  ...                  0.185955
32  word_h2_21.mp4  ...                  0.175630
33  word_h2_21.mp4  ...                  0.181255
34  word_h2_21.mp4  ...                  0.162639
35  word_h2_21.mp4  ...                  0.163614
36  word_h2_21.mp4  ...                  0.145576
37  word_h2_21.mp4  ...                  0.195748
38  word_h2_21.mp4  ...                  0.202060
39  word_h2_21.mp4  ...                  0.242260
40  word_h2_21.mp4  ...                  0.227257
41  word_h2_21.mp4  ...                  0.231844
42  word_h2_21.mp4  ...                  0.227382
43  word_h2_21.mp4  ...                  0.226302
44  word_h2_21.mp4  ...                  0.213763
45  word_h2_21.mp4  ...                  0.235436
46  word_h2_21.mp4  ...                  0.215295
47  word_h2_21.mp4  ...                  0.221649
48  word_h2_21.mp4  ...                  0.223633
49  word_h2_21.mp4  ...                  0.213041
50  word_h2_21.mp4  ...                  0.203775
51  word_h2_21.mp4  ...                  0.170488
52  word_h2_21.mp4  ...                  0.164277
53  word_h2_21.mp4  ...                  0.161089
54  word_h2_21.mp4  ...                  0.160126

[55 rows x 30 columns]
csv file with predictions was saved to ../output/predictions_rf_position_female_cropped_word_h2_21.csv
Loaded model: ../trained_models/model_rf_shape_female_cropped.pkl
Loaded video: ../stimuli/words/mp4/word_h2_21.mp4
Extracting coordinates...
          fn_video frame_number   x_face0  ...  y_r_hand20  z_r_hand20  v_r_hand20
0   word_h2_21.mp4            1  0.499167  ...    0.940583   -0.001510         0.0
1   word_h2_21.mp4            2  0.499231  ...    0.913131    0.017834         0.0
2   word_h2_21.mp4            3  0.499556  ...    0.887380    0.010953         0.0
3   word_h2_21.mp4            4  0.500208  ...    0.870305    0.018081         0.0
4   word_h2_21.mp4            5  0.500152  ...    0.849247    0.019364         0.0
5   word_h2_21.mp4            6  0.500567  ...    0.829473    0.027463         0.0
6   word_h2_21.mp4            7  0.501256  ...    0.813694    0.021724         0.0
7   word_h2_21.mp4            8  0.500905  ...    0.799377    0.017112         0.0
8   word_h2_21.mp4            9  0.500225  ...    0.788923    0.024139         0.0
9   word_h2_21.mp4           10  0.500135  ...    0.778127    0.026937         0.0
10  word_h2_21.mp4           11  0.499770  ...    0.766217    0.026695         0.0
11  word_h2_21.mp4           12  0.499574  ...    0.758724    0.020100         0.0
12  word_h2_21.mp4           13  0.498939  ...    0.747662    0.024672         0.0
13  word_h2_21.mp4           14  0.498558  ...    0.744469    0.033384         0.0
14  word_h2_21.mp4           15  0.498331  ...    0.738317    0.025172         0.0
15  word_h2_21.mp4           16  0.497472  ...    0.732922    0.026585         0.0
16  word_h2_21.mp4           17  0.496975  ...    0.731685    0.026908         0.0
17  word_h2_21.mp4           18  0.496403  ...    0.731478    0.028500         0.0
18  word_h2_21.mp4           19  0.497064  ...    0.731090    0.031374         0.0
19  word_h2_21.mp4           20  0.497444  ...    0.731792    0.030668         0.0
20  word_h2_21.mp4           21  0.497459  ...    0.734388    0.033078         0.0
21  word_h2_21.mp4           22  0.497970  ...    0.734316    0.031085         0.0
22  word_h2_21.mp4           23  0.498199  ...    0.734967    0.025241         0.0
23  word_h2_21.mp4           24  0.497880  ...    0.736410    0.026660         0.0
24  word_h2_21.mp4           25  0.497388  ...    0.730522    0.021305         0.0
25  word_h2_21.mp4           26  0.497995  ...    0.724243    0.029268         0.0
26  word_h2_21.mp4           27  0.497956  ...    0.706847    0.020441         0.0
27  word_h2_21.mp4           28  0.498215  ...    0.655905    0.034349         0.0
28  word_h2_21.mp4           29  0.498093  ...    0.618058    0.008610         0.0
29  word_h2_21.mp4           30  0.497836  ...    0.593670   -0.007277         0.0
30  word_h2_21.mp4           31  0.497657  ...    0.590984    0.000103         0.0
31  word_h2_21.mp4           32  0.498092  ...    0.596020    0.004706         0.0
32  word_h2_21.mp4           33  0.497593  ...    0.603198   -0.000732         0.0
33  word_h2_21.mp4           34  0.497298  ...    0.605412   -0.005964         0.0
34  word_h2_21.mp4           35  0.497231  ...    0.609080   -0.010613         0.0
35  word_h2_21.mp4           36  0.496890  ...    0.616357   -0.014355         0.0
36  word_h2_21.mp4           37  0.496464  ...    0.667216    0.015919         0.0
37  word_h2_21.mp4           38  0.495971  ...    0.691519    0.014992         0.0
38  word_h2_21.mp4           39  0.496004  ...    0.694329    0.021287         0.0
39  word_h2_21.mp4           40  0.495731  ...    0.696800    0.027591         0.0
40  word_h2_21.mp4           41  0.495133  ...    0.704288    0.023280         0.0
41  word_h2_21.mp4           42  0.494745  ...    0.702658    0.025829         0.0
42  word_h2_21.mp4           43  0.494827  ...    0.690735    0.024701         0.0
43  word_h2_21.mp4           44  0.494819  ...    0.692147    0.026219         0.0
44  word_h2_21.mp4           45  0.494684  ...    0.694235    0.018215         0.0
45  word_h2_21.mp4           46  0.494647  ...    0.698945    0.030562         0.0
46  word_h2_21.mp4           47  0.494495  ...    0.694422    0.020121         0.0
47  word_h2_21.mp4           48  0.494180  ...    0.698401    0.020785         0.0
48  word_h2_21.mp4           49  0.494525  ...    0.700438    0.022030         0.0
49  word_h2_21.mp4           50  0.494504  ...    0.698294    0.019941         0.0
50  word_h2_21.mp4           51  0.494492  ...    0.699844    0.019431         0.0
51  word_h2_21.mp4           52  0.494896  ...    0.716685    0.016376         0.0
52  word_h2_21.mp4           53  0.495182  ...    0.693280    0.023332         0.0
53  word_h2_21.mp4           54  0.495396  ...    0.706243    0.015543         0.0
54  word_h2_21.mp4           55  0.495555  ...    0.728119    0.006225         0.0

[55 rows x 1958 columns]
Extracting features...
Face width computed for normalizaiton 0.1603602091163207
Features saved to: ../output/word_h2_21_features.csv
          fn_video  ... distance_r_hand6_r_hand10
0   word_h2_21.mp4  ...                  0.343320
1   word_h2_21.mp4  ...                  0.334230
2   word_h2_21.mp4  ...                  0.333717
3   word_h2_21.mp4  ...                  0.319303
4   word_h2_21.mp4  ...                  0.300095
5   word_h2_21.mp4  ...                  0.298369
6   word_h2_21.mp4  ...                  0.296615
7   word_h2_21.mp4  ...                  0.284102
8   word_h2_21.mp4  ...                  0.283139
9   word_h2_21.mp4  ...                  0.299028
10  word_h2_21.mp4  ...                  0.308494
11  word_h2_21.mp4  ...                  0.314336
12  word_h2_21.mp4  ...                  0.322861
13  word_h2_21.mp4  ...                  0.338519
14  word_h2_21.mp4  ...                  0.345430
15  word_h2_21.mp4  ...                  0.347937
16  word_h2_21.mp4  ...                  0.351278
17  word_h2_21.mp4  ...                  0.363505
18  word_h2_21.mp4  ...                  0.343886
19  word_h2_21.mp4  ...                  0.335334
20  word_h2_21.mp4  ...                  0.350336
21  word_h2_21.mp4  ...                  0.354721
22  word_h2_21.mp4  ...                  0.355501
23  word_h2_21.mp4  ...                  0.358427
24  word_h2_21.mp4  ...                  0.337879
25  word_h2_21.mp4  ...                  0.295447
26  word_h2_21.mp4  ...                  0.279586
27  word_h2_21.mp4  ...                  0.225453
28  word_h2_21.mp4  ...                  0.182215
29  word_h2_21.mp4  ...                  0.148459
30  word_h2_21.mp4  ...                  0.219677
31  word_h2_21.mp4  ...                  0.185955
32  word_h2_21.mp4  ...                  0.175630
33  word_h2_21.mp4  ...                  0.181255
34  word_h2_21.mp4  ...                  0.162639
35  word_h2_21.mp4  ...                  0.163614
36  word_h2_21.mp4  ...                  0.145576
37  word_h2_21.mp4  ...                  0.195748
38  word_h2_21.mp4  ...                  0.202060
39  word_h2_21.mp4  ...                  0.242260
40  word_h2_21.mp4  ...                  0.227257
41  word_h2_21.mp4  ...                  0.231844
42  word_h2_21.mp4  ...                  0.227382
43  word_h2_21.mp4  ...                  0.226302
44  word_h2_21.mp4  ...                  0.213763
45  word_h2_21.mp4  ...                  0.235436
46  word_h2_21.mp4  ...                  0.215295
47  word_h2_21.mp4  ...                  0.221649
48  word_h2_21.mp4  ...                  0.223633
49  word_h2_21.mp4  ...                  0.213041
50  word_h2_21.mp4  ...                  0.203775
51  word_h2_21.mp4  ...                  0.170488
52  word_h2_21.mp4  ...                  0.164277
53  word_h2_21.mp4  ...                  0.161089
54  word_h2_21.mp4  ...                  0.160126

[55 rows x 30 columns]
csv file with predictions was saved to ../output/predictions_rf_shape_female_cropped_word_h2_21.csv
