python is /network/lustre/iss02/home/annahita.sarre/anaconda3/envs/myenv/bin/python
Loaded model: ../trained_models/model_rf_position_female_cropped.pkl
Loaded video: ../stimuli/words/mp4/word_h2_08.mp4
Extracting coordinates...
          fn_video frame_number   x_face0  ...  y_r_hand20  z_r_hand20  v_r_hand20
0   word_h2_08.mp4            1  0.495987  ...    0.873399    0.018527         0.0
1   word_h2_08.mp4            2  0.495583  ...    0.852843    0.035176         0.0
2   word_h2_08.mp4            3  0.495452  ...    0.839108    0.033103         0.0
3   word_h2_08.mp4            4  0.495506  ...    0.830298    0.033285         0.0
4   word_h2_08.mp4            5  0.495976  ...    0.818940    0.031482         0.0
..             ...          ...       ...  ...         ...         ...         ...
65  word_h2_08.mp4           66  0.494499  ...    0.618904   -0.022784         0.0
66  word_h2_08.mp4           67  0.494566  ...    0.621363   -0.019167         0.0
67  word_h2_08.mp4           68  0.494407  ...    0.624438   -0.015223         0.0
68  word_h2_08.mp4           69  0.494219  ...    0.629167   -0.022864         0.0
69  word_h2_08.mp4           70  0.494182  ...    0.629222   -0.021512         0.0

[70 rows x 1958 columns]
Extracting features...
Face width computed for normalizaiton 0.16168655394465395
Features saved to: ../output/word_h2_08_features.csv
          fn_video  ... distance_r_hand6_r_hand10
0   word_h2_08.mp4  ...                  0.227287
1   word_h2_08.mp4  ...                  0.204456
2   word_h2_08.mp4  ...                  0.196277
3   word_h2_08.mp4  ...                  0.199201
4   word_h2_08.mp4  ...                  0.201987
..             ...  ...                       ...
65  word_h2_08.mp4  ...                  0.202635
66  word_h2_08.mp4  ...                  0.213412
67  word_h2_08.mp4  ...                  0.227683
68  word_h2_08.mp4  ...                  0.184924
69  word_h2_08.mp4  ...                  0.177547

[70 rows x 30 columns]
csv file with predictions was saved to ../output/predictions_rf_position_female_cropped_word_h2_08.csv
Loaded model: ../trained_models/model_rf_shape_female_cropped.pkl
Loaded video: ../stimuli/words/mp4/word_h2_08.mp4
Extracting coordinates...
          fn_video frame_number   x_face0  ...  y_r_hand20  z_r_hand20  v_r_hand20
0   word_h2_08.mp4            1  0.495987  ...    0.873399    0.018527         0.0
1   word_h2_08.mp4            2  0.495583  ...    0.852843    0.035176         0.0
2   word_h2_08.mp4            3  0.495452  ...    0.839108    0.033103         0.0
3   word_h2_08.mp4            4  0.495506  ...    0.830298    0.033285         0.0
4   word_h2_08.mp4            5  0.495976  ...    0.818940    0.031482         0.0
..             ...          ...       ...  ...         ...         ...         ...
65  word_h2_08.mp4           66  0.494499  ...    0.618904   -0.022784         0.0
66  word_h2_08.mp4           67  0.494566  ...    0.621363   -0.019167         0.0
67  word_h2_08.mp4           68  0.494407  ...    0.624438   -0.015223         0.0
68  word_h2_08.mp4           69  0.494219  ...    0.629167   -0.022864         0.0
69  word_h2_08.mp4           70  0.494182  ...    0.629222   -0.021512         0.0

[70 rows x 1958 columns]
Extracting features...
Face width computed for normalizaiton 0.16168655394465395
Features saved to: ../output/word_h2_08_features.csv
          fn_video  ... distance_r_hand6_r_hand10
0   word_h2_08.mp4  ...                  0.227287
1   word_h2_08.mp4  ...                  0.204456
2   word_h2_08.mp4  ...                  0.196277
3   word_h2_08.mp4  ...                  0.199201
4   word_h2_08.mp4  ...                  0.201987
..             ...  ...                       ...
65  word_h2_08.mp4  ...                  0.202635
66  word_h2_08.mp4  ...                  0.213412
67  word_h2_08.mp4  ...                  0.227683
68  word_h2_08.mp4  ...                  0.184924
69  word_h2_08.mp4  ...                  0.177547

[70 rows x 30 columns]
csv file with predictions was saved to ../output/predictions_rf_shape_female_cropped_word_h2_08.csv
