python is /network/lustre/iss02/home/annahita.sarre/anaconda3/envs/myenv/bin/python
Loaded model: ../trained_models/model_rf_position_female_cropped.pkl
Loaded video: ../stimuli/words/mp4/word_h1_31.mp4
Extracting coordinates...
          fn_video frame_number   x_face0  ...  y_r_hand20  z_r_hand20  v_r_hand20
0   word_h1_31.mp4            2  0.492406  ...    0.886373    0.078981         0.0
1   word_h1_31.mp4            3  0.492222  ...    0.887068   -0.004775         0.0
2   word_h1_31.mp4            4  0.491524  ...    0.860355    0.010241         0.0
3   word_h1_31.mp4            5  0.490897  ...    0.850293    0.019352         0.0
4   word_h1_31.mp4            6  0.491471  ...    0.835460    0.011417         0.0
..             ...          ...       ...  ...         ...         ...         ...
66  word_h1_31.mp4           68  0.496689  ...    0.777004    0.010624         0.0
67  word_h1_31.mp4           69  0.496441  ...    0.816461    0.012351         0.0
68  word_h1_31.mp4           70  0.496646  ...    0.845207    0.012688         0.0
69  word_h1_31.mp4           71  0.497141  ...    0.880137    0.013440         0.0
70  word_h1_31.mp4           72  0.497314  ...    0.915564    0.012037         0.0

[71 rows x 1958 columns]
Extracting features...
Face width computed for normalizaiton 0.1599252855742924
Features saved to: ../output/word_h1_31_features.csv
          fn_video  ... distance_r_hand6_r_hand10
0   word_h1_31.mp4  ...                  0.186567
1   word_h1_31.mp4  ...                  0.211248
2   word_h1_31.mp4  ...                  0.198115
3   word_h1_31.mp4  ...                  0.189627
4   word_h1_31.mp4  ...                  0.179463
..             ...  ...                       ...
66  word_h1_31.mp4  ...                  0.190321
67  word_h1_31.mp4  ...                  0.218096
68  word_h1_31.mp4  ...                  0.208051
69  word_h1_31.mp4  ...                  0.206095
70  word_h1_31.mp4  ...                  0.210397

[71 rows x 30 columns]
csv file with predictions was saved to ../output/predictions_rf_position_female_cropped_word_h1_31.csv
Loaded model: ../trained_models/model_rf_shape_female_cropped.pkl
Loaded video: ../stimuli/words/mp4/word_h1_31.mp4
Extracting coordinates...
          fn_video frame_number   x_face0  ...  y_r_hand20  z_r_hand20  v_r_hand20
0   word_h1_31.mp4            2  0.492406  ...    0.886373    0.078981         0.0
1   word_h1_31.mp4            3  0.492222  ...    0.887068   -0.004775         0.0
2   word_h1_31.mp4            4  0.491524  ...    0.860355    0.010241         0.0
3   word_h1_31.mp4            5  0.490897  ...    0.850293    0.019352         0.0
4   word_h1_31.mp4            6  0.491471  ...    0.835460    0.011417         0.0
..             ...          ...       ...  ...         ...         ...         ...
66  word_h1_31.mp4           68  0.496689  ...    0.777004    0.010624         0.0
67  word_h1_31.mp4           69  0.496441  ...    0.816461    0.012351         0.0
68  word_h1_31.mp4           70  0.496646  ...    0.845207    0.012688         0.0
69  word_h1_31.mp4           71  0.497141  ...    0.880137    0.013440         0.0
70  word_h1_31.mp4           72  0.497314  ...    0.915564    0.012037         0.0

[71 rows x 1958 columns]
Extracting features...
Face width computed for normalizaiton 0.1599252855742924
Features saved to: ../output/word_h1_31_features.csv
          fn_video  ... distance_r_hand6_r_hand10
0   word_h1_31.mp4  ...                  0.186567
1   word_h1_31.mp4  ...                  0.211248
2   word_h1_31.mp4  ...                  0.198115
3   word_h1_31.mp4  ...                  0.189627
4   word_h1_31.mp4  ...                  0.179463
..             ...  ...                       ...
66  word_h1_31.mp4  ...                  0.190321
67  word_h1_31.mp4  ...                  0.218096
68  word_h1_31.mp4  ...                  0.208051
69  word_h1_31.mp4  ...                  0.206095
70  word_h1_31.mp4  ...                  0.210397

[71 rows x 30 columns]
csv file with predictions was saved to ../output/predictions_rf_shape_female_cropped_word_h1_31.csv
