python is /network/lustre/iss02/home/annahita.sarre/anaconda3/envs/myenv/bin/python
Loaded model: ../trained_models/model_rf_position_female_cropped.pkl
Loaded video: ../stimuli/words/mp4/word_h1_20.mp4
Extracting coordinates...
          fn_video frame_number   x_face0  ...  y_r_hand20  z_r_hand20  v_r_hand20
0   word_h1_20.mp4            5  0.500879  ...    1.024082    0.010646         0.0
1   word_h1_20.mp4            6  0.501075  ...    0.958902    0.035755         0.0
2   word_h1_20.mp4            7  0.500746  ...    0.919780    0.011103         0.0
3   word_h1_20.mp4            8  0.500406  ...    0.873244    0.011787         0.0
4   word_h1_20.mp4            9  0.500847  ...    0.841554    0.028412         0.0
..             ...          ...       ...  ...         ...         ...         ...
64  word_h1_20.mp4           69  0.503946  ...    0.743598    0.014605         0.0
65  word_h1_20.mp4           70  0.503794  ...    0.751115    0.002486         0.0
66  word_h1_20.mp4           71  0.504000  ...    0.764118    0.005168         0.0
67  word_h1_20.mp4           72  0.503750  ...    0.777180    0.003624         0.0
68  word_h1_20.mp4           73  0.503996  ...    0.801017    0.000712         0.0

[69 rows x 1958 columns]
Extracting features...
Face width computed for normalizaiton 0.1614558404599179
Features saved to: ../output/word_h1_20_features.csv
          fn_video  ... distance_r_hand6_r_hand10
0   word_h1_20.mp4  ...                  0.249915
1   word_h1_20.mp4  ...                  0.227653
2   word_h1_20.mp4  ...                  0.221796
3   word_h1_20.mp4  ...                  0.201014
4   word_h1_20.mp4  ...                  0.198876
..             ...  ...                       ...
64  word_h1_20.mp4  ...                  0.183643
65  word_h1_20.mp4  ...                  0.175297
66  word_h1_20.mp4  ...                  0.178997
67  word_h1_20.mp4  ...                  0.178181
68  word_h1_20.mp4  ...                  0.182696

[69 rows x 30 columns]
csv file with predictions was saved to ../output/predictions_rf_position_female_cropped_word_h1_20.csv
Loaded model: ../trained_models/model_rf_shape_female_cropped.pkl
Loaded video: ../stimuli/words/mp4/word_h1_20.mp4
Extracting coordinates...
          fn_video frame_number   x_face0  ...  y_r_hand20  z_r_hand20  v_r_hand20
0   word_h1_20.mp4            5  0.500879  ...    1.024082    0.010646         0.0
1   word_h1_20.mp4            6  0.501075  ...    0.958902    0.035755         0.0
2   word_h1_20.mp4            7  0.500746  ...    0.919780    0.011103         0.0
3   word_h1_20.mp4            8  0.500406  ...    0.873244    0.011787         0.0
4   word_h1_20.mp4            9  0.500847  ...    0.841554    0.028412         0.0
..             ...          ...       ...  ...         ...         ...         ...
64  word_h1_20.mp4           69  0.503946  ...    0.743598    0.014605         0.0
65  word_h1_20.mp4           70  0.503794  ...    0.751115    0.002486         0.0
66  word_h1_20.mp4           71  0.504000  ...    0.764118    0.005168         0.0
67  word_h1_20.mp4           72  0.503750  ...    0.777180    0.003624         0.0
68  word_h1_20.mp4           73  0.503996  ...    0.801017    0.000712         0.0

[69 rows x 1958 columns]
Extracting features...
Face width computed for normalizaiton 0.1614558404599179
Features saved to: ../output/word_h1_20_features.csv
          fn_video  ... distance_r_hand6_r_hand10
0   word_h1_20.mp4  ...                  0.249915
1   word_h1_20.mp4  ...                  0.227653
2   word_h1_20.mp4  ...                  0.221796
3   word_h1_20.mp4  ...                  0.201014
4   word_h1_20.mp4  ...                  0.198876
..             ...  ...                       ...
64  word_h1_20.mp4  ...                  0.183643
65  word_h1_20.mp4  ...                  0.175297
66  word_h1_20.mp4  ...                  0.178997
67  word_h1_20.mp4  ...                  0.178181
68  word_h1_20.mp4  ...                  0.182696

[69 rows x 30 columns]
csv file with predictions was saved to ../output/predictions_rf_shape_female_cropped_word_h1_20.csv
