python is /network/lustre/iss02/home/annahita.sarre/anaconda3/envs/myenv/bin/python
Loaded model: ../trained_models/model_rf_position_female_cropped.pkl
Loaded video: ../stimuli/words/mp4/word_l0_05_pseudo.mp4
Extracting coordinates...
                 fn_video frame_number  ...  z_r_hand20  v_r_hand20
0   word_l0_05_pseudo.mp4            1  ...    0.038035         0.0
1   word_l0_05_pseudo.mp4            2  ...    0.033845         0.0
2   word_l0_05_pseudo.mp4            3  ...    0.022917         0.0
3   word_l0_05_pseudo.mp4            4  ...    0.006930         0.0
4   word_l0_05_pseudo.mp4            5  ...    0.017623         0.0
..                    ...          ...  ...         ...         ...
75  word_l0_05_pseudo.mp4           76  ...    0.004841         0.0
76  word_l0_05_pseudo.mp4           77  ...    0.008445         0.0
77  word_l0_05_pseudo.mp4           78  ...    0.021533         0.0
78  word_l0_05_pseudo.mp4           79  ...    0.050787         0.0
79  word_l0_05_pseudo.mp4           80  ...    0.033929         0.0

[80 rows x 1958 columns]
Extracting features...
Face width computed for normalizaiton 0.16127296029773244
Features saved to: ../output/word_l0_05_pseudo_features.csv
                 fn_video  ... distance_r_hand6_r_hand10
0   word_l0_05_pseudo.mp4  ...                  0.167086
1   word_l0_05_pseudo.mp4  ...                  0.165505
2   word_l0_05_pseudo.mp4  ...                  0.167745
3   word_l0_05_pseudo.mp4  ...                  0.159127
4   word_l0_05_pseudo.mp4  ...                  0.159693
..                    ...  ...                       ...
75  word_l0_05_pseudo.mp4  ...                  0.168801
76  word_l0_05_pseudo.mp4  ...                  0.180279
77  word_l0_05_pseudo.mp4  ...                  0.186306
78  word_l0_05_pseudo.mp4  ...                  0.186637
79  word_l0_05_pseudo.mp4  ...                  0.197357

[80 rows x 30 columns]
csv file with predictions was saved to ../output/predictions_rf_position_female_cropped_word_l0_05_pseudo.csv
Loaded model: ../trained_models/model_rf_shape_female_cropped.pkl
Loaded video: ../stimuli/words/mp4/word_l0_05_pseudo.mp4
Extracting coordinates...
                 fn_video frame_number  ...  z_r_hand20  v_r_hand20
0   word_l0_05_pseudo.mp4            1  ...    0.038035         0.0
1   word_l0_05_pseudo.mp4            2  ...    0.033845         0.0
2   word_l0_05_pseudo.mp4            3  ...    0.022917         0.0
3   word_l0_05_pseudo.mp4            4  ...    0.006930         0.0
4   word_l0_05_pseudo.mp4            5  ...    0.017623         0.0
..                    ...          ...  ...         ...         ...
75  word_l0_05_pseudo.mp4           76  ...    0.004841         0.0
76  word_l0_05_pseudo.mp4           77  ...    0.008445         0.0
77  word_l0_05_pseudo.mp4           78  ...    0.021533         0.0
78  word_l0_05_pseudo.mp4           79  ...    0.050787         0.0
79  word_l0_05_pseudo.mp4           80  ...    0.033929         0.0

[80 rows x 1958 columns]
Extracting features...
Face width computed for normalizaiton 0.16127296029773244
Features saved to: ../output/word_l0_05_pseudo_features.csv
                 fn_video  ... distance_r_hand6_r_hand10
0   word_l0_05_pseudo.mp4  ...                  0.167086
1   word_l0_05_pseudo.mp4  ...                  0.165505
2   word_l0_05_pseudo.mp4  ...                  0.167745
3   word_l0_05_pseudo.mp4  ...                  0.159127
4   word_l0_05_pseudo.mp4  ...                  0.159693
..                    ...  ...                       ...
75  word_l0_05_pseudo.mp4  ...                  0.168801
76  word_l0_05_pseudo.mp4  ...                  0.180279
77  word_l0_05_pseudo.mp4  ...                  0.186306
78  word_l0_05_pseudo.mp4  ...                  0.186637
79  word_l0_05_pseudo.mp4  ...                  0.197357

[80 rows x 30 columns]
csv file with predictions was saved to ../output/predictions_rf_shape_female_cropped_word_l0_05_pseudo.csv
