python is /network/lustre/iss02/home/annahita.sarre/anaconda3/envs/myenv/bin/python
Loaded model: ../trained_models/model_rf_position_female_cropped.pkl
Loaded video: ../stimuli/words/mp4/word_h2_16.mp4
Extracting coordinates...
          fn_video frame_number   x_face0  ...  y_r_hand20  z_r_hand20  v_r_hand20
0   word_h2_16.mp4            2  0.497613  ...    0.996868    0.073666         0.0
1   word_h2_16.mp4            3  0.497471  ...    0.999046    0.035887         0.0
2   word_h2_16.mp4            4  0.497521  ...    0.954279    0.018704         0.0
3   word_h2_16.mp4            5  0.496956  ...    0.908422    0.034802         0.0
4   word_h2_16.mp4            6  0.497155  ...    0.863493    0.024476         0.0
5   word_h2_16.mp4            7  0.496748  ...    0.811835    0.032332         0.0
6   word_h2_16.mp4            8  0.497121  ...    0.777425    0.025869         0.0
7   word_h2_16.mp4            9  0.496875  ...    0.737732    0.016233         0.0
8   word_h2_16.mp4           10  0.496655  ...    0.701177   -0.007488         0.0
9   word_h2_16.mp4           11  0.496520  ...    0.675146   -0.011429         0.0
10  word_h2_16.mp4           12  0.495974  ...    0.653924   -0.011948         0.0
11  word_h2_16.mp4           13  0.496634  ...    0.635462    0.013396         0.0
12  word_h2_16.mp4           14  0.497175  ...    0.618192   -0.012794         0.0
13  word_h2_16.mp4           15  0.497034  ...    0.601957   -0.015441         0.0
14  word_h2_16.mp4           16  0.497643  ...    0.592315   -0.018461         0.0
15  word_h2_16.mp4           17  0.498241  ...    0.587389   -0.032084         0.0
16  word_h2_16.mp4           18  0.498420  ...    0.583725   -0.040459         0.0
17  word_h2_16.mp4           19  0.498612  ...    0.580469   -0.036225         0.0
18  word_h2_16.mp4           20  0.498842  ...    0.583437   -0.041052         0.0
19  word_h2_16.mp4           21  0.498811  ...    0.629036    0.003496         0.0
20  word_h2_16.mp4           22  0.498666  ...    0.707505   -0.001422         0.0
21  word_h2_16.mp4           23  0.498435  ...    0.724302    0.000464         0.0
22  word_h2_16.mp4           24  0.498289  ...    0.732625   -0.008197         0.0
23  word_h2_16.mp4           25  0.498064  ...    0.741443   -0.001383         0.0
24  word_h2_16.mp4           26  0.498470  ...    0.748982    0.004296         0.0
25  word_h2_16.mp4           27  0.497471  ...    0.757250    0.004030         0.0
26  word_h2_16.mp4           28  0.498221  ...    0.762896    0.006230         0.0
27  word_h2_16.mp4           29  0.498343  ...    0.766054    0.010906         0.0
28  word_h2_16.mp4           30  0.498209  ...    0.768553    0.012393         0.0
29  word_h2_16.mp4           31  0.497910  ...    0.769596    0.011664         0.0
30  word_h2_16.mp4           32  0.497446  ...    0.769344    0.010250         0.0
31  word_h2_16.mp4           33  0.497364  ...    0.772452    0.016796         0.0
32  word_h2_16.mp4           34  0.496813  ...    0.769296    0.013953         0.0
33  word_h2_16.mp4           35  0.497036  ...    0.763452    0.008935         0.0
34  word_h2_16.mp4           36  0.497428  ...    0.752535    0.018589         0.0
35  word_h2_16.mp4           37  0.497223  ...    0.745744    0.016227         0.0
36  word_h2_16.mp4           38  0.497062  ...    0.739253    0.005648         0.0
37  word_h2_16.mp4           39  0.497211  ...    0.732579    0.007201         0.0
38  word_h2_16.mp4           40  0.496999  ...    0.729466    0.011089         0.0
39  word_h2_16.mp4           41  0.497202  ...    0.727477    0.006054         0.0
40  word_h2_16.mp4           42  0.496775  ...    0.723087   -0.001500         0.0
41  word_h2_16.mp4           43  0.496884  ...    0.706881    0.000227         0.0
42  word_h2_16.mp4           44  0.496666  ...    0.693851    0.010657         0.0
43  word_h2_16.mp4           45  0.496728  ...    0.675034    0.017675         0.0
44  word_h2_16.mp4           46  0.496444  ...    0.668097    0.014440         0.0
45  word_h2_16.mp4           47  0.496219  ...    0.711328    0.014663         0.0
46  word_h2_16.mp4           48  0.495895  ...    0.712262    0.022261         0.0
47  word_h2_16.mp4           49  0.495389  ...    0.713286    0.013083         0.0
48  word_h2_16.mp4           50  0.495461  ...    0.699197    0.015294         0.0
49  word_h2_16.mp4           51  0.495343  ...    0.728814    0.017329         0.0
50  word_h2_16.mp4           52  0.495367  ...    0.701051    0.019297         0.0
51  word_h2_16.mp4           53  0.495613  ...    0.707191    0.016394         0.0
52  word_h2_16.mp4           54  0.495064  ...    0.728659    0.012463         0.0
53  word_h2_16.mp4           55  0.494765  ...    0.734101    0.012170         0.0
54  word_h2_16.mp4           56  0.494532  ...    0.727303    0.010150         0.0
55  word_h2_16.mp4           57  0.494669  ...    0.754455    0.007866         0.0

[56 rows x 1958 columns]
Extracting features...
Face width computed for normalizaiton 0.16053518232753156
Features saved to: ../output/word_h2_16_features.csv
          fn_video  ... distance_r_hand6_r_hand10
0   word_h2_16.mp4  ...                  0.232390
1   word_h2_16.mp4  ...                  0.228415
2   word_h2_16.mp4  ...                  0.209875
3   word_h2_16.mp4  ...                  0.200731
4   word_h2_16.mp4  ...                  0.179908
5   word_h2_16.mp4  ...                  0.182261
6   word_h2_16.mp4  ...                  0.177387
7   word_h2_16.mp4  ...                  0.166759
8   word_h2_16.mp4  ...                  0.157901
9   word_h2_16.mp4  ...                  0.152122
10  word_h2_16.mp4  ...                  0.147566
11  word_h2_16.mp4  ...                  0.164865
12  word_h2_16.mp4  ...                  0.140478
13  word_h2_16.mp4  ...                  0.140425
14  word_h2_16.mp4  ...                  0.137336
15  word_h2_16.mp4  ...                  0.134309
16  word_h2_16.mp4  ...                  0.138470
17  word_h2_16.mp4  ...                  0.158741
18  word_h2_16.mp4  ...                  0.198966
19  word_h2_16.mp4  ...                  0.242837
20  word_h2_16.mp4  ...                  0.243957
21  word_h2_16.mp4  ...                  0.257502
22  word_h2_16.mp4  ...                  0.316553
23  word_h2_16.mp4  ...                  0.322921
24  word_h2_16.mp4  ...                  0.319358
25  word_h2_16.mp4  ...                  0.372493
26  word_h2_16.mp4  ...                  0.378241
27  word_h2_16.mp4  ...                  0.368821
28  word_h2_16.mp4  ...                  0.391003
29  word_h2_16.mp4  ...                  0.385200
30  word_h2_16.mp4  ...                  0.384531
31  word_h2_16.mp4  ...                  0.350496
32  word_h2_16.mp4  ...                  0.300157
33  word_h2_16.mp4  ...                  0.229180
34  word_h2_16.mp4  ...                  0.209283
35  word_h2_16.mp4  ...                  0.172345
36  word_h2_16.mp4  ...                  0.157314
37  word_h2_16.mp4  ...                  0.158908
38  word_h2_16.mp4  ...                  0.165799
39  word_h2_16.mp4  ...                  0.170617
40  word_h2_16.mp4  ...                  0.163854
41  word_h2_16.mp4  ...                  0.168091
42  word_h2_16.mp4  ...                  0.197719
43  word_h2_16.mp4  ...                  0.217286
44  word_h2_16.mp4  ...                  0.213123
45  word_h2_16.mp4  ...                  0.221688
46  word_h2_16.mp4  ...                  0.236848
47  word_h2_16.mp4  ...                  0.220843
48  word_h2_16.mp4  ...                  0.220630
49  word_h2_16.mp4  ...                  0.216845
50  word_h2_16.mp4  ...                  0.215897
51  word_h2_16.mp4  ...                  0.206727
52  word_h2_16.mp4  ...                  0.191957
53  word_h2_16.mp4  ...                  0.164072
54  word_h2_16.mp4  ...                  0.184722
55  word_h2_16.mp4  ...                  0.198787

[56 rows x 30 columns]
csv file with predictions was saved to ../output/predictions_rf_position_female_cropped_word_h2_16.csv
Loaded model: ../trained_models/model_rf_shape_female_cropped.pkl
Loaded video: ../stimuli/words/mp4/word_h2_16.mp4
Extracting coordinates...
          fn_video frame_number   x_face0  ...  y_r_hand20  z_r_hand20  v_r_hand20
0   word_h2_16.mp4            2  0.497613  ...    0.996868    0.073666         0.0
1   word_h2_16.mp4            3  0.497471  ...    0.999046    0.035887         0.0
2   word_h2_16.mp4            4  0.497521  ...    0.954279    0.018704         0.0
3   word_h2_16.mp4            5  0.496956  ...    0.908422    0.034802         0.0
4   word_h2_16.mp4            6  0.497155  ...    0.863493    0.024476         0.0
5   word_h2_16.mp4            7  0.496748  ...    0.811835    0.032332         0.0
6   word_h2_16.mp4            8  0.497121  ...    0.777425    0.025869         0.0
7   word_h2_16.mp4            9  0.496875  ...    0.737732    0.016233         0.0
8   word_h2_16.mp4           10  0.496655  ...    0.701177   -0.007488         0.0
9   word_h2_16.mp4           11  0.496520  ...    0.675146   -0.011429         0.0
10  word_h2_16.mp4           12  0.495974  ...    0.653924   -0.011948         0.0
11  word_h2_16.mp4           13  0.496634  ...    0.635462    0.013396         0.0
12  word_h2_16.mp4           14  0.497175  ...    0.618192   -0.012794         0.0
13  word_h2_16.mp4           15  0.497034  ...    0.601957   -0.015441         0.0
14  word_h2_16.mp4           16  0.497643  ...    0.592315   -0.018461         0.0
15  word_h2_16.mp4           17  0.498241  ...    0.587389   -0.032084         0.0
16  word_h2_16.mp4           18  0.498420  ...    0.583725   -0.040459         0.0
17  word_h2_16.mp4           19  0.498612  ...    0.580469   -0.036225         0.0
18  word_h2_16.mp4           20  0.498842  ...    0.583437   -0.041052         0.0
19  word_h2_16.mp4           21  0.498811  ...    0.629036    0.003496         0.0
20  word_h2_16.mp4           22  0.498666  ...    0.707505   -0.001422         0.0
21  word_h2_16.mp4           23  0.498435  ...    0.724302    0.000464         0.0
22  word_h2_16.mp4           24  0.498289  ...    0.732625   -0.008197         0.0
23  word_h2_16.mp4           25  0.498064  ...    0.741443   -0.001383         0.0
24  word_h2_16.mp4           26  0.498470  ...    0.748982    0.004296         0.0
25  word_h2_16.mp4           27  0.497471  ...    0.757250    0.004030         0.0
26  word_h2_16.mp4           28  0.498221  ...    0.762896    0.006230         0.0
27  word_h2_16.mp4           29  0.498343  ...    0.766054    0.010906         0.0
28  word_h2_16.mp4           30  0.498209  ...    0.768553    0.012393         0.0
29  word_h2_16.mp4           31  0.497910  ...    0.769596    0.011664         0.0
30  word_h2_16.mp4           32  0.497446  ...    0.769344    0.010250         0.0
31  word_h2_16.mp4           33  0.497364  ...    0.772452    0.016796         0.0
32  word_h2_16.mp4           34  0.496813  ...    0.769296    0.013953         0.0
33  word_h2_16.mp4           35  0.497036  ...    0.763452    0.008935         0.0
34  word_h2_16.mp4           36  0.497428  ...    0.752535    0.018589         0.0
35  word_h2_16.mp4           37  0.497223  ...    0.745744    0.016227         0.0
36  word_h2_16.mp4           38  0.497062  ...    0.739253    0.005648         0.0
37  word_h2_16.mp4           39  0.497211  ...    0.732579    0.007201         0.0
38  word_h2_16.mp4           40  0.496999  ...    0.729466    0.011089         0.0
39  word_h2_16.mp4           41  0.497202  ...    0.727477    0.006054         0.0
40  word_h2_16.mp4           42  0.496775  ...    0.723087   -0.001500         0.0
41  word_h2_16.mp4           43  0.496884  ...    0.706881    0.000227         0.0
42  word_h2_16.mp4           44  0.496666  ...    0.693851    0.010657         0.0
43  word_h2_16.mp4           45  0.496728  ...    0.675034    0.017675         0.0
44  word_h2_16.mp4           46  0.496444  ...    0.668097    0.014440         0.0
45  word_h2_16.mp4           47  0.496219  ...    0.711328    0.014663         0.0
46  word_h2_16.mp4           48  0.495895  ...    0.712262    0.022261         0.0
47  word_h2_16.mp4           49  0.495389  ...    0.713286    0.013083         0.0
48  word_h2_16.mp4           50  0.495461  ...    0.699197    0.015294         0.0
49  word_h2_16.mp4           51  0.495343  ...    0.728814    0.017329         0.0
50  word_h2_16.mp4           52  0.495367  ...    0.701051    0.019297         0.0
51  word_h2_16.mp4           53  0.495613  ...    0.707191    0.016394         0.0
52  word_h2_16.mp4           54  0.495064  ...    0.728659    0.012463         0.0
53  word_h2_16.mp4           55  0.494765  ...    0.734101    0.012170         0.0
54  word_h2_16.mp4           56  0.494532  ...    0.727303    0.010150         0.0
55  word_h2_16.mp4           57  0.494669  ...    0.754455    0.007866         0.0

[56 rows x 1958 columns]
Extracting features...
Face width computed for normalizaiton 0.16053518232753156
Features saved to: ../output/word_h2_16_features.csv
          fn_video  ... distance_r_hand6_r_hand10
0   word_h2_16.mp4  ...                  0.232390
1   word_h2_16.mp4  ...                  0.228415
2   word_h2_16.mp4  ...                  0.209875
3   word_h2_16.mp4  ...                  0.200731
4   word_h2_16.mp4  ...                  0.179908
5   word_h2_16.mp4  ...                  0.182261
6   word_h2_16.mp4  ...                  0.177387
7   word_h2_16.mp4  ...                  0.166759
8   word_h2_16.mp4  ...                  0.157901
9   word_h2_16.mp4  ...                  0.152122
10  word_h2_16.mp4  ...                  0.147566
11  word_h2_16.mp4  ...                  0.164865
12  word_h2_16.mp4  ...                  0.140478
13  word_h2_16.mp4  ...                  0.140425
14  word_h2_16.mp4  ...                  0.137336
15  word_h2_16.mp4  ...                  0.134309
16  word_h2_16.mp4  ...                  0.138470
17  word_h2_16.mp4  ...                  0.158741
18  word_h2_16.mp4  ...                  0.198966
19  word_h2_16.mp4  ...                  0.242837
20  word_h2_16.mp4  ...                  0.243957
21  word_h2_16.mp4  ...                  0.257502
22  word_h2_16.mp4  ...                  0.316553
23  word_h2_16.mp4  ...                  0.322921
24  word_h2_16.mp4  ...                  0.319358
25  word_h2_16.mp4  ...                  0.372493
26  word_h2_16.mp4  ...                  0.378241
27  word_h2_16.mp4  ...                  0.368821
28  word_h2_16.mp4  ...                  0.391003
29  word_h2_16.mp4  ...                  0.385200
30  word_h2_16.mp4  ...                  0.384531
31  word_h2_16.mp4  ...                  0.350496
32  word_h2_16.mp4  ...                  0.300157
33  word_h2_16.mp4  ...                  0.229180
34  word_h2_16.mp4  ...                  0.209283
35  word_h2_16.mp4  ...                  0.172345
36  word_h2_16.mp4  ...                  0.157314
37  word_h2_16.mp4  ...                  0.158908
38  word_h2_16.mp4  ...                  0.165799
39  word_h2_16.mp4  ...                  0.170617
40  word_h2_16.mp4  ...                  0.163854
41  word_h2_16.mp4  ...                  0.168091
42  word_h2_16.mp4  ...                  0.197719
43  word_h2_16.mp4  ...                  0.217286
44  word_h2_16.mp4  ...                  0.213123
45  word_h2_16.mp4  ...                  0.221688
46  word_h2_16.mp4  ...                  0.236848
47  word_h2_16.mp4  ...                  0.220843
48  word_h2_16.mp4  ...                  0.220630
49  word_h2_16.mp4  ...                  0.216845
50  word_h2_16.mp4  ...                  0.215897
51  word_h2_16.mp4  ...                  0.206727
52  word_h2_16.mp4  ...                  0.191957
53  word_h2_16.mp4  ...                  0.164072
54  word_h2_16.mp4  ...                  0.184722
55  word_h2_16.mp4  ...                  0.198787

[56 rows x 30 columns]
csv file with predictions was saved to ../output/predictions_rf_shape_female_cropped_word_h2_16.csv
