python is /network/lustre/iss02/home/annahita.sarre/anaconda3/envs/myenv/bin/python
Loaded model: ../trained_models/model_rf_position_female_cropped.pkl
Loaded video: ../stimuli/words/mp4/word_l2_30.mp4
Extracting coordinates...
          fn_video frame_number   x_face0  ...  y_r_hand20  z_r_hand20  v_r_hand20
0   word_l2_30.mp4            1  0.491829  ...    0.944613    0.026798         0.0
1   word_l2_30.mp4            2  0.490085  ...    0.868848    0.051763         0.0
2   word_l2_30.mp4            3  0.489322  ...    0.839572    0.038803         0.0
3   word_l2_30.mp4            4  0.488598  ...    0.798532    0.055352         0.0
4   word_l2_30.mp4            5  0.488310  ...    0.766411    0.043460         0.0
5   word_l2_30.mp4            6  0.487821  ...    0.765111    0.048706         0.0
6   word_l2_30.mp4            7  0.486852  ...    0.754584    0.029381         0.0
7   word_l2_30.mp4            8  0.486612  ...    0.738842    0.021191         0.0
8   word_l2_30.mp4            9  0.486452  ...    0.723652    0.019142         0.0
9   word_l2_30.mp4           10  0.486872  ...    0.707097    0.018394         0.0
10  word_l2_30.mp4           11  0.486695  ...    0.688810    0.014757         0.0
11  word_l2_30.mp4           12  0.487067  ...    0.660526    0.029044         0.0
12  word_l2_30.mp4           13  0.487105  ...    0.651655    0.006934         0.0
13  word_l2_30.mp4           14  0.487082  ...    0.642679    0.015609         0.0
14  word_l2_30.mp4           15  0.487364  ...    0.635526    0.019252         0.0
15  word_l2_30.mp4           16  0.487608  ...    0.630181    0.008548         0.0
16  word_l2_30.mp4           17  0.487669  ...    0.627260    0.009884         0.0
17  word_l2_30.mp4           18  0.488134  ...    0.628353    0.015560         0.0
18  word_l2_30.mp4           19  0.487646  ...    0.634260    0.009855         0.0
19  word_l2_30.mp4           20  0.487660  ...    0.641286    0.005134         0.0
20  word_l2_30.mp4           21  0.487964  ...    0.659502   -0.003802         0.0
21  word_l2_30.mp4           22  0.487957  ...    0.663410   -0.000136         0.0
22  word_l2_30.mp4           23  0.487967  ...    0.668372   -0.008048         0.0
23  word_l2_30.mp4           24  0.487806  ...    0.671477   -0.007575         0.0
24  word_l2_30.mp4           25  0.487911  ...    0.678686   -0.007089         0.0
25  word_l2_30.mp4           26  0.489182  ...    0.680739   -0.007081         0.0
26  word_l2_30.mp4           27  0.489099  ...    0.682043   -0.007886         0.0
27  word_l2_30.mp4           28  0.488066  ...    0.677773   -0.008424         0.0
28  word_l2_30.mp4           29  0.488513  ...    0.674292    0.000472         0.0
29  word_l2_30.mp4           30  0.488516  ...    0.663323    0.002550         0.0
30  word_l2_30.mp4           31  0.488799  ...    0.662081    0.001157         0.0
31  word_l2_30.mp4           32  0.488901  ...    0.659029   -0.000091         0.0
32  word_l2_30.mp4           33  0.488662  ...    0.657977    0.001295         0.0
33  word_l2_30.mp4           34  0.488792  ...    0.661492    0.001964         0.0
34  word_l2_30.mp4           35  0.488640  ...    0.661081    0.002421         0.0
35  word_l2_30.mp4           36  0.488868  ...    0.661272    0.000280         0.0
36  word_l2_30.mp4           37  0.488937  ...    0.662482    0.000851         0.0
37  word_l2_30.mp4           38  0.488913  ...    0.661854    0.002243         0.0
38  word_l2_30.mp4           39  0.488662  ...    0.662214    0.001798         0.0
39  word_l2_30.mp4           40  0.488357  ...    0.663391    0.000449         0.0
40  word_l2_30.mp4           41  0.487881  ...    0.666002   -0.001757         0.0
41  word_l2_30.mp4           42  0.487219  ...    0.669486    0.002712         0.0
42  word_l2_30.mp4           43  0.487084  ...    0.670277    0.000063         0.0
43  word_l2_30.mp4           44  0.486829  ...    0.673394    0.000838         0.0
44  word_l2_30.mp4           45  0.486886  ...    0.674194    0.001399         0.0

[45 rows x 1958 columns]
Extracting features...
Face width computed for normalizaiton 0.15507671834838055
Features saved to: ../output/word_l2_30_features.csv
          fn_video  ... distance_r_hand6_r_hand10
0   word_l2_30.mp4  ...                  0.195664
1   word_l2_30.mp4  ...                  0.183088
2   word_l2_30.mp4  ...                  0.182561
3   word_l2_30.mp4  ...                  0.184224
4   word_l2_30.mp4  ...                  0.183149
5   word_l2_30.mp4  ...                  0.150428
6   word_l2_30.mp4  ...                  0.148458
7   word_l2_30.mp4  ...                  0.145972
8   word_l2_30.mp4  ...                  0.142976
9   word_l2_30.mp4  ...                  0.137868
10  word_l2_30.mp4  ...                  0.138527
11  word_l2_30.mp4  ...                  0.174035
12  word_l2_30.mp4  ...                  0.141753
13  word_l2_30.mp4  ...                  0.172837
14  word_l2_30.mp4  ...                  0.209698
15  word_l2_30.mp4  ...                  0.194193
16  word_l2_30.mp4  ...                  0.197775
17  word_l2_30.mp4  ...                  0.235522
18  word_l2_30.mp4  ...                  0.240718
19  word_l2_30.mp4  ...                  0.319444
20  word_l2_30.mp4  ...                  0.364133
21  word_l2_30.mp4  ...                  0.395559
22  word_l2_30.mp4  ...                  0.410240
23  word_l2_30.mp4  ...                  0.407569
24  word_l2_30.mp4  ...                  0.406229
25  word_l2_30.mp4  ...                  0.402877
26  word_l2_30.mp4  ...                  0.400458
27  word_l2_30.mp4  ...                  0.421843
28  word_l2_30.mp4  ...                  0.389799
29  word_l2_30.mp4  ...                  0.350450
30  word_l2_30.mp4  ...                  0.339424
31  word_l2_30.mp4  ...                  0.340646
32  word_l2_30.mp4  ...                  0.335972
33  word_l2_30.mp4  ...                  0.329378
34  word_l2_30.mp4  ...                  0.328065
35  word_l2_30.mp4  ...                  0.322983
36  word_l2_30.mp4  ...                  0.326235
37  word_l2_30.mp4  ...                  0.320360
38  word_l2_30.mp4  ...                  0.321329
39  word_l2_30.mp4  ...                  0.321825
40  word_l2_30.mp4  ...                  0.322773
41  word_l2_30.mp4  ...                  0.311849
42  word_l2_30.mp4  ...                  0.312188
43  word_l2_30.mp4  ...                  0.299410
44  word_l2_30.mp4  ...                  0.285646

[45 rows x 30 columns]
csv file with predictions was saved to ../output/predictions_rf_position_female_cropped_word_l2_30.csv
Loaded model: ../trained_models/model_rf_shape_female_cropped.pkl
Loaded video: ../stimuli/words/mp4/word_l2_30.mp4
Extracting coordinates...
          fn_video frame_number   x_face0  ...  y_r_hand20  z_r_hand20  v_r_hand20
0   word_l2_30.mp4            1  0.491829  ...    0.944613    0.026798         0.0
1   word_l2_30.mp4            2  0.490085  ...    0.868848    0.051763         0.0
2   word_l2_30.mp4            3  0.489322  ...    0.839572    0.038803         0.0
3   word_l2_30.mp4            4  0.488598  ...    0.798532    0.055352         0.0
4   word_l2_30.mp4            5  0.488310  ...    0.766411    0.043460         0.0
5   word_l2_30.mp4            6  0.487821  ...    0.765111    0.048706         0.0
6   word_l2_30.mp4            7  0.486852  ...    0.754584    0.029381         0.0
7   word_l2_30.mp4            8  0.486612  ...    0.738842    0.021191         0.0
8   word_l2_30.mp4            9  0.486452  ...    0.723652    0.019142         0.0
9   word_l2_30.mp4           10  0.486872  ...    0.707097    0.018394         0.0
10  word_l2_30.mp4           11  0.486695  ...    0.688810    0.014757         0.0
11  word_l2_30.mp4           12  0.487067  ...    0.660526    0.029044         0.0
12  word_l2_30.mp4           13  0.487105  ...    0.651655    0.006934         0.0
13  word_l2_30.mp4           14  0.487082  ...    0.642679    0.015609         0.0
14  word_l2_30.mp4           15  0.487364  ...    0.635526    0.019252         0.0
15  word_l2_30.mp4           16  0.487608  ...    0.630181    0.008548         0.0
16  word_l2_30.mp4           17  0.487669  ...    0.627260    0.009884         0.0
17  word_l2_30.mp4           18  0.488134  ...    0.628353    0.015560         0.0
18  word_l2_30.mp4           19  0.487646  ...    0.634260    0.009855         0.0
19  word_l2_30.mp4           20  0.487660  ...    0.641286    0.005134         0.0
20  word_l2_30.mp4           21  0.487964  ...    0.659502   -0.003802         0.0
21  word_l2_30.mp4           22  0.487957  ...    0.663410   -0.000136         0.0
22  word_l2_30.mp4           23  0.487967  ...    0.668372   -0.008048         0.0
23  word_l2_30.mp4           24  0.487806  ...    0.671477   -0.007575         0.0
24  word_l2_30.mp4           25  0.487911  ...    0.678686   -0.007089         0.0
25  word_l2_30.mp4           26  0.489182  ...    0.680739   -0.007081         0.0
26  word_l2_30.mp4           27  0.489099  ...    0.682043   -0.007886         0.0
27  word_l2_30.mp4           28  0.488066  ...    0.677773   -0.008424         0.0
28  word_l2_30.mp4           29  0.488513  ...    0.674292    0.000472         0.0
29  word_l2_30.mp4           30  0.488516  ...    0.663323    0.002550         0.0
30  word_l2_30.mp4           31  0.488799  ...    0.662081    0.001157         0.0
31  word_l2_30.mp4           32  0.488901  ...    0.659029   -0.000091         0.0
32  word_l2_30.mp4           33  0.488662  ...    0.657977    0.001295         0.0
33  word_l2_30.mp4           34  0.488792  ...    0.661492    0.001964         0.0
34  word_l2_30.mp4           35  0.488640  ...    0.661081    0.002421         0.0
35  word_l2_30.mp4           36  0.488868  ...    0.661272    0.000280         0.0
36  word_l2_30.mp4           37  0.488937  ...    0.662482    0.000851         0.0
37  word_l2_30.mp4           38  0.488913  ...    0.661854    0.002243         0.0
38  word_l2_30.mp4           39  0.488662  ...    0.662214    0.001798         0.0
39  word_l2_30.mp4           40  0.488357  ...    0.663391    0.000449         0.0
40  word_l2_30.mp4           41  0.487881  ...    0.666002   -0.001757         0.0
41  word_l2_30.mp4           42  0.487219  ...    0.669486    0.002712         0.0
42  word_l2_30.mp4           43  0.487084  ...    0.670277    0.000063         0.0
43  word_l2_30.mp4           44  0.486829  ...    0.673394    0.000838         0.0
44  word_l2_30.mp4           45  0.486886  ...    0.674194    0.001399         0.0

[45 rows x 1958 columns]
Extracting features...
Face width computed for normalizaiton 0.15507671834838055
Features saved to: ../output/word_l2_30_features.csv
          fn_video  ... distance_r_hand6_r_hand10
0   word_l2_30.mp4  ...                  0.195664
1   word_l2_30.mp4  ...                  0.183088
2   word_l2_30.mp4  ...                  0.182561
3   word_l2_30.mp4  ...                  0.184224
4   word_l2_30.mp4  ...                  0.183149
5   word_l2_30.mp4  ...                  0.150428
6   word_l2_30.mp4  ...                  0.148458
7   word_l2_30.mp4  ...                  0.145972
8   word_l2_30.mp4  ...                  0.142976
9   word_l2_30.mp4  ...                  0.137868
10  word_l2_30.mp4  ...                  0.138527
11  word_l2_30.mp4  ...                  0.174035
12  word_l2_30.mp4  ...                  0.141753
13  word_l2_30.mp4  ...                  0.172837
14  word_l2_30.mp4  ...                  0.209698
15  word_l2_30.mp4  ...                  0.194193
16  word_l2_30.mp4  ...                  0.197775
17  word_l2_30.mp4  ...                  0.235522
18  word_l2_30.mp4  ...                  0.240718
19  word_l2_30.mp4  ...                  0.319444
20  word_l2_30.mp4  ...                  0.364133
21  word_l2_30.mp4  ...                  0.395559
22  word_l2_30.mp4  ...                  0.410240
23  word_l2_30.mp4  ...                  0.407569
24  word_l2_30.mp4  ...                  0.406229
25  word_l2_30.mp4  ...                  0.402877
26  word_l2_30.mp4  ...                  0.400458
27  word_l2_30.mp4  ...                  0.421843
28  word_l2_30.mp4  ...                  0.389799
29  word_l2_30.mp4  ...                  0.350450
30  word_l2_30.mp4  ...                  0.339424
31  word_l2_30.mp4  ...                  0.340646
32  word_l2_30.mp4  ...                  0.335972
33  word_l2_30.mp4  ...                  0.329378
34  word_l2_30.mp4  ...                  0.328065
35  word_l2_30.mp4  ...                  0.322983
36  word_l2_30.mp4  ...                  0.326235
37  word_l2_30.mp4  ...                  0.320360
38  word_l2_30.mp4  ...                  0.321329
39  word_l2_30.mp4  ...                  0.321825
40  word_l2_30.mp4  ...                  0.322773
41  word_l2_30.mp4  ...                  0.311849
42  word_l2_30.mp4  ...                  0.312188
43  word_l2_30.mp4  ...                  0.299410
44  word_l2_30.mp4  ...                  0.285646

[45 rows x 30 columns]
csv file with predictions was saved to ../output/predictions_rf_shape_female_cropped_word_l2_30.csv
