python is /network/lustre/iss02/home/annahita.sarre/anaconda3/envs/myenv/bin/python
Loaded model: ../trained_models/model_rf_position_female_cropped.pkl
Loaded video: ../stimuli/words/mp4/word_h1_32.mp4
Extracting coordinates...
          fn_video frame_number   x_face0  ...  y_r_hand20  z_r_hand20  v_r_hand20
0   word_h1_32.mp4            3  0.495155  ...    0.851776   -0.000518         0.0
1   word_h1_32.mp4            4  0.495199  ...    0.806628    0.029134         0.0
2   word_h1_32.mp4            5  0.495406  ...    0.760279    0.030107         0.0
3   word_h1_32.mp4            6  0.495699  ...    0.733415    0.030134         0.0
4   word_h1_32.mp4            7  0.495702  ...    0.702072    0.029763         0.0
..             ...          ...       ...  ...         ...         ...         ...
65  word_h1_32.mp4           68  0.497764  ...    0.859933    0.011651         0.0
66  word_h1_32.mp4           69  0.497672  ...    0.886893    0.009287         0.0
67  word_h1_32.mp4           70  0.497808  ...    0.912452    0.006172         0.0
68  word_h1_32.mp4           71  0.497902  ...    0.938450    0.007526         0.0
69  word_h1_32.mp4           72  0.497670  ...    0.971312    0.006359         0.0

[70 rows x 1958 columns]
Extracting features...
Face width computed for normalizaiton 0.16020916164825316
Features saved to: ../output/word_h1_32_features.csv
          fn_video  ... distance_r_hand6_r_hand10
0   word_h1_32.mp4  ...                  0.178000
1   word_h1_32.mp4  ...                  0.188632
2   word_h1_32.mp4  ...                  0.173247
3   word_h1_32.mp4  ...                  0.163425
4   word_h1_32.mp4  ...                  0.181745
..             ...  ...                       ...
65  word_h1_32.mp4  ...                  0.199413
66  word_h1_32.mp4  ...                  0.206496
67  word_h1_32.mp4  ...                  0.208744
68  word_h1_32.mp4  ...                  0.222012
69  word_h1_32.mp4  ...                  0.229145

[70 rows x 30 columns]
csv file with predictions was saved to ../output/predictions_rf_position_female_cropped_word_h1_32.csv
Loaded model: ../trained_models/model_rf_shape_female_cropped.pkl
Loaded video: ../stimuli/words/mp4/word_h1_32.mp4
Extracting coordinates...
          fn_video frame_number   x_face0  ...  y_r_hand20  z_r_hand20  v_r_hand20
0   word_h1_32.mp4            3  0.495155  ...    0.851776   -0.000518         0.0
1   word_h1_32.mp4            4  0.495199  ...    0.806628    0.029134         0.0
2   word_h1_32.mp4            5  0.495406  ...    0.760279    0.030107         0.0
3   word_h1_32.mp4            6  0.495699  ...    0.733415    0.030134         0.0
4   word_h1_32.mp4            7  0.495702  ...    0.702072    0.029763         0.0
..             ...          ...       ...  ...         ...         ...         ...
65  word_h1_32.mp4           68  0.497764  ...    0.859933    0.011651         0.0
66  word_h1_32.mp4           69  0.497672  ...    0.886893    0.009287         0.0
67  word_h1_32.mp4           70  0.497808  ...    0.912452    0.006172         0.0
68  word_h1_32.mp4           71  0.497902  ...    0.938450    0.007526         0.0
69  word_h1_32.mp4           72  0.497670  ...    0.971312    0.006359         0.0

[70 rows x 1958 columns]
Extracting features...
Face width computed for normalizaiton 0.16020916164825316
Features saved to: ../output/word_h1_32_features.csv
          fn_video  ... distance_r_hand6_r_hand10
0   word_h1_32.mp4  ...                  0.178000
1   word_h1_32.mp4  ...                  0.188632
2   word_h1_32.mp4  ...                  0.173247
3   word_h1_32.mp4  ...                  0.163425
4   word_h1_32.mp4  ...                  0.181745
..             ...  ...                       ...
65  word_h1_32.mp4  ...                  0.199413
66  word_h1_32.mp4  ...                  0.206496
67  word_h1_32.mp4  ...                  0.208744
68  word_h1_32.mp4  ...                  0.222012
69  word_h1_32.mp4  ...                  0.229145

[70 rows x 30 columns]
csv file with predictions was saved to ../output/predictions_rf_shape_female_cropped_word_h1_32.csv
Visualization for: ../stimuli/words/mp4/word_h1_32.mp4
32
