python is /network/lustre/iss02/home/annahita.sarre/anaconda3/envs/myenv/bin/python
Loaded model: ../trained_models/model_rf_position_female_cropped.pkl
Loaded video: ../stimuli/words/mp4/word_l2_18.mp4
Extracting coordinates...
          fn_video frame_number   x_face0  ...  y_r_hand20  z_r_hand20  v_r_hand20
0   word_l2_18.mp4            4  0.498868  ...    1.026171    0.042169         0.0
1   word_l2_18.mp4            5  0.499133  ...    0.972192    0.025722         0.0
2   word_l2_18.mp4            6  0.498789  ...    0.923570    0.030888         0.0
3   word_l2_18.mp4            7  0.498428  ...    0.889357    0.020273         0.0
4   word_l2_18.mp4            8  0.497901  ...    0.845714    0.023000         0.0
5   word_l2_18.mp4            9  0.497673  ...    0.818220    0.017800         0.0
6   word_l2_18.mp4           10  0.496975  ...    0.788017    0.019799         0.0
7   word_l2_18.mp4           11  0.497099  ...    0.758839    0.038801         0.0
8   word_l2_18.mp4           12  0.496966  ...    0.739080    0.037732         0.0
9   word_l2_18.mp4           13  0.496639  ...    0.711785    0.023704         0.0
10  word_l2_18.mp4           14  0.497117  ...    0.696928    0.021866         0.0
11  word_l2_18.mp4           15  0.497531  ...    0.677374    0.002963         0.0
12  word_l2_18.mp4           16  0.497520  ...    0.656709   -0.001861         0.0
13  word_l2_18.mp4           17  0.497851  ...    0.630359    0.003785         0.0
14  word_l2_18.mp4           18  0.497624  ...    0.611638    0.000488         0.0
15  word_l2_18.mp4           19  0.498146  ...    0.585677   -0.000510         0.0
16  word_l2_18.mp4           20  0.497876  ...    0.567799    0.000192         0.0
17  word_l2_18.mp4           21  0.497635  ...    0.556839   -0.000019         0.0
18  word_l2_18.mp4           22  0.497406  ...    0.553124   -0.006699         0.0
19  word_l2_18.mp4           23  0.497376  ...    0.551232   -0.023094         0.0
20  word_l2_18.mp4           24  0.497507  ...    0.554496   -0.021248         0.0
21  word_l2_18.mp4           25  0.497754  ...    0.561786   -0.021589         0.0
22  word_l2_18.mp4           26  0.497456  ...    0.562508   -0.015725         0.0
23  word_l2_18.mp4           27  0.497299  ...    0.572349   -0.013098         0.0
24  word_l2_18.mp4           28  0.497253  ...    0.577770   -0.013223         0.0
25  word_l2_18.mp4           29  0.496610  ...    0.583510   -0.010769         0.0
26  word_l2_18.mp4           30  0.497241  ...    0.593091   -0.005925         0.0
27  word_l2_18.mp4           31  0.496950  ...    0.605122   -0.002554         0.0
28  word_l2_18.mp4           32  0.497538  ...    0.610357    0.001935         0.0
29  word_l2_18.mp4           33  0.497903  ...    0.622708   -0.004286         0.0
30  word_l2_18.mp4           34  0.498269  ...    0.634486    0.011967         0.0
31  word_l2_18.mp4           35  0.499520  ...    0.716437   -0.000868         0.0
32  word_l2_18.mp4           36  0.500053  ...    0.727573    0.001118         0.0
33  word_l2_18.mp4           37  0.500869  ...    0.736888    0.000008         0.0
34  word_l2_18.mp4           38  0.501123  ...    0.744326    0.000939         0.0
35  word_l2_18.mp4           39  0.501106  ...    0.749349    0.003561         0.0
36  word_l2_18.mp4           40  0.501415  ...    0.752546    0.001622         0.0
37  word_l2_18.mp4           41  0.501603  ...    0.751238    0.004089         0.0
38  word_l2_18.mp4           42  0.502631  ...    0.751703    0.006502         0.0
39  word_l2_18.mp4           43  0.502607  ...    0.750965    0.011151         0.0
40  word_l2_18.mp4           44  0.502564  ...    0.747808    0.009395         0.0
41  word_l2_18.mp4           45  0.502505  ...    0.746311    0.008203         0.0
42  word_l2_18.mp4           46  0.502541  ...    0.745983    0.006975         0.0
43  word_l2_18.mp4           47  0.502054  ...    0.746218    0.006827         0.0
44  word_l2_18.mp4           48  0.501272  ...    0.748560    0.005979         0.0
45  word_l2_18.mp4           49  0.501695  ...    0.747587    0.006464         0.0
46  word_l2_18.mp4           50  0.500608  ...    0.749707    0.006680         0.0
47  word_l2_18.mp4           51  0.499401  ...    0.748961    0.005848         0.0
48  word_l2_18.mp4           52  0.499321  ...    0.753208    0.004378         0.0
49  word_l2_18.mp4           53  0.498853  ...    0.754539    0.004028         0.0
50  word_l2_18.mp4           54  0.498291  ...    0.759175    0.004076         0.0
51  word_l2_18.mp4           55  0.498252  ...    0.762754    0.003720         0.0
52  word_l2_18.mp4           56  0.498171  ...    0.764588    0.005158         0.0
53  word_l2_18.mp4           57  0.498388  ...    0.768489    0.007546         0.0
54  word_l2_18.mp4           58  0.498043  ...    0.772695    0.008922         0.0
55  word_l2_18.mp4           59  0.497992  ...    0.779319    0.005200         0.0
56  word_l2_18.mp4           60  0.497988  ...    0.788535    0.008537         0.0
57  word_l2_18.mp4           61  0.498227  ...    0.797761    0.007485         0.0
58  word_l2_18.mp4           62  0.497910  ...    0.800697    0.010787         0.0
59  word_l2_18.mp4           63  0.497659  ...    0.812196    0.013544         0.0

[60 rows x 1958 columns]
Extracting features...
Face width computed for normalizaiton 0.1566872393086025
Features saved to: ../output/word_l2_18_features.csv
          fn_video  ... distance_r_hand6_r_hand10
0   word_l2_18.mp4  ...                  0.154511
1   word_l2_18.mp4  ...                  0.209962
2   word_l2_18.mp4  ...                  0.198497
3   word_l2_18.mp4  ...                  0.206836
4   word_l2_18.mp4  ...                  0.198171
5   word_l2_18.mp4  ...                  0.197367
6   word_l2_18.mp4  ...                  0.214963
7   word_l2_18.mp4  ...                  0.219955
8   word_l2_18.mp4  ...                  0.205670
9   word_l2_18.mp4  ...                  0.209259
10  word_l2_18.mp4  ...                  0.204485
11  word_l2_18.mp4  ...                  0.174693
12  word_l2_18.mp4  ...                  0.159776
13  word_l2_18.mp4  ...                  0.166168
14  word_l2_18.mp4  ...                  0.147779
15  word_l2_18.mp4  ...                  0.167811
16  word_l2_18.mp4  ...                  0.175938
17  word_l2_18.mp4  ...                  0.182771
18  word_l2_18.mp4  ...                  0.175780
19  word_l2_18.mp4  ...                  0.158401
20  word_l2_18.mp4  ...                  0.149244
21  word_l2_18.mp4  ...                  0.125515
22  word_l2_18.mp4  ...                  0.116896
23  word_l2_18.mp4  ...                  0.118463
24  word_l2_18.mp4  ...                  0.126906
25  word_l2_18.mp4  ...                  0.133822
26  word_l2_18.mp4  ...                  0.138928
27  word_l2_18.mp4  ...                  0.144599
28  word_l2_18.mp4  ...                  0.136260
29  word_l2_18.mp4  ...                  0.147846
30  word_l2_18.mp4  ...                  0.195957
31  word_l2_18.mp4  ...                  0.194777
32  word_l2_18.mp4  ...                  0.221150
33  word_l2_18.mp4  ...                  0.221741
34  word_l2_18.mp4  ...                  0.223130
35  word_l2_18.mp4  ...                  0.217386
36  word_l2_18.mp4  ...                  0.228473
37  word_l2_18.mp4  ...                  0.238635
38  word_l2_18.mp4  ...                  0.220853
39  word_l2_18.mp4  ...                  0.235893
40  word_l2_18.mp4  ...                  0.233884
41  word_l2_18.mp4  ...                  0.232744
42  word_l2_18.mp4  ...                  0.224747
43  word_l2_18.mp4  ...                  0.226340
44  word_l2_18.mp4  ...                  0.230300
45  word_l2_18.mp4  ...                  0.228449
46  word_l2_18.mp4  ...                  0.229355
47  word_l2_18.mp4  ...                  0.230949
48  word_l2_18.mp4  ...                  0.231438
49  word_l2_18.mp4  ...                  0.243074
50  word_l2_18.mp4  ...                  0.250530
51  word_l2_18.mp4  ...                  0.219352
52  word_l2_18.mp4  ...                  0.198579
53  word_l2_18.mp4  ...                  0.209717
54  word_l2_18.mp4  ...                  0.208431
55  word_l2_18.mp4  ...                  0.203122
56  word_l2_18.mp4  ...                  0.201863
57  word_l2_18.mp4  ...                  0.198919
58  word_l2_18.mp4  ...                  0.194874
59  word_l2_18.mp4  ...                  0.198811

[60 rows x 30 columns]
csv file with predictions was saved to ../output/predictions_rf_position_female_cropped_word_l2_18.csv
Loaded model: ../trained_models/model_rf_shape_female_cropped.pkl
Loaded video: ../stimuli/words/mp4/word_l2_18.mp4
Extracting coordinates...
          fn_video frame_number   x_face0  ...  y_r_hand20  z_r_hand20  v_r_hand20
0   word_l2_18.mp4            4  0.498868  ...    1.026171    0.042169         0.0
1   word_l2_18.mp4            5  0.499133  ...    0.972192    0.025722         0.0
2   word_l2_18.mp4            6  0.498789  ...    0.923570    0.030888         0.0
3   word_l2_18.mp4            7  0.498428  ...    0.889357    0.020273         0.0
4   word_l2_18.mp4            8  0.497901  ...    0.845714    0.023000         0.0
5   word_l2_18.mp4            9  0.497673  ...    0.818220    0.017800         0.0
6   word_l2_18.mp4           10  0.496975  ...    0.788017    0.019799         0.0
7   word_l2_18.mp4           11  0.497099  ...    0.758839    0.038801         0.0
8   word_l2_18.mp4           12  0.496966  ...    0.739080    0.037732         0.0
9   word_l2_18.mp4           13  0.496639  ...    0.711785    0.023704         0.0
10  word_l2_18.mp4           14  0.497117  ...    0.696928    0.021866         0.0
11  word_l2_18.mp4           15  0.497531  ...    0.677374    0.002963         0.0
12  word_l2_18.mp4           16  0.497520  ...    0.656709   -0.001861         0.0
13  word_l2_18.mp4           17  0.497851  ...    0.630359    0.003785         0.0
14  word_l2_18.mp4           18  0.497624  ...    0.611638    0.000488         0.0
15  word_l2_18.mp4           19  0.498146  ...    0.585677   -0.000510         0.0
16  word_l2_18.mp4           20  0.497876  ...    0.567799    0.000192         0.0
17  word_l2_18.mp4           21  0.497635  ...    0.556839   -0.000019         0.0
18  word_l2_18.mp4           22  0.497406  ...    0.553124   -0.006699         0.0
19  word_l2_18.mp4           23  0.497376  ...    0.551232   -0.023094         0.0
20  word_l2_18.mp4           24  0.497507  ...    0.554496   -0.021248         0.0
21  word_l2_18.mp4           25  0.497754  ...    0.561786   -0.021589         0.0
22  word_l2_18.mp4           26  0.497456  ...    0.562508   -0.015725         0.0
23  word_l2_18.mp4           27  0.497299  ...    0.572349   -0.013098         0.0
24  word_l2_18.mp4           28  0.497253  ...    0.577770   -0.013223         0.0
25  word_l2_18.mp4           29  0.496610  ...    0.583510   -0.010769         0.0
26  word_l2_18.mp4           30  0.497241  ...    0.593091   -0.005925         0.0
27  word_l2_18.mp4           31  0.496950  ...    0.605122   -0.002554         0.0
28  word_l2_18.mp4           32  0.497538  ...    0.610357    0.001935         0.0
29  word_l2_18.mp4           33  0.497903  ...    0.622708   -0.004286         0.0
30  word_l2_18.mp4           34  0.498269  ...    0.634486    0.011967         0.0
31  word_l2_18.mp4           35  0.499520  ...    0.716437   -0.000868         0.0
32  word_l2_18.mp4           36  0.500053  ...    0.727573    0.001118         0.0
33  word_l2_18.mp4           37  0.500869  ...    0.736888    0.000008         0.0
34  word_l2_18.mp4           38  0.501123  ...    0.744326    0.000939         0.0
35  word_l2_18.mp4           39  0.501106  ...    0.749349    0.003561         0.0
36  word_l2_18.mp4           40  0.501415  ...    0.752546    0.001622         0.0
37  word_l2_18.mp4           41  0.501603  ...    0.751238    0.004089         0.0
38  word_l2_18.mp4           42  0.502631  ...    0.751703    0.006502         0.0
39  word_l2_18.mp4           43  0.502607  ...    0.750965    0.011151         0.0
40  word_l2_18.mp4           44  0.502564  ...    0.747808    0.009395         0.0
41  word_l2_18.mp4           45  0.502505  ...    0.746311    0.008203         0.0
42  word_l2_18.mp4           46  0.502541  ...    0.745983    0.006975         0.0
43  word_l2_18.mp4           47  0.502054  ...    0.746218    0.006827         0.0
44  word_l2_18.mp4           48  0.501272  ...    0.748560    0.005979         0.0
45  word_l2_18.mp4           49  0.501695  ...    0.747587    0.006464         0.0
46  word_l2_18.mp4           50  0.500608  ...    0.749707    0.006680         0.0
47  word_l2_18.mp4           51  0.499401  ...    0.748961    0.005848         0.0
48  word_l2_18.mp4           52  0.499321  ...    0.753208    0.004378         0.0
49  word_l2_18.mp4           53  0.498853  ...    0.754539    0.004028         0.0
50  word_l2_18.mp4           54  0.498291  ...    0.759175    0.004076         0.0
51  word_l2_18.mp4           55  0.498252  ...    0.762754    0.003720         0.0
52  word_l2_18.mp4           56  0.498171  ...    0.764588    0.005158         0.0
53  word_l2_18.mp4           57  0.498388  ...    0.768489    0.007546         0.0
54  word_l2_18.mp4           58  0.498043  ...    0.772695    0.008922         0.0
55  word_l2_18.mp4           59  0.497992  ...    0.779319    0.005200         0.0
56  word_l2_18.mp4           60  0.497988  ...    0.788535    0.008537         0.0
57  word_l2_18.mp4           61  0.498227  ...    0.797761    0.007485         0.0
58  word_l2_18.mp4           62  0.497910  ...    0.800697    0.010787         0.0
59  word_l2_18.mp4           63  0.497659  ...    0.812196    0.013544         0.0

[60 rows x 1958 columns]
Extracting features...
Face width computed for normalizaiton 0.1566872393086025
Features saved to: ../output/word_l2_18_features.csv
          fn_video  ... distance_r_hand6_r_hand10
0   word_l2_18.mp4  ...                  0.154511
1   word_l2_18.mp4  ...                  0.209962
2   word_l2_18.mp4  ...                  0.198497
3   word_l2_18.mp4  ...                  0.206836
4   word_l2_18.mp4  ...                  0.198171
5   word_l2_18.mp4  ...                  0.197367
6   word_l2_18.mp4  ...                  0.214963
7   word_l2_18.mp4  ...                  0.219955
8   word_l2_18.mp4  ...                  0.205670
9   word_l2_18.mp4  ...                  0.209259
10  word_l2_18.mp4  ...                  0.204485
11  word_l2_18.mp4  ...                  0.174693
12  word_l2_18.mp4  ...                  0.159776
13  word_l2_18.mp4  ...                  0.166168
14  word_l2_18.mp4  ...                  0.147779
15  word_l2_18.mp4  ...                  0.167811
16  word_l2_18.mp4  ...                  0.175938
17  word_l2_18.mp4  ...                  0.182771
18  word_l2_18.mp4  ...                  0.175780
19  word_l2_18.mp4  ...                  0.158401
20  word_l2_18.mp4  ...                  0.149244
21  word_l2_18.mp4  ...                  0.125515
22  word_l2_18.mp4  ...                  0.116896
23  word_l2_18.mp4  ...                  0.118463
24  word_l2_18.mp4  ...                  0.126906
25  word_l2_18.mp4  ...                  0.133822
26  word_l2_18.mp4  ...                  0.138928
27  word_l2_18.mp4  ...                  0.144599
28  word_l2_18.mp4  ...                  0.136260
29  word_l2_18.mp4  ...                  0.147846
30  word_l2_18.mp4  ...                  0.195957
31  word_l2_18.mp4  ...                  0.194777
32  word_l2_18.mp4  ...                  0.221150
33  word_l2_18.mp4  ...                  0.221741
34  word_l2_18.mp4  ...                  0.223130
35  word_l2_18.mp4  ...                  0.217386
36  word_l2_18.mp4  ...                  0.228473
37  word_l2_18.mp4  ...                  0.238635
38  word_l2_18.mp4  ...                  0.220853
39  word_l2_18.mp4  ...                  0.235893
40  word_l2_18.mp4  ...                  0.233884
41  word_l2_18.mp4  ...                  0.232744
42  word_l2_18.mp4  ...                  0.224747
43  word_l2_18.mp4  ...                  0.226340
44  word_l2_18.mp4  ...                  0.230300
45  word_l2_18.mp4  ...                  0.228449
46  word_l2_18.mp4  ...                  0.229355
47  word_l2_18.mp4  ...                  0.230949
48  word_l2_18.mp4  ...                  0.231438
49  word_l2_18.mp4  ...                  0.243074
50  word_l2_18.mp4  ...                  0.250530
51  word_l2_18.mp4  ...                  0.219352
52  word_l2_18.mp4  ...                  0.198579
53  word_l2_18.mp4  ...                  0.209717
54  word_l2_18.mp4  ...                  0.208431
55  word_l2_18.mp4  ...                  0.203122
56  word_l2_18.mp4  ...                  0.201863
57  word_l2_18.mp4  ...                  0.198919
58  word_l2_18.mp4  ...                  0.194874
59  word_l2_18.mp4  ...                  0.198811

[60 rows x 30 columns]
csv file with predictions was saved to ../output/predictions_rf_shape_female_cropped_word_l2_18.csv
Visualization for: ../stimuli/words/mp4/word_l2_18.mp4
32
