python is /network/lustre/iss02/home/annahita.sarre/anaconda3/envs/myenv/bin/python
Loaded model: ../trained_models/model_rf_position_female_cropped.pkl
Loaded video: ../stimuli/words/mp4/word_l2_14.mp4
Extracting coordinates...
          fn_video frame_number   x_face0  ...  y_r_hand20  z_r_hand20  v_r_hand20
0   word_l2_14.mp4            3  0.493858  ...    0.990466    0.042322         0.0
1   word_l2_14.mp4            4  0.493340  ...    0.949233    0.009844         0.0
2   word_l2_14.mp4            5  0.492331  ...    0.929666    0.024587         0.0
3   word_l2_14.mp4            6  0.492239  ...    0.902009    0.031468         0.0
4   word_l2_14.mp4            7  0.491885  ...    0.885522    0.041441         0.0
5   word_l2_14.mp4            8  0.491833  ...    0.863800    0.051588         0.0
6   word_l2_14.mp4            9  0.491257  ...    0.854634    0.053008         0.0
7   word_l2_14.mp4           10  0.491318  ...    0.838028    0.052009         0.0
8   word_l2_14.mp4           11  0.491892  ...    0.819993    0.047301         0.0
9   word_l2_14.mp4           12  0.492333  ...    0.792661    0.034047         0.0
10  word_l2_14.mp4           13  0.492283  ...    0.773101    0.034457         0.0
11  word_l2_14.mp4           14  0.492314  ...    0.762790    0.028626         0.0
12  word_l2_14.mp4           15  0.492066  ...    0.747218    0.033893         0.0
13  word_l2_14.mp4           16  0.491811  ...    0.735306    0.031353         0.0
14  word_l2_14.mp4           17  0.491630  ...    0.716325    0.032233         0.0
15  word_l2_14.mp4           18  0.491491  ...    0.688209    0.007039         0.0
16  word_l2_14.mp4           19  0.491762  ...    0.659802    0.014497         0.0
17  word_l2_14.mp4           20  0.491925  ...    0.645739    0.026167         0.0
18  word_l2_14.mp4           21  0.491884  ...    0.639793    0.024500         0.0
19  word_l2_14.mp4           22  0.492298  ...    0.644589    0.016495         0.0
20  word_l2_14.mp4           23  0.492083  ...    0.651879    0.007634         0.0
21  word_l2_14.mp4           24  0.492181  ...    0.666494    0.018494         0.0
22  word_l2_14.mp4           25  0.492934  ...    0.686349    0.003820         0.0
23  word_l2_14.mp4           26  0.492523  ...    0.695856    0.002837         0.0
24  word_l2_14.mp4           27  0.492526  ...    0.709627    0.002807         0.0
25  word_l2_14.mp4           28  0.492811  ...    0.718789    0.001723         0.0
26  word_l2_14.mp4           29  0.493168  ...    0.723483    0.003901         0.0
27  word_l2_14.mp4           30  0.493544  ...    0.726254    0.007311         0.0
28  word_l2_14.mp4           31  0.493502  ...    0.729463    0.006288         0.0
29  word_l2_14.mp4           32  0.493685  ...    0.720775    0.016497         0.0
30  word_l2_14.mp4           33  0.494974  ...    0.699950    0.022529         0.0
31  word_l2_14.mp4           34  0.495502  ...    0.643121    0.011750         0.0
32  word_l2_14.mp4           35  0.495724  ...    0.612984    0.001257         0.0
33  word_l2_14.mp4           36  0.496060  ...    0.597992    0.004479         0.0
34  word_l2_14.mp4           37  0.495837  ...    0.590394    0.019481         0.0
35  word_l2_14.mp4           38  0.496344  ...    0.592117    0.019919         0.0
36  word_l2_14.mp4           39  0.496958  ...    0.588135    0.013256         0.0
37  word_l2_14.mp4           40  0.496179  ...    0.590782    0.005228         0.0
38  word_l2_14.mp4           41  0.496811  ...    0.588102   -0.001816         0.0
39  word_l2_14.mp4           42  0.497094  ...    0.587711   -0.003583         0.0
40  word_l2_14.mp4           43  0.497223  ...    0.584983    0.001528         0.0
41  word_l2_14.mp4           44  0.497268  ...    0.584984    0.001261         0.0
42  word_l2_14.mp4           45  0.497717  ...    0.585903    0.005554         0.0
43  word_l2_14.mp4           46  0.497035  ...    0.586565    0.003992         0.0
44  word_l2_14.mp4           47  0.496656  ...    0.586805    0.007831         0.0
45  word_l2_14.mp4           48  0.496604  ...    0.586630    0.009331         0.0
46  word_l2_14.mp4           49  0.495935  ...    0.587583    0.009411         0.0
47  word_l2_14.mp4           50  0.495939  ...    0.586563    0.009419         0.0
48  word_l2_14.mp4           51  0.495964  ...    0.589003    0.012896         0.0
49  word_l2_14.mp4           52  0.496414  ...    0.586683    0.010361         0.0
50  word_l2_14.mp4           53  0.495664  ...    0.588136    0.012542         0.0
51  word_l2_14.mp4           54  0.495447  ...    0.584220    0.012195         0.0
52  word_l2_14.mp4           55  0.495094  ...    0.585378    0.014987         0.0
53  word_l2_14.mp4           56  0.494924  ...    0.590640    0.011504         0.0
54  word_l2_14.mp4           57  0.494925  ...    0.595035    0.008391         0.0
55  word_l2_14.mp4           58  0.494370  ...    0.597761    0.009417         0.0
56  word_l2_14.mp4           59  0.494337  ...    0.598242    0.016424         0.0
57  word_l2_14.mp4           60  0.494604  ...    0.601022    0.009665         0.0

[58 rows x 1958 columns]
Extracting features...
Face width computed for normalizaiton 0.15616573615534313
Features saved to: ../output/word_l2_14_features.csv
          fn_video  ... distance_r_hand6_r_hand10
0   word_l2_14.mp4  ...                  0.237694
1   word_l2_14.mp4  ...                  0.233397
2   word_l2_14.mp4  ...                  0.217939
3   word_l2_14.mp4  ...                  0.191430
4   word_l2_14.mp4  ...                  0.194440
5   word_l2_14.mp4  ...                  0.201660
6   word_l2_14.mp4  ...                  0.193225
7   word_l2_14.mp4  ...                  0.180053
8   word_l2_14.mp4  ...                  0.187508
9   word_l2_14.mp4  ...                  0.177615
10  word_l2_14.mp4  ...                  0.164505
11  word_l2_14.mp4  ...                  0.163255
12  word_l2_14.mp4  ...                  0.157538
13  word_l2_14.mp4  ...                  0.163237
14  word_l2_14.mp4  ...                  0.149985
15  word_l2_14.mp4  ...                  0.132024
16  word_l2_14.mp4  ...                  0.124275
17  word_l2_14.mp4  ...                  0.160715
18  word_l2_14.mp4  ...                  0.181523
19  word_l2_14.mp4  ...                  0.209049
20  word_l2_14.mp4  ...                  0.224150
21  word_l2_14.mp4  ...                  0.270983
22  word_l2_14.mp4  ...                  0.326888
23  word_l2_14.mp4  ...                  0.384752
24  word_l2_14.mp4  ...                  0.439651
25  word_l2_14.mp4  ...                  0.442660
26  word_l2_14.mp4  ...                  0.414289
27  word_l2_14.mp4  ...                  0.415845
28  word_l2_14.mp4  ...                  0.397985
29  word_l2_14.mp4  ...                  0.292327
30  word_l2_14.mp4  ...                  0.201849
31  word_l2_14.mp4  ...                  0.186559
32  word_l2_14.mp4  ...                  0.169182
33  word_l2_14.mp4  ...                  0.171390
34  word_l2_14.mp4  ...                  0.168294
35  word_l2_14.mp4  ...                  0.160606
36  word_l2_14.mp4  ...                  0.150789
37  word_l2_14.mp4  ...                  0.150326
38  word_l2_14.mp4  ...                  0.152133
39  word_l2_14.mp4  ...                  0.152461
40  word_l2_14.mp4  ...                  0.148012
41  word_l2_14.mp4  ...                  0.149946
42  word_l2_14.mp4  ...                  0.157511
43  word_l2_14.mp4  ...                  0.153946
44  word_l2_14.mp4  ...                  0.168122
45  word_l2_14.mp4  ...                  0.173823
46  word_l2_14.mp4  ...                  0.174842
47  word_l2_14.mp4  ...                  0.172523
48  word_l2_14.mp4  ...                  0.175194
49  word_l2_14.mp4  ...                  0.165141
50  word_l2_14.mp4  ...                  0.165581
51  word_l2_14.mp4  ...                  0.191925
52  word_l2_14.mp4  ...                  0.207106
53  word_l2_14.mp4  ...                  0.213686
54  word_l2_14.mp4  ...                  0.198586
55  word_l2_14.mp4  ...                  0.181622
56  word_l2_14.mp4  ...                  0.192142
57  word_l2_14.mp4  ...                  0.177817

[58 rows x 30 columns]
csv file with predictions was saved to ../output/predictions_rf_position_female_cropped_word_l2_14.csv
Loaded model: ../trained_models/model_rf_shape_female_cropped.pkl
Loaded video: ../stimuli/words/mp4/word_l2_14.mp4
Extracting coordinates...
          fn_video frame_number   x_face0  ...  y_r_hand20  z_r_hand20  v_r_hand20
0   word_l2_14.mp4            3  0.493858  ...    0.990466    0.042322         0.0
1   word_l2_14.mp4            4  0.493340  ...    0.949233    0.009844         0.0
2   word_l2_14.mp4            5  0.492331  ...    0.929666    0.024587         0.0
3   word_l2_14.mp4            6  0.492239  ...    0.902009    0.031468         0.0
4   word_l2_14.mp4            7  0.491885  ...    0.885522    0.041441         0.0
5   word_l2_14.mp4            8  0.491833  ...    0.863800    0.051588         0.0
6   word_l2_14.mp4            9  0.491257  ...    0.854634    0.053008         0.0
7   word_l2_14.mp4           10  0.491318  ...    0.838028    0.052009         0.0
8   word_l2_14.mp4           11  0.491892  ...    0.819993    0.047301         0.0
9   word_l2_14.mp4           12  0.492333  ...    0.792661    0.034047         0.0
10  word_l2_14.mp4           13  0.492283  ...    0.773101    0.034457         0.0
11  word_l2_14.mp4           14  0.492314  ...    0.762790    0.028626         0.0
12  word_l2_14.mp4           15  0.492066  ...    0.747218    0.033893         0.0
13  word_l2_14.mp4           16  0.491811  ...    0.735306    0.031353         0.0
14  word_l2_14.mp4           17  0.491630  ...    0.716325    0.032233         0.0
15  word_l2_14.mp4           18  0.491491  ...    0.688209    0.007039         0.0
16  word_l2_14.mp4           19  0.491762  ...    0.659802    0.014497         0.0
17  word_l2_14.mp4           20  0.491925  ...    0.645739    0.026167         0.0
18  word_l2_14.mp4           21  0.491884  ...    0.639793    0.024500         0.0
19  word_l2_14.mp4           22  0.492298  ...    0.644589    0.016495         0.0
20  word_l2_14.mp4           23  0.492083  ...    0.651879    0.007634         0.0
21  word_l2_14.mp4           24  0.492181  ...    0.666494    0.018494         0.0
22  word_l2_14.mp4           25  0.492934  ...    0.686349    0.003820         0.0
23  word_l2_14.mp4           26  0.492523  ...    0.695856    0.002837         0.0
24  word_l2_14.mp4           27  0.492526  ...    0.709627    0.002807         0.0
25  word_l2_14.mp4           28  0.492811  ...    0.718789    0.001723         0.0
26  word_l2_14.mp4           29  0.493168  ...    0.723483    0.003901         0.0
27  word_l2_14.mp4           30  0.493544  ...    0.726254    0.007311         0.0
28  word_l2_14.mp4           31  0.493502  ...    0.729463    0.006288         0.0
29  word_l2_14.mp4           32  0.493685  ...    0.720775    0.016497         0.0
30  word_l2_14.mp4           33  0.494974  ...    0.699950    0.022529         0.0
31  word_l2_14.mp4           34  0.495502  ...    0.643121    0.011750         0.0
32  word_l2_14.mp4           35  0.495724  ...    0.612984    0.001257         0.0
33  word_l2_14.mp4           36  0.496060  ...    0.597992    0.004479         0.0
34  word_l2_14.mp4           37  0.495837  ...    0.590394    0.019481         0.0
35  word_l2_14.mp4           38  0.496344  ...    0.592117    0.019919         0.0
36  word_l2_14.mp4           39  0.496958  ...    0.588135    0.013256         0.0
37  word_l2_14.mp4           40  0.496179  ...    0.590782    0.005228         0.0
38  word_l2_14.mp4           41  0.496811  ...    0.588102   -0.001816         0.0
39  word_l2_14.mp4           42  0.497094  ...    0.587711   -0.003583         0.0
40  word_l2_14.mp4           43  0.497223  ...    0.584983    0.001528         0.0
41  word_l2_14.mp4           44  0.497268  ...    0.584984    0.001261         0.0
42  word_l2_14.mp4           45  0.497717  ...    0.585903    0.005554         0.0
43  word_l2_14.mp4           46  0.497035  ...    0.586565    0.003992         0.0
44  word_l2_14.mp4           47  0.496656  ...    0.586805    0.007831         0.0
45  word_l2_14.mp4           48  0.496604  ...    0.586630    0.009331         0.0
46  word_l2_14.mp4           49  0.495935  ...    0.587583    0.009411         0.0
47  word_l2_14.mp4           50  0.495939  ...    0.586563    0.009419         0.0
48  word_l2_14.mp4           51  0.495964  ...    0.589003    0.012896         0.0
49  word_l2_14.mp4           52  0.496414  ...    0.586683    0.010361         0.0
50  word_l2_14.mp4           53  0.495664  ...    0.588136    0.012542         0.0
51  word_l2_14.mp4           54  0.495447  ...    0.584220    0.012195         0.0
52  word_l2_14.mp4           55  0.495094  ...    0.585378    0.014987         0.0
53  word_l2_14.mp4           56  0.494924  ...    0.590640    0.011504         0.0
54  word_l2_14.mp4           57  0.494925  ...    0.595035    0.008391         0.0
55  word_l2_14.mp4           58  0.494370  ...    0.597761    0.009417         0.0
56  word_l2_14.mp4           59  0.494337  ...    0.598242    0.016424         0.0
57  word_l2_14.mp4           60  0.494604  ...    0.601022    0.009665         0.0

[58 rows x 1958 columns]
Extracting features...
Face width computed for normalizaiton 0.15616573615534313
Features saved to: ../output/word_l2_14_features.csv
          fn_video  ... distance_r_hand6_r_hand10
0   word_l2_14.mp4  ...                  0.237694
1   word_l2_14.mp4  ...                  0.233397
2   word_l2_14.mp4  ...                  0.217939
3   word_l2_14.mp4  ...                  0.191430
4   word_l2_14.mp4  ...                  0.194440
5   word_l2_14.mp4  ...                  0.201660
6   word_l2_14.mp4  ...                  0.193225
7   word_l2_14.mp4  ...                  0.180053
8   word_l2_14.mp4  ...                  0.187508
9   word_l2_14.mp4  ...                  0.177615
10  word_l2_14.mp4  ...                  0.164505
11  word_l2_14.mp4  ...                  0.163255
12  word_l2_14.mp4  ...                  0.157538
13  word_l2_14.mp4  ...                  0.163237
14  word_l2_14.mp4  ...                  0.149985
15  word_l2_14.mp4  ...                  0.132024
16  word_l2_14.mp4  ...                  0.124275
17  word_l2_14.mp4  ...                  0.160715
18  word_l2_14.mp4  ...                  0.181523
19  word_l2_14.mp4  ...                  0.209049
20  word_l2_14.mp4  ...                  0.224150
21  word_l2_14.mp4  ...                  0.270983
22  word_l2_14.mp4  ...                  0.326888
23  word_l2_14.mp4  ...                  0.384752
24  word_l2_14.mp4  ...                  0.439651
25  word_l2_14.mp4  ...                  0.442660
26  word_l2_14.mp4  ...                  0.414289
27  word_l2_14.mp4  ...                  0.415845
28  word_l2_14.mp4  ...                  0.397985
29  word_l2_14.mp4  ...                  0.292327
30  word_l2_14.mp4  ...                  0.201849
31  word_l2_14.mp4  ...                  0.186559
32  word_l2_14.mp4  ...                  0.169182
33  word_l2_14.mp4  ...                  0.171390
34  word_l2_14.mp4  ...                  0.168294
35  word_l2_14.mp4  ...                  0.160606
36  word_l2_14.mp4  ...                  0.150789
37  word_l2_14.mp4  ...                  0.150326
38  word_l2_14.mp4  ...                  0.152133
39  word_l2_14.mp4  ...                  0.152461
40  word_l2_14.mp4  ...                  0.148012
41  word_l2_14.mp4  ...                  0.149946
42  word_l2_14.mp4  ...                  0.157511
43  word_l2_14.mp4  ...                  0.153946
44  word_l2_14.mp4  ...                  0.168122
45  word_l2_14.mp4  ...                  0.173823
46  word_l2_14.mp4  ...                  0.174842
47  word_l2_14.mp4  ...                  0.172523
48  word_l2_14.mp4  ...                  0.175194
49  word_l2_14.mp4  ...                  0.165141
50  word_l2_14.mp4  ...                  0.165581
51  word_l2_14.mp4  ...                  0.191925
52  word_l2_14.mp4  ...                  0.207106
53  word_l2_14.mp4  ...                  0.213686
54  word_l2_14.mp4  ...                  0.198586
55  word_l2_14.mp4  ...                  0.181622
56  word_l2_14.mp4  ...                  0.192142
57  word_l2_14.mp4  ...                  0.177817

[58 rows x 30 columns]
csv file with predictions was saved to ../output/predictions_rf_shape_female_cropped_word_l2_14.csv
Visualization for: ../stimuli/words/mp4/word_l2_14.mp4
32
