python is /network/lustre/iss02/home/annahita.sarre/anaconda3/envs/myenv/bin/python
Loaded model: ../trained_models/model_rf_position_female_cropped.pkl
Loaded video: ../stimuli/words/mp4/word_l2_22.mp4
Extracting coordinates...
          fn_video frame_number   x_face0  ...  y_r_hand20  z_r_hand20  v_r_hand20
0   word_l2_22.mp4            2  0.492209  ...    0.979242    0.024628         0.0
1   word_l2_22.mp4            3  0.491548  ...    0.947807    0.028660         0.0
2   word_l2_22.mp4            4  0.490680  ...    0.911838    0.015033         0.0
3   word_l2_22.mp4            5  0.490201  ...    0.880950    0.024277         0.0
4   word_l2_22.mp4            6  0.490060  ...    0.845647    0.019218         0.0
5   word_l2_22.mp4            7  0.489562  ...    0.808860    0.015515         0.0
6   word_l2_22.mp4            8  0.489208  ...    0.782841    0.013239         0.0
7   word_l2_22.mp4            9  0.488993  ...    0.751383    0.011178         0.0
8   word_l2_22.mp4           10  0.489128  ...    0.713180   -0.003170         0.0
9   word_l2_22.mp4           11  0.489467  ...    0.682748   -0.003254         0.0
10  word_l2_22.mp4           12  0.489555  ...    0.650198   -0.012522         0.0
11  word_l2_22.mp4           13  0.489975  ...    0.618448   -0.018803         0.0
12  word_l2_22.mp4           14  0.489947  ...    0.598749   -0.020915         0.0
13  word_l2_22.mp4           15  0.489744  ...    0.588753   -0.046842         0.0
14  word_l2_22.mp4           16  0.489755  ...    0.574267   -0.038350         0.0
15  word_l2_22.mp4           17  0.489436  ...    0.570861   -0.045132         0.0
16  word_l2_22.mp4           18  0.489376  ...    0.563439   -0.042833         0.0
17  word_l2_22.mp4           19  0.489021  ...    0.570712   -0.029216         0.0
18  word_l2_22.mp4           20  0.489131  ...    0.674871   -0.006319         0.0
19  word_l2_22.mp4           21  0.489292  ...    0.688777   -0.012612         0.0
20  word_l2_22.mp4           22  0.489210  ...    0.693075   -0.010203         0.0
21  word_l2_22.mp4           23  0.489082  ...    0.698332   -0.001621         0.0
22  word_l2_22.mp4           24  0.488711  ...    0.703988   -0.006159         0.0
23  word_l2_22.mp4           25  0.488769  ...    0.712603   -0.001877         0.0
24  word_l2_22.mp4           26  0.489142  ...    0.718158   -0.001833         0.0
25  word_l2_22.mp4           27  0.489754  ...    0.724977   -0.001992         0.0
26  word_l2_22.mp4           28  0.489552  ...    0.725895    0.006681         0.0
27  word_l2_22.mp4           29  0.490350  ...    0.725238    0.006880         0.0
28  word_l2_22.mp4           30  0.490918  ...    0.717577    0.008727         0.0
29  word_l2_22.mp4           31  0.491567  ...    0.703412    0.009967         0.0
30  word_l2_22.mp4           32  0.491690  ...    0.687840    0.001356         0.0
31  word_l2_22.mp4           33  0.491775  ...    0.628130   -0.015268         0.0
32  word_l2_22.mp4           34  0.492606  ...    0.614538   -0.027147         0.0
33  word_l2_22.mp4           35  0.492498  ...    0.609649   -0.024070         0.0
34  word_l2_22.mp4           36  0.493451  ...    0.602538   -0.019638         0.0
35  word_l2_22.mp4           37  0.494157  ...    0.602500   -0.022125         0.0
36  word_l2_22.mp4           38  0.494250  ...    0.603201   -0.027050         0.0
37  word_l2_22.mp4           39  0.494362  ...    0.599190   -0.027503         0.0
38  word_l2_22.mp4           40  0.494239  ...    0.597703   -0.030348         0.0
39  word_l2_22.mp4           41  0.494348  ...    0.595321   -0.029076         0.0
40  word_l2_22.mp4           42  0.494129  ...    0.595122   -0.029853         0.0
41  word_l2_22.mp4           43  0.493546  ...    0.594637   -0.029014         0.0
42  word_l2_22.mp4           44  0.492997  ...    0.594522   -0.026547         0.0
43  word_l2_22.mp4           45  0.493234  ...    0.595309   -0.030384         0.0
44  word_l2_22.mp4           46  0.493655  ...    0.596475   -0.030344         0.0
45  word_l2_22.mp4           47  0.493603  ...    0.597053   -0.031813         0.0
46  word_l2_22.mp4           48  0.492670  ...    0.600474   -0.031553         0.0
47  word_l2_22.mp4           49  0.492705  ...    0.607823   -0.036442         0.0
48  word_l2_22.mp4           50  0.492576  ...    0.621870   -0.021506         0.0
49  word_l2_22.mp4           51  0.492134  ...    0.656011   -0.002063         0.0
50  word_l2_22.mp4           52  0.491961  ...    0.721518   -0.000081         0.0
51  word_l2_22.mp4           53  0.491646  ...    0.738338   -0.000857         0.0
52  word_l2_22.mp4           54  0.491643  ...    0.756136   -0.000123         0.0
53  word_l2_22.mp4           55  0.491780  ...    0.772515    0.004979         0.0
54  word_l2_22.mp4           56  0.491767  ...    0.795563    0.004725         0.0
55  word_l2_22.mp4           57  0.492300  ...    0.825633    0.005651         0.0
56  word_l2_22.mp4           58  0.492586  ...    0.861370    0.001492         0.0

[57 rows x 1958 columns]
Extracting features...
Face width computed for normalizaiton 0.15652835889543346
Features saved to: ../output/word_l2_22_features.csv
          fn_video  ... distance_r_hand6_r_hand10
0   word_l2_22.mp4  ...                  0.208926
1   word_l2_22.mp4  ...                  0.222126
2   word_l2_22.mp4  ...                  0.207141
3   word_l2_22.mp4  ...                  0.202077
4   word_l2_22.mp4  ...                  0.188675
5   word_l2_22.mp4  ...                  0.185774
6   word_l2_22.mp4  ...                  0.177147
7   word_l2_22.mp4  ...                  0.166070
8   word_l2_22.mp4  ...                  0.156180
9   word_l2_22.mp4  ...                  0.155176
10  word_l2_22.mp4  ...                  0.134545
11  word_l2_22.mp4  ...                  0.124831
12  word_l2_22.mp4  ...                  0.118564
13  word_l2_22.mp4  ...                  0.138831
14  word_l2_22.mp4  ...                  0.132175
15  word_l2_22.mp4  ...                  0.119314
16  word_l2_22.mp4  ...                  0.140631
17  word_l2_22.mp4  ...                  0.248653
18  word_l2_22.mp4  ...                  0.303732
19  word_l2_22.mp4  ...                  0.327930
20  word_l2_22.mp4  ...                  0.325343
21  word_l2_22.mp4  ...                  0.337366
22  word_l2_22.mp4  ...                  0.377916
23  word_l2_22.mp4  ...                  0.353182
24  word_l2_22.mp4  ...                  0.382020
25  word_l2_22.mp4  ...                  0.373901
26  word_l2_22.mp4  ...                  0.339473
27  word_l2_22.mp4  ...                  0.329876
28  word_l2_22.mp4  ...                  0.284591
29  word_l2_22.mp4  ...                  0.205215
30  word_l2_22.mp4  ...                  0.183670
31  word_l2_22.mp4  ...                  0.167991
32  word_l2_22.mp4  ...                  0.156275
33  word_l2_22.mp4  ...                  0.147341
34  word_l2_22.mp4  ...                  0.138202
35  word_l2_22.mp4  ...                  0.140248
36  word_l2_22.mp4  ...                  0.144473
37  word_l2_22.mp4  ...                  0.138822
38  word_l2_22.mp4  ...                  0.135734
39  word_l2_22.mp4  ...                  0.137212
40  word_l2_22.mp4  ...                  0.136290
41  word_l2_22.mp4  ...                  0.138307
42  word_l2_22.mp4  ...                  0.140067
43  word_l2_22.mp4  ...                  0.137744
44  word_l2_22.mp4  ...                  0.137503
45  word_l2_22.mp4  ...                  0.136345
46  word_l2_22.mp4  ...                  0.146883
47  word_l2_22.mp4  ...                  0.152770
48  word_l2_22.mp4  ...                  0.161548
49  word_l2_22.mp4  ...                  0.168674
50  word_l2_22.mp4  ...                  0.167831
51  word_l2_22.mp4  ...                  0.172998
52  word_l2_22.mp4  ...                  0.184674
53  word_l2_22.mp4  ...                  0.193381
54  word_l2_22.mp4  ...                  0.194657
55  word_l2_22.mp4  ...                  0.211220
56  word_l2_22.mp4  ...                  0.214082

[57 rows x 30 columns]
csv file with predictions was saved to ../output/predictions_rf_position_female_cropped_word_l2_22.csv
Loaded model: ../trained_models/model_rf_shape_female_cropped.pkl
Loaded video: ../stimuli/words/mp4/word_l2_22.mp4
Extracting coordinates...
          fn_video frame_number   x_face0  ...  y_r_hand20  z_r_hand20  v_r_hand20
0   word_l2_22.mp4            2  0.492209  ...    0.979242    0.024628         0.0
1   word_l2_22.mp4            3  0.491548  ...    0.947807    0.028660         0.0
2   word_l2_22.mp4            4  0.490680  ...    0.911838    0.015033         0.0
3   word_l2_22.mp4            5  0.490201  ...    0.880950    0.024277         0.0
4   word_l2_22.mp4            6  0.490060  ...    0.845647    0.019218         0.0
5   word_l2_22.mp4            7  0.489562  ...    0.808860    0.015515         0.0
6   word_l2_22.mp4            8  0.489208  ...    0.782841    0.013239         0.0
7   word_l2_22.mp4            9  0.488993  ...    0.751383    0.011178         0.0
8   word_l2_22.mp4           10  0.489128  ...    0.713180   -0.003170         0.0
9   word_l2_22.mp4           11  0.489467  ...    0.682748   -0.003254         0.0
10  word_l2_22.mp4           12  0.489555  ...    0.650198   -0.012522         0.0
11  word_l2_22.mp4           13  0.489975  ...    0.618448   -0.018803         0.0
12  word_l2_22.mp4           14  0.489947  ...    0.598749   -0.020915         0.0
13  word_l2_22.mp4           15  0.489744  ...    0.588753   -0.046842         0.0
14  word_l2_22.mp4           16  0.489755  ...    0.574267   -0.038350         0.0
15  word_l2_22.mp4           17  0.489436  ...    0.570861   -0.045132         0.0
16  word_l2_22.mp4           18  0.489376  ...    0.563439   -0.042833         0.0
17  word_l2_22.mp4           19  0.489021  ...    0.570712   -0.029216         0.0
18  word_l2_22.mp4           20  0.489131  ...    0.674871   -0.006319         0.0
19  word_l2_22.mp4           21  0.489292  ...    0.688777   -0.012612         0.0
20  word_l2_22.mp4           22  0.489210  ...    0.693075   -0.010203         0.0
21  word_l2_22.mp4           23  0.489082  ...    0.698332   -0.001621         0.0
22  word_l2_22.mp4           24  0.488711  ...    0.703988   -0.006159         0.0
23  word_l2_22.mp4           25  0.488769  ...    0.712603   -0.001877         0.0
24  word_l2_22.mp4           26  0.489142  ...    0.718158   -0.001833         0.0
25  word_l2_22.mp4           27  0.489754  ...    0.724977   -0.001992         0.0
26  word_l2_22.mp4           28  0.489552  ...    0.725895    0.006681         0.0
27  word_l2_22.mp4           29  0.490350  ...    0.725238    0.006880         0.0
28  word_l2_22.mp4           30  0.490918  ...    0.717577    0.008727         0.0
29  word_l2_22.mp4           31  0.491567  ...    0.703412    0.009967         0.0
30  word_l2_22.mp4           32  0.491690  ...    0.687840    0.001356         0.0
31  word_l2_22.mp4           33  0.491775  ...    0.628130   -0.015268         0.0
32  word_l2_22.mp4           34  0.492606  ...    0.614538   -0.027147         0.0
33  word_l2_22.mp4           35  0.492498  ...    0.609649   -0.024070         0.0
34  word_l2_22.mp4           36  0.493451  ...    0.602538   -0.019638         0.0
35  word_l2_22.mp4           37  0.494157  ...    0.602500   -0.022125         0.0
36  word_l2_22.mp4           38  0.494250  ...    0.603201   -0.027050         0.0
37  word_l2_22.mp4           39  0.494362  ...    0.599190   -0.027503         0.0
38  word_l2_22.mp4           40  0.494239  ...    0.597703   -0.030348         0.0
39  word_l2_22.mp4           41  0.494348  ...    0.595321   -0.029076         0.0
40  word_l2_22.mp4           42  0.494129  ...    0.595122   -0.029853         0.0
41  word_l2_22.mp4           43  0.493546  ...    0.594637   -0.029014         0.0
42  word_l2_22.mp4           44  0.492997  ...    0.594522   -0.026547         0.0
43  word_l2_22.mp4           45  0.493234  ...    0.595309   -0.030384         0.0
44  word_l2_22.mp4           46  0.493655  ...    0.596475   -0.030344         0.0
45  word_l2_22.mp4           47  0.493603  ...    0.597053   -0.031813         0.0
46  word_l2_22.mp4           48  0.492670  ...    0.600474   -0.031553         0.0
47  word_l2_22.mp4           49  0.492705  ...    0.607823   -0.036442         0.0
48  word_l2_22.mp4           50  0.492576  ...    0.621870   -0.021506         0.0
49  word_l2_22.mp4           51  0.492134  ...    0.656011   -0.002063         0.0
50  word_l2_22.mp4           52  0.491961  ...    0.721518   -0.000081         0.0
51  word_l2_22.mp4           53  0.491646  ...    0.738338   -0.000857         0.0
52  word_l2_22.mp4           54  0.491643  ...    0.756136   -0.000123         0.0
53  word_l2_22.mp4           55  0.491780  ...    0.772515    0.004979         0.0
54  word_l2_22.mp4           56  0.491767  ...    0.795563    0.004725         0.0
55  word_l2_22.mp4           57  0.492300  ...    0.825633    0.005651         0.0
56  word_l2_22.mp4           58  0.492586  ...    0.861370    0.001492         0.0

[57 rows x 1958 columns]
Extracting features...
Face width computed for normalizaiton 0.15652835889543346
Features saved to: ../output/word_l2_22_features.csv
          fn_video  ... distance_r_hand6_r_hand10
0   word_l2_22.mp4  ...                  0.208926
1   word_l2_22.mp4  ...                  0.222126
2   word_l2_22.mp4  ...                  0.207141
3   word_l2_22.mp4  ...                  0.202077
4   word_l2_22.mp4  ...                  0.188675
5   word_l2_22.mp4  ...                  0.185774
6   word_l2_22.mp4  ...                  0.177147
7   word_l2_22.mp4  ...                  0.166070
8   word_l2_22.mp4  ...                  0.156180
9   word_l2_22.mp4  ...                  0.155176
10  word_l2_22.mp4  ...                  0.134545
11  word_l2_22.mp4  ...                  0.124831
12  word_l2_22.mp4  ...                  0.118564
13  word_l2_22.mp4  ...                  0.138831
14  word_l2_22.mp4  ...                  0.132175
15  word_l2_22.mp4  ...                  0.119314
16  word_l2_22.mp4  ...                  0.140631
17  word_l2_22.mp4  ...                  0.248653
18  word_l2_22.mp4  ...                  0.303732
19  word_l2_22.mp4  ...                  0.327930
20  word_l2_22.mp4  ...                  0.325343
21  word_l2_22.mp4  ...                  0.337366
22  word_l2_22.mp4  ...                  0.377916
23  word_l2_22.mp4  ...                  0.353182
24  word_l2_22.mp4  ...                  0.382020
25  word_l2_22.mp4  ...                  0.373901
26  word_l2_22.mp4  ...                  0.339473
27  word_l2_22.mp4  ...                  0.329876
28  word_l2_22.mp4  ...                  0.284591
29  word_l2_22.mp4  ...                  0.205215
30  word_l2_22.mp4  ...                  0.183670
31  word_l2_22.mp4  ...                  0.167991
32  word_l2_22.mp4  ...                  0.156275
33  word_l2_22.mp4  ...                  0.147341
34  word_l2_22.mp4  ...                  0.138202
35  word_l2_22.mp4  ...                  0.140248
36  word_l2_22.mp4  ...                  0.144473
37  word_l2_22.mp4  ...                  0.138822
38  word_l2_22.mp4  ...                  0.135734
39  word_l2_22.mp4  ...                  0.137212
40  word_l2_22.mp4  ...                  0.136290
41  word_l2_22.mp4  ...                  0.138307
42  word_l2_22.mp4  ...                  0.140067
43  word_l2_22.mp4  ...                  0.137744
44  word_l2_22.mp4  ...                  0.137503
45  word_l2_22.mp4  ...                  0.136345
46  word_l2_22.mp4  ...                  0.146883
47  word_l2_22.mp4  ...                  0.152770
48  word_l2_22.mp4  ...                  0.161548
49  word_l2_22.mp4  ...                  0.168674
50  word_l2_22.mp4  ...                  0.167831
51  word_l2_22.mp4  ...                  0.172998
52  word_l2_22.mp4  ...                  0.184674
53  word_l2_22.mp4  ...                  0.193381
54  word_l2_22.mp4  ...                  0.194657
55  word_l2_22.mp4  ...                  0.211220
56  word_l2_22.mp4  ...                  0.214082

[57 rows x 30 columns]
csv file with predictions was saved to ../output/predictions_rf_shape_female_cropped_word_l2_22.csv
