python is /network/lustre/iss02/home/annahita.sarre/anaconda3/envs/myenv/bin/python
Loaded model: ../trained_models/model_rf_position_female_cropped.pkl
Loaded video: ../stimuli/words/mp4/word_l0_12.mp4
Extracting coordinates...
          fn_video frame_number   x_face0  ...  y_r_hand20  z_r_hand20  v_r_hand20
0   word_l0_12.mp4            5  0.495024  ...    0.973878    0.066004         0.0
1   word_l0_12.mp4            6  0.494840  ...    0.952018    0.054912         0.0
2   word_l0_12.mp4            7  0.494715  ...    0.904624    0.039051         0.0
3   word_l0_12.mp4            8  0.494684  ...    0.868440    0.019336         0.0
4   word_l0_12.mp4            9  0.494510  ...    0.846141    0.017846         0.0
5   word_l0_12.mp4           10  0.494980  ...    0.827776    0.027327         0.0
6   word_l0_12.mp4           11  0.495270  ...    0.808327    0.030508         0.0
7   word_l0_12.mp4           12  0.495552  ...    0.797888    0.032192         0.0
8   word_l0_12.mp4           13  0.495827  ...    0.787064    0.036764         0.0
9   word_l0_12.mp4           14  0.495952  ...    0.781099    0.044981         0.0
10  word_l0_12.mp4           15  0.496412  ...    0.774282    0.045313         0.0
11  word_l0_12.mp4           16  0.495883  ...    0.765794    0.048436         0.0
12  word_l0_12.mp4           17  0.495433  ...    0.767121    0.067066         0.0
13  word_l0_12.mp4           18  0.495554  ...    0.764451    0.054735         0.0
14  word_l0_12.mp4           19  0.495165  ...    0.772857    0.065162         0.0
15  word_l0_12.mp4           20  0.495274  ...    0.785261    0.042499         0.0
16  word_l0_12.mp4           21  0.495013  ...    0.795932    0.053577         0.0
17  word_l0_12.mp4           22  0.495193  ...    0.808243    0.065010         0.0
18  word_l0_12.mp4           23  0.495472  ...    0.809887    0.068544         0.0
19  word_l0_12.mp4           24  0.495425  ...    0.799100    0.068788         0.0
20  word_l0_12.mp4           25  0.495511  ...    0.802536    0.038482         0.0
21  word_l0_12.mp4           26  0.495462  ...    0.817560    0.047139         0.0
22  word_l0_12.mp4           27  0.495484  ...    0.803864    0.030950         0.0
23  word_l0_12.mp4           28  0.494879  ...    0.787099    0.011763         0.0
24  word_l0_12.mp4           29  0.494464  ...    0.759030    0.002259         0.0
25  word_l0_12.mp4           30  0.494389  ...    0.747473    0.002739         0.0
26  word_l0_12.mp4           31  0.494471  ...    0.734099    0.013256         0.0
27  word_l0_12.mp4           32  0.493863  ...    0.728963    0.022294         0.0
28  word_l0_12.mp4           33  0.494285  ...    0.729127    0.027253         0.0
29  word_l0_12.mp4           34  0.494685  ...    0.731096    0.018646         0.0
30  word_l0_12.mp4           35  0.494363  ...    0.728278    0.024878         0.0
31  word_l0_12.mp4           36  0.494231  ...    0.722415    0.020057         0.0
32  word_l0_12.mp4           37  0.494194  ...    0.718293    0.024427         0.0
33  word_l0_12.mp4           38  0.494346  ...    0.711040    0.010526         0.0
34  word_l0_12.mp4           39  0.493634  ...    0.708995    0.010686         0.0
35  word_l0_12.mp4           40  0.493645  ...    0.702308    0.012419         0.0
36  word_l0_12.mp4           41  0.493847  ...    0.695136    0.006195         0.0
37  word_l0_12.mp4           42  0.493479  ...    0.708277    0.018281         0.0
38  word_l0_12.mp4           43  0.493121  ...    0.711825    0.027575         0.0
39  word_l0_12.mp4           44  0.493812  ...    0.710160    0.033081         0.0
40  word_l0_12.mp4           45  0.494592  ...    0.710739    0.028052         0.0
41  word_l0_12.mp4           46  0.493811  ...    0.712813    0.030154         0.0
42  word_l0_12.mp4           47  0.493399  ...    0.711521    0.025037         0.0
43  word_l0_12.mp4           48  0.493019  ...    0.712712    0.023430         0.0
44  word_l0_12.mp4           49  0.492941  ...    0.714029    0.023166         0.0
45  word_l0_12.mp4           50  0.492779  ...    0.714237    0.029310         0.0
46  word_l0_12.mp4           51  0.492811  ...    0.714069    0.033517         0.0
47  word_l0_12.mp4           52  0.492753  ...    0.712996    0.026447         0.0
48  word_l0_12.mp4           53  0.493062  ...    0.711809    0.021020         0.0
49  word_l0_12.mp4           54  0.493262  ...    0.712245    0.023701         0.0
50  word_l0_12.mp4           55  0.493328  ...    0.711570    0.020627         0.0
51  word_l0_12.mp4           56  0.493190  ...    0.721806    0.016863         0.0
52  word_l0_12.mp4           57  0.492776  ...    0.722372    0.015691         0.0

[53 rows x 1958 columns]
Extracting features...
Face width computed for normalizaiton 0.15940795325891818
Features saved to: ../output/word_l0_12_features.csv
          fn_video  ... distance_r_hand6_r_hand10
0   word_l0_12.mp4  ...                  0.173895
1   word_l0_12.mp4  ...                  0.206576
2   word_l0_12.mp4  ...                  0.203107
3   word_l0_12.mp4  ...                  0.177728
4   word_l0_12.mp4  ...                  0.175804
5   word_l0_12.mp4  ...                  0.161795
6   word_l0_12.mp4  ...                  0.149808
7   word_l0_12.mp4  ...                  0.146363
8   word_l0_12.mp4  ...                  0.156305
9   word_l0_12.mp4  ...                  0.177411
10  word_l0_12.mp4  ...                  0.161697
11  word_l0_12.mp4  ...                  0.182521
12  word_l0_12.mp4  ...                  0.182754
13  word_l0_12.mp4  ...                  0.165755
14  word_l0_12.mp4  ...                  0.154808
15  word_l0_12.mp4  ...                  0.121031
16  word_l0_12.mp4  ...                  0.134544
17  word_l0_12.mp4  ...                  0.149946
18  word_l0_12.mp4  ...                  0.152514
19  word_l0_12.mp4  ...                  0.158663
20  word_l0_12.mp4  ...                  0.184695
21  word_l0_12.mp4  ...                  0.185727
22  word_l0_12.mp4  ...                  0.166200
23  word_l0_12.mp4  ...                  0.154389
24  word_l0_12.mp4  ...                  0.166566
25  word_l0_12.mp4  ...                  0.123813
26  word_l0_12.mp4  ...                  0.141079
27  word_l0_12.mp4  ...                  0.155268
28  word_l0_12.mp4  ...                  0.163475
29  word_l0_12.mp4  ...                  0.154446
30  word_l0_12.mp4  ...                  0.157337
31  word_l0_12.mp4  ...                  0.169390
32  word_l0_12.mp4  ...                  0.249383
33  word_l0_12.mp4  ...                  0.284632
34  word_l0_12.mp4  ...                  0.308086
35  word_l0_12.mp4  ...                  0.316033
36  word_l0_12.mp4  ...                  0.310836
37  word_l0_12.mp4  ...                  0.328266
38  word_l0_12.mp4  ...                  0.332871
39  word_l0_12.mp4  ...                  0.335268
40  word_l0_12.mp4  ...                  0.332821
41  word_l0_12.mp4  ...                  0.327036
42  word_l0_12.mp4  ...                  0.326555
43  word_l0_12.mp4  ...                  0.324043
44  word_l0_12.mp4  ...                  0.324662
45  word_l0_12.mp4  ...                  0.323415
46  word_l0_12.mp4  ...                  0.320253
47  word_l0_12.mp4  ...                  0.310305
48  word_l0_12.mp4  ...                  0.295063
49  word_l0_12.mp4  ...                  0.282400
50  word_l0_12.mp4  ...                  0.266123
51  word_l0_12.mp4  ...                  0.255571
52  word_l0_12.mp4  ...                  0.241421

[53 rows x 30 columns]
csv file with predictions was saved to ../output/predictions_rf_position_female_cropped_word_l0_12.csv
Loaded model: ../trained_models/model_rf_shape_female_cropped.pkl
Loaded video: ../stimuli/words/mp4/word_l0_12.mp4
Extracting coordinates...
          fn_video frame_number   x_face0  ...  y_r_hand20  z_r_hand20  v_r_hand20
0   word_l0_12.mp4            5  0.495024  ...    0.973878    0.066004         0.0
1   word_l0_12.mp4            6  0.494840  ...    0.952018    0.054912         0.0
2   word_l0_12.mp4            7  0.494715  ...    0.904624    0.039051         0.0
3   word_l0_12.mp4            8  0.494684  ...    0.868440    0.019336         0.0
4   word_l0_12.mp4            9  0.494510  ...    0.846141    0.017846         0.0
5   word_l0_12.mp4           10  0.494980  ...    0.827776    0.027327         0.0
6   word_l0_12.mp4           11  0.495270  ...    0.808327    0.030508         0.0
7   word_l0_12.mp4           12  0.495552  ...    0.797888    0.032192         0.0
8   word_l0_12.mp4           13  0.495827  ...    0.787064    0.036764         0.0
9   word_l0_12.mp4           14  0.495952  ...    0.781099    0.044981         0.0
10  word_l0_12.mp4           15  0.496412  ...    0.774282    0.045313         0.0
11  word_l0_12.mp4           16  0.495883  ...    0.765794    0.048436         0.0
12  word_l0_12.mp4           17  0.495433  ...    0.767121    0.067066         0.0
13  word_l0_12.mp4           18  0.495554  ...    0.764451    0.054735         0.0
14  word_l0_12.mp4           19  0.495165  ...    0.772857    0.065162         0.0
15  word_l0_12.mp4           20  0.495274  ...    0.785261    0.042499         0.0
16  word_l0_12.mp4           21  0.495013  ...    0.795932    0.053577         0.0
17  word_l0_12.mp4           22  0.495193  ...    0.808243    0.065010         0.0
18  word_l0_12.mp4           23  0.495472  ...    0.809887    0.068544         0.0
19  word_l0_12.mp4           24  0.495425  ...    0.799100    0.068788         0.0
20  word_l0_12.mp4           25  0.495511  ...    0.802536    0.038482         0.0
21  word_l0_12.mp4           26  0.495462  ...    0.817560    0.047139         0.0
22  word_l0_12.mp4           27  0.495484  ...    0.803864    0.030950         0.0
23  word_l0_12.mp4           28  0.494879  ...    0.787099    0.011763         0.0
24  word_l0_12.mp4           29  0.494464  ...    0.759030    0.002259         0.0
25  word_l0_12.mp4           30  0.494389  ...    0.747473    0.002739         0.0
26  word_l0_12.mp4           31  0.494471  ...    0.734099    0.013256         0.0
27  word_l0_12.mp4           32  0.493863  ...    0.728963    0.022294         0.0
28  word_l0_12.mp4           33  0.494285  ...    0.729127    0.027253         0.0
29  word_l0_12.mp4           34  0.494685  ...    0.731096    0.018646         0.0
30  word_l0_12.mp4           35  0.494363  ...    0.728278    0.024878         0.0
31  word_l0_12.mp4           36  0.494231  ...    0.722415    0.020057         0.0
32  word_l0_12.mp4           37  0.494194  ...    0.718293    0.024427         0.0
33  word_l0_12.mp4           38  0.494346  ...    0.711040    0.010526         0.0
34  word_l0_12.mp4           39  0.493634  ...    0.708995    0.010686         0.0
35  word_l0_12.mp4           40  0.493645  ...    0.702308    0.012419         0.0
36  word_l0_12.mp4           41  0.493847  ...    0.695136    0.006195         0.0
37  word_l0_12.mp4           42  0.493479  ...    0.708277    0.018281         0.0
38  word_l0_12.mp4           43  0.493121  ...    0.711825    0.027575         0.0
39  word_l0_12.mp4           44  0.493812  ...    0.710160    0.033081         0.0
40  word_l0_12.mp4           45  0.494592  ...    0.710739    0.028052         0.0
41  word_l0_12.mp4           46  0.493811  ...    0.712813    0.030154         0.0
42  word_l0_12.mp4           47  0.493399  ...    0.711521    0.025037         0.0
43  word_l0_12.mp4           48  0.493019  ...    0.712712    0.023430         0.0
44  word_l0_12.mp4           49  0.492941  ...    0.714029    0.023166         0.0
45  word_l0_12.mp4           50  0.492779  ...    0.714237    0.029310         0.0
46  word_l0_12.mp4           51  0.492811  ...    0.714069    0.033517         0.0
47  word_l0_12.mp4           52  0.492753  ...    0.712996    0.026447         0.0
48  word_l0_12.mp4           53  0.493062  ...    0.711809    0.021020         0.0
49  word_l0_12.mp4           54  0.493262  ...    0.712245    0.023701         0.0
50  word_l0_12.mp4           55  0.493328  ...    0.711570    0.020627         0.0
51  word_l0_12.mp4           56  0.493190  ...    0.721806    0.016863         0.0
52  word_l0_12.mp4           57  0.492776  ...    0.722372    0.015691         0.0

[53 rows x 1958 columns]
Extracting features...
Face width computed for normalizaiton 0.15940795325891818
Features saved to: ../output/word_l0_12_features.csv
          fn_video  ... distance_r_hand6_r_hand10
0   word_l0_12.mp4  ...                  0.173895
1   word_l0_12.mp4  ...                  0.206576
2   word_l0_12.mp4  ...                  0.203107
3   word_l0_12.mp4  ...                  0.177728
4   word_l0_12.mp4  ...                  0.175804
5   word_l0_12.mp4  ...                  0.161795
6   word_l0_12.mp4  ...                  0.149808
7   word_l0_12.mp4  ...                  0.146363
8   word_l0_12.mp4  ...                  0.156305
9   word_l0_12.mp4  ...                  0.177411
10  word_l0_12.mp4  ...                  0.161697
11  word_l0_12.mp4  ...                  0.182521
12  word_l0_12.mp4  ...                  0.182754
13  word_l0_12.mp4  ...                  0.165755
14  word_l0_12.mp4  ...                  0.154808
15  word_l0_12.mp4  ...                  0.121031
16  word_l0_12.mp4  ...                  0.134544
17  word_l0_12.mp4  ...                  0.149946
18  word_l0_12.mp4  ...                  0.152514
19  word_l0_12.mp4  ...                  0.158663
20  word_l0_12.mp4  ...                  0.184695
21  word_l0_12.mp4  ...                  0.185727
22  word_l0_12.mp4  ...                  0.166200
23  word_l0_12.mp4  ...                  0.154389
24  word_l0_12.mp4  ...                  0.166566
25  word_l0_12.mp4  ...                  0.123813
26  word_l0_12.mp4  ...                  0.141079
27  word_l0_12.mp4  ...                  0.155268
28  word_l0_12.mp4  ...                  0.163475
29  word_l0_12.mp4  ...                  0.154446
30  word_l0_12.mp4  ...                  0.157337
31  word_l0_12.mp4  ...                  0.169390
32  word_l0_12.mp4  ...                  0.249383
33  word_l0_12.mp4  ...                  0.284632
34  word_l0_12.mp4  ...                  0.308086
35  word_l0_12.mp4  ...                  0.316033
36  word_l0_12.mp4  ...                  0.310836
37  word_l0_12.mp4  ...                  0.328266
38  word_l0_12.mp4  ...                  0.332871
39  word_l0_12.mp4  ...                  0.335268
40  word_l0_12.mp4  ...                  0.332821
41  word_l0_12.mp4  ...                  0.327036
42  word_l0_12.mp4  ...                  0.326555
43  word_l0_12.mp4  ...                  0.324043
44  word_l0_12.mp4  ...                  0.324662
45  word_l0_12.mp4  ...                  0.323415
46  word_l0_12.mp4  ...                  0.320253
47  word_l0_12.mp4  ...                  0.310305
48  word_l0_12.mp4  ...                  0.295063
49  word_l0_12.mp4  ...                  0.282400
50  word_l0_12.mp4  ...                  0.266123
51  word_l0_12.mp4  ...                  0.255571
52  word_l0_12.mp4  ...                  0.241421

[53 rows x 30 columns]
csv file with predictions was saved to ../output/predictions_rf_shape_female_cropped_word_l0_12.csv
Visualization for: ../stimuli/words/mp4/word_l0_12.mp4
32
