python is /network/lustre/iss02/home/annahita.sarre/anaconda3/envs/myenv/bin/python
Loaded model: ../trained_models/model_rf_position_female_cropped.pkl
Loaded video: ../stimuli/words/mp4/word_l2_06.mp4
Extracting coordinates...
          fn_video frame_number   x_face0  ...  y_r_hand20  z_r_hand20  v_r_hand20
0   word_l2_06.mp4            3  0.497762  ...    1.045093    0.031207         0.0
1   word_l2_06.mp4            4  0.497580  ...    0.987388    0.072359         0.0
2   word_l2_06.mp4            5  0.497163  ...    0.956073    0.034229         0.0
3   word_l2_06.mp4            6  0.497442  ...    0.913226    0.030791         0.0
4   word_l2_06.mp4            7  0.497176  ...    0.874943    0.028870         0.0
5   word_l2_06.mp4            8  0.496890  ...    0.830873    0.038887         0.0
6   word_l2_06.mp4            9  0.497198  ...    0.789760    0.028211         0.0
7   word_l2_06.mp4           10  0.496334  ...    0.753115    0.018457         0.0
8   word_l2_06.mp4           11  0.496284  ...    0.717075    0.010044         0.0
9   word_l2_06.mp4           12  0.496134  ...    0.685543    0.005239         0.0
10  word_l2_06.mp4           13  0.496076  ...    0.660563   -0.002991         0.0
11  word_l2_06.mp4           14  0.495703  ...    0.634092   -0.004073         0.0
12  word_l2_06.mp4           15  0.496032  ...    0.607299    0.002115         0.0
13  word_l2_06.mp4           16  0.495676  ...    0.587996    0.004815         0.0
14  word_l2_06.mp4           17  0.495417  ...    0.578447   -0.004486         0.0
15  word_l2_06.mp4           18  0.495265  ...    0.567207   -0.006660         0.0
16  word_l2_06.mp4           19  0.495576  ...    0.561948   -0.016698         0.0
17  word_l2_06.mp4           20  0.497534  ...    0.562830   -0.020797         0.0
18  word_l2_06.mp4           21  0.498508  ...    0.563259   -0.026268         0.0
19  word_l2_06.mp4           22  0.499612  ...    0.569039   -0.028006         0.0
20  word_l2_06.mp4           23  0.498956  ...    0.587020   -0.017178         0.0
21  word_l2_06.mp4           24  0.499123  ...    0.665575   -0.004447         0.0
22  word_l2_06.mp4           25  0.498896  ...    0.694765   -0.002587         0.0
23  word_l2_06.mp4           26  0.499020  ...    0.688128   -0.004489         0.0
24  word_l2_06.mp4           27  0.499004  ...    0.693311   -0.004748         0.0
25  word_l2_06.mp4           28  0.498597  ...    0.691706   -0.005224         0.0
26  word_l2_06.mp4           29  0.498008  ...    0.682839   -0.007830         0.0
27  word_l2_06.mp4           30  0.497827  ...    0.664339   -0.002537         0.0
28  word_l2_06.mp4           31  0.497858  ...    0.602065    0.007161         0.0
29  word_l2_06.mp4           32  0.497668  ...    0.569180   -0.017172         0.0
30  word_l2_06.mp4           33  0.497702  ...    0.563361   -0.012355         0.0
31  word_l2_06.mp4           34  0.497752  ...    0.563952   -0.012784         0.0
32  word_l2_06.mp4           35  0.497586  ...    0.564332   -0.013217         0.0
33  word_l2_06.mp4           36  0.497964  ...    0.565231   -0.012870         0.0
34  word_l2_06.mp4           37  0.498155  ...    0.564825   -0.015066         0.0
35  word_l2_06.mp4           38  0.498399  ...    0.564378   -0.010641         0.0
36  word_l2_06.mp4           39  0.497863  ...    0.566039   -0.000506         0.0
37  word_l2_06.mp4           40  0.497825  ...    0.564015   -0.001588         0.0
38  word_l2_06.mp4           41  0.497455  ...    0.565262   -0.000488         0.0
39  word_l2_06.mp4           42  0.497520  ...    0.565540   -0.008910         0.0
40  word_l2_06.mp4           43  0.497770  ...    0.565235   -0.006920         0.0
41  word_l2_06.mp4           44  0.497636  ...    0.566722   -0.008809         0.0
42  word_l2_06.mp4           45  0.497228  ...    0.568153   -0.008206         0.0
43  word_l2_06.mp4           46  0.497632  ...    0.572660   -0.023177         0.0
44  word_l2_06.mp4           47  0.497535  ...    0.581461   -0.028080         0.0
45  word_l2_06.mp4           48  0.497585  ...    0.595015   -0.026997         0.0
46  word_l2_06.mp4           49  0.497483  ...    0.616194   -0.006789         0.0
47  word_l2_06.mp4           50  0.497865  ...    0.630622    0.005484         0.0
48  word_l2_06.mp4           51  0.497783  ...    0.694286   -0.001547         0.0
49  word_l2_06.mp4           52  0.497288  ...    0.713425    0.003534         0.0

[50 rows x 1958 columns]
Extracting features...
Face width computed for normalizaiton 0.15732594452466908
Features saved to: ../output/word_l2_06_features.csv
          fn_video  ... distance_r_hand6_r_hand10
0   word_l2_06.mp4  ...                  0.180516
1   word_l2_06.mp4  ...                  0.198418
2   word_l2_06.mp4  ...                  0.218080
3   word_l2_06.mp4  ...                  0.198356
4   word_l2_06.mp4  ...                  0.202130
5   word_l2_06.mp4  ...                  0.194285
6   word_l2_06.mp4  ...                  0.194558
7   word_l2_06.mp4  ...                  0.194312
8   word_l2_06.mp4  ...                  0.189174
9   word_l2_06.mp4  ...                  0.171500
10  word_l2_06.mp4  ...                  0.168276
11  word_l2_06.mp4  ...                  0.162353
12  word_l2_06.mp4  ...                  0.150533
13  word_l2_06.mp4  ...                  0.137394
14  word_l2_06.mp4  ...                  0.132367
15  word_l2_06.mp4  ...                  0.130189
16  word_l2_06.mp4  ...                  0.135565
17  word_l2_06.mp4  ...                  0.136175
18  word_l2_06.mp4  ...                  0.138605
19  word_l2_06.mp4  ...                  0.158500
20  word_l2_06.mp4  ...                  0.207429
21  word_l2_06.mp4  ...                  0.270843
22  word_l2_06.mp4  ...                  0.342009
23  word_l2_06.mp4  ...                  0.327062
24  word_l2_06.mp4  ...                  0.363331
25  word_l2_06.mp4  ...                  0.366080
26  word_l2_06.mp4  ...                  0.348269
27  word_l2_06.mp4  ...                  0.270570
28  word_l2_06.mp4  ...                  0.216888
29  word_l2_06.mp4  ...                  0.155046
30  word_l2_06.mp4  ...                  0.145653
31  word_l2_06.mp4  ...                  0.145054
32  word_l2_06.mp4  ...                  0.143370
33  word_l2_06.mp4  ...                  0.142360
34  word_l2_06.mp4  ...                  0.144065
35  word_l2_06.mp4  ...                  0.141857
36  word_l2_06.mp4  ...                  0.142549
37  word_l2_06.mp4  ...                  0.143893
38  word_l2_06.mp4  ...                  0.141943
39  word_l2_06.mp4  ...                  0.142998
40  word_l2_06.mp4  ...                  0.144640
41  word_l2_06.mp4  ...                  0.145079
42  word_l2_06.mp4  ...                  0.147978
43  word_l2_06.mp4  ...                  0.148131
44  word_l2_06.mp4  ...                  0.151145
45  word_l2_06.mp4  ...                  0.160367
46  word_l2_06.mp4  ...                  0.162190
47  word_l2_06.mp4  ...                  0.168345
48  word_l2_06.mp4  ...                  0.186761
49  word_l2_06.mp4  ...                  0.189877

[50 rows x 30 columns]
csv file with predictions was saved to ../output/predictions_rf_position_female_cropped_word_l2_06.csv
Loaded model: ../trained_models/model_rf_shape_female_cropped.pkl
Loaded video: ../stimuli/words/mp4/word_l2_06.mp4
Extracting coordinates...
          fn_video frame_number   x_face0  ...  y_r_hand20  z_r_hand20  v_r_hand20
0   word_l2_06.mp4            3  0.497762  ...    1.045093    0.031207         0.0
1   word_l2_06.mp4            4  0.497580  ...    0.987388    0.072359         0.0
2   word_l2_06.mp4            5  0.497163  ...    0.956073    0.034229         0.0
3   word_l2_06.mp4            6  0.497442  ...    0.913226    0.030791         0.0
4   word_l2_06.mp4            7  0.497176  ...    0.874943    0.028870         0.0
5   word_l2_06.mp4            8  0.496890  ...    0.830873    0.038887         0.0
6   word_l2_06.mp4            9  0.497198  ...    0.789760    0.028211         0.0
7   word_l2_06.mp4           10  0.496334  ...    0.753115    0.018457         0.0
8   word_l2_06.mp4           11  0.496284  ...    0.717075    0.010044         0.0
9   word_l2_06.mp4           12  0.496134  ...    0.685543    0.005239         0.0
10  word_l2_06.mp4           13  0.496076  ...    0.660563   -0.002991         0.0
11  word_l2_06.mp4           14  0.495703  ...    0.634092   -0.004073         0.0
12  word_l2_06.mp4           15  0.496032  ...    0.607299    0.002115         0.0
13  word_l2_06.mp4           16  0.495676  ...    0.587996    0.004815         0.0
14  word_l2_06.mp4           17  0.495417  ...    0.578447   -0.004486         0.0
15  word_l2_06.mp4           18  0.495265  ...    0.567207   -0.006660         0.0
16  word_l2_06.mp4           19  0.495576  ...    0.561948   -0.016698         0.0
17  word_l2_06.mp4           20  0.497534  ...    0.562830   -0.020797         0.0
18  word_l2_06.mp4           21  0.498508  ...    0.563259   -0.026268         0.0
19  word_l2_06.mp4           22  0.499612  ...    0.569039   -0.028006         0.0
20  word_l2_06.mp4           23  0.498956  ...    0.587020   -0.017178         0.0
21  word_l2_06.mp4           24  0.499123  ...    0.665575   -0.004447         0.0
22  word_l2_06.mp4           25  0.498896  ...    0.694765   -0.002587         0.0
23  word_l2_06.mp4           26  0.499020  ...    0.688128   -0.004489         0.0
24  word_l2_06.mp4           27  0.499004  ...    0.693311   -0.004748         0.0
25  word_l2_06.mp4           28  0.498597  ...    0.691706   -0.005224         0.0
26  word_l2_06.mp4           29  0.498008  ...    0.682839   -0.007830         0.0
27  word_l2_06.mp4           30  0.497827  ...    0.664339   -0.002537         0.0
28  word_l2_06.mp4           31  0.497858  ...    0.602065    0.007161         0.0
29  word_l2_06.mp4           32  0.497668  ...    0.569180   -0.017172         0.0
30  word_l2_06.mp4           33  0.497702  ...    0.563361   -0.012355         0.0
31  word_l2_06.mp4           34  0.497752  ...    0.563952   -0.012784         0.0
32  word_l2_06.mp4           35  0.497586  ...    0.564332   -0.013217         0.0
33  word_l2_06.mp4           36  0.497964  ...    0.565231   -0.012870         0.0
34  word_l2_06.mp4           37  0.498155  ...    0.564825   -0.015066         0.0
35  word_l2_06.mp4           38  0.498399  ...    0.564378   -0.010641         0.0
36  word_l2_06.mp4           39  0.497863  ...    0.566039   -0.000506         0.0
37  word_l2_06.mp4           40  0.497825  ...    0.564015   -0.001588         0.0
38  word_l2_06.mp4           41  0.497455  ...    0.565262   -0.000488         0.0
39  word_l2_06.mp4           42  0.497520  ...    0.565540   -0.008910         0.0
40  word_l2_06.mp4           43  0.497770  ...    0.565235   -0.006920         0.0
41  word_l2_06.mp4           44  0.497636  ...    0.566722   -0.008809         0.0
42  word_l2_06.mp4           45  0.497228  ...    0.568153   -0.008206         0.0
43  word_l2_06.mp4           46  0.497632  ...    0.572660   -0.023177         0.0
44  word_l2_06.mp4           47  0.497535  ...    0.581461   -0.028080         0.0
45  word_l2_06.mp4           48  0.497585  ...    0.595015   -0.026997         0.0
46  word_l2_06.mp4           49  0.497483  ...    0.616194   -0.006789         0.0
47  word_l2_06.mp4           50  0.497865  ...    0.630622    0.005484         0.0
48  word_l2_06.mp4           51  0.497783  ...    0.694286   -0.001547         0.0
49  word_l2_06.mp4           52  0.497288  ...    0.713425    0.003534         0.0

[50 rows x 1958 columns]
Extracting features...
Face width computed for normalizaiton 0.15732594452466908
Features saved to: ../output/word_l2_06_features.csv
          fn_video  ... distance_r_hand6_r_hand10
0   word_l2_06.mp4  ...                  0.180516
1   word_l2_06.mp4  ...                  0.198418
2   word_l2_06.mp4  ...                  0.218080
3   word_l2_06.mp4  ...                  0.198356
4   word_l2_06.mp4  ...                  0.202130
5   word_l2_06.mp4  ...                  0.194285
6   word_l2_06.mp4  ...                  0.194558
7   word_l2_06.mp4  ...                  0.194312
8   word_l2_06.mp4  ...                  0.189174
9   word_l2_06.mp4  ...                  0.171500
10  word_l2_06.mp4  ...                  0.168276
11  word_l2_06.mp4  ...                  0.162353
12  word_l2_06.mp4  ...                  0.150533
13  word_l2_06.mp4  ...                  0.137394
14  word_l2_06.mp4  ...                  0.132367
15  word_l2_06.mp4  ...                  0.130189
16  word_l2_06.mp4  ...                  0.135565
17  word_l2_06.mp4  ...                  0.136175
18  word_l2_06.mp4  ...                  0.138605
19  word_l2_06.mp4  ...                  0.158500
20  word_l2_06.mp4  ...                  0.207429
21  word_l2_06.mp4  ...                  0.270843
22  word_l2_06.mp4  ...                  0.342009
23  word_l2_06.mp4  ...                  0.327062
24  word_l2_06.mp4  ...                  0.363331
25  word_l2_06.mp4  ...                  0.366080
26  word_l2_06.mp4  ...                  0.348269
27  word_l2_06.mp4  ...                  0.270570
28  word_l2_06.mp4  ...                  0.216888
29  word_l2_06.mp4  ...                  0.155046
30  word_l2_06.mp4  ...                  0.145653
31  word_l2_06.mp4  ...                  0.145054
32  word_l2_06.mp4  ...                  0.143370
33  word_l2_06.mp4  ...                  0.142360
34  word_l2_06.mp4  ...                  0.144065
35  word_l2_06.mp4  ...                  0.141857
36  word_l2_06.mp4  ...                  0.142549
37  word_l2_06.mp4  ...                  0.143893
38  word_l2_06.mp4  ...                  0.141943
39  word_l2_06.mp4  ...                  0.142998
40  word_l2_06.mp4  ...                  0.144640
41  word_l2_06.mp4  ...                  0.145079
42  word_l2_06.mp4  ...                  0.147978
43  word_l2_06.mp4  ...                  0.148131
44  word_l2_06.mp4  ...                  0.151145
45  word_l2_06.mp4  ...                  0.160367
46  word_l2_06.mp4  ...                  0.162190
47  word_l2_06.mp4  ...                  0.168345
48  word_l2_06.mp4  ...                  0.186761
49  word_l2_06.mp4  ...                  0.189877

[50 rows x 30 columns]
csv file with predictions was saved to ../output/predictions_rf_shape_female_cropped_word_l2_06.csv
