python is /network/lustre/iss02/home/annahita.sarre/anaconda3/envs/myenv/bin/python
Loaded model: ../trained_models/model_rf_position_female_cropped.pkl
Loaded video: ../stimuli/words/mp4/word_h1_09.mp4
Extracting coordinates...
          fn_video frame_number   x_face0  ...  y_r_hand20  z_r_hand20  v_r_hand20
0   word_h1_09.mp4            1  0.509993  ...    0.997695    0.073458         0.0
1   word_h1_09.mp4            2  0.509667  ...    0.942827    0.024130         0.0
2   word_h1_09.mp4            3  0.509519  ...    0.902992    0.016346         0.0
3   word_h1_09.mp4            4  0.509538  ...    0.887140    0.012113         0.0
4   word_h1_09.mp4            5  0.510102  ...    0.862856    0.015502         0.0
..             ...          ...       ...  ...         ...         ...         ...
75  word_h1_09.mp4           76  0.508857  ...    0.644859    0.015940         0.0
76  word_h1_09.mp4           77  0.508587  ...    0.653728    0.024704         0.0
77  word_h1_09.mp4           78  0.508370  ...    0.657613    0.023167         0.0
78  word_h1_09.mp4           79  0.507940  ...    0.658426    0.022095         0.0
79  word_h1_09.mp4           80  0.508004  ...    0.674487    0.036732         0.0

[80 rows x 1958 columns]
Extracting features...
Face width computed for normalizaiton 0.16220051586180517
Features saved to: ../output/word_h1_09_features.csv
          fn_video  ... distance_r_hand6_r_hand10
0   word_h1_09.mp4  ...                  0.191961
1   word_h1_09.mp4  ...                  0.218860
2   word_h1_09.mp4  ...                  0.205125
3   word_h1_09.mp4  ...                  0.195624
4   word_h1_09.mp4  ...                  0.189839
..             ...  ...                       ...
75  word_h1_09.mp4  ...                  0.213661
76  word_h1_09.mp4  ...                  0.204369
77  word_h1_09.mp4  ...                  0.205672
78  word_h1_09.mp4  ...                  0.173325
79  word_h1_09.mp4  ...                  0.172037

[80 rows x 30 columns]
csv file with predictions was saved to ../output/predictions_rf_position_female_cropped_word_h1_09.csv
Loaded model: ../trained_models/model_rf_shape_female_cropped.pkl
Loaded video: ../stimuli/words/mp4/word_h1_09.mp4
Extracting coordinates...
          fn_video frame_number   x_face0  ...  y_r_hand20  z_r_hand20  v_r_hand20
0   word_h1_09.mp4            1  0.509993  ...    0.997695    0.073458         0.0
1   word_h1_09.mp4            2  0.509667  ...    0.942827    0.024130         0.0
2   word_h1_09.mp4            3  0.509519  ...    0.902992    0.016346         0.0
3   word_h1_09.mp4            4  0.509538  ...    0.887140    0.012113         0.0
4   word_h1_09.mp4            5  0.510102  ...    0.862856    0.015502         0.0
..             ...          ...       ...  ...         ...         ...         ...
75  word_h1_09.mp4           76  0.508857  ...    0.644859    0.015940         0.0
76  word_h1_09.mp4           77  0.508587  ...    0.653728    0.024704         0.0
77  word_h1_09.mp4           78  0.508370  ...    0.657613    0.023167         0.0
78  word_h1_09.mp4           79  0.507940  ...    0.658426    0.022095         0.0
79  word_h1_09.mp4           80  0.508004  ...    0.674487    0.036732         0.0

[80 rows x 1958 columns]
Extracting features...
Face width computed for normalizaiton 0.16220051586180517
Features saved to: ../output/word_h1_09_features.csv
          fn_video  ... distance_r_hand6_r_hand10
0   word_h1_09.mp4  ...                  0.191961
1   word_h1_09.mp4  ...                  0.218860
2   word_h1_09.mp4  ...                  0.205125
3   word_h1_09.mp4  ...                  0.195624
4   word_h1_09.mp4  ...                  0.189839
..             ...  ...                       ...
75  word_h1_09.mp4  ...                  0.213661
76  word_h1_09.mp4  ...                  0.204369
77  word_h1_09.mp4  ...                  0.205672
78  word_h1_09.mp4  ...                  0.173325
79  word_h1_09.mp4  ...                  0.172037

[80 rows x 30 columns]
csv file with predictions was saved to ../output/predictions_rf_shape_female_cropped_word_h1_09.csv
Visualization for: ../stimuli/words/mp4/word_h1_09.mp4
32
