python is /network/lustre/iss02/home/annahita.sarre/anaconda3/envs/myenv/bin/python
Loaded model: ../trained_models/model_rf_position_female_cropped.pkl
Loaded video: ../stimuli/words/mp4/word_l2_05_pseudo.mp4
Extracting coordinates...
                 fn_video frame_number  ...  z_r_hand20  v_r_hand20
0   word_l2_05_pseudo.mp4            1  ...   -0.000088         0.0
1   word_l2_05_pseudo.mp4            2  ...    0.027497         0.0
2   word_l2_05_pseudo.mp4            3  ...    0.022893         0.0
3   word_l2_05_pseudo.mp4            4  ...    0.081991         0.0
4   word_l2_05_pseudo.mp4            5  ...    0.072698         0.0
5   word_l2_05_pseudo.mp4            6  ...    0.048671         0.0
6   word_l2_05_pseudo.mp4            7  ...    0.034141         0.0
7   word_l2_05_pseudo.mp4            8  ...    0.039054         0.0
8   word_l2_05_pseudo.mp4            9  ...    0.018992         0.0
9   word_l2_05_pseudo.mp4           10  ...    0.022850         0.0
10  word_l2_05_pseudo.mp4           11  ...    0.017527         0.0
11  word_l2_05_pseudo.mp4           12  ...    0.017572         0.0
12  word_l2_05_pseudo.mp4           13  ...    0.015315         0.0
13  word_l2_05_pseudo.mp4           14  ...    0.012315         0.0
14  word_l2_05_pseudo.mp4           15  ...    0.018310         0.0
15  word_l2_05_pseudo.mp4           16  ...    0.017870         0.0
16  word_l2_05_pseudo.mp4           17  ...    0.016301         0.0
17  word_l2_05_pseudo.mp4           18  ...    0.010395         0.0
18  word_l2_05_pseudo.mp4           19  ...    0.009559         0.0
19  word_l2_05_pseudo.mp4           20  ...    0.011946         0.0
20  word_l2_05_pseudo.mp4           21  ...    0.011752         0.0
21  word_l2_05_pseudo.mp4           22  ...    0.007288         0.0
22  word_l2_05_pseudo.mp4           23  ...    0.006013         0.0
23  word_l2_05_pseudo.mp4           24  ...    0.004802         0.0
24  word_l2_05_pseudo.mp4           25  ...    0.004580         0.0
25  word_l2_05_pseudo.mp4           26  ...    0.002808         0.0
26  word_l2_05_pseudo.mp4           27  ...    0.001127         0.0
27  word_l2_05_pseudo.mp4           28  ...    0.001229         0.0
28  word_l2_05_pseudo.mp4           29  ...    0.001324         0.0
29  word_l2_05_pseudo.mp4           30  ...    0.013528         0.0
30  word_l2_05_pseudo.mp4           31  ...    0.009831         0.0
31  word_l2_05_pseudo.mp4           32  ...    0.002949         0.0
32  word_l2_05_pseudo.mp4           33  ...    0.006185         0.0
33  word_l2_05_pseudo.mp4           34  ...    0.006870         0.0
34  word_l2_05_pseudo.mp4           35  ...    0.007622         0.0
35  word_l2_05_pseudo.mp4           36  ...    0.011553         0.0
36  word_l2_05_pseudo.mp4           37  ...    0.012486         0.0
37  word_l2_05_pseudo.mp4           38  ...   -0.001825         0.0
38  word_l2_05_pseudo.mp4           39  ...   -0.032299         0.0
39  word_l2_05_pseudo.mp4           40  ...   -0.023425         0.0
40  word_l2_05_pseudo.mp4           41  ...   -0.032608         0.0
41  word_l2_05_pseudo.mp4           42  ...   -0.032565         0.0
42  word_l2_05_pseudo.mp4           43  ...   -0.030393         0.0
43  word_l2_05_pseudo.mp4           44  ...   -0.026517         0.0
44  word_l2_05_pseudo.mp4           45  ...   -0.021614         0.0
45  word_l2_05_pseudo.mp4           46  ...   -0.025209         0.0
46  word_l2_05_pseudo.mp4           47  ...   -0.021747         0.0
47  word_l2_05_pseudo.mp4           48  ...   -0.024134         0.0
48  word_l2_05_pseudo.mp4           49  ...   -0.027689         0.0
49  word_l2_05_pseudo.mp4           50  ...   -0.027446         0.0
50  word_l2_05_pseudo.mp4           51  ...   -0.038103         0.0
51  word_l2_05_pseudo.mp4           52  ...   -0.034869         0.0
52  word_l2_05_pseudo.mp4           53  ...   -0.036163         0.0
53  word_l2_05_pseudo.mp4           54  ...   -0.015238         0.0
54  word_l2_05_pseudo.mp4           55  ...    0.012061         0.0
55  word_l2_05_pseudo.mp4           56  ...    0.007342         0.0
56  word_l2_05_pseudo.mp4           57  ...    0.003875         0.0
57  word_l2_05_pseudo.mp4           58  ...    0.006211         0.0
58  word_l2_05_pseudo.mp4           59  ...    0.007200         0.0
59  word_l2_05_pseudo.mp4           60  ...    0.007355         0.0

[60 rows x 1958 columns]
Extracting features...
Face width computed for normalizaiton 0.16184597624408642
Features saved to: ../output/word_l2_05_pseudo_features.csv
                 fn_video  ... distance_r_hand6_r_hand10
0   word_l2_05_pseudo.mp4  ...                  0.202439
1   word_l2_05_pseudo.mp4  ...                  0.197053
2   word_l2_05_pseudo.mp4  ...                  0.193081
3   word_l2_05_pseudo.mp4  ...                  0.228142
4   word_l2_05_pseudo.mp4  ...                  0.234614
5   word_l2_05_pseudo.mp4  ...                  0.204606
6   word_l2_05_pseudo.mp4  ...                  0.184652
7   word_l2_05_pseudo.mp4  ...                  0.204576
8   word_l2_05_pseudo.mp4  ...                  0.248496
9   word_l2_05_pseudo.mp4  ...                  0.278843
10  word_l2_05_pseudo.mp4  ...                  0.273989
11  word_l2_05_pseudo.mp4  ...                  0.284481
12  word_l2_05_pseudo.mp4  ...                  0.295202
13  word_l2_05_pseudo.mp4  ...                  0.305114
14  word_l2_05_pseudo.mp4  ...                  0.298292
15  word_l2_05_pseudo.mp4  ...                  0.307868
16  word_l2_05_pseudo.mp4  ...                  0.303865
17  word_l2_05_pseudo.mp4  ...                  0.334144
18  word_l2_05_pseudo.mp4  ...                  0.391090
19  word_l2_05_pseudo.mp4  ...                  0.385288
20  word_l2_05_pseudo.mp4  ...                  0.383150
21  word_l2_05_pseudo.mp4  ...                  0.401747
22  word_l2_05_pseudo.mp4  ...                  0.408631
23  word_l2_05_pseudo.mp4  ...                  0.418643
24  word_l2_05_pseudo.mp4  ...                  0.427315
25  word_l2_05_pseudo.mp4  ...                  0.428387
26  word_l2_05_pseudo.mp4  ...                  0.431124
27  word_l2_05_pseudo.mp4  ...                  0.437095
28  word_l2_05_pseudo.mp4  ...                  0.408171
29  word_l2_05_pseudo.mp4  ...                  0.405518
30  word_l2_05_pseudo.mp4  ...                  0.381581
31  word_l2_05_pseudo.mp4  ...                  0.365526
32  word_l2_05_pseudo.mp4  ...                  0.339595
33  word_l2_05_pseudo.mp4  ...                  0.341149
34  word_l2_05_pseudo.mp4  ...                  0.331690
35  word_l2_05_pseudo.mp4  ...                  0.301509
36  word_l2_05_pseudo.mp4  ...                  0.233714
37  word_l2_05_pseudo.mp4  ...                  0.214952
38  word_l2_05_pseudo.mp4  ...                  0.156332
39  word_l2_05_pseudo.mp4  ...                  0.137374
40  word_l2_05_pseudo.mp4  ...                  0.135244
41  word_l2_05_pseudo.mp4  ...                  0.131218
42  word_l2_05_pseudo.mp4  ...                  0.129684
43  word_l2_05_pseudo.mp4  ...                  0.132066
44  word_l2_05_pseudo.mp4  ...                  0.129016
45  word_l2_05_pseudo.mp4  ...                  0.128997
46  word_l2_05_pseudo.mp4  ...                  0.129081
47  word_l2_05_pseudo.mp4  ...                  0.128588
48  word_l2_05_pseudo.mp4  ...                  0.129727
49  word_l2_05_pseudo.mp4  ...                  0.132632
50  word_l2_05_pseudo.mp4  ...                  0.145023
51  word_l2_05_pseudo.mp4  ...                  0.148419
52  word_l2_05_pseudo.mp4  ...                  0.150093
53  word_l2_05_pseudo.mp4  ...                  0.156583
54  word_l2_05_pseudo.mp4  ...                  0.162391
55  word_l2_05_pseudo.mp4  ...                  0.171283
56  word_l2_05_pseudo.mp4  ...                  0.158163
57  word_l2_05_pseudo.mp4  ...                  0.163257
58  word_l2_05_pseudo.mp4  ...                  0.166467
59  word_l2_05_pseudo.mp4  ...                  0.163195

[60 rows x 30 columns]
csv file with predictions was saved to ../output/predictions_rf_position_female_cropped_word_l2_05_pseudo.csv
Loaded model: ../trained_models/model_rf_shape_female_cropped.pkl
Loaded video: ../stimuli/words/mp4/word_l2_05_pseudo.mp4
Extracting coordinates...
                 fn_video frame_number  ...  z_r_hand20  v_r_hand20
0   word_l2_05_pseudo.mp4            1  ...   -0.000088         0.0
1   word_l2_05_pseudo.mp4            2  ...    0.027497         0.0
2   word_l2_05_pseudo.mp4            3  ...    0.022893         0.0
3   word_l2_05_pseudo.mp4            4  ...    0.081991         0.0
4   word_l2_05_pseudo.mp4            5  ...    0.072698         0.0
5   word_l2_05_pseudo.mp4            6  ...    0.048671         0.0
6   word_l2_05_pseudo.mp4            7  ...    0.034141         0.0
7   word_l2_05_pseudo.mp4            8  ...    0.039054         0.0
8   word_l2_05_pseudo.mp4            9  ...    0.018992         0.0
9   word_l2_05_pseudo.mp4           10  ...    0.022850         0.0
10  word_l2_05_pseudo.mp4           11  ...    0.017527         0.0
11  word_l2_05_pseudo.mp4           12  ...    0.017572         0.0
12  word_l2_05_pseudo.mp4           13  ...    0.015315         0.0
13  word_l2_05_pseudo.mp4           14  ...    0.012315         0.0
14  word_l2_05_pseudo.mp4           15  ...    0.018310         0.0
15  word_l2_05_pseudo.mp4           16  ...    0.017870         0.0
16  word_l2_05_pseudo.mp4           17  ...    0.016301         0.0
17  word_l2_05_pseudo.mp4           18  ...    0.010395         0.0
18  word_l2_05_pseudo.mp4           19  ...    0.009559         0.0
19  word_l2_05_pseudo.mp4           20  ...    0.011946         0.0
20  word_l2_05_pseudo.mp4           21  ...    0.011752         0.0
21  word_l2_05_pseudo.mp4           22  ...    0.007288         0.0
22  word_l2_05_pseudo.mp4           23  ...    0.006013         0.0
23  word_l2_05_pseudo.mp4           24  ...    0.004802         0.0
24  word_l2_05_pseudo.mp4           25  ...    0.004580         0.0
25  word_l2_05_pseudo.mp4           26  ...    0.002808         0.0
26  word_l2_05_pseudo.mp4           27  ...    0.001127         0.0
27  word_l2_05_pseudo.mp4           28  ...    0.001229         0.0
28  word_l2_05_pseudo.mp4           29  ...    0.001324         0.0
29  word_l2_05_pseudo.mp4           30  ...    0.013528         0.0
30  word_l2_05_pseudo.mp4           31  ...    0.009831         0.0
31  word_l2_05_pseudo.mp4           32  ...    0.002949         0.0
32  word_l2_05_pseudo.mp4           33  ...    0.006185         0.0
33  word_l2_05_pseudo.mp4           34  ...    0.006870         0.0
34  word_l2_05_pseudo.mp4           35  ...    0.007622         0.0
35  word_l2_05_pseudo.mp4           36  ...    0.011553         0.0
36  word_l2_05_pseudo.mp4           37  ...    0.012486         0.0
37  word_l2_05_pseudo.mp4           38  ...   -0.001825         0.0
38  word_l2_05_pseudo.mp4           39  ...   -0.032299         0.0
39  word_l2_05_pseudo.mp4           40  ...   -0.023425         0.0
40  word_l2_05_pseudo.mp4           41  ...   -0.032608         0.0
41  word_l2_05_pseudo.mp4           42  ...   -0.032565         0.0
42  word_l2_05_pseudo.mp4           43  ...   -0.030393         0.0
43  word_l2_05_pseudo.mp4           44  ...   -0.026517         0.0
44  word_l2_05_pseudo.mp4           45  ...   -0.021614         0.0
45  word_l2_05_pseudo.mp4           46  ...   -0.025209         0.0
46  word_l2_05_pseudo.mp4           47  ...   -0.021747         0.0
47  word_l2_05_pseudo.mp4           48  ...   -0.024134         0.0
48  word_l2_05_pseudo.mp4           49  ...   -0.027689         0.0
49  word_l2_05_pseudo.mp4           50  ...   -0.027446         0.0
50  word_l2_05_pseudo.mp4           51  ...   -0.038103         0.0
51  word_l2_05_pseudo.mp4           52  ...   -0.034869         0.0
52  word_l2_05_pseudo.mp4           53  ...   -0.036163         0.0
53  word_l2_05_pseudo.mp4           54  ...   -0.015238         0.0
54  word_l2_05_pseudo.mp4           55  ...    0.012061         0.0
55  word_l2_05_pseudo.mp4           56  ...    0.007342         0.0
56  word_l2_05_pseudo.mp4           57  ...    0.003875         0.0
57  word_l2_05_pseudo.mp4           58  ...    0.006211         0.0
58  word_l2_05_pseudo.mp4           59  ...    0.007200         0.0
59  word_l2_05_pseudo.mp4           60  ...    0.007355         0.0

[60 rows x 1958 columns]
Extracting features...
Face width computed for normalizaiton 0.16184597624408642
Features saved to: ../output/word_l2_05_pseudo_features.csv
                 fn_video  ... distance_r_hand6_r_hand10
0   word_l2_05_pseudo.mp4  ...                  0.202439
1   word_l2_05_pseudo.mp4  ...                  0.197053
2   word_l2_05_pseudo.mp4  ...                  0.193081
3   word_l2_05_pseudo.mp4  ...                  0.228142
4   word_l2_05_pseudo.mp4  ...                  0.234614
5   word_l2_05_pseudo.mp4  ...                  0.204606
6   word_l2_05_pseudo.mp4  ...                  0.184652
7   word_l2_05_pseudo.mp4  ...                  0.204576
8   word_l2_05_pseudo.mp4  ...                  0.248496
9   word_l2_05_pseudo.mp4  ...                  0.278843
10  word_l2_05_pseudo.mp4  ...                  0.273989
11  word_l2_05_pseudo.mp4  ...                  0.284481
12  word_l2_05_pseudo.mp4  ...                  0.295202
13  word_l2_05_pseudo.mp4  ...                  0.305114
14  word_l2_05_pseudo.mp4  ...                  0.298292
15  word_l2_05_pseudo.mp4  ...                  0.307868
16  word_l2_05_pseudo.mp4  ...                  0.303865
17  word_l2_05_pseudo.mp4  ...                  0.334144
18  word_l2_05_pseudo.mp4  ...                  0.391090
19  word_l2_05_pseudo.mp4  ...                  0.385288
20  word_l2_05_pseudo.mp4  ...                  0.383150
21  word_l2_05_pseudo.mp4  ...                  0.401747
22  word_l2_05_pseudo.mp4  ...                  0.408631
23  word_l2_05_pseudo.mp4  ...                  0.418643
24  word_l2_05_pseudo.mp4  ...                  0.427315
25  word_l2_05_pseudo.mp4  ...                  0.428387
26  word_l2_05_pseudo.mp4  ...                  0.431124
27  word_l2_05_pseudo.mp4  ...                  0.437095
28  word_l2_05_pseudo.mp4  ...                  0.408171
29  word_l2_05_pseudo.mp4  ...                  0.405518
30  word_l2_05_pseudo.mp4  ...                  0.381581
31  word_l2_05_pseudo.mp4  ...                  0.365526
32  word_l2_05_pseudo.mp4  ...                  0.339595
33  word_l2_05_pseudo.mp4  ...                  0.341149
34  word_l2_05_pseudo.mp4  ...                  0.331690
35  word_l2_05_pseudo.mp4  ...                  0.301509
36  word_l2_05_pseudo.mp4  ...                  0.233714
37  word_l2_05_pseudo.mp4  ...                  0.214952
38  word_l2_05_pseudo.mp4  ...                  0.156332
39  word_l2_05_pseudo.mp4  ...                  0.137374
40  word_l2_05_pseudo.mp4  ...                  0.135244
41  word_l2_05_pseudo.mp4  ...                  0.131218
42  word_l2_05_pseudo.mp4  ...                  0.129684
43  word_l2_05_pseudo.mp4  ...                  0.132066
44  word_l2_05_pseudo.mp4  ...                  0.129016
45  word_l2_05_pseudo.mp4  ...                  0.128997
46  word_l2_05_pseudo.mp4  ...                  0.129081
47  word_l2_05_pseudo.mp4  ...                  0.128588
48  word_l2_05_pseudo.mp4  ...                  0.129727
49  word_l2_05_pseudo.mp4  ...                  0.132632
50  word_l2_05_pseudo.mp4  ...                  0.145023
51  word_l2_05_pseudo.mp4  ...                  0.148419
52  word_l2_05_pseudo.mp4  ...                  0.150093
53  word_l2_05_pseudo.mp4  ...                  0.156583
54  word_l2_05_pseudo.mp4  ...                  0.162391
55  word_l2_05_pseudo.mp4  ...                  0.171283
56  word_l2_05_pseudo.mp4  ...                  0.158163
57  word_l2_05_pseudo.mp4  ...                  0.163257
58  word_l2_05_pseudo.mp4  ...                  0.166467
59  word_l2_05_pseudo.mp4  ...                  0.163195

[60 rows x 30 columns]
csv file with predictions was saved to ../output/predictions_rf_shape_female_cropped_word_l2_05_pseudo.csv
