python is /network/lustre/iss02/home/annahita.sarre/anaconda3/envs/myenv/bin/python
Loaded model: ../trained_models/model_rf_position_female_cropped.pkl
Loaded video: ../stimuli/words/mp4/word_l0_02.mp4
Extracting coordinates...
          fn_video frame_number   x_face0  ...  y_r_hand20  z_r_hand20  v_r_hand20
0   word_l0_02.mp4            7  0.502166  ...    1.031723    0.050976         0.0
1   word_l0_02.mp4            8  0.502368  ...    1.007010    0.049618         0.0
2   word_l0_02.mp4            9  0.502752  ...    0.970252    0.018947         0.0
3   word_l0_02.mp4           10  0.503020  ...    0.935823    0.022332         0.0
4   word_l0_02.mp4           11  0.503212  ...    0.907995    0.025646         0.0
..             ...          ...       ...  ...         ...         ...         ...
57  word_l0_02.mp4           64  0.501347  ...    0.725362    0.013767         0.0
58  word_l0_02.mp4           65  0.501694  ...    0.738206    0.014294         0.0
59  word_l0_02.mp4           66  0.501525  ...    0.752158    0.013298         0.0
60  word_l0_02.mp4           67  0.501745  ...    0.762973    0.015327         0.0
61  word_l0_02.mp4           68  0.501756  ...    0.775851    0.015888         0.0

[62 rows x 1958 columns]
Extracting features...
Face width computed for normalizaiton 0.15779823716023628
Features saved to: ../output/word_l0_02_features.csv
          fn_video  ... distance_r_hand6_r_hand10
0   word_l0_02.mp4  ...                  0.184706
1   word_l0_02.mp4  ...                  0.197221
2   word_l0_02.mp4  ...                  0.238962
3   word_l0_02.mp4  ...                  0.231386
4   word_l0_02.mp4  ...                  0.225388
..             ...  ...                       ...
57  word_l0_02.mp4  ...                  0.194708
58  word_l0_02.mp4  ...                  0.196084
59  word_l0_02.mp4  ...                  0.187958
60  word_l0_02.mp4  ...                  0.175145
61  word_l0_02.mp4  ...                  0.194603

[62 rows x 30 columns]
csv file with predictions was saved to ../output/predictions_rf_position_female_cropped_word_l0_02.csv
Loaded model: ../trained_models/model_rf_shape_female_cropped.pkl
Loaded video: ../stimuli/words/mp4/word_l0_02.mp4
Extracting coordinates...
          fn_video frame_number   x_face0  ...  y_r_hand20  z_r_hand20  v_r_hand20
0   word_l0_02.mp4            7  0.502166  ...    1.031723    0.050976         0.0
1   word_l0_02.mp4            8  0.502368  ...    1.007010    0.049618         0.0
2   word_l0_02.mp4            9  0.502752  ...    0.970252    0.018947         0.0
3   word_l0_02.mp4           10  0.503020  ...    0.935823    0.022332         0.0
4   word_l0_02.mp4           11  0.503212  ...    0.907995    0.025646         0.0
..             ...          ...       ...  ...         ...         ...         ...
57  word_l0_02.mp4           64  0.501347  ...    0.725362    0.013767         0.0
58  word_l0_02.mp4           65  0.501694  ...    0.738206    0.014294         0.0
59  word_l0_02.mp4           66  0.501525  ...    0.752158    0.013298         0.0
60  word_l0_02.mp4           67  0.501745  ...    0.762973    0.015327         0.0
61  word_l0_02.mp4           68  0.501756  ...    0.775851    0.015888         0.0

[62 rows x 1958 columns]
Extracting features...
Face width computed for normalizaiton 0.15779823716023628
Features saved to: ../output/word_l0_02_features.csv
          fn_video  ... distance_r_hand6_r_hand10
0   word_l0_02.mp4  ...                  0.184706
1   word_l0_02.mp4  ...                  0.197221
2   word_l0_02.mp4  ...                  0.238962
3   word_l0_02.mp4  ...                  0.231386
4   word_l0_02.mp4  ...                  0.225388
..             ...  ...                       ...
57  word_l0_02.mp4  ...                  0.194708
58  word_l0_02.mp4  ...                  0.196084
59  word_l0_02.mp4  ...                  0.187958
60  word_l0_02.mp4  ...                  0.175145
61  word_l0_02.mp4  ...                  0.194603

[62 rows x 30 columns]
csv file with predictions was saved to ../output/predictions_rf_shape_female_cropped_word_l0_02.csv
Visualization for: ../stimuli/words/mp4/word_l0_02.mp4
32
