python is /network/lustre/iss02/home/annahita.sarre/anaconda3/envs/myenv/bin/python
Loaded model: ../trained_models/model_rf_position_female_cropped.pkl
Loaded video: ../stimuli/words/mp4/word_h2_07.mp4
Extracting coordinates...
          fn_video frame_number   x_face0  ...  y_r_hand20  z_r_hand20  v_r_hand20
0   word_h2_07.mp4            1  0.495648  ...    1.014624    0.039504         0.0
1   word_h2_07.mp4            2  0.495022  ...    0.994347    0.059041         0.0
2   word_h2_07.mp4            3  0.494498  ...    0.973317    0.043994         0.0
3   word_h2_07.mp4            4  0.494540  ...    0.942276    0.038112         0.0
4   word_h2_07.mp4            5  0.494469  ...    0.884644    0.030820         0.0
..             ...          ...       ...  ...         ...         ...         ...
65  word_h2_07.mp4           66  0.495359  ...    0.862122    0.013911         0.0
66  word_h2_07.mp4           67  0.494638  ...    0.869636    0.015197         0.0
67  word_h2_07.mp4           68  0.494609  ...    0.882001    0.019188         0.0
68  word_h2_07.mp4           69  0.494669  ...    0.892950    0.018825         0.0
69  word_h2_07.mp4           70  0.494928  ...    0.894990    0.025007         0.0

[70 rows x 1958 columns]
Extracting features...
Face width computed for normalizaiton 0.16076481874874815
Features saved to: ../output/word_h2_07_features.csv
          fn_video  ... distance_r_hand6_r_hand10
0   word_h2_07.mp4  ...                  0.176377
1   word_h2_07.mp4  ...                  0.189988
2   word_h2_07.mp4  ...                  0.205821
3   word_h2_07.mp4  ...                  0.185173
4   word_h2_07.mp4  ...                  0.186009
..             ...  ...                       ...
65  word_h2_07.mp4  ...                  0.203339
66  word_h2_07.mp4  ...                  0.193745
67  word_h2_07.mp4  ...                  0.196577
68  word_h2_07.mp4  ...                  0.198989
69  word_h2_07.mp4  ...                  0.180276

[70 rows x 30 columns]
csv file with predictions was saved to ../output/predictions_rf_position_female_cropped_word_h2_07.csv
Loaded model: ../trained_models/model_rf_shape_female_cropped.pkl
Loaded video: ../stimuli/words/mp4/word_h2_07.mp4
Extracting coordinates...
          fn_video frame_number   x_face0  ...  y_r_hand20  z_r_hand20  v_r_hand20
0   word_h2_07.mp4            1  0.495648  ...    1.014624    0.039504         0.0
1   word_h2_07.mp4            2  0.495022  ...    0.994347    0.059041         0.0
2   word_h2_07.mp4            3  0.494498  ...    0.973317    0.043994         0.0
3   word_h2_07.mp4            4  0.494540  ...    0.942276    0.038112         0.0
4   word_h2_07.mp4            5  0.494469  ...    0.884644    0.030820         0.0
..             ...          ...       ...  ...         ...         ...         ...
65  word_h2_07.mp4           66  0.495359  ...    0.862122    0.013911         0.0
66  word_h2_07.mp4           67  0.494638  ...    0.869636    0.015197         0.0
67  word_h2_07.mp4           68  0.494609  ...    0.882001    0.019188         0.0
68  word_h2_07.mp4           69  0.494669  ...    0.892950    0.018825         0.0
69  word_h2_07.mp4           70  0.494928  ...    0.894990    0.025007         0.0

[70 rows x 1958 columns]
Extracting features...
Face width computed for normalizaiton 0.16076481874874815
Features saved to: ../output/word_h2_07_features.csv
          fn_video  ... distance_r_hand6_r_hand10
0   word_h2_07.mp4  ...                  0.176377
1   word_h2_07.mp4  ...                  0.189988
2   word_h2_07.mp4  ...                  0.205821
3   word_h2_07.mp4  ...                  0.185173
4   word_h2_07.mp4  ...                  0.186009
..             ...  ...                       ...
65  word_h2_07.mp4  ...                  0.203339
66  word_h2_07.mp4  ...                  0.193745
67  word_h2_07.mp4  ...                  0.196577
68  word_h2_07.mp4  ...                  0.198989
69  word_h2_07.mp4  ...                  0.180276

[70 rows x 30 columns]
csv file with predictions was saved to ../output/predictions_rf_shape_female_cropped_word_h2_07.csv
Visualization for: ../stimuli/words/mp4/word_h2_07.mp4
32
