python is /network/lustre/iss02/home/annahita.sarre/anaconda3/envs/myenv/bin/python
Loaded model: ../trained_models/model_rf_position_female_cropped.pkl
Loaded video: ../stimuli/words/mp4/word_h2_28.mp4
Extracting coordinates...
          fn_video frame_number   x_face0  ...  y_r_hand20  z_r_hand20  v_r_hand20
0   word_h2_28.mp4            1  0.498281  ...    0.960321    0.014243         0.0
1   word_h2_28.mp4            2  0.499503  ...    0.916270    0.005911         0.0
2   word_h2_28.mp4            3  0.500283  ...    0.892049    0.006059         0.0
3   word_h2_28.mp4            4  0.500346  ...    0.871091    0.009567         0.0
4   word_h2_28.mp4            5  0.500164  ...    0.849011    0.013992         0.0
5   word_h2_28.mp4            6  0.500600  ...    0.824491    0.016557         0.0
6   word_h2_28.mp4            7  0.500501  ...    0.800287    0.015060         0.0
7   word_h2_28.mp4            8  0.500539  ...    0.771842    0.008415         0.0
8   word_h2_28.mp4            9  0.500830  ...    0.742993    0.003692         0.0
9   word_h2_28.mp4           10  0.500289  ...    0.714024   -0.000130         0.0
10  word_h2_28.mp4           11  0.500284  ...    0.688946   -0.000737         0.0
11  word_h2_28.mp4           12  0.500496  ...    0.667217   -0.006743         0.0
12  word_h2_28.mp4           13  0.500531  ...    0.649586   -0.000784         0.0
13  word_h2_28.mp4           14  0.500499  ...    0.628438   -0.004822         0.0
14  word_h2_28.mp4           15  0.500952  ...    0.611088    0.001531         0.0
15  word_h2_28.mp4           16  0.500381  ...    0.592876   -0.011805         0.0
16  word_h2_28.mp4           17  0.499741  ...    0.582386   -0.008470         0.0
17  word_h2_28.mp4           18  0.499684  ...    0.572594   -0.005885         0.0
18  word_h2_28.mp4           19  0.499366  ...    0.566836   -0.007599         0.0
19  word_h2_28.mp4           20  0.499787  ...    0.564299   -0.014257         0.0
20  word_h2_28.mp4           21  0.499787  ...    0.566723   -0.021373         0.0
21  word_h2_28.mp4           22  0.499948  ...    0.569659   -0.015237         0.0
22  word_h2_28.mp4           23  0.499848  ...    0.595123   -0.016174         0.0
23  word_h2_28.mp4           24  0.501100  ...    0.688959    0.002311         0.0
24  word_h2_28.mp4           25  0.501271  ...    0.707984   -0.000148         0.0
25  word_h2_28.mp4           26  0.501372  ...    0.717629    0.001700         0.0
26  word_h2_28.mp4           27  0.501252  ...    0.720865    0.000784         0.0
27  word_h2_28.mp4           28  0.500807  ...    0.723770   -0.004239         0.0
28  word_h2_28.mp4           29  0.500850  ...    0.724446    0.001182         0.0
29  word_h2_28.mp4           30  0.501686  ...    0.708814    0.002626         0.0
30  word_h2_28.mp4           31  0.501705  ...    0.671258    0.022673         0.0
31  word_h2_28.mp4           32  0.501971  ...    0.614673   -0.003369         0.0
32  word_h2_28.mp4           33  0.501330  ...    0.587943   -0.015248         0.0
33  word_h2_28.mp4           34  0.501272  ...    0.572953    0.008245         0.0
34  word_h2_28.mp4           35  0.500922  ...    0.569689   -0.000549         0.0
35  word_h2_28.mp4           36  0.500661  ...    0.569985   -0.004891         0.0
36  word_h2_28.mp4           37  0.500315  ...    0.570532   -0.006550         0.0
37  word_h2_28.mp4           38  0.500440  ...    0.570915   -0.001139         0.0
38  word_h2_28.mp4           39  0.500210  ...    0.572400    0.000130         0.0
39  word_h2_28.mp4           40  0.500374  ...    0.571239   -0.003856         0.0
40  word_h2_28.mp4           41  0.500195  ...    0.572189   -0.002011         0.0
41  word_h2_28.mp4           42  0.500171  ...    0.571703   -0.003806         0.0
42  word_h2_28.mp4           43  0.499894  ...    0.572041    0.004114         0.0
43  word_h2_28.mp4           44  0.499576  ...    0.572075    0.001773         0.0
44  word_h2_28.mp4           45  0.499972  ...    0.573923    0.000469         0.0
45  word_h2_28.mp4           46  0.499728  ...    0.574878   -0.001302         0.0
46  word_h2_28.mp4           47  0.499562  ...    0.576319    0.003512         0.0
47  word_h2_28.mp4           48  0.499587  ...    0.580805    0.004395         0.0
48  word_h2_28.mp4           49  0.499286  ...    0.585363    0.006709         0.0
49  word_h2_28.mp4           50  0.498986  ...    0.592216    0.006689         0.0
50  word_h2_28.mp4           51  0.498671  ...    0.607013    0.014667         0.0
51  word_h2_28.mp4           52  0.498899  ...    0.647885    0.030757         0.0
52  word_h2_28.mp4           53  0.499018  ...    0.680290    0.029856         0.0
53  word_h2_28.mp4           54  0.498810  ...    0.710821    0.014676         0.0
54  word_h2_28.mp4           55  0.498693  ...    0.712321    0.016291         0.0
55  word_h2_28.mp4           56  0.499469  ...    0.733621    0.018071         0.0
56  word_h2_28.mp4           57  0.499322  ...    0.756083    0.014348         0.0
57  word_h2_28.mp4           58  0.499743  ...    0.773206    0.012413         0.0
58  word_h2_28.mp4           59  0.499917  ...    0.792761    0.015297         0.0
59  word_h2_28.mp4           60  0.500607  ...    0.814971    0.014698         0.0

[60 rows x 1958 columns]
Extracting features...
Face width computed for normalizaiton 0.15948744434127762
Features saved to: ../output/word_h2_28_features.csv
          fn_video  ... distance_r_hand6_r_hand10
0   word_h2_28.mp4  ...                  0.244558
1   word_h2_28.mp4  ...                  0.234370
2   word_h2_28.mp4  ...                  0.210460
3   word_h2_28.mp4  ...                  0.203100
4   word_h2_28.mp4  ...                  0.212501
5   word_h2_28.mp4  ...                  0.211382
6   word_h2_28.mp4  ...                  0.207644
7   word_h2_28.mp4  ...                  0.185304
8   word_h2_28.mp4  ...                  0.177984
9   word_h2_28.mp4  ...                  0.172763
10  word_h2_28.mp4  ...                  0.167732
11  word_h2_28.mp4  ...                  0.156353
12  word_h2_28.mp4  ...                  0.152898
13  word_h2_28.mp4  ...                  0.140622
14  word_h2_28.mp4  ...                  0.133308
15  word_h2_28.mp4  ...                  0.133649
16  word_h2_28.mp4  ...                  0.128846
17  word_h2_28.mp4  ...                  0.124870
18  word_h2_28.mp4  ...                  0.126291
19  word_h2_28.mp4  ...                  0.126729
20  word_h2_28.mp4  ...                  0.126438
21  word_h2_28.mp4  ...                  0.156828
22  word_h2_28.mp4  ...                  0.197727
23  word_h2_28.mp4  ...                  0.250596
24  word_h2_28.mp4  ...                  0.253378
25  word_h2_28.mp4  ...                  0.280705
26  word_h2_28.mp4  ...                  0.285520
27  word_h2_28.mp4  ...                  0.292143
28  word_h2_28.mp4  ...                  0.302635
29  word_h2_28.mp4  ...                  0.292309
30  word_h2_28.mp4  ...                  0.255477
31  word_h2_28.mp4  ...                  0.202061
32  word_h2_28.mp4  ...                  0.191039
33  word_h2_28.mp4  ...                  0.268287
34  word_h2_28.mp4  ...                  0.226839
35  word_h2_28.mp4  ...                  0.210614
36  word_h2_28.mp4  ...                  0.211644
37  word_h2_28.mp4  ...                  0.206604
38  word_h2_28.mp4  ...                  0.220435
39  word_h2_28.mp4  ...                  0.235207
40  word_h2_28.mp4  ...                  0.221665
41  word_h2_28.mp4  ...                  0.253559
42  word_h2_28.mp4  ...                  0.238122
43  word_h2_28.mp4  ...                  0.265335
44  word_h2_28.mp4  ...                  0.229477
45  word_h2_28.mp4  ...                  0.238282
46  word_h2_28.mp4  ...                  0.225927
47  word_h2_28.mp4  ...                  0.197717
48  word_h2_28.mp4  ...                  0.192366
49  word_h2_28.mp4  ...                  0.183138
50  word_h2_28.mp4  ...                  0.185266
51  word_h2_28.mp4  ...                  0.174418
52  word_h2_28.mp4  ...                  0.188946
53  word_h2_28.mp4  ...                  0.196985
54  word_h2_28.mp4  ...                  0.190452
55  word_h2_28.mp4  ...                  0.190991
56  word_h2_28.mp4  ...                  0.207077
57  word_h2_28.mp4  ...                  0.193021
58  word_h2_28.mp4  ...                  0.203545
59  word_h2_28.mp4  ...                  0.212831

[60 rows x 30 columns]
csv file with predictions was saved to ../output/predictions_rf_position_female_cropped_word_h2_28.csv
Loaded model: ../trained_models/model_rf_shape_female_cropped.pkl
Loaded video: ../stimuli/words/mp4/word_h2_28.mp4
Extracting coordinates...
          fn_video frame_number   x_face0  ...  y_r_hand20  z_r_hand20  v_r_hand20
0   word_h2_28.mp4            1  0.498281  ...    0.960321    0.014243         0.0
1   word_h2_28.mp4            2  0.499503  ...    0.916270    0.005911         0.0
2   word_h2_28.mp4            3  0.500283  ...    0.892049    0.006059         0.0
3   word_h2_28.mp4            4  0.500346  ...    0.871091    0.009567         0.0
4   word_h2_28.mp4            5  0.500164  ...    0.849011    0.013992         0.0
5   word_h2_28.mp4            6  0.500600  ...    0.824491    0.016557         0.0
6   word_h2_28.mp4            7  0.500501  ...    0.800287    0.015060         0.0
7   word_h2_28.mp4            8  0.500539  ...    0.771842    0.008415         0.0
8   word_h2_28.mp4            9  0.500830  ...    0.742993    0.003692         0.0
9   word_h2_28.mp4           10  0.500289  ...    0.714024   -0.000130         0.0
10  word_h2_28.mp4           11  0.500284  ...    0.688946   -0.000737         0.0
11  word_h2_28.mp4           12  0.500496  ...    0.667217   -0.006743         0.0
12  word_h2_28.mp4           13  0.500531  ...    0.649586   -0.000784         0.0
13  word_h2_28.mp4           14  0.500499  ...    0.628438   -0.004822         0.0
14  word_h2_28.mp4           15  0.500952  ...    0.611088    0.001531         0.0
15  word_h2_28.mp4           16  0.500381  ...    0.592876   -0.011805         0.0
16  word_h2_28.mp4           17  0.499741  ...    0.582386   -0.008470         0.0
17  word_h2_28.mp4           18  0.499684  ...    0.572594   -0.005885         0.0
18  word_h2_28.mp4           19  0.499366  ...    0.566836   -0.007599         0.0
19  word_h2_28.mp4           20  0.499787  ...    0.564299   -0.014257         0.0
20  word_h2_28.mp4           21  0.499787  ...    0.566723   -0.021373         0.0
21  word_h2_28.mp4           22  0.499948  ...    0.569659   -0.015237         0.0
22  word_h2_28.mp4           23  0.499848  ...    0.595123   -0.016174         0.0
23  word_h2_28.mp4           24  0.501100  ...    0.688959    0.002311         0.0
24  word_h2_28.mp4           25  0.501271  ...    0.707984   -0.000148         0.0
25  word_h2_28.mp4           26  0.501372  ...    0.717629    0.001700         0.0
26  word_h2_28.mp4           27  0.501252  ...    0.720865    0.000784         0.0
27  word_h2_28.mp4           28  0.500807  ...    0.723770   -0.004239         0.0
28  word_h2_28.mp4           29  0.500850  ...    0.724446    0.001182         0.0
29  word_h2_28.mp4           30  0.501686  ...    0.708814    0.002626         0.0
30  word_h2_28.mp4           31  0.501705  ...    0.671258    0.022673         0.0
31  word_h2_28.mp4           32  0.501971  ...    0.614673   -0.003369         0.0
32  word_h2_28.mp4           33  0.501330  ...    0.587943   -0.015248         0.0
33  word_h2_28.mp4           34  0.501272  ...    0.572953    0.008245         0.0
34  word_h2_28.mp4           35  0.500922  ...    0.569689   -0.000549         0.0
35  word_h2_28.mp4           36  0.500661  ...    0.569985   -0.004891         0.0
36  word_h2_28.mp4           37  0.500315  ...    0.570532   -0.006550         0.0
37  word_h2_28.mp4           38  0.500440  ...    0.570915   -0.001139         0.0
38  word_h2_28.mp4           39  0.500210  ...    0.572400    0.000130         0.0
39  word_h2_28.mp4           40  0.500374  ...    0.571239   -0.003856         0.0
40  word_h2_28.mp4           41  0.500195  ...    0.572189   -0.002011         0.0
41  word_h2_28.mp4           42  0.500171  ...    0.571703   -0.003806         0.0
42  word_h2_28.mp4           43  0.499894  ...    0.572041    0.004114         0.0
43  word_h2_28.mp4           44  0.499576  ...    0.572075    0.001773         0.0
44  word_h2_28.mp4           45  0.499972  ...    0.573923    0.000469         0.0
45  word_h2_28.mp4           46  0.499728  ...    0.574878   -0.001302         0.0
46  word_h2_28.mp4           47  0.499562  ...    0.576319    0.003512         0.0
47  word_h2_28.mp4           48  0.499587  ...    0.580805    0.004395         0.0
48  word_h2_28.mp4           49  0.499286  ...    0.585363    0.006709         0.0
49  word_h2_28.mp4           50  0.498986  ...    0.592216    0.006689         0.0
50  word_h2_28.mp4           51  0.498671  ...    0.607013    0.014667         0.0
51  word_h2_28.mp4           52  0.498899  ...    0.647885    0.030757         0.0
52  word_h2_28.mp4           53  0.499018  ...    0.680290    0.029856         0.0
53  word_h2_28.mp4           54  0.498810  ...    0.710821    0.014676         0.0
54  word_h2_28.mp4           55  0.498693  ...    0.712321    0.016291         0.0
55  word_h2_28.mp4           56  0.499469  ...    0.733621    0.018071         0.0
56  word_h2_28.mp4           57  0.499322  ...    0.756083    0.014348         0.0
57  word_h2_28.mp4           58  0.499743  ...    0.773206    0.012413         0.0
58  word_h2_28.mp4           59  0.499917  ...    0.792761    0.015297         0.0
59  word_h2_28.mp4           60  0.500607  ...    0.814971    0.014698         0.0

[60 rows x 1958 columns]
Extracting features...
Face width computed for normalizaiton 0.15948744434127762
Features saved to: ../output/word_h2_28_features.csv
          fn_video  ... distance_r_hand6_r_hand10
0   word_h2_28.mp4  ...                  0.244558
1   word_h2_28.mp4  ...                  0.234370
2   word_h2_28.mp4  ...                  0.210460
3   word_h2_28.mp4  ...                  0.203100
4   word_h2_28.mp4  ...                  0.212501
5   word_h2_28.mp4  ...                  0.211382
6   word_h2_28.mp4  ...                  0.207644
7   word_h2_28.mp4  ...                  0.185304
8   word_h2_28.mp4  ...                  0.177984
9   word_h2_28.mp4  ...                  0.172763
10  word_h2_28.mp4  ...                  0.167732
11  word_h2_28.mp4  ...                  0.156353
12  word_h2_28.mp4  ...                  0.152898
13  word_h2_28.mp4  ...                  0.140622
14  word_h2_28.mp4  ...                  0.133308
15  word_h2_28.mp4  ...                  0.133649
16  word_h2_28.mp4  ...                  0.128846
17  word_h2_28.mp4  ...                  0.124870
18  word_h2_28.mp4  ...                  0.126291
19  word_h2_28.mp4  ...                  0.126729
20  word_h2_28.mp4  ...                  0.126438
21  word_h2_28.mp4  ...                  0.156828
22  word_h2_28.mp4  ...                  0.197727
23  word_h2_28.mp4  ...                  0.250596
24  word_h2_28.mp4  ...                  0.253378
25  word_h2_28.mp4  ...                  0.280705
26  word_h2_28.mp4  ...                  0.285520
27  word_h2_28.mp4  ...                  0.292143
28  word_h2_28.mp4  ...                  0.302635
29  word_h2_28.mp4  ...                  0.292309
30  word_h2_28.mp4  ...                  0.255477
31  word_h2_28.mp4  ...                  0.202061
32  word_h2_28.mp4  ...                  0.191039
33  word_h2_28.mp4  ...                  0.268287
34  word_h2_28.mp4  ...                  0.226839
35  word_h2_28.mp4  ...                  0.210614
36  word_h2_28.mp4  ...                  0.211644
37  word_h2_28.mp4  ...                  0.206604
38  word_h2_28.mp4  ...                  0.220435
39  word_h2_28.mp4  ...                  0.235207
40  word_h2_28.mp4  ...                  0.221665
41  word_h2_28.mp4  ...                  0.253559
42  word_h2_28.mp4  ...                  0.238122
43  word_h2_28.mp4  ...                  0.265335
44  word_h2_28.mp4  ...                  0.229477
45  word_h2_28.mp4  ...                  0.238282
46  word_h2_28.mp4  ...                  0.225927
47  word_h2_28.mp4  ...                  0.197717
48  word_h2_28.mp4  ...                  0.192366
49  word_h2_28.mp4  ...                  0.183138
50  word_h2_28.mp4  ...                  0.185266
51  word_h2_28.mp4  ...                  0.174418
52  word_h2_28.mp4  ...                  0.188946
53  word_h2_28.mp4  ...                  0.196985
54  word_h2_28.mp4  ...                  0.190452
55  word_h2_28.mp4  ...                  0.190991
56  word_h2_28.mp4  ...                  0.207077
57  word_h2_28.mp4  ...                  0.193021
58  word_h2_28.mp4  ...                  0.203545
59  word_h2_28.mp4  ...                  0.212831

[60 rows x 30 columns]
csv file with predictions was saved to ../output/predictions_rf_shape_female_cropped_word_h2_28.csv
Visualization for: ../stimuli/words/mp4/word_h2_28.mp4
32
