python is /network/lustre/iss02/home/annahita.sarre/anaconda3/envs/myenv/bin/python
Loaded model: ../trained_models/model_rf_position_female_cropped.pkl
Loaded video: ../stimuli/words/mp4/word_l0_03.mp4
Extracting coordinates...
          fn_video frame_number   x_face0  ...  y_r_hand20  z_r_hand20  v_r_hand20
0   word_l0_03.mp4            1  0.498488  ...    0.995029    0.070081         0.0
1   word_l0_03.mp4            2  0.498557  ...    0.947035    0.057733         0.0
2   word_l0_03.mp4            3  0.498207  ...    0.923007    0.062431         0.0
3   word_l0_03.mp4            4  0.498025  ...    0.885935    0.043727         0.0
4   word_l0_03.mp4            5  0.498083  ...    0.858135    0.042780         0.0
5   word_l0_03.mp4            6  0.498024  ...    0.839134    0.041844         0.0
6   word_l0_03.mp4            7  0.498196  ...    0.840895    0.048134         0.0
7   word_l0_03.mp4            8  0.498209  ...    0.836714    0.028888         0.0
8   word_l0_03.mp4            9  0.498871  ...    0.814357    0.055852         0.0
9   word_l0_03.mp4           10  0.499186  ...    0.802626    0.049552         0.0
10  word_l0_03.mp4           11  0.499616  ...    0.793798    0.038650         0.0
11  word_l0_03.mp4           12  0.499814  ...    0.778891    0.034950         0.0
12  word_l0_03.mp4           13  0.500023  ...    0.761130    0.031467         0.0
13  word_l0_03.mp4           14  0.499820  ...    0.730878    0.018476         0.0
14  word_l0_03.mp4           15  0.499873  ...    0.715713    0.023054         0.0
15  word_l0_03.mp4           16  0.499661  ...    0.700019    0.023203         0.0
16  word_l0_03.mp4           17  0.499537  ...    0.688990    0.014116         0.0
17  word_l0_03.mp4           18  0.499467  ...    0.681211    0.021084         0.0
18  word_l0_03.mp4           19  0.499713  ...    0.674536    0.023113         0.0
19  word_l0_03.mp4           20  0.499910  ...    0.665675    0.021621         0.0
20  word_l0_03.mp4           21  0.500016  ...    0.663667    0.017441         0.0
21  word_l0_03.mp4           22  0.500226  ...    0.667293    0.024095         0.0
22  word_l0_03.mp4           23  0.500805  ...    0.667381    0.021402         0.0
23  word_l0_03.mp4           24  0.501202  ...    0.667482    0.014929         0.0
24  word_l0_03.mp4           25  0.500827  ...    0.676325    0.019948         0.0
25  word_l0_03.mp4           26  0.501814  ...    0.681105    0.021963         0.0
26  word_l0_03.mp4           27  0.502121  ...    0.693947    0.019648         0.0
27  word_l0_03.mp4           28  0.502413  ...    0.695028    0.004225         0.0
28  word_l0_03.mp4           29  0.503141  ...    0.697987    0.001724         0.0
29  word_l0_03.mp4           30  0.502766  ...    0.699507    0.001185         0.0
30  word_l0_03.mp4           31  0.502988  ...    0.699352   -0.001110         0.0
31  word_l0_03.mp4           32  0.503431  ...    0.697599   -0.003803         0.0
32  word_l0_03.mp4           33  0.502936  ...    0.686073   -0.000842         0.0
33  word_l0_03.mp4           34  0.502800  ...    0.656603    0.005259         0.0
34  word_l0_03.mp4           35  0.502871  ...    0.611851    0.007299         0.0
35  word_l0_03.mp4           36  0.502695  ...    0.595483   -0.006943         0.0
36  word_l0_03.mp4           37  0.502536  ...    0.574469   -0.015183         0.0
37  word_l0_03.mp4           38  0.502466  ...    0.564561   -0.008621         0.0
38  word_l0_03.mp4           39  0.501993  ...    0.560378   -0.013775         0.0
39  word_l0_03.mp4           40  0.502557  ...    0.554454   -0.006896         0.0
40  word_l0_03.mp4           41  0.501790  ...    0.550010   -0.011038         0.0
41  word_l0_03.mp4           42  0.500708  ...    0.551759   -0.005399         0.0
42  word_l0_03.mp4           43  0.500075  ...    0.548405   -0.006496         0.0
43  word_l0_03.mp4           44  0.499442  ...    0.547031   -0.002526         0.0
44  word_l0_03.mp4           45  0.499389  ...    0.549518    0.010480         0.0
45  word_l0_03.mp4           46  0.500460  ...    0.547302    0.009925         0.0
46  word_l0_03.mp4           47  0.500306  ...    0.547090    0.013401         0.0
47  word_l0_03.mp4           48  0.500055  ...    0.548569    0.017251         0.0
48  word_l0_03.mp4           49  0.500539  ...    0.550255    0.017260         0.0
49  word_l0_03.mp4           50  0.500404  ...    0.551363    0.014521         0.0
50  word_l0_03.mp4           51  0.500341  ...    0.552724    0.009608         0.0
51  word_l0_03.mp4           52  0.500080  ...    0.553250    0.005458         0.0
52  word_l0_03.mp4           53  0.500480  ...    0.551215    0.009556         0.0
53  word_l0_03.mp4           54  0.500638  ...    0.550243    0.006150         0.0
54  word_l0_03.mp4           55  0.500881  ...    0.549900    0.015321         0.0
55  word_l0_03.mp4           56  0.500589  ...    0.549328    0.008575         0.0
56  word_l0_03.mp4           57  0.500409  ...    0.549891    0.000519         0.0
57  word_l0_03.mp4           58  0.500539  ...    0.554690    0.001569         0.0
58  word_l0_03.mp4           59  0.500817  ...    0.562715    0.000918         0.0
59  word_l0_03.mp4           60  0.501393  ...    0.597693    0.032853         0.0

[60 rows x 1958 columns]
Extracting features...
Face width computed for normalizaiton 0.15766710035333212
Features saved to: ../output/word_l0_03_features.csv
          fn_video  ... distance_r_hand6_r_hand10
0   word_l0_03.mp4  ...                  0.171564
1   word_l0_03.mp4  ...                  0.207711
2   word_l0_03.mp4  ...                  0.231801
3   word_l0_03.mp4  ...                  0.165145
4   word_l0_03.mp4  ...                  0.176222
5   word_l0_03.mp4  ...                  0.171125
6   word_l0_03.mp4  ...                  0.164129
7   word_l0_03.mp4  ...                  0.155364
8   word_l0_03.mp4  ...                  0.169520
9   word_l0_03.mp4  ...                  0.163466
10  word_l0_03.mp4  ...                  0.159798
11  word_l0_03.mp4  ...                  0.162424
12  word_l0_03.mp4  ...                  0.162950
13  word_l0_03.mp4  ...                  0.146227
14  word_l0_03.mp4  ...                  0.131947
15  word_l0_03.mp4  ...                  0.129606
16  word_l0_03.mp4  ...                  0.133168
17  word_l0_03.mp4  ...                  0.174967
18  word_l0_03.mp4  ...                  0.178011
19  word_l0_03.mp4  ...                  0.177657
20  word_l0_03.mp4  ...                  0.178829
21  word_l0_03.mp4  ...                  0.185736
22  word_l0_03.mp4  ...                  0.191088
23  word_l0_03.mp4  ...                  0.183253
24  word_l0_03.mp4  ...                  0.230179
25  word_l0_03.mp4  ...                  0.242341
26  word_l0_03.mp4  ...                  0.258984
27  word_l0_03.mp4  ...                  0.266232
28  word_l0_03.mp4  ...                  0.273404
29  word_l0_03.mp4  ...                  0.265238
30  word_l0_03.mp4  ...                  0.257935
31  word_l0_03.mp4  ...                  0.256445
32  word_l0_03.mp4  ...                  0.261053
33  word_l0_03.mp4  ...                  0.259032
34  word_l0_03.mp4  ...                  0.214565
35  word_l0_03.mp4  ...                  0.177446
36  word_l0_03.mp4  ...                  0.168473
37  word_l0_03.mp4  ...                  0.151684
38  word_l0_03.mp4  ...                  0.162749
39  word_l0_03.mp4  ...                  0.157063
40  word_l0_03.mp4  ...                  0.148472
41  word_l0_03.mp4  ...                  0.155007
42  word_l0_03.mp4  ...                  0.157257
43  word_l0_03.mp4  ...                  0.152614
44  word_l0_03.mp4  ...                  0.171091
45  word_l0_03.mp4  ...                  0.163678
46  word_l0_03.mp4  ...                  0.168228
47  word_l0_03.mp4  ...                  0.167456
48  word_l0_03.mp4  ...                  0.174820
49  word_l0_03.mp4  ...                  0.167330
50  word_l0_03.mp4  ...                  0.163359
51  word_l0_03.mp4  ...                  0.160246
52  word_l0_03.mp4  ...                  0.160724
53  word_l0_03.mp4  ...                  0.162280
54  word_l0_03.mp4  ...                  0.171201
55  word_l0_03.mp4  ...                  0.162392
56  word_l0_03.mp4  ...                  0.160635
57  word_l0_03.mp4  ...                  0.164220
58  word_l0_03.mp4  ...                  0.162632
59  word_l0_03.mp4  ...                  0.181083

[60 rows x 30 columns]
csv file with predictions was saved to ../output/predictions_rf_position_female_cropped_word_l0_03.csv
Loaded model: ../trained_models/model_rf_shape_female_cropped.pkl
Loaded video: ../stimuli/words/mp4/word_l0_03.mp4
Extracting coordinates...
          fn_video frame_number   x_face0  ...  y_r_hand20  z_r_hand20  v_r_hand20
0   word_l0_03.mp4            1  0.498488  ...    0.995029    0.070081         0.0
1   word_l0_03.mp4            2  0.498557  ...    0.947035    0.057733         0.0
2   word_l0_03.mp4            3  0.498207  ...    0.923007    0.062431         0.0
3   word_l0_03.mp4            4  0.498025  ...    0.885935    0.043727         0.0
4   word_l0_03.mp4            5  0.498083  ...    0.858135    0.042780         0.0
5   word_l0_03.mp4            6  0.498024  ...    0.839134    0.041844         0.0
6   word_l0_03.mp4            7  0.498196  ...    0.840895    0.048134         0.0
7   word_l0_03.mp4            8  0.498209  ...    0.836714    0.028888         0.0
8   word_l0_03.mp4            9  0.498871  ...    0.814357    0.055852         0.0
9   word_l0_03.mp4           10  0.499186  ...    0.802626    0.049552         0.0
10  word_l0_03.mp4           11  0.499616  ...    0.793798    0.038650         0.0
11  word_l0_03.mp4           12  0.499814  ...    0.778891    0.034950         0.0
12  word_l0_03.mp4           13  0.500023  ...    0.761130    0.031467         0.0
13  word_l0_03.mp4           14  0.499820  ...    0.730878    0.018476         0.0
14  word_l0_03.mp4           15  0.499873  ...    0.715713    0.023054         0.0
15  word_l0_03.mp4           16  0.499661  ...    0.700019    0.023203         0.0
16  word_l0_03.mp4           17  0.499537  ...    0.688990    0.014116         0.0
17  word_l0_03.mp4           18  0.499467  ...    0.681211    0.021084         0.0
18  word_l0_03.mp4           19  0.499713  ...    0.674536    0.023113         0.0
19  word_l0_03.mp4           20  0.499910  ...    0.665675    0.021621         0.0
20  word_l0_03.mp4           21  0.500016  ...    0.663667    0.017441         0.0
21  word_l0_03.mp4           22  0.500226  ...    0.667293    0.024095         0.0
22  word_l0_03.mp4           23  0.500805  ...    0.667381    0.021402         0.0
23  word_l0_03.mp4           24  0.501202  ...    0.667482    0.014929         0.0
24  word_l0_03.mp4           25  0.500827  ...    0.676325    0.019948         0.0
25  word_l0_03.mp4           26  0.501814  ...    0.681105    0.021963         0.0
26  word_l0_03.mp4           27  0.502121  ...    0.693947    0.019648         0.0
27  word_l0_03.mp4           28  0.502413  ...    0.695028    0.004225         0.0
28  word_l0_03.mp4           29  0.503141  ...    0.697987    0.001724         0.0
29  word_l0_03.mp4           30  0.502766  ...    0.699507    0.001185         0.0
30  word_l0_03.mp4           31  0.502988  ...    0.699352   -0.001110         0.0
31  word_l0_03.mp4           32  0.503431  ...    0.697599   -0.003803         0.0
32  word_l0_03.mp4           33  0.502936  ...    0.686073   -0.000842         0.0
33  word_l0_03.mp4           34  0.502800  ...    0.656603    0.005259         0.0
34  word_l0_03.mp4           35  0.502871  ...    0.611851    0.007299         0.0
35  word_l0_03.mp4           36  0.502695  ...    0.595483   -0.006943         0.0
36  word_l0_03.mp4           37  0.502536  ...    0.574469   -0.015183         0.0
37  word_l0_03.mp4           38  0.502466  ...    0.564561   -0.008621         0.0
38  word_l0_03.mp4           39  0.501993  ...    0.560378   -0.013775         0.0
39  word_l0_03.mp4           40  0.502557  ...    0.554454   -0.006896         0.0
40  word_l0_03.mp4           41  0.501790  ...    0.550010   -0.011038         0.0
41  word_l0_03.mp4           42  0.500708  ...    0.551759   -0.005399         0.0
42  word_l0_03.mp4           43  0.500075  ...    0.548405   -0.006496         0.0
43  word_l0_03.mp4           44  0.499442  ...    0.547031   -0.002526         0.0
44  word_l0_03.mp4           45  0.499389  ...    0.549518    0.010480         0.0
45  word_l0_03.mp4           46  0.500460  ...    0.547302    0.009925         0.0
46  word_l0_03.mp4           47  0.500306  ...    0.547090    0.013401         0.0
47  word_l0_03.mp4           48  0.500055  ...    0.548569    0.017251         0.0
48  word_l0_03.mp4           49  0.500539  ...    0.550255    0.017260         0.0
49  word_l0_03.mp4           50  0.500404  ...    0.551363    0.014521         0.0
50  word_l0_03.mp4           51  0.500341  ...    0.552724    0.009608         0.0
51  word_l0_03.mp4           52  0.500080  ...    0.553250    0.005458         0.0
52  word_l0_03.mp4           53  0.500480  ...    0.551215    0.009556         0.0
53  word_l0_03.mp4           54  0.500638  ...    0.550243    0.006150         0.0
54  word_l0_03.mp4           55  0.500881  ...    0.549900    0.015321         0.0
55  word_l0_03.mp4           56  0.500589  ...    0.549328    0.008575         0.0
56  word_l0_03.mp4           57  0.500409  ...    0.549891    0.000519         0.0
57  word_l0_03.mp4           58  0.500539  ...    0.554690    0.001569         0.0
58  word_l0_03.mp4           59  0.500817  ...    0.562715    0.000918         0.0
59  word_l0_03.mp4           60  0.501393  ...    0.597693    0.032853         0.0

[60 rows x 1958 columns]
Extracting features...
Face width computed for normalizaiton 0.15766710035333212
Features saved to: ../output/word_l0_03_features.csv
          fn_video  ... distance_r_hand6_r_hand10
0   word_l0_03.mp4  ...                  0.171564
1   word_l0_03.mp4  ...                  0.207711
2   word_l0_03.mp4  ...                  0.231801
3   word_l0_03.mp4  ...                  0.165145
4   word_l0_03.mp4  ...                  0.176222
5   word_l0_03.mp4  ...                  0.171125
6   word_l0_03.mp4  ...                  0.164129
7   word_l0_03.mp4  ...                  0.155364
8   word_l0_03.mp4  ...                  0.169520
9   word_l0_03.mp4  ...                  0.163466
10  word_l0_03.mp4  ...                  0.159798
11  word_l0_03.mp4  ...                  0.162424
12  word_l0_03.mp4  ...                  0.162950
13  word_l0_03.mp4  ...                  0.146227
14  word_l0_03.mp4  ...                  0.131947
15  word_l0_03.mp4  ...                  0.129606
16  word_l0_03.mp4  ...                  0.133168
17  word_l0_03.mp4  ...                  0.174967
18  word_l0_03.mp4  ...                  0.178011
19  word_l0_03.mp4  ...                  0.177657
20  word_l0_03.mp4  ...                  0.178829
21  word_l0_03.mp4  ...                  0.185736
22  word_l0_03.mp4  ...                  0.191088
23  word_l0_03.mp4  ...                  0.183253
24  word_l0_03.mp4  ...                  0.230179
25  word_l0_03.mp4  ...                  0.242341
26  word_l0_03.mp4  ...                  0.258984
27  word_l0_03.mp4  ...                  0.266232
28  word_l0_03.mp4  ...                  0.273404
29  word_l0_03.mp4  ...                  0.265238
30  word_l0_03.mp4  ...                  0.257935
31  word_l0_03.mp4  ...                  0.256445
32  word_l0_03.mp4  ...                  0.261053
33  word_l0_03.mp4  ...                  0.259032
34  word_l0_03.mp4  ...                  0.214565
35  word_l0_03.mp4  ...                  0.177446
36  word_l0_03.mp4  ...                  0.168473
37  word_l0_03.mp4  ...                  0.151684
38  word_l0_03.mp4  ...                  0.162749
39  word_l0_03.mp4  ...                  0.157063
40  word_l0_03.mp4  ...                  0.148472
41  word_l0_03.mp4  ...                  0.155007
42  word_l0_03.mp4  ...                  0.157257
43  word_l0_03.mp4  ...                  0.152614
44  word_l0_03.mp4  ...                  0.171091
45  word_l0_03.mp4  ...                  0.163678
46  word_l0_03.mp4  ...                  0.168228
47  word_l0_03.mp4  ...                  0.167456
48  word_l0_03.mp4  ...                  0.174820
49  word_l0_03.mp4  ...                  0.167330
50  word_l0_03.mp4  ...                  0.163359
51  word_l0_03.mp4  ...                  0.160246
52  word_l0_03.mp4  ...                  0.160724
53  word_l0_03.mp4  ...                  0.162280
54  word_l0_03.mp4  ...                  0.171201
55  word_l0_03.mp4  ...                  0.162392
56  word_l0_03.mp4  ...                  0.160635
57  word_l0_03.mp4  ...                  0.164220
58  word_l0_03.mp4  ...                  0.162632
59  word_l0_03.mp4  ...                  0.181083

[60 rows x 30 columns]
csv file with predictions was saved to ../output/predictions_rf_shape_female_cropped_word_l0_03.csv
Visualization for: ../stimuli/words/mp4/word_l0_03.mp4
32
