python is /network/lustre/iss02/home/annahita.sarre/anaconda3/envs/myenv/bin/python
Loaded model: ../trained_models/model_rf_position_female_cropped.pkl
Loaded video: ../stimuli/words/mp4/word_h1_21.mp4
Extracting coordinates...
          fn_video frame_number   x_face0  ...  y_r_hand20  z_r_hand20  v_r_hand20
0   word_h1_21.mp4            3  0.504633  ...    0.904671    0.022107         0.0
1   word_h1_21.mp4            4  0.504928  ...    0.876116    0.021754         0.0
2   word_h1_21.mp4            5  0.504983  ...    0.837202    0.018331         0.0
3   word_h1_21.mp4            6  0.505471  ...    0.796610    0.022058         0.0
4   word_h1_21.mp4            7  0.505693  ...    0.767023    0.014137         0.0
..             ...          ...       ...  ...         ...         ...         ...
62  word_h1_21.mp4           65  0.506327  ...    0.648695   -0.004731         0.0
63  word_h1_21.mp4           66  0.506337  ...    0.646868   -0.004195         0.0
64  word_h1_21.mp4           67  0.506622  ...    0.647014   -0.004168         0.0
65  word_h1_21.mp4           68  0.506774  ...    0.646530   -0.005024         0.0
66  word_h1_21.mp4           69  0.506674  ...    0.647606   -0.002882         0.0

[67 rows x 1958 columns]
Extracting features...
Face width computed for normalizaiton 0.1617415113170928
Features saved to: ../output/word_h1_21_features.csv
          fn_video  ... distance_r_hand6_r_hand10
0   word_h1_21.mp4  ...                  0.176904
1   word_h1_21.mp4  ...                  0.205777
2   word_h1_21.mp4  ...                  0.190818
3   word_h1_21.mp4  ...                  0.169563
4   word_h1_21.mp4  ...                  0.168296
..             ...  ...                       ...
62  word_h1_21.mp4  ...                  0.215802
63  word_h1_21.mp4  ...                  0.214747
64  word_h1_21.mp4  ...                  0.200927
65  word_h1_21.mp4  ...                  0.206497
66  word_h1_21.mp4  ...                  0.215836

[67 rows x 30 columns]
csv file with predictions was saved to ../output/predictions_rf_position_female_cropped_word_h1_21.csv
Loaded model: ../trained_models/model_rf_shape_female_cropped.pkl
Loaded video: ../stimuli/words/mp4/word_h1_21.mp4
Extracting coordinates...
          fn_video frame_number   x_face0  ...  y_r_hand20  z_r_hand20  v_r_hand20
0   word_h1_21.mp4            3  0.504633  ...    0.904671    0.022107         0.0
1   word_h1_21.mp4            4  0.504928  ...    0.876116    0.021754         0.0
2   word_h1_21.mp4            5  0.504983  ...    0.837202    0.018331         0.0
3   word_h1_21.mp4            6  0.505471  ...    0.796610    0.022058         0.0
4   word_h1_21.mp4            7  0.505693  ...    0.767023    0.014137         0.0
..             ...          ...       ...  ...         ...         ...         ...
62  word_h1_21.mp4           65  0.506327  ...    0.648695   -0.004731         0.0
63  word_h1_21.mp4           66  0.506337  ...    0.646868   -0.004195         0.0
64  word_h1_21.mp4           67  0.506622  ...    0.647014   -0.004168         0.0
65  word_h1_21.mp4           68  0.506774  ...    0.646530   -0.005024         0.0
66  word_h1_21.mp4           69  0.506674  ...    0.647606   -0.002882         0.0

[67 rows x 1958 columns]
Extracting features...
Face width computed for normalizaiton 0.1617415113170928
Features saved to: ../output/word_h1_21_features.csv
          fn_video  ... distance_r_hand6_r_hand10
0   word_h1_21.mp4  ...                  0.176904
1   word_h1_21.mp4  ...                  0.205777
2   word_h1_21.mp4  ...                  0.190818
3   word_h1_21.mp4  ...                  0.169563
4   word_h1_21.mp4  ...                  0.168296
..             ...  ...                       ...
62  word_h1_21.mp4  ...                  0.215802
63  word_h1_21.mp4  ...                  0.214747
64  word_h1_21.mp4  ...                  0.200927
65  word_h1_21.mp4  ...                  0.206497
66  word_h1_21.mp4  ...                  0.215836

[67 rows x 30 columns]
csv file with predictions was saved to ../output/predictions_rf_shape_female_cropped_word_h1_21.csv
Visualization for: ../stimuli/words/mp4/word_h1_21.mp4
32
