python is /network/lustre/iss02/home/annahita.sarre/anaconda3/envs/myenv/bin/python
Loaded model: ../trained_models/model_rf_position_female_cropped.pkl
Loaded video: ../stimuli/words/mp4/word_h1_36.mp4
Extracting coordinates...
          fn_video frame_number   x_face0  ...  y_r_hand20  z_r_hand20  v_r_hand20
0   word_h1_36.mp4            1  0.504893  ...    1.016901    0.008982         0.0
1   word_h1_36.mp4            2  0.505397  ...    0.914699    0.030431         0.0
2   word_h1_36.mp4            3  0.505287  ...    0.885642    0.032176         0.0
3   word_h1_36.mp4            4  0.504514  ...    0.843731    0.036589         0.0
4   word_h1_36.mp4            5  0.504816  ...    0.796620    0.033277         0.0
..             ...          ...       ...  ...         ...         ...         ...
65  word_h1_36.mp4           66  0.501441  ...    0.723826    0.008714         0.0
66  word_h1_36.mp4           67  0.501372  ...    0.740972    0.013978         0.0
67  word_h1_36.mp4           68  0.500862  ...    0.738446    0.021779         0.0
68  word_h1_36.mp4           69  0.501240  ...    0.756454    0.020621         0.0
69  word_h1_36.mp4           70  0.501359  ...    0.775442    0.018532         0.0

[70 rows x 1958 columns]
Extracting features...
Face width computed for normalizaiton 0.16127087896059916
Features saved to: ../output/word_h1_36_features.csv
          fn_video  ... distance_r_hand6_r_hand10
0   word_h1_36.mp4  ...                  0.233320
1   word_h1_36.mp4  ...                  0.207980
2   word_h1_36.mp4  ...                  0.209343
3   word_h1_36.mp4  ...                  0.200058
4   word_h1_36.mp4  ...                  0.196504
..             ...  ...                       ...
65  word_h1_36.mp4  ...                  0.148918
66  word_h1_36.mp4  ...                  0.146669
67  word_h1_36.mp4  ...                  0.153520
68  word_h1_36.mp4  ...                  0.155232
69  word_h1_36.mp4  ...                  0.175523

[70 rows x 30 columns]
csv file with predictions was saved to ../output/predictions_rf_position_female_cropped_word_h1_36.csv
Loaded model: ../trained_models/model_rf_shape_female_cropped.pkl
Loaded video: ../stimuli/words/mp4/word_h1_36.mp4
Extracting coordinates...
          fn_video frame_number   x_face0  ...  y_r_hand20  z_r_hand20  v_r_hand20
0   word_h1_36.mp4            1  0.504893  ...    1.016901    0.008982         0.0
1   word_h1_36.mp4            2  0.505397  ...    0.914699    0.030431         0.0
2   word_h1_36.mp4            3  0.505287  ...    0.885642    0.032176         0.0
3   word_h1_36.mp4            4  0.504514  ...    0.843731    0.036589         0.0
4   word_h1_36.mp4            5  0.504816  ...    0.796620    0.033277         0.0
..             ...          ...       ...  ...         ...         ...         ...
65  word_h1_36.mp4           66  0.501441  ...    0.723826    0.008714         0.0
66  word_h1_36.mp4           67  0.501372  ...    0.740972    0.013978         0.0
67  word_h1_36.mp4           68  0.500862  ...    0.738446    0.021779         0.0
68  word_h1_36.mp4           69  0.501240  ...    0.756454    0.020621         0.0
69  word_h1_36.mp4           70  0.501359  ...    0.775442    0.018532         0.0

[70 rows x 1958 columns]
Extracting features...
Face width computed for normalizaiton 0.16127087896059916
Features saved to: ../output/word_h1_36_features.csv
          fn_video  ... distance_r_hand6_r_hand10
0   word_h1_36.mp4  ...                  0.233320
1   word_h1_36.mp4  ...                  0.207980
2   word_h1_36.mp4  ...                  0.209343
3   word_h1_36.mp4  ...                  0.200058
4   word_h1_36.mp4  ...                  0.196504
..             ...  ...                       ...
65  word_h1_36.mp4  ...                  0.148918
66  word_h1_36.mp4  ...                  0.146669
67  word_h1_36.mp4  ...                  0.153520
68  word_h1_36.mp4  ...                  0.155232
69  word_h1_36.mp4  ...                  0.175523

[70 rows x 30 columns]
csv file with predictions was saved to ../output/predictions_rf_shape_female_cropped_word_h1_36.csv
Visualization for: ../stimuli/words/mp4/word_h1_36.mp4
32
