python is /network/lustre/iss02/home/annahita.sarre/anaconda3/envs/myenv/bin/python
Loaded model: ../trained_models/model_rf_position_female_cropped.pkl
Loaded video: ../stimuli/words/mp4/word_h1_22.mp4
Extracting coordinates...
          fn_video frame_number   x_face0  ...  y_r_hand20  z_r_hand20  v_r_hand20
0   word_h1_22.mp4            1  0.508031  ...    0.983089   -0.003279         0.0
1   word_h1_22.mp4            2  0.506741  ...    0.936435    0.019305         0.0
2   word_h1_22.mp4            3  0.507770  ...    0.915109    0.023138         0.0
3   word_h1_22.mp4            4  0.507499  ...    0.897920    0.024940         0.0
4   word_h1_22.mp4            5  0.507995  ...    0.875090    0.028574         0.0
..             ...          ...       ...  ...         ...         ...         ...
68  word_h1_22.mp4           69  0.504416  ...    0.717561    0.022394         0.0
69  word_h1_22.mp4           70  0.504416  ...    0.714975    0.013279         0.0
70  word_h1_22.mp4           71  0.504169  ...    0.716746    0.014205         0.0
71  word_h1_22.mp4           72  0.504033  ...    0.716907    0.020454         0.0
72  word_h1_22.mp4           73  0.504042  ...    0.717618    0.012980         0.0

[73 rows x 1958 columns]
Extracting features...
Face width computed for normalizaiton 0.16035964079354043
Features saved to: ../output/word_h1_22_features.csv
          fn_video  ... distance_r_hand6_r_hand10
0   word_h1_22.mp4  ...                  0.255694
1   word_h1_22.mp4  ...                  0.222138
2   word_h1_22.mp4  ...                  0.227722
3   word_h1_22.mp4  ...                  0.227861
4   word_h1_22.mp4  ...                  0.226766
..             ...  ...                       ...
68  word_h1_22.mp4  ...                  0.183684
69  word_h1_22.mp4  ...                  0.178509
70  word_h1_22.mp4  ...                  0.180118
71  word_h1_22.mp4  ...                  0.178829
72  word_h1_22.mp4  ...                  0.156085

[73 rows x 30 columns]
csv file with predictions was saved to ../output/predictions_rf_position_female_cropped_word_h1_22.csv
Loaded model: ../trained_models/model_rf_shape_female_cropped.pkl
Loaded video: ../stimuli/words/mp4/word_h1_22.mp4
Extracting coordinates...
          fn_video frame_number   x_face0  ...  y_r_hand20  z_r_hand20  v_r_hand20
0   word_h1_22.mp4            1  0.508031  ...    0.983089   -0.003279         0.0
1   word_h1_22.mp4            2  0.506741  ...    0.936435    0.019305         0.0
2   word_h1_22.mp4            3  0.507770  ...    0.915109    0.023138         0.0
3   word_h1_22.mp4            4  0.507499  ...    0.897920    0.024940         0.0
4   word_h1_22.mp4            5  0.507995  ...    0.875090    0.028574         0.0
..             ...          ...       ...  ...         ...         ...         ...
68  word_h1_22.mp4           69  0.504416  ...    0.717561    0.022394         0.0
69  word_h1_22.mp4           70  0.504416  ...    0.714975    0.013279         0.0
70  word_h1_22.mp4           71  0.504169  ...    0.716746    0.014205         0.0
71  word_h1_22.mp4           72  0.504033  ...    0.716907    0.020454         0.0
72  word_h1_22.mp4           73  0.504042  ...    0.717618    0.012980         0.0

[73 rows x 1958 columns]
Extracting features...
Face width computed for normalizaiton 0.16035964079354043
Features saved to: ../output/word_h1_22_features.csv
          fn_video  ... distance_r_hand6_r_hand10
0   word_h1_22.mp4  ...                  0.255694
1   word_h1_22.mp4  ...                  0.222138
2   word_h1_22.mp4  ...                  0.227722
3   word_h1_22.mp4  ...                  0.227861
4   word_h1_22.mp4  ...                  0.226766
..             ...  ...                       ...
68  word_h1_22.mp4  ...                  0.183684
69  word_h1_22.mp4  ...                  0.178509
70  word_h1_22.mp4  ...                  0.180118
71  word_h1_22.mp4  ...                  0.178829
72  word_h1_22.mp4  ...                  0.156085

[73 rows x 30 columns]
csv file with predictions was saved to ../output/predictions_rf_shape_female_cropped_word_h1_22.csv
Visualization for: ../stimuli/words/mp4/word_h1_22.mp4
32
