python is /network/lustre/iss02/home/annahita.sarre/anaconda3/envs/myenv/bin/python
Loaded model: ../trained_models/model_rf_position_female_cropped.pkl
Loaded video: ../stimuli/words/mp4/word_h1_02.mp4
Extracting coordinates...
          fn_video frame_number   x_face0  ...  y_r_hand20  z_r_hand20  v_r_hand20
0   word_h1_02.mp4            4  0.498461  ...    1.031218    0.023797         0.0
1   word_h1_02.mp4            5  0.498585  ...    0.946286    0.005519         0.0
2   word_h1_02.mp4            6  0.498567  ...    0.885487    0.015239         0.0
3   word_h1_02.mp4            7  0.498464  ...    0.845938    0.015769         0.0
4   word_h1_02.mp4            8  0.498042  ...    0.803652    0.015973         0.0
5   word_h1_02.mp4            9  0.497940  ...    0.767502    0.011427         0.0
6   word_h1_02.mp4           10  0.497903  ...    0.759265    0.005443         0.0
7   word_h1_02.mp4           11  0.498121  ...    0.737200    0.005934         0.0
8   word_h1_02.mp4           12  0.498618  ...    0.724604    0.012487         0.0
9   word_h1_02.mp4           13  0.498455  ...    0.717229    0.030507         0.0
10  word_h1_02.mp4           14  0.499070  ...    0.715780    0.015929         0.0
11  word_h1_02.mp4           15  0.499145  ...    0.715803    0.018134         0.0
12  word_h1_02.mp4           16  0.499851  ...    0.714089    0.014258         0.0
13  word_h1_02.mp4           17  0.500196  ...    0.711262    0.030293         0.0
14  word_h1_02.mp4           18  0.499980  ...    0.662247    0.009583         0.0
15  word_h1_02.mp4           19  0.499968  ...    0.633862   -0.018242         0.0
16  word_h1_02.mp4           20  0.500001  ...    0.625606   -0.018429         0.0
17  word_h1_02.mp4           21  0.500124  ...    0.620949   -0.005030         0.0
18  word_h1_02.mp4           22  0.499433  ...    0.617509   -0.017021         0.0
19  word_h1_02.mp4           23  0.499440  ...    0.617806   -0.006702         0.0
20  word_h1_02.mp4           24  0.499154  ...    0.615594   -0.011949         0.0
21  word_h1_02.mp4           25  0.499498  ...    0.615685   -0.014352         0.0
22  word_h1_02.mp4           26  0.499741  ...    0.615020   -0.015021         0.0
23  word_h1_02.mp4           27  0.499997  ...    0.609780   -0.014694         0.0
24  word_h1_02.mp4           28  0.499832  ...    0.605629   -0.005736         0.0
25  word_h1_02.mp4           29  0.500091  ...    0.603565   -0.010008         0.0
26  word_h1_02.mp4           30  0.499935  ...    0.607463   -0.010993         0.0
27  word_h1_02.mp4           31  0.500071  ...    0.674631    0.009681         0.0
28  word_h1_02.mp4           32  0.500332  ...    0.688590    0.012922         0.0
29  word_h1_02.mp4           33  0.499998  ...    0.686652    0.008411         0.0
30  word_h1_02.mp4           34  0.499663  ...    0.679260    0.009483         0.0
31  word_h1_02.mp4           35  0.499541  ...    0.671699    0.012499         0.0
32  word_h1_02.mp4           36  0.498810  ...    0.664865    0.005252         0.0
33  word_h1_02.mp4           37  0.498838  ...    0.652888    0.000679         0.0
34  word_h1_02.mp4           38  0.498399  ...    0.646843    0.007068         0.0
35  word_h1_02.mp4           39  0.498306  ...    0.642676    0.005247         0.0
36  word_h1_02.mp4           40  0.497850  ...    0.641220    0.004510         0.0
37  word_h1_02.mp4           41  0.498092  ...    0.640448   -0.007679         0.0
38  word_h1_02.mp4           42  0.498237  ...    0.639965    0.002097         0.0
39  word_h1_02.mp4           43  0.498367  ...    0.641708    0.004552         0.0
40  word_h1_02.mp4           44  0.498470  ...    0.640857    0.005564         0.0
41  word_h1_02.mp4           45  0.498808  ...    0.641579    0.005922         0.0
42  word_h1_02.mp4           46  0.498451  ...    0.643199    0.007797         0.0
43  word_h1_02.mp4           47  0.498537  ...    0.645023    0.006750         0.0
44  word_h1_02.mp4           48  0.498289  ...    0.643542    0.007381         0.0
45  word_h1_02.mp4           49  0.497940  ...    0.643851    0.004723         0.0
46  word_h1_02.mp4           50  0.498112  ...    0.646899    0.002977         0.0
47  word_h1_02.mp4           51  0.499087  ...    0.653831    0.004039         0.0
48  word_h1_02.mp4           52  0.499828  ...    0.668232    0.003159         0.0
49  word_h1_02.mp4           53  0.499735  ...    0.689297    0.002743         0.0
50  word_h1_02.mp4           54  0.500287  ...    0.723124    0.004866         0.0
51  word_h1_02.mp4           55  0.501281  ...    0.762820    0.016841         0.0
52  word_h1_02.mp4           56  0.501522  ...    0.799435    0.013283         0.0
53  word_h1_02.mp4           57  0.501912  ...    0.861226    0.010568         0.0
54  word_h1_02.mp4           58  0.501735  ...    0.916371   -0.000624         0.0

[55 rows x 1958 columns]
Extracting features...
Face width computed for normalizaiton 0.1616842946171316
Features saved to: ../output/word_h1_02_features.csv
          fn_video  ... distance_r_hand6_r_hand10
0   word_h1_02.mp4  ...                  0.252138
1   word_h1_02.mp4  ...                  0.228156
2   word_h1_02.mp4  ...                  0.237946
3   word_h1_02.mp4  ...                  0.260600
4   word_h1_02.mp4  ...                  0.270400
5   word_h1_02.mp4  ...                  0.271147
6   word_h1_02.mp4  ...                  0.329441
7   word_h1_02.mp4  ...                  0.320358
8   word_h1_02.mp4  ...                  0.325085
9   word_h1_02.mp4  ...                  0.329428
10  word_h1_02.mp4  ...                  0.336330
11  word_h1_02.mp4  ...                  0.324809
12  word_h1_02.mp4  ...                  0.320310
13  word_h1_02.mp4  ...                  0.299668
14  word_h1_02.mp4  ...                  0.291436
15  word_h1_02.mp4  ...                  0.265418
16  word_h1_02.mp4  ...                  0.211782
17  word_h1_02.mp4  ...                  0.227439
18  word_h1_02.mp4  ...                  0.218809
19  word_h1_02.mp4  ...                  0.195214
20  word_h1_02.mp4  ...                  0.181338
21  word_h1_02.mp4  ...                  0.189873
22  word_h1_02.mp4  ...                  0.188438
23  word_h1_02.mp4  ...                  0.176735
24  word_h1_02.mp4  ...                  0.188786
25  word_h1_02.mp4  ...                  0.231393
26  word_h1_02.mp4  ...                  0.209882
27  word_h1_02.mp4  ...                  0.244319
28  word_h1_02.mp4  ...                  0.284428
29  word_h1_02.mp4  ...                  0.298407
30  word_h1_02.mp4  ...                  0.320638
31  word_h1_02.mp4  ...                  0.335121
32  word_h1_02.mp4  ...                  0.340185
33  word_h1_02.mp4  ...                  0.401245
34  word_h1_02.mp4  ...                  0.384069
35  word_h1_02.mp4  ...                  0.391434
36  word_h1_02.mp4  ...                  0.432374
37  word_h1_02.mp4  ...                  0.468876
38  word_h1_02.mp4  ...                  0.425396
39  word_h1_02.mp4  ...                  0.424485
40  word_h1_02.mp4  ...                  0.430308
41  word_h1_02.mp4  ...                  0.431787
42  word_h1_02.mp4  ...                  0.430239
43  word_h1_02.mp4  ...                  0.432205
44  word_h1_02.mp4  ...                  0.434629
45  word_h1_02.mp4  ...                  0.412182
46  word_h1_02.mp4  ...                  0.402086
47  word_h1_02.mp4  ...                  0.397867
48  word_h1_02.mp4  ...                  0.365018
49  word_h1_02.mp4  ...                  0.358790
50  word_h1_02.mp4  ...                  0.347243
51  word_h1_02.mp4  ...                  0.290052
52  word_h1_02.mp4  ...                  0.240540
53  word_h1_02.mp4  ...                  0.216203
54  word_h1_02.mp4  ...                  0.211421

[55 rows x 30 columns]
csv file with predictions was saved to ../output/predictions_rf_position_female_cropped_word_h1_02.csv
Loaded model: ../trained_models/model_rf_shape_female_cropped.pkl
Loaded video: ../stimuli/words/mp4/word_h1_02.mp4
Extracting coordinates...
          fn_video frame_number   x_face0  ...  y_r_hand20  z_r_hand20  v_r_hand20
0   word_h1_02.mp4            4  0.498461  ...    1.031218    0.023797         0.0
1   word_h1_02.mp4            5  0.498585  ...    0.946286    0.005519         0.0
2   word_h1_02.mp4            6  0.498567  ...    0.885487    0.015239         0.0
3   word_h1_02.mp4            7  0.498464  ...    0.845938    0.015769         0.0
4   word_h1_02.mp4            8  0.498042  ...    0.803652    0.015973         0.0
5   word_h1_02.mp4            9  0.497940  ...    0.767502    0.011427         0.0
6   word_h1_02.mp4           10  0.497903  ...    0.759265    0.005443         0.0
7   word_h1_02.mp4           11  0.498121  ...    0.737200    0.005934         0.0
8   word_h1_02.mp4           12  0.498618  ...    0.724604    0.012487         0.0
9   word_h1_02.mp4           13  0.498455  ...    0.717229    0.030507         0.0
10  word_h1_02.mp4           14  0.499070  ...    0.715780    0.015929         0.0
11  word_h1_02.mp4           15  0.499145  ...    0.715803    0.018134         0.0
12  word_h1_02.mp4           16  0.499851  ...    0.714089    0.014258         0.0
13  word_h1_02.mp4           17  0.500196  ...    0.711262    0.030293         0.0
14  word_h1_02.mp4           18  0.499980  ...    0.662247    0.009583         0.0
15  word_h1_02.mp4           19  0.499968  ...    0.633862   -0.018242         0.0
16  word_h1_02.mp4           20  0.500001  ...    0.625606   -0.018429         0.0
17  word_h1_02.mp4           21  0.500124  ...    0.620949   -0.005030         0.0
18  word_h1_02.mp4           22  0.499433  ...    0.617509   -0.017021         0.0
19  word_h1_02.mp4           23  0.499440  ...    0.617806   -0.006702         0.0
20  word_h1_02.mp4           24  0.499154  ...    0.615594   -0.011949         0.0
21  word_h1_02.mp4           25  0.499498  ...    0.615685   -0.014352         0.0
22  word_h1_02.mp4           26  0.499741  ...    0.615020   -0.015021         0.0
23  word_h1_02.mp4           27  0.499997  ...    0.609780   -0.014694         0.0
24  word_h1_02.mp4           28  0.499832  ...    0.605629   -0.005736         0.0
25  word_h1_02.mp4           29  0.500091  ...    0.603565   -0.010008         0.0
26  word_h1_02.mp4           30  0.499935  ...    0.607463   -0.010993         0.0
27  word_h1_02.mp4           31  0.500071  ...    0.674631    0.009681         0.0
28  word_h1_02.mp4           32  0.500332  ...    0.688590    0.012922         0.0
29  word_h1_02.mp4           33  0.499998  ...    0.686652    0.008411         0.0
30  word_h1_02.mp4           34  0.499663  ...    0.679260    0.009483         0.0
31  word_h1_02.mp4           35  0.499541  ...    0.671699    0.012499         0.0
32  word_h1_02.mp4           36  0.498810  ...    0.664865    0.005252         0.0
33  word_h1_02.mp4           37  0.498838  ...    0.652888    0.000679         0.0
34  word_h1_02.mp4           38  0.498399  ...    0.646843    0.007068         0.0
35  word_h1_02.mp4           39  0.498306  ...    0.642676    0.005247         0.0
36  word_h1_02.mp4           40  0.497850  ...    0.641220    0.004510         0.0
37  word_h1_02.mp4           41  0.498092  ...    0.640448   -0.007679         0.0
38  word_h1_02.mp4           42  0.498237  ...    0.639965    0.002097         0.0
39  word_h1_02.mp4           43  0.498367  ...    0.641708    0.004552         0.0
40  word_h1_02.mp4           44  0.498470  ...    0.640857    0.005564         0.0
41  word_h1_02.mp4           45  0.498808  ...    0.641579    0.005922         0.0
42  word_h1_02.mp4           46  0.498451  ...    0.643199    0.007797         0.0
43  word_h1_02.mp4           47  0.498537  ...    0.645023    0.006750         0.0
44  word_h1_02.mp4           48  0.498289  ...    0.643542    0.007381         0.0
45  word_h1_02.mp4           49  0.497940  ...    0.643851    0.004723         0.0
46  word_h1_02.mp4           50  0.498112  ...    0.646899    0.002977         0.0
47  word_h1_02.mp4           51  0.499087  ...    0.653831    0.004039         0.0
48  word_h1_02.mp4           52  0.499828  ...    0.668232    0.003159         0.0
49  word_h1_02.mp4           53  0.499735  ...    0.689297    0.002743         0.0
50  word_h1_02.mp4           54  0.500287  ...    0.723124    0.004866         0.0
51  word_h1_02.mp4           55  0.501281  ...    0.762820    0.016841         0.0
52  word_h1_02.mp4           56  0.501522  ...    0.799435    0.013283         0.0
53  word_h1_02.mp4           57  0.501912  ...    0.861226    0.010568         0.0
54  word_h1_02.mp4           58  0.501735  ...    0.916371   -0.000624         0.0

[55 rows x 1958 columns]
Extracting features...
Face width computed for normalizaiton 0.1616842946171316
Features saved to: ../output/word_h1_02_features.csv
          fn_video  ... distance_r_hand6_r_hand10
0   word_h1_02.mp4  ...                  0.252138
1   word_h1_02.mp4  ...                  0.228156
2   word_h1_02.mp4  ...                  0.237946
3   word_h1_02.mp4  ...                  0.260600
4   word_h1_02.mp4  ...                  0.270400
5   word_h1_02.mp4  ...                  0.271147
6   word_h1_02.mp4  ...                  0.329441
7   word_h1_02.mp4  ...                  0.320358
8   word_h1_02.mp4  ...                  0.325085
9   word_h1_02.mp4  ...                  0.329428
10  word_h1_02.mp4  ...                  0.336330
11  word_h1_02.mp4  ...                  0.324809
12  word_h1_02.mp4  ...                  0.320310
13  word_h1_02.mp4  ...                  0.299668
14  word_h1_02.mp4  ...                  0.291436
15  word_h1_02.mp4  ...                  0.265418
16  word_h1_02.mp4  ...                  0.211782
17  word_h1_02.mp4  ...                  0.227439
18  word_h1_02.mp4  ...                  0.218809
19  word_h1_02.mp4  ...                  0.195214
20  word_h1_02.mp4  ...                  0.181338
21  word_h1_02.mp4  ...                  0.189873
22  word_h1_02.mp4  ...                  0.188438
23  word_h1_02.mp4  ...                  0.176735
24  word_h1_02.mp4  ...                  0.188786
25  word_h1_02.mp4  ...                  0.231393
26  word_h1_02.mp4  ...                  0.209882
27  word_h1_02.mp4  ...                  0.244319
28  word_h1_02.mp4  ...                  0.284428
29  word_h1_02.mp4  ...                  0.298407
30  word_h1_02.mp4  ...                  0.320638
31  word_h1_02.mp4  ...                  0.335121
32  word_h1_02.mp4  ...                  0.340185
33  word_h1_02.mp4  ...                  0.401245
34  word_h1_02.mp4  ...                  0.384069
35  word_h1_02.mp4  ...                  0.391434
36  word_h1_02.mp4  ...                  0.432374
37  word_h1_02.mp4  ...                  0.468876
38  word_h1_02.mp4  ...                  0.425396
39  word_h1_02.mp4  ...                  0.424485
40  word_h1_02.mp4  ...                  0.430308
41  word_h1_02.mp4  ...                  0.431787
42  word_h1_02.mp4  ...                  0.430239
43  word_h1_02.mp4  ...                  0.432205
44  word_h1_02.mp4  ...                  0.434629
45  word_h1_02.mp4  ...                  0.412182
46  word_h1_02.mp4  ...                  0.402086
47  word_h1_02.mp4  ...                  0.397867
48  word_h1_02.mp4  ...                  0.365018
49  word_h1_02.mp4  ...                  0.358790
50  word_h1_02.mp4  ...                  0.347243
51  word_h1_02.mp4  ...                  0.290052
52  word_h1_02.mp4  ...                  0.240540
53  word_h1_02.mp4  ...                  0.216203
54  word_h1_02.mp4  ...                  0.211421

[55 rows x 30 columns]
csv file with predictions was saved to ../output/predictions_rf_shape_female_cropped_word_h1_02.csv
Visualization for: ../stimuli/words/mp4/word_h1_02.mp4
32
