python is /network/lustre/iss02/home/annahita.sarre/anaconda3/envs/myenv/bin/python
Loaded model: ../trained_models/model_rf_position_female_cropped.pkl
Loaded video: ../stimuli/words/mp4/word_l1_02_pseudo.mp4
Extracting coordinates...
                 fn_video frame_number  ...  z_r_hand20  v_r_hand20
0   word_l1_02_pseudo.mp4            1  ...    0.014239         0.0
1   word_l1_02_pseudo.mp4            2  ...    0.016434         0.0
2   word_l1_02_pseudo.mp4            3  ...    0.009785         0.0
3   word_l1_02_pseudo.mp4            4  ...    0.014745         0.0
4   word_l1_02_pseudo.mp4            5  ...    0.024558         0.0
..                    ...          ...  ...         ...         ...
57  word_l1_02_pseudo.mp4           58  ...    0.019508         0.0
58  word_l1_02_pseudo.mp4           59  ...    0.022206         0.0
59  word_l1_02_pseudo.mp4           60  ...    0.025906         0.0
60  word_l1_02_pseudo.mp4           61  ...    0.017279         0.0
61  word_l1_02_pseudo.mp4           62  ...    0.011739         0.0

[62 rows x 1958 columns]
Extracting features...
Face width computed for normalizaiton 0.1622582390359437
Features saved to: ../output/word_l1_02_pseudo_features.csv
                 fn_video  ... distance_r_hand6_r_hand10
0   word_l1_02_pseudo.mp4  ...                  0.182790
1   word_l1_02_pseudo.mp4  ...                  0.213325
2   word_l1_02_pseudo.mp4  ...                  0.170644
3   word_l1_02_pseudo.mp4  ...                  0.175136
4   word_l1_02_pseudo.mp4  ...                  0.168488
..                    ...  ...                       ...
57  word_l1_02_pseudo.mp4  ...                  0.183961
58  word_l1_02_pseudo.mp4  ...                  0.191917
59  word_l1_02_pseudo.mp4  ...                  0.200045
60  word_l1_02_pseudo.mp4  ...                  0.199851
61  word_l1_02_pseudo.mp4  ...                  0.204192

[62 rows x 30 columns]
csv file with predictions was saved to ../output/predictions_rf_position_female_cropped_word_l1_02_pseudo.csv
Loaded model: ../trained_models/model_rf_shape_female_cropped.pkl
Loaded video: ../stimuli/words/mp4/word_l1_02_pseudo.mp4
Extracting coordinates...
                 fn_video frame_number  ...  z_r_hand20  v_r_hand20
0   word_l1_02_pseudo.mp4            1  ...    0.014239         0.0
1   word_l1_02_pseudo.mp4            2  ...    0.016434         0.0
2   word_l1_02_pseudo.mp4            3  ...    0.009785         0.0
3   word_l1_02_pseudo.mp4            4  ...    0.014745         0.0
4   word_l1_02_pseudo.mp4            5  ...    0.024558         0.0
..                    ...          ...  ...         ...         ...
57  word_l1_02_pseudo.mp4           58  ...    0.019508         0.0
58  word_l1_02_pseudo.mp4           59  ...    0.022206         0.0
59  word_l1_02_pseudo.mp4           60  ...    0.025906         0.0
60  word_l1_02_pseudo.mp4           61  ...    0.017279         0.0
61  word_l1_02_pseudo.mp4           62  ...    0.011739         0.0

[62 rows x 1958 columns]
Extracting features...
Face width computed for normalizaiton 0.1622582390359437
Features saved to: ../output/word_l1_02_pseudo_features.csv
                 fn_video  ... distance_r_hand6_r_hand10
0   word_l1_02_pseudo.mp4  ...                  0.182790
1   word_l1_02_pseudo.mp4  ...                  0.213325
2   word_l1_02_pseudo.mp4  ...                  0.170644
3   word_l1_02_pseudo.mp4  ...                  0.175136
4   word_l1_02_pseudo.mp4  ...                  0.168488
..                    ...  ...                       ...
57  word_l1_02_pseudo.mp4  ...                  0.183961
58  word_l1_02_pseudo.mp4  ...                  0.191917
59  word_l1_02_pseudo.mp4  ...                  0.200045
60  word_l1_02_pseudo.mp4  ...                  0.199851
61  word_l1_02_pseudo.mp4  ...                  0.204192

[62 rows x 30 columns]
csv file with predictions was saved to ../output/predictions_rf_shape_female_cropped_word_l1_02_pseudo.csv
Visualization for: ../stimuli/words/mp4/word_l1_02_pseudo.mp4
32
