python is /network/lustre/iss02/home/annahita.sarre/anaconda3/envs/myenv/bin/python
Loaded model: ../trained_models/model_rf_position_female_cropped.pkl
Loaded video: ../stimuli/words/mp4/word_l1_32.mp4
Extracting coordinates...
          fn_video frame_number   x_face0  ...  y_r_hand20  z_r_hand20  v_r_hand20
0   word_l1_32.mp4            9  0.490342  ...    1.019444    0.009859         0.0
1   word_l1_32.mp4           10  0.490511  ...    1.001949    0.003867         0.0
2   word_l1_32.mp4           11  0.490861  ...    0.968465    0.016261         0.0
3   word_l1_32.mp4           12  0.491259  ...    0.930949    0.020946         0.0
4   word_l1_32.mp4           14  0.490151  ...    0.884814    0.015393         0.0
5   word_l1_32.mp4           15  0.489884  ...    0.867482    0.013482         0.0
6   word_l1_32.mp4           16  0.489385  ...    0.855595    0.017456         0.0
7   word_l1_32.mp4           17  0.489469  ...    0.849758    0.039647         0.0
8   word_l1_32.mp4           18  0.489755  ...    0.849115    0.061487         0.0
9   word_l1_32.mp4           19  0.490082  ...    0.847728    0.062954         0.0
10  word_l1_32.mp4           20  0.490517  ...    0.845651    0.069251         0.0
11  word_l1_32.mp4           21  0.490896  ...    0.844173    0.067363         0.0
12  word_l1_32.mp4           22  0.492039  ...    0.847356    0.076086         0.0
13  word_l1_32.mp4           23  0.492794  ...    0.841009    0.075682         0.0
14  word_l1_32.mp4           24  0.493394  ...    0.808152    0.027739         0.0
15  word_l1_32.mp4           25  0.493866  ...    0.785629    0.024275         0.0
16  word_l1_32.mp4           26  0.493745  ...    0.742272    0.038732         0.0
17  word_l1_32.mp4           27  0.493339  ...    0.683416    0.024060         0.0
18  word_l1_32.mp4           28  0.493069  ...    0.654395    0.012292         0.0
19  word_l1_32.mp4           29  0.491712  ...    0.627862   -0.000068         0.0
20  word_l1_32.mp4           30  0.491402  ...    0.608947    0.000793         0.0
21  word_l1_32.mp4           31  0.490748  ...    0.590942    0.013931         0.0
22  word_l1_32.mp4           32  0.490637  ...    0.580909    0.025037         0.0
23  word_l1_32.mp4           33  0.490096  ...    0.575639    0.027030         0.0
24  word_l1_32.mp4           34  0.489906  ...    0.573117    0.030766         0.0
25  word_l1_32.mp4           35  0.489889  ...    0.572453    0.023838         0.0
26  word_l1_32.mp4           36  0.490140  ...    0.572380    0.013437         0.0
27  word_l1_32.mp4           37  0.490468  ...    0.571971   -0.002480         0.0
28  word_l1_32.mp4           38  0.490430  ...    0.574938    0.011384         0.0
29  word_l1_32.mp4           39  0.491512  ...    0.572536   -0.000592         0.0
30  word_l1_32.mp4           40  0.491534  ...    0.577389   -0.002851         0.0
31  word_l1_32.mp4           41  0.491581  ...    0.580199    0.002789         0.0
32  word_l1_32.mp4           42  0.491432  ...    0.584206    0.004991         0.0
33  word_l1_32.mp4           43  0.491278  ...    0.587556    0.015491         0.0
34  word_l1_32.mp4           44  0.491232  ...    0.589366    0.015456         0.0
35  word_l1_32.mp4           45  0.490680  ...    0.589539    0.005728         0.0
36  word_l1_32.mp4           46  0.490333  ...    0.591810    0.000032         0.0
37  word_l1_32.mp4           47  0.490413  ...    0.591501    0.003704         0.0
38  word_l1_32.mp4           48  0.490646  ...    0.590957    0.002703         0.0
39  word_l1_32.mp4           49  0.490320  ...    0.589810    0.004735         0.0
40  word_l1_32.mp4           50  0.490049  ...    0.590902    0.002431         0.0
41  word_l1_32.mp4           51  0.489887  ...    0.591484    0.004811         0.0
42  word_l1_32.mp4           52  0.489545  ...    0.590185    0.007558         0.0
43  word_l1_32.mp4           53  0.489526  ...    0.592115    0.010114         0.0
44  word_l1_32.mp4           54  0.489079  ...    0.593222    0.010779         0.0
45  word_l1_32.mp4           55  0.488824  ...    0.595082    0.004275         0.0
46  word_l1_32.mp4           56  0.488738  ...    0.602133   -0.001572         0.0
47  word_l1_32.mp4           57  0.488849  ...    0.609913    0.009389         0.0
48  word_l1_32.mp4           58  0.488890  ...    0.643887    0.015348         0.0
49  word_l1_32.mp4           59  0.488997  ...    0.693870    0.010205         0.0
50  word_l1_32.mp4           60  0.489301  ...    0.703669    0.012753         0.0
51  word_l1_32.mp4           61  0.489112  ...    0.711263    0.009520         0.0
52  word_l1_32.mp4           62  0.489223  ...    0.717631    0.014498         0.0
53  word_l1_32.mp4           63  0.489266  ...    0.732524    0.012985         0.0

[54 rows x 1958 columns]
Extracting features...
Face width computed for normalizaiton 0.15474434239377552
Features saved to: ../output/word_l1_32_features.csv
          fn_video  ... distance_r_hand6_r_hand10
0   word_l1_32.mp4  ...                  0.363310
1   word_l1_32.mp4  ...                  0.441171
2   word_l1_32.mp4  ...                  0.416343
3   word_l1_32.mp4  ...                  0.449241
4   word_l1_32.mp4  ...                  0.479805
5   word_l1_32.mp4  ...                  0.505613
6   word_l1_32.mp4  ...                  0.430814
7   word_l1_32.mp4  ...                  0.418132
8   word_l1_32.mp4  ...                  0.393375
9   word_l1_32.mp4  ...                  0.369285
10  word_l1_32.mp4  ...                  0.334414
11  word_l1_32.mp4  ...                  0.341393
12  word_l1_32.mp4  ...                  0.349839
13  word_l1_32.mp4  ...                  0.329583
14  word_l1_32.mp4  ...                  0.264634
15  word_l1_32.mp4  ...                  0.228119
16  word_l1_32.mp4  ...                  0.199991
17  word_l1_32.mp4  ...                  0.193423
18  word_l1_32.mp4  ...                  0.154248
19  word_l1_32.mp4  ...                  0.141273
20  word_l1_32.mp4  ...                  0.140926
21  word_l1_32.mp4  ...                  0.182805
22  word_l1_32.mp4  ...                  0.179505
23  word_l1_32.mp4  ...                  0.190658
24  word_l1_32.mp4  ...                  0.186581
25  word_l1_32.mp4  ...                  0.177073
26  word_l1_32.mp4  ...                  0.174623
27  word_l1_32.mp4  ...                  0.138893
28  word_l1_32.mp4  ...                  0.166924
29  word_l1_32.mp4  ...                  0.162023
30  word_l1_32.mp4  ...                  0.163635
31  word_l1_32.mp4  ...                  0.187209
32  word_l1_32.mp4  ...                  0.241605
33  word_l1_32.mp4  ...                  0.224291
34  word_l1_32.mp4  ...                  0.234691
35  word_l1_32.mp4  ...                  0.279177
36  word_l1_32.mp4  ...                  0.281330
37  word_l1_32.mp4  ...                  0.247508
38  word_l1_32.mp4  ...                  0.241028
39  word_l1_32.mp4  ...                  0.265370
40  word_l1_32.mp4  ...                  0.249081
41  word_l1_32.mp4  ...                  0.258465
42  word_l1_32.mp4  ...                  0.247620
43  word_l1_32.mp4  ...                  0.241965
44  word_l1_32.mp4  ...                  0.261792
45  word_l1_32.mp4  ...                  0.247101
46  word_l1_32.mp4  ...                  0.211534
47  word_l1_32.mp4  ...                  0.175463
48  word_l1_32.mp4  ...                  0.174851
49  word_l1_32.mp4  ...                  0.181315
50  word_l1_32.mp4  ...                  0.185276
51  word_l1_32.mp4  ...                  0.187016
52  word_l1_32.mp4  ...                  0.175996
53  word_l1_32.mp4  ...                  0.170825

[54 rows x 30 columns]
csv file with predictions was saved to ../output/predictions_rf_position_female_cropped_word_l1_32.csv
Loaded model: ../trained_models/model_rf_shape_female_cropped.pkl
Loaded video: ../stimuli/words/mp4/word_l1_32.mp4
Extracting coordinates...
          fn_video frame_number   x_face0  ...  y_r_hand20  z_r_hand20  v_r_hand20
0   word_l1_32.mp4            9  0.490342  ...    1.019444    0.009859         0.0
1   word_l1_32.mp4           10  0.490511  ...    1.001949    0.003867         0.0
2   word_l1_32.mp4           11  0.490861  ...    0.968465    0.016261         0.0
3   word_l1_32.mp4           12  0.491259  ...    0.930949    0.020946         0.0
4   word_l1_32.mp4           14  0.490151  ...    0.884814    0.015393         0.0
5   word_l1_32.mp4           15  0.489884  ...    0.867482    0.013482         0.0
6   word_l1_32.mp4           16  0.489385  ...    0.855595    0.017456         0.0
7   word_l1_32.mp4           17  0.489469  ...    0.849758    0.039647         0.0
8   word_l1_32.mp4           18  0.489755  ...    0.849115    0.061487         0.0
9   word_l1_32.mp4           19  0.490082  ...    0.847728    0.062954         0.0
10  word_l1_32.mp4           20  0.490517  ...    0.845651    0.069251         0.0
11  word_l1_32.mp4           21  0.490896  ...    0.844173    0.067363         0.0
12  word_l1_32.mp4           22  0.492039  ...    0.847356    0.076086         0.0
13  word_l1_32.mp4           23  0.492794  ...    0.841009    0.075682         0.0
14  word_l1_32.mp4           24  0.493394  ...    0.808152    0.027739         0.0
15  word_l1_32.mp4           25  0.493866  ...    0.785629    0.024275         0.0
16  word_l1_32.mp4           26  0.493745  ...    0.742272    0.038732         0.0
17  word_l1_32.mp4           27  0.493339  ...    0.683416    0.024060         0.0
18  word_l1_32.mp4           28  0.493069  ...    0.654395    0.012292         0.0
19  word_l1_32.mp4           29  0.491712  ...    0.627862   -0.000068         0.0
20  word_l1_32.mp4           30  0.491402  ...    0.608947    0.000793         0.0
21  word_l1_32.mp4           31  0.490748  ...    0.590942    0.013931         0.0
22  word_l1_32.mp4           32  0.490637  ...    0.580909    0.025037         0.0
23  word_l1_32.mp4           33  0.490096  ...    0.575639    0.027030         0.0
24  word_l1_32.mp4           34  0.489906  ...    0.573117    0.030766         0.0
25  word_l1_32.mp4           35  0.489889  ...    0.572453    0.023838         0.0
26  word_l1_32.mp4           36  0.490140  ...    0.572380    0.013437         0.0
27  word_l1_32.mp4           37  0.490468  ...    0.571971   -0.002480         0.0
28  word_l1_32.mp4           38  0.490430  ...    0.574938    0.011384         0.0
29  word_l1_32.mp4           39  0.491512  ...    0.572536   -0.000592         0.0
30  word_l1_32.mp4           40  0.491534  ...    0.577389   -0.002851         0.0
31  word_l1_32.mp4           41  0.491581  ...    0.580199    0.002789         0.0
32  word_l1_32.mp4           42  0.491432  ...    0.584206    0.004991         0.0
33  word_l1_32.mp4           43  0.491278  ...    0.587556    0.015491         0.0
34  word_l1_32.mp4           44  0.491232  ...    0.589366    0.015456         0.0
35  word_l1_32.mp4           45  0.490680  ...    0.589539    0.005728         0.0
36  word_l1_32.mp4           46  0.490333  ...    0.591810    0.000032         0.0
37  word_l1_32.mp4           47  0.490413  ...    0.591501    0.003704         0.0
38  word_l1_32.mp4           48  0.490646  ...    0.590957    0.002703         0.0
39  word_l1_32.mp4           49  0.490320  ...    0.589810    0.004735         0.0
40  word_l1_32.mp4           50  0.490049  ...    0.590902    0.002431         0.0
41  word_l1_32.mp4           51  0.489887  ...    0.591484    0.004811         0.0
42  word_l1_32.mp4           52  0.489545  ...    0.590185    0.007558         0.0
43  word_l1_32.mp4           53  0.489526  ...    0.592115    0.010114         0.0
44  word_l1_32.mp4           54  0.489079  ...    0.593222    0.010779         0.0
45  word_l1_32.mp4           55  0.488824  ...    0.595082    0.004275         0.0
46  word_l1_32.mp4           56  0.488738  ...    0.602133   -0.001572         0.0
47  word_l1_32.mp4           57  0.488849  ...    0.609913    0.009389         0.0
48  word_l1_32.mp4           58  0.488890  ...    0.643887    0.015348         0.0
49  word_l1_32.mp4           59  0.488997  ...    0.693870    0.010205         0.0
50  word_l1_32.mp4           60  0.489301  ...    0.703669    0.012753         0.0
51  word_l1_32.mp4           61  0.489112  ...    0.711263    0.009520         0.0
52  word_l1_32.mp4           62  0.489223  ...    0.717631    0.014498         0.0
53  word_l1_32.mp4           63  0.489266  ...    0.732524    0.012985         0.0

[54 rows x 1958 columns]
Extracting features...
Face width computed for normalizaiton 0.15474434239377552
Features saved to: ../output/word_l1_32_features.csv
          fn_video  ... distance_r_hand6_r_hand10
0   word_l1_32.mp4  ...                  0.363310
1   word_l1_32.mp4  ...                  0.441171
2   word_l1_32.mp4  ...                  0.416343
3   word_l1_32.mp4  ...                  0.449241
4   word_l1_32.mp4  ...                  0.479805
5   word_l1_32.mp4  ...                  0.505613
6   word_l1_32.mp4  ...                  0.430814
7   word_l1_32.mp4  ...                  0.418132
8   word_l1_32.mp4  ...                  0.393375
9   word_l1_32.mp4  ...                  0.369285
10  word_l1_32.mp4  ...                  0.334414
11  word_l1_32.mp4  ...                  0.341393
12  word_l1_32.mp4  ...                  0.349839
13  word_l1_32.mp4  ...                  0.329583
14  word_l1_32.mp4  ...                  0.264634
15  word_l1_32.mp4  ...                  0.228119
16  word_l1_32.mp4  ...                  0.199991
17  word_l1_32.mp4  ...                  0.193423
18  word_l1_32.mp4  ...                  0.154248
19  word_l1_32.mp4  ...                  0.141273
20  word_l1_32.mp4  ...                  0.140926
21  word_l1_32.mp4  ...                  0.182805
22  word_l1_32.mp4  ...                  0.179505
23  word_l1_32.mp4  ...                  0.190658
24  word_l1_32.mp4  ...                  0.186581
25  word_l1_32.mp4  ...                  0.177073
26  word_l1_32.mp4  ...                  0.174623
27  word_l1_32.mp4  ...                  0.138893
28  word_l1_32.mp4  ...                  0.166924
29  word_l1_32.mp4  ...                  0.162023
30  word_l1_32.mp4  ...                  0.163635
31  word_l1_32.mp4  ...                  0.187209
32  word_l1_32.mp4  ...                  0.241605
33  word_l1_32.mp4  ...                  0.224291
34  word_l1_32.mp4  ...                  0.234691
35  word_l1_32.mp4  ...                  0.279177
36  word_l1_32.mp4  ...                  0.281330
37  word_l1_32.mp4  ...                  0.247508
38  word_l1_32.mp4  ...                  0.241028
39  word_l1_32.mp4  ...                  0.265370
40  word_l1_32.mp4  ...                  0.249081
41  word_l1_32.mp4  ...                  0.258465
42  word_l1_32.mp4  ...                  0.247620
43  word_l1_32.mp4  ...                  0.241965
44  word_l1_32.mp4  ...                  0.261792
45  word_l1_32.mp4  ...                  0.247101
46  word_l1_32.mp4  ...                  0.211534
47  word_l1_32.mp4  ...                  0.175463
48  word_l1_32.mp4  ...                  0.174851
49  word_l1_32.mp4  ...                  0.181315
50  word_l1_32.mp4  ...                  0.185276
51  word_l1_32.mp4  ...                  0.187016
52  word_l1_32.mp4  ...                  0.175996
53  word_l1_32.mp4  ...                  0.170825

[54 rows x 30 columns]
csv file with predictions was saved to ../output/predictions_rf_shape_female_cropped_word_l1_32.csv
Visualization for: ../stimuli/words/mp4/word_l1_32.mp4
32
