python is /network/lustre/iss02/home/annahita.sarre/anaconda3/envs/myenv/bin/python
Loaded model: ../trained_models/model_rf_position_female_cropped.pkl
Loaded video: ../stimuli/words/mp4/word_l2_13.mp4
Extracting coordinates...
          fn_video frame_number   x_face0  ...  y_r_hand20  z_r_hand20  v_r_hand20
0   word_l2_13.mp4            4  0.496881  ...    0.992232    0.071161         0.0
1   word_l2_13.mp4            5  0.496604  ...    0.906084    0.051341         0.0
2   word_l2_13.mp4            6  0.497093  ...    0.873137    0.027858         0.0
3   word_l2_13.mp4            7  0.497248  ...    0.859432    0.036624         0.0
4   word_l2_13.mp4            8  0.498053  ...    0.822838    0.035520         0.0
5   word_l2_13.mp4            9  0.498306  ...    0.788574    0.023793         0.0
6   word_l2_13.mp4           10  0.498601  ...    0.759676    0.020038         0.0
7   word_l2_13.mp4           11  0.499306  ...    0.741026    0.014996         0.0
8   word_l2_13.mp4           12  0.499544  ...    0.712592    0.008572         0.0
9   word_l2_13.mp4           13  0.499614  ...    0.687666    0.014869         0.0
10  word_l2_13.mp4           14  0.499873  ...    0.666718    0.011480         0.0
11  word_l2_13.mp4           15  0.500280  ...    0.645271    0.007826         0.0
12  word_l2_13.mp4           16  0.500283  ...    0.625483    0.006589         0.0
13  word_l2_13.mp4           17  0.500729  ...    0.609218    0.009717         0.0
14  word_l2_13.mp4           18  0.501187  ...    0.595428    0.009332         0.0
15  word_l2_13.mp4           19  0.500393  ...    0.584364    0.020269         0.0
16  word_l2_13.mp4           20  0.500061  ...    0.572996    0.032557         0.0
17  word_l2_13.mp4           21  0.499544  ...    0.564481    0.042522         0.0
18  word_l2_13.mp4           22  0.499378  ...    0.557680    0.037736         0.0
19  word_l2_13.mp4           23  0.498495  ...    0.553859    0.021170         0.0
20  word_l2_13.mp4           24  0.498260  ...    0.553433    0.021202         0.0
21  word_l2_13.mp4           25  0.497876  ...    0.556316    0.018527         0.0
22  word_l2_13.mp4           26  0.497760  ...    0.556949    0.022292         0.0
23  word_l2_13.mp4           27  0.497670  ...    0.555636    0.014848         0.0
24  word_l2_13.mp4           28  0.498188  ...    0.560820    0.009837         0.0
25  word_l2_13.mp4           29  0.499058  ...    0.569042    0.013941         0.0
26  word_l2_13.mp4           30  0.499058  ...    0.586897    0.014100         0.0
27  word_l2_13.mp4           31  0.498986  ...    0.632486    0.009356         0.0
28  word_l2_13.mp4           32  0.498870  ...    0.642475    0.010924         0.0
29  word_l2_13.mp4           33  0.499091  ...    0.647818    0.033921         0.0
30  word_l2_13.mp4           34  0.499381  ...    0.646743    0.012273         0.0
31  word_l2_13.mp4           35  0.499471  ...    0.642911    0.019345         0.0
32  word_l2_13.mp4           36  0.499288  ...    0.642869    0.025501         0.0
33  word_l2_13.mp4           37  0.499149  ...    0.644376    0.019247         0.0
34  word_l2_13.mp4           38  0.498605  ...    0.646759    0.012081         0.0
35  word_l2_13.mp4           39  0.498836  ...    0.655296    0.011485         0.0
36  word_l2_13.mp4           40  0.498675  ...    0.665065   -0.003500         0.0
37  word_l2_13.mp4           41  0.498579  ...    0.666920    0.000277         0.0
38  word_l2_13.mp4           42  0.498285  ...    0.670070   -0.001610         0.0
39  word_l2_13.mp4           43  0.498091  ...    0.671665   -0.001248         0.0
40  word_l2_13.mp4           44  0.497817  ...    0.672971   -0.001458         0.0
41  word_l2_13.mp4           45  0.496823  ...    0.673647   -0.002607         0.0
42  word_l2_13.mp4           46  0.496661  ...    0.673086   -0.002873         0.0
43  word_l2_13.mp4           47  0.496902  ...    0.670186   -0.001042         0.0
44  word_l2_13.mp4           48  0.496246  ...    0.672163   -0.002891         0.0
45  word_l2_13.mp4           49  0.496941  ...    0.674106   -0.002823         0.0
46  word_l2_13.mp4           50  0.496410  ...    0.676615   -0.000613         0.0
47  word_l2_13.mp4           51  0.496849  ...    0.676260    0.003937         0.0
48  word_l2_13.mp4           52  0.496768  ...    0.680260    0.000136         0.0
49  word_l2_13.mp4           53  0.496481  ...    0.685798    0.005870         0.0
50  word_l2_13.mp4           54  0.496762  ...    0.687462    0.009537         0.0
51  word_l2_13.mp4           55  0.496513  ...    0.696160    0.010735         0.0
52  word_l2_13.mp4           56  0.496264  ...    0.711887    0.010208         0.0
53  word_l2_13.mp4           57  0.496556  ...    0.724282    0.012593         0.0
54  word_l2_13.mp4           58  0.496964  ...    0.735809    0.009858         0.0
55  word_l2_13.mp4           59  0.496381  ...    0.756666    0.009182         0.0
56  word_l2_13.mp4           60  0.497066  ...    0.785027    0.010156         0.0
57  word_l2_13.mp4           61  0.497449  ...    0.807106    0.018576         0.0
58  word_l2_13.mp4           62  0.497725  ...    0.838451    0.030022         0.0
59  word_l2_13.mp4           63  0.497401  ...    0.855158    0.033032         0.0

[60 rows x 1958 columns]
Extracting features...
Face width computed for normalizaiton 0.15649539802990278
Features saved to: ../output/word_l2_13_features.csv
          fn_video  ... distance_r_hand6_r_hand10
0   word_l2_13.mp4  ...                  0.076967
1   word_l2_13.mp4  ...                  0.177492
2   word_l2_13.mp4  ...                  0.173497
3   word_l2_13.mp4  ...                  0.196730
4   word_l2_13.mp4  ...                  0.198012
5   word_l2_13.mp4  ...                  0.175825
6   word_l2_13.mp4  ...                  0.169686
7   word_l2_13.mp4  ...                  0.153154
8   word_l2_13.mp4  ...                  0.158694
9   word_l2_13.mp4  ...                  0.154668
10  word_l2_13.mp4  ...                  0.153514
11  word_l2_13.mp4  ...                  0.142057
12  word_l2_13.mp4  ...                  0.149016
13  word_l2_13.mp4  ...                  0.150977
14  word_l2_13.mp4  ...                  0.154459
15  word_l2_13.mp4  ...                  0.167724
16  word_l2_13.mp4  ...                  0.173066
17  word_l2_13.mp4  ...                  0.195035
18  word_l2_13.mp4  ...                  0.183969
19  word_l2_13.mp4  ...                  0.171160
20  word_l2_13.mp4  ...                  0.172585
21  word_l2_13.mp4  ...                  0.162549
22  word_l2_13.mp4  ...                  0.167520
23  word_l2_13.mp4  ...                  0.162660
24  word_l2_13.mp4  ...                  0.172866
25  word_l2_13.mp4  ...                  0.175877
26  word_l2_13.mp4  ...                  0.182766
27  word_l2_13.mp4  ...                  0.177387
28  word_l2_13.mp4  ...                  0.165729
29  word_l2_13.mp4  ...                  0.193630
30  word_l2_13.mp4  ...                  0.175598
31  word_l2_13.mp4  ...                  0.185407
32  word_l2_13.mp4  ...                  0.189681
33  word_l2_13.mp4  ...                  0.178842
34  word_l2_13.mp4  ...                  0.201941
35  word_l2_13.mp4  ...                  0.293948
36  word_l2_13.mp4  ...                  0.427761
37  word_l2_13.mp4  ...                  0.403563
38  word_l2_13.mp4  ...                  0.396930
39  word_l2_13.mp4  ...                  0.399613
40  word_l2_13.mp4  ...                  0.396707
41  word_l2_13.mp4  ...                  0.395779
42  word_l2_13.mp4  ...                  0.392546
43  word_l2_13.mp4  ...                  0.383164
44  word_l2_13.mp4  ...                  0.388783
45  word_l2_13.mp4  ...                  0.400392
46  word_l2_13.mp4  ...                  0.409035
47  word_l2_13.mp4  ...                  0.391442
48  word_l2_13.mp4  ...                  0.319060
49  word_l2_13.mp4  ...                  0.239914
50  word_l2_13.mp4  ...                  0.246494
51  word_l2_13.mp4  ...                  0.244843
52  word_l2_13.mp4  ...                  0.241949
53  word_l2_13.mp4  ...                  0.227563
54  word_l2_13.mp4  ...                  0.223070
55  word_l2_13.mp4  ...                  0.219168
56  word_l2_13.mp4  ...                  0.240126
57  word_l2_13.mp4  ...                  0.230050
58  word_l2_13.mp4  ...                  0.258889
59  word_l2_13.mp4  ...                  0.231971

[60 rows x 30 columns]
csv file with predictions was saved to ../output/predictions_rf_position_female_cropped_word_l2_13.csv
Loaded model: ../trained_models/model_rf_shape_female_cropped.pkl
Loaded video: ../stimuli/words/mp4/word_l2_13.mp4
Extracting coordinates...
          fn_video frame_number   x_face0  ...  y_r_hand20  z_r_hand20  v_r_hand20
0   word_l2_13.mp4            4  0.496881  ...    0.992232    0.071161         0.0
1   word_l2_13.mp4            5  0.496604  ...    0.906084    0.051341         0.0
2   word_l2_13.mp4            6  0.497093  ...    0.873137    0.027858         0.0
3   word_l2_13.mp4            7  0.497248  ...    0.859432    0.036624         0.0
4   word_l2_13.mp4            8  0.498053  ...    0.822838    0.035520         0.0
5   word_l2_13.mp4            9  0.498306  ...    0.788574    0.023793         0.0
6   word_l2_13.mp4           10  0.498601  ...    0.759676    0.020038         0.0
7   word_l2_13.mp4           11  0.499306  ...    0.741026    0.014996         0.0
8   word_l2_13.mp4           12  0.499544  ...    0.712592    0.008572         0.0
9   word_l2_13.mp4           13  0.499614  ...    0.687666    0.014869         0.0
10  word_l2_13.mp4           14  0.499873  ...    0.666718    0.011480         0.0
11  word_l2_13.mp4           15  0.500280  ...    0.645271    0.007826         0.0
12  word_l2_13.mp4           16  0.500283  ...    0.625483    0.006589         0.0
13  word_l2_13.mp4           17  0.500729  ...    0.609218    0.009717         0.0
14  word_l2_13.mp4           18  0.501187  ...    0.595428    0.009332         0.0
15  word_l2_13.mp4           19  0.500393  ...    0.584364    0.020269         0.0
16  word_l2_13.mp4           20  0.500061  ...    0.572996    0.032557         0.0
17  word_l2_13.mp4           21  0.499544  ...    0.564481    0.042522         0.0
18  word_l2_13.mp4           22  0.499378  ...    0.557680    0.037736         0.0
19  word_l2_13.mp4           23  0.498495  ...    0.553859    0.021170         0.0
20  word_l2_13.mp4           24  0.498260  ...    0.553433    0.021202         0.0
21  word_l2_13.mp4           25  0.497876  ...    0.556316    0.018527         0.0
22  word_l2_13.mp4           26  0.497760  ...    0.556949    0.022292         0.0
23  word_l2_13.mp4           27  0.497670  ...    0.555636    0.014848         0.0
24  word_l2_13.mp4           28  0.498188  ...    0.560820    0.009837         0.0
25  word_l2_13.mp4           29  0.499058  ...    0.569042    0.013941         0.0
26  word_l2_13.mp4           30  0.499058  ...    0.586897    0.014100         0.0
27  word_l2_13.mp4           31  0.498986  ...    0.632486    0.009356         0.0
28  word_l2_13.mp4           32  0.498870  ...    0.642475    0.010924         0.0
29  word_l2_13.mp4           33  0.499091  ...    0.647818    0.033921         0.0
30  word_l2_13.mp4           34  0.499381  ...    0.646743    0.012273         0.0
31  word_l2_13.mp4           35  0.499471  ...    0.642911    0.019345         0.0
32  word_l2_13.mp4           36  0.499288  ...    0.642869    0.025501         0.0
33  word_l2_13.mp4           37  0.499149  ...    0.644376    0.019247         0.0
34  word_l2_13.mp4           38  0.498605  ...    0.646759    0.012081         0.0
35  word_l2_13.mp4           39  0.498836  ...    0.655296    0.011485         0.0
36  word_l2_13.mp4           40  0.498675  ...    0.665065   -0.003500         0.0
37  word_l2_13.mp4           41  0.498579  ...    0.666920    0.000277         0.0
38  word_l2_13.mp4           42  0.498285  ...    0.670070   -0.001610         0.0
39  word_l2_13.mp4           43  0.498091  ...    0.671665   -0.001248         0.0
40  word_l2_13.mp4           44  0.497817  ...    0.672971   -0.001458         0.0
41  word_l2_13.mp4           45  0.496823  ...    0.673647   -0.002607         0.0
42  word_l2_13.mp4           46  0.496661  ...    0.673086   -0.002873         0.0
43  word_l2_13.mp4           47  0.496902  ...    0.670186   -0.001042         0.0
44  word_l2_13.mp4           48  0.496246  ...    0.672163   -0.002891         0.0
45  word_l2_13.mp4           49  0.496941  ...    0.674106   -0.002823         0.0
46  word_l2_13.mp4           50  0.496410  ...    0.676615   -0.000613         0.0
47  word_l2_13.mp4           51  0.496849  ...    0.676260    0.003937         0.0
48  word_l2_13.mp4           52  0.496768  ...    0.680260    0.000136         0.0
49  word_l2_13.mp4           53  0.496481  ...    0.685798    0.005870         0.0
50  word_l2_13.mp4           54  0.496762  ...    0.687462    0.009537         0.0
51  word_l2_13.mp4           55  0.496513  ...    0.696160    0.010735         0.0
52  word_l2_13.mp4           56  0.496264  ...    0.711887    0.010208         0.0
53  word_l2_13.mp4           57  0.496556  ...    0.724282    0.012593         0.0
54  word_l2_13.mp4           58  0.496964  ...    0.735809    0.009858         0.0
55  word_l2_13.mp4           59  0.496381  ...    0.756666    0.009182         0.0
56  word_l2_13.mp4           60  0.497066  ...    0.785027    0.010156         0.0
57  word_l2_13.mp4           61  0.497449  ...    0.807106    0.018576         0.0
58  word_l2_13.mp4           62  0.497725  ...    0.838451    0.030022         0.0
59  word_l2_13.mp4           63  0.497401  ...    0.855158    0.033032         0.0

[60 rows x 1958 columns]
Extracting features...
Face width computed for normalizaiton 0.15649539802990278
Features saved to: ../output/word_l2_13_features.csv
          fn_video  ... distance_r_hand6_r_hand10
0   word_l2_13.mp4  ...                  0.076967
1   word_l2_13.mp4  ...                  0.177492
2   word_l2_13.mp4  ...                  0.173497
3   word_l2_13.mp4  ...                  0.196730
4   word_l2_13.mp4  ...                  0.198012
5   word_l2_13.mp4  ...                  0.175825
6   word_l2_13.mp4  ...                  0.169686
7   word_l2_13.mp4  ...                  0.153154
8   word_l2_13.mp4  ...                  0.158694
9   word_l2_13.mp4  ...                  0.154668
10  word_l2_13.mp4  ...                  0.153514
11  word_l2_13.mp4  ...                  0.142057
12  word_l2_13.mp4  ...                  0.149016
13  word_l2_13.mp4  ...                  0.150977
14  word_l2_13.mp4  ...                  0.154459
15  word_l2_13.mp4  ...                  0.167724
16  word_l2_13.mp4  ...                  0.173066
17  word_l2_13.mp4  ...                  0.195035
18  word_l2_13.mp4  ...                  0.183969
19  word_l2_13.mp4  ...                  0.171160
20  word_l2_13.mp4  ...                  0.172585
21  word_l2_13.mp4  ...                  0.162549
22  word_l2_13.mp4  ...                  0.167520
23  word_l2_13.mp4  ...                  0.162660
24  word_l2_13.mp4  ...                  0.172866
25  word_l2_13.mp4  ...                  0.175877
26  word_l2_13.mp4  ...                  0.182766
27  word_l2_13.mp4  ...                  0.177387
28  word_l2_13.mp4  ...                  0.165729
29  word_l2_13.mp4  ...                  0.193630
30  word_l2_13.mp4  ...                  0.175598
31  word_l2_13.mp4  ...                  0.185407
32  word_l2_13.mp4  ...                  0.189681
33  word_l2_13.mp4  ...                  0.178842
34  word_l2_13.mp4  ...                  0.201941
35  word_l2_13.mp4  ...                  0.293948
36  word_l2_13.mp4  ...                  0.427761
37  word_l2_13.mp4  ...                  0.403563
38  word_l2_13.mp4  ...                  0.396930
39  word_l2_13.mp4  ...                  0.399613
40  word_l2_13.mp4  ...                  0.396707
41  word_l2_13.mp4  ...                  0.395779
42  word_l2_13.mp4  ...                  0.392546
43  word_l2_13.mp4  ...                  0.383164
44  word_l2_13.mp4  ...                  0.388783
45  word_l2_13.mp4  ...                  0.400392
46  word_l2_13.mp4  ...                  0.409035
47  word_l2_13.mp4  ...                  0.391442
48  word_l2_13.mp4  ...                  0.319060
49  word_l2_13.mp4  ...                  0.239914
50  word_l2_13.mp4  ...                  0.246494
51  word_l2_13.mp4  ...                  0.244843
52  word_l2_13.mp4  ...                  0.241949
53  word_l2_13.mp4  ...                  0.227563
54  word_l2_13.mp4  ...                  0.223070
55  word_l2_13.mp4  ...                  0.219168
56  word_l2_13.mp4  ...                  0.240126
57  word_l2_13.mp4  ...                  0.230050
58  word_l2_13.mp4  ...                  0.258889
59  word_l2_13.mp4  ...                  0.231971

[60 rows x 30 columns]
csv file with predictions was saved to ../output/predictions_rf_shape_female_cropped_word_l2_13.csv
Visualization for: ../stimuli/words/mp4/word_l2_13.mp4
32
