python is /network/lustre/iss02/home/annahita.sarre/anaconda3/envs/myenv/bin/python
Loaded model: ../trained_models/model_rf_position_female_cropped.pkl
Loaded video: ../stimuli/words/mp4/word_l2_03_pseudo.mp4
Extracting coordinates...
                 fn_video frame_number  ...  z_r_hand20  v_r_hand20
0   word_l2_03_pseudo.mp4            4  ...    0.045796         0.0
1   word_l2_03_pseudo.mp4            5  ...    0.023634         0.0
2   word_l2_03_pseudo.mp4            6  ...    0.025500         0.0
3   word_l2_03_pseudo.mp4            7  ...    0.019215         0.0
4   word_l2_03_pseudo.mp4            8  ...    0.020124         0.0
5   word_l2_03_pseudo.mp4            9  ...    0.038118         0.0
6   word_l2_03_pseudo.mp4           10  ...    0.025098         0.0
7   word_l2_03_pseudo.mp4           11  ...    0.005235         0.0
8   word_l2_03_pseudo.mp4           12  ...    0.018016         0.0
9   word_l2_03_pseudo.mp4           13  ...    0.005508         0.0
10  word_l2_03_pseudo.mp4           14  ...   -0.004196         0.0
11  word_l2_03_pseudo.mp4           15  ...   -0.006505         0.0
12  word_l2_03_pseudo.mp4           16  ...   -0.029475         0.0
13  word_l2_03_pseudo.mp4           17  ...   -0.028031         0.0
14  word_l2_03_pseudo.mp4           18  ...   -0.030667         0.0
15  word_l2_03_pseudo.mp4           19  ...   -0.034404         0.0
16  word_l2_03_pseudo.mp4           20  ...   -0.030262         0.0
17  word_l2_03_pseudo.mp4           21  ...   -0.001544         0.0
18  word_l2_03_pseudo.mp4           22  ...    0.007053         0.0
19  word_l2_03_pseudo.mp4           23  ...    0.001125         0.0
20  word_l2_03_pseudo.mp4           24  ...    0.005120         0.0
21  word_l2_03_pseudo.mp4           25  ...   -0.000040         0.0
22  word_l2_03_pseudo.mp4           26  ...   -0.002069         0.0
23  word_l2_03_pseudo.mp4           27  ...   -0.000802         0.0
24  word_l2_03_pseudo.mp4           28  ...   -0.002384         0.0
25  word_l2_03_pseudo.mp4           29  ...    0.001722         0.0
26  word_l2_03_pseudo.mp4           30  ...    0.000013         0.0
27  word_l2_03_pseudo.mp4           31  ...    0.002847         0.0
28  word_l2_03_pseudo.mp4           32  ...    0.007622         0.0
29  word_l2_03_pseudo.mp4           33  ...    0.006667         0.0
30  word_l2_03_pseudo.mp4           34  ...    0.028202         0.0
31  word_l2_03_pseudo.mp4           35  ...   -0.005878         0.0
32  word_l2_03_pseudo.mp4           36  ...   -0.016524         0.0
33  word_l2_03_pseudo.mp4           37  ...   -0.011919         0.0
34  word_l2_03_pseudo.mp4           38  ...    0.000563         0.0
35  word_l2_03_pseudo.mp4           39  ...    0.000044         0.0
36  word_l2_03_pseudo.mp4           40  ...    0.009101         0.0
37  word_l2_03_pseudo.mp4           41  ...   -0.006699         0.0
38  word_l2_03_pseudo.mp4           42  ...    0.006034         0.0
39  word_l2_03_pseudo.mp4           43  ...   -0.000351         0.0
40  word_l2_03_pseudo.mp4           44  ...   -0.011967         0.0
41  word_l2_03_pseudo.mp4           45  ...   -0.013524         0.0
42  word_l2_03_pseudo.mp4           46  ...   -0.006394         0.0
43  word_l2_03_pseudo.mp4           47  ...   -0.007307         0.0
44  word_l2_03_pseudo.mp4           48  ...   -0.005198         0.0
45  word_l2_03_pseudo.mp4           49  ...    0.002467         0.0
46  word_l2_03_pseudo.mp4           50  ...   -0.009769         0.0
47  word_l2_03_pseudo.mp4           51  ...   -0.009231         0.0
48  word_l2_03_pseudo.mp4           52  ...   -0.024241         0.0
49  word_l2_03_pseudo.mp4           53  ...   -0.019535         0.0
50  word_l2_03_pseudo.mp4           54  ...    0.016940         0.0
51  word_l2_03_pseudo.mp4           55  ...    0.010568         0.0
52  word_l2_03_pseudo.mp4           56  ...    0.011507         0.0
53  word_l2_03_pseudo.mp4           57  ...    0.013669         0.0
54  word_l2_03_pseudo.mp4           58  ...    0.014986         0.0
55  word_l2_03_pseudo.mp4           59  ...    0.014736         0.0
56  word_l2_03_pseudo.mp4           60  ...    0.012706         0.0

[57 rows x 1958 columns]
Extracting features...
Face width computed for normalizaiton 0.16205088574937362
Features saved to: ../output/word_l2_03_pseudo_features.csv
                 fn_video  ... distance_r_hand6_r_hand10
0   word_l2_03_pseudo.mp4  ...                  0.249863
1   word_l2_03_pseudo.mp4  ...                  0.239853
2   word_l2_03_pseudo.mp4  ...                  0.202734
3   word_l2_03_pseudo.mp4  ...                  0.228004
4   word_l2_03_pseudo.mp4  ...                  0.221349
5   word_l2_03_pseudo.mp4  ...                  0.214615
6   word_l2_03_pseudo.mp4  ...                  0.188569
7   word_l2_03_pseudo.mp4  ...                  0.176377
8   word_l2_03_pseudo.mp4  ...                  0.164048
9   word_l2_03_pseudo.mp4  ...                  0.151766
10  word_l2_03_pseudo.mp4  ...                  0.130923
11  word_l2_03_pseudo.mp4  ...                  0.138353
12  word_l2_03_pseudo.mp4  ...                  0.127976
13  word_l2_03_pseudo.mp4  ...                  0.128356
14  word_l2_03_pseudo.mp4  ...                  0.130593
15  word_l2_03_pseudo.mp4  ...                  0.150739
16  word_l2_03_pseudo.mp4  ...                  0.217794
17  word_l2_03_pseudo.mp4  ...                  0.269951
18  word_l2_03_pseudo.mp4  ...                  0.303197
19  word_l2_03_pseudo.mp4  ...                  0.363517
20  word_l2_03_pseudo.mp4  ...                  0.392601
21  word_l2_03_pseudo.mp4  ...                  0.418649
22  word_l2_03_pseudo.mp4  ...                  0.429195
23  word_l2_03_pseudo.mp4  ...                  0.425631
24  word_l2_03_pseudo.mp4  ...                  0.433926
25  word_l2_03_pseudo.mp4  ...                  0.410586
26  word_l2_03_pseudo.mp4  ...                  0.395002
27  word_l2_03_pseudo.mp4  ...                  0.344140
28  word_l2_03_pseudo.mp4  ...                  0.238416
29  word_l2_03_pseudo.mp4  ...                  0.185222
30  word_l2_03_pseudo.mp4  ...                  0.189615
31  word_l2_03_pseudo.mp4  ...                  0.169907
32  word_l2_03_pseudo.mp4  ...                  0.156454
33  word_l2_03_pseudo.mp4  ...                  0.151975
34  word_l2_03_pseudo.mp4  ...                  0.164429
35  word_l2_03_pseudo.mp4  ...                  0.157996
36  word_l2_03_pseudo.mp4  ...                  0.161693
37  word_l2_03_pseudo.mp4  ...                  0.149878
38  word_l2_03_pseudo.mp4  ...                  0.167342
39  word_l2_03_pseudo.mp4  ...                  0.162065
40  word_l2_03_pseudo.mp4  ...                  0.155771
41  word_l2_03_pseudo.mp4  ...                  0.156998
42  word_l2_03_pseudo.mp4  ...                  0.159511
43  word_l2_03_pseudo.mp4  ...                  0.157844
44  word_l2_03_pseudo.mp4  ...                  0.158866
45  word_l2_03_pseudo.mp4  ...                  0.165011
46  word_l2_03_pseudo.mp4  ...                  0.159021
47  word_l2_03_pseudo.mp4  ...                  0.164317
48  word_l2_03_pseudo.mp4  ...                  0.162870
49  word_l2_03_pseudo.mp4  ...                  0.166744
50  word_l2_03_pseudo.mp4  ...                  0.183703
51  word_l2_03_pseudo.mp4  ...                  0.197737
52  word_l2_03_pseudo.mp4  ...                  0.212077
53  word_l2_03_pseudo.mp4  ...                  0.231347
54  word_l2_03_pseudo.mp4  ...                  0.194567
55  word_l2_03_pseudo.mp4  ...                  0.211770
56  word_l2_03_pseudo.mp4  ...                  0.226278

[57 rows x 30 columns]
csv file with predictions was saved to ../output/predictions_rf_position_female_cropped_word_l2_03_pseudo.csv
Loaded model: ../trained_models/model_rf_shape_female_cropped.pkl
Loaded video: ../stimuli/words/mp4/word_l2_03_pseudo.mp4
Extracting coordinates...
                 fn_video frame_number  ...  z_r_hand20  v_r_hand20
0   word_l2_03_pseudo.mp4            4  ...    0.045796         0.0
1   word_l2_03_pseudo.mp4            5  ...    0.023634         0.0
2   word_l2_03_pseudo.mp4            6  ...    0.025500         0.0
3   word_l2_03_pseudo.mp4            7  ...    0.019215         0.0
4   word_l2_03_pseudo.mp4            8  ...    0.020124         0.0
5   word_l2_03_pseudo.mp4            9  ...    0.038118         0.0
6   word_l2_03_pseudo.mp4           10  ...    0.025098         0.0
7   word_l2_03_pseudo.mp4           11  ...    0.005235         0.0
8   word_l2_03_pseudo.mp4           12  ...    0.018016         0.0
9   word_l2_03_pseudo.mp4           13  ...    0.005508         0.0
10  word_l2_03_pseudo.mp4           14  ...   -0.004196         0.0
11  word_l2_03_pseudo.mp4           15  ...   -0.006505         0.0
12  word_l2_03_pseudo.mp4           16  ...   -0.029475         0.0
13  word_l2_03_pseudo.mp4           17  ...   -0.028031         0.0
14  word_l2_03_pseudo.mp4           18  ...   -0.030667         0.0
15  word_l2_03_pseudo.mp4           19  ...   -0.034404         0.0
16  word_l2_03_pseudo.mp4           20  ...   -0.030262         0.0
17  word_l2_03_pseudo.mp4           21  ...   -0.001544         0.0
18  word_l2_03_pseudo.mp4           22  ...    0.007053         0.0
19  word_l2_03_pseudo.mp4           23  ...    0.001125         0.0
20  word_l2_03_pseudo.mp4           24  ...    0.005120         0.0
21  word_l2_03_pseudo.mp4           25  ...   -0.000040         0.0
22  word_l2_03_pseudo.mp4           26  ...   -0.002069         0.0
23  word_l2_03_pseudo.mp4           27  ...   -0.000802         0.0
24  word_l2_03_pseudo.mp4           28  ...   -0.002384         0.0
25  word_l2_03_pseudo.mp4           29  ...    0.001722         0.0
26  word_l2_03_pseudo.mp4           30  ...    0.000013         0.0
27  word_l2_03_pseudo.mp4           31  ...    0.002847         0.0
28  word_l2_03_pseudo.mp4           32  ...    0.007622         0.0
29  word_l2_03_pseudo.mp4           33  ...    0.006667         0.0
30  word_l2_03_pseudo.mp4           34  ...    0.028202         0.0
31  word_l2_03_pseudo.mp4           35  ...   -0.005878         0.0
32  word_l2_03_pseudo.mp4           36  ...   -0.016524         0.0
33  word_l2_03_pseudo.mp4           37  ...   -0.011919         0.0
34  word_l2_03_pseudo.mp4           38  ...    0.000563         0.0
35  word_l2_03_pseudo.mp4           39  ...    0.000044         0.0
36  word_l2_03_pseudo.mp4           40  ...    0.009101         0.0
37  word_l2_03_pseudo.mp4           41  ...   -0.006699         0.0
38  word_l2_03_pseudo.mp4           42  ...    0.006034         0.0
39  word_l2_03_pseudo.mp4           43  ...   -0.000351         0.0
40  word_l2_03_pseudo.mp4           44  ...   -0.011967         0.0
41  word_l2_03_pseudo.mp4           45  ...   -0.013524         0.0
42  word_l2_03_pseudo.mp4           46  ...   -0.006394         0.0
43  word_l2_03_pseudo.mp4           47  ...   -0.007307         0.0
44  word_l2_03_pseudo.mp4           48  ...   -0.005198         0.0
45  word_l2_03_pseudo.mp4           49  ...    0.002467         0.0
46  word_l2_03_pseudo.mp4           50  ...   -0.009769         0.0
47  word_l2_03_pseudo.mp4           51  ...   -0.009231         0.0
48  word_l2_03_pseudo.mp4           52  ...   -0.024241         0.0
49  word_l2_03_pseudo.mp4           53  ...   -0.019535         0.0
50  word_l2_03_pseudo.mp4           54  ...    0.016940         0.0
51  word_l2_03_pseudo.mp4           55  ...    0.010568         0.0
52  word_l2_03_pseudo.mp4           56  ...    0.011507         0.0
53  word_l2_03_pseudo.mp4           57  ...    0.013669         0.0
54  word_l2_03_pseudo.mp4           58  ...    0.014986         0.0
55  word_l2_03_pseudo.mp4           59  ...    0.014736         0.0
56  word_l2_03_pseudo.mp4           60  ...    0.012706         0.0

[57 rows x 1958 columns]
Extracting features...
Face width computed for normalizaiton 0.16205088574937362
Features saved to: ../output/word_l2_03_pseudo_features.csv
                 fn_video  ... distance_r_hand6_r_hand10
0   word_l2_03_pseudo.mp4  ...                  0.249863
1   word_l2_03_pseudo.mp4  ...                  0.239853
2   word_l2_03_pseudo.mp4  ...                  0.202734
3   word_l2_03_pseudo.mp4  ...                  0.228004
4   word_l2_03_pseudo.mp4  ...                  0.221349
5   word_l2_03_pseudo.mp4  ...                  0.214615
6   word_l2_03_pseudo.mp4  ...                  0.188569
7   word_l2_03_pseudo.mp4  ...                  0.176377
8   word_l2_03_pseudo.mp4  ...                  0.164048
9   word_l2_03_pseudo.mp4  ...                  0.151766
10  word_l2_03_pseudo.mp4  ...                  0.130923
11  word_l2_03_pseudo.mp4  ...                  0.138353
12  word_l2_03_pseudo.mp4  ...                  0.127976
13  word_l2_03_pseudo.mp4  ...                  0.128356
14  word_l2_03_pseudo.mp4  ...                  0.130593
15  word_l2_03_pseudo.mp4  ...                  0.150739
16  word_l2_03_pseudo.mp4  ...                  0.217794
17  word_l2_03_pseudo.mp4  ...                  0.269951
18  word_l2_03_pseudo.mp4  ...                  0.303197
19  word_l2_03_pseudo.mp4  ...                  0.363517
20  word_l2_03_pseudo.mp4  ...                  0.392601
21  word_l2_03_pseudo.mp4  ...                  0.418649
22  word_l2_03_pseudo.mp4  ...                  0.429195
23  word_l2_03_pseudo.mp4  ...                  0.425631
24  word_l2_03_pseudo.mp4  ...                  0.433926
25  word_l2_03_pseudo.mp4  ...                  0.410586
26  word_l2_03_pseudo.mp4  ...                  0.395002
27  word_l2_03_pseudo.mp4  ...                  0.344140
28  word_l2_03_pseudo.mp4  ...                  0.238416
29  word_l2_03_pseudo.mp4  ...                  0.185222
30  word_l2_03_pseudo.mp4  ...                  0.189615
31  word_l2_03_pseudo.mp4  ...                  0.169907
32  word_l2_03_pseudo.mp4  ...                  0.156454
33  word_l2_03_pseudo.mp4  ...                  0.151975
34  word_l2_03_pseudo.mp4  ...                  0.164429
35  word_l2_03_pseudo.mp4  ...                  0.157996
36  word_l2_03_pseudo.mp4  ...                  0.161693
37  word_l2_03_pseudo.mp4  ...                  0.149878
38  word_l2_03_pseudo.mp4  ...                  0.167342
39  word_l2_03_pseudo.mp4  ...                  0.162065
40  word_l2_03_pseudo.mp4  ...                  0.155771
41  word_l2_03_pseudo.mp4  ...                  0.156998
42  word_l2_03_pseudo.mp4  ...                  0.159511
43  word_l2_03_pseudo.mp4  ...                  0.157844
44  word_l2_03_pseudo.mp4  ...                  0.158866
45  word_l2_03_pseudo.mp4  ...                  0.165011
46  word_l2_03_pseudo.mp4  ...                  0.159021
47  word_l2_03_pseudo.mp4  ...                  0.164317
48  word_l2_03_pseudo.mp4  ...                  0.162870
49  word_l2_03_pseudo.mp4  ...                  0.166744
50  word_l2_03_pseudo.mp4  ...                  0.183703
51  word_l2_03_pseudo.mp4  ...                  0.197737
52  word_l2_03_pseudo.mp4  ...                  0.212077
53  word_l2_03_pseudo.mp4  ...                  0.231347
54  word_l2_03_pseudo.mp4  ...                  0.194567
55  word_l2_03_pseudo.mp4  ...                  0.211770
56  word_l2_03_pseudo.mp4  ...                  0.226278

[57 rows x 30 columns]
csv file with predictions was saved to ../output/predictions_rf_shape_female_cropped_word_l2_03_pseudo.csv
Visualization for: ../stimuli/words/mp4/word_l2_03_pseudo.mp4
32
