python is /network/lustre/iss02/home/annahita.sarre/anaconda3/envs/myenv/bin/python
Loaded model: ../trained_models/model_rf_position_female_cropped.pkl
Loaded video: ../stimuli/words/mp4/word_l2_02.mp4
Extracting coordinates...
          fn_video frame_number   x_face0  ...  y_r_hand20  z_r_hand20  v_r_hand20
0   word_l2_02.mp4            1  0.497077  ...    0.973668    0.006614         0.0
1   word_l2_02.mp4            2  0.497608  ...    0.952876    0.014232         0.0
2   word_l2_02.mp4            3  0.497139  ...    0.935912    0.019505         0.0
3   word_l2_02.mp4            4  0.497060  ...    0.919584    0.026916         0.0
4   word_l2_02.mp4            5  0.496652  ...    0.899233    0.031037         0.0
5   word_l2_02.mp4            6  0.496695  ...    0.886552    0.026651         0.0
6   word_l2_02.mp4            7  0.496065  ...    0.864635    0.030621         0.0
7   word_l2_02.mp4            8  0.495528  ...    0.840556    0.028278         0.0
8   word_l2_02.mp4            9  0.495453  ...    0.819088    0.031787         0.0
9   word_l2_02.mp4           10  0.494983  ...    0.797578    0.024698         0.0
10  word_l2_02.mp4           11  0.494600  ...    0.781355    0.020513         0.0
11  word_l2_02.mp4           12  0.494101  ...    0.768024    0.010079         0.0
12  word_l2_02.mp4           13  0.493576  ...    0.750057    0.012628         0.0
13  word_l2_02.mp4           14  0.493368  ...    0.729581    0.009301         0.0
14  word_l2_02.mp4           15  0.492750  ...    0.720413    0.015196         0.0
15  word_l2_02.mp4           16  0.492570  ...    0.715995    0.012646         0.0
16  word_l2_02.mp4           17  0.492543  ...    0.712505    0.014461         0.0
17  word_l2_02.mp4           18  0.493316  ...    0.707435    0.017686         0.0
18  word_l2_02.mp4           19  0.493769  ...    0.637969    0.004139         0.0
19  word_l2_02.mp4           20  0.493648  ...    0.605708   -0.017292         0.0
20  word_l2_02.mp4           21  0.494367  ...    0.580997   -0.005643         0.0
21  word_l2_02.mp4           22  0.494509  ...    0.574815   -0.004673         0.0
22  word_l2_02.mp4           23  0.494881  ...    0.571745   -0.018806         0.0
23  word_l2_02.mp4           24  0.495390  ...    0.569372   -0.017165         0.0
24  word_l2_02.mp4           25  0.496031  ...    0.566241   -0.023973         0.0
25  word_l2_02.mp4           26  0.496180  ...    0.563255   -0.020547         0.0
26  word_l2_02.mp4           27  0.496220  ...    0.559224   -0.022976         0.0
27  word_l2_02.mp4           28  0.496629  ...    0.576821   -0.011029         0.0
28  word_l2_02.mp4           29  0.496370  ...    0.674285    0.007561         0.0
29  word_l2_02.mp4           30  0.497077  ...    0.693249   -0.004780         0.0
30  word_l2_02.mp4           31  0.497828  ...    0.693499   -0.001868         0.0
31  word_l2_02.mp4           32  0.497815  ...    0.697673   -0.003483         0.0
32  word_l2_02.mp4           33  0.497931  ...    0.700007   -0.002642         0.0
33  word_l2_02.mp4           34  0.498116  ...    0.701595   -0.003233         0.0
34  word_l2_02.mp4           35  0.497624  ...    0.702282   -0.001911         0.0
35  word_l2_02.mp4           36  0.498133  ...    0.701604    0.000856         0.0
36  word_l2_02.mp4           37  0.497357  ...    0.700816   -0.001293         0.0
37  word_l2_02.mp4           38  0.496502  ...    0.700989   -0.003026         0.0
38  word_l2_02.mp4           39  0.496701  ...    0.700265   -0.001484         0.0
39  word_l2_02.mp4           40  0.496854  ...    0.699744   -0.002451         0.0
40  word_l2_02.mp4           41  0.496176  ...    0.699202   -0.001473         0.0
41  word_l2_02.mp4           42  0.495037  ...    0.700530   -0.002093         0.0
42  word_l2_02.mp4           43  0.494607  ...    0.700413   -0.003428         0.0
43  word_l2_02.mp4           44  0.494212  ...    0.700084   -0.003345         0.0
44  word_l2_02.mp4           45  0.494580  ...    0.701041   -0.004576         0.0
45  word_l2_02.mp4           46  0.494166  ...    0.696353    0.000883         0.0
46  word_l2_02.mp4           47  0.493833  ...    0.695081    0.004473         0.0
47  word_l2_02.mp4           48  0.493602  ...    0.701082    0.007634         0.0
48  word_l2_02.mp4           49  0.493492  ...    0.703171    0.010249         0.0
49  word_l2_02.mp4           50  0.493151  ...    0.706044    0.008479         0.0
50  word_l2_02.mp4           51  0.492935  ...    0.713914    0.009788         0.0
51  word_l2_02.mp4           52  0.492967  ...    0.724089    0.011806         0.0
52  word_l2_02.mp4           53  0.493141  ...    0.735409    0.009969         0.0
53  word_l2_02.mp4           54  0.493317  ...    0.751577    0.009291         0.0
54  word_l2_02.mp4           55  0.493365  ...    0.768618    0.011523         0.0

[55 rows x 1958 columns]
Extracting features...
Face width computed for normalizaiton 0.156560559514767
Features saved to: ../output/word_l2_02_features.csv
          fn_video  ... distance_r_hand6_r_hand10
0   word_l2_02.mp4  ...                  0.221771
1   word_l2_02.mp4  ...                  0.230464
2   word_l2_02.mp4  ...                  0.242794
3   word_l2_02.mp4  ...                  0.230654
4   word_l2_02.mp4  ...                  0.225043
5   word_l2_02.mp4  ...                  0.220756
6   word_l2_02.mp4  ...                  0.219142
7   word_l2_02.mp4  ...                  0.219185
8   word_l2_02.mp4  ...                  0.210955
9   word_l2_02.mp4  ...                  0.193149
10  word_l2_02.mp4  ...                  0.185887
11  word_l2_02.mp4  ...                  0.173783
12  word_l2_02.mp4  ...                  0.171739
13  word_l2_02.mp4  ...                  0.158260
14  word_l2_02.mp4  ...                  0.170817
15  word_l2_02.mp4  ...                  0.163338
16  word_l2_02.mp4  ...                  0.161739
17  word_l2_02.mp4  ...                  0.162807
18  word_l2_02.mp4  ...                  0.149262
19  word_l2_02.mp4  ...                  0.149091
20  word_l2_02.mp4  ...                  0.148743
21  word_l2_02.mp4  ...                  0.108214
22  word_l2_02.mp4  ...                  0.133278
23  word_l2_02.mp4  ...                  0.168461
24  word_l2_02.mp4  ...                  0.118478
25  word_l2_02.mp4  ...                  0.149726
26  word_l2_02.mp4  ...                  0.174431
27  word_l2_02.mp4  ...                  0.162599
28  word_l2_02.mp4  ...                  0.270167
29  word_l2_02.mp4  ...                  0.375004
30  word_l2_02.mp4  ...                  0.353841
31  word_l2_02.mp4  ...                  0.357015
32  word_l2_02.mp4  ...                  0.335522
33  word_l2_02.mp4  ...                  0.335525
34  word_l2_02.mp4  ...                  0.347506
35  word_l2_02.mp4  ...                  0.346390
36  word_l2_02.mp4  ...                  0.354326
37  word_l2_02.mp4  ...                  0.347443
38  word_l2_02.mp4  ...                  0.356639
39  word_l2_02.mp4  ...                  0.356654
40  word_l2_02.mp4  ...                  0.357262
41  word_l2_02.mp4  ...                  0.353735
42  word_l2_02.mp4  ...                  0.356133
43  word_l2_02.mp4  ...                  0.359954
44  word_l2_02.mp4  ...                  0.368165
45  word_l2_02.mp4  ...                  0.373227
46  word_l2_02.mp4  ...                  0.338656
47  word_l2_02.mp4  ...                  0.297392
48  word_l2_02.mp4  ...                  0.247421
49  word_l2_02.mp4  ...                  0.243654
50  word_l2_02.mp4  ...                  0.238359
51  word_l2_02.mp4  ...                  0.227517
52  word_l2_02.mp4  ...                  0.209134
53  word_l2_02.mp4  ...                  0.208206
54  word_l2_02.mp4  ...                  0.229964

[55 rows x 30 columns]
csv file with predictions was saved to ../output/predictions_rf_position_female_cropped_word_l2_02.csv
Loaded model: ../trained_models/model_rf_shape_female_cropped.pkl
Loaded video: ../stimuli/words/mp4/word_l2_02.mp4
Extracting coordinates...
          fn_video frame_number   x_face0  ...  y_r_hand20  z_r_hand20  v_r_hand20
0   word_l2_02.mp4            1  0.497077  ...    0.973668    0.006614         0.0
1   word_l2_02.mp4            2  0.497608  ...    0.952876    0.014232         0.0
2   word_l2_02.mp4            3  0.497139  ...    0.935912    0.019505         0.0
3   word_l2_02.mp4            4  0.497060  ...    0.919584    0.026916         0.0
4   word_l2_02.mp4            5  0.496652  ...    0.899233    0.031037         0.0
5   word_l2_02.mp4            6  0.496695  ...    0.886552    0.026651         0.0
6   word_l2_02.mp4            7  0.496065  ...    0.864635    0.030621         0.0
7   word_l2_02.mp4            8  0.495528  ...    0.840556    0.028278         0.0
8   word_l2_02.mp4            9  0.495453  ...    0.819088    0.031787         0.0
9   word_l2_02.mp4           10  0.494983  ...    0.797578    0.024698         0.0
10  word_l2_02.mp4           11  0.494600  ...    0.781355    0.020513         0.0
11  word_l2_02.mp4           12  0.494101  ...    0.768024    0.010079         0.0
12  word_l2_02.mp4           13  0.493576  ...    0.750057    0.012628         0.0
13  word_l2_02.mp4           14  0.493368  ...    0.729581    0.009301         0.0
14  word_l2_02.mp4           15  0.492750  ...    0.720413    0.015196         0.0
15  word_l2_02.mp4           16  0.492570  ...    0.715995    0.012646         0.0
16  word_l2_02.mp4           17  0.492543  ...    0.712505    0.014461         0.0
17  word_l2_02.mp4           18  0.493316  ...    0.707435    0.017686         0.0
18  word_l2_02.mp4           19  0.493769  ...    0.637969    0.004139         0.0
19  word_l2_02.mp4           20  0.493648  ...    0.605708   -0.017292         0.0
20  word_l2_02.mp4           21  0.494367  ...    0.580997   -0.005643         0.0
21  word_l2_02.mp4           22  0.494509  ...    0.574815   -0.004673         0.0
22  word_l2_02.mp4           23  0.494881  ...    0.571745   -0.018806         0.0
23  word_l2_02.mp4           24  0.495390  ...    0.569372   -0.017165         0.0
24  word_l2_02.mp4           25  0.496031  ...    0.566241   -0.023973         0.0
25  word_l2_02.mp4           26  0.496180  ...    0.563255   -0.020547         0.0
26  word_l2_02.mp4           27  0.496220  ...    0.559224   -0.022976         0.0
27  word_l2_02.mp4           28  0.496629  ...    0.576821   -0.011029         0.0
28  word_l2_02.mp4           29  0.496370  ...    0.674285    0.007561         0.0
29  word_l2_02.mp4           30  0.497077  ...    0.693249   -0.004780         0.0
30  word_l2_02.mp4           31  0.497828  ...    0.693499   -0.001868         0.0
31  word_l2_02.mp4           32  0.497815  ...    0.697673   -0.003483         0.0
32  word_l2_02.mp4           33  0.497931  ...    0.700007   -0.002642         0.0
33  word_l2_02.mp4           34  0.498116  ...    0.701595   -0.003233         0.0
34  word_l2_02.mp4           35  0.497624  ...    0.702282   -0.001911         0.0
35  word_l2_02.mp4           36  0.498133  ...    0.701604    0.000856         0.0
36  word_l2_02.mp4           37  0.497357  ...    0.700816   -0.001293         0.0
37  word_l2_02.mp4           38  0.496502  ...    0.700989   -0.003026         0.0
38  word_l2_02.mp4           39  0.496701  ...    0.700265   -0.001484         0.0
39  word_l2_02.mp4           40  0.496854  ...    0.699744   -0.002451         0.0
40  word_l2_02.mp4           41  0.496176  ...    0.699202   -0.001473         0.0
41  word_l2_02.mp4           42  0.495037  ...    0.700530   -0.002093         0.0
42  word_l2_02.mp4           43  0.494607  ...    0.700413   -0.003428         0.0
43  word_l2_02.mp4           44  0.494212  ...    0.700084   -0.003345         0.0
44  word_l2_02.mp4           45  0.494580  ...    0.701041   -0.004576         0.0
45  word_l2_02.mp4           46  0.494166  ...    0.696353    0.000883         0.0
46  word_l2_02.mp4           47  0.493833  ...    0.695081    0.004473         0.0
47  word_l2_02.mp4           48  0.493602  ...    0.701082    0.007634         0.0
48  word_l2_02.mp4           49  0.493492  ...    0.703171    0.010249         0.0
49  word_l2_02.mp4           50  0.493151  ...    0.706044    0.008479         0.0
50  word_l2_02.mp4           51  0.492935  ...    0.713914    0.009788         0.0
51  word_l2_02.mp4           52  0.492967  ...    0.724089    0.011806         0.0
52  word_l2_02.mp4           53  0.493141  ...    0.735409    0.009969         0.0
53  word_l2_02.mp4           54  0.493317  ...    0.751577    0.009291         0.0
54  word_l2_02.mp4           55  0.493365  ...    0.768618    0.011523         0.0

[55 rows x 1958 columns]
Extracting features...
Face width computed for normalizaiton 0.156560559514767
Features saved to: ../output/word_l2_02_features.csv
          fn_video  ... distance_r_hand6_r_hand10
0   word_l2_02.mp4  ...                  0.221771
1   word_l2_02.mp4  ...                  0.230464
2   word_l2_02.mp4  ...                  0.242794
3   word_l2_02.mp4  ...                  0.230654
4   word_l2_02.mp4  ...                  0.225043
5   word_l2_02.mp4  ...                  0.220756
6   word_l2_02.mp4  ...                  0.219142
7   word_l2_02.mp4  ...                  0.219185
8   word_l2_02.mp4  ...                  0.210955
9   word_l2_02.mp4  ...                  0.193149
10  word_l2_02.mp4  ...                  0.185887
11  word_l2_02.mp4  ...                  0.173783
12  word_l2_02.mp4  ...                  0.171739
13  word_l2_02.mp4  ...                  0.158260
14  word_l2_02.mp4  ...                  0.170817
15  word_l2_02.mp4  ...                  0.163338
16  word_l2_02.mp4  ...                  0.161739
17  word_l2_02.mp4  ...                  0.162807
18  word_l2_02.mp4  ...                  0.149262
19  word_l2_02.mp4  ...                  0.149091
20  word_l2_02.mp4  ...                  0.148743
21  word_l2_02.mp4  ...                  0.108214
22  word_l2_02.mp4  ...                  0.133278
23  word_l2_02.mp4  ...                  0.168461
24  word_l2_02.mp4  ...                  0.118478
25  word_l2_02.mp4  ...                  0.149726
26  word_l2_02.mp4  ...                  0.174431
27  word_l2_02.mp4  ...                  0.162599
28  word_l2_02.mp4  ...                  0.270167
29  word_l2_02.mp4  ...                  0.375004
30  word_l2_02.mp4  ...                  0.353841
31  word_l2_02.mp4  ...                  0.357015
32  word_l2_02.mp4  ...                  0.335522
33  word_l2_02.mp4  ...                  0.335525
34  word_l2_02.mp4  ...                  0.347506
35  word_l2_02.mp4  ...                  0.346390
36  word_l2_02.mp4  ...                  0.354326
37  word_l2_02.mp4  ...                  0.347443
38  word_l2_02.mp4  ...                  0.356639
39  word_l2_02.mp4  ...                  0.356654
40  word_l2_02.mp4  ...                  0.357262
41  word_l2_02.mp4  ...                  0.353735
42  word_l2_02.mp4  ...                  0.356133
43  word_l2_02.mp4  ...                  0.359954
44  word_l2_02.mp4  ...                  0.368165
45  word_l2_02.mp4  ...                  0.373227
46  word_l2_02.mp4  ...                  0.338656
47  word_l2_02.mp4  ...                  0.297392
48  word_l2_02.mp4  ...                  0.247421
49  word_l2_02.mp4  ...                  0.243654
50  word_l2_02.mp4  ...                  0.238359
51  word_l2_02.mp4  ...                  0.227517
52  word_l2_02.mp4  ...                  0.209134
53  word_l2_02.mp4  ...                  0.208206
54  word_l2_02.mp4  ...                  0.229964

[55 rows x 30 columns]
csv file with predictions was saved to ../output/predictions_rf_shape_female_cropped_word_l2_02.csv
Visualization for: ../stimuli/words/mp4/word_l2_02.mp4
32
