python is /network/lustre/iss02/home/annahita.sarre/anaconda3/envs/myenv/bin/python
Loaded model: ../trained_models/model_rf_position_female_cropped.pkl
Loaded video: ../stimuli/words/mp4/word_l2_20.mp4
Extracting coordinates...
          fn_video frame_number   x_face0  ...  y_r_hand20  z_r_hand20  v_r_hand20
0   word_l2_20.mp4            1  0.493777  ...    0.911120    0.014401         0.0
1   word_l2_20.mp4            2  0.494264  ...    0.850690    0.015631         0.0
2   word_l2_20.mp4            3  0.494347  ...    0.830714    0.020092         0.0
3   word_l2_20.mp4            4  0.494678  ...    0.802999    0.017762         0.0
4   word_l2_20.mp4            5  0.494739  ...    0.772488    0.011131         0.0
5   word_l2_20.mp4            6  0.495115  ...    0.750599    0.011889         0.0
6   word_l2_20.mp4            7  0.495067  ...    0.721977    0.013536         0.0
7   word_l2_20.mp4            8  0.494785  ...    0.694381    0.007138         0.0
8   word_l2_20.mp4            9  0.494795  ...    0.666051    0.000259         0.0
9   word_l2_20.mp4           10  0.494339  ...    0.641674   -0.002203         0.0
10  word_l2_20.mp4           11  0.494468  ...    0.620634   -0.003275         0.0
11  word_l2_20.mp4           12  0.494477  ...    0.603740   -0.004658         0.0
12  word_l2_20.mp4           13  0.494627  ...    0.587312    0.002096         0.0
13  word_l2_20.mp4           14  0.494100  ...    0.578897    0.023208         0.0
14  word_l2_20.mp4           15  0.493958  ...    0.561958    0.000784         0.0
15  word_l2_20.mp4           16  0.493606  ...    0.552217   -0.015899         0.0
16  word_l2_20.mp4           17  0.493514  ...    0.550724   -0.028335         0.0
17  word_l2_20.mp4           18  0.493128  ...    0.546414   -0.029722         0.0
18  word_l2_20.mp4           19  0.493178  ...    0.591805   -0.000040         0.0
19  word_l2_20.mp4           20  0.493242  ...    0.664022   -0.003184         0.0
20  word_l2_20.mp4           21  0.493069  ...    0.676170   -0.006034         0.0
21  word_l2_20.mp4           22  0.492920  ...    0.687399   -0.005085         0.0
22  word_l2_20.mp4           23  0.492491  ...    0.691648   -0.002767         0.0
23  word_l2_20.mp4           24  0.491469  ...    0.705729    0.000532         0.0
24  word_l2_20.mp4           25  0.490871  ...    0.714883    0.006730         0.0
25  word_l2_20.mp4           26  0.491160  ...    0.722692    0.001046         0.0
26  word_l2_20.mp4           27  0.491443  ...    0.729236    0.007958         0.0
27  word_l2_20.mp4           28  0.491234  ...    0.731127    0.016334         0.0
28  word_l2_20.mp4           29  0.491476  ...    0.727549    0.016862         0.0
29  word_l2_20.mp4           30  0.492822  ...    0.703079    0.021909         0.0
30  word_l2_20.mp4           31  0.493774  ...    0.630946    0.004492         0.0
31  word_l2_20.mp4           32  0.494056  ...    0.610152    0.006338         0.0
32  word_l2_20.mp4           33  0.494725  ...    0.599617    0.015874         0.0
33  word_l2_20.mp4           34  0.494836  ...    0.597136    0.000401         0.0
34  word_l2_20.mp4           35  0.494905  ...    0.594781   -0.002932         0.0
35  word_l2_20.mp4           36  0.495531  ...    0.595526    0.003723         0.0
36  word_l2_20.mp4           37  0.495846  ...    0.594894   -0.002835         0.0
37  word_l2_20.mp4           38  0.495757  ...    0.592571   -0.002226         0.0
38  word_l2_20.mp4           39  0.495839  ...    0.592809    0.004458         0.0
39  word_l2_20.mp4           40  0.495821  ...    0.591420    0.009404         0.0
40  word_l2_20.mp4           41  0.496203  ...    0.590397    0.010460         0.0
41  word_l2_20.mp4           42  0.495526  ...    0.590577    0.006178         0.0
42  word_l2_20.mp4           43  0.495390  ...    0.589627    0.008188         0.0
43  word_l2_20.mp4           44  0.495279  ...    0.592642    0.003904         0.0
44  word_l2_20.mp4           45  0.495027  ...    0.591356    0.004290         0.0
45  word_l2_20.mp4           46  0.494897  ...    0.592627    0.010068         0.0
46  word_l2_20.mp4           47  0.494597  ...    0.592568    0.009986         0.0
47  word_l2_20.mp4           48  0.494341  ...    0.593831   -0.000826         0.0
48  word_l2_20.mp4           49  0.493973  ...    0.595542    0.004427         0.0
49  word_l2_20.mp4           50  0.493848  ...    0.596574   -0.002744         0.0
50  word_l2_20.mp4           51  0.493580  ...    0.609737    0.009532         0.0
51  word_l2_20.mp4           52  0.493525  ...    0.636486    0.024973         0.0
52  word_l2_20.mp4           53  0.493370  ...    0.695145    0.011651         0.0
53  word_l2_20.mp4           54  0.493869  ...    0.698310    0.009342         0.0
54  word_l2_20.mp4           55  0.493502  ...    0.708847    0.012822         0.0
55  word_l2_20.mp4           56  0.493638  ...    0.717626    0.014373         0.0
56  word_l2_20.mp4           57  0.493882  ...    0.724659    0.016359         0.0

[57 rows x 1958 columns]
Extracting features...
Face width computed for normalizaiton 0.1566452365979196
Features saved to: ../output/word_l2_20_features.csv
          fn_video  ... distance_r_hand6_r_hand10
0   word_l2_20.mp4  ...                  0.238638
1   word_l2_20.mp4  ...                  0.206869
2   word_l2_20.mp4  ...                  0.192728
3   word_l2_20.mp4  ...                  0.187928
4   word_l2_20.mp4  ...                  0.188763
5   word_l2_20.mp4  ...                  0.175229
6   word_l2_20.mp4  ...                  0.158390
7   word_l2_20.mp4  ...                  0.149402
8   word_l2_20.mp4  ...                  0.148071
9   word_l2_20.mp4  ...                  0.138713
10  word_l2_20.mp4  ...                  0.126643
11  word_l2_20.mp4  ...                  0.120554
12  word_l2_20.mp4  ...                  0.112189
13  word_l2_20.mp4  ...                  0.110504
14  word_l2_20.mp4  ...                  0.105569
15  word_l2_20.mp4  ...                  0.110992
16  word_l2_20.mp4  ...                  0.127037
17  word_l2_20.mp4  ...                  0.177113
18  word_l2_20.mp4  ...                  0.271329
19  word_l2_20.mp4  ...                  0.282478
20  word_l2_20.mp4  ...                  0.338800
21  word_l2_20.mp4  ...                  0.325878
22  word_l2_20.mp4  ...                  0.305465
23  word_l2_20.mp4  ...                  0.381932
24  word_l2_20.mp4  ...                  0.400581
25  word_l2_20.mp4  ...                  0.408224
26  word_l2_20.mp4  ...                  0.431156
27  word_l2_20.mp4  ...                  0.373915
28  word_l2_20.mp4  ...                  0.276282
29  word_l2_20.mp4  ...                  0.187915
30  word_l2_20.mp4  ...                  0.180071
31  word_l2_20.mp4  ...                  0.167329
32  word_l2_20.mp4  ...                  0.167236
33  word_l2_20.mp4  ...                  0.167877
34  word_l2_20.mp4  ...                  0.156545
35  word_l2_20.mp4  ...                  0.166741
36  word_l2_20.mp4  ...                  0.161619
37  word_l2_20.mp4  ...                  0.161775
38  word_l2_20.mp4  ...                  0.183060
39  word_l2_20.mp4  ...                  0.180423
40  word_l2_20.mp4  ...                  0.200112
41  word_l2_20.mp4  ...                  0.172845
42  word_l2_20.mp4  ...                  0.191363
43  word_l2_20.mp4  ...                  0.188200
44  word_l2_20.mp4  ...                  0.193633
45  word_l2_20.mp4  ...                  0.205668
46  word_l2_20.mp4  ...                  0.205916
47  word_l2_20.mp4  ...                  0.188553
48  word_l2_20.mp4  ...                  0.217555
49  word_l2_20.mp4  ...                  0.194482
50  word_l2_20.mp4  ...                  0.197049
51  word_l2_20.mp4  ...                  0.186348
52  word_l2_20.mp4  ...                  0.186032
53  word_l2_20.mp4  ...                  0.183266
54  word_l2_20.mp4  ...                  0.187836
55  word_l2_20.mp4  ...                  0.183277
56  word_l2_20.mp4  ...                  0.186487

[57 rows x 30 columns]
csv file with predictions was saved to ../output/predictions_rf_position_female_cropped_word_l2_20.csv
Loaded model: ../trained_models/model_rf_shape_female_cropped.pkl
Loaded video: ../stimuli/words/mp4/word_l2_20.mp4
Extracting coordinates...
          fn_video frame_number   x_face0  ...  y_r_hand20  z_r_hand20  v_r_hand20
0   word_l2_20.mp4            1  0.493777  ...    0.911120    0.014401         0.0
1   word_l2_20.mp4            2  0.494264  ...    0.850690    0.015631         0.0
2   word_l2_20.mp4            3  0.494347  ...    0.830714    0.020092         0.0
3   word_l2_20.mp4            4  0.494678  ...    0.802999    0.017762         0.0
4   word_l2_20.mp4            5  0.494739  ...    0.772488    0.011131         0.0
5   word_l2_20.mp4            6  0.495115  ...    0.750599    0.011889         0.0
6   word_l2_20.mp4            7  0.495067  ...    0.721977    0.013536         0.0
7   word_l2_20.mp4            8  0.494785  ...    0.694381    0.007138         0.0
8   word_l2_20.mp4            9  0.494795  ...    0.666051    0.000259         0.0
9   word_l2_20.mp4           10  0.494339  ...    0.641674   -0.002203         0.0
10  word_l2_20.mp4           11  0.494468  ...    0.620634   -0.003275         0.0
11  word_l2_20.mp4           12  0.494477  ...    0.603740   -0.004658         0.0
12  word_l2_20.mp4           13  0.494627  ...    0.587312    0.002096         0.0
13  word_l2_20.mp4           14  0.494100  ...    0.578897    0.023208         0.0
14  word_l2_20.mp4           15  0.493958  ...    0.561958    0.000784         0.0
15  word_l2_20.mp4           16  0.493606  ...    0.552217   -0.015899         0.0
16  word_l2_20.mp4           17  0.493514  ...    0.550724   -0.028335         0.0
17  word_l2_20.mp4           18  0.493128  ...    0.546414   -0.029722         0.0
18  word_l2_20.mp4           19  0.493178  ...    0.591805   -0.000040         0.0
19  word_l2_20.mp4           20  0.493242  ...    0.664022   -0.003184         0.0
20  word_l2_20.mp4           21  0.493069  ...    0.676170   -0.006034         0.0
21  word_l2_20.mp4           22  0.492920  ...    0.687399   -0.005085         0.0
22  word_l2_20.mp4           23  0.492491  ...    0.691648   -0.002767         0.0
23  word_l2_20.mp4           24  0.491469  ...    0.705729    0.000532         0.0
24  word_l2_20.mp4           25  0.490871  ...    0.714883    0.006730         0.0
25  word_l2_20.mp4           26  0.491160  ...    0.722692    0.001046         0.0
26  word_l2_20.mp4           27  0.491443  ...    0.729236    0.007958         0.0
27  word_l2_20.mp4           28  0.491234  ...    0.731127    0.016334         0.0
28  word_l2_20.mp4           29  0.491476  ...    0.727549    0.016862         0.0
29  word_l2_20.mp4           30  0.492822  ...    0.703079    0.021909         0.0
30  word_l2_20.mp4           31  0.493774  ...    0.630946    0.004492         0.0
31  word_l2_20.mp4           32  0.494056  ...    0.610152    0.006338         0.0
32  word_l2_20.mp4           33  0.494725  ...    0.599617    0.015874         0.0
33  word_l2_20.mp4           34  0.494836  ...    0.597136    0.000401         0.0
34  word_l2_20.mp4           35  0.494905  ...    0.594781   -0.002932         0.0
35  word_l2_20.mp4           36  0.495531  ...    0.595526    0.003723         0.0
36  word_l2_20.mp4           37  0.495846  ...    0.594894   -0.002835         0.0
37  word_l2_20.mp4           38  0.495757  ...    0.592571   -0.002226         0.0
38  word_l2_20.mp4           39  0.495839  ...    0.592809    0.004458         0.0
39  word_l2_20.mp4           40  0.495821  ...    0.591420    0.009404         0.0
40  word_l2_20.mp4           41  0.496203  ...    0.590397    0.010460         0.0
41  word_l2_20.mp4           42  0.495526  ...    0.590577    0.006178         0.0
42  word_l2_20.mp4           43  0.495390  ...    0.589627    0.008188         0.0
43  word_l2_20.mp4           44  0.495279  ...    0.592642    0.003904         0.0
44  word_l2_20.mp4           45  0.495027  ...    0.591356    0.004290         0.0
45  word_l2_20.mp4           46  0.494897  ...    0.592627    0.010068         0.0
46  word_l2_20.mp4           47  0.494597  ...    0.592568    0.009986         0.0
47  word_l2_20.mp4           48  0.494341  ...    0.593831   -0.000826         0.0
48  word_l2_20.mp4           49  0.493973  ...    0.595542    0.004427         0.0
49  word_l2_20.mp4           50  0.493848  ...    0.596574   -0.002744         0.0
50  word_l2_20.mp4           51  0.493580  ...    0.609737    0.009532         0.0
51  word_l2_20.mp4           52  0.493525  ...    0.636486    0.024973         0.0
52  word_l2_20.mp4           53  0.493370  ...    0.695145    0.011651         0.0
53  word_l2_20.mp4           54  0.493869  ...    0.698310    0.009342         0.0
54  word_l2_20.mp4           55  0.493502  ...    0.708847    0.012822         0.0
55  word_l2_20.mp4           56  0.493638  ...    0.717626    0.014373         0.0
56  word_l2_20.mp4           57  0.493882  ...    0.724659    0.016359         0.0

[57 rows x 1958 columns]
Extracting features...
Face width computed for normalizaiton 0.1566452365979196
Features saved to: ../output/word_l2_20_features.csv
          fn_video  ... distance_r_hand6_r_hand10
0   word_l2_20.mp4  ...                  0.238638
1   word_l2_20.mp4  ...                  0.206869
2   word_l2_20.mp4  ...                  0.192728
3   word_l2_20.mp4  ...                  0.187928
4   word_l2_20.mp4  ...                  0.188763
5   word_l2_20.mp4  ...                  0.175229
6   word_l2_20.mp4  ...                  0.158390
7   word_l2_20.mp4  ...                  0.149402
8   word_l2_20.mp4  ...                  0.148071
9   word_l2_20.mp4  ...                  0.138713
10  word_l2_20.mp4  ...                  0.126643
11  word_l2_20.mp4  ...                  0.120554
12  word_l2_20.mp4  ...                  0.112189
13  word_l2_20.mp4  ...                  0.110504
14  word_l2_20.mp4  ...                  0.105569
15  word_l2_20.mp4  ...                  0.110992
16  word_l2_20.mp4  ...                  0.127037
17  word_l2_20.mp4  ...                  0.177113
18  word_l2_20.mp4  ...                  0.271329
19  word_l2_20.mp4  ...                  0.282478
20  word_l2_20.mp4  ...                  0.338800
21  word_l2_20.mp4  ...                  0.325878
22  word_l2_20.mp4  ...                  0.305465
23  word_l2_20.mp4  ...                  0.381932
24  word_l2_20.mp4  ...                  0.400581
25  word_l2_20.mp4  ...                  0.408224
26  word_l2_20.mp4  ...                  0.431156
27  word_l2_20.mp4  ...                  0.373915
28  word_l2_20.mp4  ...                  0.276282
29  word_l2_20.mp4  ...                  0.187915
30  word_l2_20.mp4  ...                  0.180071
31  word_l2_20.mp4  ...                  0.167329
32  word_l2_20.mp4  ...                  0.167236
33  word_l2_20.mp4  ...                  0.167877
34  word_l2_20.mp4  ...                  0.156545
35  word_l2_20.mp4  ...                  0.166741
36  word_l2_20.mp4  ...                  0.161619
37  word_l2_20.mp4  ...                  0.161775
38  word_l2_20.mp4  ...                  0.183060
39  word_l2_20.mp4  ...                  0.180423
40  word_l2_20.mp4  ...                  0.200112
41  word_l2_20.mp4  ...                  0.172845
42  word_l2_20.mp4  ...                  0.191363
43  word_l2_20.mp4  ...                  0.188200
44  word_l2_20.mp4  ...                  0.193633
45  word_l2_20.mp4  ...                  0.205668
46  word_l2_20.mp4  ...                  0.205916
47  word_l2_20.mp4  ...                  0.188553
48  word_l2_20.mp4  ...                  0.217555
49  word_l2_20.mp4  ...                  0.194482
50  word_l2_20.mp4  ...                  0.197049
51  word_l2_20.mp4  ...                  0.186348
52  word_l2_20.mp4  ...                  0.186032
53  word_l2_20.mp4  ...                  0.183266
54  word_l2_20.mp4  ...                  0.187836
55  word_l2_20.mp4  ...                  0.183277
56  word_l2_20.mp4  ...                  0.186487

[57 rows x 30 columns]
csv file with predictions was saved to ../output/predictions_rf_shape_female_cropped_word_l2_20.csv
Visualization for: ../stimuli/words/mp4/word_l2_20.mp4
32
