python is /network/lustre/iss02/home/annahita.sarre/anaconda3/envs/myenv/bin/python
Loaded model: ../trained_models/model_rf_position_female_cropped.pkl
Loaded video: ../stimuli/words/mp4/word_l2_05.mp4
Extracting coordinates...
          fn_video frame_number   x_face0  ...  y_r_hand20  z_r_hand20  v_r_hand20
0   word_l2_05.mp4            2  0.496286  ...    0.935318    0.038433         0.0
1   word_l2_05.mp4            3  0.495152  ...    0.902759    0.038548         0.0
2   word_l2_05.mp4            4  0.495978  ...    0.869370    0.032356         0.0
3   word_l2_05.mp4            5  0.495400  ...    0.844715    0.031061         0.0
4   word_l2_05.mp4            6  0.495554  ...    0.810038    0.024321         0.0
5   word_l2_05.mp4            7  0.495654  ...    0.773675    0.015579         0.0
6   word_l2_05.mp4            8  0.495817  ...    0.754229    0.006067         0.0
7   word_l2_05.mp4            9  0.496698  ...    0.722145   -0.001081         0.0
8   word_l2_05.mp4           10  0.496578  ...    0.697115   -0.003094         0.0
9   word_l2_05.mp4           11  0.497560  ...    0.675922   -0.002244         0.0
10  word_l2_05.mp4           12  0.497988  ...    0.656229   -0.004123         0.0
11  word_l2_05.mp4           13  0.497690  ...    0.642324    0.000997         0.0
12  word_l2_05.mp4           14  0.498057  ...    0.633482    0.004398         0.0
13  word_l2_05.mp4           15  0.497787  ...    0.626733    0.000770         0.0
14  word_l2_05.mp4           16  0.498017  ...    0.623764    0.006015         0.0
15  word_l2_05.mp4           17  0.497550  ...    0.621455    0.011364         0.0
16  word_l2_05.mp4           18  0.497774  ...    0.621540    0.020278         0.0
17  word_l2_05.mp4           19  0.498105  ...    0.623044    0.008578         0.0
18  word_l2_05.mp4           20  0.498015  ...    0.627236    0.004372         0.0
19  word_l2_05.mp4           21  0.498272  ...    0.623868   -0.006559         0.0
20  word_l2_05.mp4           22  0.497999  ...    0.614682   -0.005454         0.0
21  word_l2_05.mp4           23  0.497544  ...    0.595535   -0.009745         0.0
22  word_l2_05.mp4           24  0.498486  ...    0.586933   -0.009684         0.0
23  word_l2_05.mp4           25  0.497970  ...    0.576482   -0.025844         0.0
24  word_l2_05.mp4           26  0.497615  ...    0.564674   -0.029658         0.0
25  word_l2_05.mp4           27  0.496880  ...    0.567991   -0.036858         0.0
26  word_l2_05.mp4           28  0.496830  ...    0.657913   -0.004086         0.0
27  word_l2_05.mp4           29  0.497246  ...    0.690410   -0.008842         0.0
28  word_l2_05.mp4           30  0.496908  ...    0.690124   -0.011420         0.0
29  word_l2_05.mp4           31  0.496885  ...    0.699747   -0.009310         0.0
30  word_l2_05.mp4           32  0.496445  ...    0.706194   -0.011012         0.0
31  word_l2_05.mp4           33  0.495825  ...    0.710129   -0.010965         0.0
32  word_l2_05.mp4           34  0.495674  ...    0.709895   -0.007350         0.0
33  word_l2_05.mp4           35  0.494508  ...    0.707280   -0.008731         0.0
34  word_l2_05.mp4           36  0.494582  ...    0.706798   -0.008225         0.0
35  word_l2_05.mp4           37  0.494269  ...    0.703975   -0.008991         0.0
36  word_l2_05.mp4           38  0.494063  ...    0.701991   -0.011452         0.0
37  word_l2_05.mp4           39  0.493786  ...    0.703025   -0.009059         0.0
38  word_l2_05.mp4           40  0.493302  ...    0.699412   -0.007763         0.0
39  word_l2_05.mp4           41  0.493228  ...    0.699071   -0.009938         0.0
40  word_l2_05.mp4           42  0.493503  ...    0.693674   -0.007862         0.0
41  word_l2_05.mp4           43  0.493061  ...    0.691875   -0.006778         0.0
42  word_l2_05.mp4           44  0.493515  ...    0.694498   -0.005902         0.0
43  word_l2_05.mp4           45  0.493499  ...    0.702900   -0.006287         0.0
44  word_l2_05.mp4           46  0.493645  ...    0.712661   -0.004354         0.0
45  word_l2_05.mp4           47  0.494502  ...    0.725887   -0.000109         0.0
46  word_l2_05.mp4           48  0.495088  ...    0.745059    0.003016         0.0
47  word_l2_05.mp4           49  0.494010  ...    0.764196    0.003557         0.0
48  word_l2_05.mp4           50  0.494644  ...    0.788113    0.010364         0.0
49  word_l2_05.mp4           51  0.495323  ...    0.812677    0.014803         0.0

[50 rows x 1958 columns]
Extracting features...
Face width computed for normalizaiton 0.1559037943589154
Features saved to: ../output/word_l2_05_features.csv
          fn_video  ... distance_r_hand6_r_hand10
0   word_l2_05.mp4  ...                  0.241525
1   word_l2_05.mp4  ...                  0.224640
2   word_l2_05.mp4  ...                  0.198223
3   word_l2_05.mp4  ...                  0.205463
4   word_l2_05.mp4  ...                  0.196487
5   word_l2_05.mp4  ...                  0.191508
6   word_l2_05.mp4  ...                  0.192192
7   word_l2_05.mp4  ...                  0.180175
8   word_l2_05.mp4  ...                  0.178214
9   word_l2_05.mp4  ...                  0.179367
10  word_l2_05.mp4  ...                  0.167559
11  word_l2_05.mp4  ...                  0.171726
12  word_l2_05.mp4  ...                  0.165029
13  word_l2_05.mp4  ...                  0.159368
14  word_l2_05.mp4  ...                  0.155356
15  word_l2_05.mp4  ...                  0.151388
16  word_l2_05.mp4  ...                  0.151212
17  word_l2_05.mp4  ...                  0.157264
18  word_l2_05.mp4  ...                  0.160420
19  word_l2_05.mp4  ...                  0.157822
20  word_l2_05.mp4  ...                  0.139701
21  word_l2_05.mp4  ...                  0.130258
22  word_l2_05.mp4  ...                  0.122892
23  word_l2_05.mp4  ...                  0.125197
24  word_l2_05.mp4  ...                  0.117060
25  word_l2_05.mp4  ...                  0.160422
26  word_l2_05.mp4  ...                  0.297642
27  word_l2_05.mp4  ...                  0.367738
28  word_l2_05.mp4  ...                  0.349918
29  word_l2_05.mp4  ...                  0.335765
30  word_l2_05.mp4  ...                  0.339063
31  word_l2_05.mp4  ...                  0.330192
32  word_l2_05.mp4  ...                  0.313963
33  word_l2_05.mp4  ...                  0.318867
34  word_l2_05.mp4  ...                  0.321392
35  word_l2_05.mp4  ...                  0.328132
36  word_l2_05.mp4  ...                  0.336001
37  word_l2_05.mp4  ...                  0.343203
38  word_l2_05.mp4  ...                  0.349362
39  word_l2_05.mp4  ...                  0.345382
40  word_l2_05.mp4  ...                  0.319161
41  word_l2_05.mp4  ...                  0.264128
42  word_l2_05.mp4  ...                  0.245914
43  word_l2_05.mp4  ...                  0.215021
44  word_l2_05.mp4  ...                  0.200895
45  word_l2_05.mp4  ...                  0.199657
46  word_l2_05.mp4  ...                  0.209481
47  word_l2_05.mp4  ...                  0.215131
48  word_l2_05.mp4  ...                  0.226016
49  word_l2_05.mp4  ...                  0.237095

[50 rows x 30 columns]
csv file with predictions was saved to ../output/predictions_rf_position_female_cropped_word_l2_05.csv
Loaded model: ../trained_models/model_rf_shape_female_cropped.pkl
Loaded video: ../stimuli/words/mp4/word_l2_05.mp4
Extracting coordinates...
          fn_video frame_number   x_face0  ...  y_r_hand20  z_r_hand20  v_r_hand20
0   word_l2_05.mp4            2  0.496286  ...    0.935318    0.038433         0.0
1   word_l2_05.mp4            3  0.495152  ...    0.902759    0.038548         0.0
2   word_l2_05.mp4            4  0.495978  ...    0.869370    0.032356         0.0
3   word_l2_05.mp4            5  0.495400  ...    0.844715    0.031061         0.0
4   word_l2_05.mp4            6  0.495554  ...    0.810038    0.024321         0.0
5   word_l2_05.mp4            7  0.495654  ...    0.773675    0.015579         0.0
6   word_l2_05.mp4            8  0.495817  ...    0.754229    0.006067         0.0
7   word_l2_05.mp4            9  0.496698  ...    0.722145   -0.001081         0.0
8   word_l2_05.mp4           10  0.496578  ...    0.697115   -0.003094         0.0
9   word_l2_05.mp4           11  0.497560  ...    0.675922   -0.002244         0.0
10  word_l2_05.mp4           12  0.497988  ...    0.656229   -0.004123         0.0
11  word_l2_05.mp4           13  0.497690  ...    0.642324    0.000997         0.0
12  word_l2_05.mp4           14  0.498057  ...    0.633482    0.004398         0.0
13  word_l2_05.mp4           15  0.497787  ...    0.626733    0.000770         0.0
14  word_l2_05.mp4           16  0.498017  ...    0.623764    0.006015         0.0
15  word_l2_05.mp4           17  0.497550  ...    0.621455    0.011364         0.0
16  word_l2_05.mp4           18  0.497774  ...    0.621540    0.020278         0.0
17  word_l2_05.mp4           19  0.498105  ...    0.623044    0.008578         0.0
18  word_l2_05.mp4           20  0.498015  ...    0.627236    0.004372         0.0
19  word_l2_05.mp4           21  0.498272  ...    0.623868   -0.006559         0.0
20  word_l2_05.mp4           22  0.497999  ...    0.614682   -0.005454         0.0
21  word_l2_05.mp4           23  0.497544  ...    0.595535   -0.009745         0.0
22  word_l2_05.mp4           24  0.498486  ...    0.586933   -0.009684         0.0
23  word_l2_05.mp4           25  0.497970  ...    0.576482   -0.025844         0.0
24  word_l2_05.mp4           26  0.497615  ...    0.564674   -0.029658         0.0
25  word_l2_05.mp4           27  0.496880  ...    0.567991   -0.036858         0.0
26  word_l2_05.mp4           28  0.496830  ...    0.657913   -0.004086         0.0
27  word_l2_05.mp4           29  0.497246  ...    0.690410   -0.008842         0.0
28  word_l2_05.mp4           30  0.496908  ...    0.690124   -0.011420         0.0
29  word_l2_05.mp4           31  0.496885  ...    0.699747   -0.009310         0.0
30  word_l2_05.mp4           32  0.496445  ...    0.706194   -0.011012         0.0
31  word_l2_05.mp4           33  0.495825  ...    0.710129   -0.010965         0.0
32  word_l2_05.mp4           34  0.495674  ...    0.709895   -0.007350         0.0
33  word_l2_05.mp4           35  0.494508  ...    0.707280   -0.008731         0.0
34  word_l2_05.mp4           36  0.494582  ...    0.706798   -0.008225         0.0
35  word_l2_05.mp4           37  0.494269  ...    0.703975   -0.008991         0.0
36  word_l2_05.mp4           38  0.494063  ...    0.701991   -0.011452         0.0
37  word_l2_05.mp4           39  0.493786  ...    0.703025   -0.009059         0.0
38  word_l2_05.mp4           40  0.493302  ...    0.699412   -0.007763         0.0
39  word_l2_05.mp4           41  0.493228  ...    0.699071   -0.009938         0.0
40  word_l2_05.mp4           42  0.493503  ...    0.693674   -0.007862         0.0
41  word_l2_05.mp4           43  0.493061  ...    0.691875   -0.006778         0.0
42  word_l2_05.mp4           44  0.493515  ...    0.694498   -0.005902         0.0
43  word_l2_05.mp4           45  0.493499  ...    0.702900   -0.006287         0.0
44  word_l2_05.mp4           46  0.493645  ...    0.712661   -0.004354         0.0
45  word_l2_05.mp4           47  0.494502  ...    0.725887   -0.000109         0.0
46  word_l2_05.mp4           48  0.495088  ...    0.745059    0.003016         0.0
47  word_l2_05.mp4           49  0.494010  ...    0.764196    0.003557         0.0
48  word_l2_05.mp4           50  0.494644  ...    0.788113    0.010364         0.0
49  word_l2_05.mp4           51  0.495323  ...    0.812677    0.014803         0.0

[50 rows x 1958 columns]
Extracting features...
Face width computed for normalizaiton 0.1559037943589154
Features saved to: ../output/word_l2_05_features.csv
          fn_video  ... distance_r_hand6_r_hand10
0   word_l2_05.mp4  ...                  0.241525
1   word_l2_05.mp4  ...                  0.224640
2   word_l2_05.mp4  ...                  0.198223
3   word_l2_05.mp4  ...                  0.205463
4   word_l2_05.mp4  ...                  0.196487
5   word_l2_05.mp4  ...                  0.191508
6   word_l2_05.mp4  ...                  0.192192
7   word_l2_05.mp4  ...                  0.180175
8   word_l2_05.mp4  ...                  0.178214
9   word_l2_05.mp4  ...                  0.179367
10  word_l2_05.mp4  ...                  0.167559
11  word_l2_05.mp4  ...                  0.171726
12  word_l2_05.mp4  ...                  0.165029
13  word_l2_05.mp4  ...                  0.159368
14  word_l2_05.mp4  ...                  0.155356
15  word_l2_05.mp4  ...                  0.151388
16  word_l2_05.mp4  ...                  0.151212
17  word_l2_05.mp4  ...                  0.157264
18  word_l2_05.mp4  ...                  0.160420
19  word_l2_05.mp4  ...                  0.157822
20  word_l2_05.mp4  ...                  0.139701
21  word_l2_05.mp4  ...                  0.130258
22  word_l2_05.mp4  ...                  0.122892
23  word_l2_05.mp4  ...                  0.125197
24  word_l2_05.mp4  ...                  0.117060
25  word_l2_05.mp4  ...                  0.160422
26  word_l2_05.mp4  ...                  0.297642
27  word_l2_05.mp4  ...                  0.367738
28  word_l2_05.mp4  ...                  0.349918
29  word_l2_05.mp4  ...                  0.335765
30  word_l2_05.mp4  ...                  0.339063
31  word_l2_05.mp4  ...                  0.330192
32  word_l2_05.mp4  ...                  0.313963
33  word_l2_05.mp4  ...                  0.318867
34  word_l2_05.mp4  ...                  0.321392
35  word_l2_05.mp4  ...                  0.328132
36  word_l2_05.mp4  ...                  0.336001
37  word_l2_05.mp4  ...                  0.343203
38  word_l2_05.mp4  ...                  0.349362
39  word_l2_05.mp4  ...                  0.345382
40  word_l2_05.mp4  ...                  0.319161
41  word_l2_05.mp4  ...                  0.264128
42  word_l2_05.mp4  ...                  0.245914
43  word_l2_05.mp4  ...                  0.215021
44  word_l2_05.mp4  ...                  0.200895
45  word_l2_05.mp4  ...                  0.199657
46  word_l2_05.mp4  ...                  0.209481
47  word_l2_05.mp4  ...                  0.215131
48  word_l2_05.mp4  ...                  0.226016
49  word_l2_05.mp4  ...                  0.237095

[50 rows x 30 columns]
csv file with predictions was saved to ../output/predictions_rf_shape_female_cropped_word_l2_05.csv
