python is /network/lustre/iss02/home/annahita.sarre/anaconda3/envs/myenv/bin/python
Loaded model: ../trained_models/model_rf_position_female_cropped.pkl
Loaded video: ../stimuli/words/mp4/word_l2_28.mp4
Extracting coordinates...
          fn_video frame_number   x_face0  ...  y_r_hand20  z_r_hand20  v_r_hand20
0   word_l2_28.mp4            3  0.491490  ...    1.003079    0.037821         0.0
1   word_l2_28.mp4            4  0.491263  ...    0.965004    0.044953         0.0
2   word_l2_28.mp4            5  0.491285  ...    0.941473    0.055577         0.0
3   word_l2_28.mp4            6  0.491241  ...    0.906817    0.051082         0.0
4   word_l2_28.mp4            7  0.491293  ...    0.889907    0.061067         0.0
5   word_l2_28.mp4            8  0.491076  ...    0.867850    0.067933         0.0
6   word_l2_28.mp4            9  0.490713  ...    0.848369    0.042763         0.0
7   word_l2_28.mp4           10  0.490699  ...    0.832340    0.026788         0.0
8   word_l2_28.mp4           11  0.490510  ...    0.810739    0.011312         0.0
9   word_l2_28.mp4           12  0.490038  ...    0.793214    0.012148         0.0
10  word_l2_28.mp4           13  0.489704  ...    0.779516    0.013201         0.0
11  word_l2_28.mp4           14  0.489573  ...    0.771039    0.009770         0.0
12  word_l2_28.mp4           15  0.489342  ...    0.767189    0.004894         0.0
13  word_l2_28.mp4           16  0.489275  ...    0.760114    0.002850         0.0
14  word_l2_28.mp4           17  0.489256  ...    0.751248    0.005752         0.0
15  word_l2_28.mp4           18  0.488591  ...    0.747211    0.013785         0.0
16  word_l2_28.mp4           19  0.488386  ...    0.741215    0.009498         0.0
17  word_l2_28.mp4           20  0.487852  ...    0.740339    0.013813         0.0
18  word_l2_28.mp4           21  0.488155  ...    0.741161    0.007958         0.0
19  word_l2_28.mp4           22  0.488737  ...    0.743741    0.007396         0.0
20  word_l2_28.mp4           23  0.488981  ...    0.749190    0.002345         0.0
21  word_l2_28.mp4           24  0.489865  ...    0.751004    0.003244         0.0
22  word_l2_28.mp4           25  0.489878  ...    0.754247    0.000965         0.0
23  word_l2_28.mp4           26  0.490084  ...    0.751226   -0.001603         0.0
24  word_l2_28.mp4           27  0.490621  ...    0.745162   -0.009099         0.0
25  word_l2_28.mp4           28  0.492026  ...    0.736556   -0.012710         0.0
26  word_l2_28.mp4           29  0.491943  ...    0.732304   -0.014471         0.0
27  word_l2_28.mp4           30  0.491965  ...    0.731593   -0.016021         0.0
28  word_l2_28.mp4           31  0.491980  ...    0.725190   -0.010168         0.0
29  word_l2_28.mp4           32  0.492005  ...    0.721184   -0.002064         0.0
30  word_l2_28.mp4           33  0.491459  ...    0.718929    0.001732         0.0
31  word_l2_28.mp4           34  0.491384  ...    0.718061    0.004427         0.0
32  word_l2_28.mp4           35  0.491074  ...    0.716760    0.004845         0.0
33  word_l2_28.mp4           36  0.490960  ...    0.711064   -0.001547         0.0
34  word_l2_28.mp4           37  0.491143  ...    0.698706   -0.007317         0.0
35  word_l2_28.mp4           38  0.491451  ...    0.691633   -0.003753         0.0
36  word_l2_28.mp4           39  0.491555  ...    0.689282   -0.006688         0.0
37  word_l2_28.mp4           40  0.491285  ...    0.685215   -0.007997         0.0
38  word_l2_28.mp4           41  0.491392  ...    0.689819   -0.011012         0.0
39  word_l2_28.mp4           42  0.490982  ...    0.690823   -0.009647         0.0
40  word_l2_28.mp4           43  0.491209  ...    0.689935   -0.009938         0.0
41  word_l2_28.mp4           44  0.490862  ...    0.690548   -0.008515         0.0
42  word_l2_28.mp4           45  0.490429  ...    0.689806   -0.009663         0.0
43  word_l2_28.mp4           46  0.490154  ...    0.689662   -0.010129         0.0
44  word_l2_28.mp4           47  0.490182  ...    0.688774   -0.010927         0.0
45  word_l2_28.mp4           48  0.490010  ...    0.689265   -0.008802         0.0
46  word_l2_28.mp4           49  0.490327  ...    0.687778   -0.012756         0.0
47  word_l2_28.mp4           50  0.489916  ...    0.691376   -0.011808         0.0
48  word_l2_28.mp4           51  0.490311  ...    0.690508   -0.013288         0.0
49  word_l2_28.mp4           52  0.490218  ...    0.691633   -0.013645         0.0
50  word_l2_28.mp4           53  0.489890  ...    0.692803   -0.011355         0.0
51  word_l2_28.mp4           54  0.489782  ...    0.696438   -0.009561         0.0
52  word_l2_28.mp4           55  0.489563  ...    0.702679   -0.004921         0.0
53  word_l2_28.mp4           56  0.489434  ...    0.708491   -0.004732         0.0
54  word_l2_28.mp4           57  0.490108  ...    0.719388   -0.003638         0.0
55  word_l2_28.mp4           58  0.490377  ...    0.730467   -0.001025         0.0

[56 rows x 1958 columns]
Extracting features...
Face width computed for normalizaiton 0.15640901935529145
Features saved to: ../output/word_l2_28_features.csv
          fn_video  ... distance_r_hand6_r_hand10
0   word_l2_28.mp4  ...                  0.198741
1   word_l2_28.mp4  ...                  0.217678
2   word_l2_28.mp4  ...                  0.220763
3   word_l2_28.mp4  ...                  0.206460
4   word_l2_28.mp4  ...                  0.202966
5   word_l2_28.mp4  ...                  0.212144
6   word_l2_28.mp4  ...                  0.221398
7   word_l2_28.mp4  ...                  0.260564
8   word_l2_28.mp4  ...                  0.268892
9   word_l2_28.mp4  ...                  0.261851
10  word_l2_28.mp4  ...                  0.267587
11  word_l2_28.mp4  ...                  0.262524
12  word_l2_28.mp4  ...                  0.267670
13  word_l2_28.mp4  ...                  0.274794
14  word_l2_28.mp4  ...                  0.276185
15  word_l2_28.mp4  ...                  0.281905
16  word_l2_28.mp4  ...                  0.291453
17  word_l2_28.mp4  ...                  0.290607
18  word_l2_28.mp4  ...                  0.262670
19  word_l2_28.mp4  ...                  0.259266
20  word_l2_28.mp4  ...                  0.251074
21  word_l2_28.mp4  ...                  0.252624
22  word_l2_28.mp4  ...                  0.290991
23  word_l2_28.mp4  ...                  0.337745
24  word_l2_28.mp4  ...                  0.329044
25  word_l2_28.mp4  ...                  0.317649
26  word_l2_28.mp4  ...                  0.328720
27  word_l2_28.mp4  ...                  0.328234
28  word_l2_28.mp4  ...                  0.330026
29  word_l2_28.mp4  ...                  0.309224
30  word_l2_28.mp4  ...                  0.313226
31  word_l2_28.mp4  ...                  0.297420
32  word_l2_28.mp4  ...                  0.304533
33  word_l2_28.mp4  ...                  0.318075
34  word_l2_28.mp4  ...                  0.289225
35  word_l2_28.mp4  ...                  0.290420
36  word_l2_28.mp4  ...                  0.322647
37  word_l2_28.mp4  ...                  0.310267
38  word_l2_28.mp4  ...                  0.312607
39  word_l2_28.mp4  ...                  0.306056
40  word_l2_28.mp4  ...                  0.309910
41  word_l2_28.mp4  ...                  0.310074
42  word_l2_28.mp4  ...                  0.310023
43  word_l2_28.mp4  ...                  0.312786
44  word_l2_28.mp4  ...                  0.309991
45  word_l2_28.mp4  ...                  0.308331
46  word_l2_28.mp4  ...                  0.312342
47  word_l2_28.mp4  ...                  0.309402
48  word_l2_28.mp4  ...                  0.312919
49  word_l2_28.mp4  ...                  0.308160
50  word_l2_28.mp4  ...                  0.305780
51  word_l2_28.mp4  ...                  0.303027
52  word_l2_28.mp4  ...                  0.294516
53  word_l2_28.mp4  ...                  0.279735
54  word_l2_28.mp4  ...                  0.252172
55  word_l2_28.mp4  ...                  0.210708

[56 rows x 30 columns]
csv file with predictions was saved to ../output/predictions_rf_position_female_cropped_word_l2_28.csv
Loaded model: ../trained_models/model_rf_shape_female_cropped.pkl
Loaded video: ../stimuli/words/mp4/word_l2_28.mp4
Extracting coordinates...
          fn_video frame_number   x_face0  ...  y_r_hand20  z_r_hand20  v_r_hand20
0   word_l2_28.mp4            3  0.491490  ...    1.003079    0.037821         0.0
1   word_l2_28.mp4            4  0.491263  ...    0.965004    0.044953         0.0
2   word_l2_28.mp4            5  0.491285  ...    0.941473    0.055577         0.0
3   word_l2_28.mp4            6  0.491241  ...    0.906817    0.051082         0.0
4   word_l2_28.mp4            7  0.491293  ...    0.889907    0.061067         0.0
5   word_l2_28.mp4            8  0.491076  ...    0.867850    0.067933         0.0
6   word_l2_28.mp4            9  0.490713  ...    0.848369    0.042763         0.0
7   word_l2_28.mp4           10  0.490699  ...    0.832340    0.026788         0.0
8   word_l2_28.mp4           11  0.490510  ...    0.810739    0.011312         0.0
9   word_l2_28.mp4           12  0.490038  ...    0.793214    0.012148         0.0
10  word_l2_28.mp4           13  0.489704  ...    0.779516    0.013201         0.0
11  word_l2_28.mp4           14  0.489573  ...    0.771039    0.009770         0.0
12  word_l2_28.mp4           15  0.489342  ...    0.767189    0.004894         0.0
13  word_l2_28.mp4           16  0.489275  ...    0.760114    0.002850         0.0
14  word_l2_28.mp4           17  0.489256  ...    0.751248    0.005752         0.0
15  word_l2_28.mp4           18  0.488591  ...    0.747211    0.013785         0.0
16  word_l2_28.mp4           19  0.488386  ...    0.741215    0.009498         0.0
17  word_l2_28.mp4           20  0.487852  ...    0.740339    0.013813         0.0
18  word_l2_28.mp4           21  0.488155  ...    0.741161    0.007958         0.0
19  word_l2_28.mp4           22  0.488737  ...    0.743741    0.007396         0.0
20  word_l2_28.mp4           23  0.488981  ...    0.749190    0.002345         0.0
21  word_l2_28.mp4           24  0.489865  ...    0.751004    0.003244         0.0
22  word_l2_28.mp4           25  0.489878  ...    0.754247    0.000965         0.0
23  word_l2_28.mp4           26  0.490084  ...    0.751226   -0.001603         0.0
24  word_l2_28.mp4           27  0.490621  ...    0.745162   -0.009099         0.0
25  word_l2_28.mp4           28  0.492026  ...    0.736556   -0.012710         0.0
26  word_l2_28.mp4           29  0.491943  ...    0.732304   -0.014471         0.0
27  word_l2_28.mp4           30  0.491965  ...    0.731593   -0.016021         0.0
28  word_l2_28.mp4           31  0.491980  ...    0.725190   -0.010168         0.0
29  word_l2_28.mp4           32  0.492005  ...    0.721184   -0.002064         0.0
30  word_l2_28.mp4           33  0.491459  ...    0.718929    0.001732         0.0
31  word_l2_28.mp4           34  0.491384  ...    0.718061    0.004427         0.0
32  word_l2_28.mp4           35  0.491074  ...    0.716760    0.004845         0.0
33  word_l2_28.mp4           36  0.490960  ...    0.711064   -0.001547         0.0
34  word_l2_28.mp4           37  0.491143  ...    0.698706   -0.007317         0.0
35  word_l2_28.mp4           38  0.491451  ...    0.691633   -0.003753         0.0
36  word_l2_28.mp4           39  0.491555  ...    0.689282   -0.006688         0.0
37  word_l2_28.mp4           40  0.491285  ...    0.685215   -0.007997         0.0
38  word_l2_28.mp4           41  0.491392  ...    0.689819   -0.011012         0.0
39  word_l2_28.mp4           42  0.490982  ...    0.690823   -0.009647         0.0
40  word_l2_28.mp4           43  0.491209  ...    0.689935   -0.009938         0.0
41  word_l2_28.mp4           44  0.490862  ...    0.690548   -0.008515         0.0
42  word_l2_28.mp4           45  0.490429  ...    0.689806   -0.009663         0.0
43  word_l2_28.mp4           46  0.490154  ...    0.689662   -0.010129         0.0
44  word_l2_28.mp4           47  0.490182  ...    0.688774   -0.010927         0.0
45  word_l2_28.mp4           48  0.490010  ...    0.689265   -0.008802         0.0
46  word_l2_28.mp4           49  0.490327  ...    0.687778   -0.012756         0.0
47  word_l2_28.mp4           50  0.489916  ...    0.691376   -0.011808         0.0
48  word_l2_28.mp4           51  0.490311  ...    0.690508   -0.013288         0.0
49  word_l2_28.mp4           52  0.490218  ...    0.691633   -0.013645         0.0
50  word_l2_28.mp4           53  0.489890  ...    0.692803   -0.011355         0.0
51  word_l2_28.mp4           54  0.489782  ...    0.696438   -0.009561         0.0
52  word_l2_28.mp4           55  0.489563  ...    0.702679   -0.004921         0.0
53  word_l2_28.mp4           56  0.489434  ...    0.708491   -0.004732         0.0
54  word_l2_28.mp4           57  0.490108  ...    0.719388   -0.003638         0.0
55  word_l2_28.mp4           58  0.490377  ...    0.730467   -0.001025         0.0

[56 rows x 1958 columns]
Extracting features...
Face width computed for normalizaiton 0.15640901935529145
Features saved to: ../output/word_l2_28_features.csv
          fn_video  ... distance_r_hand6_r_hand10
0   word_l2_28.mp4  ...                  0.198741
1   word_l2_28.mp4  ...                  0.217678
2   word_l2_28.mp4  ...                  0.220763
3   word_l2_28.mp4  ...                  0.206460
4   word_l2_28.mp4  ...                  0.202966
5   word_l2_28.mp4  ...                  0.212144
6   word_l2_28.mp4  ...                  0.221398
7   word_l2_28.mp4  ...                  0.260564
8   word_l2_28.mp4  ...                  0.268892
9   word_l2_28.mp4  ...                  0.261851
10  word_l2_28.mp4  ...                  0.267587
11  word_l2_28.mp4  ...                  0.262524
12  word_l2_28.mp4  ...                  0.267670
13  word_l2_28.mp4  ...                  0.274794
14  word_l2_28.mp4  ...                  0.276185
15  word_l2_28.mp4  ...                  0.281905
16  word_l2_28.mp4  ...                  0.291453
17  word_l2_28.mp4  ...                  0.290607
18  word_l2_28.mp4  ...                  0.262670
19  word_l2_28.mp4  ...                  0.259266
20  word_l2_28.mp4  ...                  0.251074
21  word_l2_28.mp4  ...                  0.252624
22  word_l2_28.mp4  ...                  0.290991
23  word_l2_28.mp4  ...                  0.337745
24  word_l2_28.mp4  ...                  0.329044
25  word_l2_28.mp4  ...                  0.317649
26  word_l2_28.mp4  ...                  0.328720
27  word_l2_28.mp4  ...                  0.328234
28  word_l2_28.mp4  ...                  0.330026
29  word_l2_28.mp4  ...                  0.309224
30  word_l2_28.mp4  ...                  0.313226
31  word_l2_28.mp4  ...                  0.297420
32  word_l2_28.mp4  ...                  0.304533
33  word_l2_28.mp4  ...                  0.318075
34  word_l2_28.mp4  ...                  0.289225
35  word_l2_28.mp4  ...                  0.290420
36  word_l2_28.mp4  ...                  0.322647
37  word_l2_28.mp4  ...                  0.310267
38  word_l2_28.mp4  ...                  0.312607
39  word_l2_28.mp4  ...                  0.306056
40  word_l2_28.mp4  ...                  0.309910
41  word_l2_28.mp4  ...                  0.310074
42  word_l2_28.mp4  ...                  0.310023
43  word_l2_28.mp4  ...                  0.312786
44  word_l2_28.mp4  ...                  0.309991
45  word_l2_28.mp4  ...                  0.308331
46  word_l2_28.mp4  ...                  0.312342
47  word_l2_28.mp4  ...                  0.309402
48  word_l2_28.mp4  ...                  0.312919
49  word_l2_28.mp4  ...                  0.308160
50  word_l2_28.mp4  ...                  0.305780
51  word_l2_28.mp4  ...                  0.303027
52  word_l2_28.mp4  ...                  0.294516
53  word_l2_28.mp4  ...                  0.279735
54  word_l2_28.mp4  ...                  0.252172
55  word_l2_28.mp4  ...                  0.210708

[56 rows x 30 columns]
csv file with predictions was saved to ../output/predictions_rf_shape_female_cropped_word_l2_28.csv
