python is /network/lustre/iss02/home/annahita.sarre/anaconda3/envs/myenv/bin/python
Loaded model: ../trained_models/model_rf_position_female_cropped.pkl
Loaded video: ../stimuli/words/mp4/word_l2_36.mp4
Extracting coordinates...
          fn_video frame_number   x_face0  ...  y_r_hand20  z_r_hand20  v_r_hand20
0   word_l2_36.mp4            1  0.502374  ...    0.979835    0.033604         0.0
1   word_l2_36.mp4            2  0.502605  ...    0.937841    0.022505         0.0
2   word_l2_36.mp4            3  0.501945  ...    0.905644    0.040909         0.0
3   word_l2_36.mp4            4  0.501700  ...    0.881957    0.030351         0.0
4   word_l2_36.mp4            5  0.501088  ...    0.857509    0.018406         0.0
..             ...          ...       ...  ...         ...         ...         ...
62  word_l2_36.mp4           63  0.497928  ...    0.648166    0.011846         0.0
63  word_l2_36.mp4           64  0.497946  ...    0.680429   -0.000502         0.0
64  word_l2_36.mp4           65  0.497355  ...    0.696074    0.002018         0.0
65  word_l2_36.mp4           66  0.497180  ...    0.715948    0.003991         0.0
66  word_l2_36.mp4           67  0.497193  ...    0.731843    0.004042         0.0

[67 rows x 1958 columns]
Extracting features...
Face width computed for normalizaiton 0.1542616930386096
Features saved to: ../output/word_l2_36_features.csv
          fn_video  ... distance_r_hand6_r_hand10
0   word_l2_36.mp4  ...                  0.277990
1   word_l2_36.mp4  ...                  0.264481
2   word_l2_36.mp4  ...                  0.239567
3   word_l2_36.mp4  ...                  0.259269
4   word_l2_36.mp4  ...                  0.363820
..             ...  ...                       ...
62  word_l2_36.mp4  ...                  0.183460
63  word_l2_36.mp4  ...                  0.180782
64  word_l2_36.mp4  ...                  0.175013
65  word_l2_36.mp4  ...                  0.176314
66  word_l2_36.mp4  ...                  0.187800

[67 rows x 30 columns]
csv file with predictions was saved to ../output/predictions_rf_position_female_cropped_word_l2_36.csv
Loaded model: ../trained_models/model_rf_shape_female_cropped.pkl
Loaded video: ../stimuli/words/mp4/word_l2_36.mp4
Extracting coordinates...
          fn_video frame_number   x_face0  ...  y_r_hand20  z_r_hand20  v_r_hand20
0   word_l2_36.mp4            1  0.502374  ...    0.979835    0.033604         0.0
1   word_l2_36.mp4            2  0.502605  ...    0.937841    0.022505         0.0
2   word_l2_36.mp4            3  0.501945  ...    0.905644    0.040909         0.0
3   word_l2_36.mp4            4  0.501700  ...    0.881957    0.030351         0.0
4   word_l2_36.mp4            5  0.501088  ...    0.857509    0.018406         0.0
..             ...          ...       ...  ...         ...         ...         ...
62  word_l2_36.mp4           63  0.497928  ...    0.648166    0.011846         0.0
63  word_l2_36.mp4           64  0.497946  ...    0.680429   -0.000502         0.0
64  word_l2_36.mp4           65  0.497355  ...    0.696074    0.002018         0.0
65  word_l2_36.mp4           66  0.497180  ...    0.715948    0.003991         0.0
66  word_l2_36.mp4           67  0.497193  ...    0.731843    0.004042         0.0

[67 rows x 1958 columns]
Extracting features...
Face width computed for normalizaiton 0.1542616930386096
Features saved to: ../output/word_l2_36_features.csv
          fn_video  ... distance_r_hand6_r_hand10
0   word_l2_36.mp4  ...                  0.277990
1   word_l2_36.mp4  ...                  0.264481
2   word_l2_36.mp4  ...                  0.239567
3   word_l2_36.mp4  ...                  0.259269
4   word_l2_36.mp4  ...                  0.363820
..             ...  ...                       ...
62  word_l2_36.mp4  ...                  0.183460
63  word_l2_36.mp4  ...                  0.180782
64  word_l2_36.mp4  ...                  0.175013
65  word_l2_36.mp4  ...                  0.176314
66  word_l2_36.mp4  ...                  0.187800

[67 rows x 30 columns]
csv file with predictions was saved to ../output/predictions_rf_shape_female_cropped_word_l2_36.csv
Visualization for: ../stimuli/words/mp4/word_l2_36.mp4
32
