python is /network/lustre/iss02/home/annahita.sarre/anaconda3/envs/myenv/bin/python
Loaded model: ../trained_models/model_rf_position_female_cropped.pkl
Loaded video: ../stimuli/words/mp4/word_l1_39.mp4
Extracting coordinates...
          fn_video frame_number   x_face0  ...  y_r_hand20  z_r_hand20  v_r_hand20
0   word_l1_39.mp4            3  0.495041  ...    1.010624   -0.002642         0.0
1   word_l1_39.mp4            4  0.494910  ...    1.000523    0.033469         0.0
2   word_l1_39.mp4            5  0.495297  ...    0.973445    0.013482         0.0
3   word_l1_39.mp4            6  0.495227  ...    0.947434    0.028979         0.0
4   word_l1_39.mp4            7  0.494870  ...    0.926073    0.022867         0.0
5   word_l1_39.mp4            8  0.494801  ...    0.893553    0.029453         0.0
6   word_l1_39.mp4            9  0.494265  ...    0.880364    0.034529         0.0
7   word_l1_39.mp4           10  0.494446  ...    0.866629    0.025150         0.0
8   word_l1_39.mp4           11  0.493865  ...    0.846790    0.018170         0.0
9   word_l1_39.mp4           12  0.493547  ...    0.821959    0.014987         0.0
10  word_l1_39.mp4           13  0.492877  ...    0.801500    0.007676         0.0
11  word_l1_39.mp4           14  0.492658  ...    0.778175    0.009068         0.0
12  word_l1_39.mp4           15  0.491724  ...    0.749363    0.009062         0.0
13  word_l1_39.mp4           16  0.490987  ...    0.732100    0.009137         0.0
14  word_l1_39.mp4           17  0.489985  ...    0.717501    0.011423         0.0
15  word_l1_39.mp4           18  0.490014  ...    0.704738    0.013255         0.0
16  word_l1_39.mp4           19  0.490309  ...    0.694630    0.023170         0.0
17  word_l1_39.mp4           20  0.490728  ...    0.630059   -0.002956         0.0
18  word_l1_39.mp4           21  0.491419  ...    0.603394   -0.007705         0.0
19  word_l1_39.mp4           22  0.491920  ...    0.588672   -0.000641         0.0
20  word_l1_39.mp4           23  0.492251  ...    0.580741    0.005286         0.0
21  word_l1_39.mp4           24  0.492611  ...    0.579549    0.014340         0.0
22  word_l1_39.mp4           25  0.493317  ...    0.582136    0.014409         0.0
23  word_l1_39.mp4           26  0.493522  ...    0.582955    0.008249         0.0
24  word_l1_39.mp4           27  0.493726  ...    0.581229    0.008326         0.0
25  word_l1_39.mp4           28  0.493990  ...    0.578291    0.005716         0.0
26  word_l1_39.mp4           29  0.493256  ...    0.570612    0.009696         0.0
27  word_l1_39.mp4           30  0.493258  ...    0.568926   -0.008524         0.0
28  word_l1_39.mp4           31  0.493282  ...    0.573373   -0.006263         0.0
29  word_l1_39.mp4           32  0.492917  ...    0.637314    0.019335         0.0
30  word_l1_39.mp4           33  0.492826  ...    0.641922    0.015933         0.0
31  word_l1_39.mp4           34  0.492515  ...    0.641025    0.010238         0.0
32  word_l1_39.mp4           35  0.491920  ...    0.636298    0.013035         0.0
33  word_l1_39.mp4           36  0.491231  ...    0.629286    0.007916         0.0
34  word_l1_39.mp4           37  0.491181  ...    0.624647    0.001702         0.0
35  word_l1_39.mp4           38  0.490425  ...    0.623071    0.000360         0.0
36  word_l1_39.mp4           39  0.489201  ...    0.622915    0.001335         0.0
37  word_l1_39.mp4           40  0.489123  ...    0.624814    0.001657         0.0
38  word_l1_39.mp4           41  0.488722  ...    0.627136    0.003620         0.0
39  word_l1_39.mp4           42  0.488788  ...    0.623923    0.003174         0.0
40  word_l1_39.mp4           43  0.489159  ...    0.627021   -0.000461         0.0
41  word_l1_39.mp4           44  0.488823  ...    0.626350    0.002232         0.0
42  word_l1_39.mp4           45  0.488983  ...    0.627662    0.000093         0.0
43  word_l1_39.mp4           46  0.488904  ...    0.629313    0.000727         0.0
44  word_l1_39.mp4           47  0.489047  ...    0.624866   -0.000618         0.0
45  word_l1_39.mp4           48  0.489143  ...    0.628913   -0.001983         0.0
46  word_l1_39.mp4           49  0.489578  ...    0.629313   -0.001733         0.0
47  word_l1_39.mp4           50  0.490005  ...    0.625766   -0.000414         0.0
48  word_l1_39.mp4           51  0.490994  ...    0.628242   -0.001166         0.0
49  word_l1_39.mp4           52  0.491051  ...    0.626264    0.000888         0.0
50  word_l1_39.mp4           53  0.490503  ...    0.627980    0.001838         0.0
51  word_l1_39.mp4           54  0.489975  ...    0.625810    0.002415         0.0
52  word_l1_39.mp4           55  0.489675  ...    0.623203   -0.001212         0.0
53  word_l1_39.mp4           56  0.488923  ...    0.623182   -0.001703         0.0
54  word_l1_39.mp4           57  0.488932  ...    0.622602    0.000005         0.0
55  word_l1_39.mp4           58  0.489485  ...    0.624180    0.001696         0.0
56  word_l1_39.mp4           59  0.490091  ...    0.628394    0.003597         0.0
57  word_l1_39.mp4           60  0.491460  ...    0.637442    0.007680         0.0

[58 rows x 1958 columns]
Extracting features...
Face width computed for normalizaiton 0.15423077841550403
Features saved to: ../output/word_l1_39_features.csv
          fn_video  ... distance_r_hand6_r_hand10
0   word_l1_39.mp4  ...                  0.056305
1   word_l1_39.mp4  ...                  0.168160
2   word_l1_39.mp4  ...                  0.206707
3   word_l1_39.mp4  ...                  0.227325
4   word_l1_39.mp4  ...                  0.221723
5   word_l1_39.mp4  ...                  0.205441
6   word_l1_39.mp4  ...                  0.213194
7   word_l1_39.mp4  ...                  0.198987
8   word_l1_39.mp4  ...                  0.182920
9   word_l1_39.mp4  ...                  0.176009
10  word_l1_39.mp4  ...                  0.161017
11  word_l1_39.mp4  ...                  0.169807
12  word_l1_39.mp4  ...                  0.161358
13  word_l1_39.mp4  ...                  0.153828
14  word_l1_39.mp4  ...                  0.166150
15  word_l1_39.mp4  ...                  0.163190
16  word_l1_39.mp4  ...                  0.158671
17  word_l1_39.mp4  ...                  0.134999
18  word_l1_39.mp4  ...                  0.153713
19  word_l1_39.mp4  ...                  0.164459
20  word_l1_39.mp4  ...                  0.149127
21  word_l1_39.mp4  ...                  0.148579
22  word_l1_39.mp4  ...                  0.161856
23  word_l1_39.mp4  ...                  0.160757
24  word_l1_39.mp4  ...                  0.162961
25  word_l1_39.mp4  ...                  0.169616
26  word_l1_39.mp4  ...                  0.201072
27  word_l1_39.mp4  ...                  0.180720
28  word_l1_39.mp4  ...                  0.180034
29  word_l1_39.mp4  ...                  0.226795
30  word_l1_39.mp4  ...                  0.278838
31  word_l1_39.mp4  ...                  0.302067
32  word_l1_39.mp4  ...                  0.316247
33  word_l1_39.mp4  ...                  0.312431
34  word_l1_39.mp4  ...                  0.326050
35  word_l1_39.mp4  ...                  0.361881
36  word_l1_39.mp4  ...                  0.401716
37  word_l1_39.mp4  ...                  0.403884
38  word_l1_39.mp4  ...                  0.421090
39  word_l1_39.mp4  ...                  0.425953
40  word_l1_39.mp4  ...                  0.424901
41  word_l1_39.mp4  ...                  0.416239
42  word_l1_39.mp4  ...                  0.435866
43  word_l1_39.mp4  ...                  0.432524
44  word_l1_39.mp4  ...                  0.424752
45  word_l1_39.mp4  ...                  0.444013
46  word_l1_39.mp4  ...                  0.425763
47  word_l1_39.mp4  ...                  0.427644
48  word_l1_39.mp4  ...                  0.440928
49  word_l1_39.mp4  ...                  0.441652
50  word_l1_39.mp4  ...                  0.442467
51  word_l1_39.mp4  ...                  0.426257
52  word_l1_39.mp4  ...                  0.407713
53  word_l1_39.mp4  ...                  0.404178
54  word_l1_39.mp4  ...                  0.384362
55  word_l1_39.mp4  ...                  0.386806
56  word_l1_39.mp4  ...                  0.374933
57  word_l1_39.mp4  ...                  0.366305

[58 rows x 30 columns]
csv file with predictions was saved to ../output/predictions_rf_position_female_cropped_word_l1_39.csv
Loaded model: ../trained_models/model_rf_shape_female_cropped.pkl
Loaded video: ../stimuli/words/mp4/word_l1_39.mp4
Extracting coordinates...
          fn_video frame_number   x_face0  ...  y_r_hand20  z_r_hand20  v_r_hand20
0   word_l1_39.mp4            3  0.495041  ...    1.010624   -0.002642         0.0
1   word_l1_39.mp4            4  0.494910  ...    1.000523    0.033469         0.0
2   word_l1_39.mp4            5  0.495297  ...    0.973445    0.013482         0.0
3   word_l1_39.mp4            6  0.495227  ...    0.947434    0.028979         0.0
4   word_l1_39.mp4            7  0.494870  ...    0.926073    0.022867         0.0
5   word_l1_39.mp4            8  0.494801  ...    0.893553    0.029453         0.0
6   word_l1_39.mp4            9  0.494265  ...    0.880364    0.034529         0.0
7   word_l1_39.mp4           10  0.494446  ...    0.866629    0.025150         0.0
8   word_l1_39.mp4           11  0.493865  ...    0.846790    0.018170         0.0
9   word_l1_39.mp4           12  0.493547  ...    0.821959    0.014987         0.0
10  word_l1_39.mp4           13  0.492877  ...    0.801500    0.007676         0.0
11  word_l1_39.mp4           14  0.492658  ...    0.778175    0.009068         0.0
12  word_l1_39.mp4           15  0.491724  ...    0.749363    0.009062         0.0
13  word_l1_39.mp4           16  0.490987  ...    0.732100    0.009137         0.0
14  word_l1_39.mp4           17  0.489985  ...    0.717501    0.011423         0.0
15  word_l1_39.mp4           18  0.490014  ...    0.704738    0.013255         0.0
16  word_l1_39.mp4           19  0.490309  ...    0.694630    0.023170         0.0
17  word_l1_39.mp4           20  0.490728  ...    0.630059   -0.002956         0.0
18  word_l1_39.mp4           21  0.491419  ...    0.603394   -0.007705         0.0
19  word_l1_39.mp4           22  0.491920  ...    0.588672   -0.000641         0.0
20  word_l1_39.mp4           23  0.492251  ...    0.580741    0.005286         0.0
21  word_l1_39.mp4           24  0.492611  ...    0.579549    0.014340         0.0
22  word_l1_39.mp4           25  0.493317  ...    0.582136    0.014409         0.0
23  word_l1_39.mp4           26  0.493522  ...    0.582955    0.008249         0.0
24  word_l1_39.mp4           27  0.493726  ...    0.581229    0.008326         0.0
25  word_l1_39.mp4           28  0.493990  ...    0.578291    0.005716         0.0
26  word_l1_39.mp4           29  0.493256  ...    0.570612    0.009696         0.0
27  word_l1_39.mp4           30  0.493258  ...    0.568926   -0.008524         0.0
28  word_l1_39.mp4           31  0.493282  ...    0.573373   -0.006263         0.0
29  word_l1_39.mp4           32  0.492917  ...    0.637314    0.019335         0.0
30  word_l1_39.mp4           33  0.492826  ...    0.641922    0.015933         0.0
31  word_l1_39.mp4           34  0.492515  ...    0.641025    0.010238         0.0
32  word_l1_39.mp4           35  0.491920  ...    0.636298    0.013035         0.0
33  word_l1_39.mp4           36  0.491231  ...    0.629286    0.007916         0.0
34  word_l1_39.mp4           37  0.491181  ...    0.624647    0.001702         0.0
35  word_l1_39.mp4           38  0.490425  ...    0.623071    0.000360         0.0
36  word_l1_39.mp4           39  0.489201  ...    0.622915    0.001335         0.0
37  word_l1_39.mp4           40  0.489123  ...    0.624814    0.001657         0.0
38  word_l1_39.mp4           41  0.488722  ...    0.627136    0.003620         0.0
39  word_l1_39.mp4           42  0.488788  ...    0.623923    0.003174         0.0
40  word_l1_39.mp4           43  0.489159  ...    0.627021   -0.000461         0.0
41  word_l1_39.mp4           44  0.488823  ...    0.626350    0.002232         0.0
42  word_l1_39.mp4           45  0.488983  ...    0.627662    0.000093         0.0
43  word_l1_39.mp4           46  0.488904  ...    0.629313    0.000727         0.0
44  word_l1_39.mp4           47  0.489047  ...    0.624866   -0.000618         0.0
45  word_l1_39.mp4           48  0.489143  ...    0.628913   -0.001983         0.0
46  word_l1_39.mp4           49  0.489578  ...    0.629313   -0.001733         0.0
47  word_l1_39.mp4           50  0.490005  ...    0.625766   -0.000414         0.0
48  word_l1_39.mp4           51  0.490994  ...    0.628242   -0.001166         0.0
49  word_l1_39.mp4           52  0.491051  ...    0.626264    0.000888         0.0
50  word_l1_39.mp4           53  0.490503  ...    0.627980    0.001838         0.0
51  word_l1_39.mp4           54  0.489975  ...    0.625810    0.002415         0.0
52  word_l1_39.mp4           55  0.489675  ...    0.623203   -0.001212         0.0
53  word_l1_39.mp4           56  0.488923  ...    0.623182   -0.001703         0.0
54  word_l1_39.mp4           57  0.488932  ...    0.622602    0.000005         0.0
55  word_l1_39.mp4           58  0.489485  ...    0.624180    0.001696         0.0
56  word_l1_39.mp4           59  0.490091  ...    0.628394    0.003597         0.0
57  word_l1_39.mp4           60  0.491460  ...    0.637442    0.007680         0.0

[58 rows x 1958 columns]
Extracting features...
Face width computed for normalizaiton 0.15423077841550403
Features saved to: ../output/word_l1_39_features.csv
          fn_video  ... distance_r_hand6_r_hand10
0   word_l1_39.mp4  ...                  0.056305
1   word_l1_39.mp4  ...                  0.168160
2   word_l1_39.mp4  ...                  0.206707
3   word_l1_39.mp4  ...                  0.227325
4   word_l1_39.mp4  ...                  0.221723
5   word_l1_39.mp4  ...                  0.205441
6   word_l1_39.mp4  ...                  0.213194
7   word_l1_39.mp4  ...                  0.198987
8   word_l1_39.mp4  ...                  0.182920
9   word_l1_39.mp4  ...                  0.176009
10  word_l1_39.mp4  ...                  0.161017
11  word_l1_39.mp4  ...                  0.169807
12  word_l1_39.mp4  ...                  0.161358
13  word_l1_39.mp4  ...                  0.153828
14  word_l1_39.mp4  ...                  0.166150
15  word_l1_39.mp4  ...                  0.163190
16  word_l1_39.mp4  ...                  0.158671
17  word_l1_39.mp4  ...                  0.134999
18  word_l1_39.mp4  ...                  0.153713
19  word_l1_39.mp4  ...                  0.164459
20  word_l1_39.mp4  ...                  0.149127
21  word_l1_39.mp4  ...                  0.148579
22  word_l1_39.mp4  ...                  0.161856
23  word_l1_39.mp4  ...                  0.160757
24  word_l1_39.mp4  ...                  0.162961
25  word_l1_39.mp4  ...                  0.169616
26  word_l1_39.mp4  ...                  0.201072
27  word_l1_39.mp4  ...                  0.180720
28  word_l1_39.mp4  ...                  0.180034
29  word_l1_39.mp4  ...                  0.226795
30  word_l1_39.mp4  ...                  0.278838
31  word_l1_39.mp4  ...                  0.302067
32  word_l1_39.mp4  ...                  0.316247
33  word_l1_39.mp4  ...                  0.312431
34  word_l1_39.mp4  ...                  0.326050
35  word_l1_39.mp4  ...                  0.361881
36  word_l1_39.mp4  ...                  0.401716
37  word_l1_39.mp4  ...                  0.403884
38  word_l1_39.mp4  ...                  0.421090
39  word_l1_39.mp4  ...                  0.425953
40  word_l1_39.mp4  ...                  0.424901
41  word_l1_39.mp4  ...                  0.416239
42  word_l1_39.mp4  ...                  0.435866
43  word_l1_39.mp4  ...                  0.432524
44  word_l1_39.mp4  ...                  0.424752
45  word_l1_39.mp4  ...                  0.444013
46  word_l1_39.mp4  ...                  0.425763
47  word_l1_39.mp4  ...                  0.427644
48  word_l1_39.mp4  ...                  0.440928
49  word_l1_39.mp4  ...                  0.441652
50  word_l1_39.mp4  ...                  0.442467
51  word_l1_39.mp4  ...                  0.426257
52  word_l1_39.mp4  ...                  0.407713
53  word_l1_39.mp4  ...                  0.404178
54  word_l1_39.mp4  ...                  0.384362
55  word_l1_39.mp4  ...                  0.386806
56  word_l1_39.mp4  ...                  0.374933
57  word_l1_39.mp4  ...                  0.366305

[58 rows x 30 columns]
csv file with predictions was saved to ../output/predictions_rf_shape_female_cropped_word_l1_39.csv
Visualization for: ../stimuli/words/mp4/word_l1_39.mp4
32
