python is /network/lustre/iss02/home/annahita.sarre/anaconda3/envs/myenv/bin/python
Loaded model: ../trained_models/model_rf_position_female_cropped.pkl
Loaded video: ../stimuli/words/mp4/word_h2_23.mp4
Extracting coordinates...
          fn_video frame_number   x_face0  ...  y_r_hand20  z_r_hand20  v_r_hand20
0   word_h2_23.mp4            3  0.501532  ...    0.970300   -0.011666         0.0
1   word_h2_23.mp4            4  0.501683  ...    0.936835   -0.019793         0.0
2   word_h2_23.mp4            5  0.500997  ...    0.889064    0.007012         0.0
3   word_h2_23.mp4            6  0.500649  ...    0.862066   -0.010440         0.0
4   word_h2_23.mp4            7  0.500686  ...    0.809919    0.001691         0.0
..             ...          ...       ...  ...         ...         ...         ...
59  word_h2_23.mp4           62  0.498686  ...    0.683821    0.020479         0.0
60  word_h2_23.mp4           63  0.498660  ...    0.705976    0.021460         0.0
61  word_h2_23.mp4           64  0.498876  ...    0.739446    0.017322         0.0
62  word_h2_23.mp4           65  0.499566  ...    0.750151    0.017158         0.0
63  word_h2_23.mp4           66  0.499520  ...    0.764372    0.018661         0.0

[64 rows x 1958 columns]
Extracting features...
Face width computed for normalizaiton 0.16022365041666678
Features saved to: ../output/word_h2_23_features.csv
          fn_video  ... distance_r_hand6_r_hand10
0   word_h2_23.mp4  ...                  0.158213
1   word_h2_23.mp4  ...                  0.174335
2   word_h2_23.mp4  ...                  0.180566
3   word_h2_23.mp4  ...                  0.159586
4   word_h2_23.mp4  ...                  0.214193
..             ...  ...                       ...
59  word_h2_23.mp4  ...                  0.167817
60  word_h2_23.mp4  ...                  0.168592
61  word_h2_23.mp4  ...                  0.166843
62  word_h2_23.mp4  ...                  0.168309
63  word_h2_23.mp4  ...                  0.162590

[64 rows x 30 columns]
csv file with predictions was saved to ../output/predictions_rf_position_female_cropped_word_h2_23.csv
Loaded model: ../trained_models/model_rf_shape_female_cropped.pkl
Loaded video: ../stimuli/words/mp4/word_h2_23.mp4
Extracting coordinates...
          fn_video frame_number   x_face0  ...  y_r_hand20  z_r_hand20  v_r_hand20
0   word_h2_23.mp4            3  0.501532  ...    0.970300   -0.011666         0.0
1   word_h2_23.mp4            4  0.501683  ...    0.936835   -0.019793         0.0
2   word_h2_23.mp4            5  0.500997  ...    0.889064    0.007012         0.0
3   word_h2_23.mp4            6  0.500649  ...    0.862066   -0.010440         0.0
4   word_h2_23.mp4            7  0.500686  ...    0.809919    0.001691         0.0
..             ...          ...       ...  ...         ...         ...         ...
59  word_h2_23.mp4           62  0.498686  ...    0.683821    0.020479         0.0
60  word_h2_23.mp4           63  0.498660  ...    0.705976    0.021460         0.0
61  word_h2_23.mp4           64  0.498876  ...    0.739446    0.017322         0.0
62  word_h2_23.mp4           65  0.499566  ...    0.750151    0.017158         0.0
63  word_h2_23.mp4           66  0.499520  ...    0.764372    0.018661         0.0

[64 rows x 1958 columns]
Extracting features...
Face width computed for normalizaiton 0.16022365041666678
Features saved to: ../output/word_h2_23_features.csv
          fn_video  ... distance_r_hand6_r_hand10
0   word_h2_23.mp4  ...                  0.158213
1   word_h2_23.mp4  ...                  0.174335
2   word_h2_23.mp4  ...                  0.180566
3   word_h2_23.mp4  ...                  0.159586
4   word_h2_23.mp4  ...                  0.214193
..             ...  ...                       ...
59  word_h2_23.mp4  ...                  0.167817
60  word_h2_23.mp4  ...                  0.168592
61  word_h2_23.mp4  ...                  0.166843
62  word_h2_23.mp4  ...                  0.168309
63  word_h2_23.mp4  ...                  0.162590

[64 rows x 30 columns]
csv file with predictions was saved to ../output/predictions_rf_shape_female_cropped_word_h2_23.csv
Visualization for: ../stimuli/words/mp4/word_h2_23.mp4
32
