python is /network/lustre/iss02/home/annahita.sarre/anaconda3/envs/myenv/bin/python
Loaded model: ../trained_models/model_rf_position_female_cropped.pkl
Loaded video: ../stimuli/words/mp4/word_l2_12.mp4
Extracting coordinates...
          fn_video frame_number   x_face0  ...  y_r_hand20  z_r_hand20  v_r_hand20
0   word_l2_12.mp4            2  0.499093  ...    0.986239    0.061822         0.0
1   word_l2_12.mp4            3  0.498756  ...    0.923316    0.006081         0.0
2   word_l2_12.mp4            4  0.498663  ...    0.883293    0.002419         0.0
3   word_l2_12.mp4            5  0.498552  ...    0.844213    0.009955         0.0
4   word_l2_12.mp4            6  0.498503  ...    0.814126    0.007653         0.0
5   word_l2_12.mp4            7  0.498815  ...    0.787366    0.012107         0.0
6   word_l2_12.mp4            8  0.499024  ...    0.758086    0.016078         0.0
7   word_l2_12.mp4            9  0.498996  ...    0.729354    0.010006         0.0
8   word_l2_12.mp4           10  0.499210  ...    0.705858    0.013632         0.0
9   word_l2_12.mp4           11  0.498363  ...    0.688854    0.025429         0.0
10  word_l2_12.mp4           12  0.498525  ...    0.673306    0.017510         0.0
11  word_l2_12.mp4           13  0.498396  ...    0.660673    0.044133         0.0
12  word_l2_12.mp4           14  0.497554  ...    0.651052    0.032869         0.0
13  word_l2_12.mp4           15  0.497133  ...    0.640509    0.027642         0.0
14  word_l2_12.mp4           16  0.496568  ...    0.629609    0.024354         0.0
15  word_l2_12.mp4           17  0.495840  ...    0.624349    0.014897         0.0
16  word_l2_12.mp4           18  0.495523  ...    0.621031    0.029027         0.0
17  word_l2_12.mp4           19  0.495233  ...    0.620917    0.028223         0.0
18  word_l2_12.mp4           20  0.495852  ...    0.623449    0.016660         0.0
19  word_l2_12.mp4           21  0.496210  ...    0.621916    0.009976         0.0
20  word_l2_12.mp4           22  0.496294  ...    0.615166   -0.013353         0.0
21  word_l2_12.mp4           23  0.496336  ...    0.599979    0.003502         0.0
22  word_l2_12.mp4           24  0.497292  ...    0.587617    0.012311         0.0
23  word_l2_12.mp4           25  0.497696  ...    0.577841   -0.004444         0.0
24  word_l2_12.mp4           26  0.497717  ...    0.572057   -0.004564         0.0
25  word_l2_12.mp4           27  0.497978  ...    0.569519    0.002453         0.0
26  word_l2_12.mp4           28  0.498594  ...    0.563039   -0.002671         0.0
27  word_l2_12.mp4           29  0.498665  ...    0.557076    0.004300         0.0
28  word_l2_12.mp4           30  0.498567  ...    0.551701   -0.001071         0.0
29  word_l2_12.mp4           31  0.498209  ...    0.548840   -0.003554         0.0
30  word_l2_12.mp4           32  0.497786  ...    0.547314   -0.009789         0.0
31  word_l2_12.mp4           33  0.497774  ...    0.546044   -0.014697         0.0
32  word_l2_12.mp4           34  0.497796  ...    0.545580   -0.019985         0.0
33  word_l2_12.mp4           35  0.497561  ...    0.546306   -0.021230         0.0
34  word_l2_12.mp4           36  0.497436  ...    0.547315   -0.014217         0.0
35  word_l2_12.mp4           37  0.497365  ...    0.550231   -0.016373         0.0
36  word_l2_12.mp4           38  0.497218  ...    0.549955   -0.024980         0.0
37  word_l2_12.mp4           39  0.497225  ...    0.552544   -0.019738         0.0
38  word_l2_12.mp4           40  0.497352  ...    0.552505   -0.025054         0.0
39  word_l2_12.mp4           41  0.496791  ...    0.553705   -0.014240         0.0
40  word_l2_12.mp4           42  0.496633  ...    0.553403   -0.022561         0.0
41  word_l2_12.mp4           43  0.496591  ...    0.553112   -0.018407         0.0
42  word_l2_12.mp4           44  0.496528  ...    0.554941   -0.022306         0.0
43  word_l2_12.mp4           45  0.497216  ...    0.557402   -0.023878         0.0
44  word_l2_12.mp4           46  0.497025  ...    0.560471   -0.021157         0.0
45  word_l2_12.mp4           47  0.497248  ...    0.563174   -0.019135         0.0
46  word_l2_12.mp4           48  0.497335  ...    0.574204   -0.008372         0.0
47  word_l2_12.mp4           49  0.497047  ...    0.595731    0.018777         0.0
48  word_l2_12.mp4           50  0.497075  ...    0.615796    0.011346         0.0
49  word_l2_12.mp4           51  0.497257  ...    0.661226    0.006955         0.0
50  word_l2_12.mp4           52  0.497582  ...    0.687312    0.007834         0.0
51  word_l2_12.mp4           53  0.497372  ...    0.699826    0.007422         0.0
52  word_l2_12.mp4           54  0.497700  ...    0.711297    0.007728         0.0
53  word_l2_12.mp4           55  0.497898  ...    0.723888    0.008946         0.0
54  word_l2_12.mp4           56  0.498023  ...    0.735725    0.012003         0.0
55  word_l2_12.mp4           57  0.498360  ...    0.754772    0.011470         0.0

[56 rows x 1958 columns]
Extracting features...
Face width computed for normalizaiton 0.15665715085963824
Features saved to: ../output/word_l2_12_features.csv
          fn_video  ... distance_r_hand6_r_hand10
0   word_l2_12.mp4  ...                  0.219699
1   word_l2_12.mp4  ...                  0.229406
2   word_l2_12.mp4  ...                  0.196921
3   word_l2_12.mp4  ...                  0.180634
4   word_l2_12.mp4  ...                  0.176117
5   word_l2_12.mp4  ...                  0.178087
6   word_l2_12.mp4  ...                  0.172458
7   word_l2_12.mp4  ...                  0.175098
8   word_l2_12.mp4  ...                  0.170242
9   word_l2_12.mp4  ...                  0.170714
10  word_l2_12.mp4  ...                  0.163687
11  word_l2_12.mp4  ...                  0.159472
12  word_l2_12.mp4  ...                  0.153596
13  word_l2_12.mp4  ...                  0.153481
14  word_l2_12.mp4  ...                  0.150757
15  word_l2_12.mp4  ...                  0.148199
16  word_l2_12.mp4  ...                  0.147290
17  word_l2_12.mp4  ...                  0.145791
18  word_l2_12.mp4  ...                  0.149848
19  word_l2_12.mp4  ...                  0.148527
20  word_l2_12.mp4  ...                  0.155882
21  word_l2_12.mp4  ...                  0.158597
22  word_l2_12.mp4  ...                  0.149140
23  word_l2_12.mp4  ...                  0.143822
24  word_l2_12.mp4  ...                  0.143450
25  word_l2_12.mp4  ...                  0.180566
26  word_l2_12.mp4  ...                  0.175889
27  word_l2_12.mp4  ...                  0.166514
28  word_l2_12.mp4  ...                  0.156963
29  word_l2_12.mp4  ...                  0.163182
30  word_l2_12.mp4  ...                  0.162631
31  word_l2_12.mp4  ...                  0.133856
32  word_l2_12.mp4  ...                  0.131114
33  word_l2_12.mp4  ...                  0.134798
34  word_l2_12.mp4  ...                  0.137142
35  word_l2_12.mp4  ...                  0.140519
36  word_l2_12.mp4  ...                  0.137964
37  word_l2_12.mp4  ...                  0.137852
38  word_l2_12.mp4  ...                  0.135433
39  word_l2_12.mp4  ...                  0.127232
40  word_l2_12.mp4  ...                  0.136432
41  word_l2_12.mp4  ...                  0.138410
42  word_l2_12.mp4  ...                  0.135280
43  word_l2_12.mp4  ...                  0.137042
44  word_l2_12.mp4  ...                  0.146242
45  word_l2_12.mp4  ...                  0.153452
46  word_l2_12.mp4  ...                  0.156316
47  word_l2_12.mp4  ...                  0.173072
48  word_l2_12.mp4  ...                  0.165637
49  word_l2_12.mp4  ...                  0.169712
50  word_l2_12.mp4  ...                  0.179544
51  word_l2_12.mp4  ...                  0.198041
52  word_l2_12.mp4  ...                  0.193353
53  word_l2_12.mp4  ...                  0.185825
54  word_l2_12.mp4  ...                  0.181629
55  word_l2_12.mp4  ...                  0.192655

[56 rows x 30 columns]
csv file with predictions was saved to ../output/predictions_rf_position_female_cropped_word_l2_12.csv
Loaded model: ../trained_models/model_rf_shape_female_cropped.pkl
Loaded video: ../stimuli/words/mp4/word_l2_12.mp4
Extracting coordinates...
          fn_video frame_number   x_face0  ...  y_r_hand20  z_r_hand20  v_r_hand20
0   word_l2_12.mp4            2  0.499093  ...    0.986239    0.061822         0.0
1   word_l2_12.mp4            3  0.498756  ...    0.923316    0.006081         0.0
2   word_l2_12.mp4            4  0.498663  ...    0.883293    0.002419         0.0
3   word_l2_12.mp4            5  0.498552  ...    0.844213    0.009955         0.0
4   word_l2_12.mp4            6  0.498503  ...    0.814126    0.007653         0.0
5   word_l2_12.mp4            7  0.498815  ...    0.787366    0.012107         0.0
6   word_l2_12.mp4            8  0.499024  ...    0.758086    0.016078         0.0
7   word_l2_12.mp4            9  0.498996  ...    0.729354    0.010006         0.0
8   word_l2_12.mp4           10  0.499210  ...    0.705858    0.013632         0.0
9   word_l2_12.mp4           11  0.498363  ...    0.688854    0.025429         0.0
10  word_l2_12.mp4           12  0.498525  ...    0.673306    0.017510         0.0
11  word_l2_12.mp4           13  0.498396  ...    0.660673    0.044133         0.0
12  word_l2_12.mp4           14  0.497554  ...    0.651052    0.032869         0.0
13  word_l2_12.mp4           15  0.497133  ...    0.640509    0.027642         0.0
14  word_l2_12.mp4           16  0.496568  ...    0.629609    0.024354         0.0
15  word_l2_12.mp4           17  0.495840  ...    0.624349    0.014897         0.0
16  word_l2_12.mp4           18  0.495523  ...    0.621031    0.029027         0.0
17  word_l2_12.mp4           19  0.495233  ...    0.620917    0.028223         0.0
18  word_l2_12.mp4           20  0.495852  ...    0.623449    0.016660         0.0
19  word_l2_12.mp4           21  0.496210  ...    0.621916    0.009976         0.0
20  word_l2_12.mp4           22  0.496294  ...    0.615166   -0.013353         0.0
21  word_l2_12.mp4           23  0.496336  ...    0.599979    0.003502         0.0
22  word_l2_12.mp4           24  0.497292  ...    0.587617    0.012311         0.0
23  word_l2_12.mp4           25  0.497696  ...    0.577841   -0.004444         0.0
24  word_l2_12.mp4           26  0.497717  ...    0.572057   -0.004564         0.0
25  word_l2_12.mp4           27  0.497978  ...    0.569519    0.002453         0.0
26  word_l2_12.mp4           28  0.498594  ...    0.563039   -0.002671         0.0
27  word_l2_12.mp4           29  0.498665  ...    0.557076    0.004300         0.0
28  word_l2_12.mp4           30  0.498567  ...    0.551701   -0.001071         0.0
29  word_l2_12.mp4           31  0.498209  ...    0.548840   -0.003554         0.0
30  word_l2_12.mp4           32  0.497786  ...    0.547314   -0.009789         0.0
31  word_l2_12.mp4           33  0.497774  ...    0.546044   -0.014697         0.0
32  word_l2_12.mp4           34  0.497796  ...    0.545580   -0.019985         0.0
33  word_l2_12.mp4           35  0.497561  ...    0.546306   -0.021230         0.0
34  word_l2_12.mp4           36  0.497436  ...    0.547315   -0.014217         0.0
35  word_l2_12.mp4           37  0.497365  ...    0.550231   -0.016373         0.0
36  word_l2_12.mp4           38  0.497218  ...    0.549955   -0.024980         0.0
37  word_l2_12.mp4           39  0.497225  ...    0.552544   -0.019738         0.0
38  word_l2_12.mp4           40  0.497352  ...    0.552505   -0.025054         0.0
39  word_l2_12.mp4           41  0.496791  ...    0.553705   -0.014240         0.0
40  word_l2_12.mp4           42  0.496633  ...    0.553403   -0.022561         0.0
41  word_l2_12.mp4           43  0.496591  ...    0.553112   -0.018407         0.0
42  word_l2_12.mp4           44  0.496528  ...    0.554941   -0.022306         0.0
43  word_l2_12.mp4           45  0.497216  ...    0.557402   -0.023878         0.0
44  word_l2_12.mp4           46  0.497025  ...    0.560471   -0.021157         0.0
45  word_l2_12.mp4           47  0.497248  ...    0.563174   -0.019135         0.0
46  word_l2_12.mp4           48  0.497335  ...    0.574204   -0.008372         0.0
47  word_l2_12.mp4           49  0.497047  ...    0.595731    0.018777         0.0
48  word_l2_12.mp4           50  0.497075  ...    0.615796    0.011346         0.0
49  word_l2_12.mp4           51  0.497257  ...    0.661226    0.006955         0.0
50  word_l2_12.mp4           52  0.497582  ...    0.687312    0.007834         0.0
51  word_l2_12.mp4           53  0.497372  ...    0.699826    0.007422         0.0
52  word_l2_12.mp4           54  0.497700  ...    0.711297    0.007728         0.0
53  word_l2_12.mp4           55  0.497898  ...    0.723888    0.008946         0.0
54  word_l2_12.mp4           56  0.498023  ...    0.735725    0.012003         0.0
55  word_l2_12.mp4           57  0.498360  ...    0.754772    0.011470         0.0

[56 rows x 1958 columns]
Extracting features...
Face width computed for normalizaiton 0.15665715085963824
Features saved to: ../output/word_l2_12_features.csv
          fn_video  ... distance_r_hand6_r_hand10
0   word_l2_12.mp4  ...                  0.219699
1   word_l2_12.mp4  ...                  0.229406
2   word_l2_12.mp4  ...                  0.196921
3   word_l2_12.mp4  ...                  0.180634
4   word_l2_12.mp4  ...                  0.176117
5   word_l2_12.mp4  ...                  0.178087
6   word_l2_12.mp4  ...                  0.172458
7   word_l2_12.mp4  ...                  0.175098
8   word_l2_12.mp4  ...                  0.170242
9   word_l2_12.mp4  ...                  0.170714
10  word_l2_12.mp4  ...                  0.163687
11  word_l2_12.mp4  ...                  0.159472
12  word_l2_12.mp4  ...                  0.153596
13  word_l2_12.mp4  ...                  0.153481
14  word_l2_12.mp4  ...                  0.150757
15  word_l2_12.mp4  ...                  0.148199
16  word_l2_12.mp4  ...                  0.147290
17  word_l2_12.mp4  ...                  0.145791
18  word_l2_12.mp4  ...                  0.149848
19  word_l2_12.mp4  ...                  0.148527
20  word_l2_12.mp4  ...                  0.155882
21  word_l2_12.mp4  ...                  0.158597
22  word_l2_12.mp4  ...                  0.149140
23  word_l2_12.mp4  ...                  0.143822
24  word_l2_12.mp4  ...                  0.143450
25  word_l2_12.mp4  ...                  0.180566
26  word_l2_12.mp4  ...                  0.175889
27  word_l2_12.mp4  ...                  0.166514
28  word_l2_12.mp4  ...                  0.156963
29  word_l2_12.mp4  ...                  0.163182
30  word_l2_12.mp4  ...                  0.162631
31  word_l2_12.mp4  ...                  0.133856
32  word_l2_12.mp4  ...                  0.131114
33  word_l2_12.mp4  ...                  0.134798
34  word_l2_12.mp4  ...                  0.137142
35  word_l2_12.mp4  ...                  0.140519
36  word_l2_12.mp4  ...                  0.137964
37  word_l2_12.mp4  ...                  0.137852
38  word_l2_12.mp4  ...                  0.135433
39  word_l2_12.mp4  ...                  0.127232
40  word_l2_12.mp4  ...                  0.136432
41  word_l2_12.mp4  ...                  0.138410
42  word_l2_12.mp4  ...                  0.135280
43  word_l2_12.mp4  ...                  0.137042
44  word_l2_12.mp4  ...                  0.146242
45  word_l2_12.mp4  ...                  0.153452
46  word_l2_12.mp4  ...                  0.156316
47  word_l2_12.mp4  ...                  0.173072
48  word_l2_12.mp4  ...                  0.165637
49  word_l2_12.mp4  ...                  0.169712
50  word_l2_12.mp4  ...                  0.179544
51  word_l2_12.mp4  ...                  0.198041
52  word_l2_12.mp4  ...                  0.193353
53  word_l2_12.mp4  ...                  0.185825
54  word_l2_12.mp4  ...                  0.181629
55  word_l2_12.mp4  ...                  0.192655

[56 rows x 30 columns]
csv file with predictions was saved to ../output/predictions_rf_shape_female_cropped_word_l2_12.csv
Visualization for: ../stimuli/words/mp4/word_l2_12.mp4
32
