python is /network/lustre/iss02/home/annahita.sarre/anaconda3/envs/myenv/bin/python
Loaded model: ../trained_models/model_rf_position_female_cropped.pkl
Loaded video: ../stimuli/words/mp4/word_h0_05_pseudo.mp4
Extracting coordinates...
                 fn_video frame_number  ...  z_r_hand20  v_r_hand20
0   word_h0_05_pseudo.mp4            1  ...    0.018086         0.0
1   word_h0_05_pseudo.mp4            2  ...    0.022296         0.0
2   word_h0_05_pseudo.mp4            3  ...    0.013682         0.0
3   word_h0_05_pseudo.mp4            4  ...    0.013627         0.0
4   word_h0_05_pseudo.mp4            5  ...    0.009991         0.0
..                    ...          ...  ...         ...         ...
62  word_h0_05_pseudo.mp4           63  ...    0.019317         0.0
63  word_h0_05_pseudo.mp4           64  ...    0.017793         0.0
64  word_h0_05_pseudo.mp4           65  ...    0.020541         0.0
65  word_h0_05_pseudo.mp4           66  ...    0.014516         0.0
66  word_h0_05_pseudo.mp4           67  ...    0.008128         0.0

[67 rows x 1958 columns]
Extracting features...
Face width computed for normalizaiton 0.15928716329610285
Features saved to: ../output/word_h0_05_pseudo_features.csv
                 fn_video  ... distance_r_hand6_r_hand10
0   word_h0_05_pseudo.mp4  ...                  0.211842
1   word_h0_05_pseudo.mp4  ...                  0.196898
2   word_h0_05_pseudo.mp4  ...                  0.194602
3   word_h0_05_pseudo.mp4  ...                  0.176854
4   word_h0_05_pseudo.mp4  ...                  0.175139
..                    ...  ...                       ...
62  word_h0_05_pseudo.mp4  ...                  0.170995
63  word_h0_05_pseudo.mp4  ...                  0.167656
64  word_h0_05_pseudo.mp4  ...                  0.168467
65  word_h0_05_pseudo.mp4  ...                  0.166861
66  word_h0_05_pseudo.mp4  ...                  0.164180

[67 rows x 30 columns]
csv file with predictions was saved to ../output/predictions_rf_position_female_cropped_word_h0_05_pseudo.csv
Loaded model: ../trained_models/model_rf_shape_female_cropped.pkl
Loaded video: ../stimuli/words/mp4/word_h0_05_pseudo.mp4
Extracting coordinates...
                 fn_video frame_number  ...  z_r_hand20  v_r_hand20
0   word_h0_05_pseudo.mp4            1  ...    0.018086         0.0
1   word_h0_05_pseudo.mp4            2  ...    0.022296         0.0
2   word_h0_05_pseudo.mp4            3  ...    0.013682         0.0
3   word_h0_05_pseudo.mp4            4  ...    0.013627         0.0
4   word_h0_05_pseudo.mp4            5  ...    0.009991         0.0
..                    ...          ...  ...         ...         ...
62  word_h0_05_pseudo.mp4           63  ...    0.019317         0.0
63  word_h0_05_pseudo.mp4           64  ...    0.017793         0.0
64  word_h0_05_pseudo.mp4           65  ...    0.020541         0.0
65  word_h0_05_pseudo.mp4           66  ...    0.014516         0.0
66  word_h0_05_pseudo.mp4           67  ...    0.008128         0.0

[67 rows x 1958 columns]
Extracting features...
Face width computed for normalizaiton 0.15928716329610285
Features saved to: ../output/word_h0_05_pseudo_features.csv
                 fn_video  ... distance_r_hand6_r_hand10
0   word_h0_05_pseudo.mp4  ...                  0.211842
1   word_h0_05_pseudo.mp4  ...                  0.196898
2   word_h0_05_pseudo.mp4  ...                  0.194602
3   word_h0_05_pseudo.mp4  ...                  0.176854
4   word_h0_05_pseudo.mp4  ...                  0.175139
..                    ...  ...                       ...
62  word_h0_05_pseudo.mp4  ...                  0.170995
63  word_h0_05_pseudo.mp4  ...                  0.167656
64  word_h0_05_pseudo.mp4  ...                  0.168467
65  word_h0_05_pseudo.mp4  ...                  0.166861
66  word_h0_05_pseudo.mp4  ...                  0.164180

[67 rows x 30 columns]
csv file with predictions was saved to ../output/predictions_rf_shape_female_cropped_word_h0_05_pseudo.csv
Visualization for: ../stimuli/words/mp4/word_h0_05_pseudo.mp4
32
