python is /network/lustre/iss02/home/annahita.sarre/anaconda3/envs/myenv/bin/python
Loaded model: ../trained_models/model_rf_position_female_cropped.pkl
Loaded video: ../stimuli/words/mp4/word_h2_04.mp4
Extracting coordinates...
          fn_video frame_number   x_face0  ...  y_r_hand20  z_r_hand20  v_r_hand20
0   word_h2_04.mp4            4  0.493883  ...    0.954163   -0.011203         0.0
1   word_h2_04.mp4            5  0.493366  ...    0.920343   -0.000720         0.0
2   word_h2_04.mp4            6  0.493254  ...    0.895567   -0.000378         0.0
3   word_h2_04.mp4            7  0.493602  ...    0.859382   -0.000357         0.0
4   word_h2_04.mp4            8  0.493403  ...    0.840205   -0.004658         0.0
..             ...          ...       ...  ...         ...         ...         ...
56  word_h2_04.mp4           60  0.495603  ...    0.814927    0.003729         0.0
57  word_h2_04.mp4           61  0.496153  ...    0.834589    0.009114         0.0
58  word_h2_04.mp4           62  0.496638  ...    0.864372    0.009191         0.0
59  word_h2_04.mp4           63  0.496956  ...    0.894779    0.011914         0.0
60  word_h2_04.mp4           64  0.497914  ...    0.936112    0.003101         0.0

[61 rows x 1958 columns]
Extracting features...
Face width computed for normalizaiton 0.16079711003073627
Features saved to: ../output/word_h2_04_features.csv
          fn_video  ... distance_r_hand6_r_hand10
0   word_h2_04.mp4  ...                  0.225087
1   word_h2_04.mp4  ...                  0.215406
2   word_h2_04.mp4  ...                  0.240813
3   word_h2_04.mp4  ...                  0.275230
4   word_h2_04.mp4  ...                  0.309329
..             ...  ...                       ...
56  word_h2_04.mp4  ...                  0.181476
57  word_h2_04.mp4  ...                  0.173974
58  word_h2_04.mp4  ...                  0.164758
59  word_h2_04.mp4  ...                  0.183779
60  word_h2_04.mp4  ...                  0.179164

[61 rows x 30 columns]
csv file with predictions was saved to ../output/predictions_rf_position_female_cropped_word_h2_04.csv
Loaded model: ../trained_models/model_rf_shape_female_cropped.pkl
Loaded video: ../stimuli/words/mp4/word_h2_04.mp4
Extracting coordinates...
          fn_video frame_number   x_face0  ...  y_r_hand20  z_r_hand20  v_r_hand20
0   word_h2_04.mp4            4  0.493883  ...    0.954163   -0.011203         0.0
1   word_h2_04.mp4            5  0.493366  ...    0.920343   -0.000720         0.0
2   word_h2_04.mp4            6  0.493254  ...    0.895567   -0.000378         0.0
3   word_h2_04.mp4            7  0.493602  ...    0.859382   -0.000357         0.0
4   word_h2_04.mp4            8  0.493403  ...    0.840205   -0.004658         0.0
..             ...          ...       ...  ...         ...         ...         ...
56  word_h2_04.mp4           60  0.495603  ...    0.814927    0.003729         0.0
57  word_h2_04.mp4           61  0.496153  ...    0.834589    0.009114         0.0
58  word_h2_04.mp4           62  0.496638  ...    0.864372    0.009191         0.0
59  word_h2_04.mp4           63  0.496956  ...    0.894779    0.011914         0.0
60  word_h2_04.mp4           64  0.497914  ...    0.936112    0.003101         0.0

[61 rows x 1958 columns]
Extracting features...
Face width computed for normalizaiton 0.16079711003073627
Features saved to: ../output/word_h2_04_features.csv
          fn_video  ... distance_r_hand6_r_hand10
0   word_h2_04.mp4  ...                  0.225087
1   word_h2_04.mp4  ...                  0.215406
2   word_h2_04.mp4  ...                  0.240813
3   word_h2_04.mp4  ...                  0.275230
4   word_h2_04.mp4  ...                  0.309329
..             ...  ...                       ...
56  word_h2_04.mp4  ...                  0.181476
57  word_h2_04.mp4  ...                  0.173974
58  word_h2_04.mp4  ...                  0.164758
59  word_h2_04.mp4  ...                  0.183779
60  word_h2_04.mp4  ...                  0.179164

[61 rows x 30 columns]
csv file with predictions was saved to ../output/predictions_rf_shape_female_cropped_word_h2_04.csv
Visualization for: ../stimuli/words/mp4/word_h2_04.mp4
32
