python is /network/lustre/iss02/home/annahita.sarre/anaconda3/envs/myenv/bin/python
Loaded model: ../trained_models/model_rf_position_female_cropped.pkl
Loaded video: ../stimuli/words/mp4/word_l0_35.mp4
Extracting coordinates...
          fn_video frame_number   x_face0  ...  y_r_hand20  z_r_hand20  v_r_hand20
0   word_l0_35.mp4            1  0.487248  ...    0.967742    0.026028         0.0
1   word_l0_35.mp4            2  0.487234  ...    0.972088    0.020249         0.0
2   word_l0_35.mp4            3  0.486998  ...    0.936543    0.021640         0.0
3   word_l0_35.mp4            4  0.486427  ...    0.899129    0.034764         0.0
4   word_l0_35.mp4            5  0.486103  ...    0.867167    0.044255         0.0
..             ...          ...       ...  ...         ...         ...         ...
70  word_l0_35.mp4           71  0.486900  ...    0.673711    0.010044         0.0
71  word_l0_35.mp4           72  0.486693  ...    0.690277    0.011998         0.0
72  word_l0_35.mp4           73  0.486744  ...    0.706075    0.014224         0.0
73  word_l0_35.mp4           74  0.486747  ...    0.721055    0.015004         0.0
74  word_l0_35.mp4           75  0.486796  ...    0.736279    0.015962         0.0

[75 rows x 1958 columns]
Extracting features...
Face width computed for normalizaiton 0.15681303790700862
Features saved to: ../output/word_l0_35_features.csv
          fn_video  ... distance_r_hand6_r_hand10
0   word_l0_35.mp4  ...                  0.190930
1   word_l0_35.mp4  ...                  0.248355
2   word_l0_35.mp4  ...                  0.229903
3   word_l0_35.mp4  ...                  0.221065
4   word_l0_35.mp4  ...                  0.211829
..             ...  ...                       ...
70  word_l0_35.mp4  ...                  0.192311
71  word_l0_35.mp4  ...                  0.196161
72  word_l0_35.mp4  ...                  0.192514
73  word_l0_35.mp4  ...                  0.202966
74  word_l0_35.mp4  ...                  0.197513

[75 rows x 30 columns]
csv file with predictions was saved to ../output/predictions_rf_position_female_cropped_word_l0_35.csv
Loaded model: ../trained_models/model_rf_shape_female_cropped.pkl
Loaded video: ../stimuli/words/mp4/word_l0_35.mp4
Extracting coordinates...
          fn_video frame_number   x_face0  ...  y_r_hand20  z_r_hand20  v_r_hand20
0   word_l0_35.mp4            1  0.487248  ...    0.967742    0.026028         0.0
1   word_l0_35.mp4            2  0.487234  ...    0.972088    0.020249         0.0
2   word_l0_35.mp4            3  0.486998  ...    0.936543    0.021640         0.0
3   word_l0_35.mp4            4  0.486427  ...    0.899129    0.034764         0.0
4   word_l0_35.mp4            5  0.486103  ...    0.867167    0.044255         0.0
..             ...          ...       ...  ...         ...         ...         ...
70  word_l0_35.mp4           71  0.486900  ...    0.673711    0.010044         0.0
71  word_l0_35.mp4           72  0.486693  ...    0.690277    0.011998         0.0
72  word_l0_35.mp4           73  0.486744  ...    0.706075    0.014224         0.0
73  word_l0_35.mp4           74  0.486747  ...    0.721055    0.015004         0.0
74  word_l0_35.mp4           75  0.486796  ...    0.736279    0.015962         0.0

[75 rows x 1958 columns]
Extracting features...
Face width computed for normalizaiton 0.15681303790700862
Features saved to: ../output/word_l0_35_features.csv
          fn_video  ... distance_r_hand6_r_hand10
0   word_l0_35.mp4  ...                  0.190930
1   word_l0_35.mp4  ...                  0.248355
2   word_l0_35.mp4  ...                  0.229903
3   word_l0_35.mp4  ...                  0.221065
4   word_l0_35.mp4  ...                  0.211829
..             ...  ...                       ...
70  word_l0_35.mp4  ...                  0.192311
71  word_l0_35.mp4  ...                  0.196161
72  word_l0_35.mp4  ...                  0.192514
73  word_l0_35.mp4  ...                  0.202966
74  word_l0_35.mp4  ...                  0.197513

[75 rows x 30 columns]
csv file with predictions was saved to ../output/predictions_rf_shape_female_cropped_word_l0_35.csv
Visualization for: ../stimuli/words/mp4/word_l0_35.mp4
32
