python is /network/lustre/iss02/home/annahita.sarre/anaconda3/envs/myenv/bin/python
Loaded model: ../trained_models/model_rf_position_female_cropped.pkl
Loaded video: ../stimuli/words/mp4/word_l2_25.mp4
Extracting coordinates...
          fn_video frame_number   x_face0  ...  y_r_hand20  z_r_hand20  v_r_hand20
0   word_l2_25.mp4            4  0.498062  ...    1.083904    0.072883         0.0
1   word_l2_25.mp4            5  0.498324  ...    1.033164    0.016143         0.0
2   word_l2_25.mp4            6  0.498027  ...    0.981705    0.026772         0.0
3   word_l2_25.mp4            7  0.497827  ...    0.962874    0.031084         0.0
4   word_l2_25.mp4            8  0.497215  ...    0.929641    0.016629         0.0
5   word_l2_25.mp4            9  0.496964  ...    0.897767    0.027443         0.0
6   word_l2_25.mp4           10  0.496421  ...    0.880156    0.024304         0.0
7   word_l2_25.mp4           11  0.496215  ...    0.853898    0.022003         0.0
8   word_l2_25.mp4           12  0.496060  ...    0.823248    0.016099         0.0
9   word_l2_25.mp4           13  0.495932  ...    0.800105    0.025337         0.0
10  word_l2_25.mp4           14  0.495184  ...    0.770118    0.013147         0.0
11  word_l2_25.mp4           15  0.494701  ...    0.742248    0.012125         0.0
12  word_l2_25.mp4           16  0.494283  ...    0.723591    0.004678         0.0
13  word_l2_25.mp4           17  0.493757  ...    0.700029   -0.006373         0.0
14  word_l2_25.mp4           18  0.493714  ...    0.680440    0.005346         0.0
15  word_l2_25.mp4           19  0.493676  ...    0.670735    0.010817         0.0
16  word_l2_25.mp4           20  0.493245  ...    0.648374    0.005023         0.0
17  word_l2_25.mp4           21  0.493471  ...    0.655400    0.007871         0.0
18  word_l2_25.mp4           22  0.493504  ...    0.649933    0.005215         0.0
19  word_l2_25.mp4           23  0.493773  ...    0.644816   -0.005421         0.0
20  word_l2_25.mp4           24  0.493782  ...    0.654848   -0.008594         0.0
21  word_l2_25.mp4           25  0.494165  ...    0.682806   -0.014639         0.0
22  word_l2_25.mp4           26  0.494576  ...    0.693239   -0.012359         0.0
23  word_l2_25.mp4           27  0.495120  ...    0.701330   -0.014295         0.0
24  word_l2_25.mp4           28  0.495548  ...    0.705115   -0.010545         0.0
25  word_l2_25.mp4           29  0.496004  ...    0.706463   -0.012020         0.0
26  word_l2_25.mp4           30  0.496217  ...    0.706418   -0.013161         0.0
27  word_l2_25.mp4           31  0.496493  ...    0.701687   -0.008976         0.0
28  word_l2_25.mp4           32  0.495714  ...    0.685093   -0.000196         0.0
29  word_l2_25.mp4           33  0.495017  ...    0.673389   -0.001421         0.0
30  word_l2_25.mp4           34  0.495218  ...    0.659073    0.004770         0.0
31  word_l2_25.mp4           35  0.495080  ...    0.655464    0.007847         0.0
32  word_l2_25.mp4           36  0.494779  ...    0.653080    0.006954         0.0
33  word_l2_25.mp4           37  0.495349  ...    0.656230    0.007666         0.0
34  word_l2_25.mp4           38  0.495186  ...    0.654309    0.010056         0.0
35  word_l2_25.mp4           39  0.495304  ...    0.654622    0.009287         0.0
36  word_l2_25.mp4           40  0.495584  ...    0.656241    0.005549         0.0
37  word_l2_25.mp4           41  0.495565  ...    0.654482    0.010692         0.0
38  word_l2_25.mp4           42  0.495641  ...    0.654789    0.007670         0.0
39  word_l2_25.mp4           43  0.495722  ...    0.652604    0.010055         0.0
40  word_l2_25.mp4           44  0.495318  ...    0.652684    0.007349         0.0
41  word_l2_25.mp4           45  0.495234  ...    0.653436    0.009979         0.0
42  word_l2_25.mp4           46  0.495410  ...    0.652849    0.006657         0.0
43  word_l2_25.mp4           47  0.495836  ...    0.656965   -0.000615         0.0
44  word_l2_25.mp4           48  0.495651  ...    0.668501    0.002166         0.0
45  word_l2_25.mp4           49  0.495485  ...    0.669070    0.006784         0.0
46  word_l2_25.mp4           50  0.495810  ...    0.671328    0.001706         0.0
47  word_l2_25.mp4           51  0.495378  ...    0.686966    0.000173         0.0
48  word_l2_25.mp4           52  0.495642  ...    0.704040   -0.001063         0.0
49  word_l2_25.mp4           53  0.496473  ...    0.716871    0.003902         0.0
50  word_l2_25.mp4           54  0.496976  ...    0.728250    0.002486         0.0
51  word_l2_25.mp4           55  0.497996  ...    0.741370    0.005669         0.0
52  word_l2_25.mp4           56  0.498844  ...    0.755048    0.009021         0.0
53  word_l2_25.mp4           57  0.499518  ...    0.773888    0.009279         0.0

[54 rows x 1958 columns]
Extracting features...
Face width computed for normalizaiton 0.15611070383886008
Features saved to: ../output/word_l2_25_features.csv
          fn_video  ... distance_r_hand6_r_hand10
0   word_l2_25.mp4  ...                  0.172368
1   word_l2_25.mp4  ...                  0.224458
2   word_l2_25.mp4  ...                  0.212443
3   word_l2_25.mp4  ...                  0.209053
4   word_l2_25.mp4  ...                  0.218686
5   word_l2_25.mp4  ...                  0.226918
6   word_l2_25.mp4  ...                  0.206687
7   word_l2_25.mp4  ...                  0.206918
8   word_l2_25.mp4  ...                  0.189512
9   word_l2_25.mp4  ...                  0.166733
10  word_l2_25.mp4  ...                  0.150277
11  word_l2_25.mp4  ...                  0.143290
12  word_l2_25.mp4  ...                  0.138783
13  word_l2_25.mp4  ...                  0.126884
14  word_l2_25.mp4  ...                  0.151139
15  word_l2_25.mp4  ...                  0.201383
16  word_l2_25.mp4  ...                  0.192720
17  word_l2_25.mp4  ...                  0.215795
18  word_l2_25.mp4  ...                  0.220416
19  word_l2_25.mp4  ...                  0.200404
20  word_l2_25.mp4  ...                  0.258731
21  word_l2_25.mp4  ...                  0.383592
22  word_l2_25.mp4  ...                  0.380989
23  word_l2_25.mp4  ...                  0.392661
24  word_l2_25.mp4  ...                  0.381515
25  word_l2_25.mp4  ...                  0.388588
26  word_l2_25.mp4  ...                  0.361018
27  word_l2_25.mp4  ...                  0.295779
28  word_l2_25.mp4  ...                  0.205222
29  word_l2_25.mp4  ...                  0.175853
30  word_l2_25.mp4  ...                  0.210542
31  word_l2_25.mp4  ...                  0.228778
32  word_l2_25.mp4  ...                  0.227690
33  word_l2_25.mp4  ...                  0.228454
34  word_l2_25.mp4  ...                  0.234826
35  word_l2_25.mp4  ...                  0.236743
36  word_l2_25.mp4  ...                  0.228318
37  word_l2_25.mp4  ...                  0.240941
38  word_l2_25.mp4  ...                  0.239663
39  word_l2_25.mp4  ...                  0.241956
40  word_l2_25.mp4  ...                  0.233652
41  word_l2_25.mp4  ...                  0.236997
42  word_l2_25.mp4  ...                  0.224620
43  word_l2_25.mp4  ...                  0.187047
44  word_l2_25.mp4  ...                  0.173052
45  word_l2_25.mp4  ...                  0.159802
46  word_l2_25.mp4  ...                  0.183525
47  word_l2_25.mp4  ...                  0.186946
48  word_l2_25.mp4  ...                  0.178602
49  word_l2_25.mp4  ...                  0.179567
50  word_l2_25.mp4  ...                  0.174352
51  word_l2_25.mp4  ...                  0.179708
52  word_l2_25.mp4  ...                  0.185620
53  word_l2_25.mp4  ...                  0.189411

[54 rows x 30 columns]
csv file with predictions was saved to ../output/predictions_rf_position_female_cropped_word_l2_25.csv
Loaded model: ../trained_models/model_rf_shape_female_cropped.pkl
Loaded video: ../stimuli/words/mp4/word_l2_25.mp4
Extracting coordinates...
          fn_video frame_number   x_face0  ...  y_r_hand20  z_r_hand20  v_r_hand20
0   word_l2_25.mp4            4  0.498062  ...    1.083904    0.072883         0.0
1   word_l2_25.mp4            5  0.498324  ...    1.033164    0.016143         0.0
2   word_l2_25.mp4            6  0.498027  ...    0.981705    0.026772         0.0
3   word_l2_25.mp4            7  0.497827  ...    0.962874    0.031084         0.0
4   word_l2_25.mp4            8  0.497215  ...    0.929641    0.016629         0.0
5   word_l2_25.mp4            9  0.496964  ...    0.897767    0.027443         0.0
6   word_l2_25.mp4           10  0.496421  ...    0.880156    0.024304         0.0
7   word_l2_25.mp4           11  0.496215  ...    0.853898    0.022003         0.0
8   word_l2_25.mp4           12  0.496060  ...    0.823248    0.016099         0.0
9   word_l2_25.mp4           13  0.495932  ...    0.800105    0.025337         0.0
10  word_l2_25.mp4           14  0.495184  ...    0.770118    0.013147         0.0
11  word_l2_25.mp4           15  0.494701  ...    0.742248    0.012125         0.0
12  word_l2_25.mp4           16  0.494283  ...    0.723591    0.004678         0.0
13  word_l2_25.mp4           17  0.493757  ...    0.700029   -0.006373         0.0
14  word_l2_25.mp4           18  0.493714  ...    0.680440    0.005346         0.0
15  word_l2_25.mp4           19  0.493676  ...    0.670735    0.010817         0.0
16  word_l2_25.mp4           20  0.493245  ...    0.648374    0.005023         0.0
17  word_l2_25.mp4           21  0.493471  ...    0.655400    0.007871         0.0
18  word_l2_25.mp4           22  0.493504  ...    0.649933    0.005215         0.0
19  word_l2_25.mp4           23  0.493773  ...    0.644816   -0.005421         0.0
20  word_l2_25.mp4           24  0.493782  ...    0.654848   -0.008594         0.0
21  word_l2_25.mp4           25  0.494165  ...    0.682806   -0.014639         0.0
22  word_l2_25.mp4           26  0.494576  ...    0.693239   -0.012359         0.0
23  word_l2_25.mp4           27  0.495120  ...    0.701330   -0.014295         0.0
24  word_l2_25.mp4           28  0.495548  ...    0.705115   -0.010545         0.0
25  word_l2_25.mp4           29  0.496004  ...    0.706463   -0.012020         0.0
26  word_l2_25.mp4           30  0.496217  ...    0.706418   -0.013161         0.0
27  word_l2_25.mp4           31  0.496493  ...    0.701687   -0.008976         0.0
28  word_l2_25.mp4           32  0.495714  ...    0.685093   -0.000196         0.0
29  word_l2_25.mp4           33  0.495017  ...    0.673389   -0.001421         0.0
30  word_l2_25.mp4           34  0.495218  ...    0.659073    0.004770         0.0
31  word_l2_25.mp4           35  0.495080  ...    0.655464    0.007847         0.0
32  word_l2_25.mp4           36  0.494779  ...    0.653080    0.006954         0.0
33  word_l2_25.mp4           37  0.495349  ...    0.656230    0.007666         0.0
34  word_l2_25.mp4           38  0.495186  ...    0.654309    0.010056         0.0
35  word_l2_25.mp4           39  0.495304  ...    0.654622    0.009287         0.0
36  word_l2_25.mp4           40  0.495584  ...    0.656241    0.005549         0.0
37  word_l2_25.mp4           41  0.495565  ...    0.654482    0.010692         0.0
38  word_l2_25.mp4           42  0.495641  ...    0.654789    0.007670         0.0
39  word_l2_25.mp4           43  0.495722  ...    0.652604    0.010055         0.0
40  word_l2_25.mp4           44  0.495318  ...    0.652684    0.007349         0.0
41  word_l2_25.mp4           45  0.495234  ...    0.653436    0.009979         0.0
42  word_l2_25.mp4           46  0.495410  ...    0.652849    0.006657         0.0
43  word_l2_25.mp4           47  0.495836  ...    0.656965   -0.000615         0.0
44  word_l2_25.mp4           48  0.495651  ...    0.668501    0.002166         0.0
45  word_l2_25.mp4           49  0.495485  ...    0.669070    0.006784         0.0
46  word_l2_25.mp4           50  0.495810  ...    0.671328    0.001706         0.0
47  word_l2_25.mp4           51  0.495378  ...    0.686966    0.000173         0.0
48  word_l2_25.mp4           52  0.495642  ...    0.704040   -0.001063         0.0
49  word_l2_25.mp4           53  0.496473  ...    0.716871    0.003902         0.0
50  word_l2_25.mp4           54  0.496976  ...    0.728250    0.002486         0.0
51  word_l2_25.mp4           55  0.497996  ...    0.741370    0.005669         0.0
52  word_l2_25.mp4           56  0.498844  ...    0.755048    0.009021         0.0
53  word_l2_25.mp4           57  0.499518  ...    0.773888    0.009279         0.0

[54 rows x 1958 columns]
Extracting features...
Face width computed for normalizaiton 0.15611070383886008
Features saved to: ../output/word_l2_25_features.csv
          fn_video  ... distance_r_hand6_r_hand10
0   word_l2_25.mp4  ...                  0.172368
1   word_l2_25.mp4  ...                  0.224458
2   word_l2_25.mp4  ...                  0.212443
3   word_l2_25.mp4  ...                  0.209053
4   word_l2_25.mp4  ...                  0.218686
5   word_l2_25.mp4  ...                  0.226918
6   word_l2_25.mp4  ...                  0.206687
7   word_l2_25.mp4  ...                  0.206918
8   word_l2_25.mp4  ...                  0.189512
9   word_l2_25.mp4  ...                  0.166733
10  word_l2_25.mp4  ...                  0.150277
11  word_l2_25.mp4  ...                  0.143290
12  word_l2_25.mp4  ...                  0.138783
13  word_l2_25.mp4  ...                  0.126884
14  word_l2_25.mp4  ...                  0.151139
15  word_l2_25.mp4  ...                  0.201383
16  word_l2_25.mp4  ...                  0.192720
17  word_l2_25.mp4  ...                  0.215795
18  word_l2_25.mp4  ...                  0.220416
19  word_l2_25.mp4  ...                  0.200404
20  word_l2_25.mp4  ...                  0.258731
21  word_l2_25.mp4  ...                  0.383592
22  word_l2_25.mp4  ...                  0.380989
23  word_l2_25.mp4  ...                  0.392661
24  word_l2_25.mp4  ...                  0.381515
25  word_l2_25.mp4  ...                  0.388588
26  word_l2_25.mp4  ...                  0.361018
27  word_l2_25.mp4  ...                  0.295779
28  word_l2_25.mp4  ...                  0.205222
29  word_l2_25.mp4  ...                  0.175853
30  word_l2_25.mp4  ...                  0.210542
31  word_l2_25.mp4  ...                  0.228778
32  word_l2_25.mp4  ...                  0.227690
33  word_l2_25.mp4  ...                  0.228454
34  word_l2_25.mp4  ...                  0.234826
35  word_l2_25.mp4  ...                  0.236743
36  word_l2_25.mp4  ...                  0.228318
37  word_l2_25.mp4  ...                  0.240941
38  word_l2_25.mp4  ...                  0.239663
39  word_l2_25.mp4  ...                  0.241956
40  word_l2_25.mp4  ...                  0.233652
41  word_l2_25.mp4  ...                  0.236997
42  word_l2_25.mp4  ...                  0.224620
43  word_l2_25.mp4  ...                  0.187047
44  word_l2_25.mp4  ...                  0.173052
45  word_l2_25.mp4  ...                  0.159802
46  word_l2_25.mp4  ...                  0.183525
47  word_l2_25.mp4  ...                  0.186946
48  word_l2_25.mp4  ...                  0.178602
49  word_l2_25.mp4  ...                  0.179567
50  word_l2_25.mp4  ...                  0.174352
51  word_l2_25.mp4  ...                  0.179708
52  word_l2_25.mp4  ...                  0.185620
53  word_l2_25.mp4  ...                  0.189411

[54 rows x 30 columns]
csv file with predictions was saved to ../output/predictions_rf_shape_female_cropped_word_l2_25.csv
Visualization for: ../stimuli/words/mp4/word_l2_25.mp4
32
