python is /network/lustre/iss02/home/annahita.sarre/anaconda3/envs/myenv/bin/python
Loaded model: ../trained_models/model_rf_position_female_cropped.pkl
Loaded video: ../stimuli/words/mp4/word_l2_26.mp4
Extracting coordinates...
          fn_video frame_number   x_face0  ...  y_r_hand20  z_r_hand20  v_r_hand20
0   word_l2_26.mp4            4  0.495641  ...    1.064746    0.000151         0.0
1   word_l2_26.mp4            5  0.495498  ...    0.955976    0.017669         0.0
2   word_l2_26.mp4            6  0.495600  ...    0.937062    0.034446         0.0
3   word_l2_26.mp4            7  0.495738  ...    0.897722    0.026408         0.0
4   word_l2_26.mp4            8  0.495714  ...    0.866592    0.034868         0.0
..             ...          ...       ...  ...         ...         ...         ...
56  word_l2_26.mp4           60  0.491638  ...    0.587868    0.001935         0.0
57  word_l2_26.mp4           61  0.491408  ...    0.628526    0.010338         0.0
58  word_l2_26.mp4           62  0.491598  ...    0.655553    0.007710         0.0
59  word_l2_26.mp4           63  0.491521  ...    0.667772    0.001748         0.0
60  word_l2_26.mp4           64  0.492090  ...    0.700502    0.009475         0.0

[61 rows x 1958 columns]
Extracting features...
Face width computed for normalizaiton 0.15607533538300222
Features saved to: ../output/word_l2_26_features.csv
          fn_video  ... distance_r_hand6_r_hand10
0   word_l2_26.mp4  ...                  0.096223
1   word_l2_26.mp4  ...                  0.098134
2   word_l2_26.mp4  ...                  0.183971
3   word_l2_26.mp4  ...                  0.190841
4   word_l2_26.mp4  ...                  0.198605
..             ...  ...                       ...
56  word_l2_26.mp4  ...                  0.174513
57  word_l2_26.mp4  ...                  0.173686
58  word_l2_26.mp4  ...                  0.187726
59  word_l2_26.mp4  ...                  0.168509
60  word_l2_26.mp4  ...                  0.175367

[61 rows x 30 columns]
csv file with predictions was saved to ../output/predictions_rf_position_female_cropped_word_l2_26.csv
Loaded model: ../trained_models/model_rf_shape_female_cropped.pkl
Loaded video: ../stimuli/words/mp4/word_l2_26.mp4
Extracting coordinates...
          fn_video frame_number   x_face0  ...  y_r_hand20  z_r_hand20  v_r_hand20
0   word_l2_26.mp4            4  0.495641  ...    1.064746    0.000151         0.0
1   word_l2_26.mp4            5  0.495498  ...    0.955976    0.017669         0.0
2   word_l2_26.mp4            6  0.495600  ...    0.937062    0.034446         0.0
3   word_l2_26.mp4            7  0.495738  ...    0.897722    0.026408         0.0
4   word_l2_26.mp4            8  0.495714  ...    0.866592    0.034868         0.0
..             ...          ...       ...  ...         ...         ...         ...
56  word_l2_26.mp4           60  0.491638  ...    0.587868    0.001935         0.0
57  word_l2_26.mp4           61  0.491408  ...    0.628526    0.010338         0.0
58  word_l2_26.mp4           62  0.491598  ...    0.655553    0.007710         0.0
59  word_l2_26.mp4           63  0.491521  ...    0.667772    0.001748         0.0
60  word_l2_26.mp4           64  0.492090  ...    0.700502    0.009475         0.0

[61 rows x 1958 columns]
Extracting features...
Face width computed for normalizaiton 0.15607533538300222
Features saved to: ../output/word_l2_26_features.csv
          fn_video  ... distance_r_hand6_r_hand10
0   word_l2_26.mp4  ...                  0.096223
1   word_l2_26.mp4  ...                  0.098134
2   word_l2_26.mp4  ...                  0.183971
3   word_l2_26.mp4  ...                  0.190841
4   word_l2_26.mp4  ...                  0.198605
..             ...  ...                       ...
56  word_l2_26.mp4  ...                  0.174513
57  word_l2_26.mp4  ...                  0.173686
58  word_l2_26.mp4  ...                  0.187726
59  word_l2_26.mp4  ...                  0.168509
60  word_l2_26.mp4  ...                  0.175367

[61 rows x 30 columns]
csv file with predictions was saved to ../output/predictions_rf_shape_female_cropped_word_l2_26.csv
