python is /network/lustre/iss02/home/annahita.sarre/anaconda3/envs/myenv/bin/python
Loaded model: ../trained_models/model_rf_position_female_cropped.pkl
Loaded video: ../stimuli/words/mp4/word_l1_03_pseudo.mp4
Extracting coordinates...
                 fn_video frame_number  ...  z_r_hand20  v_r_hand20
0   word_l1_03_pseudo.mp4            5  ...    0.050015         0.0
1   word_l1_03_pseudo.mp4            6  ...    0.065441         0.0
2   word_l1_03_pseudo.mp4            7  ...    0.033287         0.0
3   word_l1_03_pseudo.mp4            8  ...    0.034892         0.0
4   word_l1_03_pseudo.mp4            9  ...    0.044578         0.0
5   word_l1_03_pseudo.mp4           10  ...    0.042438         0.0
6   word_l1_03_pseudo.mp4           11  ...    0.019175         0.0
7   word_l1_03_pseudo.mp4           12  ...    0.036693         0.0
8   word_l1_03_pseudo.mp4           13  ...    0.029613         0.0
9   word_l1_03_pseudo.mp4           14  ...    0.023135         0.0
10  word_l1_03_pseudo.mp4           15  ...    0.018234         0.0
11  word_l1_03_pseudo.mp4           16  ...    0.019806         0.0
12  word_l1_03_pseudo.mp4           17  ...    0.039542         0.0
13  word_l1_03_pseudo.mp4           18  ...    0.006967         0.0
14  word_l1_03_pseudo.mp4           19  ...    0.006895         0.0
15  word_l1_03_pseudo.mp4           20  ...    0.015521         0.0
16  word_l1_03_pseudo.mp4           21  ...   -0.003865         0.0
17  word_l1_03_pseudo.mp4           22  ...   -0.011757         0.0
18  word_l1_03_pseudo.mp4           23  ...    0.007035         0.0
19  word_l1_03_pseudo.mp4           24  ...    0.006225         0.0
20  word_l1_03_pseudo.mp4           25  ...    0.007693         0.0
21  word_l1_03_pseudo.mp4           26  ...    0.000147         0.0
22  word_l1_03_pseudo.mp4           27  ...    0.005697         0.0
23  word_l1_03_pseudo.mp4           28  ...    0.001660         0.0
24  word_l1_03_pseudo.mp4           29  ...    0.000364         0.0
25  word_l1_03_pseudo.mp4           30  ...    0.004688         0.0
26  word_l1_03_pseudo.mp4           31  ...    0.006495         0.0
27  word_l1_03_pseudo.mp4           32  ...    0.005842         0.0
28  word_l1_03_pseudo.mp4           33  ...    0.003308         0.0
29  word_l1_03_pseudo.mp4           34  ...    0.000099         0.0
30  word_l1_03_pseudo.mp4           35  ...    0.010834         0.0
31  word_l1_03_pseudo.mp4           36  ...    0.004814         0.0
32  word_l1_03_pseudo.mp4           37  ...    0.003060         0.0
33  word_l1_03_pseudo.mp4           38  ...   -0.000473         0.0
34  word_l1_03_pseudo.mp4           39  ...    0.008088         0.0
35  word_l1_03_pseudo.mp4           40  ...    0.005571         0.0
36  word_l1_03_pseudo.mp4           41  ...    0.007543         0.0
37  word_l1_03_pseudo.mp4           42  ...    0.002630         0.0
38  word_l1_03_pseudo.mp4           43  ...    0.003030         0.0
39  word_l1_03_pseudo.mp4           44  ...    0.007965         0.0
40  word_l1_03_pseudo.mp4           45  ...    0.010666         0.0
41  word_l1_03_pseudo.mp4           46  ...    0.009074         0.0
42  word_l1_03_pseudo.mp4           47  ...    0.006751         0.0
43  word_l1_03_pseudo.mp4           48  ...    0.004163         0.0
44  word_l1_03_pseudo.mp4           49  ...    0.001178         0.0
45  word_l1_03_pseudo.mp4           50  ...    0.005068         0.0
46  word_l1_03_pseudo.mp4           51  ...    0.001676         0.0
47  word_l1_03_pseudo.mp4           52  ...    0.004522         0.0
48  word_l1_03_pseudo.mp4           53  ...    0.014699         0.0
49  word_l1_03_pseudo.mp4           54  ...    0.012370         0.0
50  word_l1_03_pseudo.mp4           55  ...    0.014743         0.0
51  word_l1_03_pseudo.mp4           56  ...    0.010889         0.0
52  word_l1_03_pseudo.mp4           57  ...    0.012471         0.0
53  word_l1_03_pseudo.mp4           58  ...    0.011189         0.0
54  word_l1_03_pseudo.mp4           59  ...    0.011859         0.0
55  word_l1_03_pseudo.mp4           60  ...    0.014334         0.0
56  word_l1_03_pseudo.mp4           61  ...    0.028009         0.0
57  word_l1_03_pseudo.mp4           62  ...    0.022018         0.0
58  word_l1_03_pseudo.mp4           63  ...    0.017702         0.0
59  word_l1_03_pseudo.mp4           64  ...    0.017725         0.0

[60 rows x 1958 columns]
Extracting features...
Face width computed for normalizaiton 0.16252711498132327
Features saved to: ../output/word_l1_03_pseudo_features.csv
                 fn_video  ... distance_r_hand6_r_hand10
0   word_l1_03_pseudo.mp4  ...                  0.231005
1   word_l1_03_pseudo.mp4  ...                  0.220705
2   word_l1_03_pseudo.mp4  ...                  0.219432
3   word_l1_03_pseudo.mp4  ...                  0.225711
4   word_l1_03_pseudo.mp4  ...                  0.200718
5   word_l1_03_pseudo.mp4  ...                  0.183935
6   word_l1_03_pseudo.mp4  ...                  0.158788
7   word_l1_03_pseudo.mp4  ...                  0.156826
8   word_l1_03_pseudo.mp4  ...                  0.153851
9   word_l1_03_pseudo.mp4  ...                  0.148696
10  word_l1_03_pseudo.mp4  ...                  0.142866
11  word_l1_03_pseudo.mp4  ...                  0.144062
12  word_l1_03_pseudo.mp4  ...                  0.144029
13  word_l1_03_pseudo.mp4  ...                  0.150706
14  word_l1_03_pseudo.mp4  ...                  0.151570
15  word_l1_03_pseudo.mp4  ...                  0.153155
16  word_l1_03_pseudo.mp4  ...                  0.176351
17  word_l1_03_pseudo.mp4  ...                  0.215468
18  word_l1_03_pseudo.mp4  ...                  0.212906
19  word_l1_03_pseudo.mp4  ...                  0.243394
20  word_l1_03_pseudo.mp4  ...                  0.301956
21  word_l1_03_pseudo.mp4  ...                  0.356364
22  word_l1_03_pseudo.mp4  ...                  0.384436
23  word_l1_03_pseudo.mp4  ...                  0.389161
24  word_l1_03_pseudo.mp4  ...                  0.394401
25  word_l1_03_pseudo.mp4  ...                  0.395035
26  word_l1_03_pseudo.mp4  ...                  0.400009
27  word_l1_03_pseudo.mp4  ...                  0.374444
28  word_l1_03_pseudo.mp4  ...                  0.287747
29  word_l1_03_pseudo.mp4  ...                  0.243652
30  word_l1_03_pseudo.mp4  ...                  0.182707
31  word_l1_03_pseudo.mp4  ...                  0.167459
32  word_l1_03_pseudo.mp4  ...                  0.160744
33  word_l1_03_pseudo.mp4  ...                  0.158092
34  word_l1_03_pseudo.mp4  ...                  0.168040
35  word_l1_03_pseudo.mp4  ...                  0.162489
36  word_l1_03_pseudo.mp4  ...                  0.174606
37  word_l1_03_pseudo.mp4  ...                  0.165659
38  word_l1_03_pseudo.mp4  ...                  0.168191
39  word_l1_03_pseudo.mp4  ...                  0.178413
40  word_l1_03_pseudo.mp4  ...                  0.178560
41  word_l1_03_pseudo.mp4  ...                  0.176229
42  word_l1_03_pseudo.mp4  ...                  0.172242
43  word_l1_03_pseudo.mp4  ...                  0.172524
44  word_l1_03_pseudo.mp4  ...                  0.165389
45  word_l1_03_pseudo.mp4  ...                  0.169426
46  word_l1_03_pseudo.mp4  ...                  0.168499
47  word_l1_03_pseudo.mp4  ...                  0.160818
48  word_l1_03_pseudo.mp4  ...                  0.165613
49  word_l1_03_pseudo.mp4  ...                  0.161188
50  word_l1_03_pseudo.mp4  ...                  0.180907
51  word_l1_03_pseudo.mp4  ...                  0.188305
52  word_l1_03_pseudo.mp4  ...                  0.179442
53  word_l1_03_pseudo.mp4  ...                  0.180505
54  word_l1_03_pseudo.mp4  ...                  0.186009
55  word_l1_03_pseudo.mp4  ...                  0.191664
56  word_l1_03_pseudo.mp4  ...                  0.198295
57  word_l1_03_pseudo.mp4  ...                  0.187784
58  word_l1_03_pseudo.mp4  ...                  0.207958
59  word_l1_03_pseudo.mp4  ...                  0.226793

[60 rows x 30 columns]
csv file with predictions was saved to ../output/predictions_rf_position_female_cropped_word_l1_03_pseudo.csv
Loaded model: ../trained_models/model_rf_shape_female_cropped.pkl
Loaded video: ../stimuli/words/mp4/word_l1_03_pseudo.mp4
Extracting coordinates...
                 fn_video frame_number  ...  z_r_hand20  v_r_hand20
0   word_l1_03_pseudo.mp4            5  ...    0.050015         0.0
1   word_l1_03_pseudo.mp4            6  ...    0.065441         0.0
2   word_l1_03_pseudo.mp4            7  ...    0.033287         0.0
3   word_l1_03_pseudo.mp4            8  ...    0.034892         0.0
4   word_l1_03_pseudo.mp4            9  ...    0.044578         0.0
5   word_l1_03_pseudo.mp4           10  ...    0.042438         0.0
6   word_l1_03_pseudo.mp4           11  ...    0.019175         0.0
7   word_l1_03_pseudo.mp4           12  ...    0.036693         0.0
8   word_l1_03_pseudo.mp4           13  ...    0.029613         0.0
9   word_l1_03_pseudo.mp4           14  ...    0.023135         0.0
10  word_l1_03_pseudo.mp4           15  ...    0.018234         0.0
11  word_l1_03_pseudo.mp4           16  ...    0.019806         0.0
12  word_l1_03_pseudo.mp4           17  ...    0.039542         0.0
13  word_l1_03_pseudo.mp4           18  ...    0.006967         0.0
14  word_l1_03_pseudo.mp4           19  ...    0.006895         0.0
15  word_l1_03_pseudo.mp4           20  ...    0.015521         0.0
16  word_l1_03_pseudo.mp4           21  ...   -0.003865         0.0
17  word_l1_03_pseudo.mp4           22  ...   -0.011757         0.0
18  word_l1_03_pseudo.mp4           23  ...    0.007035         0.0
19  word_l1_03_pseudo.mp4           24  ...    0.006225         0.0
20  word_l1_03_pseudo.mp4           25  ...    0.007693         0.0
21  word_l1_03_pseudo.mp4           26  ...    0.000147         0.0
22  word_l1_03_pseudo.mp4           27  ...    0.005697         0.0
23  word_l1_03_pseudo.mp4           28  ...    0.001660         0.0
24  word_l1_03_pseudo.mp4           29  ...    0.000364         0.0
25  word_l1_03_pseudo.mp4           30  ...    0.004688         0.0
26  word_l1_03_pseudo.mp4           31  ...    0.006495         0.0
27  word_l1_03_pseudo.mp4           32  ...    0.005842         0.0
28  word_l1_03_pseudo.mp4           33  ...    0.003308         0.0
29  word_l1_03_pseudo.mp4           34  ...    0.000099         0.0
30  word_l1_03_pseudo.mp4           35  ...    0.010834         0.0
31  word_l1_03_pseudo.mp4           36  ...    0.004814         0.0
32  word_l1_03_pseudo.mp4           37  ...    0.003060         0.0
33  word_l1_03_pseudo.mp4           38  ...   -0.000473         0.0
34  word_l1_03_pseudo.mp4           39  ...    0.008088         0.0
35  word_l1_03_pseudo.mp4           40  ...    0.005571         0.0
36  word_l1_03_pseudo.mp4           41  ...    0.007543         0.0
37  word_l1_03_pseudo.mp4           42  ...    0.002630         0.0
38  word_l1_03_pseudo.mp4           43  ...    0.003030         0.0
39  word_l1_03_pseudo.mp4           44  ...    0.007965         0.0
40  word_l1_03_pseudo.mp4           45  ...    0.010666         0.0
41  word_l1_03_pseudo.mp4           46  ...    0.009074         0.0
42  word_l1_03_pseudo.mp4           47  ...    0.006751         0.0
43  word_l1_03_pseudo.mp4           48  ...    0.004163         0.0
44  word_l1_03_pseudo.mp4           49  ...    0.001178         0.0
45  word_l1_03_pseudo.mp4           50  ...    0.005068         0.0
46  word_l1_03_pseudo.mp4           51  ...    0.001676         0.0
47  word_l1_03_pseudo.mp4           52  ...    0.004522         0.0
48  word_l1_03_pseudo.mp4           53  ...    0.014699         0.0
49  word_l1_03_pseudo.mp4           54  ...    0.012370         0.0
50  word_l1_03_pseudo.mp4           55  ...    0.014743         0.0
51  word_l1_03_pseudo.mp4           56  ...    0.010889         0.0
52  word_l1_03_pseudo.mp4           57  ...    0.012471         0.0
53  word_l1_03_pseudo.mp4           58  ...    0.011189         0.0
54  word_l1_03_pseudo.mp4           59  ...    0.011859         0.0
55  word_l1_03_pseudo.mp4           60  ...    0.014334         0.0
56  word_l1_03_pseudo.mp4           61  ...    0.028009         0.0
57  word_l1_03_pseudo.mp4           62  ...    0.022018         0.0
58  word_l1_03_pseudo.mp4           63  ...    0.017702         0.0
59  word_l1_03_pseudo.mp4           64  ...    0.017725         0.0

[60 rows x 1958 columns]
Extracting features...
Face width computed for normalizaiton 0.16252711498132327
Features saved to: ../output/word_l1_03_pseudo_features.csv
                 fn_video  ... distance_r_hand6_r_hand10
0   word_l1_03_pseudo.mp4  ...                  0.231005
1   word_l1_03_pseudo.mp4  ...                  0.220705
2   word_l1_03_pseudo.mp4  ...                  0.219432
3   word_l1_03_pseudo.mp4  ...                  0.225711
4   word_l1_03_pseudo.mp4  ...                  0.200718
5   word_l1_03_pseudo.mp4  ...                  0.183935
6   word_l1_03_pseudo.mp4  ...                  0.158788
7   word_l1_03_pseudo.mp4  ...                  0.156826
8   word_l1_03_pseudo.mp4  ...                  0.153851
9   word_l1_03_pseudo.mp4  ...                  0.148696
10  word_l1_03_pseudo.mp4  ...                  0.142866
11  word_l1_03_pseudo.mp4  ...                  0.144062
12  word_l1_03_pseudo.mp4  ...                  0.144029
13  word_l1_03_pseudo.mp4  ...                  0.150706
14  word_l1_03_pseudo.mp4  ...                  0.151570
15  word_l1_03_pseudo.mp4  ...                  0.153155
16  word_l1_03_pseudo.mp4  ...                  0.176351
17  word_l1_03_pseudo.mp4  ...                  0.215468
18  word_l1_03_pseudo.mp4  ...                  0.212906
19  word_l1_03_pseudo.mp4  ...                  0.243394
20  word_l1_03_pseudo.mp4  ...                  0.301956
21  word_l1_03_pseudo.mp4  ...                  0.356364
22  word_l1_03_pseudo.mp4  ...                  0.384436
23  word_l1_03_pseudo.mp4  ...                  0.389161
24  word_l1_03_pseudo.mp4  ...                  0.394401
25  word_l1_03_pseudo.mp4  ...                  0.395035
26  word_l1_03_pseudo.mp4  ...                  0.400009
27  word_l1_03_pseudo.mp4  ...                  0.374444
28  word_l1_03_pseudo.mp4  ...                  0.287747
29  word_l1_03_pseudo.mp4  ...                  0.243652
30  word_l1_03_pseudo.mp4  ...                  0.182707
31  word_l1_03_pseudo.mp4  ...                  0.167459
32  word_l1_03_pseudo.mp4  ...                  0.160744
33  word_l1_03_pseudo.mp4  ...                  0.158092
34  word_l1_03_pseudo.mp4  ...                  0.168040
35  word_l1_03_pseudo.mp4  ...                  0.162489
36  word_l1_03_pseudo.mp4  ...                  0.174606
37  word_l1_03_pseudo.mp4  ...                  0.165659
38  word_l1_03_pseudo.mp4  ...                  0.168191
39  word_l1_03_pseudo.mp4  ...                  0.178413
40  word_l1_03_pseudo.mp4  ...                  0.178560
41  word_l1_03_pseudo.mp4  ...                  0.176229
42  word_l1_03_pseudo.mp4  ...                  0.172242
43  word_l1_03_pseudo.mp4  ...                  0.172524
44  word_l1_03_pseudo.mp4  ...                  0.165389
45  word_l1_03_pseudo.mp4  ...                  0.169426
46  word_l1_03_pseudo.mp4  ...                  0.168499
47  word_l1_03_pseudo.mp4  ...                  0.160818
48  word_l1_03_pseudo.mp4  ...                  0.165613
49  word_l1_03_pseudo.mp4  ...                  0.161188
50  word_l1_03_pseudo.mp4  ...                  0.180907
51  word_l1_03_pseudo.mp4  ...                  0.188305
52  word_l1_03_pseudo.mp4  ...                  0.179442
53  word_l1_03_pseudo.mp4  ...                  0.180505
54  word_l1_03_pseudo.mp4  ...                  0.186009
55  word_l1_03_pseudo.mp4  ...                  0.191664
56  word_l1_03_pseudo.mp4  ...                  0.198295
57  word_l1_03_pseudo.mp4  ...                  0.187784
58  word_l1_03_pseudo.mp4  ...                  0.207958
59  word_l1_03_pseudo.mp4  ...                  0.226793

[60 rows x 30 columns]
csv file with predictions was saved to ../output/predictions_rf_shape_female_cropped_word_l1_03_pseudo.csv
Visualization for: ../stimuli/words/mp4/word_l1_03_pseudo.mp4
32
