python is /network/lustre/iss02/home/annahita.sarre/anaconda3/envs/myenv/bin/python
Loaded model: ../trained_models/model_rf_position_female_cropped.pkl
Loaded video: ../stimuli/words/mp4/word_h0_33.mp4
Extracting coordinates...
          fn_video frame_number   x_face0  ...  y_r_hand20  z_r_hand20  v_r_hand20
0   word_h0_33.mp4            3  0.495286  ...    1.055557    0.040297         0.0
1   word_h0_33.mp4            4  0.495637  ...    0.995543    0.044472         0.0
2   word_h0_33.mp4            5  0.495508  ...    0.932529    0.017699         0.0
3   word_h0_33.mp4            6  0.495057  ...    0.891969    0.021520         0.0
4   word_h0_33.mp4            7  0.494996  ...    0.841075    0.032648         0.0
..             ...          ...       ...  ...         ...         ...         ...
74  word_h0_33.mp4           77  0.498987  ...    0.856978    0.016545         0.0
75  word_h0_33.mp4           78  0.498380  ...    0.887238    0.010566         0.0
76  word_h0_33.mp4           79  0.498405  ...    0.916524    0.008292         0.0
77  word_h0_33.mp4           80  0.498317  ...    0.951994    0.009763         0.0
78  word_h0_33.mp4           81  0.498489  ...    0.975482    0.005454         0.0

[79 rows x 1958 columns]
Extracting features...
Face width computed for normalizaiton 0.16059832799687024
Features saved to: ../output/word_h0_33_features.csv
          fn_video  ... distance_r_hand6_r_hand10
0   word_h0_33.mp4  ...                  0.232328
1   word_h0_33.mp4  ...                  0.253237
2   word_h0_33.mp4  ...                  0.203789
3   word_h0_33.mp4  ...                  0.197197
4   word_h0_33.mp4  ...                  0.189452
..             ...  ...                       ...
74  word_h0_33.mp4  ...                  0.211641
75  word_h0_33.mp4  ...                  0.214434
76  word_h0_33.mp4  ...                  0.218992
77  word_h0_33.mp4  ...                  0.226284
78  word_h0_33.mp4  ...                  0.216417

[79 rows x 30 columns]
csv file with predictions was saved to ../output/predictions_rf_position_female_cropped_word_h0_33.csv
Loaded model: ../trained_models/model_rf_shape_female_cropped.pkl
Loaded video: ../stimuli/words/mp4/word_h0_33.mp4
Extracting coordinates...
          fn_video frame_number   x_face0  ...  y_r_hand20  z_r_hand20  v_r_hand20
0   word_h0_33.mp4            3  0.495286  ...    1.055557    0.040297         0.0
1   word_h0_33.mp4            4  0.495637  ...    0.995543    0.044472         0.0
2   word_h0_33.mp4            5  0.495508  ...    0.932529    0.017699         0.0
3   word_h0_33.mp4            6  0.495057  ...    0.891969    0.021520         0.0
4   word_h0_33.mp4            7  0.494996  ...    0.841075    0.032648         0.0
..             ...          ...       ...  ...         ...         ...         ...
74  word_h0_33.mp4           77  0.498987  ...    0.856978    0.016545         0.0
75  word_h0_33.mp4           78  0.498380  ...    0.887238    0.010566         0.0
76  word_h0_33.mp4           79  0.498405  ...    0.916524    0.008292         0.0
77  word_h0_33.mp4           80  0.498317  ...    0.951994    0.009763         0.0
78  word_h0_33.mp4           81  0.498489  ...    0.975482    0.005454         0.0

[79 rows x 1958 columns]
Extracting features...
Face width computed for normalizaiton 0.16059832799687024
Features saved to: ../output/word_h0_33_features.csv
          fn_video  ... distance_r_hand6_r_hand10
0   word_h0_33.mp4  ...                  0.232328
1   word_h0_33.mp4  ...                  0.253237
2   word_h0_33.mp4  ...                  0.203789
3   word_h0_33.mp4  ...                  0.197197
4   word_h0_33.mp4  ...                  0.189452
..             ...  ...                       ...
74  word_h0_33.mp4  ...                  0.211641
75  word_h0_33.mp4  ...                  0.214434
76  word_h0_33.mp4  ...                  0.218992
77  word_h0_33.mp4  ...                  0.226284
78  word_h0_33.mp4  ...                  0.216417

[79 rows x 30 columns]
csv file with predictions was saved to ../output/predictions_rf_shape_female_cropped_word_h0_33.csv
Visualization for: ../stimuli/words/mp4/word_h0_33.mp4
32
