python is /network/lustre/iss02/home/annahita.sarre/anaconda3/envs/myenv/bin/python
Loaded model: ../trained_models/model_rf_position_female_cropped.pkl
Loaded video: ../stimuli/words/mp4/word_l0_04_pseudo.mp4
Extracting coordinates...
                 fn_video frame_number  ...  z_r_hand20  v_r_hand20
0   word_l0_04_pseudo.mp4            1  ...    0.031932         0.0
1   word_l0_04_pseudo.mp4            2  ...    0.030232         0.0
2   word_l0_04_pseudo.mp4            3  ...    0.035341         0.0
3   word_l0_04_pseudo.mp4            4  ...    0.039504         0.0
4   word_l0_04_pseudo.mp4            5  ...    0.035775         0.0
..                    ...          ...  ...         ...         ...
59  word_l0_04_pseudo.mp4           60  ...    0.042692         0.0
60  word_l0_04_pseudo.mp4           61  ...    0.035830         0.0
61  word_l0_04_pseudo.mp4           62  ...    0.072844         0.0
62  word_l0_04_pseudo.mp4           63  ...    0.015433         0.0
63  word_l0_04_pseudo.mp4           64  ...    0.048861         0.0

[64 rows x 1958 columns]
Extracting features...
Face width computed for normalizaiton 0.16228236121533798
Features saved to: ../output/word_l0_04_pseudo_features.csv
                 fn_video  ... distance_r_hand6_r_hand10
0   word_l0_04_pseudo.mp4  ...                  0.223339
1   word_l0_04_pseudo.mp4  ...                  0.219944
2   word_l0_04_pseudo.mp4  ...                  0.194918
3   word_l0_04_pseudo.mp4  ...                  0.195605
4   word_l0_04_pseudo.mp4  ...                  0.192100
..                    ...  ...                       ...
59  word_l0_04_pseudo.mp4  ...                  0.188835
60  word_l0_04_pseudo.mp4  ...                  0.181758
61  word_l0_04_pseudo.mp4  ...                  0.198242
62  word_l0_04_pseudo.mp4  ...                  0.208381
63  word_l0_04_pseudo.mp4  ...                  0.191845

[64 rows x 30 columns]
csv file with predictions was saved to ../output/predictions_rf_position_female_cropped_word_l0_04_pseudo.csv
Loaded model: ../trained_models/model_rf_shape_female_cropped.pkl
Loaded video: ../stimuli/words/mp4/word_l0_04_pseudo.mp4
Extracting coordinates...
                 fn_video frame_number  ...  z_r_hand20  v_r_hand20
0   word_l0_04_pseudo.mp4            1  ...    0.031932         0.0
1   word_l0_04_pseudo.mp4            2  ...    0.030232         0.0
2   word_l0_04_pseudo.mp4            3  ...    0.035341         0.0
3   word_l0_04_pseudo.mp4            4  ...    0.039504         0.0
4   word_l0_04_pseudo.mp4            5  ...    0.035775         0.0
..                    ...          ...  ...         ...         ...
59  word_l0_04_pseudo.mp4           60  ...    0.042692         0.0
60  word_l0_04_pseudo.mp4           61  ...    0.035830         0.0
61  word_l0_04_pseudo.mp4           62  ...    0.072844         0.0
62  word_l0_04_pseudo.mp4           63  ...    0.015433         0.0
63  word_l0_04_pseudo.mp4           64  ...    0.048861         0.0

[64 rows x 1958 columns]
Extracting features...
Face width computed for normalizaiton 0.16228236121533798
Features saved to: ../output/word_l0_04_pseudo_features.csv
                 fn_video  ... distance_r_hand6_r_hand10
0   word_l0_04_pseudo.mp4  ...                  0.223339
1   word_l0_04_pseudo.mp4  ...                  0.219944
2   word_l0_04_pseudo.mp4  ...                  0.194918
3   word_l0_04_pseudo.mp4  ...                  0.195605
4   word_l0_04_pseudo.mp4  ...                  0.192100
..                    ...  ...                       ...
59  word_l0_04_pseudo.mp4  ...                  0.188835
60  word_l0_04_pseudo.mp4  ...                  0.181758
61  word_l0_04_pseudo.mp4  ...                  0.198242
62  word_l0_04_pseudo.mp4  ...                  0.208381
63  word_l0_04_pseudo.mp4  ...                  0.191845

[64 rows x 30 columns]
csv file with predictions was saved to ../output/predictions_rf_shape_female_cropped_word_l0_04_pseudo.csv
Visualization for: ../stimuli/words/mp4/word_l0_04_pseudo.mp4
32
