python is /network/lustre/iss02/home/annahita.sarre/anaconda3/envs/myenv/bin/python
Loaded model: ../trained_models/model_rf_position_female_cropped.pkl
Loaded video: ../stimuli/words/mp4/word_l2_03.mp4
Extracting coordinates...
          fn_video frame_number   x_face0  ...  y_r_hand20  z_r_hand20  v_r_hand20
0   word_l2_03.mp4            1  0.487710  ...    0.890991    0.031698         0.0
1   word_l2_03.mp4            2  0.487558  ...    0.877839    0.048939         0.0
2   word_l2_03.mp4            3  0.486684  ...    0.844218    0.067438         0.0
3   word_l2_03.mp4            4  0.486826  ...    0.819155    0.058944         0.0
4   word_l2_03.mp4            5  0.486713  ...    0.810328    0.051480         0.0
5   word_l2_03.mp4            6  0.487460  ...    0.824528    0.031687         0.0
6   word_l2_03.mp4            7  0.487594  ...    0.807487    0.022834         0.0
7   word_l2_03.mp4            8  0.487164  ...    0.785248    0.010165         0.0
8   word_l2_03.mp4            9  0.487206  ...    0.766867    0.004828         0.0
9   word_l2_03.mp4           10  0.487456  ...    0.751672    0.005269         0.0
10  word_l2_03.mp4           11  0.487437  ...    0.744209    0.022444         0.0
11  word_l2_03.mp4           12  0.487426  ...    0.735514    0.038159         0.0
12  word_l2_03.mp4           13  0.487344  ...    0.729195    0.048215         0.0
13  word_l2_03.mp4           14  0.487204  ...    0.723354    0.058457         0.0
14  word_l2_03.mp4           15  0.486524  ...    0.713763    0.031232         0.0
15  word_l2_03.mp4           16  0.486813  ...    0.709493    0.027921         0.0
16  word_l2_03.mp4           17  0.486773  ...    0.709644    0.011956         0.0
17  word_l2_03.mp4           18  0.487145  ...    0.713570    0.015881         0.0
18  word_l2_03.mp4           19  0.487182  ...    0.711828    0.010142         0.0
19  word_l2_03.mp4           20  0.487684  ...    0.714784    0.019753         0.0
20  word_l2_03.mp4           21  0.488566  ...    0.714553    0.030726         0.0
21  word_l2_03.mp4           22  0.489246  ...    0.712227    0.025775         0.0
22  word_l2_03.mp4           23  0.489417  ...    0.713481    0.007493         0.0
23  word_l2_03.mp4           24  0.491164  ...    0.707489    0.008411         0.0
24  word_l2_03.mp4           25  0.491668  ...    0.707027    0.017367         0.0
25  word_l2_03.mp4           26  0.491551  ...    0.709098   -0.002080         0.0
26  word_l2_03.mp4           27  0.491532  ...    0.699139    0.004551         0.0
27  word_l2_03.mp4           28  0.491056  ...    0.699062    0.003973         0.0
28  word_l2_03.mp4           29  0.490967  ...    0.699479    0.000736         0.0
29  word_l2_03.mp4           30  0.491473  ...    0.694368    0.002580         0.0
30  word_l2_03.mp4           31  0.492746  ...    0.684095    0.002240         0.0
31  word_l2_03.mp4           32  0.491505  ...    0.663978   -0.000992         0.0
32  word_l2_03.mp4           33  0.491395  ...    0.589665   -0.006475         0.0
33  word_l2_03.mp4           34  0.490870  ...    0.564240   -0.026139         0.0
34  word_l2_03.mp4           35  0.491013  ...    0.561116   -0.021534         0.0
35  word_l2_03.mp4           36  0.490513  ...    0.563302   -0.014031         0.0
36  word_l2_03.mp4           37  0.490001  ...    0.564670   -0.018692         0.0
37  word_l2_03.mp4           38  0.489633  ...    0.568134   -0.014360         0.0
38  word_l2_03.mp4           39  0.489208  ...    0.570882   -0.016419         0.0
39  word_l2_03.mp4           40  0.488711  ...    0.570788   -0.014131         0.0
40  word_l2_03.mp4           41  0.488226  ...    0.570726   -0.014055         0.0
41  word_l2_03.mp4           42  0.488118  ...    0.571645   -0.013148         0.0
42  word_l2_03.mp4           43  0.487856  ...    0.571341   -0.018469         0.0
43  word_l2_03.mp4           44  0.487966  ...    0.572659   -0.020476         0.0
44  word_l2_03.mp4           45  0.487346  ...    0.577269   -0.020166         0.0
45  word_l2_03.mp4           46  0.486512  ...    0.584824   -0.021506         0.0
46  word_l2_03.mp4           47  0.486252  ...    0.595010   -0.016706         0.0
47  word_l2_03.mp4           48  0.486597  ...    0.624139    0.005103         0.0
48  word_l2_03.mp4           49  0.486600  ...    0.705795    0.004032         0.0
49  word_l2_03.mp4           50  0.486244  ...    0.722606    0.005869         0.0
50  word_l2_03.mp4           51  0.485789  ...    0.732257    0.010847         0.0
51  word_l2_03.mp4           52  0.485652  ...    0.744728    0.009454         0.0

[52 rows x 1958 columns]
Extracting features...
Face width computed for normalizaiton 0.1557155050517222
Features saved to: ../output/word_l2_03_features.csv
          fn_video  ... distance_r_hand6_r_hand10
0   word_l2_03.mp4  ...                  0.205305
1   word_l2_03.mp4  ...                  0.225314
2   word_l2_03.mp4  ...                  0.207322
3   word_l2_03.mp4  ...                  0.185890
4   word_l2_03.mp4  ...                  0.203805
5   word_l2_03.mp4  ...                  0.179755
6   word_l2_03.mp4  ...                  0.170210
7   word_l2_03.mp4  ...                  0.158798
8   word_l2_03.mp4  ...                  0.157069
9   word_l2_03.mp4  ...                  0.144286
10  word_l2_03.mp4  ...                  0.143308
11  word_l2_03.mp4  ...                  0.144982
12  word_l2_03.mp4  ...                  0.144445
13  word_l2_03.mp4  ...                  0.144746
14  word_l2_03.mp4  ...                  0.139713
15  word_l2_03.mp4  ...                  0.142275
16  word_l2_03.mp4  ...                  0.147134
17  word_l2_03.mp4  ...                  0.140613
18  word_l2_03.mp4  ...                  0.147819
19  word_l2_03.mp4  ...                  0.146521
20  word_l2_03.mp4  ...                  0.159216
21  word_l2_03.mp4  ...                  0.164712
22  word_l2_03.mp4  ...                  0.166322
23  word_l2_03.mp4  ...                  0.203561
24  word_l2_03.mp4  ...                  0.266760
25  word_l2_03.mp4  ...                  0.326789
26  word_l2_03.mp4  ...                  0.339890
27  word_l2_03.mp4  ...                  0.377955
28  word_l2_03.mp4  ...                  0.378185
29  word_l2_03.mp4  ...                  0.371749
30  word_l2_03.mp4  ...                  0.322460
31  word_l2_03.mp4  ...                  0.234760
32  word_l2_03.mp4  ...                  0.163073
33  word_l2_03.mp4  ...                  0.144722
34  word_l2_03.mp4  ...                  0.139515
35  word_l2_03.mp4  ...                  0.142282
36  word_l2_03.mp4  ...                  0.147809
37  word_l2_03.mp4  ...                  0.141417
38  word_l2_03.mp4  ...                  0.145376
39  word_l2_03.mp4  ...                  0.145193
40  word_l2_03.mp4  ...                  0.143390
41  word_l2_03.mp4  ...                  0.144342
42  word_l2_03.mp4  ...                  0.146694
43  word_l2_03.mp4  ...                  0.146555
44  word_l2_03.mp4  ...                  0.147890
45  word_l2_03.mp4  ...                  0.157575
46  word_l2_03.mp4  ...                  0.164431
47  word_l2_03.mp4  ...                  0.167517
48  word_l2_03.mp4  ...                  0.196410
49  word_l2_03.mp4  ...                  0.179915
50  word_l2_03.mp4  ...                  0.191463
51  word_l2_03.mp4  ...                  0.194060

[52 rows x 30 columns]
csv file with predictions was saved to ../output/predictions_rf_position_female_cropped_word_l2_03.csv
Loaded model: ../trained_models/model_rf_shape_female_cropped.pkl
Loaded video: ../stimuli/words/mp4/word_l2_03.mp4
Extracting coordinates...
          fn_video frame_number   x_face0  ...  y_r_hand20  z_r_hand20  v_r_hand20
0   word_l2_03.mp4            1  0.487710  ...    0.890991    0.031698         0.0
1   word_l2_03.mp4            2  0.487558  ...    0.877839    0.048939         0.0
2   word_l2_03.mp4            3  0.486684  ...    0.844218    0.067438         0.0
3   word_l2_03.mp4            4  0.486826  ...    0.819155    0.058944         0.0
4   word_l2_03.mp4            5  0.486713  ...    0.810328    0.051480         0.0
5   word_l2_03.mp4            6  0.487460  ...    0.824528    0.031687         0.0
6   word_l2_03.mp4            7  0.487594  ...    0.807487    0.022834         0.0
7   word_l2_03.mp4            8  0.487164  ...    0.785248    0.010165         0.0
8   word_l2_03.mp4            9  0.487206  ...    0.766867    0.004828         0.0
9   word_l2_03.mp4           10  0.487456  ...    0.751672    0.005269         0.0
10  word_l2_03.mp4           11  0.487437  ...    0.744209    0.022444         0.0
11  word_l2_03.mp4           12  0.487426  ...    0.735514    0.038159         0.0
12  word_l2_03.mp4           13  0.487344  ...    0.729195    0.048215         0.0
13  word_l2_03.mp4           14  0.487204  ...    0.723354    0.058457         0.0
14  word_l2_03.mp4           15  0.486524  ...    0.713763    0.031232         0.0
15  word_l2_03.mp4           16  0.486813  ...    0.709493    0.027921         0.0
16  word_l2_03.mp4           17  0.486773  ...    0.709644    0.011956         0.0
17  word_l2_03.mp4           18  0.487145  ...    0.713570    0.015881         0.0
18  word_l2_03.mp4           19  0.487182  ...    0.711828    0.010142         0.0
19  word_l2_03.mp4           20  0.487684  ...    0.714784    0.019753         0.0
20  word_l2_03.mp4           21  0.488566  ...    0.714553    0.030726         0.0
21  word_l2_03.mp4           22  0.489246  ...    0.712227    0.025775         0.0
22  word_l2_03.mp4           23  0.489417  ...    0.713481    0.007493         0.0
23  word_l2_03.mp4           24  0.491164  ...    0.707489    0.008411         0.0
24  word_l2_03.mp4           25  0.491668  ...    0.707027    0.017367         0.0
25  word_l2_03.mp4           26  0.491551  ...    0.709098   -0.002080         0.0
26  word_l2_03.mp4           27  0.491532  ...    0.699139    0.004551         0.0
27  word_l2_03.mp4           28  0.491056  ...    0.699062    0.003973         0.0
28  word_l2_03.mp4           29  0.490967  ...    0.699479    0.000736         0.0
29  word_l2_03.mp4           30  0.491473  ...    0.694368    0.002580         0.0
30  word_l2_03.mp4           31  0.492746  ...    0.684095    0.002240         0.0
31  word_l2_03.mp4           32  0.491505  ...    0.663978   -0.000992         0.0
32  word_l2_03.mp4           33  0.491395  ...    0.589665   -0.006475         0.0
33  word_l2_03.mp4           34  0.490870  ...    0.564240   -0.026139         0.0
34  word_l2_03.mp4           35  0.491013  ...    0.561116   -0.021534         0.0
35  word_l2_03.mp4           36  0.490513  ...    0.563302   -0.014031         0.0
36  word_l2_03.mp4           37  0.490001  ...    0.564670   -0.018692         0.0
37  word_l2_03.mp4           38  0.489633  ...    0.568134   -0.014360         0.0
38  word_l2_03.mp4           39  0.489208  ...    0.570882   -0.016419         0.0
39  word_l2_03.mp4           40  0.488711  ...    0.570788   -0.014131         0.0
40  word_l2_03.mp4           41  0.488226  ...    0.570726   -0.014055         0.0
41  word_l2_03.mp4           42  0.488118  ...    0.571645   -0.013148         0.0
42  word_l2_03.mp4           43  0.487856  ...    0.571341   -0.018469         0.0
43  word_l2_03.mp4           44  0.487966  ...    0.572659   -0.020476         0.0
44  word_l2_03.mp4           45  0.487346  ...    0.577269   -0.020166         0.0
45  word_l2_03.mp4           46  0.486512  ...    0.584824   -0.021506         0.0
46  word_l2_03.mp4           47  0.486252  ...    0.595010   -0.016706         0.0
47  word_l2_03.mp4           48  0.486597  ...    0.624139    0.005103         0.0
48  word_l2_03.mp4           49  0.486600  ...    0.705795    0.004032         0.0
49  word_l2_03.mp4           50  0.486244  ...    0.722606    0.005869         0.0
50  word_l2_03.mp4           51  0.485789  ...    0.732257    0.010847         0.0
51  word_l2_03.mp4           52  0.485652  ...    0.744728    0.009454         0.0

[52 rows x 1958 columns]
Extracting features...
Face width computed for normalizaiton 0.1557155050517222
Features saved to: ../output/word_l2_03_features.csv
          fn_video  ... distance_r_hand6_r_hand10
0   word_l2_03.mp4  ...                  0.205305
1   word_l2_03.mp4  ...                  0.225314
2   word_l2_03.mp4  ...                  0.207322
3   word_l2_03.mp4  ...                  0.185890
4   word_l2_03.mp4  ...                  0.203805
5   word_l2_03.mp4  ...                  0.179755
6   word_l2_03.mp4  ...                  0.170210
7   word_l2_03.mp4  ...                  0.158798
8   word_l2_03.mp4  ...                  0.157069
9   word_l2_03.mp4  ...                  0.144286
10  word_l2_03.mp4  ...                  0.143308
11  word_l2_03.mp4  ...                  0.144982
12  word_l2_03.mp4  ...                  0.144445
13  word_l2_03.mp4  ...                  0.144746
14  word_l2_03.mp4  ...                  0.139713
15  word_l2_03.mp4  ...                  0.142275
16  word_l2_03.mp4  ...                  0.147134
17  word_l2_03.mp4  ...                  0.140613
18  word_l2_03.mp4  ...                  0.147819
19  word_l2_03.mp4  ...                  0.146521
20  word_l2_03.mp4  ...                  0.159216
21  word_l2_03.mp4  ...                  0.164712
22  word_l2_03.mp4  ...                  0.166322
23  word_l2_03.mp4  ...                  0.203561
24  word_l2_03.mp4  ...                  0.266760
25  word_l2_03.mp4  ...                  0.326789
26  word_l2_03.mp4  ...                  0.339890
27  word_l2_03.mp4  ...                  0.377955
28  word_l2_03.mp4  ...                  0.378185
29  word_l2_03.mp4  ...                  0.371749
30  word_l2_03.mp4  ...                  0.322460
31  word_l2_03.mp4  ...                  0.234760
32  word_l2_03.mp4  ...                  0.163073
33  word_l2_03.mp4  ...                  0.144722
34  word_l2_03.mp4  ...                  0.139515
35  word_l2_03.mp4  ...                  0.142282
36  word_l2_03.mp4  ...                  0.147809
37  word_l2_03.mp4  ...                  0.141417
38  word_l2_03.mp4  ...                  0.145376
39  word_l2_03.mp4  ...                  0.145193
40  word_l2_03.mp4  ...                  0.143390
41  word_l2_03.mp4  ...                  0.144342
42  word_l2_03.mp4  ...                  0.146694
43  word_l2_03.mp4  ...                  0.146555
44  word_l2_03.mp4  ...                  0.147890
45  word_l2_03.mp4  ...                  0.157575
46  word_l2_03.mp4  ...                  0.164431
47  word_l2_03.mp4  ...                  0.167517
48  word_l2_03.mp4  ...                  0.196410
49  word_l2_03.mp4  ...                  0.179915
50  word_l2_03.mp4  ...                  0.191463
51  word_l2_03.mp4  ...                  0.194060

[52 rows x 30 columns]
csv file with predictions was saved to ../output/predictions_rf_shape_female_cropped_word_l2_03.csv
