python is /network/lustre/iss02/home/annahita.sarre/anaconda3/envs/myenv/bin/python
Loaded model: ../trained_models/model_rf_position_female_cropped.pkl
Loaded video: ../stimuli/words/mp4/word_l2_09.mp4
Extracting coordinates...
          fn_video frame_number   x_face0  ...  y_r_hand20  z_r_hand20  v_r_hand20
0   word_l2_09.mp4            1  0.497411  ...    0.964955    0.000328         0.0
1   word_l2_09.mp4            2  0.497161  ...    0.989345   -0.008764         0.0
2   word_l2_09.mp4            3  0.496747  ...    0.956229    0.004474         0.0
3   word_l2_09.mp4            4  0.496938  ...    0.931626    0.069013         0.0
4   word_l2_09.mp4            5  0.497371  ...    0.900680    0.033159         0.0
5   word_l2_09.mp4            6  0.497367  ...    0.881016    0.017522         0.0
6   word_l2_09.mp4            7  0.497536  ...    0.860672    0.011371         0.0
7   word_l2_09.mp4            8  0.497677  ...    0.829896    0.021338         0.0
8   word_l2_09.mp4            9  0.498087  ...    0.810715    0.016226         0.0
9   word_l2_09.mp4           10  0.498061  ...    0.787665    0.014236         0.0
10  word_l2_09.mp4           11  0.498279  ...    0.750848    0.039738         0.0
11  word_l2_09.mp4           12  0.498863  ...    0.724186    0.035388         0.0
12  word_l2_09.mp4           13  0.499002  ...    0.689906    0.033946         0.0
13  word_l2_09.mp4           14  0.499230  ...    0.700485    0.008731         0.0
14  word_l2_09.mp4           15  0.498748  ...    0.692751    0.025261         0.0
15  word_l2_09.mp4           16  0.498621  ...    0.687284    0.021369         0.0
16  word_l2_09.mp4           17  0.498853  ...    0.679923    0.016344         0.0
17  word_l2_09.mp4           18  0.498972  ...    0.677361    0.022237         0.0
18  word_l2_09.mp4           19  0.499233  ...    0.668859    0.017529         0.0
19  word_l2_09.mp4           20  0.499247  ...    0.665630    0.024101         0.0
20  word_l2_09.mp4           21  0.499060  ...    0.665619    0.014815         0.0
21  word_l2_09.mp4           22  0.499186  ...    0.673407    0.016169         0.0
22  word_l2_09.mp4           23  0.499672  ...    0.685424    0.014861         0.0
23  word_l2_09.mp4           24  0.500687  ...    0.707178    0.018886         0.0
24  word_l2_09.mp4           25  0.500582  ...    0.712338    0.041524         0.0
25  word_l2_09.mp4           26  0.500439  ...    0.759975    0.046841         0.0
26  word_l2_09.mp4           27  0.500981  ...    0.762838    0.036998         0.0
27  word_l2_09.mp4           28  0.500814  ...    0.757543    0.047556         0.0
28  word_l2_09.mp4           29  0.501214  ...    0.754453    0.034703         0.0
29  word_l2_09.mp4           30  0.501190  ...    0.739621    0.010095         0.0
30  word_l2_09.mp4           31  0.501161  ...    0.736405    0.017226         0.0
31  word_l2_09.mp4           32  0.500407  ...    0.763589    0.008308         0.0
32  word_l2_09.mp4           33  0.499799  ...    0.751179    0.005578         0.0
33  word_l2_09.mp4           34  0.499090  ...    0.729773    0.000138         0.0
34  word_l2_09.mp4           35  0.498870  ...    0.721564   -0.001501         0.0
35  word_l2_09.mp4           36  0.498284  ...    0.713940    0.001923         0.0
36  word_l2_09.mp4           37  0.497350  ...    0.707246   -0.003206         0.0
37  word_l2_09.mp4           38  0.496892  ...    0.699437   -0.005572         0.0
38  word_l2_09.mp4           39  0.496897  ...    0.687286   -0.006523         0.0
39  word_l2_09.mp4           40  0.496784  ...    0.661413   -0.000767         0.0
40  word_l2_09.mp4           41  0.496707  ...    0.607469    0.004518         0.0
41  word_l2_09.mp4           42  0.496605  ...    0.557777   -0.018875         0.0
42  word_l2_09.mp4           43  0.496813  ...    0.548158   -0.018915         0.0
43  word_l2_09.mp4           44  0.497094  ...    0.547093   -0.003991         0.0
44  word_l2_09.mp4           45  0.496789  ...    0.547506   -0.011185         0.0
45  word_l2_09.mp4           46  0.496865  ...    0.547700   -0.017593         0.0
46  word_l2_09.mp4           47  0.496489  ...    0.547343   -0.015801         0.0
47  word_l2_09.mp4           48  0.496156  ...    0.546263   -0.018997         0.0
48  word_l2_09.mp4           49  0.495992  ...    0.545525   -0.027073         0.0
49  word_l2_09.mp4           50  0.495364  ...    0.546781   -0.027775         0.0
50  word_l2_09.mp4           51  0.495282  ...    0.547832   -0.030547         0.0
51  word_l2_09.mp4           52  0.495781  ...    0.548478   -0.028108         0.0
52  word_l2_09.mp4           53  0.495682  ...    0.550481   -0.028361         0.0
53  word_l2_09.mp4           54  0.495656  ...    0.551926   -0.028169         0.0
54  word_l2_09.mp4           55  0.495479  ...    0.554327   -0.030387         0.0
55  word_l2_09.mp4           56  0.495690  ...    0.561416   -0.031609         0.0
56  word_l2_09.mp4           57  0.495305  ...    0.580190   -0.018225         0.0
57  word_l2_09.mp4           58  0.495571  ...    0.620569    0.002954         0.0
58  word_l2_09.mp4           59  0.495874  ...    0.658336    0.002516         0.0
59  word_l2_09.mp4           60  0.495768  ...    0.688978   -0.000303         0.0

[60 rows x 1958 columns]
Extracting features...
Face width computed for normalizaiton 0.1565447129024634
Features saved to: ../output/word_l2_09_features.csv
          fn_video  ... distance_r_hand6_r_hand10
0   word_l2_09.mp4  ...                  0.083988
1   word_l2_09.mp4  ...                  0.182400
2   word_l2_09.mp4  ...                  0.250823
3   word_l2_09.mp4  ...                  0.233298
4   word_l2_09.mp4  ...                  0.219612
5   word_l2_09.mp4  ...                  0.220125
6   word_l2_09.mp4  ...                  0.202339
7   word_l2_09.mp4  ...                  0.193904
8   word_l2_09.mp4  ...                  0.178182
9   word_l2_09.mp4  ...                  0.180833
10  word_l2_09.mp4  ...                  0.160990
11  word_l2_09.mp4  ...                  0.158092
12  word_l2_09.mp4  ...                  0.159860
13  word_l2_09.mp4  ...                  0.172299
14  word_l2_09.mp4  ...                  0.165487
15  word_l2_09.mp4  ...                  0.168753
16  word_l2_09.mp4  ...                  0.164113
17  word_l2_09.mp4  ...                  0.168176
18  word_l2_09.mp4  ...                  0.167778
19  word_l2_09.mp4  ...                  0.161551
20  word_l2_09.mp4  ...                  0.160272
21  word_l2_09.mp4  ...                  0.161573
22  word_l2_09.mp4  ...                  0.159783
23  word_l2_09.mp4  ...                  0.156396
24  word_l2_09.mp4  ...                  0.164064
25  word_l2_09.mp4  ...                  0.152553
26  word_l2_09.mp4  ...                  0.157147
27  word_l2_09.mp4  ...                  0.160649
28  word_l2_09.mp4  ...                  0.169543
29  word_l2_09.mp4  ...                  0.198965
30  word_l2_09.mp4  ...                  0.266502
31  word_l2_09.mp4  ...                  0.394052
32  word_l2_09.mp4  ...                  0.370193
33  word_l2_09.mp4  ...                  0.312600
34  word_l2_09.mp4  ...                  0.393939
35  word_l2_09.mp4  ...                  0.402610
36  word_l2_09.mp4  ...                  0.395664
37  word_l2_09.mp4  ...                  0.413205
38  word_l2_09.mp4  ...                  0.364644
39  word_l2_09.mp4  ...                  0.280771
40  word_l2_09.mp4  ...                  0.229936
41  word_l2_09.mp4  ...                  0.163516
42  word_l2_09.mp4  ...                  0.163387
43  word_l2_09.mp4  ...                  0.165375
44  word_l2_09.mp4  ...                  0.163525
45  word_l2_09.mp4  ...                  0.152426
46  word_l2_09.mp4  ...                  0.164509
47  word_l2_09.mp4  ...                  0.149750
48  word_l2_09.mp4  ...                  0.152787
49  word_l2_09.mp4  ...                  0.149416
50  word_l2_09.mp4  ...                  0.151781
51  word_l2_09.mp4  ...                  0.152302
52  word_l2_09.mp4  ...                  0.151667
53  word_l2_09.mp4  ...                  0.153568
54  word_l2_09.mp4  ...                  0.156854
55  word_l2_09.mp4  ...                  0.168874
56  word_l2_09.mp4  ...                  0.174514
57  word_l2_09.mp4  ...                  0.182851
58  word_l2_09.mp4  ...                  0.191294
59  word_l2_09.mp4  ...                  0.156195

[60 rows x 30 columns]
csv file with predictions was saved to ../output/predictions_rf_position_female_cropped_word_l2_09.csv
Loaded model: ../trained_models/model_rf_shape_female_cropped.pkl
Loaded video: ../stimuli/words/mp4/word_l2_09.mp4
Extracting coordinates...
          fn_video frame_number   x_face0  ...  y_r_hand20  z_r_hand20  v_r_hand20
0   word_l2_09.mp4            1  0.497411  ...    0.964955    0.000328         0.0
1   word_l2_09.mp4            2  0.497161  ...    0.989345   -0.008764         0.0
2   word_l2_09.mp4            3  0.496747  ...    0.956229    0.004474         0.0
3   word_l2_09.mp4            4  0.496938  ...    0.931626    0.069013         0.0
4   word_l2_09.mp4            5  0.497371  ...    0.900680    0.033159         0.0
5   word_l2_09.mp4            6  0.497367  ...    0.881016    0.017522         0.0
6   word_l2_09.mp4            7  0.497536  ...    0.860672    0.011371         0.0
7   word_l2_09.mp4            8  0.497677  ...    0.829896    0.021338         0.0
8   word_l2_09.mp4            9  0.498087  ...    0.810715    0.016226         0.0
9   word_l2_09.mp4           10  0.498061  ...    0.787665    0.014236         0.0
10  word_l2_09.mp4           11  0.498279  ...    0.750848    0.039738         0.0
11  word_l2_09.mp4           12  0.498863  ...    0.724186    0.035388         0.0
12  word_l2_09.mp4           13  0.499002  ...    0.689906    0.033946         0.0
13  word_l2_09.mp4           14  0.499230  ...    0.700485    0.008731         0.0
14  word_l2_09.mp4           15  0.498748  ...    0.692751    0.025261         0.0
15  word_l2_09.mp4           16  0.498621  ...    0.687284    0.021369         0.0
16  word_l2_09.mp4           17  0.498853  ...    0.679923    0.016344         0.0
17  word_l2_09.mp4           18  0.498972  ...    0.677361    0.022237         0.0
18  word_l2_09.mp4           19  0.499233  ...    0.668859    0.017529         0.0
19  word_l2_09.mp4           20  0.499247  ...    0.665630    0.024101         0.0
20  word_l2_09.mp4           21  0.499060  ...    0.665619    0.014815         0.0
21  word_l2_09.mp4           22  0.499186  ...    0.673407    0.016169         0.0
22  word_l2_09.mp4           23  0.499672  ...    0.685424    0.014861         0.0
23  word_l2_09.mp4           24  0.500687  ...    0.707178    0.018886         0.0
24  word_l2_09.mp4           25  0.500582  ...    0.712338    0.041524         0.0
25  word_l2_09.mp4           26  0.500439  ...    0.759975    0.046841         0.0
26  word_l2_09.mp4           27  0.500981  ...    0.762838    0.036998         0.0
27  word_l2_09.mp4           28  0.500814  ...    0.757543    0.047556         0.0
28  word_l2_09.mp4           29  0.501214  ...    0.754453    0.034703         0.0
29  word_l2_09.mp4           30  0.501190  ...    0.739621    0.010095         0.0
30  word_l2_09.mp4           31  0.501161  ...    0.736405    0.017226         0.0
31  word_l2_09.mp4           32  0.500407  ...    0.763589    0.008308         0.0
32  word_l2_09.mp4           33  0.499799  ...    0.751179    0.005578         0.0
33  word_l2_09.mp4           34  0.499090  ...    0.729773    0.000138         0.0
34  word_l2_09.mp4           35  0.498870  ...    0.721564   -0.001501         0.0
35  word_l2_09.mp4           36  0.498284  ...    0.713940    0.001923         0.0
36  word_l2_09.mp4           37  0.497350  ...    0.707246   -0.003206         0.0
37  word_l2_09.mp4           38  0.496892  ...    0.699437   -0.005572         0.0
38  word_l2_09.mp4           39  0.496897  ...    0.687286   -0.006523         0.0
39  word_l2_09.mp4           40  0.496784  ...    0.661413   -0.000767         0.0
40  word_l2_09.mp4           41  0.496707  ...    0.607469    0.004518         0.0
41  word_l2_09.mp4           42  0.496605  ...    0.557777   -0.018875         0.0
42  word_l2_09.mp4           43  0.496813  ...    0.548158   -0.018915         0.0
43  word_l2_09.mp4           44  0.497094  ...    0.547093   -0.003991         0.0
44  word_l2_09.mp4           45  0.496789  ...    0.547506   -0.011185         0.0
45  word_l2_09.mp4           46  0.496865  ...    0.547700   -0.017593         0.0
46  word_l2_09.mp4           47  0.496489  ...    0.547343   -0.015801         0.0
47  word_l2_09.mp4           48  0.496156  ...    0.546263   -0.018997         0.0
48  word_l2_09.mp4           49  0.495992  ...    0.545525   -0.027073         0.0
49  word_l2_09.mp4           50  0.495364  ...    0.546781   -0.027775         0.0
50  word_l2_09.mp4           51  0.495282  ...    0.547832   -0.030547         0.0
51  word_l2_09.mp4           52  0.495781  ...    0.548478   -0.028108         0.0
52  word_l2_09.mp4           53  0.495682  ...    0.550481   -0.028361         0.0
53  word_l2_09.mp4           54  0.495656  ...    0.551926   -0.028169         0.0
54  word_l2_09.mp4           55  0.495479  ...    0.554327   -0.030387         0.0
55  word_l2_09.mp4           56  0.495690  ...    0.561416   -0.031609         0.0
56  word_l2_09.mp4           57  0.495305  ...    0.580190   -0.018225         0.0
57  word_l2_09.mp4           58  0.495571  ...    0.620569    0.002954         0.0
58  word_l2_09.mp4           59  0.495874  ...    0.658336    0.002516         0.0
59  word_l2_09.mp4           60  0.495768  ...    0.688978   -0.000303         0.0

[60 rows x 1958 columns]
Extracting features...
Face width computed for normalizaiton 0.1565447129024634
Features saved to: ../output/word_l2_09_features.csv
          fn_video  ... distance_r_hand6_r_hand10
0   word_l2_09.mp4  ...                  0.083988
1   word_l2_09.mp4  ...                  0.182400
2   word_l2_09.mp4  ...                  0.250823
3   word_l2_09.mp4  ...                  0.233298
4   word_l2_09.mp4  ...                  0.219612
5   word_l2_09.mp4  ...                  0.220125
6   word_l2_09.mp4  ...                  0.202339
7   word_l2_09.mp4  ...                  0.193904
8   word_l2_09.mp4  ...                  0.178182
9   word_l2_09.mp4  ...                  0.180833
10  word_l2_09.mp4  ...                  0.160990
11  word_l2_09.mp4  ...                  0.158092
12  word_l2_09.mp4  ...                  0.159860
13  word_l2_09.mp4  ...                  0.172299
14  word_l2_09.mp4  ...                  0.165487
15  word_l2_09.mp4  ...                  0.168753
16  word_l2_09.mp4  ...                  0.164113
17  word_l2_09.mp4  ...                  0.168176
18  word_l2_09.mp4  ...                  0.167778
19  word_l2_09.mp4  ...                  0.161551
20  word_l2_09.mp4  ...                  0.160272
21  word_l2_09.mp4  ...                  0.161573
22  word_l2_09.mp4  ...                  0.159783
23  word_l2_09.mp4  ...                  0.156396
24  word_l2_09.mp4  ...                  0.164064
25  word_l2_09.mp4  ...                  0.152553
26  word_l2_09.mp4  ...                  0.157147
27  word_l2_09.mp4  ...                  0.160649
28  word_l2_09.mp4  ...                  0.169543
29  word_l2_09.mp4  ...                  0.198965
30  word_l2_09.mp4  ...                  0.266502
31  word_l2_09.mp4  ...                  0.394052
32  word_l2_09.mp4  ...                  0.370193
33  word_l2_09.mp4  ...                  0.312600
34  word_l2_09.mp4  ...                  0.393939
35  word_l2_09.mp4  ...                  0.402610
36  word_l2_09.mp4  ...                  0.395664
37  word_l2_09.mp4  ...                  0.413205
38  word_l2_09.mp4  ...                  0.364644
39  word_l2_09.mp4  ...                  0.280771
40  word_l2_09.mp4  ...                  0.229936
41  word_l2_09.mp4  ...                  0.163516
42  word_l2_09.mp4  ...                  0.163387
43  word_l2_09.mp4  ...                  0.165375
44  word_l2_09.mp4  ...                  0.163525
45  word_l2_09.mp4  ...                  0.152426
46  word_l2_09.mp4  ...                  0.164509
47  word_l2_09.mp4  ...                  0.149750
48  word_l2_09.mp4  ...                  0.152787
49  word_l2_09.mp4  ...                  0.149416
50  word_l2_09.mp4  ...                  0.151781
51  word_l2_09.mp4  ...                  0.152302
52  word_l2_09.mp4  ...                  0.151667
53  word_l2_09.mp4  ...                  0.153568
54  word_l2_09.mp4  ...                  0.156854
55  word_l2_09.mp4  ...                  0.168874
56  word_l2_09.mp4  ...                  0.174514
57  word_l2_09.mp4  ...                  0.182851
58  word_l2_09.mp4  ...                  0.191294
59  word_l2_09.mp4  ...                  0.156195

[60 rows x 30 columns]
csv file with predictions was saved to ../output/predictions_rf_shape_female_cropped_word_l2_09.csv
Visualization for: ../stimuli/words/mp4/word_l2_09.mp4
32
