python is /network/lustre/iss02/home/annahita.sarre/anaconda3/envs/myenv/bin/python
Loaded model: ../trained_models/model_rf_position_female_cropped.pkl
Loaded video: ../stimuli/words/mp4/word_l1_11.mp4
Extracting coordinates...
          fn_video frame_number   x_face0  ...  y_r_hand20  z_r_hand20  v_r_hand20
0   word_l1_11.mp4            1  0.487469  ...    0.993443    0.022295         0.0
1   word_l1_11.mp4            2  0.488635  ...    0.952624    0.040837         0.0
2   word_l1_11.mp4            3  0.488239  ...    0.947821    0.070648         0.0
3   word_l1_11.mp4            4  0.488593  ...    0.928386    0.027992         0.0
4   word_l1_11.mp4            5  0.488989  ...    0.921399    0.028435         0.0
5   word_l1_11.mp4            6  0.489141  ...    0.895007    0.027822         0.0
6   word_l1_11.mp4            7  0.489009  ...    0.880866    0.024210         0.0
7   word_l1_11.mp4            8  0.489353  ...    0.871803    0.029487         0.0
8   word_l1_11.mp4            9  0.489455  ...    0.851722    0.027542         0.0
9   word_l1_11.mp4           10  0.489809  ...    0.822113    0.033814         0.0
10  word_l1_11.mp4           11  0.489948  ...    0.807365    0.025535         0.0
11  word_l1_11.mp4           12  0.489978  ...    0.778544    0.019301         0.0
12  word_l1_11.mp4           13  0.490380  ...    0.759404    0.018449         0.0
13  word_l1_11.mp4           14  0.489758  ...    0.730473    0.022183         0.0
14  word_l1_11.mp4           15  0.489655  ...    0.705908    0.018106         0.0
15  word_l1_11.mp4           16  0.489571  ...    0.693358    0.022421         0.0
16  word_l1_11.mp4           17  0.489168  ...    0.690616    0.018585         0.0
17  word_l1_11.mp4           18  0.489028  ...    0.679605    0.019330         0.0
18  word_l1_11.mp4           19  0.489600  ...    0.614411   -0.004018         0.0
19  word_l1_11.mp4           20  0.490005  ...    0.593515   -0.023800         0.0
20  word_l1_11.mp4           21  0.490540  ...    0.592026   -0.015254         0.0
21  word_l1_11.mp4           22  0.490354  ...    0.598431   -0.018898         0.0
22  word_l1_11.mp4           23  0.491051  ...    0.604506   -0.023228         0.0
23  word_l1_11.mp4           24  0.491356  ...    0.606798   -0.023772         0.0
24  word_l1_11.mp4           25  0.491591  ...    0.609613   -0.027305         0.0
25  word_l1_11.mp4           26  0.491276  ...    0.612661   -0.023678         0.0
26  word_l1_11.mp4           27  0.492167  ...    0.610656   -0.019877         0.0
27  word_l1_11.mp4           28  0.492416  ...    0.607460   -0.019128         0.0
28  word_l1_11.mp4           29  0.492287  ...    0.611430   -0.029394         0.0
29  word_l1_11.mp4           30  0.492616  ...    0.649274    0.017861         0.0
30  word_l1_11.mp4           31  0.492453  ...    0.701585    0.003507         0.0
31  word_l1_11.mp4           32  0.493352  ...    0.700673    0.000401         0.0
32  word_l1_11.mp4           33  0.492176  ...    0.685977   -0.000211         0.0
33  word_l1_11.mp4           34  0.491210  ...    0.671159    0.001000         0.0
34  word_l1_11.mp4           35  0.490560  ...    0.655514    0.003757         0.0
35  word_l1_11.mp4           36  0.489492  ...    0.641066   -0.003167         0.0
36  word_l1_11.mp4           37  0.488848  ...    0.632360   -0.006964         0.0
37  word_l1_11.mp4           38  0.488346  ...    0.626380   -0.007278         0.0
38  word_l1_11.mp4           39  0.487843  ...    0.621819   -0.013187         0.0
39  word_l1_11.mp4           40  0.487560  ...    0.618010   -0.009556         0.0
40  word_l1_11.mp4           41  0.487769  ...    0.618069   -0.010189         0.0
41  word_l1_11.mp4           42  0.487988  ...    0.617555   -0.010279         0.0
42  word_l1_11.mp4           43  0.488036  ...    0.619017   -0.012761         0.0
43  word_l1_11.mp4           44  0.487827  ...    0.618814   -0.013763         0.0
44  word_l1_11.mp4           45  0.487914  ...    0.620051   -0.010752         0.0
45  word_l1_11.mp4           46  0.488008  ...    0.618073   -0.010276         0.0
46  word_l1_11.mp4           47  0.488155  ...    0.619684   -0.010754         0.0
47  word_l1_11.mp4           48  0.488535  ...    0.619945   -0.010345         0.0
48  word_l1_11.mp4           49  0.488761  ...    0.620971   -0.012760         0.0
49  word_l1_11.mp4           50  0.489076  ...    0.620747   -0.011561         0.0
50  word_l1_11.mp4           51  0.488805  ...    0.620901   -0.011457         0.0
51  word_l1_11.mp4           52  0.489618  ...    0.624077   -0.004617         0.0
52  word_l1_11.mp4           53  0.489548  ...    0.625292    0.009799         0.0
53  word_l1_11.mp4           54  0.490123  ...    0.630188    0.016231         0.0
54  word_l1_11.mp4           55  0.490724  ...    0.637926    0.007623         0.0
55  word_l1_11.mp4           56  0.490831  ...    0.650449    0.008544         0.0
56  word_l1_11.mp4           57  0.491592  ...    0.665329    0.011400         0.0

[57 rows x 1958 columns]
Extracting features...
Face width computed for normalizaiton 0.15522406114047088
Features saved to: ../output/word_l1_11_features.csv
          fn_video  ... distance_r_hand6_r_hand10
0   word_l1_11.mp4  ...                  0.235310
1   word_l1_11.mp4  ...                  0.225518
2   word_l1_11.mp4  ...                  0.214169
3   word_l1_11.mp4  ...                  0.237634
4   word_l1_11.mp4  ...                  0.202267
5   word_l1_11.mp4  ...                  0.225325
6   word_l1_11.mp4  ...                  0.220286
7   word_l1_11.mp4  ...                  0.232255
8   word_l1_11.mp4  ...                  0.227521
9   word_l1_11.mp4  ...                  0.208691
10  word_l1_11.mp4  ...                  0.185652
11  word_l1_11.mp4  ...                  0.165251
12  word_l1_11.mp4  ...                  0.162762
13  word_l1_11.mp4  ...                  0.158170
14  word_l1_11.mp4  ...                  0.165281
15  word_l1_11.mp4  ...                  0.191610
16  word_l1_11.mp4  ...                  0.217698
17  word_l1_11.mp4  ...                  0.218767
18  word_l1_11.mp4  ...                  0.216510
19  word_l1_11.mp4  ...                  0.185463
20  word_l1_11.mp4  ...                  0.193672
21  word_l1_11.mp4  ...                  0.142732
22  word_l1_11.mp4  ...                  0.140789
23  word_l1_11.mp4  ...                  0.111501
24  word_l1_11.mp4  ...                  0.141668
25  word_l1_11.mp4  ...                  0.139372
26  word_l1_11.mp4  ...                  0.147972
27  word_l1_11.mp4  ...                  0.164094
28  word_l1_11.mp4  ...                  0.163962
29  word_l1_11.mp4  ...                  0.191278
30  word_l1_11.mp4  ...                  0.320611
31  word_l1_11.mp4  ...                  0.356647
32  word_l1_11.mp4  ...                  0.379114
33  word_l1_11.mp4  ...                  0.394839
34  word_l1_11.mp4  ...                  0.431402
35  word_l1_11.mp4  ...                  0.452464
36  word_l1_11.mp4  ...                  0.455531
37  word_l1_11.mp4  ...                  0.449504
38  word_l1_11.mp4  ...                  0.448208
39  word_l1_11.mp4  ...                  0.441259
40  word_l1_11.mp4  ...                  0.441301
41  word_l1_11.mp4  ...                  0.441510
42  word_l1_11.mp4  ...                  0.435732
43  word_l1_11.mp4  ...                  0.440235
44  word_l1_11.mp4  ...                  0.441731
45  word_l1_11.mp4  ...                  0.436162
46  word_l1_11.mp4  ...                  0.434475
47  word_l1_11.mp4  ...                  0.436571
48  word_l1_11.mp4  ...                  0.436453
49  word_l1_11.mp4  ...                  0.440380
50  word_l1_11.mp4  ...                  0.428655
51  word_l1_11.mp4  ...                  0.429349
52  word_l1_11.mp4  ...                  0.408052
53  word_l1_11.mp4  ...                  0.393960
54  word_l1_11.mp4  ...                  0.327045
55  word_l1_11.mp4  ...                  0.266065
56  word_l1_11.mp4  ...                  0.262235

[57 rows x 30 columns]
csv file with predictions was saved to ../output/predictions_rf_position_female_cropped_word_l1_11.csv
Loaded model: ../trained_models/model_rf_shape_female_cropped.pkl
Loaded video: ../stimuli/words/mp4/word_l1_11.mp4
Extracting coordinates...
          fn_video frame_number   x_face0  ...  y_r_hand20  z_r_hand20  v_r_hand20
0   word_l1_11.mp4            1  0.487469  ...    0.993443    0.022295         0.0
1   word_l1_11.mp4            2  0.488635  ...    0.952624    0.040837         0.0
2   word_l1_11.mp4            3  0.488239  ...    0.947821    0.070648         0.0
3   word_l1_11.mp4            4  0.488593  ...    0.928386    0.027992         0.0
4   word_l1_11.mp4            5  0.488989  ...    0.921399    0.028435         0.0
5   word_l1_11.mp4            6  0.489141  ...    0.895007    0.027822         0.0
6   word_l1_11.mp4            7  0.489009  ...    0.880866    0.024210         0.0
7   word_l1_11.mp4            8  0.489353  ...    0.871803    0.029487         0.0
8   word_l1_11.mp4            9  0.489455  ...    0.851722    0.027542         0.0
9   word_l1_11.mp4           10  0.489809  ...    0.822113    0.033814         0.0
10  word_l1_11.mp4           11  0.489948  ...    0.807365    0.025535         0.0
11  word_l1_11.mp4           12  0.489978  ...    0.778544    0.019301         0.0
12  word_l1_11.mp4           13  0.490380  ...    0.759404    0.018449         0.0
13  word_l1_11.mp4           14  0.489758  ...    0.730473    0.022183         0.0
14  word_l1_11.mp4           15  0.489655  ...    0.705908    0.018106         0.0
15  word_l1_11.mp4           16  0.489571  ...    0.693358    0.022421         0.0
16  word_l1_11.mp4           17  0.489168  ...    0.690616    0.018585         0.0
17  word_l1_11.mp4           18  0.489028  ...    0.679605    0.019330         0.0
18  word_l1_11.mp4           19  0.489600  ...    0.614411   -0.004018         0.0
19  word_l1_11.mp4           20  0.490005  ...    0.593515   -0.023800         0.0
20  word_l1_11.mp4           21  0.490540  ...    0.592026   -0.015254         0.0
21  word_l1_11.mp4           22  0.490354  ...    0.598431   -0.018898         0.0
22  word_l1_11.mp4           23  0.491051  ...    0.604506   -0.023228         0.0
23  word_l1_11.mp4           24  0.491356  ...    0.606798   -0.023772         0.0
24  word_l1_11.mp4           25  0.491591  ...    0.609613   -0.027305         0.0
25  word_l1_11.mp4           26  0.491276  ...    0.612661   -0.023678         0.0
26  word_l1_11.mp4           27  0.492167  ...    0.610656   -0.019877         0.0
27  word_l1_11.mp4           28  0.492416  ...    0.607460   -0.019128         0.0
28  word_l1_11.mp4           29  0.492287  ...    0.611430   -0.029394         0.0
29  word_l1_11.mp4           30  0.492616  ...    0.649274    0.017861         0.0
30  word_l1_11.mp4           31  0.492453  ...    0.701585    0.003507         0.0
31  word_l1_11.mp4           32  0.493352  ...    0.700673    0.000401         0.0
32  word_l1_11.mp4           33  0.492176  ...    0.685977   -0.000211         0.0
33  word_l1_11.mp4           34  0.491210  ...    0.671159    0.001000         0.0
34  word_l1_11.mp4           35  0.490560  ...    0.655514    0.003757         0.0
35  word_l1_11.mp4           36  0.489492  ...    0.641066   -0.003167         0.0
36  word_l1_11.mp4           37  0.488848  ...    0.632360   -0.006964         0.0
37  word_l1_11.mp4           38  0.488346  ...    0.626380   -0.007278         0.0
38  word_l1_11.mp4           39  0.487843  ...    0.621819   -0.013187         0.0
39  word_l1_11.mp4           40  0.487560  ...    0.618010   -0.009556         0.0
40  word_l1_11.mp4           41  0.487769  ...    0.618069   -0.010189         0.0
41  word_l1_11.mp4           42  0.487988  ...    0.617555   -0.010279         0.0
42  word_l1_11.mp4           43  0.488036  ...    0.619017   -0.012761         0.0
43  word_l1_11.mp4           44  0.487827  ...    0.618814   -0.013763         0.0
44  word_l1_11.mp4           45  0.487914  ...    0.620051   -0.010752         0.0
45  word_l1_11.mp4           46  0.488008  ...    0.618073   -0.010276         0.0
46  word_l1_11.mp4           47  0.488155  ...    0.619684   -0.010754         0.0
47  word_l1_11.mp4           48  0.488535  ...    0.619945   -0.010345         0.0
48  word_l1_11.mp4           49  0.488761  ...    0.620971   -0.012760         0.0
49  word_l1_11.mp4           50  0.489076  ...    0.620747   -0.011561         0.0
50  word_l1_11.mp4           51  0.488805  ...    0.620901   -0.011457         0.0
51  word_l1_11.mp4           52  0.489618  ...    0.624077   -0.004617         0.0
52  word_l1_11.mp4           53  0.489548  ...    0.625292    0.009799         0.0
53  word_l1_11.mp4           54  0.490123  ...    0.630188    0.016231         0.0
54  word_l1_11.mp4           55  0.490724  ...    0.637926    0.007623         0.0
55  word_l1_11.mp4           56  0.490831  ...    0.650449    0.008544         0.0
56  word_l1_11.mp4           57  0.491592  ...    0.665329    0.011400         0.0

[57 rows x 1958 columns]
Extracting features...
Face width computed for normalizaiton 0.15522406114047088
Features saved to: ../output/word_l1_11_features.csv
          fn_video  ... distance_r_hand6_r_hand10
0   word_l1_11.mp4  ...                  0.235310
1   word_l1_11.mp4  ...                  0.225518
2   word_l1_11.mp4  ...                  0.214169
3   word_l1_11.mp4  ...                  0.237634
4   word_l1_11.mp4  ...                  0.202267
5   word_l1_11.mp4  ...                  0.225325
6   word_l1_11.mp4  ...                  0.220286
7   word_l1_11.mp4  ...                  0.232255
8   word_l1_11.mp4  ...                  0.227521
9   word_l1_11.mp4  ...                  0.208691
10  word_l1_11.mp4  ...                  0.185652
11  word_l1_11.mp4  ...                  0.165251
12  word_l1_11.mp4  ...                  0.162762
13  word_l1_11.mp4  ...                  0.158170
14  word_l1_11.mp4  ...                  0.165281
15  word_l1_11.mp4  ...                  0.191610
16  word_l1_11.mp4  ...                  0.217698
17  word_l1_11.mp4  ...                  0.218767
18  word_l1_11.mp4  ...                  0.216510
19  word_l1_11.mp4  ...                  0.185463
20  word_l1_11.mp4  ...                  0.193672
21  word_l1_11.mp4  ...                  0.142732
22  word_l1_11.mp4  ...                  0.140789
23  word_l1_11.mp4  ...                  0.111501
24  word_l1_11.mp4  ...                  0.141668
25  word_l1_11.mp4  ...                  0.139372
26  word_l1_11.mp4  ...                  0.147972
27  word_l1_11.mp4  ...                  0.164094
28  word_l1_11.mp4  ...                  0.163962
29  word_l1_11.mp4  ...                  0.191278
30  word_l1_11.mp4  ...                  0.320611
31  word_l1_11.mp4  ...                  0.356647
32  word_l1_11.mp4  ...                  0.379114
33  word_l1_11.mp4  ...                  0.394839
34  word_l1_11.mp4  ...                  0.431402
35  word_l1_11.mp4  ...                  0.452464
36  word_l1_11.mp4  ...                  0.455531
37  word_l1_11.mp4  ...                  0.449504
38  word_l1_11.mp4  ...                  0.448208
39  word_l1_11.mp4  ...                  0.441259
40  word_l1_11.mp4  ...                  0.441301
41  word_l1_11.mp4  ...                  0.441510
42  word_l1_11.mp4  ...                  0.435732
43  word_l1_11.mp4  ...                  0.440235
44  word_l1_11.mp4  ...                  0.441731
45  word_l1_11.mp4  ...                  0.436162
46  word_l1_11.mp4  ...                  0.434475
47  word_l1_11.mp4  ...                  0.436571
48  word_l1_11.mp4  ...                  0.436453
49  word_l1_11.mp4  ...                  0.440380
50  word_l1_11.mp4  ...                  0.428655
51  word_l1_11.mp4  ...                  0.429349
52  word_l1_11.mp4  ...                  0.408052
53  word_l1_11.mp4  ...                  0.393960
54  word_l1_11.mp4  ...                  0.327045
55  word_l1_11.mp4  ...                  0.266065
56  word_l1_11.mp4  ...                  0.262235

[57 rows x 30 columns]
csv file with predictions was saved to ../output/predictions_rf_shape_female_cropped_word_l1_11.csv
Visualization for: ../stimuli/words/mp4/word_l1_11.mp4
32
