python is /network/lustre/iss02/home/annahita.sarre/anaconda3/envs/myenv/bin/python
Loaded model: ../trained_models/model_rf_position_female_cropped.pkl
Loaded video: ../stimuli/words/mp4/word_h1_34.mp4
Extracting coordinates...
          fn_video frame_number   x_face0  ...  y_r_hand20  z_r_hand20  v_r_hand20
0   word_h1_34.mp4            2  0.494941  ...    1.004824    0.031304         0.0
1   word_h1_34.mp4            3  0.494836  ...    0.989552    0.012855         0.0
2   word_h1_34.mp4            4  0.494290  ...    0.971793    0.025763         0.0
3   word_h1_34.mp4            5  0.493795  ...    0.953214    0.015343         0.0
4   word_h1_34.mp4            6  0.493570  ...    0.942840    0.014096         0.0
..             ...          ...       ...  ...         ...         ...         ...
67  word_h1_34.mp4           69  0.494248  ...    0.846191    0.015780         0.0
68  word_h1_34.mp4           70  0.494888  ...    0.863164    0.014060         0.0
69  word_h1_34.mp4           71  0.495313  ...    0.879140    0.016994         0.0
70  word_h1_34.mp4           72  0.495306  ...    0.891202    0.013692         0.0
71  word_h1_34.mp4           73  0.495494  ...    0.905694    0.016987         0.0

[72 rows x 1958 columns]
Extracting features...
Face width computed for normalizaiton 0.1619057698443555
Features saved to: ../output/word_h1_34_features.csv
          fn_video  ... distance_r_hand6_r_hand10
0   word_h1_34.mp4  ...                  0.253612
1   word_h1_34.mp4  ...                  0.337147
2   word_h1_34.mp4  ...                  0.349750
3   word_h1_34.mp4  ...                  0.343682
4   word_h1_34.mp4  ...                  0.396478
..             ...  ...                       ...
67  word_h1_34.mp4  ...                  0.175157
68  word_h1_34.mp4  ...                  0.171993
69  word_h1_34.mp4  ...                  0.178063
70  word_h1_34.mp4  ...                  0.171607
71  word_h1_34.mp4  ...                  0.170288

[72 rows x 30 columns]
csv file with predictions was saved to ../output/predictions_rf_position_female_cropped_word_h1_34.csv
Loaded model: ../trained_models/model_rf_shape_female_cropped.pkl
Loaded video: ../stimuli/words/mp4/word_h1_34.mp4
Extracting coordinates...
          fn_video frame_number   x_face0  ...  y_r_hand20  z_r_hand20  v_r_hand20
0   word_h1_34.mp4            2  0.494941  ...    1.004824    0.031304         0.0
1   word_h1_34.mp4            3  0.494836  ...    0.989552    0.012855         0.0
2   word_h1_34.mp4            4  0.494290  ...    0.971793    0.025763         0.0
3   word_h1_34.mp4            5  0.493795  ...    0.953214    0.015343         0.0
4   word_h1_34.mp4            6  0.493570  ...    0.942840    0.014096         0.0
..             ...          ...       ...  ...         ...         ...         ...
67  word_h1_34.mp4           69  0.494248  ...    0.846191    0.015780         0.0
68  word_h1_34.mp4           70  0.494888  ...    0.863164    0.014060         0.0
69  word_h1_34.mp4           71  0.495313  ...    0.879140    0.016994         0.0
70  word_h1_34.mp4           72  0.495306  ...    0.891202    0.013692         0.0
71  word_h1_34.mp4           73  0.495494  ...    0.905694    0.016987         0.0

[72 rows x 1958 columns]
Extracting features...
Face width computed for normalizaiton 0.1619057698443555
Features saved to: ../output/word_h1_34_features.csv
          fn_video  ... distance_r_hand6_r_hand10
0   word_h1_34.mp4  ...                  0.253612
1   word_h1_34.mp4  ...                  0.337147
2   word_h1_34.mp4  ...                  0.349750
3   word_h1_34.mp4  ...                  0.343682
4   word_h1_34.mp4  ...                  0.396478
..             ...  ...                       ...
67  word_h1_34.mp4  ...                  0.175157
68  word_h1_34.mp4  ...                  0.171993
69  word_h1_34.mp4  ...                  0.178063
70  word_h1_34.mp4  ...                  0.171607
71  word_h1_34.mp4  ...                  0.170288

[72 rows x 30 columns]
csv file with predictions was saved to ../output/predictions_rf_shape_female_cropped_word_h1_34.csv
Visualization for: ../stimuli/words/mp4/word_h1_34.mp4
32
