python is /network/lustre/iss02/home/annahita.sarre/anaconda3/envs/myenv/bin/python
Loaded model: ../trained_models/model_rf_position_female_cropped.pkl
Loaded video: ../stimuli/words/mp4/word_l1_19.mp4
Extracting coordinates...
          fn_video frame_number   x_face0  ...  y_r_hand20  z_r_hand20  v_r_hand20
0   word_l1_19.mp4            4  0.496724  ...    1.115689    0.016340         0.0
1   word_l1_19.mp4            5  0.496502  ...    1.016946    0.083859         0.0
2   word_l1_19.mp4            6  0.496217  ...    0.993216   -0.006777         0.0
3   word_l1_19.mp4            7  0.496156  ...    0.942339    0.005102         0.0
4   word_l1_19.mp4            8  0.496160  ...    0.905971   -0.001656         0.0
5   word_l1_19.mp4            9  0.496258  ...    0.873409    0.001971         0.0
6   word_l1_19.mp4           10  0.495717  ...    0.843469   -0.004645         0.0
7   word_l1_19.mp4           11  0.495297  ...    0.827282    0.003082         0.0
8   word_l1_19.mp4           12  0.495338  ...    0.814566   -0.001677         0.0
9   word_l1_19.mp4           13  0.495071  ...    0.808235    0.000907         0.0
10  word_l1_19.mp4           14  0.494941  ...    0.800916    0.013987         0.0
11  word_l1_19.mp4           15  0.495320  ...    0.800899    0.020899         0.0
12  word_l1_19.mp4           16  0.496075  ...    0.799958    0.010581         0.0
13  word_l1_19.mp4           17  0.495742  ...    0.813321   -0.007827         0.0
14  word_l1_19.mp4           18  0.495483  ...    0.824663    0.013555         0.0
15  word_l1_19.mp4           19  0.495401  ...    0.826817    0.016016         0.0
16  word_l1_19.mp4           20  0.495261  ...    0.827660   -0.000742         0.0
17  word_l1_19.mp4           21  0.495019  ...    0.808614    0.006349         0.0
18  word_l1_19.mp4           22  0.495053  ...    0.763249    0.010230         0.0
19  word_l1_19.mp4           23  0.494825  ...    0.712822    0.010062         0.0
20  word_l1_19.mp4           24  0.494857  ...    0.687737    0.017400         0.0
21  word_l1_19.mp4           25  0.494404  ...    0.672951    0.007939         0.0
22  word_l1_19.mp4           26  0.494740  ...    0.663150    0.005525         0.0
23  word_l1_19.mp4           27  0.494945  ...    0.655129    0.004433         0.0
24  word_l1_19.mp4           28  0.494658  ...    0.649015    0.012914         0.0
25  word_l1_19.mp4           29  0.494637  ...    0.642950    0.020496         0.0
26  word_l1_19.mp4           30  0.494515  ...    0.633999    0.017657         0.0
27  word_l1_19.mp4           31  0.494168  ...    0.623943    0.014208         0.0
28  word_l1_19.mp4           32  0.493447  ...    0.618456   -0.009071         0.0
29  word_l1_19.mp4           33  0.492576  ...    0.607489   -0.017567         0.0
30  word_l1_19.mp4           34  0.492056  ...    0.603703   -0.020775         0.0
31  word_l1_19.mp4           35  0.491504  ...    0.601004   -0.023840         0.0
32  word_l1_19.mp4           36  0.491485  ...    0.598782   -0.022923         0.0
33  word_l1_19.mp4           37  0.491677  ...    0.597941   -0.025691         0.0
34  word_l1_19.mp4           38  0.491347  ...    0.596204   -0.018927         0.0
35  word_l1_19.mp4           39  0.491349  ...    0.595230   -0.019955         0.0
36  word_l1_19.mp4           40  0.491745  ...    0.596707   -0.017556         0.0
37  word_l1_19.mp4           41  0.491266  ...    0.596795   -0.023999         0.0
38  word_l1_19.mp4           42  0.490740  ...    0.595960   -0.018764         0.0
39  word_l1_19.mp4           43  0.490322  ...    0.596400   -0.018478         0.0
40  word_l1_19.mp4           44  0.490518  ...    0.596505   -0.018374         0.0
41  word_l1_19.mp4           45  0.490675  ...    0.596779   -0.015624         0.0
42  word_l1_19.mp4           46  0.490856  ...    0.594740   -0.014755         0.0
43  word_l1_19.mp4           47  0.491105  ...    0.594608   -0.001099         0.0
44  word_l1_19.mp4           48  0.491181  ...    0.603437   -0.017742         0.0
45  word_l1_19.mp4           49  0.491642  ...    0.620532    0.002605         0.0
46  word_l1_19.mp4           50  0.491572  ...    0.647110    0.014674         0.0
47  word_l1_19.mp4           51  0.491805  ...    0.708224    0.006919         0.0
48  word_l1_19.mp4           52  0.492194  ...    0.713349    0.002818         0.0
49  word_l1_19.mp4           53  0.492066  ...    0.720702    0.008227         0.0
50  word_l1_19.mp4           54  0.492518  ...    0.727193    0.011360         0.0
51  word_l1_19.mp4           55  0.492245  ...    0.732985    0.009356         0.0
52  word_l1_19.mp4           56  0.492271  ...    0.741115    0.007552         0.0
53  word_l1_19.mp4           57  0.492149  ...    0.747667    0.010943         0.0

[54 rows x 1958 columns]
Extracting features...
Face width computed for normalizaiton 0.1558267819225265
Features saved to: ../output/word_l1_19_features.csv
          fn_video  ... distance_r_hand6_r_hand10
0   word_l1_19.mp4  ...                  0.308910
1   word_l1_19.mp4  ...                  0.223768
2   word_l1_19.mp4  ...                  0.240908
3   word_l1_19.mp4  ...                  0.230343
4   word_l1_19.mp4  ...                  0.196901
5   word_l1_19.mp4  ...                  0.191093
6   word_l1_19.mp4  ...                  0.177631
7   word_l1_19.mp4  ...                  0.180469
8   word_l1_19.mp4  ...                  0.174669
9   word_l1_19.mp4  ...                  0.173633
10  word_l1_19.mp4  ...                  0.169930
11  word_l1_19.mp4  ...                  0.167372
12  word_l1_19.mp4  ...                  0.172205
13  word_l1_19.mp4  ...                  0.173600
14  word_l1_19.mp4  ...                  0.169101
15  word_l1_19.mp4  ...                  0.165016
16  word_l1_19.mp4  ...                  0.202093
17  word_l1_19.mp4  ...                  0.202737
18  word_l1_19.mp4  ...                  0.166622
19  word_l1_19.mp4  ...                  0.168740
20  word_l1_19.mp4  ...                  0.162497
21  word_l1_19.mp4  ...                  0.141876
22  word_l1_19.mp4  ...                  0.154627
23  word_l1_19.mp4  ...                  0.150099
24  word_l1_19.mp4  ...                  0.156953
25  word_l1_19.mp4  ...                  0.154832
26  word_l1_19.mp4  ...                  0.149243
27  word_l1_19.mp4  ...                  0.154530
28  word_l1_19.mp4  ...                  0.148254
29  word_l1_19.mp4  ...                  0.150338
30  word_l1_19.mp4  ...                  0.145657
31  word_l1_19.mp4  ...                  0.147080
32  word_l1_19.mp4  ...                  0.151921
33  word_l1_19.mp4  ...                  0.149657
34  word_l1_19.mp4  ...                  0.159556
35  word_l1_19.mp4  ...                  0.159884
36  word_l1_19.mp4  ...                  0.163370
37  word_l1_19.mp4  ...                  0.158167
38  word_l1_19.mp4  ...                  0.159081
39  word_l1_19.mp4  ...                  0.157677
40  word_l1_19.mp4  ...                  0.158140
41  word_l1_19.mp4  ...                  0.161043
42  word_l1_19.mp4  ...                  0.169644
43  word_l1_19.mp4  ...                  0.188357
44  word_l1_19.mp4  ...                  0.183717
45  word_l1_19.mp4  ...                  0.167526
46  word_l1_19.mp4  ...                  0.159300
47  word_l1_19.mp4  ...                  0.169822
48  word_l1_19.mp4  ...                  0.165303
49  word_l1_19.mp4  ...                  0.173070
50  word_l1_19.mp4  ...                  0.176289
51  word_l1_19.mp4  ...                  0.181699
52  word_l1_19.mp4  ...                  0.179774
53  word_l1_19.mp4  ...                  0.191649

[54 rows x 30 columns]
csv file with predictions was saved to ../output/predictions_rf_position_female_cropped_word_l1_19.csv
Loaded model: ../trained_models/model_rf_shape_female_cropped.pkl
Loaded video: ../stimuli/words/mp4/word_l1_19.mp4
Extracting coordinates...
          fn_video frame_number   x_face0  ...  y_r_hand20  z_r_hand20  v_r_hand20
0   word_l1_19.mp4            4  0.496724  ...    1.115689    0.016340         0.0
1   word_l1_19.mp4            5  0.496502  ...    1.016946    0.083859         0.0
2   word_l1_19.mp4            6  0.496217  ...    0.993216   -0.006777         0.0
3   word_l1_19.mp4            7  0.496156  ...    0.942339    0.005102         0.0
4   word_l1_19.mp4            8  0.496160  ...    0.905971   -0.001656         0.0
5   word_l1_19.mp4            9  0.496258  ...    0.873409    0.001971         0.0
6   word_l1_19.mp4           10  0.495717  ...    0.843469   -0.004645         0.0
7   word_l1_19.mp4           11  0.495297  ...    0.827282    0.003082         0.0
8   word_l1_19.mp4           12  0.495338  ...    0.814566   -0.001677         0.0
9   word_l1_19.mp4           13  0.495071  ...    0.808235    0.000907         0.0
10  word_l1_19.mp4           14  0.494941  ...    0.800916    0.013987         0.0
11  word_l1_19.mp4           15  0.495320  ...    0.800899    0.020899         0.0
12  word_l1_19.mp4           16  0.496075  ...    0.799958    0.010581         0.0
13  word_l1_19.mp4           17  0.495742  ...    0.813321   -0.007827         0.0
14  word_l1_19.mp4           18  0.495483  ...    0.824663    0.013555         0.0
15  word_l1_19.mp4           19  0.495401  ...    0.826817    0.016016         0.0
16  word_l1_19.mp4           20  0.495261  ...    0.827660   -0.000742         0.0
17  word_l1_19.mp4           21  0.495019  ...    0.808614    0.006349         0.0
18  word_l1_19.mp4           22  0.495053  ...    0.763249    0.010230         0.0
19  word_l1_19.mp4           23  0.494825  ...    0.712822    0.010062         0.0
20  word_l1_19.mp4           24  0.494857  ...    0.687737    0.017400         0.0
21  word_l1_19.mp4           25  0.494404  ...    0.672951    0.007939         0.0
22  word_l1_19.mp4           26  0.494740  ...    0.663150    0.005525         0.0
23  word_l1_19.mp4           27  0.494945  ...    0.655129    0.004433         0.0
24  word_l1_19.mp4           28  0.494658  ...    0.649015    0.012914         0.0
25  word_l1_19.mp4           29  0.494637  ...    0.642950    0.020496         0.0
26  word_l1_19.mp4           30  0.494515  ...    0.633999    0.017657         0.0
27  word_l1_19.mp4           31  0.494168  ...    0.623943    0.014208         0.0
28  word_l1_19.mp4           32  0.493447  ...    0.618456   -0.009071         0.0
29  word_l1_19.mp4           33  0.492576  ...    0.607489   -0.017567         0.0
30  word_l1_19.mp4           34  0.492056  ...    0.603703   -0.020775         0.0
31  word_l1_19.mp4           35  0.491504  ...    0.601004   -0.023840         0.0
32  word_l1_19.mp4           36  0.491485  ...    0.598782   -0.022923         0.0
33  word_l1_19.mp4           37  0.491677  ...    0.597941   -0.025691         0.0
34  word_l1_19.mp4           38  0.491347  ...    0.596204   -0.018927         0.0
35  word_l1_19.mp4           39  0.491349  ...    0.595230   -0.019955         0.0
36  word_l1_19.mp4           40  0.491745  ...    0.596707   -0.017556         0.0
37  word_l1_19.mp4           41  0.491266  ...    0.596795   -0.023999         0.0
38  word_l1_19.mp4           42  0.490740  ...    0.595960   -0.018764         0.0
39  word_l1_19.mp4           43  0.490322  ...    0.596400   -0.018478         0.0
40  word_l1_19.mp4           44  0.490518  ...    0.596505   -0.018374         0.0
41  word_l1_19.mp4           45  0.490675  ...    0.596779   -0.015624         0.0
42  word_l1_19.mp4           46  0.490856  ...    0.594740   -0.014755         0.0
43  word_l1_19.mp4           47  0.491105  ...    0.594608   -0.001099         0.0
44  word_l1_19.mp4           48  0.491181  ...    0.603437   -0.017742         0.0
45  word_l1_19.mp4           49  0.491642  ...    0.620532    0.002605         0.0
46  word_l1_19.mp4           50  0.491572  ...    0.647110    0.014674         0.0
47  word_l1_19.mp4           51  0.491805  ...    0.708224    0.006919         0.0
48  word_l1_19.mp4           52  0.492194  ...    0.713349    0.002818         0.0
49  word_l1_19.mp4           53  0.492066  ...    0.720702    0.008227         0.0
50  word_l1_19.mp4           54  0.492518  ...    0.727193    0.011360         0.0
51  word_l1_19.mp4           55  0.492245  ...    0.732985    0.009356         0.0
52  word_l1_19.mp4           56  0.492271  ...    0.741115    0.007552         0.0
53  word_l1_19.mp4           57  0.492149  ...    0.747667    0.010943         0.0

[54 rows x 1958 columns]
Extracting features...
Face width computed for normalizaiton 0.1558267819225265
Features saved to: ../output/word_l1_19_features.csv
          fn_video  ... distance_r_hand6_r_hand10
0   word_l1_19.mp4  ...                  0.308910
1   word_l1_19.mp4  ...                  0.223768
2   word_l1_19.mp4  ...                  0.240908
3   word_l1_19.mp4  ...                  0.230343
4   word_l1_19.mp4  ...                  0.196901
5   word_l1_19.mp4  ...                  0.191093
6   word_l1_19.mp4  ...                  0.177631
7   word_l1_19.mp4  ...                  0.180469
8   word_l1_19.mp4  ...                  0.174669
9   word_l1_19.mp4  ...                  0.173633
10  word_l1_19.mp4  ...                  0.169930
11  word_l1_19.mp4  ...                  0.167372
12  word_l1_19.mp4  ...                  0.172205
13  word_l1_19.mp4  ...                  0.173600
14  word_l1_19.mp4  ...                  0.169101
15  word_l1_19.mp4  ...                  0.165016
16  word_l1_19.mp4  ...                  0.202093
17  word_l1_19.mp4  ...                  0.202737
18  word_l1_19.mp4  ...                  0.166622
19  word_l1_19.mp4  ...                  0.168740
20  word_l1_19.mp4  ...                  0.162497
21  word_l1_19.mp4  ...                  0.141876
22  word_l1_19.mp4  ...                  0.154627
23  word_l1_19.mp4  ...                  0.150099
24  word_l1_19.mp4  ...                  0.156953
25  word_l1_19.mp4  ...                  0.154832
26  word_l1_19.mp4  ...                  0.149243
27  word_l1_19.mp4  ...                  0.154530
28  word_l1_19.mp4  ...                  0.148254
29  word_l1_19.mp4  ...                  0.150338
30  word_l1_19.mp4  ...                  0.145657
31  word_l1_19.mp4  ...                  0.147080
32  word_l1_19.mp4  ...                  0.151921
33  word_l1_19.mp4  ...                  0.149657
34  word_l1_19.mp4  ...                  0.159556
35  word_l1_19.mp4  ...                  0.159884
36  word_l1_19.mp4  ...                  0.163370
37  word_l1_19.mp4  ...                  0.158167
38  word_l1_19.mp4  ...                  0.159081
39  word_l1_19.mp4  ...                  0.157677
40  word_l1_19.mp4  ...                  0.158140
41  word_l1_19.mp4  ...                  0.161043
42  word_l1_19.mp4  ...                  0.169644
43  word_l1_19.mp4  ...                  0.188357
44  word_l1_19.mp4  ...                  0.183717
45  word_l1_19.mp4  ...                  0.167526
46  word_l1_19.mp4  ...                  0.159300
47  word_l1_19.mp4  ...                  0.169822
48  word_l1_19.mp4  ...                  0.165303
49  word_l1_19.mp4  ...                  0.173070
50  word_l1_19.mp4  ...                  0.176289
51  word_l1_19.mp4  ...                  0.181699
52  word_l1_19.mp4  ...                  0.179774
53  word_l1_19.mp4  ...                  0.191649

[54 rows x 30 columns]
csv file with predictions was saved to ../output/predictions_rf_shape_female_cropped_word_l1_19.csv
Visualization for: ../stimuli/words/mp4/word_l1_19.mp4
32
