python is /network/lustre/iss02/home/annahita.sarre/anaconda3/envs/myenv/bin/python
Loaded model: ../trained_models/model_rf_position_female_cropped.pkl
Loaded video: ../stimuli/words/mp4/word_l0_15.mp4
Extracting coordinates...
          fn_video frame_number   x_face0  ...  y_r_hand20  z_r_hand20  v_r_hand20
0   word_l0_15.mp4            3  0.500370  ...    1.078309    0.057304         0.0
1   word_l0_15.mp4            4  0.500693  ...    1.020570    0.083600         0.0
2   word_l0_15.mp4            5  0.500048  ...    1.016383    0.031394         0.0
3   word_l0_15.mp4            6  0.500389  ...    0.979317    0.036246         0.0
4   word_l0_15.mp4            7  0.500543  ...    0.954467    0.017677         0.0
5   word_l0_15.mp4            8  0.499507  ...    0.927869    0.034434         0.0
6   word_l0_15.mp4            9  0.499964  ...    0.896610    0.032769         0.0
7   word_l0_15.mp4           10  0.499829  ...    0.864192    0.029376         0.0
8   word_l0_15.mp4           11  0.499710  ...    0.841851    0.033931         0.0
9   word_l0_15.mp4           12  0.499692  ...    0.805307    0.030319         0.0
10  word_l0_15.mp4           13  0.499513  ...    0.781597    0.032839         0.0
11  word_l0_15.mp4           14  0.499172  ...    0.752130    0.026996         0.0
12  word_l0_15.mp4           15  0.499444  ...    0.719044    0.015167         0.0
13  word_l0_15.mp4           16  0.498831  ...    0.684329    0.009839         0.0
14  word_l0_15.mp4           17  0.498869  ...    0.660752   -0.002103         0.0
15  word_l0_15.mp4           18  0.498602  ...    0.649872    0.013530         0.0
16  word_l0_15.mp4           19  0.498447  ...    0.639639   -0.002021         0.0
17  word_l0_15.mp4           20  0.497996  ...    0.632189    0.002603         0.0
18  word_l0_15.mp4           21  0.497932  ...    0.621698    0.005791         0.0
19  word_l0_15.mp4           22  0.497808  ...    0.612649    0.015016         0.0
20  word_l0_15.mp4           23  0.498049  ...    0.604965    0.016089         0.0
21  word_l0_15.mp4           24  0.497376  ...    0.597881    0.034653         0.0
22  word_l0_15.mp4           25  0.495925  ...    0.588255    0.024929         0.0
23  word_l0_15.mp4           26  0.495365  ...    0.579359   -0.000766         0.0
24  word_l0_15.mp4           27  0.495062  ...    0.579641   -0.005785         0.0
25  word_l0_15.mp4           28  0.495223  ...    0.580551   -0.017245         0.0
26  word_l0_15.mp4           29  0.495809  ...    0.581754   -0.018077         0.0
27  word_l0_15.mp4           30  0.496808  ...    0.586413   -0.019521         0.0
28  word_l0_15.mp4           31  0.497521  ...    0.596325   -0.012456         0.0
29  word_l0_15.mp4           32  0.497490  ...    0.600440   -0.012401         0.0
30  word_l0_15.mp4           33  0.497340  ...    0.607995    0.001981         0.0
31  word_l0_15.mp4           34  0.496800  ...    0.607016    0.012156         0.0
32  word_l0_15.mp4           35  0.495898  ...    0.596406    0.014347         0.0
33  word_l0_15.mp4           36  0.495303  ...    0.605096    0.025239         0.0
34  word_l0_15.mp4           37  0.494070  ...    0.600874    0.015896         0.0
35  word_l0_15.mp4           38  0.493579  ...    0.597041    0.009482         0.0
36  word_l0_15.mp4           39  0.493330  ...    0.596081    0.007664         0.0
37  word_l0_15.mp4           40  0.492909  ...    0.594773    0.012287         0.0
38  word_l0_15.mp4           41  0.492587  ...    0.594498    0.011698         0.0
39  word_l0_15.mp4           42  0.492490  ...    0.590701    0.012627         0.0
40  word_l0_15.mp4           43  0.492292  ...    0.591389    0.009587         0.0
41  word_l0_15.mp4           44  0.492611  ...    0.592303    0.015806         0.0
42  word_l0_15.mp4           45  0.493354  ...    0.594236    0.012712         0.0
43  word_l0_15.mp4           46  0.493305  ...    0.594706    0.019339         0.0
44  word_l0_15.mp4           47  0.493473  ...    0.595423    0.010383         0.0
45  word_l0_15.mp4           48  0.492953  ...    0.594194    0.005944         0.0
46  word_l0_15.mp4           49  0.492842  ...    0.594156    0.006385         0.0
47  word_l0_15.mp4           50  0.492692  ...    0.594298    0.004457         0.0
48  word_l0_15.mp4           51  0.492355  ...    0.594166    0.004314         0.0
49  word_l0_15.mp4           52  0.492102  ...    0.592937    0.003708         0.0
50  word_l0_15.mp4           53  0.492069  ...    0.593003    0.000146         0.0
51  word_l0_15.mp4           54  0.492155  ...    0.594509    0.002026         0.0
52  word_l0_15.mp4           55  0.491910  ...    0.594814    0.007939         0.0
53  word_l0_15.mp4           56  0.491912  ...    0.594532    0.006955         0.0
54  word_l0_15.mp4           57  0.491570  ...    0.593987    0.000281         0.0
55  word_l0_15.mp4           58  0.492012  ...    0.596140   -0.006943         0.0
56  word_l0_15.mp4           59  0.492229  ...    0.603054   -0.003842         0.0
57  word_l0_15.mp4           60  0.492127  ...    0.607412    0.001763         0.0

[58 rows x 1958 columns]
Extracting features...
Face width computed for normalizaiton 0.1578839370752739
Features saved to: ../output/word_l0_15_features.csv
          fn_video  ... distance_r_hand6_r_hand10
0   word_l0_15.mp4  ...                  0.168522
1   word_l0_15.mp4  ...                  0.158385
2   word_l0_15.mp4  ...                  0.235019
3   word_l0_15.mp4  ...                  0.244407
4   word_l0_15.mp4  ...                  0.240312
5   word_l0_15.mp4  ...                  0.228640
6   word_l0_15.mp4  ...                  0.223139
7   word_l0_15.mp4  ...                  0.213596
8   word_l0_15.mp4  ...                  0.211911
9   word_l0_15.mp4  ...                  0.194634
10  word_l0_15.mp4  ...                  0.189882
11  word_l0_15.mp4  ...                  0.171524
12  word_l0_15.mp4  ...                  0.167908
13  word_l0_15.mp4  ...                  0.149997
14  word_l0_15.mp4  ...                  0.145807
15  word_l0_15.mp4  ...                  0.147969
16  word_l0_15.mp4  ...                  0.144245
17  word_l0_15.mp4  ...                  0.134858
18  word_l0_15.mp4  ...                  0.131150
19  word_l0_15.mp4  ...                  0.130589
20  word_l0_15.mp4  ...                  0.128549
21  word_l0_15.mp4  ...                  0.148004
22  word_l0_15.mp4  ...                  0.160095
23  word_l0_15.mp4  ...                  0.165836
24  word_l0_15.mp4  ...                  0.155861
25  word_l0_15.mp4  ...                  0.160147
26  word_l0_15.mp4  ...                  0.154918
27  word_l0_15.mp4  ...                  0.156778
28  word_l0_15.mp4  ...                  0.162552
29  word_l0_15.mp4  ...                  0.149400
30  word_l0_15.mp4  ...                  0.136431
31  word_l0_15.mp4  ...                  0.135462
32  word_l0_15.mp4  ...                  0.133965
33  word_l0_15.mp4  ...                  0.136236
34  word_l0_15.mp4  ...                  0.132542
35  word_l0_15.mp4  ...                  0.129879
36  word_l0_15.mp4  ...                  0.128420
37  word_l0_15.mp4  ...                  0.128032
38  word_l0_15.mp4  ...                  0.129641
39  word_l0_15.mp4  ...                  0.133616
40  word_l0_15.mp4  ...                  0.136527
41  word_l0_15.mp4  ...                  0.135699
42  word_l0_15.mp4  ...                  0.133551
43  word_l0_15.mp4  ...                  0.134048
44  word_l0_15.mp4  ...                  0.133212
45  word_l0_15.mp4  ...                  0.134617
46  word_l0_15.mp4  ...                  0.135120
47  word_l0_15.mp4  ...                  0.133691
48  word_l0_15.mp4  ...                  0.135875
49  word_l0_15.mp4  ...                  0.136596
50  word_l0_15.mp4  ...                  0.134130
51  word_l0_15.mp4  ...                  0.137226
52  word_l0_15.mp4  ...                  0.134734
53  word_l0_15.mp4  ...                  0.134769
54  word_l0_15.mp4  ...                  0.135278
55  word_l0_15.mp4  ...                  0.137944
56  word_l0_15.mp4  ...                  0.146613
57  word_l0_15.mp4  ...                  0.151261

[58 rows x 30 columns]
csv file with predictions was saved to ../output/predictions_rf_position_female_cropped_word_l0_15.csv
Loaded model: ../trained_models/model_rf_shape_female_cropped.pkl
Loaded video: ../stimuli/words/mp4/word_l0_15.mp4
Extracting coordinates...
          fn_video frame_number   x_face0  ...  y_r_hand20  z_r_hand20  v_r_hand20
0   word_l0_15.mp4            3  0.500370  ...    1.078309    0.057304         0.0
1   word_l0_15.mp4            4  0.500693  ...    1.020570    0.083600         0.0
2   word_l0_15.mp4            5  0.500048  ...    1.016383    0.031394         0.0
3   word_l0_15.mp4            6  0.500389  ...    0.979317    0.036246         0.0
4   word_l0_15.mp4            7  0.500543  ...    0.954467    0.017677         0.0
5   word_l0_15.mp4            8  0.499507  ...    0.927869    0.034434         0.0
6   word_l0_15.mp4            9  0.499964  ...    0.896610    0.032769         0.0
7   word_l0_15.mp4           10  0.499829  ...    0.864192    0.029376         0.0
8   word_l0_15.mp4           11  0.499710  ...    0.841851    0.033931         0.0
9   word_l0_15.mp4           12  0.499692  ...    0.805307    0.030319         0.0
10  word_l0_15.mp4           13  0.499513  ...    0.781597    0.032839         0.0
11  word_l0_15.mp4           14  0.499172  ...    0.752130    0.026996         0.0
12  word_l0_15.mp4           15  0.499444  ...    0.719044    0.015167         0.0
13  word_l0_15.mp4           16  0.498831  ...    0.684329    0.009839         0.0
14  word_l0_15.mp4           17  0.498869  ...    0.660752   -0.002103         0.0
15  word_l0_15.mp4           18  0.498602  ...    0.649872    0.013530         0.0
16  word_l0_15.mp4           19  0.498447  ...    0.639639   -0.002021         0.0
17  word_l0_15.mp4           20  0.497996  ...    0.632189    0.002603         0.0
18  word_l0_15.mp4           21  0.497932  ...    0.621698    0.005791         0.0
19  word_l0_15.mp4           22  0.497808  ...    0.612649    0.015016         0.0
20  word_l0_15.mp4           23  0.498049  ...    0.604965    0.016089         0.0
21  word_l0_15.mp4           24  0.497376  ...    0.597881    0.034653         0.0
22  word_l0_15.mp4           25  0.495925  ...    0.588255    0.024929         0.0
23  word_l0_15.mp4           26  0.495365  ...    0.579359   -0.000766         0.0
24  word_l0_15.mp4           27  0.495062  ...    0.579641   -0.005785         0.0
25  word_l0_15.mp4           28  0.495223  ...    0.580551   -0.017245         0.0
26  word_l0_15.mp4           29  0.495809  ...    0.581754   -0.018077         0.0
27  word_l0_15.mp4           30  0.496808  ...    0.586413   -0.019521         0.0
28  word_l0_15.mp4           31  0.497521  ...    0.596325   -0.012456         0.0
29  word_l0_15.mp4           32  0.497490  ...    0.600440   -0.012401         0.0
30  word_l0_15.mp4           33  0.497340  ...    0.607995    0.001981         0.0
31  word_l0_15.mp4           34  0.496800  ...    0.607016    0.012156         0.0
32  word_l0_15.mp4           35  0.495898  ...    0.596406    0.014347         0.0
33  word_l0_15.mp4           36  0.495303  ...    0.605096    0.025239         0.0
34  word_l0_15.mp4           37  0.494070  ...    0.600874    0.015896         0.0
35  word_l0_15.mp4           38  0.493579  ...    0.597041    0.009482         0.0
36  word_l0_15.mp4           39  0.493330  ...    0.596081    0.007664         0.0
37  word_l0_15.mp4           40  0.492909  ...    0.594773    0.012287         0.0
38  word_l0_15.mp4           41  0.492587  ...    0.594498    0.011698         0.0
39  word_l0_15.mp4           42  0.492490  ...    0.590701    0.012627         0.0
40  word_l0_15.mp4           43  0.492292  ...    0.591389    0.009587         0.0
41  word_l0_15.mp4           44  0.492611  ...    0.592303    0.015806         0.0
42  word_l0_15.mp4           45  0.493354  ...    0.594236    0.012712         0.0
43  word_l0_15.mp4           46  0.493305  ...    0.594706    0.019339         0.0
44  word_l0_15.mp4           47  0.493473  ...    0.595423    0.010383         0.0
45  word_l0_15.mp4           48  0.492953  ...    0.594194    0.005944         0.0
46  word_l0_15.mp4           49  0.492842  ...    0.594156    0.006385         0.0
47  word_l0_15.mp4           50  0.492692  ...    0.594298    0.004457         0.0
48  word_l0_15.mp4           51  0.492355  ...    0.594166    0.004314         0.0
49  word_l0_15.mp4           52  0.492102  ...    0.592937    0.003708         0.0
50  word_l0_15.mp4           53  0.492069  ...    0.593003    0.000146         0.0
51  word_l0_15.mp4           54  0.492155  ...    0.594509    0.002026         0.0
52  word_l0_15.mp4           55  0.491910  ...    0.594814    0.007939         0.0
53  word_l0_15.mp4           56  0.491912  ...    0.594532    0.006955         0.0
54  word_l0_15.mp4           57  0.491570  ...    0.593987    0.000281         0.0
55  word_l0_15.mp4           58  0.492012  ...    0.596140   -0.006943         0.0
56  word_l0_15.mp4           59  0.492229  ...    0.603054   -0.003842         0.0
57  word_l0_15.mp4           60  0.492127  ...    0.607412    0.001763         0.0

[58 rows x 1958 columns]
Extracting features...
Face width computed for normalizaiton 0.1578839370752739
Features saved to: ../output/word_l0_15_features.csv
          fn_video  ... distance_r_hand6_r_hand10
0   word_l0_15.mp4  ...                  0.168522
1   word_l0_15.mp4  ...                  0.158385
2   word_l0_15.mp4  ...                  0.235019
3   word_l0_15.mp4  ...                  0.244407
4   word_l0_15.mp4  ...                  0.240312
5   word_l0_15.mp4  ...                  0.228640
6   word_l0_15.mp4  ...                  0.223139
7   word_l0_15.mp4  ...                  0.213596
8   word_l0_15.mp4  ...                  0.211911
9   word_l0_15.mp4  ...                  0.194634
10  word_l0_15.mp4  ...                  0.189882
11  word_l0_15.mp4  ...                  0.171524
12  word_l0_15.mp4  ...                  0.167908
13  word_l0_15.mp4  ...                  0.149997
14  word_l0_15.mp4  ...                  0.145807
15  word_l0_15.mp4  ...                  0.147969
16  word_l0_15.mp4  ...                  0.144245
17  word_l0_15.mp4  ...                  0.134858
18  word_l0_15.mp4  ...                  0.131150
19  word_l0_15.mp4  ...                  0.130589
20  word_l0_15.mp4  ...                  0.128549
21  word_l0_15.mp4  ...                  0.148004
22  word_l0_15.mp4  ...                  0.160095
23  word_l0_15.mp4  ...                  0.165836
24  word_l0_15.mp4  ...                  0.155861
25  word_l0_15.mp4  ...                  0.160147
26  word_l0_15.mp4  ...                  0.154918
27  word_l0_15.mp4  ...                  0.156778
28  word_l0_15.mp4  ...                  0.162552
29  word_l0_15.mp4  ...                  0.149400
30  word_l0_15.mp4  ...                  0.136431
31  word_l0_15.mp4  ...                  0.135462
32  word_l0_15.mp4  ...                  0.133965
33  word_l0_15.mp4  ...                  0.136236
34  word_l0_15.mp4  ...                  0.132542
35  word_l0_15.mp4  ...                  0.129879
36  word_l0_15.mp4  ...                  0.128420
37  word_l0_15.mp4  ...                  0.128032
38  word_l0_15.mp4  ...                  0.129641
39  word_l0_15.mp4  ...                  0.133616
40  word_l0_15.mp4  ...                  0.136527
41  word_l0_15.mp4  ...                  0.135699
42  word_l0_15.mp4  ...                  0.133551
43  word_l0_15.mp4  ...                  0.134048
44  word_l0_15.mp4  ...                  0.133212
45  word_l0_15.mp4  ...                  0.134617
46  word_l0_15.mp4  ...                  0.135120
47  word_l0_15.mp4  ...                  0.133691
48  word_l0_15.mp4  ...                  0.135875
49  word_l0_15.mp4  ...                  0.136596
50  word_l0_15.mp4  ...                  0.134130
51  word_l0_15.mp4  ...                  0.137226
52  word_l0_15.mp4  ...                  0.134734
53  word_l0_15.mp4  ...                  0.134769
54  word_l0_15.mp4  ...                  0.135278
55  word_l0_15.mp4  ...                  0.137944
56  word_l0_15.mp4  ...                  0.146613
57  word_l0_15.mp4  ...                  0.151261

[58 rows x 30 columns]
csv file with predictions was saved to ../output/predictions_rf_shape_female_cropped_word_l0_15.csv
Visualization for: ../stimuli/words/mp4/word_l0_15.mp4
32
