python is /network/lustre/iss02/home/annahita.sarre/anaconda3/envs/myenv/bin/python
Loaded model: ../trained_models/model_rf_position_female_cropped.pkl
Loaded video: ../stimuli/words/mp4/word_l2_17.mp4
Extracting coordinates...
          fn_video frame_number   x_face0  ...  y_r_hand20  z_r_hand20  v_r_hand20
0   word_l2_17.mp4           11  0.494274  ...    1.130817   -0.000830         0.0
1   word_l2_17.mp4           12  0.494131  ...    1.013815    0.032775         0.0
2   word_l2_17.mp4           13  0.493842  ...    0.960230    0.023426         0.0
3   word_l2_17.mp4           14  0.494051  ...    0.913685    0.012911         0.0
4   word_l2_17.mp4           15  0.494106  ...    0.874788    0.020035         0.0
5   word_l2_17.mp4           16  0.493862  ...    0.829145    0.007612         0.0
6   word_l2_17.mp4           17  0.494098  ...    0.795841    0.001995         0.0
7   word_l2_17.mp4           18  0.493567  ...    0.759088    0.005508         0.0
8   word_l2_17.mp4           19  0.493856  ...    0.717193    0.003549         0.0
9   word_l2_17.mp4           20  0.493665  ...    0.683756    0.003051         0.0
10  word_l2_17.mp4           21  0.493651  ...    0.649743    0.006746         0.0
11  word_l2_17.mp4           22  0.493117  ...    0.620221    0.007627         0.0
12  word_l2_17.mp4           23  0.493475  ...    0.587136    0.009866         0.0
13  word_l2_17.mp4           24  0.493492  ...    0.570630    0.012541         0.0
14  word_l2_17.mp4           25  0.493496  ...    0.559435    0.024909         0.0
15  word_l2_17.mp4           26  0.493786  ...    0.555286    0.021305         0.0
16  word_l2_17.mp4           27  0.493706  ...    0.555093    0.017958         0.0
17  word_l2_17.mp4           28  0.493669  ...    0.557015    0.014514         0.0
18  word_l2_17.mp4           29  0.493864  ...    0.559230    0.006051         0.0
19  word_l2_17.mp4           30  0.494399  ...    0.561774    0.004441         0.0
20  word_l2_17.mp4           31  0.494973  ...    0.560244   -0.009984         0.0
21  word_l2_17.mp4           32  0.495648  ...    0.558637   -0.006317         0.0
22  word_l2_17.mp4           33  0.496177  ...    0.559761   -0.019405         0.0
23  word_l2_17.mp4           34  0.497141  ...    0.562499   -0.019676         0.0
24  word_l2_17.mp4           35  0.496224  ...    0.562609   -0.023756         0.0
25  word_l2_17.mp4           36  0.496679  ...    0.560157   -0.027073         0.0
26  word_l2_17.mp4           37  0.496630  ...    0.555826   -0.022549         0.0
27  word_l2_17.mp4           38  0.496585  ...    0.555882   -0.023921         0.0
28  word_l2_17.mp4           39  0.496619  ...    0.634840    0.007863         0.0
29  word_l2_17.mp4           40  0.496508  ...    0.655353    0.019730         0.0
30  word_l2_17.mp4           41  0.496770  ...    0.659015    0.018057         0.0
31  word_l2_17.mp4           42  0.496778  ...    0.661975    0.017336         0.0
32  word_l2_17.mp4           43  0.496796  ...    0.663309    0.014736         0.0
33  word_l2_17.mp4           44  0.496932  ...    0.663309    0.010177         0.0
34  word_l2_17.mp4           45  0.496784  ...    0.662577    0.018930         0.0
35  word_l2_17.mp4           46  0.497046  ...    0.662059    0.015596         0.0
36  word_l2_17.mp4           47  0.496868  ...    0.662649    0.013853         0.0
37  word_l2_17.mp4           48  0.496419  ...    0.663062    0.018869         0.0
38  word_l2_17.mp4           49  0.496208  ...    0.662364    0.018070         0.0
39  word_l2_17.mp4           50  0.495949  ...    0.662085    0.017750         0.0
40  word_l2_17.mp4           51  0.496150  ...    0.660682    0.014157         0.0
41  word_l2_17.mp4           52  0.496038  ...    0.660078    0.017383         0.0
42  word_l2_17.mp4           53  0.495742  ...    0.658488    0.014307         0.0
43  word_l2_17.mp4           54  0.496287  ...    0.656171    0.018392         0.0
44  word_l2_17.mp4           55  0.496543  ...    0.654237    0.018228         0.0
45  word_l2_17.mp4           56  0.495983  ...    0.655635    0.019203         0.0
46  word_l2_17.mp4           57  0.496017  ...    0.656544    0.014992         0.0
47  word_l2_17.mp4           58  0.495947  ...    0.657270    0.024617         0.0
48  word_l2_17.mp4           59  0.496169  ...    0.667186    0.007766         0.0
49  word_l2_17.mp4           60  0.496459  ...    0.673844    0.005316         0.0
50  word_l2_17.mp4           61  0.496912  ...    0.685640    0.003421         0.0
51  word_l2_17.mp4           62  0.497453  ...    0.695154    0.005843         0.0
52  word_l2_17.mp4           63  0.498043  ...    0.705857    0.007795         0.0
53  word_l2_17.mp4           64  0.498493  ...    0.722140    0.005680         0.0
54  word_l2_17.mp4           65  0.498506  ...    0.739873    0.007416         0.0
55  word_l2_17.mp4           66  0.498447  ...    0.752712    0.008861         0.0

[56 rows x 1958 columns]
Extracting features...
Face width computed for normalizaiton 0.1571856947478993
Features saved to: ../output/word_l2_17_features.csv
          fn_video  ... distance_r_hand6_r_hand10
0   word_l2_17.mp4  ...                  0.312042
1   word_l2_17.mp4  ...                  0.203848
2   word_l2_17.mp4  ...                  0.226865
3   word_l2_17.mp4  ...                  0.220271
4   word_l2_17.mp4  ...                  0.221701
5   word_l2_17.mp4  ...                  0.194619
6   word_l2_17.mp4  ...                  0.197968
7   word_l2_17.mp4  ...                  0.173686
8   word_l2_17.mp4  ...                  0.153607
9   word_l2_17.mp4  ...                  0.155351
10  word_l2_17.mp4  ...                  0.149064
11  word_l2_17.mp4  ...                  0.155638
12  word_l2_17.mp4  ...                  0.161587
13  word_l2_17.mp4  ...                  0.167892
14  word_l2_17.mp4  ...                  0.189320
15  word_l2_17.mp4  ...                  0.184356
16  word_l2_17.mp4  ...                  0.168533
17  word_l2_17.mp4  ...                  0.166309
18  word_l2_17.mp4  ...                  0.172810
19  word_l2_17.mp4  ...                  0.168721
20  word_l2_17.mp4  ...                  0.157107
21  word_l2_17.mp4  ...                  0.160125
22  word_l2_17.mp4  ...                  0.139851
23  word_l2_17.mp4  ...                  0.141508
24  word_l2_17.mp4  ...                  0.140563
25  word_l2_17.mp4  ...                  0.144930
26  word_l2_17.mp4  ...                  0.157705
27  word_l2_17.mp4  ...                  0.166287
28  word_l2_17.mp4  ...                  0.178065
29  word_l2_17.mp4  ...                  0.191368
30  word_l2_17.mp4  ...                  0.194141
31  word_l2_17.mp4  ...                  0.200325
32  word_l2_17.mp4  ...                  0.191718
33  word_l2_17.mp4  ...                  0.187152
34  word_l2_17.mp4  ...                  0.197648
35  word_l2_17.mp4  ...                  0.188761
36  word_l2_17.mp4  ...                  0.189084
37  word_l2_17.mp4  ...                  0.193131
38  word_l2_17.mp4  ...                  0.185477
39  word_l2_17.mp4  ...                  0.183501
40  word_l2_17.mp4  ...                  0.177495
41  word_l2_17.mp4  ...                  0.184232
42  word_l2_17.mp4  ...                  0.180880
43  word_l2_17.mp4  ...                  0.192221
44  word_l2_17.mp4  ...                  0.184996
45  word_l2_17.mp4  ...                  0.173988
46  word_l2_17.mp4  ...                  0.168090
47  word_l2_17.mp4  ...                  0.172882
48  word_l2_17.mp4  ...                  0.168771
49  word_l2_17.mp4  ...                  0.163182
50  word_l2_17.mp4  ...                  0.165153
51  word_l2_17.mp4  ...                  0.166669
52  word_l2_17.mp4  ...                  0.175478
53  word_l2_17.mp4  ...                  0.170262
54  word_l2_17.mp4  ...                  0.177080
55  word_l2_17.mp4  ...                  0.182715

[56 rows x 30 columns]
csv file with predictions was saved to ../output/predictions_rf_position_female_cropped_word_l2_17.csv
Loaded model: ../trained_models/model_rf_shape_female_cropped.pkl
Loaded video: ../stimuli/words/mp4/word_l2_17.mp4
Extracting coordinates...
          fn_video frame_number   x_face0  ...  y_r_hand20  z_r_hand20  v_r_hand20
0   word_l2_17.mp4           11  0.494274  ...    1.130817   -0.000830         0.0
1   word_l2_17.mp4           12  0.494131  ...    1.013815    0.032775         0.0
2   word_l2_17.mp4           13  0.493842  ...    0.960230    0.023426         0.0
3   word_l2_17.mp4           14  0.494051  ...    0.913685    0.012911         0.0
4   word_l2_17.mp4           15  0.494106  ...    0.874788    0.020035         0.0
5   word_l2_17.mp4           16  0.493862  ...    0.829145    0.007612         0.0
6   word_l2_17.mp4           17  0.494098  ...    0.795841    0.001995         0.0
7   word_l2_17.mp4           18  0.493567  ...    0.759088    0.005508         0.0
8   word_l2_17.mp4           19  0.493856  ...    0.717193    0.003549         0.0
9   word_l2_17.mp4           20  0.493665  ...    0.683756    0.003051         0.0
10  word_l2_17.mp4           21  0.493651  ...    0.649743    0.006746         0.0
11  word_l2_17.mp4           22  0.493117  ...    0.620221    0.007627         0.0
12  word_l2_17.mp4           23  0.493475  ...    0.587136    0.009866         0.0
13  word_l2_17.mp4           24  0.493492  ...    0.570630    0.012541         0.0
14  word_l2_17.mp4           25  0.493496  ...    0.559435    0.024909         0.0
15  word_l2_17.mp4           26  0.493786  ...    0.555286    0.021305         0.0
16  word_l2_17.mp4           27  0.493706  ...    0.555093    0.017958         0.0
17  word_l2_17.mp4           28  0.493669  ...    0.557015    0.014514         0.0
18  word_l2_17.mp4           29  0.493864  ...    0.559230    0.006051         0.0
19  word_l2_17.mp4           30  0.494399  ...    0.561774    0.004441         0.0
20  word_l2_17.mp4           31  0.494973  ...    0.560244   -0.009984         0.0
21  word_l2_17.mp4           32  0.495648  ...    0.558637   -0.006317         0.0
22  word_l2_17.mp4           33  0.496177  ...    0.559761   -0.019405         0.0
23  word_l2_17.mp4           34  0.497141  ...    0.562499   -0.019676         0.0
24  word_l2_17.mp4           35  0.496224  ...    0.562609   -0.023756         0.0
25  word_l2_17.mp4           36  0.496679  ...    0.560157   -0.027073         0.0
26  word_l2_17.mp4           37  0.496630  ...    0.555826   -0.022549         0.0
27  word_l2_17.mp4           38  0.496585  ...    0.555882   -0.023921         0.0
28  word_l2_17.mp4           39  0.496619  ...    0.634840    0.007863         0.0
29  word_l2_17.mp4           40  0.496508  ...    0.655353    0.019730         0.0
30  word_l2_17.mp4           41  0.496770  ...    0.659015    0.018057         0.0
31  word_l2_17.mp4           42  0.496778  ...    0.661975    0.017336         0.0
32  word_l2_17.mp4           43  0.496796  ...    0.663309    0.014736         0.0
33  word_l2_17.mp4           44  0.496932  ...    0.663309    0.010177         0.0
34  word_l2_17.mp4           45  0.496784  ...    0.662577    0.018930         0.0
35  word_l2_17.mp4           46  0.497046  ...    0.662059    0.015596         0.0
36  word_l2_17.mp4           47  0.496868  ...    0.662649    0.013853         0.0
37  word_l2_17.mp4           48  0.496419  ...    0.663062    0.018869         0.0
38  word_l2_17.mp4           49  0.496208  ...    0.662364    0.018070         0.0
39  word_l2_17.mp4           50  0.495949  ...    0.662085    0.017750         0.0
40  word_l2_17.mp4           51  0.496150  ...    0.660682    0.014157         0.0
41  word_l2_17.mp4           52  0.496038  ...    0.660078    0.017383         0.0
42  word_l2_17.mp4           53  0.495742  ...    0.658488    0.014307         0.0
43  word_l2_17.mp4           54  0.496287  ...    0.656171    0.018392         0.0
44  word_l2_17.mp4           55  0.496543  ...    0.654237    0.018228         0.0
45  word_l2_17.mp4           56  0.495983  ...    0.655635    0.019203         0.0
46  word_l2_17.mp4           57  0.496017  ...    0.656544    0.014992         0.0
47  word_l2_17.mp4           58  0.495947  ...    0.657270    0.024617         0.0
48  word_l2_17.mp4           59  0.496169  ...    0.667186    0.007766         0.0
49  word_l2_17.mp4           60  0.496459  ...    0.673844    0.005316         0.0
50  word_l2_17.mp4           61  0.496912  ...    0.685640    0.003421         0.0
51  word_l2_17.mp4           62  0.497453  ...    0.695154    0.005843         0.0
52  word_l2_17.mp4           63  0.498043  ...    0.705857    0.007795         0.0
53  word_l2_17.mp4           64  0.498493  ...    0.722140    0.005680         0.0
54  word_l2_17.mp4           65  0.498506  ...    0.739873    0.007416         0.0
55  word_l2_17.mp4           66  0.498447  ...    0.752712    0.008861         0.0

[56 rows x 1958 columns]
Extracting features...
Face width computed for normalizaiton 0.1571856947478993
Features saved to: ../output/word_l2_17_features.csv
          fn_video  ... distance_r_hand6_r_hand10
0   word_l2_17.mp4  ...                  0.312042
1   word_l2_17.mp4  ...                  0.203848
2   word_l2_17.mp4  ...                  0.226865
3   word_l2_17.mp4  ...                  0.220271
4   word_l2_17.mp4  ...                  0.221701
5   word_l2_17.mp4  ...                  0.194619
6   word_l2_17.mp4  ...                  0.197968
7   word_l2_17.mp4  ...                  0.173686
8   word_l2_17.mp4  ...                  0.153607
9   word_l2_17.mp4  ...                  0.155351
10  word_l2_17.mp4  ...                  0.149064
11  word_l2_17.mp4  ...                  0.155638
12  word_l2_17.mp4  ...                  0.161587
13  word_l2_17.mp4  ...                  0.167892
14  word_l2_17.mp4  ...                  0.189320
15  word_l2_17.mp4  ...                  0.184356
16  word_l2_17.mp4  ...                  0.168533
17  word_l2_17.mp4  ...                  0.166309
18  word_l2_17.mp4  ...                  0.172810
19  word_l2_17.mp4  ...                  0.168721
20  word_l2_17.mp4  ...                  0.157107
21  word_l2_17.mp4  ...                  0.160125
22  word_l2_17.mp4  ...                  0.139851
23  word_l2_17.mp4  ...                  0.141508
24  word_l2_17.mp4  ...                  0.140563
25  word_l2_17.mp4  ...                  0.144930
26  word_l2_17.mp4  ...                  0.157705
27  word_l2_17.mp4  ...                  0.166287
28  word_l2_17.mp4  ...                  0.178065
29  word_l2_17.mp4  ...                  0.191368
30  word_l2_17.mp4  ...                  0.194141
31  word_l2_17.mp4  ...                  0.200325
32  word_l2_17.mp4  ...                  0.191718
33  word_l2_17.mp4  ...                  0.187152
34  word_l2_17.mp4  ...                  0.197648
35  word_l2_17.mp4  ...                  0.188761
36  word_l2_17.mp4  ...                  0.189084
37  word_l2_17.mp4  ...                  0.193131
38  word_l2_17.mp4  ...                  0.185477
39  word_l2_17.mp4  ...                  0.183501
40  word_l2_17.mp4  ...                  0.177495
41  word_l2_17.mp4  ...                  0.184232
42  word_l2_17.mp4  ...                  0.180880
43  word_l2_17.mp4  ...                  0.192221
44  word_l2_17.mp4  ...                  0.184996
45  word_l2_17.mp4  ...                  0.173988
46  word_l2_17.mp4  ...                  0.168090
47  word_l2_17.mp4  ...                  0.172882
48  word_l2_17.mp4  ...                  0.168771
49  word_l2_17.mp4  ...                  0.163182
50  word_l2_17.mp4  ...                  0.165153
51  word_l2_17.mp4  ...                  0.166669
52  word_l2_17.mp4  ...                  0.175478
53  word_l2_17.mp4  ...                  0.170262
54  word_l2_17.mp4  ...                  0.177080
55  word_l2_17.mp4  ...                  0.182715

[56 rows x 30 columns]
csv file with predictions was saved to ../output/predictions_rf_shape_female_cropped_word_l2_17.csv
Visualization for: ../stimuli/words/mp4/word_l2_17.mp4
32
