python is /network/lustre/iss02/home/annahita.sarre/anaconda3/envs/myenv/bin/python
Loaded model: ../trained_models/model_rf_position_female_cropped.pkl
Loaded video: ../stimuli/words/mp4/word_h0_30.mp4
Extracting coordinates...
          fn_video frame_number   x_face0  ...  y_r_hand20  z_r_hand20  v_r_hand20
0   word_h0_30.mp4            4  0.499249  ...    0.968566   -0.003070         0.0
1   word_h0_30.mp4            5  0.500101  ...    1.003787    0.009844         0.0
2   word_h0_30.mp4            6  0.500473  ...    0.986014    0.024044         0.0
3   word_h0_30.mp4            7  0.500254  ...    0.956480    0.019061         0.0
4   word_h0_30.mp4            8  0.500157  ...    0.940138    0.014769         0.0
..             ...          ...       ...  ...         ...         ...         ...
66  word_h0_30.mp4           70  0.500308  ...    0.873322    0.018859         0.0
67  word_h0_30.mp4           71  0.500828  ...    0.886734    0.022133         0.0
68  word_h0_30.mp4           72  0.501009  ...    0.908316    0.046160         0.0
69  word_h0_30.mp4           73  0.501477  ...    0.950450    0.109780         0.0
70  word_h0_30.mp4           74  0.501785  ...    0.990646    0.037295         0.0

[71 rows x 1958 columns]
Extracting features...
Face width computed for normalizaiton 0.161110699262092
Features saved to: ../output/word_h0_30_features.csv
          fn_video  ... distance_r_hand6_r_hand10
0   word_h0_30.mp4  ...                  0.166611
1   word_h0_30.mp4  ...                  0.190545
2   word_h0_30.mp4  ...                  0.176219
3   word_h0_30.mp4  ...                  0.184218
4   word_h0_30.mp4  ...                  0.186393
..             ...  ...                       ...
66  word_h0_30.mp4  ...                  0.179519
67  word_h0_30.mp4  ...                  0.182556
68  word_h0_30.mp4  ...                  0.175912
69  word_h0_30.mp4  ...                  0.186406
70  word_h0_30.mp4  ...                  0.159583

[71 rows x 30 columns]
csv file with predictions was saved to ../output/predictions_rf_position_female_cropped_word_h0_30.csv
Loaded model: ../trained_models/model_rf_shape_female_cropped.pkl
Loaded video: ../stimuli/words/mp4/word_h0_30.mp4
Extracting coordinates...
          fn_video frame_number   x_face0  ...  y_r_hand20  z_r_hand20  v_r_hand20
0   word_h0_30.mp4            4  0.499249  ...    0.968566   -0.003070         0.0
1   word_h0_30.mp4            5  0.500101  ...    1.003787    0.009844         0.0
2   word_h0_30.mp4            6  0.500473  ...    0.986014    0.024044         0.0
3   word_h0_30.mp4            7  0.500254  ...    0.956480    0.019061         0.0
4   word_h0_30.mp4            8  0.500157  ...    0.940138    0.014769         0.0
..             ...          ...       ...  ...         ...         ...         ...
66  word_h0_30.mp4           70  0.500308  ...    0.873322    0.018859         0.0
67  word_h0_30.mp4           71  0.500828  ...    0.886734    0.022133         0.0
68  word_h0_30.mp4           72  0.501009  ...    0.908316    0.046160         0.0
69  word_h0_30.mp4           73  0.501477  ...    0.950450    0.109780         0.0
70  word_h0_30.mp4           74  0.501785  ...    0.990646    0.037295         0.0

[71 rows x 1958 columns]
Extracting features...
Face width computed for normalizaiton 0.161110699262092
Features saved to: ../output/word_h0_30_features.csv
          fn_video  ... distance_r_hand6_r_hand10
0   word_h0_30.mp4  ...                  0.166611
1   word_h0_30.mp4  ...                  0.190545
2   word_h0_30.mp4  ...                  0.176219
3   word_h0_30.mp4  ...                  0.184218
4   word_h0_30.mp4  ...                  0.186393
..             ...  ...                       ...
66  word_h0_30.mp4  ...                  0.179519
67  word_h0_30.mp4  ...                  0.182556
68  word_h0_30.mp4  ...                  0.175912
69  word_h0_30.mp4  ...                  0.186406
70  word_h0_30.mp4  ...                  0.159583

[71 rows x 30 columns]
csv file with predictions was saved to ../output/predictions_rf_shape_female_cropped_word_h0_30.csv
Visualization for: ../stimuli/words/mp4/word_h0_30.mp4
32
