python is /network/lustre/iss02/home/annahita.sarre/anaconda3/envs/myenv/bin/python
Loaded model: ../trained_models/model_rf_position_female_cropped.pkl
Loaded video: ../stimuli/words/mp4/word_h1_01.mp4
Extracting coordinates...
          fn_video frame_number   x_face0  ...  y_r_hand20  z_r_hand20  v_r_hand20
0   word_h1_01.mp4            2  0.500834  ...    1.003942    0.032296         0.0
1   word_h1_01.mp4            3  0.500094  ...    0.994719   -0.001376         0.0
2   word_h1_01.mp4            4  0.499186  ...    0.935713   -0.000069         0.0
3   word_h1_01.mp4            5  0.498720  ...    0.899462    0.012188         0.0
4   word_h1_01.mp4            6  0.498879  ...    0.864208    0.015145         0.0
..             ...          ...       ...  ...         ...         ...         ...
67  word_h1_01.mp4           69  0.499186  ...    0.751173    0.016819         0.0
68  word_h1_01.mp4           70  0.499569  ...    0.782783    0.014452         0.0
69  word_h1_01.mp4           71  0.499532  ...    0.808548    0.016371         0.0
70  word_h1_01.mp4           72  0.499876  ...    0.853089    0.019430         0.0
71  word_h1_01.mp4           73  0.500597  ...    0.900902    0.013330         0.0

[72 rows x 1958 columns]
Extracting features...
Face width computed for normalizaiton 0.16147249612815645
Features saved to: ../output/word_h1_01_features.csv
          fn_video  ... distance_r_hand6_r_hand10
0   word_h1_01.mp4  ...                  0.135451
1   word_h1_01.mp4  ...                  0.223431
2   word_h1_01.mp4  ...                  0.294579
3   word_h1_01.mp4  ...                  0.285437
4   word_h1_01.mp4  ...                  0.282263
..             ...  ...                       ...
67  word_h1_01.mp4  ...                  0.172602
68  word_h1_01.mp4  ...                  0.184887
69  word_h1_01.mp4  ...                  0.185048
70  word_h1_01.mp4  ...                  0.184037
71  word_h1_01.mp4  ...                  0.186413

[72 rows x 30 columns]
csv file with predictions was saved to ../output/predictions_rf_position_female_cropped_word_h1_01.csv
Loaded model: ../trained_models/model_rf_shape_female_cropped.pkl
Loaded video: ../stimuli/words/mp4/word_h1_01.mp4
Extracting coordinates...
          fn_video frame_number   x_face0  ...  y_r_hand20  z_r_hand20  v_r_hand20
0   word_h1_01.mp4            2  0.500834  ...    1.003942    0.032296         0.0
1   word_h1_01.mp4            3  0.500094  ...    0.994719   -0.001376         0.0
2   word_h1_01.mp4            4  0.499186  ...    0.935713   -0.000069         0.0
3   word_h1_01.mp4            5  0.498720  ...    0.899462    0.012188         0.0
4   word_h1_01.mp4            6  0.498879  ...    0.864208    0.015145         0.0
..             ...          ...       ...  ...         ...         ...         ...
67  word_h1_01.mp4           69  0.499186  ...    0.751173    0.016819         0.0
68  word_h1_01.mp4           70  0.499569  ...    0.782783    0.014452         0.0
69  word_h1_01.mp4           71  0.499532  ...    0.808548    0.016371         0.0
70  word_h1_01.mp4           72  0.499876  ...    0.853089    0.019430         0.0
71  word_h1_01.mp4           73  0.500597  ...    0.900902    0.013330         0.0

[72 rows x 1958 columns]
Extracting features...
Face width computed for normalizaiton 0.16147249612815645
Features saved to: ../output/word_h1_01_features.csv
          fn_video  ... distance_r_hand6_r_hand10
0   word_h1_01.mp4  ...                  0.135451
1   word_h1_01.mp4  ...                  0.223431
2   word_h1_01.mp4  ...                  0.294579
3   word_h1_01.mp4  ...                  0.285437
4   word_h1_01.mp4  ...                  0.282263
..             ...  ...                       ...
67  word_h1_01.mp4  ...                  0.172602
68  word_h1_01.mp4  ...                  0.184887
69  word_h1_01.mp4  ...                  0.185048
70  word_h1_01.mp4  ...                  0.184037
71  word_h1_01.mp4  ...                  0.186413

[72 rows x 30 columns]
csv file with predictions was saved to ../output/predictions_rf_shape_female_cropped_word_h1_01.csv
Visualization for: ../stimuli/words/mp4/word_h1_01.mp4
32
