python is /network/lustre/iss02/home/annahita.sarre/anaconda3/envs/myenv/bin/python
Loaded model: ../trained_models/model_rf_position_female_cropped.pkl
Loaded video: ../stimuli/words/mp4/word_h1_19.mp4
Extracting coordinates...
          fn_video frame_number   x_face0  ...  y_r_hand20  z_r_hand20  v_r_hand20
0   word_h1_19.mp4            3  0.501974  ...    1.015856    0.009920         0.0
1   word_h1_19.mp4            4  0.502134  ...    0.979609    0.020551         0.0
2   word_h1_19.mp4            5  0.502719  ...    0.934167    0.005718         0.0
3   word_h1_19.mp4            6  0.502931  ...    0.901203    0.008346         0.0
4   word_h1_19.mp4            7  0.503230  ...    0.866316    0.015830         0.0
..             ...          ...       ...  ...         ...         ...         ...
68  word_h1_19.mp4           71  0.501748  ...    0.767037    0.022015         0.0
69  word_h1_19.mp4           72  0.501493  ...    0.795013    0.011699         0.0
70  word_h1_19.mp4           73  0.501760  ...    0.820951    0.008772         0.0
71  word_h1_19.mp4           74  0.501680  ...    0.833047    0.009377         0.0
72  word_h1_19.mp4           75  0.501882  ...    0.842918    0.013971         0.0

[73 rows x 1958 columns]
Extracting features...
Face width computed for normalizaiton 0.16140336641314412
Features saved to: ../output/word_h1_19_features.csv
          fn_video  ... distance_r_hand6_r_hand10
0   word_h1_19.mp4  ...                  0.183336
1   word_h1_19.mp4  ...                  0.148981
2   word_h1_19.mp4  ...                  0.189271
3   word_h1_19.mp4  ...                  0.181055
4   word_h1_19.mp4  ...                  0.165418
..             ...  ...                       ...
68  word_h1_19.mp4  ...                  0.184867
69  word_h1_19.mp4  ...                  0.189684
70  word_h1_19.mp4  ...                  0.195024
71  word_h1_19.mp4  ...                  0.207016
72  word_h1_19.mp4  ...                  0.206588

[73 rows x 30 columns]
csv file with predictions was saved to ../output/predictions_rf_position_female_cropped_word_h1_19.csv
Loaded model: ../trained_models/model_rf_shape_female_cropped.pkl
Loaded video: ../stimuli/words/mp4/word_h1_19.mp4
Extracting coordinates...
          fn_video frame_number   x_face0  ...  y_r_hand20  z_r_hand20  v_r_hand20
0   word_h1_19.mp4            3  0.501974  ...    1.015856    0.009920         0.0
1   word_h1_19.mp4            4  0.502134  ...    0.979609    0.020551         0.0
2   word_h1_19.mp4            5  0.502719  ...    0.934167    0.005718         0.0
3   word_h1_19.mp4            6  0.502931  ...    0.901203    0.008346         0.0
4   word_h1_19.mp4            7  0.503230  ...    0.866316    0.015830         0.0
..             ...          ...       ...  ...         ...         ...         ...
68  word_h1_19.mp4           71  0.501748  ...    0.767037    0.022015         0.0
69  word_h1_19.mp4           72  0.501493  ...    0.795013    0.011699         0.0
70  word_h1_19.mp4           73  0.501760  ...    0.820951    0.008772         0.0
71  word_h1_19.mp4           74  0.501680  ...    0.833047    0.009377         0.0
72  word_h1_19.mp4           75  0.501882  ...    0.842918    0.013971         0.0

[73 rows x 1958 columns]
Extracting features...
Face width computed for normalizaiton 0.16140336641314412
Features saved to: ../output/word_h1_19_features.csv
          fn_video  ... distance_r_hand6_r_hand10
0   word_h1_19.mp4  ...                  0.183336
1   word_h1_19.mp4  ...                  0.148981
2   word_h1_19.mp4  ...                  0.189271
3   word_h1_19.mp4  ...                  0.181055
4   word_h1_19.mp4  ...                  0.165418
..             ...  ...                       ...
68  word_h1_19.mp4  ...                  0.184867
69  word_h1_19.mp4  ...                  0.189684
70  word_h1_19.mp4  ...                  0.195024
71  word_h1_19.mp4  ...                  0.207016
72  word_h1_19.mp4  ...                  0.206588

[73 rows x 30 columns]
csv file with predictions was saved to ../output/predictions_rf_shape_female_cropped_word_h1_19.csv
Visualization for: ../stimuli/words/mp4/word_h1_19.mp4
32
