python is /network/lustre/iss02/home/annahita.sarre/anaconda3/envs/myenv/bin/python
Loaded model: ../trained_models/model_rf_position_female_cropped.pkl
Loaded video: ../stimuli/words/mp4/word_l2_19.mp4
Extracting coordinates...
          fn_video frame_number   x_face0  ...  y_r_hand20  z_r_hand20  v_r_hand20
0   word_l2_19.mp4            3  0.498830  ...    1.064007   -0.014818         0.0
1   word_l2_19.mp4            4  0.498748  ...    1.012738   -0.004579         0.0
2   word_l2_19.mp4            5  0.499017  ...    0.997088    0.013883         0.0
3   word_l2_19.mp4            6  0.498414  ...    0.965592    0.016384         0.0
4   word_l2_19.mp4            7  0.498887  ...    0.944085    0.008255         0.0
5   word_l2_19.mp4            8  0.498867  ...    0.918323    0.008407         0.0
6   word_l2_19.mp4            9  0.498156  ...    0.898296    0.007185         0.0
7   word_l2_19.mp4           10  0.498112  ...    0.875407    0.008006         0.0
8   word_l2_19.mp4           11  0.497241  ...    0.857144    0.010529         0.0
9   word_l2_19.mp4           12  0.496434  ...    0.836720    0.010634         0.0
10  word_l2_19.mp4           13  0.495867  ...    0.819089    0.012286         0.0
11  word_l2_19.mp4           14  0.495360  ...    0.803239    0.007830         0.0
12  word_l2_19.mp4           15  0.494916  ...    0.792341    0.011575         0.0
13  word_l2_19.mp4           16  0.494544  ...    0.779434    0.009764         0.0
14  word_l2_19.mp4           17  0.494210  ...    0.769355    0.008334         0.0
15  word_l2_19.mp4           18  0.493814  ...    0.760158    0.009763         0.0
16  word_l2_19.mp4           19  0.493602  ...    0.754077    0.006194         0.0
17  word_l2_19.mp4           20  0.493368  ...    0.750020    0.006228         0.0
18  word_l2_19.mp4           21  0.493018  ...    0.743600    0.010603         0.0
19  word_l2_19.mp4           22  0.492875  ...    0.739237    0.008295         0.0
20  word_l2_19.mp4           23  0.493050  ...    0.739648    0.007279         0.0
21  word_l2_19.mp4           24  0.493147  ...    0.736420    0.010216         0.0
22  word_l2_19.mp4           25  0.493413  ...    0.730066    0.006894         0.0
23  word_l2_19.mp4           26  0.493823  ...    0.716362    0.006077         0.0
24  word_l2_19.mp4           27  0.493478  ...    0.692850   -0.000972         0.0
25  word_l2_19.mp4           28  0.494135  ...    0.629754    0.000132         0.0
26  word_l2_19.mp4           29  0.494729  ...    0.588602   -0.021307         0.0
27  word_l2_19.mp4           30  0.494538  ...    0.584557   -0.026272         0.0
28  word_l2_19.mp4           31  0.494533  ...    0.580585   -0.030507         0.0
29  word_l2_19.mp4           32  0.494749  ...    0.573690   -0.031619         0.0
30  word_l2_19.mp4           33  0.494855  ...    0.558073   -0.028526         0.0
31  word_l2_19.mp4           34  0.495130  ...    0.550513   -0.018207         0.0
32  word_l2_19.mp4           35  0.495329  ...    0.548834   -0.011070         0.0
33  word_l2_19.mp4           36  0.495103  ...    0.546914   -0.026595         0.0
34  word_l2_19.mp4           37  0.495512  ...    0.547636   -0.024255         0.0
35  word_l2_19.mp4           38  0.495735  ...    0.549198   -0.022534         0.0
36  word_l2_19.mp4           39  0.496007  ...    0.548675   -0.018700         0.0
37  word_l2_19.mp4           40  0.495916  ...    0.548505   -0.020920         0.0
38  word_l2_19.mp4           41  0.495745  ...    0.547064   -0.020944         0.0
39  word_l2_19.mp4           42  0.495425  ...    0.547024   -0.023232         0.0
40  word_l2_19.mp4           43  0.495262  ...    0.547635   -0.020138         0.0
41  word_l2_19.mp4           44  0.495317  ...    0.547030   -0.018935         0.0
42  word_l2_19.mp4           45  0.495282  ...    0.547528   -0.015136         0.0
43  word_l2_19.mp4           46  0.496127  ...    0.547569   -0.020378         0.0
44  word_l2_19.mp4           47  0.496327  ...    0.546034   -0.019201         0.0
45  word_l2_19.mp4           48  0.496299  ...    0.545506   -0.024800         0.0
46  word_l2_19.mp4           49  0.496007  ...    0.545523   -0.027035         0.0
47  word_l2_19.mp4           50  0.495402  ...    0.545881   -0.020361         0.0
48  word_l2_19.mp4           51  0.495339  ...    0.545183   -0.022361         0.0
49  word_l2_19.mp4           52  0.494938  ...    0.545087   -0.019238         0.0
50  word_l2_19.mp4           53  0.494743  ...    0.546060   -0.018798         0.0
51  word_l2_19.mp4           54  0.495094  ...    0.548038   -0.020673         0.0
52  word_l2_19.mp4           55  0.495486  ...    0.547579   -0.023650         0.0
53  word_l2_19.mp4           56  0.495772  ...    0.548076   -0.021897         0.0
54  word_l2_19.mp4           57  0.495849  ...    0.549354   -0.026848         0.0
55  word_l2_19.mp4           58  0.496564  ...    0.548854   -0.020006         0.0
56  word_l2_19.mp4           59  0.496148  ...    0.554818   -0.023000         0.0
57  word_l2_19.mp4           60  0.497164  ...    0.558527   -0.024743         0.0

[58 rows x 1958 columns]
Extracting features...
Face width computed for normalizaiton 0.15640175439186044
Features saved to: ../output/word_l2_19_features.csv
          fn_video  ... distance_r_hand6_r_hand10
0   word_l2_19.mp4  ...                  0.210306
1   word_l2_19.mp4  ...                  0.306243
2   word_l2_19.mp4  ...                  0.335791
3   word_l2_19.mp4  ...                  0.358319
4   word_l2_19.mp4  ...                  0.315676
5   word_l2_19.mp4  ...                  0.301268
6   word_l2_19.mp4  ...                  0.305718
7   word_l2_19.mp4  ...                  0.307277
8   word_l2_19.mp4  ...                  0.318941
9   word_l2_19.mp4  ...                  0.337449
10  word_l2_19.mp4  ...                  0.324975
11  word_l2_19.mp4  ...                  0.336842
12  word_l2_19.mp4  ...                  0.330528
13  word_l2_19.mp4  ...                  0.345111
14  word_l2_19.mp4  ...                  0.343392
15  word_l2_19.mp4  ...                  0.357044
16  word_l2_19.mp4  ...                  0.383625
17  word_l2_19.mp4  ...                  0.451370
18  word_l2_19.mp4  ...                  0.422505
19  word_l2_19.mp4  ...                  0.452260
20  word_l2_19.mp4  ...                  0.482113
21  word_l2_19.mp4  ...                  0.458379
22  word_l2_19.mp4  ...                  0.365218
23  word_l2_19.mp4  ...                  0.300602
24  word_l2_19.mp4  ...                  0.239958
25  word_l2_19.mp4  ...                  0.192365
26  word_l2_19.mp4  ...                  0.167591
27  word_l2_19.mp4  ...                  0.163810
28  word_l2_19.mp4  ...                  0.170415
29  word_l2_19.mp4  ...                  0.180601
30  word_l2_19.mp4  ...                  0.148817
31  word_l2_19.mp4  ...                  0.139798
32  word_l2_19.mp4  ...                  0.160909
33  word_l2_19.mp4  ...                  0.203597
34  word_l2_19.mp4  ...                  0.188517
35  word_l2_19.mp4  ...                  0.191961
36  word_l2_19.mp4  ...                  0.200850
37  word_l2_19.mp4  ...                  0.197506
38  word_l2_19.mp4  ...                  0.204770
39  word_l2_19.mp4  ...                  0.185354
40  word_l2_19.mp4  ...                  0.204190
41  word_l2_19.mp4  ...                  0.198724
42  word_l2_19.mp4  ...                  0.202926
43  word_l2_19.mp4  ...                  0.206793
44  word_l2_19.mp4  ...                  0.226102
45  word_l2_19.mp4  ...                  0.231950
46  word_l2_19.mp4  ...                  0.254905
47  word_l2_19.mp4  ...                  0.227444
48  word_l2_19.mp4  ...                  0.235620
49  word_l2_19.mp4  ...                  0.211902
50  word_l2_19.mp4  ...                  0.207949
51  word_l2_19.mp4  ...                  0.208072
52  word_l2_19.mp4  ...                  0.211216
53  word_l2_19.mp4  ...                  0.216727
54  word_l2_19.mp4  ...                  0.206496
55  word_l2_19.mp4  ...                  0.178403
56  word_l2_19.mp4  ...                  0.164510
57  word_l2_19.mp4  ...                  0.164140

[58 rows x 30 columns]
csv file with predictions was saved to ../output/predictions_rf_position_female_cropped_word_l2_19.csv
Loaded model: ../trained_models/model_rf_shape_female_cropped.pkl
Loaded video: ../stimuli/words/mp4/word_l2_19.mp4
Extracting coordinates...
          fn_video frame_number   x_face0  ...  y_r_hand20  z_r_hand20  v_r_hand20
0   word_l2_19.mp4            3  0.498830  ...    1.064007   -0.014818         0.0
1   word_l2_19.mp4            4  0.498748  ...    1.012738   -0.004579         0.0
2   word_l2_19.mp4            5  0.499017  ...    0.997088    0.013883         0.0
3   word_l2_19.mp4            6  0.498414  ...    0.965592    0.016384         0.0
4   word_l2_19.mp4            7  0.498887  ...    0.944085    0.008255         0.0
5   word_l2_19.mp4            8  0.498867  ...    0.918323    0.008407         0.0
6   word_l2_19.mp4            9  0.498156  ...    0.898296    0.007185         0.0
7   word_l2_19.mp4           10  0.498112  ...    0.875407    0.008006         0.0
8   word_l2_19.mp4           11  0.497241  ...    0.857144    0.010529         0.0
9   word_l2_19.mp4           12  0.496434  ...    0.836720    0.010634         0.0
10  word_l2_19.mp4           13  0.495867  ...    0.819089    0.012286         0.0
11  word_l2_19.mp4           14  0.495360  ...    0.803239    0.007830         0.0
12  word_l2_19.mp4           15  0.494916  ...    0.792341    0.011575         0.0
13  word_l2_19.mp4           16  0.494544  ...    0.779434    0.009764         0.0
14  word_l2_19.mp4           17  0.494210  ...    0.769355    0.008334         0.0
15  word_l2_19.mp4           18  0.493814  ...    0.760158    0.009763         0.0
16  word_l2_19.mp4           19  0.493602  ...    0.754077    0.006194         0.0
17  word_l2_19.mp4           20  0.493368  ...    0.750020    0.006228         0.0
18  word_l2_19.mp4           21  0.493018  ...    0.743600    0.010603         0.0
19  word_l2_19.mp4           22  0.492875  ...    0.739237    0.008295         0.0
20  word_l2_19.mp4           23  0.493050  ...    0.739648    0.007279         0.0
21  word_l2_19.mp4           24  0.493147  ...    0.736420    0.010216         0.0
22  word_l2_19.mp4           25  0.493413  ...    0.730066    0.006894         0.0
23  word_l2_19.mp4           26  0.493823  ...    0.716362    0.006077         0.0
24  word_l2_19.mp4           27  0.493478  ...    0.692850   -0.000972         0.0
25  word_l2_19.mp4           28  0.494135  ...    0.629754    0.000132         0.0
26  word_l2_19.mp4           29  0.494729  ...    0.588602   -0.021307         0.0
27  word_l2_19.mp4           30  0.494538  ...    0.584557   -0.026272         0.0
28  word_l2_19.mp4           31  0.494533  ...    0.580585   -0.030507         0.0
29  word_l2_19.mp4           32  0.494749  ...    0.573690   -0.031619         0.0
30  word_l2_19.mp4           33  0.494855  ...    0.558073   -0.028526         0.0
31  word_l2_19.mp4           34  0.495130  ...    0.550513   -0.018207         0.0
32  word_l2_19.mp4           35  0.495329  ...    0.548834   -0.011070         0.0
33  word_l2_19.mp4           36  0.495103  ...    0.546914   -0.026595         0.0
34  word_l2_19.mp4           37  0.495512  ...    0.547636   -0.024255         0.0
35  word_l2_19.mp4           38  0.495735  ...    0.549198   -0.022534         0.0
36  word_l2_19.mp4           39  0.496007  ...    0.548675   -0.018700         0.0
37  word_l2_19.mp4           40  0.495916  ...    0.548505   -0.020920         0.0
38  word_l2_19.mp4           41  0.495745  ...    0.547064   -0.020944         0.0
39  word_l2_19.mp4           42  0.495425  ...    0.547024   -0.023232         0.0
40  word_l2_19.mp4           43  0.495262  ...    0.547635   -0.020138         0.0
41  word_l2_19.mp4           44  0.495317  ...    0.547030   -0.018935         0.0
42  word_l2_19.mp4           45  0.495282  ...    0.547528   -0.015136         0.0
43  word_l2_19.mp4           46  0.496127  ...    0.547569   -0.020378         0.0
44  word_l2_19.mp4           47  0.496327  ...    0.546034   -0.019201         0.0
45  word_l2_19.mp4           48  0.496299  ...    0.545506   -0.024800         0.0
46  word_l2_19.mp4           49  0.496007  ...    0.545523   -0.027035         0.0
47  word_l2_19.mp4           50  0.495402  ...    0.545881   -0.020361         0.0
48  word_l2_19.mp4           51  0.495339  ...    0.545183   -0.022361         0.0
49  word_l2_19.mp4           52  0.494938  ...    0.545087   -0.019238         0.0
50  word_l2_19.mp4           53  0.494743  ...    0.546060   -0.018798         0.0
51  word_l2_19.mp4           54  0.495094  ...    0.548038   -0.020673         0.0
52  word_l2_19.mp4           55  0.495486  ...    0.547579   -0.023650         0.0
53  word_l2_19.mp4           56  0.495772  ...    0.548076   -0.021897         0.0
54  word_l2_19.mp4           57  0.495849  ...    0.549354   -0.026848         0.0
55  word_l2_19.mp4           58  0.496564  ...    0.548854   -0.020006         0.0
56  word_l2_19.mp4           59  0.496148  ...    0.554818   -0.023000         0.0
57  word_l2_19.mp4           60  0.497164  ...    0.558527   -0.024743         0.0

[58 rows x 1958 columns]
Extracting features...
Face width computed for normalizaiton 0.15640175439186044
Features saved to: ../output/word_l2_19_features.csv
          fn_video  ... distance_r_hand6_r_hand10
0   word_l2_19.mp4  ...                  0.210306
1   word_l2_19.mp4  ...                  0.306243
2   word_l2_19.mp4  ...                  0.335791
3   word_l2_19.mp4  ...                  0.358319
4   word_l2_19.mp4  ...                  0.315676
5   word_l2_19.mp4  ...                  0.301268
6   word_l2_19.mp4  ...                  0.305718
7   word_l2_19.mp4  ...                  0.307277
8   word_l2_19.mp4  ...                  0.318941
9   word_l2_19.mp4  ...                  0.337449
10  word_l2_19.mp4  ...                  0.324975
11  word_l2_19.mp4  ...                  0.336842
12  word_l2_19.mp4  ...                  0.330528
13  word_l2_19.mp4  ...                  0.345111
14  word_l2_19.mp4  ...                  0.343392
15  word_l2_19.mp4  ...                  0.357044
16  word_l2_19.mp4  ...                  0.383625
17  word_l2_19.mp4  ...                  0.451370
18  word_l2_19.mp4  ...                  0.422505
19  word_l2_19.mp4  ...                  0.452260
20  word_l2_19.mp4  ...                  0.482113
21  word_l2_19.mp4  ...                  0.458379
22  word_l2_19.mp4  ...                  0.365218
23  word_l2_19.mp4  ...                  0.300602
24  word_l2_19.mp4  ...                  0.239958
25  word_l2_19.mp4  ...                  0.192365
26  word_l2_19.mp4  ...                  0.167591
27  word_l2_19.mp4  ...                  0.163810
28  word_l2_19.mp4  ...                  0.170415
29  word_l2_19.mp4  ...                  0.180601
30  word_l2_19.mp4  ...                  0.148817
31  word_l2_19.mp4  ...                  0.139798
32  word_l2_19.mp4  ...                  0.160909
33  word_l2_19.mp4  ...                  0.203597
34  word_l2_19.mp4  ...                  0.188517
35  word_l2_19.mp4  ...                  0.191961
36  word_l2_19.mp4  ...                  0.200850
37  word_l2_19.mp4  ...                  0.197506
38  word_l2_19.mp4  ...                  0.204770
39  word_l2_19.mp4  ...                  0.185354
40  word_l2_19.mp4  ...                  0.204190
41  word_l2_19.mp4  ...                  0.198724
42  word_l2_19.mp4  ...                  0.202926
43  word_l2_19.mp4  ...                  0.206793
44  word_l2_19.mp4  ...                  0.226102
45  word_l2_19.mp4  ...                  0.231950
46  word_l2_19.mp4  ...                  0.254905
47  word_l2_19.mp4  ...                  0.227444
48  word_l2_19.mp4  ...                  0.235620
49  word_l2_19.mp4  ...                  0.211902
50  word_l2_19.mp4  ...                  0.207949
51  word_l2_19.mp4  ...                  0.208072
52  word_l2_19.mp4  ...                  0.211216
53  word_l2_19.mp4  ...                  0.216727
54  word_l2_19.mp4  ...                  0.206496
55  word_l2_19.mp4  ...                  0.178403
56  word_l2_19.mp4  ...                  0.164510
57  word_l2_19.mp4  ...                  0.164140

[58 rows x 30 columns]
csv file with predictions was saved to ../output/predictions_rf_shape_female_cropped_word_l2_19.csv
