python is /network/lustre/iss02/home/annahita.sarre/anaconda3/envs/myenv/bin/python
Loaded model: ../trained_models/model_rf_position_female_cropped.pkl
Loaded video: ../stimuli/words/mp4/word_h2_35.mp4
Extracting coordinates...
          fn_video frame_number   x_face0  ...  y_r_hand20  z_r_hand20  v_r_hand20
0   word_h2_35.mp4            1  0.498768  ...    0.978215    0.037817         0.0
1   word_h2_35.mp4            2  0.498247  ...    0.966911    0.027076         0.0
2   word_h2_35.mp4            3  0.498070  ...    0.953433    0.016561         0.0
3   word_h2_35.mp4            4  0.497776  ...    0.934127    0.024003         0.0
4   word_h2_35.mp4            5  0.497353  ...    0.918155    0.024399         0.0
5   word_h2_35.mp4            6  0.497258  ...    0.903582    0.019233         0.0
6   word_h2_35.mp4            7  0.497286  ...    0.885394    0.019620         0.0
7   word_h2_35.mp4            8  0.497283  ...    0.863930    0.017202         0.0
8   word_h2_35.mp4            9  0.497160  ...    0.847236    0.021056         0.0
9   word_h2_35.mp4           10  0.497298  ...    0.827048    0.017760         0.0
10  word_h2_35.mp4           11  0.497440  ...    0.807823    0.015587         0.0
11  word_h2_35.mp4           12  0.496976  ...    0.785476    0.015424         0.0
12  word_h2_35.mp4           13  0.496500  ...    0.766957    0.024032         0.0
13  word_h2_35.mp4           14  0.496299  ...    0.749870    0.021868         0.0
14  word_h2_35.mp4           15  0.496631  ...    0.726544    0.010729         0.0
15  word_h2_35.mp4           16  0.496175  ...    0.711715    0.009963         0.0
16  word_h2_35.mp4           17  0.495851  ...    0.708401    0.007807         0.0
17  word_h2_35.mp4           18  0.495860  ...    0.695529    0.014249         0.0
18  word_h2_35.mp4           19  0.495881  ...    0.692007    0.025292         0.0
19  word_h2_35.mp4           20  0.495749  ...    0.690010    0.022100         0.0
20  word_h2_35.mp4           21  0.495472  ...    0.691240    0.025069         0.0
21  word_h2_35.mp4           22  0.495783  ...    0.690806    0.019908         0.0
22  word_h2_35.mp4           23  0.496614  ...    0.693824    0.028567         0.0
23  word_h2_35.mp4           24  0.497350  ...    0.637170    0.010583         0.0
24  word_h2_35.mp4           25  0.497269  ...    0.609249   -0.009716         0.0
25  word_h2_35.mp4           26  0.497193  ...    0.599669   -0.003995         0.0
26  word_h2_35.mp4           27  0.497730  ...    0.593645   -0.010172         0.0
27  word_h2_35.mp4           28  0.497714  ...    0.578827   -0.002222         0.0
28  word_h2_35.mp4           29  0.497850  ...    0.572378   -0.011440         0.0
29  word_h2_35.mp4           30  0.498001  ...    0.572181   -0.005371         0.0
30  word_h2_35.mp4           31  0.498019  ...    0.572231   -0.009782         0.0
31  word_h2_35.mp4           32  0.498704  ...    0.574064   -0.008668         0.0
32  word_h2_35.mp4           33  0.499358  ...    0.574685   -0.014515         0.0
33  word_h2_35.mp4           34  0.499040  ...    0.574673   -0.013276         0.0
34  word_h2_35.mp4           35  0.499608  ...    0.579792   -0.005558         0.0
35  word_h2_35.mp4           36  0.498949  ...    0.581372   -0.005976         0.0
36  word_h2_35.mp4           37  0.497379  ...    0.577616   -0.000324         0.0
37  word_h2_35.mp4           38  0.496692  ...    0.575553   -0.006416         0.0
38  word_h2_35.mp4           39  0.496784  ...    0.576166   -0.004455         0.0
39  word_h2_35.mp4           40  0.496421  ...    0.573932   -0.010223         0.0
40  word_h2_35.mp4           41  0.496480  ...    0.571494   -0.009877         0.0
41  word_h2_35.mp4           42  0.496669  ...    0.570675   -0.019906         0.0
42  word_h2_35.mp4           43  0.496761  ...    0.569796   -0.026748         0.0
43  word_h2_35.mp4           44  0.497483  ...    0.572657   -0.032217         0.0
44  word_h2_35.mp4           45  0.497701  ...    0.573352   -0.032491         0.0
45  word_h2_35.mp4           46  0.496586  ...    0.573449   -0.026088         0.0
46  word_h2_35.mp4           47  0.495883  ...    0.574363   -0.037371         0.0
47  word_h2_35.mp4           48  0.495934  ...    0.574092   -0.031271         0.0
48  word_h2_35.mp4           49  0.495463  ...    0.573858   -0.027190         0.0
49  word_h2_35.mp4           50  0.495216  ...    0.573211   -0.030860         0.0
50  word_h2_35.mp4           51  0.494994  ...    0.574190   -0.033667         0.0
51  word_h2_35.mp4           52  0.495059  ...    0.574159   -0.033221         0.0
52  word_h2_35.mp4           53  0.495307  ...    0.573828   -0.034936         0.0
53  word_h2_35.mp4           54  0.495242  ...    0.573342   -0.028724         0.0
54  word_h2_35.mp4           55  0.495392  ...    0.573027   -0.026221         0.0
55  word_h2_35.mp4           56  0.495357  ...    0.573260   -0.032033         0.0
56  word_h2_35.mp4           57  0.495257  ...    0.573367   -0.027871         0.0
57  word_h2_35.mp4           58  0.495574  ...    0.573246   -0.026607         0.0
58  word_h2_35.mp4           59  0.495697  ...    0.574306   -0.029755         0.0
59  word_h2_35.mp4           60  0.495959  ...    0.574211   -0.033440         0.0

[60 rows x 1958 columns]
Extracting features...
Face width computed for normalizaiton 0.16165598848653104
Features saved to: ../output/word_h2_35_features.csv
          fn_video  ... distance_r_hand6_r_hand10
0   word_h2_35.mp4  ...                  0.241978
1   word_h2_35.mp4  ...                  0.256339
2   word_h2_35.mp4  ...                  0.247432
3   word_h2_35.mp4  ...                  0.241201
4   word_h2_35.mp4  ...                  0.237812
5   word_h2_35.mp4  ...                  0.232872
6   word_h2_35.mp4  ...                  0.252160
7   word_h2_35.mp4  ...                  0.241013
8   word_h2_35.mp4  ...                  0.245203
9   word_h2_35.mp4  ...                  0.229828
10  word_h2_35.mp4  ...                  0.228589
11  word_h2_35.mp4  ...                  0.201542
12  word_h2_35.mp4  ...                  0.194172
13  word_h2_35.mp4  ...                  0.177434
14  word_h2_35.mp4  ...                  0.185480
15  word_h2_35.mp4  ...                  0.165917
16  word_h2_35.mp4  ...                  0.154789
17  word_h2_35.mp4  ...                  0.149468
18  word_h2_35.mp4  ...                  0.177889
19  word_h2_35.mp4  ...                  0.205850
20  word_h2_35.mp4  ...                  0.198254
21  word_h2_35.mp4  ...                  0.203342
22  word_h2_35.mp4  ...                  0.212807
23  word_h2_35.mp4  ...                  0.146103
24  word_h2_35.mp4  ...                  0.199698
25  word_h2_35.mp4  ...                  0.214723
26  word_h2_35.mp4  ...                  0.197055
27  word_h2_35.mp4  ...                  0.205121
28  word_h2_35.mp4  ...                  0.171942
29  word_h2_35.mp4  ...                  0.197838
30  word_h2_35.mp4  ...                  0.179101
31  word_h2_35.mp4  ...                  0.187965
32  word_h2_35.mp4  ...                  0.165134
33  word_h2_35.mp4  ...                  0.149946
34  word_h2_35.mp4  ...                  0.165071
35  word_h2_35.mp4  ...                  0.157788
36  word_h2_35.mp4  ...                  0.150940
37  word_h2_35.mp4  ...                  0.132737
38  word_h2_35.mp4  ...                  0.129574
39  word_h2_35.mp4  ...                  0.154338
40  word_h2_35.mp4  ...                  0.163261
41  word_h2_35.mp4  ...                  0.138118
42  word_h2_35.mp4  ...                  0.138149
43  word_h2_35.mp4  ...                  0.135291
44  word_h2_35.mp4  ...                  0.137423
45  word_h2_35.mp4  ...                  0.143838
46  word_h2_35.mp4  ...                  0.141263
47  word_h2_35.mp4  ...                  0.144084
48  word_h2_35.mp4  ...                  0.153264
49  word_h2_35.mp4  ...                  0.149160
50  word_h2_35.mp4  ...                  0.149491
51  word_h2_35.mp4  ...                  0.156982
52  word_h2_35.mp4  ...                  0.160411
53  word_h2_35.mp4  ...                  0.157733
54  word_h2_35.mp4  ...                  0.157036
55  word_h2_35.mp4  ...                  0.153000
56  word_h2_35.mp4  ...                  0.150679
57  word_h2_35.mp4  ...                  0.158033
58  word_h2_35.mp4  ...                  0.154784
59  word_h2_35.mp4  ...                  0.151457

[60 rows x 30 columns]
csv file with predictions was saved to ../output/predictions_rf_position_female_cropped_word_h2_35.csv
Loaded model: ../trained_models/model_rf_shape_female_cropped.pkl
Loaded video: ../stimuli/words/mp4/word_h2_35.mp4
Extracting coordinates...
          fn_video frame_number   x_face0  ...  y_r_hand20  z_r_hand20  v_r_hand20
0   word_h2_35.mp4            1  0.498768  ...    0.978215    0.037817         0.0
1   word_h2_35.mp4            2  0.498247  ...    0.966911    0.027076         0.0
2   word_h2_35.mp4            3  0.498070  ...    0.953433    0.016561         0.0
3   word_h2_35.mp4            4  0.497776  ...    0.934127    0.024003         0.0
4   word_h2_35.mp4            5  0.497353  ...    0.918155    0.024399         0.0
5   word_h2_35.mp4            6  0.497258  ...    0.903582    0.019233         0.0
6   word_h2_35.mp4            7  0.497286  ...    0.885394    0.019620         0.0
7   word_h2_35.mp4            8  0.497283  ...    0.863930    0.017202         0.0
8   word_h2_35.mp4            9  0.497160  ...    0.847236    0.021056         0.0
9   word_h2_35.mp4           10  0.497298  ...    0.827048    0.017760         0.0
10  word_h2_35.mp4           11  0.497440  ...    0.807823    0.015587         0.0
11  word_h2_35.mp4           12  0.496976  ...    0.785476    0.015424         0.0
12  word_h2_35.mp4           13  0.496500  ...    0.766957    0.024032         0.0
13  word_h2_35.mp4           14  0.496299  ...    0.749870    0.021868         0.0
14  word_h2_35.mp4           15  0.496631  ...    0.726544    0.010729         0.0
15  word_h2_35.mp4           16  0.496175  ...    0.711715    0.009963         0.0
16  word_h2_35.mp4           17  0.495851  ...    0.708401    0.007807         0.0
17  word_h2_35.mp4           18  0.495860  ...    0.695529    0.014249         0.0
18  word_h2_35.mp4           19  0.495881  ...    0.692007    0.025292         0.0
19  word_h2_35.mp4           20  0.495749  ...    0.690010    0.022100         0.0
20  word_h2_35.mp4           21  0.495472  ...    0.691240    0.025069         0.0
21  word_h2_35.mp4           22  0.495783  ...    0.690806    0.019908         0.0
22  word_h2_35.mp4           23  0.496614  ...    0.693824    0.028567         0.0
23  word_h2_35.mp4           24  0.497350  ...    0.637170    0.010583         0.0
24  word_h2_35.mp4           25  0.497269  ...    0.609249   -0.009716         0.0
25  word_h2_35.mp4           26  0.497193  ...    0.599669   -0.003995         0.0
26  word_h2_35.mp4           27  0.497730  ...    0.593645   -0.010172         0.0
27  word_h2_35.mp4           28  0.497714  ...    0.578827   -0.002222         0.0
28  word_h2_35.mp4           29  0.497850  ...    0.572378   -0.011440         0.0
29  word_h2_35.mp4           30  0.498001  ...    0.572181   -0.005371         0.0
30  word_h2_35.mp4           31  0.498019  ...    0.572231   -0.009782         0.0
31  word_h2_35.mp4           32  0.498704  ...    0.574064   -0.008668         0.0
32  word_h2_35.mp4           33  0.499358  ...    0.574685   -0.014515         0.0
33  word_h2_35.mp4           34  0.499040  ...    0.574673   -0.013276         0.0
34  word_h2_35.mp4           35  0.499608  ...    0.579792   -0.005558         0.0
35  word_h2_35.mp4           36  0.498949  ...    0.581372   -0.005976         0.0
36  word_h2_35.mp4           37  0.497379  ...    0.577616   -0.000324         0.0
37  word_h2_35.mp4           38  0.496692  ...    0.575553   -0.006416         0.0
38  word_h2_35.mp4           39  0.496784  ...    0.576166   -0.004455         0.0
39  word_h2_35.mp4           40  0.496421  ...    0.573932   -0.010223         0.0
40  word_h2_35.mp4           41  0.496480  ...    0.571494   -0.009877         0.0
41  word_h2_35.mp4           42  0.496669  ...    0.570675   -0.019906         0.0
42  word_h2_35.mp4           43  0.496761  ...    0.569796   -0.026748         0.0
43  word_h2_35.mp4           44  0.497483  ...    0.572657   -0.032217         0.0
44  word_h2_35.mp4           45  0.497701  ...    0.573352   -0.032491         0.0
45  word_h2_35.mp4           46  0.496586  ...    0.573449   -0.026088         0.0
46  word_h2_35.mp4           47  0.495883  ...    0.574363   -0.037371         0.0
47  word_h2_35.mp4           48  0.495934  ...    0.574092   -0.031271         0.0
48  word_h2_35.mp4           49  0.495463  ...    0.573858   -0.027190         0.0
49  word_h2_35.mp4           50  0.495216  ...    0.573211   -0.030860         0.0
50  word_h2_35.mp4           51  0.494994  ...    0.574190   -0.033667         0.0
51  word_h2_35.mp4           52  0.495059  ...    0.574159   -0.033221         0.0
52  word_h2_35.mp4           53  0.495307  ...    0.573828   -0.034936         0.0
53  word_h2_35.mp4           54  0.495242  ...    0.573342   -0.028724         0.0
54  word_h2_35.mp4           55  0.495392  ...    0.573027   -0.026221         0.0
55  word_h2_35.mp4           56  0.495357  ...    0.573260   -0.032033         0.0
56  word_h2_35.mp4           57  0.495257  ...    0.573367   -0.027871         0.0
57  word_h2_35.mp4           58  0.495574  ...    0.573246   -0.026607         0.0
58  word_h2_35.mp4           59  0.495697  ...    0.574306   -0.029755         0.0
59  word_h2_35.mp4           60  0.495959  ...    0.574211   -0.033440         0.0

[60 rows x 1958 columns]
Extracting features...
Face width computed for normalizaiton 0.16165598848653104
Features saved to: ../output/word_h2_35_features.csv
          fn_video  ... distance_r_hand6_r_hand10
0   word_h2_35.mp4  ...                  0.241978
1   word_h2_35.mp4  ...                  0.256339
2   word_h2_35.mp4  ...                  0.247432
3   word_h2_35.mp4  ...                  0.241201
4   word_h2_35.mp4  ...                  0.237812
5   word_h2_35.mp4  ...                  0.232872
6   word_h2_35.mp4  ...                  0.252160
7   word_h2_35.mp4  ...                  0.241013
8   word_h2_35.mp4  ...                  0.245203
9   word_h2_35.mp4  ...                  0.229828
10  word_h2_35.mp4  ...                  0.228589
11  word_h2_35.mp4  ...                  0.201542
12  word_h2_35.mp4  ...                  0.194172
13  word_h2_35.mp4  ...                  0.177434
14  word_h2_35.mp4  ...                  0.185480
15  word_h2_35.mp4  ...                  0.165917
16  word_h2_35.mp4  ...                  0.154789
17  word_h2_35.mp4  ...                  0.149468
18  word_h2_35.mp4  ...                  0.177889
19  word_h2_35.mp4  ...                  0.205850
20  word_h2_35.mp4  ...                  0.198254
21  word_h2_35.mp4  ...                  0.203342
22  word_h2_35.mp4  ...                  0.212807
23  word_h2_35.mp4  ...                  0.146103
24  word_h2_35.mp4  ...                  0.199698
25  word_h2_35.mp4  ...                  0.214723
26  word_h2_35.mp4  ...                  0.197055
27  word_h2_35.mp4  ...                  0.205121
28  word_h2_35.mp4  ...                  0.171942
29  word_h2_35.mp4  ...                  0.197838
30  word_h2_35.mp4  ...                  0.179101
31  word_h2_35.mp4  ...                  0.187965
32  word_h2_35.mp4  ...                  0.165134
33  word_h2_35.mp4  ...                  0.149946
34  word_h2_35.mp4  ...                  0.165071
35  word_h2_35.mp4  ...                  0.157788
36  word_h2_35.mp4  ...                  0.150940
37  word_h2_35.mp4  ...                  0.132737
38  word_h2_35.mp4  ...                  0.129574
39  word_h2_35.mp4  ...                  0.154338
40  word_h2_35.mp4  ...                  0.163261
41  word_h2_35.mp4  ...                  0.138118
42  word_h2_35.mp4  ...                  0.138149
43  word_h2_35.mp4  ...                  0.135291
44  word_h2_35.mp4  ...                  0.137423
45  word_h2_35.mp4  ...                  0.143838
46  word_h2_35.mp4  ...                  0.141263
47  word_h2_35.mp4  ...                  0.144084
48  word_h2_35.mp4  ...                  0.153264
49  word_h2_35.mp4  ...                  0.149160
50  word_h2_35.mp4  ...                  0.149491
51  word_h2_35.mp4  ...                  0.156982
52  word_h2_35.mp4  ...                  0.160411
53  word_h2_35.mp4  ...                  0.157733
54  word_h2_35.mp4  ...                  0.157036
55  word_h2_35.mp4  ...                  0.153000
56  word_h2_35.mp4  ...                  0.150679
57  word_h2_35.mp4  ...                  0.158033
58  word_h2_35.mp4  ...                  0.154784
59  word_h2_35.mp4  ...                  0.151457

[60 rows x 30 columns]
csv file with predictions was saved to ../output/predictions_rf_shape_female_cropped_word_h2_35.csv
Visualization for: ../stimuli/words/mp4/word_h2_35.mp4
32
