python is /network/lustre/iss02/home/annahita.sarre/anaconda3/envs/myenv/bin/python
Loaded model: ../trained_models/model_rf_position_female_cropped.pkl
Loaded video: ../stimuli/words/mp4/word_h0_23.mp4
Extracting coordinates...
          fn_video frame_number   x_face0  ...  y_r_hand20  z_r_hand20  v_r_hand20
0   word_h0_23.mp4            1  0.501145  ...    0.822728    0.011745         0.0
1   word_h0_23.mp4            2  0.501650  ...    0.810175    0.005506         0.0
2   word_h0_23.mp4            3  0.502007  ...    0.793147    0.018318         0.0
3   word_h0_23.mp4            4  0.501733  ...    0.783082    0.000932         0.0
4   word_h0_23.mp4            5  0.502100  ...    0.770957    0.018987         0.0
..             ...          ...       ...  ...         ...         ...         ...
64  word_h0_23.mp4           65  0.499656  ...    0.879814    0.031452         0.0
65  word_h0_23.mp4           66  0.499770  ...    0.888754    0.036328         0.0
66  word_h0_23.mp4           67  0.500090  ...    0.897541    0.047054         0.0
67  word_h0_23.mp4           68  0.500482  ...    0.905282    0.038172         0.0
68  word_h0_23.mp4           69  0.500629  ...    0.920989    0.047919         0.0

[69 rows x 1958 columns]
Extracting features...
Face width computed for normalizaiton 0.16114893077131345
Features saved to: ../output/word_h0_23_features.csv
          fn_video  ... distance_r_hand6_r_hand10
0   word_h0_23.mp4  ...                  0.165121
1   word_h0_23.mp4  ...                  0.144845
2   word_h0_23.mp4  ...                  0.151236
3   word_h0_23.mp4  ...                  0.145025
4   word_h0_23.mp4  ...                  0.159994
..             ...  ...                       ...
64  word_h0_23.mp4  ...                  0.175411
65  word_h0_23.mp4  ...                  0.168822
66  word_h0_23.mp4  ...                  0.156387
67  word_h0_23.mp4  ...                  0.152801
68  word_h0_23.mp4  ...                  0.146172

[69 rows x 30 columns]
csv file with predictions was saved to ../output/predictions_rf_position_female_cropped_word_h0_23.csv
Loaded model: ../trained_models/model_rf_shape_female_cropped.pkl
Loaded video: ../stimuli/words/mp4/word_h0_23.mp4
Extracting coordinates...
          fn_video frame_number   x_face0  ...  y_r_hand20  z_r_hand20  v_r_hand20
0   word_h0_23.mp4            1  0.501145  ...    0.822728    0.011745         0.0
1   word_h0_23.mp4            2  0.501650  ...    0.810175    0.005506         0.0
2   word_h0_23.mp4            3  0.502007  ...    0.793147    0.018318         0.0
3   word_h0_23.mp4            4  0.501733  ...    0.783082    0.000932         0.0
4   word_h0_23.mp4            5  0.502100  ...    0.770957    0.018987         0.0
..             ...          ...       ...  ...         ...         ...         ...
64  word_h0_23.mp4           65  0.499656  ...    0.879814    0.031452         0.0
65  word_h0_23.mp4           66  0.499770  ...    0.888754    0.036328         0.0
66  word_h0_23.mp4           67  0.500090  ...    0.897541    0.047054         0.0
67  word_h0_23.mp4           68  0.500482  ...    0.905282    0.038172         0.0
68  word_h0_23.mp4           69  0.500629  ...    0.920989    0.047919         0.0

[69 rows x 1958 columns]
Extracting features...
Face width computed for normalizaiton 0.16114893077131345
Features saved to: ../output/word_h0_23_features.csv
          fn_video  ... distance_r_hand6_r_hand10
0   word_h0_23.mp4  ...                  0.165121
1   word_h0_23.mp4  ...                  0.144845
2   word_h0_23.mp4  ...                  0.151236
3   word_h0_23.mp4  ...                  0.145025
4   word_h0_23.mp4  ...                  0.159994
..             ...  ...                       ...
64  word_h0_23.mp4  ...                  0.175411
65  word_h0_23.mp4  ...                  0.168822
66  word_h0_23.mp4  ...                  0.156387
67  word_h0_23.mp4  ...                  0.152801
68  word_h0_23.mp4  ...                  0.146172

[69 rows x 30 columns]
csv file with predictions was saved to ../output/predictions_rf_shape_female_cropped_word_h0_23.csv
Visualization for: ../stimuli/words/mp4/word_h0_23.mp4
32
