python is /network/lustre/iss02/home/annahita.sarre/anaconda3/envs/myenv/bin/python
Loaded model: ../trained_models/model_rf_position_female_cropped.pkl
Loaded video: ../stimuli/words/mp4/word_l1_16.mp4
Extracting coordinates...
          fn_video frame_number   x_face0  ...  y_r_hand20  z_r_hand20  v_r_hand20
0   word_l1_16.mp4            3  0.495837  ...    0.957112    0.026688         0.0
1   word_l1_16.mp4            4  0.495589  ...    0.913186    0.029691         0.0
2   word_l1_16.mp4            5  0.495464  ...    0.886167    0.020278         0.0
3   word_l1_16.mp4            6  0.495236  ...    0.848987    0.010863         0.0
4   word_l1_16.mp4            7  0.494691  ...    0.823321    0.006664         0.0
5   word_l1_16.mp4            8  0.494552  ...    0.794166    0.005188         0.0
6   word_l1_16.mp4            9  0.493720  ...    0.746507    0.034780         0.0
7   word_l1_16.mp4           10  0.493536  ...    0.735861    0.021487         0.0
8   word_l1_16.mp4           11  0.493090  ...    0.696714    0.022632         0.0
9   word_l1_16.mp4           12  0.492989  ...    0.699295    0.034383         0.0
10  word_l1_16.mp4           13  0.492204  ...    0.680550    0.029075         0.0
11  word_l1_16.mp4           14  0.492295  ...    0.669067    0.038057         0.0
12  word_l1_16.mp4           15  0.492003  ...    0.651038    0.038984         0.0
13  word_l1_16.mp4           16  0.491864  ...    0.638089    0.027527         0.0
14  word_l1_16.mp4           17  0.492213  ...    0.628885    0.036637         0.0
15  word_l1_16.mp4           18  0.492047  ...    0.621378    0.042683         0.0
16  word_l1_16.mp4           19  0.492414  ...    0.616319    0.046789         0.0
17  word_l1_16.mp4           20  0.492008  ...    0.615002    0.053758         0.0
18  word_l1_16.mp4           21  0.492333  ...    0.611028    0.041165         0.0
19  word_l1_16.mp4           22  0.492679  ...    0.610810    0.032198         0.0
20  word_l1_16.mp4           23  0.493110  ...    0.612942    0.032440         0.0
21  word_l1_16.mp4           24  0.493044  ...    0.615245    0.019366         0.0
22  word_l1_16.mp4           25  0.493760  ...    0.614481    0.019425         0.0
23  word_l1_16.mp4           26  0.493435  ...    0.611446    0.012487         0.0
24  word_l1_16.mp4           27  0.493687  ...    0.605859    0.010042         0.0
25  word_l1_16.mp4           28  0.493668  ...    0.602281   -0.011962         0.0
26  word_l1_16.mp4           29  0.493489  ...    0.597740   -0.018717         0.0
27  word_l1_16.mp4           30  0.494084  ...    0.594781   -0.021761         0.0
28  word_l1_16.mp4           31  0.493684  ...    0.590012   -0.026287         0.0
29  word_l1_16.mp4           32  0.493219  ...    0.587177   -0.029905         0.0
30  word_l1_16.mp4           33  0.492975  ...    0.581912   -0.032751         0.0
31  word_l1_16.mp4           34  0.492506  ...    0.597348   -0.021333         0.0
32  word_l1_16.mp4           35  0.493152  ...    0.657543    0.005285         0.0
33  word_l1_16.mp4           36  0.492776  ...    0.673636    0.013159         0.0
34  word_l1_16.mp4           37  0.492972  ...    0.681898    0.006500         0.0
35  word_l1_16.mp4           38  0.492619  ...    0.685757    0.013940         0.0
36  word_l1_16.mp4           39  0.492117  ...    0.687968    0.011145         0.0
37  word_l1_16.mp4           40  0.492144  ...    0.690129    0.005565         0.0
38  word_l1_16.mp4           41  0.491903  ...    0.689421    0.007105         0.0
39  word_l1_16.mp4           42  0.491894  ...    0.690164    0.005740         0.0
40  word_l1_16.mp4           43  0.491535  ...    0.691462    0.008212         0.0
41  word_l1_16.mp4           44  0.491454  ...    0.691964    0.008856         0.0
42  word_l1_16.mp4           45  0.491257  ...    0.692023    0.004851         0.0
43  word_l1_16.mp4           46  0.490736  ...    0.693347    0.006346         0.0
44  word_l1_16.mp4           47  0.490772  ...    0.691288    0.003461         0.0
45  word_l1_16.mp4           48  0.491262  ...    0.690789    0.003776         0.0
46  word_l1_16.mp4           49  0.491321  ...    0.693554    0.002930         0.0
47  word_l1_16.mp4           50  0.491279  ...    0.695516    0.003176         0.0
48  word_l1_16.mp4           51  0.491446  ...    0.697373    0.001510         0.0
49  word_l1_16.mp4           52  0.491291  ...    0.699206   -0.003143         0.0
50  word_l1_16.mp4           53  0.490924  ...    0.695711   -0.001311         0.0
51  word_l1_16.mp4           54  0.491038  ...    0.694200    0.001682         0.0
52  word_l1_16.mp4           55  0.491214  ...    0.699703    0.003039         0.0
53  word_l1_16.mp4           56  0.491187  ...    0.704329    0.002572         0.0
54  word_l1_16.mp4           57  0.490994  ...    0.720277    0.006395         0.0
55  word_l1_16.mp4           58  0.491140  ...    0.728102    0.008800         0.0
56  word_l1_16.mp4           59  0.491075  ...    0.740678    0.007688         0.0

[57 rows x 1958 columns]
Extracting features...
Face width computed for normalizaiton 0.15526260360238545
Features saved to: ../output/word_l1_16_features.csv
          fn_video  ... distance_r_hand6_r_hand10
0   word_l1_16.mp4  ...                  0.172859
1   word_l1_16.mp4  ...                  0.139728
2   word_l1_16.mp4  ...                  0.154497
3   word_l1_16.mp4  ...                  0.153590
4   word_l1_16.mp4  ...                  0.165648
5   word_l1_16.mp4  ...                  0.154052
6   word_l1_16.mp4  ...                  0.166367
7   word_l1_16.mp4  ...                  0.166422
8   word_l1_16.mp4  ...                  0.163081
9   word_l1_16.mp4  ...                  0.159826
10  word_l1_16.mp4  ...                  0.152126
11  word_l1_16.mp4  ...                  0.149027
12  word_l1_16.mp4  ...                  0.144407
13  word_l1_16.mp4  ...                  0.147299
14  word_l1_16.mp4  ...                  0.145915
15  word_l1_16.mp4  ...                  0.139503
16  word_l1_16.mp4  ...                  0.143803
17  word_l1_16.mp4  ...                  0.145521
18  word_l1_16.mp4  ...                  0.151736
19  word_l1_16.mp4  ...                  0.150828
20  word_l1_16.mp4  ...                  0.152980
21  word_l1_16.mp4  ...                  0.153504
22  word_l1_16.mp4  ...                  0.150663
23  word_l1_16.mp4  ...                  0.148268
24  word_l1_16.mp4  ...                  0.141725
25  word_l1_16.mp4  ...                  0.140233
26  word_l1_16.mp4  ...                  0.125041
27  word_l1_16.mp4  ...                  0.119242
28  word_l1_16.mp4  ...                  0.124841
29  word_l1_16.mp4  ...                  0.131320
30  word_l1_16.mp4  ...                  0.145554
31  word_l1_16.mp4  ...                  0.198946
32  word_l1_16.mp4  ...                  0.239993
33  word_l1_16.mp4  ...                  0.269914
34  word_l1_16.mp4  ...                  0.283872
35  word_l1_16.mp4  ...                  0.279352
36  word_l1_16.mp4  ...                  0.270663
37  word_l1_16.mp4  ...                  0.266059
38  word_l1_16.mp4  ...                  0.268140
39  word_l1_16.mp4  ...                  0.268997
40  word_l1_16.mp4  ...                  0.268309
41  word_l1_16.mp4  ...                  0.272963
42  word_l1_16.mp4  ...                  0.265689
43  word_l1_16.mp4  ...                  0.260326
44  word_l1_16.mp4  ...                  0.266363
45  word_l1_16.mp4  ...                  0.261572
46  word_l1_16.mp4  ...                  0.258531
47  word_l1_16.mp4  ...                  0.250861
48  word_l1_16.mp4  ...                  0.227932
49  word_l1_16.mp4  ...                  0.206962
50  word_l1_16.mp4  ...                  0.205619
51  word_l1_16.mp4  ...                  0.194185
52  word_l1_16.mp4  ...                  0.196833
53  word_l1_16.mp4  ...                  0.196968
54  word_l1_16.mp4  ...                  0.191422
55  word_l1_16.mp4  ...                  0.195425
56  word_l1_16.mp4  ...                  0.185396

[57 rows x 30 columns]
csv file with predictions was saved to ../output/predictions_rf_position_female_cropped_word_l1_16.csv
Loaded model: ../trained_models/model_rf_shape_female_cropped.pkl
Loaded video: ../stimuli/words/mp4/word_l1_16.mp4
Extracting coordinates...
          fn_video frame_number   x_face0  ...  y_r_hand20  z_r_hand20  v_r_hand20
0   word_l1_16.mp4            3  0.495837  ...    0.957112    0.026688         0.0
1   word_l1_16.mp4            4  0.495589  ...    0.913186    0.029691         0.0
2   word_l1_16.mp4            5  0.495464  ...    0.886167    0.020278         0.0
3   word_l1_16.mp4            6  0.495236  ...    0.848987    0.010863         0.0
4   word_l1_16.mp4            7  0.494691  ...    0.823321    0.006664         0.0
5   word_l1_16.mp4            8  0.494552  ...    0.794166    0.005188         0.0
6   word_l1_16.mp4            9  0.493720  ...    0.746507    0.034780         0.0
7   word_l1_16.mp4           10  0.493536  ...    0.735861    0.021487         0.0
8   word_l1_16.mp4           11  0.493090  ...    0.696714    0.022632         0.0
9   word_l1_16.mp4           12  0.492989  ...    0.699295    0.034383         0.0
10  word_l1_16.mp4           13  0.492204  ...    0.680550    0.029075         0.0
11  word_l1_16.mp4           14  0.492295  ...    0.669067    0.038057         0.0
12  word_l1_16.mp4           15  0.492003  ...    0.651038    0.038984         0.0
13  word_l1_16.mp4           16  0.491864  ...    0.638089    0.027527         0.0
14  word_l1_16.mp4           17  0.492213  ...    0.628885    0.036637         0.0
15  word_l1_16.mp4           18  0.492047  ...    0.621378    0.042683         0.0
16  word_l1_16.mp4           19  0.492414  ...    0.616319    0.046789         0.0
17  word_l1_16.mp4           20  0.492008  ...    0.615002    0.053758         0.0
18  word_l1_16.mp4           21  0.492333  ...    0.611028    0.041165         0.0
19  word_l1_16.mp4           22  0.492679  ...    0.610810    0.032198         0.0
20  word_l1_16.mp4           23  0.493110  ...    0.612942    0.032440         0.0
21  word_l1_16.mp4           24  0.493044  ...    0.615245    0.019366         0.0
22  word_l1_16.mp4           25  0.493760  ...    0.614481    0.019425         0.0
23  word_l1_16.mp4           26  0.493435  ...    0.611446    0.012487         0.0
24  word_l1_16.mp4           27  0.493687  ...    0.605859    0.010042         0.0
25  word_l1_16.mp4           28  0.493668  ...    0.602281   -0.011962         0.0
26  word_l1_16.mp4           29  0.493489  ...    0.597740   -0.018717         0.0
27  word_l1_16.mp4           30  0.494084  ...    0.594781   -0.021761         0.0
28  word_l1_16.mp4           31  0.493684  ...    0.590012   -0.026287         0.0
29  word_l1_16.mp4           32  0.493219  ...    0.587177   -0.029905         0.0
30  word_l1_16.mp4           33  0.492975  ...    0.581912   -0.032751         0.0
31  word_l1_16.mp4           34  0.492506  ...    0.597348   -0.021333         0.0
32  word_l1_16.mp4           35  0.493152  ...    0.657543    0.005285         0.0
33  word_l1_16.mp4           36  0.492776  ...    0.673636    0.013159         0.0
34  word_l1_16.mp4           37  0.492972  ...    0.681898    0.006500         0.0
35  word_l1_16.mp4           38  0.492619  ...    0.685757    0.013940         0.0
36  word_l1_16.mp4           39  0.492117  ...    0.687968    0.011145         0.0
37  word_l1_16.mp4           40  0.492144  ...    0.690129    0.005565         0.0
38  word_l1_16.mp4           41  0.491903  ...    0.689421    0.007105         0.0
39  word_l1_16.mp4           42  0.491894  ...    0.690164    0.005740         0.0
40  word_l1_16.mp4           43  0.491535  ...    0.691462    0.008212         0.0
41  word_l1_16.mp4           44  0.491454  ...    0.691964    0.008856         0.0
42  word_l1_16.mp4           45  0.491257  ...    0.692023    0.004851         0.0
43  word_l1_16.mp4           46  0.490736  ...    0.693347    0.006346         0.0
44  word_l1_16.mp4           47  0.490772  ...    0.691288    0.003461         0.0
45  word_l1_16.mp4           48  0.491262  ...    0.690789    0.003776         0.0
46  word_l1_16.mp4           49  0.491321  ...    0.693554    0.002930         0.0
47  word_l1_16.mp4           50  0.491279  ...    0.695516    0.003176         0.0
48  word_l1_16.mp4           51  0.491446  ...    0.697373    0.001510         0.0
49  word_l1_16.mp4           52  0.491291  ...    0.699206   -0.003143         0.0
50  word_l1_16.mp4           53  0.490924  ...    0.695711   -0.001311         0.0
51  word_l1_16.mp4           54  0.491038  ...    0.694200    0.001682         0.0
52  word_l1_16.mp4           55  0.491214  ...    0.699703    0.003039         0.0
53  word_l1_16.mp4           56  0.491187  ...    0.704329    0.002572         0.0
54  word_l1_16.mp4           57  0.490994  ...    0.720277    0.006395         0.0
55  word_l1_16.mp4           58  0.491140  ...    0.728102    0.008800         0.0
56  word_l1_16.mp4           59  0.491075  ...    0.740678    0.007688         0.0

[57 rows x 1958 columns]
Extracting features...
Face width computed for normalizaiton 0.15526260360238545
Features saved to: ../output/word_l1_16_features.csv
          fn_video  ... distance_r_hand6_r_hand10
0   word_l1_16.mp4  ...                  0.172859
1   word_l1_16.mp4  ...                  0.139728
2   word_l1_16.mp4  ...                  0.154497
3   word_l1_16.mp4  ...                  0.153590
4   word_l1_16.mp4  ...                  0.165648
5   word_l1_16.mp4  ...                  0.154052
6   word_l1_16.mp4  ...                  0.166367
7   word_l1_16.mp4  ...                  0.166422
8   word_l1_16.mp4  ...                  0.163081
9   word_l1_16.mp4  ...                  0.159826
10  word_l1_16.mp4  ...                  0.152126
11  word_l1_16.mp4  ...                  0.149027
12  word_l1_16.mp4  ...                  0.144407
13  word_l1_16.mp4  ...                  0.147299
14  word_l1_16.mp4  ...                  0.145915
15  word_l1_16.mp4  ...                  0.139503
16  word_l1_16.mp4  ...                  0.143803
17  word_l1_16.mp4  ...                  0.145521
18  word_l1_16.mp4  ...                  0.151736
19  word_l1_16.mp4  ...                  0.150828
20  word_l1_16.mp4  ...                  0.152980
21  word_l1_16.mp4  ...                  0.153504
22  word_l1_16.mp4  ...                  0.150663
23  word_l1_16.mp4  ...                  0.148268
24  word_l1_16.mp4  ...                  0.141725
25  word_l1_16.mp4  ...                  0.140233
26  word_l1_16.mp4  ...                  0.125041
27  word_l1_16.mp4  ...                  0.119242
28  word_l1_16.mp4  ...                  0.124841
29  word_l1_16.mp4  ...                  0.131320
30  word_l1_16.mp4  ...                  0.145554
31  word_l1_16.mp4  ...                  0.198946
32  word_l1_16.mp4  ...                  0.239993
33  word_l1_16.mp4  ...                  0.269914
34  word_l1_16.mp4  ...                  0.283872
35  word_l1_16.mp4  ...                  0.279352
36  word_l1_16.mp4  ...                  0.270663
37  word_l1_16.mp4  ...                  0.266059
38  word_l1_16.mp4  ...                  0.268140
39  word_l1_16.mp4  ...                  0.268997
40  word_l1_16.mp4  ...                  0.268309
41  word_l1_16.mp4  ...                  0.272963
42  word_l1_16.mp4  ...                  0.265689
43  word_l1_16.mp4  ...                  0.260326
44  word_l1_16.mp4  ...                  0.266363
45  word_l1_16.mp4  ...                  0.261572
46  word_l1_16.mp4  ...                  0.258531
47  word_l1_16.mp4  ...                  0.250861
48  word_l1_16.mp4  ...                  0.227932
49  word_l1_16.mp4  ...                  0.206962
50  word_l1_16.mp4  ...                  0.205619
51  word_l1_16.mp4  ...                  0.194185
52  word_l1_16.mp4  ...                  0.196833
53  word_l1_16.mp4  ...                  0.196968
54  word_l1_16.mp4  ...                  0.191422
55  word_l1_16.mp4  ...                  0.195425
56  word_l1_16.mp4  ...                  0.185396

[57 rows x 30 columns]
csv file with predictions was saved to ../output/predictions_rf_shape_female_cropped_word_l1_16.csv
Visualization for: ../stimuli/words/mp4/word_l1_16.mp4
32
