python is /network/lustre/iss02/home/annahita.sarre/anaconda3/envs/myenv/bin/python
Loaded model: ../trained_models/model_rf_position_female_cropped.pkl
Loaded video: ../stimuli/words/mp4/word_h0_16.mp4
Extracting coordinates...
          fn_video frame_number   x_face0  ...  y_r_hand20  z_r_hand20  v_r_hand20
0   word_h0_16.mp4            4  0.499463  ...    0.983975    0.091552         0.0
1   word_h0_16.mp4            5  0.499362  ...    0.988046   -0.002165         0.0
2   word_h0_16.mp4            6  0.499281  ...    0.942614    0.005099         0.0
3   word_h0_16.mp4            7  0.498973  ...    0.910181    0.034177         0.0
4   word_h0_16.mp4            8  0.498996  ...    0.885956    0.029555         0.0
..             ...          ...       ...  ...         ...         ...         ...
65  word_h0_16.mp4           83  0.498189  ...    0.838058    0.015740         0.0
66  word_h0_16.mp4           84  0.497941  ...    0.838415    0.018631         0.0
67  word_h0_16.mp4           85  0.498257  ...    0.839381    0.017603         0.0
68  word_h0_16.mp4           86  0.498217  ...    0.840450    0.020178         0.0
69  word_h0_16.mp4           87  0.497812  ...    0.848613    0.014031         0.0

[70 rows x 1958 columns]
Extracting features...
Face width computed for normalizaiton 0.1618016408123681
Features saved to: ../output/word_h0_16_features.csv
          fn_video  ... distance_r_hand6_r_hand10
0   word_h0_16.mp4  ...                  0.058119
1   word_h0_16.mp4  ...                  0.227637
2   word_h0_16.mp4  ...                  0.178911
3   word_h0_16.mp4  ...                  0.187485
4   word_h0_16.mp4  ...                  0.180217
..             ...  ...                       ...
65  word_h0_16.mp4  ...                  0.176561
66  word_h0_16.mp4  ...                  0.176972
67  word_h0_16.mp4  ...                  0.180358
68  word_h0_16.mp4  ...                  0.178074
69  word_h0_16.mp4  ...                  0.185044

[70 rows x 30 columns]
csv file with predictions was saved to ../output/predictions_rf_position_female_cropped_word_h0_16.csv
Loaded model: ../trained_models/model_rf_shape_female_cropped.pkl
Loaded video: ../stimuli/words/mp4/word_h0_16.mp4
Extracting coordinates...
          fn_video frame_number   x_face0  ...  y_r_hand20  z_r_hand20  v_r_hand20
0   word_h0_16.mp4            4  0.499463  ...    0.983975    0.091552         0.0
1   word_h0_16.mp4            5  0.499362  ...    0.988046   -0.002165         0.0
2   word_h0_16.mp4            6  0.499281  ...    0.942614    0.005099         0.0
3   word_h0_16.mp4            7  0.498973  ...    0.910181    0.034177         0.0
4   word_h0_16.mp4            8  0.498996  ...    0.885956    0.029555         0.0
..             ...          ...       ...  ...         ...         ...         ...
65  word_h0_16.mp4           83  0.498189  ...    0.838058    0.015740         0.0
66  word_h0_16.mp4           84  0.497941  ...    0.838415    0.018631         0.0
67  word_h0_16.mp4           85  0.498257  ...    0.839381    0.017603         0.0
68  word_h0_16.mp4           86  0.498217  ...    0.840450    0.020178         0.0
69  word_h0_16.mp4           87  0.497812  ...    0.848613    0.014031         0.0

[70 rows x 1958 columns]
Extracting features...
Face width computed for normalizaiton 0.1618016408123681
Features saved to: ../output/word_h0_16_features.csv
          fn_video  ... distance_r_hand6_r_hand10
0   word_h0_16.mp4  ...                  0.058119
1   word_h0_16.mp4  ...                  0.227637
2   word_h0_16.mp4  ...                  0.178911
3   word_h0_16.mp4  ...                  0.187485
4   word_h0_16.mp4  ...                  0.180217
..             ...  ...                       ...
65  word_h0_16.mp4  ...                  0.176561
66  word_h0_16.mp4  ...                  0.176972
67  word_h0_16.mp4  ...                  0.180358
68  word_h0_16.mp4  ...                  0.178074
69  word_h0_16.mp4  ...                  0.185044

[70 rows x 30 columns]
csv file with predictions was saved to ../output/predictions_rf_shape_female_cropped_word_h0_16.csv
Visualization for: ../stimuli/words/mp4/word_h0_16.mp4
32
