python is /network/lustre/iss02/home/annahita.sarre/anaconda3/envs/myenv/bin/python
Loaded model: ../trained_models/model_rf_position_female_cropped.pkl
Loaded video: ../stimuli/words/mp4/word_h0_25.mp4
Extracting coordinates...
          fn_video frame_number   x_face0  ...  y_r_hand20  z_r_hand20  v_r_hand20
0   word_h0_25.mp4            2  0.502214  ...    0.901748    0.012034         0.0
1   word_h0_25.mp4            3  0.502947  ...    0.844600    0.018443         0.0
2   word_h0_25.mp4            4  0.502546  ...    0.790978    0.000874         0.0
3   word_h0_25.mp4            5  0.501450  ...    0.734828   -0.002839         0.0
4   word_h0_25.mp4            6  0.501182  ...    0.685803   -0.004584         0.0
..             ...          ...       ...  ...         ...         ...         ...
75  word_h0_25.mp4           77  0.501751  ...    0.768338    0.005285         0.0
76  word_h0_25.mp4           78  0.501493  ...    0.795458    0.009445         0.0
77  word_h0_25.mp4           79  0.501480  ...    0.824253    0.017659         0.0
78  word_h0_25.mp4           80  0.501065  ...    0.861319    0.021021         0.0
79  word_h0_25.mp4           81  0.501254  ...    0.892486    0.022071         0.0

[80 rows x 1958 columns]
Extracting features...
Face width computed for normalizaiton 0.1595589175732738
Features saved to: ../output/word_h0_25_features.csv
          fn_video  ... distance_r_hand6_r_hand10
0   word_h0_25.mp4  ...                  0.238904
1   word_h0_25.mp4  ...                  0.193049
2   word_h0_25.mp4  ...                  0.161255
3   word_h0_25.mp4  ...                  0.173149
4   word_h0_25.mp4  ...                  0.161342
..             ...  ...                       ...
75  word_h0_25.mp4  ...                  0.180865
76  word_h0_25.mp4  ...                  0.176655
77  word_h0_25.mp4  ...                  0.177611
78  word_h0_25.mp4  ...                  0.173551
79  word_h0_25.mp4  ...                  0.177409

[80 rows x 30 columns]
csv file with predictions was saved to ../output/predictions_rf_position_female_cropped_word_h0_25.csv
Loaded model: ../trained_models/model_rf_shape_female_cropped.pkl
Loaded video: ../stimuli/words/mp4/word_h0_25.mp4
Extracting coordinates...
          fn_video frame_number   x_face0  ...  y_r_hand20  z_r_hand20  v_r_hand20
0   word_h0_25.mp4            2  0.502214  ...    0.901748    0.012034         0.0
1   word_h0_25.mp4            3  0.502947  ...    0.844600    0.018443         0.0
2   word_h0_25.mp4            4  0.502546  ...    0.790978    0.000874         0.0
3   word_h0_25.mp4            5  0.501450  ...    0.734828   -0.002839         0.0
4   word_h0_25.mp4            6  0.501182  ...    0.685803   -0.004584         0.0
..             ...          ...       ...  ...         ...         ...         ...
75  word_h0_25.mp4           77  0.501751  ...    0.768338    0.005285         0.0
76  word_h0_25.mp4           78  0.501493  ...    0.795458    0.009445         0.0
77  word_h0_25.mp4           79  0.501480  ...    0.824253    0.017659         0.0
78  word_h0_25.mp4           80  0.501065  ...    0.861319    0.021021         0.0
79  word_h0_25.mp4           81  0.501254  ...    0.892486    0.022071         0.0

[80 rows x 1958 columns]
Extracting features...
Face width computed for normalizaiton 0.1595589175732738
Features saved to: ../output/word_h0_25_features.csv
          fn_video  ... distance_r_hand6_r_hand10
0   word_h0_25.mp4  ...                  0.238904
1   word_h0_25.mp4  ...                  0.193049
2   word_h0_25.mp4  ...                  0.161255
3   word_h0_25.mp4  ...                  0.173149
4   word_h0_25.mp4  ...                  0.161342
..             ...  ...                       ...
75  word_h0_25.mp4  ...                  0.180865
76  word_h0_25.mp4  ...                  0.176655
77  word_h0_25.mp4  ...                  0.177611
78  word_h0_25.mp4  ...                  0.173551
79  word_h0_25.mp4  ...                  0.177409

[80 rows x 30 columns]
csv file with predictions was saved to ../output/predictions_rf_shape_female_cropped_word_h0_25.csv
Visualization for: ../stimuli/words/mp4/word_h0_25.mp4
32
