python is /network/lustre/iss02/home/annahita.sarre/anaconda3/envs/myenv/bin/python
Loaded model: ../trained_models/model_rf_position_female_cropped.pkl
Loaded video: ../stimuli/words/mp4/word_h2_19.mp4
Extracting coordinates...
          fn_video frame_number   x_face0  ...  y_r_hand20  z_r_hand20  v_r_hand20
0   word_h2_19.mp4           10  0.498162  ...    0.975432    0.059850         0.0
1   word_h2_19.mp4           11  0.498405  ...    0.937185    0.038594         0.0
2   word_h2_19.mp4           12  0.498193  ...    0.892438    0.007630         0.0
3   word_h2_19.mp4           13  0.498288  ...    0.859275    0.003813         0.0
4   word_h2_19.mp4           14  0.498218  ...    0.819209   -0.002357         0.0
5   word_h2_19.mp4           15  0.498107  ...    0.783970   -0.008051         0.0
6   word_h2_19.mp4           16  0.498010  ...    0.741349   -0.001598         0.0
7   word_h2_19.mp4           17  0.497769  ...    0.712495    0.000696         0.0
8   word_h2_19.mp4           18  0.497987  ...    0.683836    0.001959         0.0
9   word_h2_19.mp4           19  0.497980  ...    0.661269   -0.006541         0.0
10  word_h2_19.mp4           20  0.497653  ...    0.642056   -0.018100         0.0
11  word_h2_19.mp4           21  0.497958  ...    0.627157   -0.015197         0.0
12  word_h2_19.mp4           22  0.497876  ...    0.618548   -0.014861         0.0
13  word_h2_19.mp4           23  0.498478  ...    0.611511   -0.020092         0.0
14  word_h2_19.mp4           24  0.497995  ...    0.602565   -0.018996         0.0
15  word_h2_19.mp4           25  0.497918  ...    0.597510   -0.016073         0.0
16  word_h2_19.mp4           26  0.497898  ...    0.590636   -0.013180         0.0
17  word_h2_19.mp4           27  0.497890  ...    0.589255   -0.016546         0.0
18  word_h2_19.mp4           28  0.498017  ...    0.587489   -0.017571         0.0
19  word_h2_19.mp4           29  0.497565  ...    0.594098   -0.006845         0.0
20  word_h2_19.mp4           30  0.497710  ...    0.690178    0.012993         0.0
21  word_h2_19.mp4           31  0.496833  ...    0.710811    0.011189         0.0
22  word_h2_19.mp4           32  0.497169  ...    0.717058    0.012741         0.0
23  word_h2_19.mp4           33  0.496908  ...    0.718955    0.008428         0.0
24  word_h2_19.mp4           34  0.497246  ...    0.728867    0.015276         0.0
25  word_h2_19.mp4           35  0.496768  ...    0.739737    0.017050         0.0
26  word_h2_19.mp4           36  0.497116  ...    0.749900    0.013162         0.0
27  word_h2_19.mp4           37  0.497295  ...    0.759437    0.015740         0.0
28  word_h2_19.mp4           38  0.497931  ...    0.767276    0.020588         0.0
29  word_h2_19.mp4           39  0.498001  ...    0.772277    0.035347         0.0
30  word_h2_19.mp4           40  0.498862  ...    0.773469    0.027669         0.0
31  word_h2_19.mp4           41  0.499676  ...    0.772375    0.036211         0.0
32  word_h2_19.mp4           42  0.499928  ...    0.765330    0.039905         0.0
33  word_h2_19.mp4           43  0.500762  ...    0.756306    0.046978         0.0
34  word_h2_19.mp4           44  0.500652  ...    0.745313    0.053185         0.0
35  word_h2_19.mp4           45  0.501559  ...    0.711845    0.027160         0.0
36  word_h2_19.mp4           46  0.501662  ...    0.685394    0.030182         0.0
37  word_h2_19.mp4           47  0.501436  ...    0.663309    0.018506         0.0
38  word_h2_19.mp4           48  0.501421  ...    0.651456    0.004158         0.0
39  word_h2_19.mp4           49  0.501573  ...    0.644409   -0.001010         0.0
40  word_h2_19.mp4           50  0.501723  ...    0.640837    0.003244         0.0
41  word_h2_19.mp4           51  0.501585  ...    0.637989   -0.013938         0.0
42  word_h2_19.mp4           52  0.501420  ...    0.641580   -0.007454         0.0
43  word_h2_19.mp4           53  0.501546  ...    0.645275    0.002555         0.0
44  word_h2_19.mp4           54  0.501226  ...    0.647269    0.013602         0.0
45  word_h2_19.mp4           55  0.501306  ...    0.645315    0.012193         0.0
46  word_h2_19.mp4           56  0.500743  ...    0.646268    0.011452         0.0
47  word_h2_19.mp4           57  0.500508  ...    0.646340    0.013043         0.0
48  word_h2_19.mp4           58  0.500266  ...    0.644675    0.009778         0.0
49  word_h2_19.mp4           59  0.499662  ...    0.646004    0.011156         0.0
50  word_h2_19.mp4           60  0.499694  ...    0.647777    0.006982         0.0
51  word_h2_19.mp4           61  0.499931  ...    0.645308    0.003107         0.0
52  word_h2_19.mp4           62  0.499739  ...    0.649384    0.018398         0.0
53  word_h2_19.mp4           63  0.499396  ...    0.648079    0.013773         0.0
54  word_h2_19.mp4           64  0.499554  ...    0.655059    0.020860         0.0
55  word_h2_19.mp4           65  0.499124  ...    0.658714    0.008409         0.0
56  word_h2_19.mp4           66  0.499066  ...    0.667245    0.009353         0.0
57  word_h2_19.mp4           67  0.498841  ...    0.672711    0.019690         0.0
58  word_h2_19.mp4           68  0.498647  ...    0.727942    0.030238         0.0
59  word_h2_19.mp4           69  0.499064  ...    0.767240    0.019339         0.0

[60 rows x 1958 columns]
Extracting features...
Face width computed for normalizaiton 0.16017760425058356
Features saved to: ../output/word_h2_19_features.csv
          fn_video  ... distance_r_hand6_r_hand10
0   word_h2_19.mp4  ...                  0.251647
1   word_h2_19.mp4  ...                  0.219479
2   word_h2_19.mp4  ...                  0.204807
3   word_h2_19.mp4  ...                  0.191995
4   word_h2_19.mp4  ...                  0.181059
5   word_h2_19.mp4  ...                  0.172308
6   word_h2_19.mp4  ...                  0.151171
7   word_h2_19.mp4  ...                  0.152853
8   word_h2_19.mp4  ...                  0.141242
9   word_h2_19.mp4  ...                  0.130884
10  word_h2_19.mp4  ...                  0.125895
11  word_h2_19.mp4  ...                  0.163153
12  word_h2_19.mp4  ...                  0.156496
13  word_h2_19.mp4  ...                  0.171339
14  word_h2_19.mp4  ...                  0.170320
15  word_h2_19.mp4  ...                  0.176891
16  word_h2_19.mp4  ...                  0.182094
17  word_h2_19.mp4  ...                  0.181985
18  word_h2_19.mp4  ...                  0.187594
19  word_h2_19.mp4  ...                  0.225534
20  word_h2_19.mp4  ...                  0.246584
21  word_h2_19.mp4  ...                  0.231937
22  word_h2_19.mp4  ...                  0.231936
23  word_h2_19.mp4  ...                  0.241408
24  word_h2_19.mp4  ...                  0.277514
25  word_h2_19.mp4  ...                  0.306726
26  word_h2_19.mp4  ...                  0.326410
27  word_h2_19.mp4  ...                  0.363202
28  word_h2_19.mp4  ...                  0.395861
29  word_h2_19.mp4  ...                  0.426955
30  word_h2_19.mp4  ...                  0.412278
31  word_h2_19.mp4  ...                  0.357875
32  word_h2_19.mp4  ...                  0.313964
33  word_h2_19.mp4  ...                  0.246428
34  word_h2_19.mp4  ...                  0.208494
35  word_h2_19.mp4  ...                  0.194297
36  word_h2_19.mp4  ...                  0.179183
37  word_h2_19.mp4  ...                  0.164834
38  word_h2_19.mp4  ...                  0.161203
39  word_h2_19.mp4  ...                  0.160200
40  word_h2_19.mp4  ...                  0.165356
41  word_h2_19.mp4  ...                  0.172027
42  word_h2_19.mp4  ...                  0.199840
43  word_h2_19.mp4  ...                  0.203847
44  word_h2_19.mp4  ...                  0.225273
45  word_h2_19.mp4  ...                  0.232541
46  word_h2_19.mp4  ...                  0.237369
47  word_h2_19.mp4  ...                  0.250611
48  word_h2_19.mp4  ...                  0.259238
49  word_h2_19.mp4  ...                  0.239075
50  word_h2_19.mp4  ...                  0.236990
51  word_h2_19.mp4  ...                  0.269723
52  word_h2_19.mp4  ...                  0.230879
53  word_h2_19.mp4  ...                  0.238452
54  word_h2_19.mp4  ...                  0.222412
55  word_h2_19.mp4  ...                  0.211925
56  word_h2_19.mp4  ...                  0.181245
57  word_h2_19.mp4  ...                  0.173706
58  word_h2_19.mp4  ...                  0.170547
59  word_h2_19.mp4  ...                  0.166027

[60 rows x 30 columns]
csv file with predictions was saved to ../output/predictions_rf_position_female_cropped_word_h2_19.csv
Loaded model: ../trained_models/model_rf_shape_female_cropped.pkl
Loaded video: ../stimuli/words/mp4/word_h2_19.mp4
Extracting coordinates...
          fn_video frame_number   x_face0  ...  y_r_hand20  z_r_hand20  v_r_hand20
0   word_h2_19.mp4           10  0.498162  ...    0.975432    0.059850         0.0
1   word_h2_19.mp4           11  0.498405  ...    0.937185    0.038594         0.0
2   word_h2_19.mp4           12  0.498193  ...    0.892438    0.007630         0.0
3   word_h2_19.mp4           13  0.498288  ...    0.859275    0.003813         0.0
4   word_h2_19.mp4           14  0.498218  ...    0.819209   -0.002357         0.0
5   word_h2_19.mp4           15  0.498107  ...    0.783970   -0.008051         0.0
6   word_h2_19.mp4           16  0.498010  ...    0.741349   -0.001598         0.0
7   word_h2_19.mp4           17  0.497769  ...    0.712495    0.000696         0.0
8   word_h2_19.mp4           18  0.497987  ...    0.683836    0.001959         0.0
9   word_h2_19.mp4           19  0.497980  ...    0.661269   -0.006541         0.0
10  word_h2_19.mp4           20  0.497653  ...    0.642056   -0.018100         0.0
11  word_h2_19.mp4           21  0.497958  ...    0.627157   -0.015197         0.0
12  word_h2_19.mp4           22  0.497876  ...    0.618548   -0.014861         0.0
13  word_h2_19.mp4           23  0.498478  ...    0.611511   -0.020092         0.0
14  word_h2_19.mp4           24  0.497995  ...    0.602565   -0.018996         0.0
15  word_h2_19.mp4           25  0.497918  ...    0.597510   -0.016073         0.0
16  word_h2_19.mp4           26  0.497898  ...    0.590636   -0.013180         0.0
17  word_h2_19.mp4           27  0.497890  ...    0.589255   -0.016546         0.0
18  word_h2_19.mp4           28  0.498017  ...    0.587489   -0.017571         0.0
19  word_h2_19.mp4           29  0.497565  ...    0.594098   -0.006845         0.0
20  word_h2_19.mp4           30  0.497710  ...    0.690178    0.012993         0.0
21  word_h2_19.mp4           31  0.496833  ...    0.710811    0.011189         0.0
22  word_h2_19.mp4           32  0.497169  ...    0.717058    0.012741         0.0
23  word_h2_19.mp4           33  0.496908  ...    0.718955    0.008428         0.0
24  word_h2_19.mp4           34  0.497246  ...    0.728867    0.015276         0.0
25  word_h2_19.mp4           35  0.496768  ...    0.739737    0.017050         0.0
26  word_h2_19.mp4           36  0.497116  ...    0.749900    0.013162         0.0
27  word_h2_19.mp4           37  0.497295  ...    0.759437    0.015740         0.0
28  word_h2_19.mp4           38  0.497931  ...    0.767276    0.020588         0.0
29  word_h2_19.mp4           39  0.498001  ...    0.772277    0.035347         0.0
30  word_h2_19.mp4           40  0.498862  ...    0.773469    0.027669         0.0
31  word_h2_19.mp4           41  0.499676  ...    0.772375    0.036211         0.0
32  word_h2_19.mp4           42  0.499928  ...    0.765330    0.039905         0.0
33  word_h2_19.mp4           43  0.500762  ...    0.756306    0.046978         0.0
34  word_h2_19.mp4           44  0.500652  ...    0.745313    0.053185         0.0
35  word_h2_19.mp4           45  0.501559  ...    0.711845    0.027160         0.0
36  word_h2_19.mp4           46  0.501662  ...    0.685394    0.030182         0.0
37  word_h2_19.mp4           47  0.501436  ...    0.663309    0.018506         0.0
38  word_h2_19.mp4           48  0.501421  ...    0.651456    0.004158         0.0
39  word_h2_19.mp4           49  0.501573  ...    0.644409   -0.001010         0.0
40  word_h2_19.mp4           50  0.501723  ...    0.640837    0.003244         0.0
41  word_h2_19.mp4           51  0.501585  ...    0.637989   -0.013938         0.0
42  word_h2_19.mp4           52  0.501420  ...    0.641580   -0.007454         0.0
43  word_h2_19.mp4           53  0.501546  ...    0.645275    0.002555         0.0
44  word_h2_19.mp4           54  0.501226  ...    0.647269    0.013602         0.0
45  word_h2_19.mp4           55  0.501306  ...    0.645315    0.012193         0.0
46  word_h2_19.mp4           56  0.500743  ...    0.646268    0.011452         0.0
47  word_h2_19.mp4           57  0.500508  ...    0.646340    0.013043         0.0
48  word_h2_19.mp4           58  0.500266  ...    0.644675    0.009778         0.0
49  word_h2_19.mp4           59  0.499662  ...    0.646004    0.011156         0.0
50  word_h2_19.mp4           60  0.499694  ...    0.647777    0.006982         0.0
51  word_h2_19.mp4           61  0.499931  ...    0.645308    0.003107         0.0
52  word_h2_19.mp4           62  0.499739  ...    0.649384    0.018398         0.0
53  word_h2_19.mp4           63  0.499396  ...    0.648079    0.013773         0.0
54  word_h2_19.mp4           64  0.499554  ...    0.655059    0.020860         0.0
55  word_h2_19.mp4           65  0.499124  ...    0.658714    0.008409         0.0
56  word_h2_19.mp4           66  0.499066  ...    0.667245    0.009353         0.0
57  word_h2_19.mp4           67  0.498841  ...    0.672711    0.019690         0.0
58  word_h2_19.mp4           68  0.498647  ...    0.727942    0.030238         0.0
59  word_h2_19.mp4           69  0.499064  ...    0.767240    0.019339         0.0

[60 rows x 1958 columns]
Extracting features...
Face width computed for normalizaiton 0.16017760425058356
Features saved to: ../output/word_h2_19_features.csv
          fn_video  ... distance_r_hand6_r_hand10
0   word_h2_19.mp4  ...                  0.251647
1   word_h2_19.mp4  ...                  0.219479
2   word_h2_19.mp4  ...                  0.204807
3   word_h2_19.mp4  ...                  0.191995
4   word_h2_19.mp4  ...                  0.181059
5   word_h2_19.mp4  ...                  0.172308
6   word_h2_19.mp4  ...                  0.151171
7   word_h2_19.mp4  ...                  0.152853
8   word_h2_19.mp4  ...                  0.141242
9   word_h2_19.mp4  ...                  0.130884
10  word_h2_19.mp4  ...                  0.125895
11  word_h2_19.mp4  ...                  0.163153
12  word_h2_19.mp4  ...                  0.156496
13  word_h2_19.mp4  ...                  0.171339
14  word_h2_19.mp4  ...                  0.170320
15  word_h2_19.mp4  ...                  0.176891
16  word_h2_19.mp4  ...                  0.182094
17  word_h2_19.mp4  ...                  0.181985
18  word_h2_19.mp4  ...                  0.187594
19  word_h2_19.mp4  ...                  0.225534
20  word_h2_19.mp4  ...                  0.246584
21  word_h2_19.mp4  ...                  0.231937
22  word_h2_19.mp4  ...                  0.231936
23  word_h2_19.mp4  ...                  0.241408
24  word_h2_19.mp4  ...                  0.277514
25  word_h2_19.mp4  ...                  0.306726
26  word_h2_19.mp4  ...                  0.326410
27  word_h2_19.mp4  ...                  0.363202
28  word_h2_19.mp4  ...                  0.395861
29  word_h2_19.mp4  ...                  0.426955
30  word_h2_19.mp4  ...                  0.412278
31  word_h2_19.mp4  ...                  0.357875
32  word_h2_19.mp4  ...                  0.313964
33  word_h2_19.mp4  ...                  0.246428
34  word_h2_19.mp4  ...                  0.208494
35  word_h2_19.mp4  ...                  0.194297
36  word_h2_19.mp4  ...                  0.179183
37  word_h2_19.mp4  ...                  0.164834
38  word_h2_19.mp4  ...                  0.161203
39  word_h2_19.mp4  ...                  0.160200
40  word_h2_19.mp4  ...                  0.165356
41  word_h2_19.mp4  ...                  0.172027
42  word_h2_19.mp4  ...                  0.199840
43  word_h2_19.mp4  ...                  0.203847
44  word_h2_19.mp4  ...                  0.225273
45  word_h2_19.mp4  ...                  0.232541
46  word_h2_19.mp4  ...                  0.237369
47  word_h2_19.mp4  ...                  0.250611
48  word_h2_19.mp4  ...                  0.259238
49  word_h2_19.mp4  ...                  0.239075
50  word_h2_19.mp4  ...                  0.236990
51  word_h2_19.mp4  ...                  0.269723
52  word_h2_19.mp4  ...                  0.230879
53  word_h2_19.mp4  ...                  0.238452
54  word_h2_19.mp4  ...                  0.222412
55  word_h2_19.mp4  ...                  0.211925
56  word_h2_19.mp4  ...                  0.181245
57  word_h2_19.mp4  ...                  0.173706
58  word_h2_19.mp4  ...                  0.170547
59  word_h2_19.mp4  ...                  0.166027

[60 rows x 30 columns]
csv file with predictions was saved to ../output/predictions_rf_shape_female_cropped_word_h2_19.csv
Visualization for: ../stimuli/words/mp4/word_h2_19.mp4
32
