python is /network/lustre/iss02/home/annahita.sarre/anaconda3/envs/myenv/bin/python
Loaded model: ../trained_models/model_rf_position_female_cropped.pkl
Loaded video: ../stimuli/words/mp4/word_l1_13.mp4
Extracting coordinates...
          fn_video frame_number   x_face0  ...  y_r_hand20  z_r_hand20  v_r_hand20
0   word_l1_13.mp4            4  0.493218  ...    1.028478    0.014337         0.0
1   word_l1_13.mp4            5  0.492834  ...    0.962499    0.013656         0.0
2   word_l1_13.mp4            6  0.492262  ...    0.925308    0.016945         0.0
3   word_l1_13.mp4            7  0.492590  ...    0.899493    0.020275         0.0
4   word_l1_13.mp4            8  0.492766  ...    0.864791    0.032814         0.0
5   word_l1_13.mp4            9  0.492914  ...    0.830115    0.023944         0.0
6   word_l1_13.mp4           10  0.493314  ...    0.811018    0.033495         0.0
7   word_l1_13.mp4           11  0.493894  ...    0.783581    0.025304         0.0
8   word_l1_13.mp4           12  0.494291  ...    0.757451    0.018376         0.0
9   word_l1_13.mp4           13  0.494923  ...    0.722209   -0.005302         0.0
10  word_l1_13.mp4           14  0.494908  ...    0.696294   -0.009272         0.0
11  word_l1_13.mp4           15  0.495555  ...    0.678932   -0.014798         0.0
12  word_l1_13.mp4           16  0.496060  ...    0.665092   -0.012880         0.0
13  word_l1_13.mp4           17  0.496274  ...    0.654137   -0.018817         0.0
14  word_l1_13.mp4           18  0.496740  ...    0.638114   -0.029206         0.0
15  word_l1_13.mp4           19  0.496450  ...    0.620313   -0.024741         0.0
16  word_l1_13.mp4           20  0.496762  ...    0.606433   -0.006049         0.0
17  word_l1_13.mp4           21  0.496276  ...    0.594537   -0.008314         0.0
18  word_l1_13.mp4           22  0.495693  ...    0.582191   -0.011829         0.0
19  word_l1_13.mp4           23  0.495504  ...    0.573928   -0.006399         0.0
20  word_l1_13.mp4           24  0.494982  ...    0.564908   -0.003126         0.0
21  word_l1_13.mp4           25  0.494047  ...    0.560632    0.001854         0.0
22  word_l1_13.mp4           26  0.494358  ...    0.562416   -0.004663         0.0
23  word_l1_13.mp4           27  0.494557  ...    0.563021    0.002895         0.0
24  word_l1_13.mp4           28  0.494878  ...    0.563558   -0.001774         0.0
25  word_l1_13.mp4           29  0.495473  ...    0.564829    0.000917         0.0
26  word_l1_13.mp4           30  0.496589  ...    0.566151    0.001356         0.0
27  word_l1_13.mp4           31  0.496473  ...    0.566572    0.001933         0.0
28  word_l1_13.mp4           32  0.497094  ...    0.566650    0.001990         0.0
29  word_l1_13.mp4           33  0.497531  ...    0.567283    0.006228         0.0
30  word_l1_13.mp4           34  0.497757  ...    0.564681    0.004437         0.0
31  word_l1_13.mp4           35  0.497292  ...    0.560502    0.010176         0.0
32  word_l1_13.mp4           36  0.496968  ...    0.559168    0.011540         0.0
33  word_l1_13.mp4           37  0.496479  ...    0.558817    0.007143         0.0
34  word_l1_13.mp4           38  0.496027  ...    0.558349    0.009098         0.0
35  word_l1_13.mp4           39  0.494494  ...    0.558692    0.013472         0.0
36  word_l1_13.mp4           40  0.494485  ...    0.559215    0.009375         0.0
37  word_l1_13.mp4           41  0.494698  ...    0.559712    0.012686         0.0
38  word_l1_13.mp4           42  0.494287  ...    0.560034    0.011012         0.0
39  word_l1_13.mp4           43  0.493762  ...    0.560342    0.009635         0.0
40  word_l1_13.mp4           44  0.493420  ...    0.560491    0.020886         0.0
41  word_l1_13.mp4           45  0.493075  ...    0.560349    0.024574         0.0
42  word_l1_13.mp4           46  0.493407  ...    0.560748    0.023338         0.0
43  word_l1_13.mp4           47  0.492669  ...    0.560158    0.019931         0.0
44  word_l1_13.mp4           48  0.492209  ...    0.560728    0.023998         0.0
45  word_l1_13.mp4           49  0.491984  ...    0.560649    0.026658         0.0
46  word_l1_13.mp4           50  0.492031  ...    0.559425    0.020007         0.0
47  word_l1_13.mp4           51  0.491883  ...    0.559948    0.019238         0.0
48  word_l1_13.mp4           52  0.492353  ...    0.559964    0.018616         0.0
49  word_l1_13.mp4           53  0.491867  ...    0.561427    0.016413         0.0
50  word_l1_13.mp4           54  0.491336  ...    0.562825    0.013380         0.0
51  word_l1_13.mp4           55  0.491856  ...    0.564134    0.005456         0.0
52  word_l1_13.mp4           56  0.492218  ...    0.568125    0.006347         0.0
53  word_l1_13.mp4           57  0.492337  ...    0.579917    0.010043         0.0
54  word_l1_13.mp4           58  0.491782  ...    0.623429    0.029270         0.0
55  word_l1_13.mp4           59  0.492077  ...    0.670627    0.014726         0.0
56  word_l1_13.mp4           60  0.492133  ...    0.678940    0.013867         0.0

[57 rows x 1958 columns]
Extracting features...
Face width computed for normalizaiton 0.15529232849774094
Features saved to: ../output/word_l1_13_features.csv
          fn_video  ... distance_r_hand6_r_hand10
0   word_l1_13.mp4  ...                  0.170278
1   word_l1_13.mp4  ...                  0.195373
2   word_l1_13.mp4  ...                  0.211999
3   word_l1_13.mp4  ...                  0.205779
4   word_l1_13.mp4  ...                  0.201760
5   word_l1_13.mp4  ...                  0.188749
6   word_l1_13.mp4  ...                  0.184100
7   word_l1_13.mp4  ...                  0.175721
8   word_l1_13.mp4  ...                  0.181509
9   word_l1_13.mp4  ...                  0.164750
10  word_l1_13.mp4  ...                  0.150531
11  word_l1_13.mp4  ...                  0.145803
12  word_l1_13.mp4  ...                  0.152749
13  word_l1_13.mp4  ...                  0.174422
14  word_l1_13.mp4  ...                  0.180771
15  word_l1_13.mp4  ...                  0.164173
16  word_l1_13.mp4  ...                  0.177009
17  word_l1_13.mp4  ...                  0.163817
18  word_l1_13.mp4  ...                  0.156544
19  word_l1_13.mp4  ...                  0.162734
20  word_l1_13.mp4  ...                  0.160545
21  word_l1_13.mp4  ...                  0.158083
22  word_l1_13.mp4  ...                  0.163351
23  word_l1_13.mp4  ...                  0.176489
24  word_l1_13.mp4  ...                  0.167559
25  word_l1_13.mp4  ...                  0.166756
26  word_l1_13.mp4  ...                  0.172084
27  word_l1_13.mp4  ...                  0.168300
28  word_l1_13.mp4  ...                  0.165856
29  word_l1_13.mp4  ...                  0.173368
30  word_l1_13.mp4  ...                  0.182047
31  word_l1_13.mp4  ...                  0.189044
32  word_l1_13.mp4  ...                  0.183495
33  word_l1_13.mp4  ...                  0.173338
34  word_l1_13.mp4  ...                  0.168961
35  word_l1_13.mp4  ...                  0.171677
36  word_l1_13.mp4  ...                  0.170949
37  word_l1_13.mp4  ...                  0.168069
38  word_l1_13.mp4  ...                  0.168779
39  word_l1_13.mp4  ...                  0.167763
40  word_l1_13.mp4  ...                  0.173813
41  word_l1_13.mp4  ...                  0.179302
42  word_l1_13.mp4  ...                  0.176966
43  word_l1_13.mp4  ...                  0.176702
44  word_l1_13.mp4  ...                  0.181062
45  word_l1_13.mp4  ...                  0.185228
46  word_l1_13.mp4  ...                  0.180777
47  word_l1_13.mp4  ...                  0.180922
48  word_l1_13.mp4  ...                  0.176950
49  word_l1_13.mp4  ...                  0.173520
50  word_l1_13.mp4  ...                  0.175878
51  word_l1_13.mp4  ...                  0.171171
52  word_l1_13.mp4  ...                  0.186224
53  word_l1_13.mp4  ...                  0.181830
54  word_l1_13.mp4  ...                  0.182468
55  word_l1_13.mp4  ...                  0.192158
56  word_l1_13.mp4  ...                  0.190965

[57 rows x 30 columns]
csv file with predictions was saved to ../output/predictions_rf_position_female_cropped_word_l1_13.csv
Loaded model: ../trained_models/model_rf_shape_female_cropped.pkl
Loaded video: ../stimuli/words/mp4/word_l1_13.mp4
Extracting coordinates...
          fn_video frame_number   x_face0  ...  y_r_hand20  z_r_hand20  v_r_hand20
0   word_l1_13.mp4            4  0.493218  ...    1.028478    0.014337         0.0
1   word_l1_13.mp4            5  0.492834  ...    0.962499    0.013656         0.0
2   word_l1_13.mp4            6  0.492262  ...    0.925308    0.016945         0.0
3   word_l1_13.mp4            7  0.492590  ...    0.899493    0.020275         0.0
4   word_l1_13.mp4            8  0.492766  ...    0.864791    0.032814         0.0
5   word_l1_13.mp4            9  0.492914  ...    0.830115    0.023944         0.0
6   word_l1_13.mp4           10  0.493314  ...    0.811018    0.033495         0.0
7   word_l1_13.mp4           11  0.493894  ...    0.783581    0.025304         0.0
8   word_l1_13.mp4           12  0.494291  ...    0.757451    0.018376         0.0
9   word_l1_13.mp4           13  0.494923  ...    0.722209   -0.005302         0.0
10  word_l1_13.mp4           14  0.494908  ...    0.696294   -0.009272         0.0
11  word_l1_13.mp4           15  0.495555  ...    0.678932   -0.014798         0.0
12  word_l1_13.mp4           16  0.496060  ...    0.665092   -0.012880         0.0
13  word_l1_13.mp4           17  0.496274  ...    0.654137   -0.018817         0.0
14  word_l1_13.mp4           18  0.496740  ...    0.638114   -0.029206         0.0
15  word_l1_13.mp4           19  0.496450  ...    0.620313   -0.024741         0.0
16  word_l1_13.mp4           20  0.496762  ...    0.606433   -0.006049         0.0
17  word_l1_13.mp4           21  0.496276  ...    0.594537   -0.008314         0.0
18  word_l1_13.mp4           22  0.495693  ...    0.582191   -0.011829         0.0
19  word_l1_13.mp4           23  0.495504  ...    0.573928   -0.006399         0.0
20  word_l1_13.mp4           24  0.494982  ...    0.564908   -0.003126         0.0
21  word_l1_13.mp4           25  0.494047  ...    0.560632    0.001854         0.0
22  word_l1_13.mp4           26  0.494358  ...    0.562416   -0.004663         0.0
23  word_l1_13.mp4           27  0.494557  ...    0.563021    0.002895         0.0
24  word_l1_13.mp4           28  0.494878  ...    0.563558   -0.001774         0.0
25  word_l1_13.mp4           29  0.495473  ...    0.564829    0.000917         0.0
26  word_l1_13.mp4           30  0.496589  ...    0.566151    0.001356         0.0
27  word_l1_13.mp4           31  0.496473  ...    0.566572    0.001933         0.0
28  word_l1_13.mp4           32  0.497094  ...    0.566650    0.001990         0.0
29  word_l1_13.mp4           33  0.497531  ...    0.567283    0.006228         0.0
30  word_l1_13.mp4           34  0.497757  ...    0.564681    0.004437         0.0
31  word_l1_13.mp4           35  0.497292  ...    0.560502    0.010176         0.0
32  word_l1_13.mp4           36  0.496968  ...    0.559168    0.011540         0.0
33  word_l1_13.mp4           37  0.496479  ...    0.558817    0.007143         0.0
34  word_l1_13.mp4           38  0.496027  ...    0.558349    0.009098         0.0
35  word_l1_13.mp4           39  0.494494  ...    0.558692    0.013472         0.0
36  word_l1_13.mp4           40  0.494485  ...    0.559215    0.009375         0.0
37  word_l1_13.mp4           41  0.494698  ...    0.559712    0.012686         0.0
38  word_l1_13.mp4           42  0.494287  ...    0.560034    0.011012         0.0
39  word_l1_13.mp4           43  0.493762  ...    0.560342    0.009635         0.0
40  word_l1_13.mp4           44  0.493420  ...    0.560491    0.020886         0.0
41  word_l1_13.mp4           45  0.493075  ...    0.560349    0.024574         0.0
42  word_l1_13.mp4           46  0.493407  ...    0.560748    0.023338         0.0
43  word_l1_13.mp4           47  0.492669  ...    0.560158    0.019931         0.0
44  word_l1_13.mp4           48  0.492209  ...    0.560728    0.023998         0.0
45  word_l1_13.mp4           49  0.491984  ...    0.560649    0.026658         0.0
46  word_l1_13.mp4           50  0.492031  ...    0.559425    0.020007         0.0
47  word_l1_13.mp4           51  0.491883  ...    0.559948    0.019238         0.0
48  word_l1_13.mp4           52  0.492353  ...    0.559964    0.018616         0.0
49  word_l1_13.mp4           53  0.491867  ...    0.561427    0.016413         0.0
50  word_l1_13.mp4           54  0.491336  ...    0.562825    0.013380         0.0
51  word_l1_13.mp4           55  0.491856  ...    0.564134    0.005456         0.0
52  word_l1_13.mp4           56  0.492218  ...    0.568125    0.006347         0.0
53  word_l1_13.mp4           57  0.492337  ...    0.579917    0.010043         0.0
54  word_l1_13.mp4           58  0.491782  ...    0.623429    0.029270         0.0
55  word_l1_13.mp4           59  0.492077  ...    0.670627    0.014726         0.0
56  word_l1_13.mp4           60  0.492133  ...    0.678940    0.013867         0.0

[57 rows x 1958 columns]
Extracting features...
Face width computed for normalizaiton 0.15529232849774094
Features saved to: ../output/word_l1_13_features.csv
          fn_video  ... distance_r_hand6_r_hand10
0   word_l1_13.mp4  ...                  0.170278
1   word_l1_13.mp4  ...                  0.195373
2   word_l1_13.mp4  ...                  0.211999
3   word_l1_13.mp4  ...                  0.205779
4   word_l1_13.mp4  ...                  0.201760
5   word_l1_13.mp4  ...                  0.188749
6   word_l1_13.mp4  ...                  0.184100
7   word_l1_13.mp4  ...                  0.175721
8   word_l1_13.mp4  ...                  0.181509
9   word_l1_13.mp4  ...                  0.164750
10  word_l1_13.mp4  ...                  0.150531
11  word_l1_13.mp4  ...                  0.145803
12  word_l1_13.mp4  ...                  0.152749
13  word_l1_13.mp4  ...                  0.174422
14  word_l1_13.mp4  ...                  0.180771
15  word_l1_13.mp4  ...                  0.164173
16  word_l1_13.mp4  ...                  0.177009
17  word_l1_13.mp4  ...                  0.163817
18  word_l1_13.mp4  ...                  0.156544
19  word_l1_13.mp4  ...                  0.162734
20  word_l1_13.mp4  ...                  0.160545
21  word_l1_13.mp4  ...                  0.158083
22  word_l1_13.mp4  ...                  0.163351
23  word_l1_13.mp4  ...                  0.176489
24  word_l1_13.mp4  ...                  0.167559
25  word_l1_13.mp4  ...                  0.166756
26  word_l1_13.mp4  ...                  0.172084
27  word_l1_13.mp4  ...                  0.168300
28  word_l1_13.mp4  ...                  0.165856
29  word_l1_13.mp4  ...                  0.173368
30  word_l1_13.mp4  ...                  0.182047
31  word_l1_13.mp4  ...                  0.189044
32  word_l1_13.mp4  ...                  0.183495
33  word_l1_13.mp4  ...                  0.173338
34  word_l1_13.mp4  ...                  0.168961
35  word_l1_13.mp4  ...                  0.171677
36  word_l1_13.mp4  ...                  0.170949
37  word_l1_13.mp4  ...                  0.168069
38  word_l1_13.mp4  ...                  0.168779
39  word_l1_13.mp4  ...                  0.167763
40  word_l1_13.mp4  ...                  0.173813
41  word_l1_13.mp4  ...                  0.179302
42  word_l1_13.mp4  ...                  0.176966
43  word_l1_13.mp4  ...                  0.176702
44  word_l1_13.mp4  ...                  0.181062
45  word_l1_13.mp4  ...                  0.185228
46  word_l1_13.mp4  ...                  0.180777
47  word_l1_13.mp4  ...                  0.180922
48  word_l1_13.mp4  ...                  0.176950
49  word_l1_13.mp4  ...                  0.173520
50  word_l1_13.mp4  ...                  0.175878
51  word_l1_13.mp4  ...                  0.171171
52  word_l1_13.mp4  ...                  0.186224
53  word_l1_13.mp4  ...                  0.181830
54  word_l1_13.mp4  ...                  0.182468
55  word_l1_13.mp4  ...                  0.192158
56  word_l1_13.mp4  ...                  0.190965

[57 rows x 30 columns]
csv file with predictions was saved to ../output/predictions_rf_shape_female_cropped_word_l1_13.csv
Visualization for: ../stimuli/words/mp4/word_l1_13.mp4
32
