python is /network/lustre/iss02/home/annahita.sarre/anaconda3/envs/myenv/bin/python
Loaded model: ../trained_models/model_rf_position_female_cropped.pkl
Loaded video: ../stimuli/words/mp4/word_l0_37.mp4
Extracting coordinates...
          fn_video frame_number   x_face0  ...  y_r_hand20  z_r_hand20  v_r_hand20
0   word_l0_37.mp4            2  0.499791  ...    0.986970    0.045618         0.0
1   word_l0_37.mp4            3  0.497973  ...    0.990018    0.035470         0.0
2   word_l0_37.mp4            4  0.497737  ...    0.933024    0.019971         0.0
3   word_l0_37.mp4            5  0.497013  ...    0.883731    0.013133         0.0
4   word_l0_37.mp4            6  0.496278  ...    0.843458    0.018408         0.0
..             ...          ...       ...  ...         ...         ...         ...
60  word_l0_37.mp4           62  0.496003  ...    0.672709    0.026269         0.0
61  word_l0_37.mp4           63  0.496458  ...    0.681870    0.015965         0.0
62  word_l0_37.mp4           64  0.497172  ...    0.700361    0.021585         0.0
63  word_l0_37.mp4           65  0.497412  ...    0.715254    0.014715         0.0
64  word_l0_37.mp4           66  0.497645  ...    0.729483    0.016287         0.0

[65 rows x 1958 columns]
Extracting features...
Face width computed for normalizaiton 0.157355963132149
Features saved to: ../output/word_l0_37_features.csv
          fn_video  ... distance_r_hand6_r_hand10
0   word_l0_37.mp4  ...                  0.062331
1   word_l0_37.mp4  ...                  0.251219
2   word_l0_37.mp4  ...                  0.217214
3   word_l0_37.mp4  ...                  0.209777
4   word_l0_37.mp4  ...                  0.181031
..             ...  ...                       ...
60  word_l0_37.mp4  ...                  0.168436
61  word_l0_37.mp4  ...                  0.162228
62  word_l0_37.mp4  ...                  0.167452
63  word_l0_37.mp4  ...                  0.158412
64  word_l0_37.mp4  ...                  0.169200

[65 rows x 30 columns]
csv file with predictions was saved to ../output/predictions_rf_position_female_cropped_word_l0_37.csv
Loaded model: ../trained_models/model_rf_shape_female_cropped.pkl
Loaded video: ../stimuli/words/mp4/word_l0_37.mp4
Extracting coordinates...
          fn_video frame_number   x_face0  ...  y_r_hand20  z_r_hand20  v_r_hand20
0   word_l0_37.mp4            2  0.499791  ...    0.986970    0.045618         0.0
1   word_l0_37.mp4            3  0.497973  ...    0.990018    0.035470         0.0
2   word_l0_37.mp4            4  0.497737  ...    0.933024    0.019971         0.0
3   word_l0_37.mp4            5  0.497013  ...    0.883731    0.013133         0.0
4   word_l0_37.mp4            6  0.496278  ...    0.843458    0.018408         0.0
..             ...          ...       ...  ...         ...         ...         ...
60  word_l0_37.mp4           62  0.496003  ...    0.672709    0.026269         0.0
61  word_l0_37.mp4           63  0.496458  ...    0.681870    0.015965         0.0
62  word_l0_37.mp4           64  0.497172  ...    0.700361    0.021585         0.0
63  word_l0_37.mp4           65  0.497412  ...    0.715254    0.014715         0.0
64  word_l0_37.mp4           66  0.497645  ...    0.729483    0.016287         0.0

[65 rows x 1958 columns]
Extracting features...
Face width computed for normalizaiton 0.157355963132149
Features saved to: ../output/word_l0_37_features.csv
          fn_video  ... distance_r_hand6_r_hand10
0   word_l0_37.mp4  ...                  0.062331
1   word_l0_37.mp4  ...                  0.251219
2   word_l0_37.mp4  ...                  0.217214
3   word_l0_37.mp4  ...                  0.209777
4   word_l0_37.mp4  ...                  0.181031
..             ...  ...                       ...
60  word_l0_37.mp4  ...                  0.168436
61  word_l0_37.mp4  ...                  0.162228
62  word_l0_37.mp4  ...                  0.167452
63  word_l0_37.mp4  ...                  0.158412
64  word_l0_37.mp4  ...                  0.169200

[65 rows x 30 columns]
csv file with predictions was saved to ../output/predictions_rf_shape_female_cropped_word_l0_37.csv
Visualization for: ../stimuli/words/mp4/word_l0_37.mp4
32
