python is /network/lustre/iss02/home/annahita.sarre/anaconda3/envs/myenv/bin/python
Loaded model: ../trained_models/model_rf_position_female_cropped.pkl
Loaded video: ../stimuli/words/mp4/word_l2_16.mp4
Extracting coordinates...
          fn_video frame_number   x_face0  ...  y_r_hand20  z_r_hand20  v_r_hand20
0   word_l2_16.mp4            3  0.498247  ...    1.023013    0.062659         0.0
1   word_l2_16.mp4            4  0.497933  ...    0.997178    0.081579         0.0
2   word_l2_16.mp4            5  0.497617  ...    0.965156    0.013618         0.0
3   word_l2_16.mp4            6  0.497638  ...    0.935866    0.012815         0.0
4   word_l2_16.mp4            7  0.497856  ...    0.912676    0.013643         0.0
5   word_l2_16.mp4            8  0.498074  ...    0.889595    0.013786         0.0
6   word_l2_16.mp4            9  0.498204  ...    0.859692    0.012465         0.0
7   word_l2_16.mp4           10  0.498086  ...    0.841443    0.011079         0.0
8   word_l2_16.mp4           11  0.498061  ...    0.822746    0.016097         0.0
9   word_l2_16.mp4           12  0.497985  ...    0.808119    0.011453         0.0
10  word_l2_16.mp4           13  0.498069  ...    0.796796    0.011912         0.0
11  word_l2_16.mp4           14  0.497245  ...    0.788437    0.011051         0.0
12  word_l2_16.mp4           15  0.496991  ...    0.778917    0.011526         0.0
13  word_l2_16.mp4           16  0.497096  ...    0.772326    0.008975         0.0
14  word_l2_16.mp4           17  0.496876  ...    0.767597    0.006818         0.0
15  word_l2_16.mp4           18  0.496707  ...    0.764014    0.008026         0.0
16  word_l2_16.mp4           19  0.497194  ...    0.759059    0.008866         0.0
17  word_l2_16.mp4           20  0.497066  ...    0.756218    0.008349         0.0
18  word_l2_16.mp4           21  0.497129  ...    0.754298    0.015734         0.0
19  word_l2_16.mp4           22  0.498269  ...    0.734986    0.018364         0.0
20  word_l2_16.mp4           23  0.499441  ...    0.663991    0.015911         0.0
21  word_l2_16.mp4           24  0.499340  ...    0.635276   -0.007696         0.0
22  word_l2_16.mp4           25  0.499729  ...    0.619540    0.001602         0.0
23  word_l2_16.mp4           26  0.499936  ...    0.604935   -0.004071         0.0
24  word_l2_16.mp4           27  0.499708  ...    0.599048   -0.006488         0.0
25  word_l2_16.mp4           28  0.499399  ...    0.596853   -0.006800         0.0
26  word_l2_16.mp4           29  0.499780  ...    0.586571    0.004357         0.0
27  word_l2_16.mp4           30  0.499737  ...    0.580346   -0.005061         0.0
28  word_l2_16.mp4           31  0.500001  ...    0.576659   -0.013072         0.0
29  word_l2_16.mp4           32  0.499329  ...    0.572834   -0.012094         0.0
30  word_l2_16.mp4           33  0.499543  ...    0.573008   -0.023239         0.0
31  word_l2_16.mp4           34  0.499607  ...    0.574015   -0.024936         0.0
32  word_l2_16.mp4           35  0.499182  ...    0.575370   -0.013555         0.0
33  word_l2_16.mp4           36  0.499088  ...    0.577814   -0.003482         0.0
34  word_l2_16.mp4           37  0.499184  ...    0.580474    0.001412         0.0
35  word_l2_16.mp4           38  0.499184  ...    0.582899   -0.004996         0.0
36  word_l2_16.mp4           39  0.498541  ...    0.584692    0.005865         0.0
37  word_l2_16.mp4           40  0.498042  ...    0.587656    0.001886         0.0
38  word_l2_16.mp4           41  0.497872  ...    0.590294   -0.010954         0.0
39  word_l2_16.mp4           42  0.497750  ...    0.591873   -0.021912         0.0
40  word_l2_16.mp4           43  0.497124  ...    0.598962   -0.030747         0.0
41  word_l2_16.mp4           44  0.497159  ...    0.611057   -0.007000         0.0
42  word_l2_16.mp4           45  0.497432  ...    0.642968    0.004922         0.0
43  word_l2_16.mp4           46  0.497624  ...    0.682193    0.000252         0.0
44  word_l2_16.mp4           47  0.497468  ...    0.699939    0.002300         0.0
45  word_l2_16.mp4           48  0.497511  ...    0.720376    0.008548         0.0
46  word_l2_16.mp4           49  0.497631  ...    0.749137    0.013151         0.0
47  word_l2_16.mp4           50  0.497716  ...    0.767542    0.014805         0.0
48  word_l2_16.mp4           51  0.498151  ...    0.791811    0.018688         0.0
49  word_l2_16.mp4           52  0.498100  ...    0.819367    0.021802         0.0
50  word_l2_16.mp4           53  0.498731  ...    0.843463    0.025254         0.0
51  word_l2_16.mp4           54  0.498013  ...    0.863599    0.030958         0.0
52  word_l2_16.mp4           55  0.498034  ...    0.885166    0.033084         0.0
53  word_l2_16.mp4           56  0.497653  ...    0.919497    0.039611         0.0
54  word_l2_16.mp4           57  0.497213  ...    0.943791    0.031082         0.0
55  word_l2_16.mp4           58  0.496747  ...    0.971885    0.041962         0.0

[56 rows x 1958 columns]
Extracting features...
Face width computed for normalizaiton 0.15657759802567103
Features saved to: ../output/word_l2_16_features.csv
          fn_video  ... distance_r_hand6_r_hand10
0   word_l2_16.mp4  ...                  0.248232
1   word_l2_16.mp4  ...                  0.298169
2   word_l2_16.mp4  ...                  0.299148
3   word_l2_16.mp4  ...                  0.294797
4   word_l2_16.mp4  ...                  0.290029
5   word_l2_16.mp4  ...                  0.354039
6   word_l2_16.mp4  ...                  0.311828
7   word_l2_16.mp4  ...                  0.302821
8   word_l2_16.mp4  ...                  0.293224
9   word_l2_16.mp4  ...                  0.321455
10  word_l2_16.mp4  ...                  0.319152
11  word_l2_16.mp4  ...                  0.345084
12  word_l2_16.mp4  ...                  0.336568
13  word_l2_16.mp4  ...                  0.378996
14  word_l2_16.mp4  ...                  0.401871
15  word_l2_16.mp4  ...                  0.428146
16  word_l2_16.mp4  ...                  0.408916
17  word_l2_16.mp4  ...                  0.395622
18  word_l2_16.mp4  ...                  0.356340
19  word_l2_16.mp4  ...                  0.249995
20  word_l2_16.mp4  ...                  0.196647
21  word_l2_16.mp4  ...                  0.167206
22  word_l2_16.mp4  ...                  0.150994
23  word_l2_16.mp4  ...                  0.147624
24  word_l2_16.mp4  ...                  0.145832
25  word_l2_16.mp4  ...                  0.155268
26  word_l2_16.mp4  ...                  0.152602
27  word_l2_16.mp4  ...                  0.152994
28  word_l2_16.mp4  ...                  0.131071
29  word_l2_16.mp4  ...                  0.125333
30  word_l2_16.mp4  ...                  0.128967
31  word_l2_16.mp4  ...                  0.128812
32  word_l2_16.mp4  ...                  0.132826
33  word_l2_16.mp4  ...                  0.135422
34  word_l2_16.mp4  ...                  0.133237
35  word_l2_16.mp4  ...                  0.133155
36  word_l2_16.mp4  ...                  0.133484
37  word_l2_16.mp4  ...                  0.132131
38  word_l2_16.mp4  ...                  0.139621
39  word_l2_16.mp4  ...                  0.145666
40  word_l2_16.mp4  ...                  0.159962
41  word_l2_16.mp4  ...                  0.158702
42  word_l2_16.mp4  ...                  0.162417
43  word_l2_16.mp4  ...                  0.161700
44  word_l2_16.mp4  ...                  0.160279
45  word_l2_16.mp4  ...                  0.162086
46  word_l2_16.mp4  ...                  0.175171
47  word_l2_16.mp4  ...                  0.173427
48  word_l2_16.mp4  ...                  0.166745
49  word_l2_16.mp4  ...                  0.183449
50  word_l2_16.mp4  ...                  0.180190
51  word_l2_16.mp4  ...                  0.184784
52  word_l2_16.mp4  ...                  0.183386
53  word_l2_16.mp4  ...                  0.194969
54  word_l2_16.mp4  ...                  0.204199
55  word_l2_16.mp4  ...                  0.221183

[56 rows x 30 columns]
csv file with predictions was saved to ../output/predictions_rf_position_female_cropped_word_l2_16.csv
Loaded model: ../trained_models/model_rf_shape_female_cropped.pkl
Loaded video: ../stimuli/words/mp4/word_l2_16.mp4
Extracting coordinates...
          fn_video frame_number   x_face0  ...  y_r_hand20  z_r_hand20  v_r_hand20
0   word_l2_16.mp4            3  0.498247  ...    1.023013    0.062659         0.0
1   word_l2_16.mp4            4  0.497933  ...    0.997178    0.081579         0.0
2   word_l2_16.mp4            5  0.497617  ...    0.965156    0.013618         0.0
3   word_l2_16.mp4            6  0.497638  ...    0.935866    0.012815         0.0
4   word_l2_16.mp4            7  0.497856  ...    0.912676    0.013643         0.0
5   word_l2_16.mp4            8  0.498074  ...    0.889595    0.013786         0.0
6   word_l2_16.mp4            9  0.498204  ...    0.859692    0.012465         0.0
7   word_l2_16.mp4           10  0.498086  ...    0.841443    0.011079         0.0
8   word_l2_16.mp4           11  0.498061  ...    0.822746    0.016097         0.0
9   word_l2_16.mp4           12  0.497985  ...    0.808119    0.011453         0.0
10  word_l2_16.mp4           13  0.498069  ...    0.796796    0.011912         0.0
11  word_l2_16.mp4           14  0.497245  ...    0.788437    0.011051         0.0
12  word_l2_16.mp4           15  0.496991  ...    0.778917    0.011526         0.0
13  word_l2_16.mp4           16  0.497096  ...    0.772326    0.008975         0.0
14  word_l2_16.mp4           17  0.496876  ...    0.767597    0.006818         0.0
15  word_l2_16.mp4           18  0.496707  ...    0.764014    0.008026         0.0
16  word_l2_16.mp4           19  0.497194  ...    0.759059    0.008866         0.0
17  word_l2_16.mp4           20  0.497066  ...    0.756218    0.008349         0.0
18  word_l2_16.mp4           21  0.497129  ...    0.754298    0.015734         0.0
19  word_l2_16.mp4           22  0.498269  ...    0.734986    0.018364         0.0
20  word_l2_16.mp4           23  0.499441  ...    0.663991    0.015911         0.0
21  word_l2_16.mp4           24  0.499340  ...    0.635276   -0.007696         0.0
22  word_l2_16.mp4           25  0.499729  ...    0.619540    0.001602         0.0
23  word_l2_16.mp4           26  0.499936  ...    0.604935   -0.004071         0.0
24  word_l2_16.mp4           27  0.499708  ...    0.599048   -0.006488         0.0
25  word_l2_16.mp4           28  0.499399  ...    0.596853   -0.006800         0.0
26  word_l2_16.mp4           29  0.499780  ...    0.586571    0.004357         0.0
27  word_l2_16.mp4           30  0.499737  ...    0.580346   -0.005061         0.0
28  word_l2_16.mp4           31  0.500001  ...    0.576659   -0.013072         0.0
29  word_l2_16.mp4           32  0.499329  ...    0.572834   -0.012094         0.0
30  word_l2_16.mp4           33  0.499543  ...    0.573008   -0.023239         0.0
31  word_l2_16.mp4           34  0.499607  ...    0.574015   -0.024936         0.0
32  word_l2_16.mp4           35  0.499182  ...    0.575370   -0.013555         0.0
33  word_l2_16.mp4           36  0.499088  ...    0.577814   -0.003482         0.0
34  word_l2_16.mp4           37  0.499184  ...    0.580474    0.001412         0.0
35  word_l2_16.mp4           38  0.499184  ...    0.582899   -0.004996         0.0
36  word_l2_16.mp4           39  0.498541  ...    0.584692    0.005865         0.0
37  word_l2_16.mp4           40  0.498042  ...    0.587656    0.001886         0.0
38  word_l2_16.mp4           41  0.497872  ...    0.590294   -0.010954         0.0
39  word_l2_16.mp4           42  0.497750  ...    0.591873   -0.021912         0.0
40  word_l2_16.mp4           43  0.497124  ...    0.598962   -0.030747         0.0
41  word_l2_16.mp4           44  0.497159  ...    0.611057   -0.007000         0.0
42  word_l2_16.mp4           45  0.497432  ...    0.642968    0.004922         0.0
43  word_l2_16.mp4           46  0.497624  ...    0.682193    0.000252         0.0
44  word_l2_16.mp4           47  0.497468  ...    0.699939    0.002300         0.0
45  word_l2_16.mp4           48  0.497511  ...    0.720376    0.008548         0.0
46  word_l2_16.mp4           49  0.497631  ...    0.749137    0.013151         0.0
47  word_l2_16.mp4           50  0.497716  ...    0.767542    0.014805         0.0
48  word_l2_16.mp4           51  0.498151  ...    0.791811    0.018688         0.0
49  word_l2_16.mp4           52  0.498100  ...    0.819367    0.021802         0.0
50  word_l2_16.mp4           53  0.498731  ...    0.843463    0.025254         0.0
51  word_l2_16.mp4           54  0.498013  ...    0.863599    0.030958         0.0
52  word_l2_16.mp4           55  0.498034  ...    0.885166    0.033084         0.0
53  word_l2_16.mp4           56  0.497653  ...    0.919497    0.039611         0.0
54  word_l2_16.mp4           57  0.497213  ...    0.943791    0.031082         0.0
55  word_l2_16.mp4           58  0.496747  ...    0.971885    0.041962         0.0

[56 rows x 1958 columns]
Extracting features...
Face width computed for normalizaiton 0.15657759802567103
Features saved to: ../output/word_l2_16_features.csv
          fn_video  ... distance_r_hand6_r_hand10
0   word_l2_16.mp4  ...                  0.248232
1   word_l2_16.mp4  ...                  0.298169
2   word_l2_16.mp4  ...                  0.299148
3   word_l2_16.mp4  ...                  0.294797
4   word_l2_16.mp4  ...                  0.290029
5   word_l2_16.mp4  ...                  0.354039
6   word_l2_16.mp4  ...                  0.311828
7   word_l2_16.mp4  ...                  0.302821
8   word_l2_16.mp4  ...                  0.293224
9   word_l2_16.mp4  ...                  0.321455
10  word_l2_16.mp4  ...                  0.319152
11  word_l2_16.mp4  ...                  0.345084
12  word_l2_16.mp4  ...                  0.336568
13  word_l2_16.mp4  ...                  0.378996
14  word_l2_16.mp4  ...                  0.401871
15  word_l2_16.mp4  ...                  0.428146
16  word_l2_16.mp4  ...                  0.408916
17  word_l2_16.mp4  ...                  0.395622
18  word_l2_16.mp4  ...                  0.356340
19  word_l2_16.mp4  ...                  0.249995
20  word_l2_16.mp4  ...                  0.196647
21  word_l2_16.mp4  ...                  0.167206
22  word_l2_16.mp4  ...                  0.150994
23  word_l2_16.mp4  ...                  0.147624
24  word_l2_16.mp4  ...                  0.145832
25  word_l2_16.mp4  ...                  0.155268
26  word_l2_16.mp4  ...                  0.152602
27  word_l2_16.mp4  ...                  0.152994
28  word_l2_16.mp4  ...                  0.131071
29  word_l2_16.mp4  ...                  0.125333
30  word_l2_16.mp4  ...                  0.128967
31  word_l2_16.mp4  ...                  0.128812
32  word_l2_16.mp4  ...                  0.132826
33  word_l2_16.mp4  ...                  0.135422
34  word_l2_16.mp4  ...                  0.133237
35  word_l2_16.mp4  ...                  0.133155
36  word_l2_16.mp4  ...                  0.133484
37  word_l2_16.mp4  ...                  0.132131
38  word_l2_16.mp4  ...                  0.139621
39  word_l2_16.mp4  ...                  0.145666
40  word_l2_16.mp4  ...                  0.159962
41  word_l2_16.mp4  ...                  0.158702
42  word_l2_16.mp4  ...                  0.162417
43  word_l2_16.mp4  ...                  0.161700
44  word_l2_16.mp4  ...                  0.160279
45  word_l2_16.mp4  ...                  0.162086
46  word_l2_16.mp4  ...                  0.175171
47  word_l2_16.mp4  ...                  0.173427
48  word_l2_16.mp4  ...                  0.166745
49  word_l2_16.mp4  ...                  0.183449
50  word_l2_16.mp4  ...                  0.180190
51  word_l2_16.mp4  ...                  0.184784
52  word_l2_16.mp4  ...                  0.183386
53  word_l2_16.mp4  ...                  0.194969
54  word_l2_16.mp4  ...                  0.204199
55  word_l2_16.mp4  ...                  0.221183

[56 rows x 30 columns]
csv file with predictions was saved to ../output/predictions_rf_shape_female_cropped_word_l2_16.csv
