python is /network/lustre/iss02/home/annahita.sarre/anaconda3/envs/myenv/bin/python
Loaded model: ../trained_models/model_rf_position_female_cropped.pkl
Loaded video: ../stimuli/words/mp4/word_l1_36.mp4
Extracting coordinates...
          fn_video frame_number   x_face0  ...  y_r_hand20  z_r_hand20  v_r_hand20
0   word_l1_36.mp4            1  0.494440  ...    1.071924    0.004235         0.0
1   word_l1_36.mp4            2  0.495453  ...    1.030265    0.020477         0.0
2   word_l1_36.mp4            3  0.495141  ...    0.981682    0.033153         0.0
3   word_l1_36.mp4            4  0.494949  ...    0.961401    0.021321         0.0
4   word_l1_36.mp4            5  0.494538  ...    0.929283    0.007558         0.0
..             ...          ...       ...  ...         ...         ...         ...
60  word_l1_36.mp4           61  0.491026  ...    0.556080    0.024445         0.0
61  word_l1_36.mp4           62  0.490865  ...    0.556108    0.018919         0.0
62  word_l1_36.mp4           63  0.490999  ...    0.559962    0.012248         0.0
63  word_l1_36.mp4           64  0.491030  ...    0.562937    0.006669         0.0
64  word_l1_36.mp4           65  0.490880  ...    0.572109    0.002105         0.0

[65 rows x 1958 columns]
Extracting features...
Face width computed for normalizaiton 0.15357111412735683
Features saved to: ../output/word_l1_36_features.csv
          fn_video  ... distance_r_hand6_r_hand10
0   word_l1_36.mp4  ...                  0.186802
1   word_l1_36.mp4  ...                  0.236077
2   word_l1_36.mp4  ...                  0.214646
3   word_l1_36.mp4  ...                  0.223344
4   word_l1_36.mp4  ...                  0.223841
..             ...  ...                       ...
60  word_l1_36.mp4  ...                  0.183495
61  word_l1_36.mp4  ...                  0.182839
62  word_l1_36.mp4  ...                  0.184112
63  word_l1_36.mp4  ...                  0.169972
64  word_l1_36.mp4  ...                  0.164508

[65 rows x 30 columns]
csv file with predictions was saved to ../output/predictions_rf_position_female_cropped_word_l1_36.csv
Loaded model: ../trained_models/model_rf_shape_female_cropped.pkl
Loaded video: ../stimuli/words/mp4/word_l1_36.mp4
Extracting coordinates...
          fn_video frame_number   x_face0  ...  y_r_hand20  z_r_hand20  v_r_hand20
0   word_l1_36.mp4            1  0.494440  ...    1.071924    0.004235         0.0
1   word_l1_36.mp4            2  0.495453  ...    1.030265    0.020477         0.0
2   word_l1_36.mp4            3  0.495141  ...    0.981682    0.033153         0.0
3   word_l1_36.mp4            4  0.494949  ...    0.961401    0.021321         0.0
4   word_l1_36.mp4            5  0.494538  ...    0.929283    0.007558         0.0
..             ...          ...       ...  ...         ...         ...         ...
60  word_l1_36.mp4           61  0.491026  ...    0.556080    0.024445         0.0
61  word_l1_36.mp4           62  0.490865  ...    0.556108    0.018919         0.0
62  word_l1_36.mp4           63  0.490999  ...    0.559962    0.012248         0.0
63  word_l1_36.mp4           64  0.491030  ...    0.562937    0.006669         0.0
64  word_l1_36.mp4           65  0.490880  ...    0.572109    0.002105         0.0

[65 rows x 1958 columns]
Extracting features...
Face width computed for normalizaiton 0.15357111412735683
Features saved to: ../output/word_l1_36_features.csv
          fn_video  ... distance_r_hand6_r_hand10
0   word_l1_36.mp4  ...                  0.186802
1   word_l1_36.mp4  ...                  0.236077
2   word_l1_36.mp4  ...                  0.214646
3   word_l1_36.mp4  ...                  0.223344
4   word_l1_36.mp4  ...                  0.223841
..             ...  ...                       ...
60  word_l1_36.mp4  ...                  0.183495
61  word_l1_36.mp4  ...                  0.182839
62  word_l1_36.mp4  ...                  0.184112
63  word_l1_36.mp4  ...                  0.169972
64  word_l1_36.mp4  ...                  0.164508

[65 rows x 30 columns]
csv file with predictions was saved to ../output/predictions_rf_shape_female_cropped_word_l1_36.csv
Visualization for: ../stimuli/words/mp4/word_l1_36.mp4
32
