python is /network/lustre/iss02/home/annahita.sarre/anaconda3/envs/myenv/bin/python
Loaded model: ../trained_models/model_rf_position_female_cropped.pkl
Loaded video: ../stimuli/words/mp4/word_h0_29.mp4
Extracting coordinates...
          fn_video frame_number   x_face0  ...  y_r_hand20  z_r_hand20  v_r_hand20
0   word_h0_29.mp4            8  0.498203  ...    1.013047    0.006025         0.0
1   word_h0_29.mp4            9  0.498469  ...    0.957921    0.017295         0.0
2   word_h0_29.mp4           10  0.498332  ...    0.938540    0.028263         0.0
3   word_h0_29.mp4           11  0.498221  ...    0.912039    0.032456         0.0
4   word_h0_29.mp4           12  0.497632  ...    0.897776    0.038042         0.0
..             ...          ...       ...  ...         ...         ...         ...
68  word_h0_29.mp4           77  0.497140  ...    0.809912    0.017963         0.0
69  word_h0_29.mp4           78  0.496599  ...    0.838463    0.020597         0.0
70  word_h0_29.mp4           79  0.496755  ...    0.866450    0.012126         0.0
71  word_h0_29.mp4           80  0.497113  ...    0.890461    0.013465         0.0
72  word_h0_29.mp4           81  0.497273  ...    0.922793    0.016957         0.0

[73 rows x 1958 columns]
Extracting features...
Face width computed for normalizaiton 0.16057532765196253
Features saved to: ../output/word_h0_29_features.csv
          fn_video  ... distance_r_hand6_r_hand10
0   word_h0_29.mp4  ...                  0.198850
1   word_h0_29.mp4  ...                  0.170160
2   word_h0_29.mp4  ...                  0.179801
3   word_h0_29.mp4  ...                  0.169669
4   word_h0_29.mp4  ...                  0.161385
..             ...  ...                       ...
68  word_h0_29.mp4  ...                  0.181623
69  word_h0_29.mp4  ...                  0.197080
70  word_h0_29.mp4  ...                  0.188464
71  word_h0_29.mp4  ...                  0.196813
72  word_h0_29.mp4  ...                  0.197895

[73 rows x 30 columns]
csv file with predictions was saved to ../output/predictions_rf_position_female_cropped_word_h0_29.csv
Loaded model: ../trained_models/model_rf_shape_female_cropped.pkl
Loaded video: ../stimuli/words/mp4/word_h0_29.mp4
Extracting coordinates...
          fn_video frame_number   x_face0  ...  y_r_hand20  z_r_hand20  v_r_hand20
0   word_h0_29.mp4            8  0.498203  ...    1.013047    0.006025         0.0
1   word_h0_29.mp4            9  0.498469  ...    0.957921    0.017295         0.0
2   word_h0_29.mp4           10  0.498332  ...    0.938540    0.028263         0.0
3   word_h0_29.mp4           11  0.498221  ...    0.912039    0.032456         0.0
4   word_h0_29.mp4           12  0.497632  ...    0.897776    0.038042         0.0
..             ...          ...       ...  ...         ...         ...         ...
68  word_h0_29.mp4           77  0.497140  ...    0.809912    0.017963         0.0
69  word_h0_29.mp4           78  0.496599  ...    0.838463    0.020597         0.0
70  word_h0_29.mp4           79  0.496755  ...    0.866450    0.012126         0.0
71  word_h0_29.mp4           80  0.497113  ...    0.890461    0.013465         0.0
72  word_h0_29.mp4           81  0.497273  ...    0.922793    0.016957         0.0

[73 rows x 1958 columns]
Extracting features...
Face width computed for normalizaiton 0.16057532765196253
Features saved to: ../output/word_h0_29_features.csv
          fn_video  ... distance_r_hand6_r_hand10
0   word_h0_29.mp4  ...                  0.198850
1   word_h0_29.mp4  ...                  0.170160
2   word_h0_29.mp4  ...                  0.179801
3   word_h0_29.mp4  ...                  0.169669
4   word_h0_29.mp4  ...                  0.161385
..             ...  ...                       ...
68  word_h0_29.mp4  ...                  0.181623
69  word_h0_29.mp4  ...                  0.197080
70  word_h0_29.mp4  ...                  0.188464
71  word_h0_29.mp4  ...                  0.196813
72  word_h0_29.mp4  ...                  0.197895

[73 rows x 30 columns]
csv file with predictions was saved to ../output/predictions_rf_shape_female_cropped_word_h0_29.csv
Visualization for: ../stimuli/words/mp4/word_h0_29.mp4
32
