python is /network/lustre/iss02/home/annahita.sarre/anaconda3/envs/myenv/bin/python
Loaded model: ../trained_models/model_rf_position_female_cropped.pkl
Loaded video: ../stimuli/words/mp4/word_l2_27.mp4
Extracting coordinates...
          fn_video frame_number   x_face0  ...  y_r_hand20  z_r_hand20  v_r_hand20
0   word_l2_27.mp4            4  0.496105  ...    1.087423    0.005985         0.0
1   word_l2_27.mp4            5  0.496103  ...    0.991105    0.027460         0.0
2   word_l2_27.mp4            6  0.495674  ...    1.011899    0.029012         0.0
3   word_l2_27.mp4            7  0.495783  ...    0.952490    0.022725         0.0
4   word_l2_27.mp4            8  0.496175  ...    0.923588    0.036603         0.0
5   word_l2_27.mp4            9  0.495965  ...    0.902353    0.029358         0.0
6   word_l2_27.mp4           10  0.496058  ...    0.881447    0.012736         0.0
7   word_l2_27.mp4           11  0.496315  ...    0.862685    0.011011         0.0
8   word_l2_27.mp4           12  0.496308  ...    0.847020    0.011655         0.0
9   word_l2_27.mp4           13  0.496102  ...    0.829661    0.015899         0.0
10  word_l2_27.mp4           14  0.496277  ...    0.817940    0.009354         0.0
11  word_l2_27.mp4           15  0.496408  ...    0.805774    0.010573         0.0
12  word_l2_27.mp4           16  0.496199  ...    0.791953    0.009838         0.0
13  word_l2_27.mp4           17  0.496552  ...    0.782627    0.008092         0.0
14  word_l2_27.mp4           18  0.496335  ...    0.775916    0.006900         0.0
15  word_l2_27.mp4           19  0.496257  ...    0.767455    0.008160         0.0
16  word_l2_27.mp4           20  0.495867  ...    0.758313    0.008922         0.0
17  word_l2_27.mp4           21  0.495090  ...    0.750887    0.010086         0.0
18  word_l2_27.mp4           22  0.494971  ...    0.744845    0.010072         0.0
19  word_l2_27.mp4           23  0.495026  ...    0.739364    0.010616         0.0
20  word_l2_27.mp4           24  0.494647  ...    0.733614    0.006899         0.0
21  word_l2_27.mp4           25  0.494637  ...    0.731384    0.005833         0.0
22  word_l2_27.mp4           26  0.494561  ...    0.728286    0.003716         0.0
23  word_l2_27.mp4           27  0.494753  ...    0.726379    0.005575         0.0
24  word_l2_27.mp4           28  0.493967  ...    0.724869    0.004877         0.0
25  word_l2_27.mp4           29  0.493694  ...    0.724410    0.005680         0.0
26  word_l2_27.mp4           30  0.494181  ...    0.723114    0.009638         0.0
27  word_l2_27.mp4           31  0.494031  ...    0.708165    0.011095         0.0
28  word_l2_27.mp4           32  0.494929  ...    0.684262    0.006344         0.0
29  word_l2_27.mp4           33  0.494702  ...    0.622055   -0.016779         0.0
30  word_l2_27.mp4           34  0.495146  ...    0.603899   -0.022416         0.0
31  word_l2_27.mp4           35  0.495689  ...    0.598713   -0.027585         0.0
32  word_l2_27.mp4           36  0.495489  ...    0.593475   -0.024684         0.0
33  word_l2_27.mp4           37  0.495427  ...    0.579333   -0.019404         0.0
34  word_l2_27.mp4           38  0.495113  ...    0.567670   -0.003939         0.0
35  word_l2_27.mp4           39  0.495877  ...    0.557671   -0.007593         0.0
36  word_l2_27.mp4           40  0.495975  ...    0.549845   -0.018379         0.0
37  word_l2_27.mp4           41  0.495419  ...    0.549598   -0.018613         0.0
38  word_l2_27.mp4           42  0.495620  ...    0.548217   -0.019940         0.0
39  word_l2_27.mp4           43  0.495572  ...    0.548922   -0.019988         0.0
40  word_l2_27.mp4           44  0.495036  ...    0.549272   -0.019453         0.0
41  word_l2_27.mp4           45  0.495321  ...    0.548872   -0.022357         0.0
42  word_l2_27.mp4           46  0.495335  ...    0.549936   -0.018962         0.0
43  word_l2_27.mp4           47  0.495202  ...    0.548976   -0.014661         0.0
44  word_l2_27.mp4           48  0.494946  ...    0.548450   -0.016158         0.0
45  word_l2_27.mp4           49  0.494899  ...    0.548594   -0.017854         0.0
46  word_l2_27.mp4           50  0.494965  ...    0.548193   -0.020640         0.0
47  word_l2_27.mp4           51  0.495303  ...    0.548560   -0.020313         0.0
48  word_l2_27.mp4           52  0.495713  ...    0.548558   -0.022859         0.0
49  word_l2_27.mp4           53  0.495716  ...    0.551730   -0.017562         0.0
50  word_l2_27.mp4           54  0.496194  ...    0.554955   -0.009619         0.0
51  word_l2_27.mp4           55  0.496573  ...    0.564444   -0.017801         0.0
52  word_l2_27.mp4           56  0.496617  ...    0.582859   -0.003257         0.0
53  word_l2_27.mp4           57  0.496746  ...    0.634118    0.012467         0.0
54  word_l2_27.mp4           58  0.497001  ...    0.669900    0.005902         0.0
55  word_l2_27.mp4           59  0.497034  ...    0.683606    0.004106         0.0
56  word_l2_27.mp4           60  0.497359  ...    0.696816    0.004297         0.0

[57 rows x 1958 columns]
Extracting features...
Face width computed for normalizaiton 0.15633851824764114
Features saved to: ../output/word_l2_27_features.csv
          fn_video  ... distance_r_hand6_r_hand10
0   word_l2_27.mp4  ...                  0.249612
1   word_l2_27.mp4  ...                  0.250484
2   word_l2_27.mp4  ...                  0.291115
3   word_l2_27.mp4  ...                  0.285919
4   word_l2_27.mp4  ...                  0.264712
5   word_l2_27.mp4  ...                  0.284177
6   word_l2_27.mp4  ...                  0.299423
7   word_l2_27.mp4  ...                  0.346037
8   word_l2_27.mp4  ...                  0.402149
9   word_l2_27.mp4  ...                  0.371690
10  word_l2_27.mp4  ...                  0.358135
11  word_l2_27.mp4  ...                  0.345967
12  word_l2_27.mp4  ...                  0.328923
13  word_l2_27.mp4  ...                  0.340805
14  word_l2_27.mp4  ...                  0.344563
15  word_l2_27.mp4  ...                  0.355827
16  word_l2_27.mp4  ...                  0.359220
17  word_l2_27.mp4  ...                  0.359437
18  word_l2_27.mp4  ...                  0.367079
19  word_l2_27.mp4  ...                  0.388767
20  word_l2_27.mp4  ...                  0.389649
21  word_l2_27.mp4  ...                  0.411165
22  word_l2_27.mp4  ...                  0.424105
23  word_l2_27.mp4  ...                  0.427810
24  word_l2_27.mp4  ...                  0.417226
25  word_l2_27.mp4  ...                  0.424790
26  word_l2_27.mp4  ...                  0.427932
27  word_l2_27.mp4  ...                  0.330865
28  word_l2_27.mp4  ...                  0.216647
29  word_l2_27.mp4  ...                  0.183428
30  word_l2_27.mp4  ...                  0.178863
31  word_l2_27.mp4  ...                  0.187499
32  word_l2_27.mp4  ...                  0.206902
33  word_l2_27.mp4  ...                  0.165098
34  word_l2_27.mp4  ...                  0.168017
35  word_l2_27.mp4  ...                  0.157426
36  word_l2_27.mp4  ...                  0.148016
37  word_l2_27.mp4  ...                  0.149993
38  word_l2_27.mp4  ...                  0.171573
39  word_l2_27.mp4  ...                  0.171314
40  word_l2_27.mp4  ...                  0.172513
41  word_l2_27.mp4  ...                  0.168753
42  word_l2_27.mp4  ...                  0.170114
43  word_l2_27.mp4  ...                  0.184412
44  word_l2_27.mp4  ...                  0.176134
45  word_l2_27.mp4  ...                  0.170245
46  word_l2_27.mp4  ...                  0.184473
47  word_l2_27.mp4  ...                  0.169974
48  word_l2_27.mp4  ...                  0.181131
49  word_l2_27.mp4  ...                  0.190966
50  word_l2_27.mp4  ...                  0.186507
51  word_l2_27.mp4  ...                  0.152653
52  word_l2_27.mp4  ...                  0.154189
53  word_l2_27.mp4  ...                  0.161378
54  word_l2_27.mp4  ...                  0.163577
55  word_l2_27.mp4  ...                  0.182404
56  word_l2_27.mp4  ...                  0.175913

[57 rows x 30 columns]
csv file with predictions was saved to ../output/predictions_rf_position_female_cropped_word_l2_27.csv
Loaded model: ../trained_models/model_rf_shape_female_cropped.pkl
Loaded video: ../stimuli/words/mp4/word_l2_27.mp4
Extracting coordinates...
          fn_video frame_number   x_face0  ...  y_r_hand20  z_r_hand20  v_r_hand20
0   word_l2_27.mp4            4  0.496105  ...    1.087423    0.005985         0.0
1   word_l2_27.mp4            5  0.496103  ...    0.991105    0.027460         0.0
2   word_l2_27.mp4            6  0.495674  ...    1.011899    0.029012         0.0
3   word_l2_27.mp4            7  0.495783  ...    0.952490    0.022725         0.0
4   word_l2_27.mp4            8  0.496175  ...    0.923588    0.036603         0.0
5   word_l2_27.mp4            9  0.495965  ...    0.902353    0.029358         0.0
6   word_l2_27.mp4           10  0.496058  ...    0.881447    0.012736         0.0
7   word_l2_27.mp4           11  0.496315  ...    0.862685    0.011011         0.0
8   word_l2_27.mp4           12  0.496308  ...    0.847020    0.011655         0.0
9   word_l2_27.mp4           13  0.496102  ...    0.829661    0.015899         0.0
10  word_l2_27.mp4           14  0.496277  ...    0.817940    0.009354         0.0
11  word_l2_27.mp4           15  0.496408  ...    0.805774    0.010573         0.0
12  word_l2_27.mp4           16  0.496199  ...    0.791953    0.009838         0.0
13  word_l2_27.mp4           17  0.496552  ...    0.782627    0.008092         0.0
14  word_l2_27.mp4           18  0.496335  ...    0.775916    0.006900         0.0
15  word_l2_27.mp4           19  0.496257  ...    0.767455    0.008160         0.0
16  word_l2_27.mp4           20  0.495867  ...    0.758313    0.008922         0.0
17  word_l2_27.mp4           21  0.495090  ...    0.750887    0.010086         0.0
18  word_l2_27.mp4           22  0.494971  ...    0.744845    0.010072         0.0
19  word_l2_27.mp4           23  0.495026  ...    0.739364    0.010616         0.0
20  word_l2_27.mp4           24  0.494647  ...    0.733614    0.006899         0.0
21  word_l2_27.mp4           25  0.494637  ...    0.731384    0.005833         0.0
22  word_l2_27.mp4           26  0.494561  ...    0.728286    0.003716         0.0
23  word_l2_27.mp4           27  0.494753  ...    0.726379    0.005575         0.0
24  word_l2_27.mp4           28  0.493967  ...    0.724869    0.004877         0.0
25  word_l2_27.mp4           29  0.493694  ...    0.724410    0.005680         0.0
26  word_l2_27.mp4           30  0.494181  ...    0.723114    0.009638         0.0
27  word_l2_27.mp4           31  0.494031  ...    0.708165    0.011095         0.0
28  word_l2_27.mp4           32  0.494929  ...    0.684262    0.006344         0.0
29  word_l2_27.mp4           33  0.494702  ...    0.622055   -0.016779         0.0
30  word_l2_27.mp4           34  0.495146  ...    0.603899   -0.022416         0.0
31  word_l2_27.mp4           35  0.495689  ...    0.598713   -0.027585         0.0
32  word_l2_27.mp4           36  0.495489  ...    0.593475   -0.024684         0.0
33  word_l2_27.mp4           37  0.495427  ...    0.579333   -0.019404         0.0
34  word_l2_27.mp4           38  0.495113  ...    0.567670   -0.003939         0.0
35  word_l2_27.mp4           39  0.495877  ...    0.557671   -0.007593         0.0
36  word_l2_27.mp4           40  0.495975  ...    0.549845   -0.018379         0.0
37  word_l2_27.mp4           41  0.495419  ...    0.549598   -0.018613         0.0
38  word_l2_27.mp4           42  0.495620  ...    0.548217   -0.019940         0.0
39  word_l2_27.mp4           43  0.495572  ...    0.548922   -0.019988         0.0
40  word_l2_27.mp4           44  0.495036  ...    0.549272   -0.019453         0.0
41  word_l2_27.mp4           45  0.495321  ...    0.548872   -0.022357         0.0
42  word_l2_27.mp4           46  0.495335  ...    0.549936   -0.018962         0.0
43  word_l2_27.mp4           47  0.495202  ...    0.548976   -0.014661         0.0
44  word_l2_27.mp4           48  0.494946  ...    0.548450   -0.016158         0.0
45  word_l2_27.mp4           49  0.494899  ...    0.548594   -0.017854         0.0
46  word_l2_27.mp4           50  0.494965  ...    0.548193   -0.020640         0.0
47  word_l2_27.mp4           51  0.495303  ...    0.548560   -0.020313         0.0
48  word_l2_27.mp4           52  0.495713  ...    0.548558   -0.022859         0.0
49  word_l2_27.mp4           53  0.495716  ...    0.551730   -0.017562         0.0
50  word_l2_27.mp4           54  0.496194  ...    0.554955   -0.009619         0.0
51  word_l2_27.mp4           55  0.496573  ...    0.564444   -0.017801         0.0
52  word_l2_27.mp4           56  0.496617  ...    0.582859   -0.003257         0.0
53  word_l2_27.mp4           57  0.496746  ...    0.634118    0.012467         0.0
54  word_l2_27.mp4           58  0.497001  ...    0.669900    0.005902         0.0
55  word_l2_27.mp4           59  0.497034  ...    0.683606    0.004106         0.0
56  word_l2_27.mp4           60  0.497359  ...    0.696816    0.004297         0.0

[57 rows x 1958 columns]
Extracting features...
Face width computed for normalizaiton 0.15633851824764114
Features saved to: ../output/word_l2_27_features.csv
          fn_video  ... distance_r_hand6_r_hand10
0   word_l2_27.mp4  ...                  0.249612
1   word_l2_27.mp4  ...                  0.250484
2   word_l2_27.mp4  ...                  0.291115
3   word_l2_27.mp4  ...                  0.285919
4   word_l2_27.mp4  ...                  0.264712
5   word_l2_27.mp4  ...                  0.284177
6   word_l2_27.mp4  ...                  0.299423
7   word_l2_27.mp4  ...                  0.346037
8   word_l2_27.mp4  ...                  0.402149
9   word_l2_27.mp4  ...                  0.371690
10  word_l2_27.mp4  ...                  0.358135
11  word_l2_27.mp4  ...                  0.345967
12  word_l2_27.mp4  ...                  0.328923
13  word_l2_27.mp4  ...                  0.340805
14  word_l2_27.mp4  ...                  0.344563
15  word_l2_27.mp4  ...                  0.355827
16  word_l2_27.mp4  ...                  0.359220
17  word_l2_27.mp4  ...                  0.359437
18  word_l2_27.mp4  ...                  0.367079
19  word_l2_27.mp4  ...                  0.388767
20  word_l2_27.mp4  ...                  0.389649
21  word_l2_27.mp4  ...                  0.411165
22  word_l2_27.mp4  ...                  0.424105
23  word_l2_27.mp4  ...                  0.427810
24  word_l2_27.mp4  ...                  0.417226
25  word_l2_27.mp4  ...                  0.424790
26  word_l2_27.mp4  ...                  0.427932
27  word_l2_27.mp4  ...                  0.330865
28  word_l2_27.mp4  ...                  0.216647
29  word_l2_27.mp4  ...                  0.183428
30  word_l2_27.mp4  ...                  0.178863
31  word_l2_27.mp4  ...                  0.187499
32  word_l2_27.mp4  ...                  0.206902
33  word_l2_27.mp4  ...                  0.165098
34  word_l2_27.mp4  ...                  0.168017
35  word_l2_27.mp4  ...                  0.157426
36  word_l2_27.mp4  ...                  0.148016
37  word_l2_27.mp4  ...                  0.149993
38  word_l2_27.mp4  ...                  0.171573
39  word_l2_27.mp4  ...                  0.171314
40  word_l2_27.mp4  ...                  0.172513
41  word_l2_27.mp4  ...                  0.168753
42  word_l2_27.mp4  ...                  0.170114
43  word_l2_27.mp4  ...                  0.184412
44  word_l2_27.mp4  ...                  0.176134
45  word_l2_27.mp4  ...                  0.170245
46  word_l2_27.mp4  ...                  0.184473
47  word_l2_27.mp4  ...                  0.169974
48  word_l2_27.mp4  ...                  0.181131
49  word_l2_27.mp4  ...                  0.190966
50  word_l2_27.mp4  ...                  0.186507
51  word_l2_27.mp4  ...                  0.152653
52  word_l2_27.mp4  ...                  0.154189
53  word_l2_27.mp4  ...                  0.161378
54  word_l2_27.mp4  ...                  0.163577
55  word_l2_27.mp4  ...                  0.182404
56  word_l2_27.mp4  ...                  0.175913

[57 rows x 30 columns]
csv file with predictions was saved to ../output/predictions_rf_shape_female_cropped_word_l2_27.csv
Visualization for: ../stimuli/words/mp4/word_l2_27.mp4
32
