python is /network/lustre/iss02/home/annahita.sarre/anaconda3/envs/myenv/bin/python
Loaded model: ../trained_models/model_rf_position_female_cropped.pkl
Loaded video: ../stimuli/words/mp4/word_h0_02_pseudo.mp4
Extracting coordinates...
                 fn_video frame_number  ...  z_r_hand20  v_r_hand20
0   word_h0_02_pseudo.mp4            1  ...   -0.010830         0.0
1   word_h0_02_pseudo.mp4            2  ...    0.008160         0.0
2   word_h0_02_pseudo.mp4            3  ...    0.010757         0.0
3   word_h0_02_pseudo.mp4            4  ...    0.012121         0.0
4   word_h0_02_pseudo.mp4            5  ...    0.002856         0.0
..                    ...          ...  ...         ...         ...
73  word_h0_02_pseudo.mp4           74  ...    0.005137         0.0
74  word_h0_02_pseudo.mp4           75  ...    0.006990         0.0
75  word_h0_02_pseudo.mp4           76  ...    0.007611         0.0
76  word_h0_02_pseudo.mp4           77  ...    0.006315         0.0
77  word_h0_02_pseudo.mp4           78  ...    0.010198         0.0

[78 rows x 1958 columns]
Extracting features...
Face width computed for normalizaiton 0.16120532277268446
Features saved to: ../output/word_h0_02_pseudo_features.csv
                 fn_video  ... distance_r_hand6_r_hand10
0   word_h0_02_pseudo.mp4  ...                  0.250931
1   word_h0_02_pseudo.mp4  ...                  0.235861
2   word_h0_02_pseudo.mp4  ...                  0.254949
3   word_h0_02_pseudo.mp4  ...                  0.252034
4   word_h0_02_pseudo.mp4  ...                  0.234248
..                    ...  ...                       ...
73  word_h0_02_pseudo.mp4  ...                  0.166110
74  word_h0_02_pseudo.mp4  ...                  0.157699
75  word_h0_02_pseudo.mp4  ...                  0.163742
76  word_h0_02_pseudo.mp4  ...                  0.168965
77  word_h0_02_pseudo.mp4  ...                  0.177257

[78 rows x 30 columns]
csv file with predictions was saved to ../output/predictions_rf_position_female_cropped_word_h0_02_pseudo.csv
Loaded model: ../trained_models/model_rf_shape_female_cropped.pkl
Loaded video: ../stimuli/words/mp4/word_h0_02_pseudo.mp4
Extracting coordinates...
                 fn_video frame_number  ...  z_r_hand20  v_r_hand20
0   word_h0_02_pseudo.mp4            1  ...   -0.010830         0.0
1   word_h0_02_pseudo.mp4            2  ...    0.008160         0.0
2   word_h0_02_pseudo.mp4            3  ...    0.010757         0.0
3   word_h0_02_pseudo.mp4            4  ...    0.012121         0.0
4   word_h0_02_pseudo.mp4            5  ...    0.002856         0.0
..                    ...          ...  ...         ...         ...
73  word_h0_02_pseudo.mp4           74  ...    0.005137         0.0
74  word_h0_02_pseudo.mp4           75  ...    0.006990         0.0
75  word_h0_02_pseudo.mp4           76  ...    0.007611         0.0
76  word_h0_02_pseudo.mp4           77  ...    0.006315         0.0
77  word_h0_02_pseudo.mp4           78  ...    0.010198         0.0

[78 rows x 1958 columns]
Extracting features...
Face width computed for normalizaiton 0.16120532277268446
Features saved to: ../output/word_h0_02_pseudo_features.csv
                 fn_video  ... distance_r_hand6_r_hand10
0   word_h0_02_pseudo.mp4  ...                  0.250931
1   word_h0_02_pseudo.mp4  ...                  0.235861
2   word_h0_02_pseudo.mp4  ...                  0.254949
3   word_h0_02_pseudo.mp4  ...                  0.252034
4   word_h0_02_pseudo.mp4  ...                  0.234248
..                    ...  ...                       ...
73  word_h0_02_pseudo.mp4  ...                  0.166110
74  word_h0_02_pseudo.mp4  ...                  0.157699
75  word_h0_02_pseudo.mp4  ...                  0.163742
76  word_h0_02_pseudo.mp4  ...                  0.168965
77  word_h0_02_pseudo.mp4  ...                  0.177257

[78 rows x 30 columns]
csv file with predictions was saved to ../output/predictions_rf_shape_female_cropped_word_h0_02_pseudo.csv
Visualization for: ../stimuli/words/mp4/word_h0_02_pseudo.mp4
32
