python is /network/lustre/iss02/home/annahita.sarre/anaconda3/envs/myenv/bin/python
Loaded model: ../trained_models/model_rf_position_female_cropped.pkl
Loaded video: ../stimuli/words/mp4/word_l2_32.mp4
Extracting coordinates...
          fn_video frame_number   x_face0  ...  y_r_hand20  z_r_hand20  v_r_hand20
0   word_l2_32.mp4            2  0.494109  ...    0.966078    0.071689         0.0
1   word_l2_32.mp4            3  0.492902  ...    0.974969    0.047448         0.0
2   word_l2_32.mp4            4  0.492754  ...    0.935037    0.068376         0.0
3   word_l2_32.mp4            5  0.491788  ...    0.907914    0.054247         0.0
4   word_l2_32.mp4            6  0.491255  ...    0.865415    0.059310         0.0
5   word_l2_32.mp4            7  0.490220  ...    0.831317    0.044412         0.0
6   word_l2_32.mp4            8  0.489786  ...    0.811906    0.040260         0.0
7   word_l2_32.mp4            9  0.489653  ...    0.782153    0.036138         0.0
8   word_l2_32.mp4           10  0.489249  ...    0.774443    0.036502         0.0
9   word_l2_32.mp4           11  0.489091  ...    0.758624    0.031212         0.0
10  word_l2_32.mp4           12  0.489135  ...    0.734973    0.027206         0.0
11  word_l2_32.mp4           13  0.489165  ...    0.724339    0.020849         0.0
12  word_l2_32.mp4           14  0.489233  ...    0.709349    0.014147         0.0
13  word_l2_32.mp4           15  0.489660  ...    0.708804    0.008261         0.0
14  word_l2_32.mp4           16  0.489621  ...    0.706077    0.004347         0.0
15  word_l2_32.mp4           17  0.489773  ...    0.697066    0.002862         0.0
16  word_l2_32.mp4           18  0.489668  ...    0.695784    0.005035         0.0
17  word_l2_32.mp4           19  0.489226  ...    0.694745    0.003028         0.0
18  word_l2_32.mp4           20  0.488917  ...    0.696663    0.002092         0.0
19  word_l2_32.mp4           21  0.488323  ...    0.700919   -0.000793         0.0
20  word_l2_32.mp4           22  0.488413  ...    0.697462    0.004042         0.0
21  word_l2_32.mp4           23  0.489009  ...    0.692088   -0.000798         0.0
22  word_l2_32.mp4           24  0.487960  ...    0.686309    0.001789         0.0
23  word_l2_32.mp4           25  0.487703  ...    0.682665   -0.000590         0.0
24  word_l2_32.mp4           26  0.488390  ...    0.681315   -0.002749         0.0
25  word_l2_32.mp4           27  0.488641  ...    0.681878   -0.002224         0.0
26  word_l2_32.mp4           28  0.488555  ...    0.674570   -0.007934         0.0
27  word_l2_32.mp4           29  0.488191  ...    0.643306    0.000653         0.0
28  word_l2_32.mp4           30  0.488334  ...    0.579297   -0.013342         0.0
29  word_l2_32.mp4           31  0.487891  ...    0.568126   -0.025757         0.0
30  word_l2_32.mp4           32  0.487587  ...    0.556899   -0.030049         0.0
31  word_l2_32.mp4           33  0.487692  ...    0.551983   -0.030343         0.0
32  word_l2_32.mp4           34  0.487880  ...    0.549877   -0.023799         0.0
33  word_l2_32.mp4           35  0.488343  ...    0.551392   -0.027038         0.0
34  word_l2_32.mp4           36  0.488809  ...    0.550901   -0.030652         0.0
35  word_l2_32.mp4           37  0.488980  ...    0.550831   -0.027605         0.0
36  word_l2_32.mp4           38  0.488846  ...    0.551153   -0.028027         0.0
37  word_l2_32.mp4           39  0.488746  ...    0.552076   -0.027268         0.0
38  word_l2_32.mp4           40  0.488464  ...    0.551810   -0.026771         0.0
39  word_l2_32.mp4           41  0.488250  ...    0.551253   -0.027428         0.0
40  word_l2_32.mp4           42  0.488405  ...    0.549743   -0.030389         0.0
41  word_l2_32.mp4           43  0.488762  ...    0.551206   -0.027791         0.0
42  word_l2_32.mp4           44  0.488424  ...    0.551299   -0.031414         0.0
43  word_l2_32.mp4           45  0.489117  ...    0.551710   -0.035407         0.0
44  word_l2_32.mp4           46  0.488723  ...    0.556844   -0.034538         0.0
45  word_l2_32.mp4           47  0.488893  ...    0.567019   -0.024460         0.0
46  word_l2_32.mp4           48  0.488890  ...    0.608138   -0.001980         0.0
47  word_l2_32.mp4           49  0.489097  ...    0.660898    0.003101         0.0
48  word_l2_32.mp4           50  0.489290  ...    0.671954   -0.002166         0.0
49  word_l2_32.mp4           51  0.488954  ...    0.685804    0.000786         0.0
50  word_l2_32.mp4           52  0.488895  ...    0.700980    0.006144         0.0

[51 rows x 1958 columns]
Extracting features...
Face width computed for normalizaiton 0.1563884836130376
Features saved to: ../output/word_l2_32_features.csv
          fn_video  ... distance_r_hand6_r_hand10
0   word_l2_32.mp4  ...                  0.190207
1   word_l2_32.mp4  ...                  0.227255
2   word_l2_32.mp4  ...                  0.227823
3   word_l2_32.mp4  ...                  0.213828
4   word_l2_32.mp4  ...                  0.223610
5   word_l2_32.mp4  ...                  0.206310
6   word_l2_32.mp4  ...                  0.202175
7   word_l2_32.mp4  ...                  0.191389
8   word_l2_32.mp4  ...                  0.206713
9   word_l2_32.mp4  ...                  0.199916
10  word_l2_32.mp4  ...                  0.204164
11  word_l2_32.mp4  ...                  0.190753
12  word_l2_32.mp4  ...                  0.225222
13  word_l2_32.mp4  ...                  0.295671
14  word_l2_32.mp4  ...                  0.333503
15  word_l2_32.mp4  ...                  0.330345
16  word_l2_32.mp4  ...                  0.348209
17  word_l2_32.mp4  ...                  0.358302
18  word_l2_32.mp4  ...                  0.339719
19  word_l2_32.mp4  ...                  0.327482
20  word_l2_32.mp4  ...                  0.335560
21  word_l2_32.mp4  ...                  0.338164
22  word_l2_32.mp4  ...                  0.325045
23  word_l2_32.mp4  ...                  0.326858
24  word_l2_32.mp4  ...                  0.347009
25  word_l2_32.mp4  ...                  0.318328
26  word_l2_32.mp4  ...                  0.304499
27  word_l2_32.mp4  ...                  0.270177
28  word_l2_32.mp4  ...                  0.222616
29  word_l2_32.mp4  ...                  0.176721
30  word_l2_32.mp4  ...                  0.173311
31  word_l2_32.mp4  ...                  0.137674
32  word_l2_32.mp4  ...                  0.158015
33  word_l2_32.mp4  ...                  0.146137
34  word_l2_32.mp4  ...                  0.151874
35  word_l2_32.mp4  ...                  0.153585
36  word_l2_32.mp4  ...                  0.142772
37  word_l2_32.mp4  ...                  0.144508
38  word_l2_32.mp4  ...                  0.147279
39  word_l2_32.mp4  ...                  0.154453
40  word_l2_32.mp4  ...                  0.171063
41  word_l2_32.mp4  ...                  0.142616
42  word_l2_32.mp4  ...                  0.123681
43  word_l2_32.mp4  ...                  0.138334
44  word_l2_32.mp4  ...                  0.174450
45  word_l2_32.mp4  ...                  0.152369
46  word_l2_32.mp4  ...                  0.163323
47  word_l2_32.mp4  ...                  0.180741
48  word_l2_32.mp4  ...                  0.192584
49  word_l2_32.mp4  ...                  0.184872
50  word_l2_32.mp4  ...                  0.193351

[51 rows x 30 columns]
csv file with predictions was saved to ../output/predictions_rf_position_female_cropped_word_l2_32.csv
Loaded model: ../trained_models/model_rf_shape_female_cropped.pkl
Loaded video: ../stimuli/words/mp4/word_l2_32.mp4
Extracting coordinates...
          fn_video frame_number   x_face0  ...  y_r_hand20  z_r_hand20  v_r_hand20
0   word_l2_32.mp4            2  0.494109  ...    0.966078    0.071689         0.0
1   word_l2_32.mp4            3  0.492902  ...    0.974969    0.047448         0.0
2   word_l2_32.mp4            4  0.492754  ...    0.935037    0.068376         0.0
3   word_l2_32.mp4            5  0.491788  ...    0.907914    0.054247         0.0
4   word_l2_32.mp4            6  0.491255  ...    0.865415    0.059310         0.0
5   word_l2_32.mp4            7  0.490220  ...    0.831317    0.044412         0.0
6   word_l2_32.mp4            8  0.489786  ...    0.811906    0.040260         0.0
7   word_l2_32.mp4            9  0.489653  ...    0.782153    0.036138         0.0
8   word_l2_32.mp4           10  0.489249  ...    0.774443    0.036502         0.0
9   word_l2_32.mp4           11  0.489091  ...    0.758624    0.031212         0.0
10  word_l2_32.mp4           12  0.489135  ...    0.734973    0.027206         0.0
11  word_l2_32.mp4           13  0.489165  ...    0.724339    0.020849         0.0
12  word_l2_32.mp4           14  0.489233  ...    0.709349    0.014147         0.0
13  word_l2_32.mp4           15  0.489660  ...    0.708804    0.008261         0.0
14  word_l2_32.mp4           16  0.489621  ...    0.706077    0.004347         0.0
15  word_l2_32.mp4           17  0.489773  ...    0.697066    0.002862         0.0
16  word_l2_32.mp4           18  0.489668  ...    0.695784    0.005035         0.0
17  word_l2_32.mp4           19  0.489226  ...    0.694745    0.003028         0.0
18  word_l2_32.mp4           20  0.488917  ...    0.696663    0.002092         0.0
19  word_l2_32.mp4           21  0.488323  ...    0.700919   -0.000793         0.0
20  word_l2_32.mp4           22  0.488413  ...    0.697462    0.004042         0.0
21  word_l2_32.mp4           23  0.489009  ...    0.692088   -0.000798         0.0
22  word_l2_32.mp4           24  0.487960  ...    0.686309    0.001789         0.0
23  word_l2_32.mp4           25  0.487703  ...    0.682665   -0.000590         0.0
24  word_l2_32.mp4           26  0.488390  ...    0.681315   -0.002749         0.0
25  word_l2_32.mp4           27  0.488641  ...    0.681878   -0.002224         0.0
26  word_l2_32.mp4           28  0.488555  ...    0.674570   -0.007934         0.0
27  word_l2_32.mp4           29  0.488191  ...    0.643306    0.000653         0.0
28  word_l2_32.mp4           30  0.488334  ...    0.579297   -0.013342         0.0
29  word_l2_32.mp4           31  0.487891  ...    0.568126   -0.025757         0.0
30  word_l2_32.mp4           32  0.487587  ...    0.556899   -0.030049         0.0
31  word_l2_32.mp4           33  0.487692  ...    0.551983   -0.030343         0.0
32  word_l2_32.mp4           34  0.487880  ...    0.549877   -0.023799         0.0
33  word_l2_32.mp4           35  0.488343  ...    0.551392   -0.027038         0.0
34  word_l2_32.mp4           36  0.488809  ...    0.550901   -0.030652         0.0
35  word_l2_32.mp4           37  0.488980  ...    0.550831   -0.027605         0.0
36  word_l2_32.mp4           38  0.488846  ...    0.551153   -0.028027         0.0
37  word_l2_32.mp4           39  0.488746  ...    0.552076   -0.027268         0.0
38  word_l2_32.mp4           40  0.488464  ...    0.551810   -0.026771         0.0
39  word_l2_32.mp4           41  0.488250  ...    0.551253   -0.027428         0.0
40  word_l2_32.mp4           42  0.488405  ...    0.549743   -0.030389         0.0
41  word_l2_32.mp4           43  0.488762  ...    0.551206   -0.027791         0.0
42  word_l2_32.mp4           44  0.488424  ...    0.551299   -0.031414         0.0
43  word_l2_32.mp4           45  0.489117  ...    0.551710   -0.035407         0.0
44  word_l2_32.mp4           46  0.488723  ...    0.556844   -0.034538         0.0
45  word_l2_32.mp4           47  0.488893  ...    0.567019   -0.024460         0.0
46  word_l2_32.mp4           48  0.488890  ...    0.608138   -0.001980         0.0
47  word_l2_32.mp4           49  0.489097  ...    0.660898    0.003101         0.0
48  word_l2_32.mp4           50  0.489290  ...    0.671954   -0.002166         0.0
49  word_l2_32.mp4           51  0.488954  ...    0.685804    0.000786         0.0
50  word_l2_32.mp4           52  0.488895  ...    0.700980    0.006144         0.0

[51 rows x 1958 columns]
Extracting features...
Face width computed for normalizaiton 0.1563884836130376
Features saved to: ../output/word_l2_32_features.csv
          fn_video  ... distance_r_hand6_r_hand10
0   word_l2_32.mp4  ...                  0.190207
1   word_l2_32.mp4  ...                  0.227255
2   word_l2_32.mp4  ...                  0.227823
3   word_l2_32.mp4  ...                  0.213828
4   word_l2_32.mp4  ...                  0.223610
5   word_l2_32.mp4  ...                  0.206310
6   word_l2_32.mp4  ...                  0.202175
7   word_l2_32.mp4  ...                  0.191389
8   word_l2_32.mp4  ...                  0.206713
9   word_l2_32.mp4  ...                  0.199916
10  word_l2_32.mp4  ...                  0.204164
11  word_l2_32.mp4  ...                  0.190753
12  word_l2_32.mp4  ...                  0.225222
13  word_l2_32.mp4  ...                  0.295671
14  word_l2_32.mp4  ...                  0.333503
15  word_l2_32.mp4  ...                  0.330345
16  word_l2_32.mp4  ...                  0.348209
17  word_l2_32.mp4  ...                  0.358302
18  word_l2_32.mp4  ...                  0.339719
19  word_l2_32.mp4  ...                  0.327482
20  word_l2_32.mp4  ...                  0.335560
21  word_l2_32.mp4  ...                  0.338164
22  word_l2_32.mp4  ...                  0.325045
23  word_l2_32.mp4  ...                  0.326858
24  word_l2_32.mp4  ...                  0.347009
25  word_l2_32.mp4  ...                  0.318328
26  word_l2_32.mp4  ...                  0.304499
27  word_l2_32.mp4  ...                  0.270177
28  word_l2_32.mp4  ...                  0.222616
29  word_l2_32.mp4  ...                  0.176721
30  word_l2_32.mp4  ...                  0.173311
31  word_l2_32.mp4  ...                  0.137674
32  word_l2_32.mp4  ...                  0.158015
33  word_l2_32.mp4  ...                  0.146137
34  word_l2_32.mp4  ...                  0.151874
35  word_l2_32.mp4  ...                  0.153585
36  word_l2_32.mp4  ...                  0.142772
37  word_l2_32.mp4  ...                  0.144508
38  word_l2_32.mp4  ...                  0.147279
39  word_l2_32.mp4  ...                  0.154453
40  word_l2_32.mp4  ...                  0.171063
41  word_l2_32.mp4  ...                  0.142616
42  word_l2_32.mp4  ...                  0.123681
43  word_l2_32.mp4  ...                  0.138334
44  word_l2_32.mp4  ...                  0.174450
45  word_l2_32.mp4  ...                  0.152369
46  word_l2_32.mp4  ...                  0.163323
47  word_l2_32.mp4  ...                  0.180741
48  word_l2_32.mp4  ...                  0.192584
49  word_l2_32.mp4  ...                  0.184872
50  word_l2_32.mp4  ...                  0.193351

[51 rows x 30 columns]
csv file with predictions was saved to ../output/predictions_rf_shape_female_cropped_word_l2_32.csv
