python is /network/lustre/iss02/home/annahita.sarre/anaconda3/envs/myenv/bin/python
Loaded model: ../trained_models/model_rf_position_female_cropped.pkl
Loaded video: ../stimuli/words/mp4/word_l1_25.mp4
Extracting coordinates...
          fn_video frame_number   x_face0  ...  y_r_hand20  z_r_hand20  v_r_hand20
0   word_l1_25.mp4            8  0.497832  ...    1.018636    0.021563         0.0
1   word_l1_25.mp4            9  0.497648  ...    0.969717    0.051877         0.0
2   word_l1_25.mp4           10  0.497798  ...    0.906669    0.028892         0.0
3   word_l1_25.mp4           11  0.497449  ...    0.855845    0.061542         0.0
4   word_l1_25.mp4           12  0.496784  ...    0.811860    0.028859         0.0
5   word_l1_25.mp4           13  0.496653  ...    0.775488    0.033019         0.0
6   word_l1_25.mp4           14  0.496076  ...    0.728502    0.026767         0.0
7   word_l1_25.mp4           15  0.494970  ...    0.691650    0.010036         0.0
8   word_l1_25.mp4           16  0.494013  ...    0.656288    0.011395         0.0
9   word_l1_25.mp4           17  0.494564  ...    0.619641    0.011307         0.0
10  word_l1_25.mp4           18  0.494156  ...    0.592583    0.013950         0.0
11  word_l1_25.mp4           19  0.494382  ...    0.576490    0.013499         0.0
12  word_l1_25.mp4           20  0.493529  ...    0.567407    0.008570         0.0
13  word_l1_25.mp4           21  0.493940  ...    0.565705    0.009969         0.0
14  word_l1_25.mp4           22  0.493995  ...    0.561610    0.006415         0.0
15  word_l1_25.mp4           23  0.494375  ...    0.566020   -0.004665         0.0
16  word_l1_25.mp4           24  0.494180  ...    0.572182   -0.009961         0.0
17  word_l1_25.mp4           25  0.494290  ...    0.614642    0.004880         0.0
18  word_l1_25.mp4           26  0.494410  ...    0.665301    0.020232         0.0
19  word_l1_25.mp4           27  0.494237  ...    0.665320    0.022999         0.0
20  word_l1_25.mp4           28  0.493461  ...    0.670436    0.014840         0.0
21  word_l1_25.mp4           29  0.492907  ...    0.666107    0.010638         0.0
22  word_l1_25.mp4           30  0.492661  ...    0.664620    0.003619         0.0
23  word_l1_25.mp4           31  0.492773  ...    0.664667    0.005990         0.0
24  word_l1_25.mp4           32  0.492799  ...    0.660410    0.007700         0.0
25  word_l1_25.mp4           33  0.492952  ...    0.649565    0.005864         0.0
26  word_l1_25.mp4           34  0.493065  ...    0.612899    0.006259         0.0
27  word_l1_25.mp4           35  0.493715  ...    0.568089   -0.019985         0.0
28  word_l1_25.mp4           36  0.493816  ...    0.552011   -0.026956         0.0
29  word_l1_25.mp4           37  0.493426  ...    0.549139   -0.021173         0.0
30  word_l1_25.mp4           38  0.493384  ...    0.549393   -0.030202         0.0
31  word_l1_25.mp4           39  0.493184  ...    0.549928   -0.036536         0.0
32  word_l1_25.mp4           40  0.493708  ...    0.551239   -0.037337         0.0
33  word_l1_25.mp4           41  0.493912  ...    0.540904   -0.021847         0.0
34  word_l1_25.mp4           42  0.493932  ...    0.549176   -0.034446         0.0
35  word_l1_25.mp4           43  0.494850  ...    0.544861   -0.036536         0.0
36  word_l1_25.mp4           44  0.495312  ...    0.549445   -0.037165         0.0
37  word_l1_25.mp4           45  0.495636  ...    0.551772   -0.036990         0.0
38  word_l1_25.mp4           46  0.496158  ...    0.551322   -0.036474         0.0
39  word_l1_25.mp4           47  0.496158  ...    0.552116   -0.038609         0.0
40  word_l1_25.mp4           48  0.495336  ...    0.551197   -0.033855         0.0
41  word_l1_25.mp4           49  0.495093  ...    0.551766   -0.035930         0.0
42  word_l1_25.mp4           50  0.495111  ...    0.551329   -0.035950         0.0
43  word_l1_25.mp4           51  0.495362  ...    0.551160   -0.028969         0.0
44  word_l1_25.mp4           52  0.495315  ...    0.550385   -0.031194         0.0
45  word_l1_25.mp4           53  0.495463  ...    0.552308   -0.030219         0.0
46  word_l1_25.mp4           54  0.495401  ...    0.553082   -0.026132         0.0
47  word_l1_25.mp4           55  0.495308  ...    0.564409   -0.026396         0.0
48  word_l1_25.mp4           56  0.495546  ...    0.602321    0.008115         0.0
49  word_l1_25.mp4           57  0.495461  ...    0.649372    0.009824         0.0
50  word_l1_25.mp4           58  0.496248  ...    0.674423    0.002976         0.0
51  word_l1_25.mp4           59  0.496563  ...    0.692202    0.002646         0.0
52  word_l1_25.mp4           60  0.496439  ...    0.707896    0.007346         0.0

[53 rows x 1958 columns]
Extracting features...
Face width computed for normalizaiton 0.15481492659204296
Features saved to: ../output/word_l1_25_features.csv
          fn_video  ... distance_r_hand6_r_hand10
0   word_l1_25.mp4  ...                  0.204607
1   word_l1_25.mp4  ...                  0.242657
2   word_l1_25.mp4  ...                  0.217448
3   word_l1_25.mp4  ...                  0.233158
4   word_l1_25.mp4  ...                  0.246170
5   word_l1_25.mp4  ...                  0.207059
6   word_l1_25.mp4  ...                  0.188359
7   word_l1_25.mp4  ...                  0.170943
8   word_l1_25.mp4  ...                  0.144079
9   word_l1_25.mp4  ...                  0.139357
10  word_l1_25.mp4  ...                  0.154920
11  word_l1_25.mp4  ...                  0.183437
12  word_l1_25.mp4  ...                  0.194697
13  word_l1_25.mp4  ...                  0.205695
14  word_l1_25.mp4  ...                  0.210081
15  word_l1_25.mp4  ...                  0.190051
16  word_l1_25.mp4  ...                  0.168824
17  word_l1_25.mp4  ...                  0.187613
18  word_l1_25.mp4  ...                  0.216008
19  word_l1_25.mp4  ...                  0.222746
20  word_l1_25.mp4  ...                  0.218981
21  word_l1_25.mp4  ...                  0.204669
22  word_l1_25.mp4  ...                  0.189250
23  word_l1_25.mp4  ...                  0.181601
24  word_l1_25.mp4  ...                  0.183523
25  word_l1_25.mp4  ...                  0.175978
26  word_l1_25.mp4  ...                  0.161563
27  word_l1_25.mp4  ...                  0.164284
28  word_l1_25.mp4  ...                  0.164365
29  word_l1_25.mp4  ...                  0.157668
30  word_l1_25.mp4  ...                  0.152373
31  word_l1_25.mp4  ...                  0.147505
32  word_l1_25.mp4  ...                  0.147757
33  word_l1_25.mp4  ...                  0.122277
34  word_l1_25.mp4  ...                  0.151267
35  word_l1_25.mp4  ...                  0.125657
36  word_l1_25.mp4  ...                  0.146298
37  word_l1_25.mp4  ...                  0.146401
38  word_l1_25.mp4  ...                  0.143007
39  word_l1_25.mp4  ...                  0.143068
40  word_l1_25.mp4  ...                  0.147714
41  word_l1_25.mp4  ...                  0.147926
42  word_l1_25.mp4  ...                  0.148273
43  word_l1_25.mp4  ...                  0.151380
44  word_l1_25.mp4  ...                  0.152850
45  word_l1_25.mp4  ...                  0.158137
46  word_l1_25.mp4  ...                  0.166728
47  word_l1_25.mp4  ...                  0.177812
48  word_l1_25.mp4  ...                  0.175546
49  word_l1_25.mp4  ...                  0.172205
50  word_l1_25.mp4  ...                  0.176968
51  word_l1_25.mp4  ...                  0.166442
52  word_l1_25.mp4  ...                  0.174284

[53 rows x 30 columns]
csv file with predictions was saved to ../output/predictions_rf_position_female_cropped_word_l1_25.csv
Loaded model: ../trained_models/model_rf_shape_female_cropped.pkl
Loaded video: ../stimuli/words/mp4/word_l1_25.mp4
Extracting coordinates...
          fn_video frame_number   x_face0  ...  y_r_hand20  z_r_hand20  v_r_hand20
0   word_l1_25.mp4            8  0.497832  ...    1.018636    0.021563         0.0
1   word_l1_25.mp4            9  0.497648  ...    0.969717    0.051877         0.0
2   word_l1_25.mp4           10  0.497798  ...    0.906669    0.028892         0.0
3   word_l1_25.mp4           11  0.497449  ...    0.855845    0.061542         0.0
4   word_l1_25.mp4           12  0.496784  ...    0.811860    0.028859         0.0
5   word_l1_25.mp4           13  0.496653  ...    0.775488    0.033019         0.0
6   word_l1_25.mp4           14  0.496076  ...    0.728502    0.026767         0.0
7   word_l1_25.mp4           15  0.494970  ...    0.691650    0.010036         0.0
8   word_l1_25.mp4           16  0.494013  ...    0.656288    0.011395         0.0
9   word_l1_25.mp4           17  0.494564  ...    0.619641    0.011307         0.0
10  word_l1_25.mp4           18  0.494156  ...    0.592583    0.013950         0.0
11  word_l1_25.mp4           19  0.494382  ...    0.576490    0.013499         0.0
12  word_l1_25.mp4           20  0.493529  ...    0.567407    0.008570         0.0
13  word_l1_25.mp4           21  0.493940  ...    0.565705    0.009969         0.0
14  word_l1_25.mp4           22  0.493995  ...    0.561610    0.006415         0.0
15  word_l1_25.mp4           23  0.494375  ...    0.566020   -0.004665         0.0
16  word_l1_25.mp4           24  0.494180  ...    0.572182   -0.009961         0.0
17  word_l1_25.mp4           25  0.494290  ...    0.614642    0.004880         0.0
18  word_l1_25.mp4           26  0.494410  ...    0.665301    0.020232         0.0
19  word_l1_25.mp4           27  0.494237  ...    0.665320    0.022999         0.0
20  word_l1_25.mp4           28  0.493461  ...    0.670436    0.014840         0.0
21  word_l1_25.mp4           29  0.492907  ...    0.666107    0.010638         0.0
22  word_l1_25.mp4           30  0.492661  ...    0.664620    0.003619         0.0
23  word_l1_25.mp4           31  0.492773  ...    0.664667    0.005990         0.0
24  word_l1_25.mp4           32  0.492799  ...    0.660410    0.007700         0.0
25  word_l1_25.mp4           33  0.492952  ...    0.649565    0.005864         0.0
26  word_l1_25.mp4           34  0.493065  ...    0.612899    0.006259         0.0
27  word_l1_25.mp4           35  0.493715  ...    0.568089   -0.019985         0.0
28  word_l1_25.mp4           36  0.493816  ...    0.552011   -0.026956         0.0
29  word_l1_25.mp4           37  0.493426  ...    0.549139   -0.021173         0.0
30  word_l1_25.mp4           38  0.493384  ...    0.549393   -0.030202         0.0
31  word_l1_25.mp4           39  0.493184  ...    0.549928   -0.036536         0.0
32  word_l1_25.mp4           40  0.493708  ...    0.551239   -0.037337         0.0
33  word_l1_25.mp4           41  0.493912  ...    0.540904   -0.021847         0.0
34  word_l1_25.mp4           42  0.493932  ...    0.549176   -0.034446         0.0
35  word_l1_25.mp4           43  0.494850  ...    0.544861   -0.036536         0.0
36  word_l1_25.mp4           44  0.495312  ...    0.549445   -0.037165         0.0
37  word_l1_25.mp4           45  0.495636  ...    0.551772   -0.036990         0.0
38  word_l1_25.mp4           46  0.496158  ...    0.551322   -0.036474         0.0
39  word_l1_25.mp4           47  0.496158  ...    0.552116   -0.038609         0.0
40  word_l1_25.mp4           48  0.495336  ...    0.551197   -0.033855         0.0
41  word_l1_25.mp4           49  0.495093  ...    0.551766   -0.035930         0.0
42  word_l1_25.mp4           50  0.495111  ...    0.551329   -0.035950         0.0
43  word_l1_25.mp4           51  0.495362  ...    0.551160   -0.028969         0.0
44  word_l1_25.mp4           52  0.495315  ...    0.550385   -0.031194         0.0
45  word_l1_25.mp4           53  0.495463  ...    0.552308   -0.030219         0.0
46  word_l1_25.mp4           54  0.495401  ...    0.553082   -0.026132         0.0
47  word_l1_25.mp4           55  0.495308  ...    0.564409   -0.026396         0.0
48  word_l1_25.mp4           56  0.495546  ...    0.602321    0.008115         0.0
49  word_l1_25.mp4           57  0.495461  ...    0.649372    0.009824         0.0
50  word_l1_25.mp4           58  0.496248  ...    0.674423    0.002976         0.0
51  word_l1_25.mp4           59  0.496563  ...    0.692202    0.002646         0.0
52  word_l1_25.mp4           60  0.496439  ...    0.707896    0.007346         0.0

[53 rows x 1958 columns]
Extracting features...
Face width computed for normalizaiton 0.15481492659204296
Features saved to: ../output/word_l1_25_features.csv
          fn_video  ... distance_r_hand6_r_hand10
0   word_l1_25.mp4  ...                  0.204607
1   word_l1_25.mp4  ...                  0.242657
2   word_l1_25.mp4  ...                  0.217448
3   word_l1_25.mp4  ...                  0.233158
4   word_l1_25.mp4  ...                  0.246170
5   word_l1_25.mp4  ...                  0.207059
6   word_l1_25.mp4  ...                  0.188359
7   word_l1_25.mp4  ...                  0.170943
8   word_l1_25.mp4  ...                  0.144079
9   word_l1_25.mp4  ...                  0.139357
10  word_l1_25.mp4  ...                  0.154920
11  word_l1_25.mp4  ...                  0.183437
12  word_l1_25.mp4  ...                  0.194697
13  word_l1_25.mp4  ...                  0.205695
14  word_l1_25.mp4  ...                  0.210081
15  word_l1_25.mp4  ...                  0.190051
16  word_l1_25.mp4  ...                  0.168824
17  word_l1_25.mp4  ...                  0.187613
18  word_l1_25.mp4  ...                  0.216008
19  word_l1_25.mp4  ...                  0.222746
20  word_l1_25.mp4  ...                  0.218981
21  word_l1_25.mp4  ...                  0.204669
22  word_l1_25.mp4  ...                  0.189250
23  word_l1_25.mp4  ...                  0.181601
24  word_l1_25.mp4  ...                  0.183523
25  word_l1_25.mp4  ...                  0.175978
26  word_l1_25.mp4  ...                  0.161563
27  word_l1_25.mp4  ...                  0.164284
28  word_l1_25.mp4  ...                  0.164365
29  word_l1_25.mp4  ...                  0.157668
30  word_l1_25.mp4  ...                  0.152373
31  word_l1_25.mp4  ...                  0.147505
32  word_l1_25.mp4  ...                  0.147757
33  word_l1_25.mp4  ...                  0.122277
34  word_l1_25.mp4  ...                  0.151267
35  word_l1_25.mp4  ...                  0.125657
36  word_l1_25.mp4  ...                  0.146298
37  word_l1_25.mp4  ...                  0.146401
38  word_l1_25.mp4  ...                  0.143007
39  word_l1_25.mp4  ...                  0.143068
40  word_l1_25.mp4  ...                  0.147714
41  word_l1_25.mp4  ...                  0.147926
42  word_l1_25.mp4  ...                  0.148273
43  word_l1_25.mp4  ...                  0.151380
44  word_l1_25.mp4  ...                  0.152850
45  word_l1_25.mp4  ...                  0.158137
46  word_l1_25.mp4  ...                  0.166728
47  word_l1_25.mp4  ...                  0.177812
48  word_l1_25.mp4  ...                  0.175546
49  word_l1_25.mp4  ...                  0.172205
50  word_l1_25.mp4  ...                  0.176968
51  word_l1_25.mp4  ...                  0.166442
52  word_l1_25.mp4  ...                  0.174284

[53 rows x 30 columns]
csv file with predictions was saved to ../output/predictions_rf_shape_female_cropped_word_l1_25.csv
Visualization for: ../stimuli/words/mp4/word_l1_25.mp4
32
