python is /network/lustre/iss02/home/annahita.sarre/anaconda3/envs/myenv/bin/python
Loaded model: ../trained_models/model_rf_position_female_cropped.pkl
Loaded video: ../stimuli/words/mp4/word_h1_30.mp4
Extracting coordinates...
          fn_video frame_number   x_face0  ...  y_r_hand20  z_r_hand20  v_r_hand20
0   word_h1_30.mp4            1  0.498499  ...    0.702428    0.013825         0.0
1   word_h1_30.mp4            2  0.499037  ...    0.642344   -0.000213         0.0
2   word_h1_30.mp4            3  0.499469  ...    0.619859   -0.001419         0.0
3   word_h1_30.mp4            4  0.499899  ...    0.599614   -0.004917         0.0
4   word_h1_30.mp4            5  0.499847  ...    0.579565   -0.007340         0.0
..             ...          ...       ...  ...         ...         ...         ...
69  word_h1_30.mp4           70  0.495317  ...    0.678464    0.008324         0.0
70  word_h1_30.mp4           71  0.495558  ...    0.681693    0.010555         0.0
71  word_h1_30.mp4           72  0.495745  ...    0.691946    0.024429         0.0
72  word_h1_30.mp4           73  0.496204  ...    0.702607    0.018588         0.0
73  word_h1_30.mp4           74  0.496894  ...    0.716274    0.011891         0.0

[74 rows x 1958 columns]
Extracting features...
Face width computed for normalizaiton 0.15971508778301108
Features saved to: ../output/word_h1_30_features.csv
          fn_video  ... distance_r_hand6_r_hand10
0   word_h1_30.mp4  ...                  0.193251
1   word_h1_30.mp4  ...                  0.177181
2   word_h1_30.mp4  ...                  0.173245
3   word_h1_30.mp4  ...                  0.167834
4   word_h1_30.mp4  ...                  0.158747
..             ...  ...                       ...
69  word_h1_30.mp4  ...                  0.212536
70  word_h1_30.mp4  ...                  0.187587
71  word_h1_30.mp4  ...                  0.203088
72  word_h1_30.mp4  ...                  0.171365
73  word_h1_30.mp4  ...                  0.158223

[74 rows x 30 columns]
csv file with predictions was saved to ../output/predictions_rf_position_female_cropped_word_h1_30.csv
Loaded model: ../trained_models/model_rf_shape_female_cropped.pkl
Loaded video: ../stimuli/words/mp4/word_h1_30.mp4
Extracting coordinates...
          fn_video frame_number   x_face0  ...  y_r_hand20  z_r_hand20  v_r_hand20
0   word_h1_30.mp4            1  0.498499  ...    0.702428    0.013825         0.0
1   word_h1_30.mp4            2  0.499037  ...    0.642344   -0.000213         0.0
2   word_h1_30.mp4            3  0.499469  ...    0.619859   -0.001419         0.0
3   word_h1_30.mp4            4  0.499899  ...    0.599614   -0.004917         0.0
4   word_h1_30.mp4            5  0.499847  ...    0.579565   -0.007340         0.0
..             ...          ...       ...  ...         ...         ...         ...
69  word_h1_30.mp4           70  0.495317  ...    0.678464    0.008324         0.0
70  word_h1_30.mp4           71  0.495558  ...    0.681693    0.010555         0.0
71  word_h1_30.mp4           72  0.495745  ...    0.691946    0.024429         0.0
72  word_h1_30.mp4           73  0.496204  ...    0.702607    0.018588         0.0
73  word_h1_30.mp4           74  0.496894  ...    0.716274    0.011891         0.0

[74 rows x 1958 columns]
Extracting features...
Face width computed for normalizaiton 0.15971508778301108
Features saved to: ../output/word_h1_30_features.csv
          fn_video  ... distance_r_hand6_r_hand10
0   word_h1_30.mp4  ...                  0.193251
1   word_h1_30.mp4  ...                  0.177181
2   word_h1_30.mp4  ...                  0.173245
3   word_h1_30.mp4  ...                  0.167834
4   word_h1_30.mp4  ...                  0.158747
..             ...  ...                       ...
69  word_h1_30.mp4  ...                  0.212536
70  word_h1_30.mp4  ...                  0.187587
71  word_h1_30.mp4  ...                  0.203088
72  word_h1_30.mp4  ...                  0.171365
73  word_h1_30.mp4  ...                  0.158223

[74 rows x 30 columns]
csv file with predictions was saved to ../output/predictions_rf_shape_female_cropped_word_h1_30.csv
Visualization for: ../stimuli/words/mp4/word_h1_30.mp4
32
