python is /network/lustre/iss02/home/annahita.sarre/anaconda3/envs/myenv/bin/python
Loaded model: ../trained_models/model_rf_position_female_cropped.pkl
Loaded video: ../stimuli/words/mp4/word_h2_03.mp4
Extracting coordinates...
          fn_video frame_number   x_face0  ...  y_r_hand20  z_r_hand20  v_r_hand20
0   word_h2_03.mp4            1  0.493851  ...    1.006977    0.016557         0.0
1   word_h2_03.mp4            2  0.494268  ...    0.936666   -0.000042         0.0
2   word_h2_03.mp4            3  0.494826  ...    0.916061    0.013340         0.0
3   word_h2_03.mp4            4  0.494848  ...    0.888011    0.017982         0.0
4   word_h2_03.mp4            5  0.494907  ...    0.859467    0.018659         0.0
..             ...          ...       ...  ...         ...         ...         ...
58  word_h2_03.mp4           59  0.500465  ...    0.748397   -0.011798         0.0
59  word_h2_03.mp4           60  0.500247  ...    0.750037   -0.010179         0.0
60  word_h2_03.mp4           61  0.500261  ...    0.753110   -0.006226         0.0
61  word_h2_03.mp4           62  0.500130  ...    0.755186   -0.002846         0.0
62  word_h2_03.mp4           63  0.500618  ...    0.755111    0.000627         0.0

[63 rows x 1958 columns]
Extracting features...
Face width computed for normalizaiton 0.1612938369360605
Features saved to: ../output/word_h2_03_features.csv
          fn_video  ... distance_r_hand6_r_hand10
0   word_h2_03.mp4  ...                  0.241738
1   word_h2_03.mp4  ...                  0.251058
2   word_h2_03.mp4  ...                  0.226101
3   word_h2_03.mp4  ...                  0.218017
4   word_h2_03.mp4  ...                  0.221745
..             ...  ...                       ...
58  word_h2_03.mp4  ...                  0.309151
59  word_h2_03.mp4  ...                  0.298100
60  word_h2_03.mp4  ...                  0.275018
61  word_h2_03.mp4  ...                  0.289646
62  word_h2_03.mp4  ...                  0.246749

[63 rows x 30 columns]
csv file with predictions was saved to ../output/predictions_rf_position_female_cropped_word_h2_03.csv
Loaded model: ../trained_models/model_rf_shape_female_cropped.pkl
Loaded video: ../stimuli/words/mp4/word_h2_03.mp4
Extracting coordinates...
          fn_video frame_number   x_face0  ...  y_r_hand20  z_r_hand20  v_r_hand20
0   word_h2_03.mp4            1  0.493851  ...    1.006977    0.016557         0.0
1   word_h2_03.mp4            2  0.494268  ...    0.936666   -0.000042         0.0
2   word_h2_03.mp4            3  0.494826  ...    0.916061    0.013340         0.0
3   word_h2_03.mp4            4  0.494848  ...    0.888011    0.017982         0.0
4   word_h2_03.mp4            5  0.494907  ...    0.859467    0.018659         0.0
..             ...          ...       ...  ...         ...         ...         ...
58  word_h2_03.mp4           59  0.500465  ...    0.748397   -0.011798         0.0
59  word_h2_03.mp4           60  0.500247  ...    0.750037   -0.010179         0.0
60  word_h2_03.mp4           61  0.500261  ...    0.753110   -0.006226         0.0
61  word_h2_03.mp4           62  0.500130  ...    0.755186   -0.002846         0.0
62  word_h2_03.mp4           63  0.500618  ...    0.755111    0.000627         0.0

[63 rows x 1958 columns]
Extracting features...
Face width computed for normalizaiton 0.1612938369360605
Features saved to: ../output/word_h2_03_features.csv
          fn_video  ... distance_r_hand6_r_hand10
0   word_h2_03.mp4  ...                  0.241738
1   word_h2_03.mp4  ...                  0.251058
2   word_h2_03.mp4  ...                  0.226101
3   word_h2_03.mp4  ...                  0.218017
4   word_h2_03.mp4  ...                  0.221745
..             ...  ...                       ...
58  word_h2_03.mp4  ...                  0.309151
59  word_h2_03.mp4  ...                  0.298100
60  word_h2_03.mp4  ...                  0.275018
61  word_h2_03.mp4  ...                  0.289646
62  word_h2_03.mp4  ...                  0.246749

[63 rows x 30 columns]
csv file with predictions was saved to ../output/predictions_rf_shape_female_cropped_word_h2_03.csv
Visualization for: ../stimuli/words/mp4/word_h2_03.mp4
32
