python is /network/lustre/iss02/home/annahita.sarre/anaconda3/envs/myenv/bin/python
Loaded model: ../trained_models/model_rf_position_female_cropped.pkl
Loaded video: ../stimuli/words/mp4/word_l2_38.mp4
Extracting coordinates...
          fn_video frame_number   x_face0  ...  y_r_hand20  z_r_hand20  v_r_hand20
0   word_l2_38.mp4            1  0.501059  ...    1.042121    0.023021         0.0
1   word_l2_38.mp4            2  0.498911  ...    0.984635    0.018578         0.0
2   word_l2_38.mp4            3  0.498805  ...    0.966405    0.022714         0.0
3   word_l2_38.mp4            4  0.498252  ...    0.945178    0.019586         0.0
4   word_l2_38.mp4            5  0.498708  ...    0.924192    0.023371         0.0
5   word_l2_38.mp4            6  0.498557  ...    0.906815    0.016538         0.0
6   word_l2_38.mp4            7  0.498781  ...    0.892163    0.015311         0.0
7   word_l2_38.mp4            8  0.498124  ...    0.872636    0.016442         0.0
8   word_l2_38.mp4            9  0.497590  ...    0.854285    0.018374         0.0
9   word_l2_38.mp4           10  0.497287  ...    0.842804    0.013748         0.0
10  word_l2_38.mp4           11  0.496635  ...    0.822321    0.013723         0.0
11  word_l2_38.mp4           12  0.496926  ...    0.809561    0.010625         0.0
12  word_l2_38.mp4           13  0.496893  ...    0.788716    0.012193         0.0
13  word_l2_38.mp4           14  0.497211  ...    0.771871    0.017085         0.0
14  word_l2_38.mp4           15  0.497148  ...    0.759681    0.017247         0.0
15  word_l2_38.mp4           16  0.497800  ...    0.746880    0.019076         0.0
16  word_l2_38.mp4           17  0.498211  ...    0.729124    0.026523         0.0
17  word_l2_38.mp4           18  0.498182  ...    0.719604    0.013517         0.0
18  word_l2_38.mp4           19  0.498039  ...    0.707589    0.009566         0.0
19  word_l2_38.mp4           20  0.497906  ...    0.692885    0.011280         0.0
20  word_l2_38.mp4           21  0.497232  ...    0.679573    0.018334         0.0
21  word_l2_38.mp4           22  0.496669  ...    0.666843    0.019348         0.0
22  word_l2_38.mp4           23  0.496571  ...    0.660998    0.013311         0.0
23  word_l2_38.mp4           24  0.497069  ...    0.658361    0.013825         0.0
24  word_l2_38.mp4           25  0.497214  ...    0.663432    0.012871         0.0
25  word_l2_38.mp4           26  0.497770  ...    0.664999    0.017553         0.0
26  word_l2_38.mp4           27  0.498049  ...    0.614047    0.020155         0.0
27  word_l2_38.mp4           28  0.498122  ...    0.589860   -0.006918         0.0
28  word_l2_38.mp4           29  0.498752  ...    0.569605   -0.008537         0.0
29  word_l2_38.mp4           30  0.499284  ...    0.563153   -0.001775         0.0
30  word_l2_38.mp4           31  0.499571  ...    0.561823   -0.003095         0.0
31  word_l2_38.mp4           32  0.499601  ...    0.556183    0.004852         0.0
32  word_l2_38.mp4           33  0.500009  ...    0.555414    0.003100         0.0
33  word_l2_38.mp4           34  0.499999  ...    0.549103    0.004066         0.0
34  word_l2_38.mp4           35  0.498657  ...    0.547902    0.008487         0.0
35  word_l2_38.mp4           36  0.498097  ...    0.544960    0.007343         0.0
36  word_l2_38.mp4           37  0.497722  ...    0.541364   -0.004830         0.0
37  word_l2_38.mp4           38  0.497783  ...    0.540332   -0.006781         0.0
38  word_l2_38.mp4           39  0.497907  ...    0.540641   -0.004828         0.0
39  word_l2_38.mp4           40  0.497655  ...    0.540653   -0.014760         0.0
40  word_l2_38.mp4           41  0.497846  ...    0.540667   -0.013759         0.0
41  word_l2_38.mp4           42  0.497530  ...    0.541332   -0.013645         0.0
42  word_l2_38.mp4           43  0.498692  ...    0.542553   -0.011115         0.0
43  word_l2_38.mp4           44  0.498180  ...    0.542833   -0.008290         0.0
44  word_l2_38.mp4           45  0.498412  ...    0.542874   -0.007419         0.0
45  word_l2_38.mp4           46  0.498227  ...    0.543833   -0.016734         0.0
46  word_l2_38.mp4           47  0.498310  ...    0.544493   -0.015563         0.0
47  word_l2_38.mp4           48  0.498305  ...    0.546165   -0.022546         0.0
48  word_l2_38.mp4           49  0.498438  ...    0.547199   -0.017111         0.0
49  word_l2_38.mp4           50  0.498424  ...    0.548886   -0.017697         0.0
50  word_l2_38.mp4           51  0.498438  ...    0.554391   -0.015665         0.0
51  word_l2_38.mp4           52  0.498373  ...    0.568245   -0.009894         0.0
52  word_l2_38.mp4           53  0.498700  ...    0.597740    0.012438         0.0
53  word_l2_38.mp4           54  0.498678  ...    0.657393    0.006648         0.0
54  word_l2_38.mp4           55  0.498918  ...    0.685696    0.009341         0.0
55  word_l2_38.mp4           56  0.498673  ...    0.699788    0.010571         0.0
56  word_l2_38.mp4           57  0.499105  ...    0.723480    0.011202         0.0
57  word_l2_38.mp4           58  0.499224  ...    0.741560    0.013036         0.0
58  word_l2_38.mp4           59  0.499325  ...    0.759459    0.008192         0.0
59  word_l2_38.mp4           60  0.499485  ...    0.789253    0.017900         0.0

[60 rows x 1958 columns]
Extracting features...
Face width computed for normalizaiton 0.15594211763211963
Features saved to: ../output/word_l2_38_features.csv
          fn_video  ... distance_r_hand6_r_hand10
0   word_l2_38.mp4  ...                  0.256247
1   word_l2_38.mp4  ...                  0.247376
2   word_l2_38.mp4  ...                  0.260457
3   word_l2_38.mp4  ...                  0.226292
4   word_l2_38.mp4  ...                  0.218914
5   word_l2_38.mp4  ...                  0.215519
6   word_l2_38.mp4  ...                  0.225756
7   word_l2_38.mp4  ...                  0.215318
8   word_l2_38.mp4  ...                  0.214920
9   word_l2_38.mp4  ...                  0.213202
10  word_l2_38.mp4  ...                  0.223522
11  word_l2_38.mp4  ...                  0.221711
12  word_l2_38.mp4  ...                  0.224527
13  word_l2_38.mp4  ...                  0.213851
14  word_l2_38.mp4  ...                  0.213018
15  word_l2_38.mp4  ...                  0.197629
16  word_l2_38.mp4  ...                  0.194470
17  word_l2_38.mp4  ...                  0.185021
18  word_l2_38.mp4  ...                  0.166934
19  word_l2_38.mp4  ...                  0.164056
20  word_l2_38.mp4  ...                  0.157563
21  word_l2_38.mp4  ...                  0.151307
22  word_l2_38.mp4  ...                  0.153854
23  word_l2_38.mp4  ...                  0.149143
24  word_l2_38.mp4  ...                  0.156654
25  word_l2_38.mp4  ...                  0.156924
26  word_l2_38.mp4  ...                  0.147914
27  word_l2_38.mp4  ...                  0.134346
28  word_l2_38.mp4  ...                  0.162409
29  word_l2_38.mp4  ...                  0.158834
30  word_l2_38.mp4  ...                  0.161991
31  word_l2_38.mp4  ...                  0.187756
32  word_l2_38.mp4  ...                  0.179442
33  word_l2_38.mp4  ...                  0.166267
34  word_l2_38.mp4  ...                  0.158640
35  word_l2_38.mp4  ...                  0.163790
36  word_l2_38.mp4  ...                  0.147906
37  word_l2_38.mp4  ...                  0.129781
38  word_l2_38.mp4  ...                  0.128021
39  word_l2_38.mp4  ...                  0.132632
40  word_l2_38.mp4  ...                  0.134009
41  word_l2_38.mp4  ...                  0.137004
42  word_l2_38.mp4  ...                  0.134720
43  word_l2_38.mp4  ...                  0.132331
44  word_l2_38.mp4  ...                  0.134386
45  word_l2_38.mp4  ...                  0.132469
46  word_l2_38.mp4  ...                  0.132388
47  word_l2_38.mp4  ...                  0.136532
48  word_l2_38.mp4  ...                  0.136053
49  word_l2_38.mp4  ...                  0.147723
50  word_l2_38.mp4  ...                  0.151854
51  word_l2_38.mp4  ...                  0.162822
52  word_l2_38.mp4  ...                  0.155396
53  word_l2_38.mp4  ...                  0.159804
54  word_l2_38.mp4  ...                  0.156221
55  word_l2_38.mp4  ...                  0.152059
56  word_l2_38.mp4  ...                  0.169253
57  word_l2_38.mp4  ...                  0.183069
58  word_l2_38.mp4  ...                  0.189239
59  word_l2_38.mp4  ...                  0.181123

[60 rows x 30 columns]
csv file with predictions was saved to ../output/predictions_rf_position_female_cropped_word_l2_38.csv
Loaded model: ../trained_models/model_rf_shape_female_cropped.pkl
Loaded video: ../stimuli/words/mp4/word_l2_38.mp4
Extracting coordinates...
          fn_video frame_number   x_face0  ...  y_r_hand20  z_r_hand20  v_r_hand20
0   word_l2_38.mp4            1  0.501059  ...    1.042121    0.023021         0.0
1   word_l2_38.mp4            2  0.498911  ...    0.984635    0.018578         0.0
2   word_l2_38.mp4            3  0.498805  ...    0.966405    0.022714         0.0
3   word_l2_38.mp4            4  0.498252  ...    0.945178    0.019586         0.0
4   word_l2_38.mp4            5  0.498708  ...    0.924192    0.023371         0.0
5   word_l2_38.mp4            6  0.498557  ...    0.906815    0.016538         0.0
6   word_l2_38.mp4            7  0.498781  ...    0.892163    0.015311         0.0
7   word_l2_38.mp4            8  0.498124  ...    0.872636    0.016442         0.0
8   word_l2_38.mp4            9  0.497590  ...    0.854285    0.018374         0.0
9   word_l2_38.mp4           10  0.497287  ...    0.842804    0.013748         0.0
10  word_l2_38.mp4           11  0.496635  ...    0.822321    0.013723         0.0
11  word_l2_38.mp4           12  0.496926  ...    0.809561    0.010625         0.0
12  word_l2_38.mp4           13  0.496893  ...    0.788716    0.012193         0.0
13  word_l2_38.mp4           14  0.497211  ...    0.771871    0.017085         0.0
14  word_l2_38.mp4           15  0.497148  ...    0.759681    0.017247         0.0
15  word_l2_38.mp4           16  0.497800  ...    0.746880    0.019076         0.0
16  word_l2_38.mp4           17  0.498211  ...    0.729124    0.026523         0.0
17  word_l2_38.mp4           18  0.498182  ...    0.719604    0.013517         0.0
18  word_l2_38.mp4           19  0.498039  ...    0.707589    0.009566         0.0
19  word_l2_38.mp4           20  0.497906  ...    0.692885    0.011280         0.0
20  word_l2_38.mp4           21  0.497232  ...    0.679573    0.018334         0.0
21  word_l2_38.mp4           22  0.496669  ...    0.666843    0.019348         0.0
22  word_l2_38.mp4           23  0.496571  ...    0.660998    0.013311         0.0
23  word_l2_38.mp4           24  0.497069  ...    0.658361    0.013825         0.0
24  word_l2_38.mp4           25  0.497214  ...    0.663432    0.012871         0.0
25  word_l2_38.mp4           26  0.497770  ...    0.664999    0.017553         0.0
26  word_l2_38.mp4           27  0.498049  ...    0.614047    0.020155         0.0
27  word_l2_38.mp4           28  0.498122  ...    0.589860   -0.006918         0.0
28  word_l2_38.mp4           29  0.498752  ...    0.569605   -0.008537         0.0
29  word_l2_38.mp4           30  0.499284  ...    0.563153   -0.001775         0.0
30  word_l2_38.mp4           31  0.499571  ...    0.561823   -0.003095         0.0
31  word_l2_38.mp4           32  0.499601  ...    0.556183    0.004852         0.0
32  word_l2_38.mp4           33  0.500009  ...    0.555414    0.003100         0.0
33  word_l2_38.mp4           34  0.499999  ...    0.549103    0.004066         0.0
34  word_l2_38.mp4           35  0.498657  ...    0.547902    0.008487         0.0
35  word_l2_38.mp4           36  0.498097  ...    0.544960    0.007343         0.0
36  word_l2_38.mp4           37  0.497722  ...    0.541364   -0.004830         0.0
37  word_l2_38.mp4           38  0.497783  ...    0.540332   -0.006781         0.0
38  word_l2_38.mp4           39  0.497907  ...    0.540641   -0.004828         0.0
39  word_l2_38.mp4           40  0.497655  ...    0.540653   -0.014760         0.0
40  word_l2_38.mp4           41  0.497846  ...    0.540667   -0.013759         0.0
41  word_l2_38.mp4           42  0.497530  ...    0.541332   -0.013645         0.0
42  word_l2_38.mp4           43  0.498692  ...    0.542553   -0.011115         0.0
43  word_l2_38.mp4           44  0.498180  ...    0.542833   -0.008290         0.0
44  word_l2_38.mp4           45  0.498412  ...    0.542874   -0.007419         0.0
45  word_l2_38.mp4           46  0.498227  ...    0.543833   -0.016734         0.0
46  word_l2_38.mp4           47  0.498310  ...    0.544493   -0.015563         0.0
47  word_l2_38.mp4           48  0.498305  ...    0.546165   -0.022546         0.0
48  word_l2_38.mp4           49  0.498438  ...    0.547199   -0.017111         0.0
49  word_l2_38.mp4           50  0.498424  ...    0.548886   -0.017697         0.0
50  word_l2_38.mp4           51  0.498438  ...    0.554391   -0.015665         0.0
51  word_l2_38.mp4           52  0.498373  ...    0.568245   -0.009894         0.0
52  word_l2_38.mp4           53  0.498700  ...    0.597740    0.012438         0.0
53  word_l2_38.mp4           54  0.498678  ...    0.657393    0.006648         0.0
54  word_l2_38.mp4           55  0.498918  ...    0.685696    0.009341         0.0
55  word_l2_38.mp4           56  0.498673  ...    0.699788    0.010571         0.0
56  word_l2_38.mp4           57  0.499105  ...    0.723480    0.011202         0.0
57  word_l2_38.mp4           58  0.499224  ...    0.741560    0.013036         0.0
58  word_l2_38.mp4           59  0.499325  ...    0.759459    0.008192         0.0
59  word_l2_38.mp4           60  0.499485  ...    0.789253    0.017900         0.0

[60 rows x 1958 columns]
Extracting features...
Face width computed for normalizaiton 0.15594211763211963
Features saved to: ../output/word_l2_38_features.csv
          fn_video  ... distance_r_hand6_r_hand10
0   word_l2_38.mp4  ...                  0.256247
1   word_l2_38.mp4  ...                  0.247376
2   word_l2_38.mp4  ...                  0.260457
3   word_l2_38.mp4  ...                  0.226292
4   word_l2_38.mp4  ...                  0.218914
5   word_l2_38.mp4  ...                  0.215519
6   word_l2_38.mp4  ...                  0.225756
7   word_l2_38.mp4  ...                  0.215318
8   word_l2_38.mp4  ...                  0.214920
9   word_l2_38.mp4  ...                  0.213202
10  word_l2_38.mp4  ...                  0.223522
11  word_l2_38.mp4  ...                  0.221711
12  word_l2_38.mp4  ...                  0.224527
13  word_l2_38.mp4  ...                  0.213851
14  word_l2_38.mp4  ...                  0.213018
15  word_l2_38.mp4  ...                  0.197629
16  word_l2_38.mp4  ...                  0.194470
17  word_l2_38.mp4  ...                  0.185021
18  word_l2_38.mp4  ...                  0.166934
19  word_l2_38.mp4  ...                  0.164056
20  word_l2_38.mp4  ...                  0.157563
21  word_l2_38.mp4  ...                  0.151307
22  word_l2_38.mp4  ...                  0.153854
23  word_l2_38.mp4  ...                  0.149143
24  word_l2_38.mp4  ...                  0.156654
25  word_l2_38.mp4  ...                  0.156924
26  word_l2_38.mp4  ...                  0.147914
27  word_l2_38.mp4  ...                  0.134346
28  word_l2_38.mp4  ...                  0.162409
29  word_l2_38.mp4  ...                  0.158834
30  word_l2_38.mp4  ...                  0.161991
31  word_l2_38.mp4  ...                  0.187756
32  word_l2_38.mp4  ...                  0.179442
33  word_l2_38.mp4  ...                  0.166267
34  word_l2_38.mp4  ...                  0.158640
35  word_l2_38.mp4  ...                  0.163790
36  word_l2_38.mp4  ...                  0.147906
37  word_l2_38.mp4  ...                  0.129781
38  word_l2_38.mp4  ...                  0.128021
39  word_l2_38.mp4  ...                  0.132632
40  word_l2_38.mp4  ...                  0.134009
41  word_l2_38.mp4  ...                  0.137004
42  word_l2_38.mp4  ...                  0.134720
43  word_l2_38.mp4  ...                  0.132331
44  word_l2_38.mp4  ...                  0.134386
45  word_l2_38.mp4  ...                  0.132469
46  word_l2_38.mp4  ...                  0.132388
47  word_l2_38.mp4  ...                  0.136532
48  word_l2_38.mp4  ...                  0.136053
49  word_l2_38.mp4  ...                  0.147723
50  word_l2_38.mp4  ...                  0.151854
51  word_l2_38.mp4  ...                  0.162822
52  word_l2_38.mp4  ...                  0.155396
53  word_l2_38.mp4  ...                  0.159804
54  word_l2_38.mp4  ...                  0.156221
55  word_l2_38.mp4  ...                  0.152059
56  word_l2_38.mp4  ...                  0.169253
57  word_l2_38.mp4  ...                  0.183069
58  word_l2_38.mp4  ...                  0.189239
59  word_l2_38.mp4  ...                  0.181123

[60 rows x 30 columns]
csv file with predictions was saved to ../output/predictions_rf_shape_female_cropped_word_l2_38.csv
