python is /network/lustre/iss02/home/annahita.sarre/anaconda3/envs/myenv/bin/python
Loaded model: ../trained_models/model_rf_position_female_cropped.pkl
Loaded video: ../stimuli/words/mp4/word_l2_21.mp4
Extracting coordinates...
          fn_video frame_number   x_face0  ...  y_r_hand20  z_r_hand20  v_r_hand20
0   word_l2_21.mp4            1  0.494204  ...    0.991538    0.010677         0.0
1   word_l2_21.mp4            2  0.494108  ...    0.962332    0.043999         0.0
2   word_l2_21.mp4            3  0.493634  ...    0.929608    0.020160         0.0
3   word_l2_21.mp4            4  0.493873  ...    0.910460    0.032545         0.0
4   word_l2_21.mp4            5  0.493760  ...    0.889857    0.041562         0.0
5   word_l2_21.mp4            6  0.494070  ...    0.864988    0.028914         0.0
6   word_l2_21.mp4            7  0.494496  ...    0.842745    0.022129         0.0
7   word_l2_21.mp4            8  0.494745  ...    0.812024    0.026311         0.0
8   word_l2_21.mp4            9  0.495067  ...    0.804461    0.020814         0.0
9   word_l2_21.mp4           10  0.495068  ...    0.784958    0.018552         0.0
10  word_l2_21.mp4           11  0.495295  ...    0.781787    0.021845         0.0
11  word_l2_21.mp4           12  0.495509  ...    0.767929    0.022352         0.0
12  word_l2_21.mp4           13  0.495309  ...    0.753118    0.028586         0.0
13  word_l2_21.mp4           14  0.495116  ...    0.740072    0.025796         0.0
14  word_l2_21.mp4           15  0.495235  ...    0.724827    0.014340         0.0
15  word_l2_21.mp4           16  0.494977  ...    0.716928    0.007459         0.0
16  word_l2_21.mp4           17  0.495055  ...    0.709985    0.010411         0.0
17  word_l2_21.mp4           18  0.494694  ...    0.691423    0.007061         0.0
18  word_l2_21.mp4           19  0.494876  ...    0.680108    0.005739         0.0
19  word_l2_21.mp4           20  0.494879  ...    0.669179    0.002512         0.0
20  word_l2_21.mp4           21  0.494492  ...    0.664131    0.001255         0.0
21  word_l2_21.mp4           22  0.494097  ...    0.658268    0.003141         0.0
22  word_l2_21.mp4           23  0.494262  ...    0.652846    0.006885         0.0
23  word_l2_21.mp4           24  0.494246  ...    0.647100    0.002913         0.0
24  word_l2_21.mp4           25  0.494519  ...    0.648353    0.003342         0.0
25  word_l2_21.mp4           26  0.494467  ...    0.653992   -0.003893         0.0
26  word_l2_21.mp4           27  0.494459  ...    0.673775   -0.004086         0.0
27  word_l2_21.mp4           28  0.494428  ...    0.687492   -0.008080         0.0
28  word_l2_21.mp4           29  0.494571  ...    0.694539   -0.009656         0.0
29  word_l2_21.mp4           30  0.494466  ...    0.698463   -0.013891         0.0
30  word_l2_21.mp4           31  0.493751  ...    0.701210   -0.012781         0.0
31  word_l2_21.mp4           32  0.493665  ...    0.700828   -0.012982         0.0
32  word_l2_21.mp4           33  0.494357  ...    0.699486   -0.003876         0.0
33  word_l2_21.mp4           34  0.494577  ...    0.685372   -0.005723         0.0
34  word_l2_21.mp4           35  0.494180  ...    0.673224    0.003163         0.0
35  word_l2_21.mp4           36  0.494098  ...    0.665989    0.002218         0.0
36  word_l2_21.mp4           37  0.494037  ...    0.660368    0.000549         0.0
37  word_l2_21.mp4           38  0.494132  ...    0.658083    0.006013         0.0
38  word_l2_21.mp4           39  0.493851  ...    0.656918    0.005179         0.0
39  word_l2_21.mp4           40  0.493917  ...    0.656841    0.004224         0.0
40  word_l2_21.mp4           41  0.493811  ...    0.657436    0.002304         0.0
41  word_l2_21.mp4           42  0.494154  ...    0.652406    0.004227         0.0
42  word_l2_21.mp4           43  0.494224  ...    0.654857    0.005227         0.0
43  word_l2_21.mp4           44  0.493967  ...    0.650148    0.002953         0.0
44  word_l2_21.mp4           45  0.493762  ...    0.652451    0.002859         0.0
45  word_l2_21.mp4           46  0.493674  ...    0.649735    0.000408         0.0
46  word_l2_21.mp4           47  0.493257  ...    0.645524    0.001706         0.0
47  word_l2_21.mp4           48  0.493101  ...    0.645364    0.000181         0.0
48  word_l2_21.mp4           49  0.493361  ...    0.653276    0.003567         0.0
49  word_l2_21.mp4           50  0.492657  ...    0.658353    0.003127         0.0
50  word_l2_21.mp4           51  0.492745  ...    0.657575   -0.003753         0.0
51  word_l2_21.mp4           52  0.492600  ...    0.659859   -0.007050         0.0
52  word_l2_21.mp4           53  0.492176  ...    0.660931   -0.010100         0.0
53  word_l2_21.mp4           54  0.491990  ...    0.661055   -0.011690         0.0
54  word_l2_21.mp4           55  0.491981  ...    0.652679   -0.006787         0.0
55  word_l2_21.mp4           56  0.491635  ...    0.654413   -0.003056         0.0
56  word_l2_21.mp4           57  0.491709  ...    0.653764   -0.000398         0.0
57  word_l2_21.mp4           58  0.491861  ...    0.645881   -0.004433         0.0

[58 rows x 1958 columns]
Extracting features...
Face width computed for normalizaiton 0.15708191779452454
Features saved to: ../output/word_l2_21_features.csv
          fn_video  ... distance_r_hand6_r_hand10
0   word_l2_21.mp4  ...                  0.213602
1   word_l2_21.mp4  ...                  0.228060
2   word_l2_21.mp4  ...                  0.214531
3   word_l2_21.mp4  ...                  0.200038
4   word_l2_21.mp4  ...                  0.195476
5   word_l2_21.mp4  ...                  0.189163
6   word_l2_21.mp4  ...                  0.195123
7   word_l2_21.mp4  ...                  0.182650
8   word_l2_21.mp4  ...                  0.184577
9   word_l2_21.mp4  ...                  0.176389
10  word_l2_21.mp4  ...                  0.173836
11  word_l2_21.mp4  ...                  0.175247
12  word_l2_21.mp4  ...                  0.155985
13  word_l2_21.mp4  ...                  0.169120
14  word_l2_21.mp4  ...                  0.159336
15  word_l2_21.mp4  ...                  0.153179
16  word_l2_21.mp4  ...                  0.151076
17  word_l2_21.mp4  ...                  0.151857
18  word_l2_21.mp4  ...                  0.150921
19  word_l2_21.mp4  ...                  0.152675
20  word_l2_21.mp4  ...                  0.162924
21  word_l2_21.mp4  ...                  0.177280
22  word_l2_21.mp4  ...                  0.204914
23  word_l2_21.mp4  ...                  0.198982
24  word_l2_21.mp4  ...                  0.210762
25  word_l2_21.mp4  ...                  0.235717
26  word_l2_21.mp4  ...                  0.352885
27  word_l2_21.mp4  ...                  0.372375
28  word_l2_21.mp4  ...                  0.375805
29  word_l2_21.mp4  ...                  0.385262
30  word_l2_21.mp4  ...                  0.387477
31  word_l2_21.mp4  ...                  0.343592
32  word_l2_21.mp4  ...                  0.257752
33  word_l2_21.mp4  ...                  0.186526
34  word_l2_21.mp4  ...                  0.189566
35  word_l2_21.mp4  ...                  0.197422
36  word_l2_21.mp4  ...                  0.205062
37  word_l2_21.mp4  ...                  0.221903
38  word_l2_21.mp4  ...                  0.219846
39  word_l2_21.mp4  ...                  0.225446
40  word_l2_21.mp4  ...                  0.215497
41  word_l2_21.mp4  ...                  0.221286
42  word_l2_21.mp4  ...                  0.223107
43  word_l2_21.mp4  ...                  0.216576
44  word_l2_21.mp4  ...                  0.216044
45  word_l2_21.mp4  ...                  0.215964
46  word_l2_21.mp4  ...                  0.219282
47  word_l2_21.mp4  ...                  0.217881
48  word_l2_21.mp4  ...                  0.227251
49  word_l2_21.mp4  ...                  0.218086
50  word_l2_21.mp4  ...                  0.200889
51  word_l2_21.mp4  ...                  0.182167
52  word_l2_21.mp4  ...                  0.166834
53  word_l2_21.mp4  ...                  0.163464
54  word_l2_21.mp4  ...                  0.169069
55  word_l2_21.mp4  ...                  0.164639
56  word_l2_21.mp4  ...                  0.183846
57  word_l2_21.mp4  ...                  0.194696

[58 rows x 30 columns]
csv file with predictions was saved to ../output/predictions_rf_position_female_cropped_word_l2_21.csv
Loaded model: ../trained_models/model_rf_shape_female_cropped.pkl
Loaded video: ../stimuli/words/mp4/word_l2_21.mp4
Extracting coordinates...
          fn_video frame_number   x_face0  ...  y_r_hand20  z_r_hand20  v_r_hand20
0   word_l2_21.mp4            1  0.494204  ...    0.991538    0.010677         0.0
1   word_l2_21.mp4            2  0.494108  ...    0.962332    0.043999         0.0
2   word_l2_21.mp4            3  0.493634  ...    0.929608    0.020160         0.0
3   word_l2_21.mp4            4  0.493873  ...    0.910460    0.032545         0.0
4   word_l2_21.mp4            5  0.493760  ...    0.889857    0.041562         0.0
5   word_l2_21.mp4            6  0.494070  ...    0.864988    0.028914         0.0
6   word_l2_21.mp4            7  0.494496  ...    0.842745    0.022129         0.0
7   word_l2_21.mp4            8  0.494745  ...    0.812024    0.026311         0.0
8   word_l2_21.mp4            9  0.495067  ...    0.804461    0.020814         0.0
9   word_l2_21.mp4           10  0.495068  ...    0.784958    0.018552         0.0
10  word_l2_21.mp4           11  0.495295  ...    0.781787    0.021845         0.0
11  word_l2_21.mp4           12  0.495509  ...    0.767929    0.022352         0.0
12  word_l2_21.mp4           13  0.495309  ...    0.753118    0.028586         0.0
13  word_l2_21.mp4           14  0.495116  ...    0.740072    0.025796         0.0
14  word_l2_21.mp4           15  0.495235  ...    0.724827    0.014340         0.0
15  word_l2_21.mp4           16  0.494977  ...    0.716928    0.007459         0.0
16  word_l2_21.mp4           17  0.495055  ...    0.709985    0.010411         0.0
17  word_l2_21.mp4           18  0.494694  ...    0.691423    0.007061         0.0
18  word_l2_21.mp4           19  0.494876  ...    0.680108    0.005739         0.0
19  word_l2_21.mp4           20  0.494879  ...    0.669179    0.002512         0.0
20  word_l2_21.mp4           21  0.494492  ...    0.664131    0.001255         0.0
21  word_l2_21.mp4           22  0.494097  ...    0.658268    0.003141         0.0
22  word_l2_21.mp4           23  0.494262  ...    0.652846    0.006885         0.0
23  word_l2_21.mp4           24  0.494246  ...    0.647100    0.002913         0.0
24  word_l2_21.mp4           25  0.494519  ...    0.648353    0.003342         0.0
25  word_l2_21.mp4           26  0.494467  ...    0.653992   -0.003893         0.0
26  word_l2_21.mp4           27  0.494459  ...    0.673775   -0.004086         0.0
27  word_l2_21.mp4           28  0.494428  ...    0.687492   -0.008080         0.0
28  word_l2_21.mp4           29  0.494571  ...    0.694539   -0.009656         0.0
29  word_l2_21.mp4           30  0.494466  ...    0.698463   -0.013891         0.0
30  word_l2_21.mp4           31  0.493751  ...    0.701210   -0.012781         0.0
31  word_l2_21.mp4           32  0.493665  ...    0.700828   -0.012982         0.0
32  word_l2_21.mp4           33  0.494357  ...    0.699486   -0.003876         0.0
33  word_l2_21.mp4           34  0.494577  ...    0.685372   -0.005723         0.0
34  word_l2_21.mp4           35  0.494180  ...    0.673224    0.003163         0.0
35  word_l2_21.mp4           36  0.494098  ...    0.665989    0.002218         0.0
36  word_l2_21.mp4           37  0.494037  ...    0.660368    0.000549         0.0
37  word_l2_21.mp4           38  0.494132  ...    0.658083    0.006013         0.0
38  word_l2_21.mp4           39  0.493851  ...    0.656918    0.005179         0.0
39  word_l2_21.mp4           40  0.493917  ...    0.656841    0.004224         0.0
40  word_l2_21.mp4           41  0.493811  ...    0.657436    0.002304         0.0
41  word_l2_21.mp4           42  0.494154  ...    0.652406    0.004227         0.0
42  word_l2_21.mp4           43  0.494224  ...    0.654857    0.005227         0.0
43  word_l2_21.mp4           44  0.493967  ...    0.650148    0.002953         0.0
44  word_l2_21.mp4           45  0.493762  ...    0.652451    0.002859         0.0
45  word_l2_21.mp4           46  0.493674  ...    0.649735    0.000408         0.0
46  word_l2_21.mp4           47  0.493257  ...    0.645524    0.001706         0.0
47  word_l2_21.mp4           48  0.493101  ...    0.645364    0.000181         0.0
48  word_l2_21.mp4           49  0.493361  ...    0.653276    0.003567         0.0
49  word_l2_21.mp4           50  0.492657  ...    0.658353    0.003127         0.0
50  word_l2_21.mp4           51  0.492745  ...    0.657575   -0.003753         0.0
51  word_l2_21.mp4           52  0.492600  ...    0.659859   -0.007050         0.0
52  word_l2_21.mp4           53  0.492176  ...    0.660931   -0.010100         0.0
53  word_l2_21.mp4           54  0.491990  ...    0.661055   -0.011690         0.0
54  word_l2_21.mp4           55  0.491981  ...    0.652679   -0.006787         0.0
55  word_l2_21.mp4           56  0.491635  ...    0.654413   -0.003056         0.0
56  word_l2_21.mp4           57  0.491709  ...    0.653764   -0.000398         0.0
57  word_l2_21.mp4           58  0.491861  ...    0.645881   -0.004433         0.0

[58 rows x 1958 columns]
Extracting features...
Face width computed for normalizaiton 0.15708191779452454
Features saved to: ../output/word_l2_21_features.csv
          fn_video  ... distance_r_hand6_r_hand10
0   word_l2_21.mp4  ...                  0.213602
1   word_l2_21.mp4  ...                  0.228060
2   word_l2_21.mp4  ...                  0.214531
3   word_l2_21.mp4  ...                  0.200038
4   word_l2_21.mp4  ...                  0.195476
5   word_l2_21.mp4  ...                  0.189163
6   word_l2_21.mp4  ...                  0.195123
7   word_l2_21.mp4  ...                  0.182650
8   word_l2_21.mp4  ...                  0.184577
9   word_l2_21.mp4  ...                  0.176389
10  word_l2_21.mp4  ...                  0.173836
11  word_l2_21.mp4  ...                  0.175247
12  word_l2_21.mp4  ...                  0.155985
13  word_l2_21.mp4  ...                  0.169120
14  word_l2_21.mp4  ...                  0.159336
15  word_l2_21.mp4  ...                  0.153179
16  word_l2_21.mp4  ...                  0.151076
17  word_l2_21.mp4  ...                  0.151857
18  word_l2_21.mp4  ...                  0.150921
19  word_l2_21.mp4  ...                  0.152675
20  word_l2_21.mp4  ...                  0.162924
21  word_l2_21.mp4  ...                  0.177280
22  word_l2_21.mp4  ...                  0.204914
23  word_l2_21.mp4  ...                  0.198982
24  word_l2_21.mp4  ...                  0.210762
25  word_l2_21.mp4  ...                  0.235717
26  word_l2_21.mp4  ...                  0.352885
27  word_l2_21.mp4  ...                  0.372375
28  word_l2_21.mp4  ...                  0.375805
29  word_l2_21.mp4  ...                  0.385262
30  word_l2_21.mp4  ...                  0.387477
31  word_l2_21.mp4  ...                  0.343592
32  word_l2_21.mp4  ...                  0.257752
33  word_l2_21.mp4  ...                  0.186526
34  word_l2_21.mp4  ...                  0.189566
35  word_l2_21.mp4  ...                  0.197422
36  word_l2_21.mp4  ...                  0.205062
37  word_l2_21.mp4  ...                  0.221903
38  word_l2_21.mp4  ...                  0.219846
39  word_l2_21.mp4  ...                  0.225446
40  word_l2_21.mp4  ...                  0.215497
41  word_l2_21.mp4  ...                  0.221286
42  word_l2_21.mp4  ...                  0.223107
43  word_l2_21.mp4  ...                  0.216576
44  word_l2_21.mp4  ...                  0.216044
45  word_l2_21.mp4  ...                  0.215964
46  word_l2_21.mp4  ...                  0.219282
47  word_l2_21.mp4  ...                  0.217881
48  word_l2_21.mp4  ...                  0.227251
49  word_l2_21.mp4  ...                  0.218086
50  word_l2_21.mp4  ...                  0.200889
51  word_l2_21.mp4  ...                  0.182167
52  word_l2_21.mp4  ...                  0.166834
53  word_l2_21.mp4  ...                  0.163464
54  word_l2_21.mp4  ...                  0.169069
55  word_l2_21.mp4  ...                  0.164639
56  word_l2_21.mp4  ...                  0.183846
57  word_l2_21.mp4  ...                  0.194696

[58 rows x 30 columns]
csv file with predictions was saved to ../output/predictions_rf_shape_female_cropped_word_l2_21.csv
