python is /network/lustre/iss02/home/annahita.sarre/anaconda3/envs/myenv/bin/python
Loaded model: ../trained_models/model_rf_position_female_cropped.pkl
Loaded video: ../stimuli/words/mp4/word_l2_24.mp4
Extracting coordinates...
          fn_video frame_number   x_face0  ...  y_r_hand20  z_r_hand20  v_r_hand20
0   word_l2_24.mp4            2  0.496691  ...    1.042309    0.029067         0.0
1   word_l2_24.mp4            3  0.496657  ...    0.976640    0.041291         0.0
2   word_l2_24.mp4            4  0.496614  ...    0.956460    0.023045         0.0
3   word_l2_24.mp4            5  0.496147  ...    0.927162    0.032632         0.0
4   word_l2_24.mp4            6  0.496013  ...    0.907894    0.029648         0.0
5   word_l2_24.mp4            7  0.495683  ...    0.879757    0.035295         0.0
6   word_l2_24.mp4            8  0.495321  ...    0.855455    0.029363         0.0
7   word_l2_24.mp4            9  0.495171  ...    0.832844    0.025786         0.0
8   word_l2_24.mp4           10  0.494820  ...    0.803760    0.024324         0.0
9   word_l2_24.mp4           11  0.494843  ...    0.779304    0.014845         0.0
10  word_l2_24.mp4           12  0.494701  ...    0.764612    0.015797         0.0
11  word_l2_24.mp4           13  0.494392  ...    0.741977    0.011623         0.0
12  word_l2_24.mp4           14  0.494260  ...    0.724034    0.009996         0.0
13  word_l2_24.mp4           15  0.493785  ...    0.697869    0.012944         0.0
14  word_l2_24.mp4           16  0.493977  ...    0.676233    0.003998         0.0
15  word_l2_24.mp4           17  0.493890  ...    0.657845    0.007646         0.0
16  word_l2_24.mp4           18  0.493706  ...    0.649005    0.007568         0.0
17  word_l2_24.mp4           19  0.493772  ...    0.647015    0.007401         0.0
18  word_l2_24.mp4           20  0.493818  ...    0.645530    0.011096         0.0
19  word_l2_24.mp4           21  0.493920  ...    0.654320    0.018926         0.0
20  word_l2_24.mp4           22  0.493984  ...    0.664145   -0.000353         0.0
21  word_l2_24.mp4           23  0.493731  ...    0.677439   -0.004035         0.0
22  word_l2_24.mp4           24  0.493530  ...    0.684152   -0.002876         0.0
23  word_l2_24.mp4           25  0.493075  ...    0.689799    0.002364         0.0
24  word_l2_24.mp4           26  0.492859  ...    0.696658    0.000144         0.0
25  word_l2_24.mp4           27  0.492573  ...    0.702758    0.003189         0.0
26  word_l2_24.mp4           28  0.492709  ...    0.715425    0.001522         0.0
27  word_l2_24.mp4           29  0.492473  ...    0.721996    0.000408         0.0
28  word_l2_24.mp4           30  0.492772  ...    0.725527    0.008102         0.0
29  word_l2_24.mp4           31  0.492400  ...    0.729636    0.012069         0.0
30  word_l2_24.mp4           32  0.492537  ...    0.720193    0.013661         0.0
31  word_l2_24.mp4           33  0.492975  ...    0.705753    0.021210         0.0
32  word_l2_24.mp4           34  0.493880  ...    0.643252    0.006915         0.0
33  word_l2_24.mp4           35  0.493957  ...    0.613296   -0.019174         0.0
34  word_l2_24.mp4           36  0.494531  ...    0.603307   -0.021893         0.0
35  word_l2_24.mp4           37  0.495192  ...    0.602199   -0.013406         0.0
36  word_l2_24.mp4           38  0.495901  ...    0.600996   -0.021030         0.0
37  word_l2_24.mp4           39  0.496778  ...    0.601144   -0.021442         0.0
38  word_l2_24.mp4           40  0.496538  ...    0.603064   -0.030124         0.0
39  word_l2_24.mp4           41  0.496595  ...    0.601789   -0.020224         0.0
40  word_l2_24.mp4           42  0.496587  ...    0.599352   -0.010071         0.0
41  word_l2_24.mp4           43  0.496074  ...    0.598124   -0.016611         0.0
42  word_l2_24.mp4           44  0.495607  ...    0.598057   -0.019354         0.0
43  word_l2_24.mp4           45  0.496299  ...    0.597436   -0.024532         0.0
44  word_l2_24.mp4           46  0.496149  ...    0.597514   -0.021386         0.0
45  word_l2_24.mp4           47  0.495892  ...    0.599688   -0.023462         0.0
46  word_l2_24.mp4           48  0.495605  ...    0.603973   -0.015675         0.0
47  word_l2_24.mp4           49  0.494957  ...    0.611365   -0.026923         0.0
48  word_l2_24.mp4           50  0.494484  ...    0.626752   -0.017732         0.0
49  word_l2_24.mp4           51  0.494305  ...    0.665594    0.005807         0.0
50  word_l2_24.mp4           52  0.494189  ...    0.698441    0.005798         0.0
51  word_l2_24.mp4           53  0.494730  ...    0.736134    0.005966         0.0
52  word_l2_24.mp4           54  0.494563  ...    0.745165    0.007972         0.0

[53 rows x 1958 columns]
Extracting features...
Face width computed for normalizaiton 0.15614973265370374
Features saved to: ../output/word_l2_24_features.csv
          fn_video  ... distance_r_hand6_r_hand10
0   word_l2_24.mp4  ...                  0.203100
1   word_l2_24.mp4  ...                  0.203665
2   word_l2_24.mp4  ...                  0.230668
3   word_l2_24.mp4  ...                  0.210195
4   word_l2_24.mp4  ...                  0.211529
5   word_l2_24.mp4  ...                  0.216200
6   word_l2_24.mp4  ...                  0.207537
7   word_l2_24.mp4  ...                  0.182987
8   word_l2_24.mp4  ...                  0.167016
9   word_l2_24.mp4  ...                  0.165437
10  word_l2_24.mp4  ...                  0.156966
11  word_l2_24.mp4  ...                  0.147560
12  word_l2_24.mp4  ...                  0.144092
13  word_l2_24.mp4  ...                  0.136889
14  word_l2_24.mp4  ...                  0.141838
15  word_l2_24.mp4  ...                  0.149363
16  word_l2_24.mp4  ...                  0.152670
17  word_l2_24.mp4  ...                  0.154353
18  word_l2_24.mp4  ...                  0.182497
19  word_l2_24.mp4  ...                  0.242967
20  word_l2_24.mp4  ...                  0.261496
21  word_l2_24.mp4  ...                  0.305928
22  word_l2_24.mp4  ...                  0.287037
23  word_l2_24.mp4  ...                  0.298349
24  word_l2_24.mp4  ...                  0.309953
25  word_l2_24.mp4  ...                  0.364585
26  word_l2_24.mp4  ...                  0.422192
27  word_l2_24.mp4  ...                  0.411319
28  word_l2_24.mp4  ...                  0.391379
29  word_l2_24.mp4  ...                  0.370300
30  word_l2_24.mp4  ...                  0.255189
31  word_l2_24.mp4  ...                  0.189676
32  word_l2_24.mp4  ...                  0.168347
33  word_l2_24.mp4  ...                  0.159247
34  word_l2_24.mp4  ...                  0.144505
35  word_l2_24.mp4  ...                  0.141729
36  word_l2_24.mp4  ...                  0.145533
37  word_l2_24.mp4  ...                  0.142917
38  word_l2_24.mp4  ...                  0.143969
39  word_l2_24.mp4  ...                  0.141275
40  word_l2_24.mp4  ...                  0.138478
41  word_l2_24.mp4  ...                  0.138666
42  word_l2_24.mp4  ...                  0.138662
43  word_l2_24.mp4  ...                  0.140203
44  word_l2_24.mp4  ...                  0.141831
45  word_l2_24.mp4  ...                  0.144062
46  word_l2_24.mp4  ...                  0.145723
47  word_l2_24.mp4  ...                  0.158523
48  word_l2_24.mp4  ...                  0.166856
49  word_l2_24.mp4  ...                  0.168987
50  word_l2_24.mp4  ...                  0.164925
51  word_l2_24.mp4  ...                  0.167555
52  word_l2_24.mp4  ...                  0.178665

[53 rows x 30 columns]
csv file with predictions was saved to ../output/predictions_rf_position_female_cropped_word_l2_24.csv
Loaded model: ../trained_models/model_rf_shape_female_cropped.pkl
Loaded video: ../stimuli/words/mp4/word_l2_24.mp4
Extracting coordinates...
          fn_video frame_number   x_face0  ...  y_r_hand20  z_r_hand20  v_r_hand20
0   word_l2_24.mp4            2  0.496691  ...    1.042309    0.029067         0.0
1   word_l2_24.mp4            3  0.496657  ...    0.976640    0.041291         0.0
2   word_l2_24.mp4            4  0.496614  ...    0.956460    0.023045         0.0
3   word_l2_24.mp4            5  0.496147  ...    0.927162    0.032632         0.0
4   word_l2_24.mp4            6  0.496013  ...    0.907894    0.029648         0.0
5   word_l2_24.mp4            7  0.495683  ...    0.879757    0.035295         0.0
6   word_l2_24.mp4            8  0.495321  ...    0.855455    0.029363         0.0
7   word_l2_24.mp4            9  0.495171  ...    0.832844    0.025786         0.0
8   word_l2_24.mp4           10  0.494820  ...    0.803760    0.024324         0.0
9   word_l2_24.mp4           11  0.494843  ...    0.779304    0.014845         0.0
10  word_l2_24.mp4           12  0.494701  ...    0.764612    0.015797         0.0
11  word_l2_24.mp4           13  0.494392  ...    0.741977    0.011623         0.0
12  word_l2_24.mp4           14  0.494260  ...    0.724034    0.009996         0.0
13  word_l2_24.mp4           15  0.493785  ...    0.697869    0.012944         0.0
14  word_l2_24.mp4           16  0.493977  ...    0.676233    0.003998         0.0
15  word_l2_24.mp4           17  0.493890  ...    0.657845    0.007646         0.0
16  word_l2_24.mp4           18  0.493706  ...    0.649005    0.007568         0.0
17  word_l2_24.mp4           19  0.493772  ...    0.647015    0.007401         0.0
18  word_l2_24.mp4           20  0.493818  ...    0.645530    0.011096         0.0
19  word_l2_24.mp4           21  0.493920  ...    0.654320    0.018926         0.0
20  word_l2_24.mp4           22  0.493984  ...    0.664145   -0.000353         0.0
21  word_l2_24.mp4           23  0.493731  ...    0.677439   -0.004035         0.0
22  word_l2_24.mp4           24  0.493530  ...    0.684152   -0.002876         0.0
23  word_l2_24.mp4           25  0.493075  ...    0.689799    0.002364         0.0
24  word_l2_24.mp4           26  0.492859  ...    0.696658    0.000144         0.0
25  word_l2_24.mp4           27  0.492573  ...    0.702758    0.003189         0.0
26  word_l2_24.mp4           28  0.492709  ...    0.715425    0.001522         0.0
27  word_l2_24.mp4           29  0.492473  ...    0.721996    0.000408         0.0
28  word_l2_24.mp4           30  0.492772  ...    0.725527    0.008102         0.0
29  word_l2_24.mp4           31  0.492400  ...    0.729636    0.012069         0.0
30  word_l2_24.mp4           32  0.492537  ...    0.720193    0.013661         0.0
31  word_l2_24.mp4           33  0.492975  ...    0.705753    0.021210         0.0
32  word_l2_24.mp4           34  0.493880  ...    0.643252    0.006915         0.0
33  word_l2_24.mp4           35  0.493957  ...    0.613296   -0.019174         0.0
34  word_l2_24.mp4           36  0.494531  ...    0.603307   -0.021893         0.0
35  word_l2_24.mp4           37  0.495192  ...    0.602199   -0.013406         0.0
36  word_l2_24.mp4           38  0.495901  ...    0.600996   -0.021030         0.0
37  word_l2_24.mp4           39  0.496778  ...    0.601144   -0.021442         0.0
38  word_l2_24.mp4           40  0.496538  ...    0.603064   -0.030124         0.0
39  word_l2_24.mp4           41  0.496595  ...    0.601789   -0.020224         0.0
40  word_l2_24.mp4           42  0.496587  ...    0.599352   -0.010071         0.0
41  word_l2_24.mp4           43  0.496074  ...    0.598124   -0.016611         0.0
42  word_l2_24.mp4           44  0.495607  ...    0.598057   -0.019354         0.0
43  word_l2_24.mp4           45  0.496299  ...    0.597436   -0.024532         0.0
44  word_l2_24.mp4           46  0.496149  ...    0.597514   -0.021386         0.0
45  word_l2_24.mp4           47  0.495892  ...    0.599688   -0.023462         0.0
46  word_l2_24.mp4           48  0.495605  ...    0.603973   -0.015675         0.0
47  word_l2_24.mp4           49  0.494957  ...    0.611365   -0.026923         0.0
48  word_l2_24.mp4           50  0.494484  ...    0.626752   -0.017732         0.0
49  word_l2_24.mp4           51  0.494305  ...    0.665594    0.005807         0.0
50  word_l2_24.mp4           52  0.494189  ...    0.698441    0.005798         0.0
51  word_l2_24.mp4           53  0.494730  ...    0.736134    0.005966         0.0
52  word_l2_24.mp4           54  0.494563  ...    0.745165    0.007972         0.0

[53 rows x 1958 columns]
Extracting features...
Face width computed for normalizaiton 0.15614973265370374
Features saved to: ../output/word_l2_24_features.csv
          fn_video  ... distance_r_hand6_r_hand10
0   word_l2_24.mp4  ...                  0.203100
1   word_l2_24.mp4  ...                  0.203665
2   word_l2_24.mp4  ...                  0.230668
3   word_l2_24.mp4  ...                  0.210195
4   word_l2_24.mp4  ...                  0.211529
5   word_l2_24.mp4  ...                  0.216200
6   word_l2_24.mp4  ...                  0.207537
7   word_l2_24.mp4  ...                  0.182987
8   word_l2_24.mp4  ...                  0.167016
9   word_l2_24.mp4  ...                  0.165437
10  word_l2_24.mp4  ...                  0.156966
11  word_l2_24.mp4  ...                  0.147560
12  word_l2_24.mp4  ...                  0.144092
13  word_l2_24.mp4  ...                  0.136889
14  word_l2_24.mp4  ...                  0.141838
15  word_l2_24.mp4  ...                  0.149363
16  word_l2_24.mp4  ...                  0.152670
17  word_l2_24.mp4  ...                  0.154353
18  word_l2_24.mp4  ...                  0.182497
19  word_l2_24.mp4  ...                  0.242967
20  word_l2_24.mp4  ...                  0.261496
21  word_l2_24.mp4  ...                  0.305928
22  word_l2_24.mp4  ...                  0.287037
23  word_l2_24.mp4  ...                  0.298349
24  word_l2_24.mp4  ...                  0.309953
25  word_l2_24.mp4  ...                  0.364585
26  word_l2_24.mp4  ...                  0.422192
27  word_l2_24.mp4  ...                  0.411319
28  word_l2_24.mp4  ...                  0.391379
29  word_l2_24.mp4  ...                  0.370300
30  word_l2_24.mp4  ...                  0.255189
31  word_l2_24.mp4  ...                  0.189676
32  word_l2_24.mp4  ...                  0.168347
33  word_l2_24.mp4  ...                  0.159247
34  word_l2_24.mp4  ...                  0.144505
35  word_l2_24.mp4  ...                  0.141729
36  word_l2_24.mp4  ...                  0.145533
37  word_l2_24.mp4  ...                  0.142917
38  word_l2_24.mp4  ...                  0.143969
39  word_l2_24.mp4  ...                  0.141275
40  word_l2_24.mp4  ...                  0.138478
41  word_l2_24.mp4  ...                  0.138666
42  word_l2_24.mp4  ...                  0.138662
43  word_l2_24.mp4  ...                  0.140203
44  word_l2_24.mp4  ...                  0.141831
45  word_l2_24.mp4  ...                  0.144062
46  word_l2_24.mp4  ...                  0.145723
47  word_l2_24.mp4  ...                  0.158523
48  word_l2_24.mp4  ...                  0.166856
49  word_l2_24.mp4  ...                  0.168987
50  word_l2_24.mp4  ...                  0.164925
51  word_l2_24.mp4  ...                  0.167555
52  word_l2_24.mp4  ...                  0.178665

[53 rows x 30 columns]
csv file with predictions was saved to ../output/predictions_rf_shape_female_cropped_word_l2_24.csv
Visualization for: ../stimuli/words/mp4/word_l2_24.mp4
32
