python is /network/lustre/iss02/home/annahita.sarre/anaconda3/envs/myenv/bin/python
Loaded model: ../trained_models/model_rf_position_female_cropped.pkl
Loaded video: ../stimuli/words/mp4/word_h0_24.mp4
Extracting coordinates...
          fn_video frame_number   x_face0  ...  y_r_hand20  z_r_hand20  v_r_hand20
0   word_h0_24.mp4            1  0.498019  ...    0.826555    0.029833         0.0
1   word_h0_24.mp4            2  0.497526  ...    0.767807    0.033239         0.0
2   word_h0_24.mp4            3  0.498090  ...    0.729841    0.018308         0.0
3   word_h0_24.mp4            4  0.498078  ...    0.705714    0.007325         0.0
4   word_h0_24.mp4            5  0.498709  ...    0.684795    0.007650         0.0
..             ...          ...       ...  ...         ...         ...         ...
64  word_h0_24.mp4           65  0.497812  ...    0.767324   -0.004748         0.0
65  word_h0_24.mp4           66  0.498197  ...    0.808447   -0.006778         0.0
66  word_h0_24.mp4           67  0.498263  ...    0.864339   -0.005562         0.0
67  word_h0_24.mp4           68  0.498234  ...    0.917593   -0.002031         0.0
68  word_h0_24.mp4           69  0.499320  ...    0.957353    0.008852         0.0

[69 rows x 1958 columns]
Extracting features...
Face width computed for normalizaiton 0.1605492160103737
Features saved to: ../output/word_h0_24_features.csv
          fn_video  ... distance_r_hand6_r_hand10
0   word_h0_24.mp4  ...                  0.207670
1   word_h0_24.mp4  ...                  0.171802
2   word_h0_24.mp4  ...                  0.155497
3   word_h0_24.mp4  ...                  0.164071
4   word_h0_24.mp4  ...                  0.170786
..             ...  ...                       ...
64  word_h0_24.mp4  ...                  0.172385
65  word_h0_24.mp4  ...                  0.176730
66  word_h0_24.mp4  ...                  0.189149
67  word_h0_24.mp4  ...                  0.188126
68  word_h0_24.mp4  ...                  0.174751

[69 rows x 30 columns]
csv file with predictions was saved to ../output/predictions_rf_position_female_cropped_word_h0_24.csv
Loaded model: ../trained_models/model_rf_shape_female_cropped.pkl
Loaded video: ../stimuli/words/mp4/word_h0_24.mp4
Extracting coordinates...
          fn_video frame_number   x_face0  ...  y_r_hand20  z_r_hand20  v_r_hand20
0   word_h0_24.mp4            1  0.498019  ...    0.826555    0.029833         0.0
1   word_h0_24.mp4            2  0.497526  ...    0.767807    0.033239         0.0
2   word_h0_24.mp4            3  0.498090  ...    0.729841    0.018308         0.0
3   word_h0_24.mp4            4  0.498078  ...    0.705714    0.007325         0.0
4   word_h0_24.mp4            5  0.498709  ...    0.684795    0.007650         0.0
..             ...          ...       ...  ...         ...         ...         ...
64  word_h0_24.mp4           65  0.497812  ...    0.767324   -0.004748         0.0
65  word_h0_24.mp4           66  0.498197  ...    0.808447   -0.006778         0.0
66  word_h0_24.mp4           67  0.498263  ...    0.864339   -0.005562         0.0
67  word_h0_24.mp4           68  0.498234  ...    0.917593   -0.002031         0.0
68  word_h0_24.mp4           69  0.499320  ...    0.957353    0.008852         0.0

[69 rows x 1958 columns]
Extracting features...
Face width computed for normalizaiton 0.1605492160103737
Features saved to: ../output/word_h0_24_features.csv
          fn_video  ... distance_r_hand6_r_hand10
0   word_h0_24.mp4  ...                  0.207670
1   word_h0_24.mp4  ...                  0.171802
2   word_h0_24.mp4  ...                  0.155497
3   word_h0_24.mp4  ...                  0.164071
4   word_h0_24.mp4  ...                  0.170786
..             ...  ...                       ...
64  word_h0_24.mp4  ...                  0.172385
65  word_h0_24.mp4  ...                  0.176730
66  word_h0_24.mp4  ...                  0.189149
67  word_h0_24.mp4  ...                  0.188126
68  word_h0_24.mp4  ...                  0.174751

[69 rows x 30 columns]
csv file with predictions was saved to ../output/predictions_rf_shape_female_cropped_word_h0_24.csv
Visualization for: ../stimuli/words/mp4/word_h0_24.mp4
32
