python is /network/lustre/iss02/home/annahita.sarre/anaconda3/envs/myenv/bin/python
Loaded model: ../trained_models/model_rf_position_female_cropped.pkl
Loaded video: ../stimuli/words/mp4/word_l2_04.mp4
Extracting coordinates...
          fn_video frame_number   x_face0  ...  y_r_hand20  z_r_hand20  v_r_hand20
0   word_l2_04.mp4            1  0.489838  ...    1.002738    0.051701         0.0
1   word_l2_04.mp4            2  0.489119  ...    0.920762    0.034117         0.0
2   word_l2_04.mp4            3  0.489014  ...    0.903043    0.013845         0.0
3   word_l2_04.mp4            4  0.489091  ...    0.876243    0.021519         0.0
4   word_l2_04.mp4            5  0.488695  ...    0.855021    0.017541         0.0
5   word_l2_04.mp4            6  0.488216  ...    0.826955    0.015470         0.0
6   word_l2_04.mp4            7  0.487945  ...    0.806397    0.017048         0.0
7   word_l2_04.mp4            8  0.488122  ...    0.785652    0.016723         0.0
8   word_l2_04.mp4            9  0.488257  ...    0.761259    0.017530         0.0
9   word_l2_04.mp4           10  0.488215  ...    0.738690    0.012548         0.0
10  word_l2_04.mp4           11  0.487975  ...    0.728049    0.014981         0.0
11  word_l2_04.mp4           12  0.488075  ...    0.719224    0.027740         0.0
12  word_l2_04.mp4           13  0.487778  ...    0.704062    0.021605         0.0
13  word_l2_04.mp4           14  0.488092  ...    0.692634    0.026378         0.0
14  word_l2_04.mp4           15  0.487873  ...    0.685528    0.029720         0.0
15  word_l2_04.mp4           16  0.487666  ...    0.678688    0.024367         0.0
16  word_l2_04.mp4           17  0.487418  ...    0.677345    0.018917         0.0
17  word_l2_04.mp4           18  0.487352  ...    0.678459    0.022768         0.0
18  word_l2_04.mp4           19  0.488011  ...    0.679810    0.021523         0.0
19  word_l2_04.mp4           20  0.487950  ...    0.682341    0.024894         0.0
20  word_l2_04.mp4           21  0.488353  ...    0.678738    0.020740         0.0
21  word_l2_04.mp4           22  0.488088  ...    0.676136    0.017114         0.0
22  word_l2_04.mp4           23  0.488486  ...    0.655376    0.014817         0.0
23  word_l2_04.mp4           24  0.488939  ...    0.604963    0.037696         0.0
24  word_l2_04.mp4           25  0.489692  ...    0.579258   -0.003214         0.0
25  word_l2_04.mp4           26  0.489828  ...    0.561452   -0.008028         0.0
26  word_l2_04.mp4           27  0.489717  ...    0.556406   -0.009257         0.0
27  word_l2_04.mp4           28  0.489675  ...    0.553974   -0.006691         0.0
28  word_l2_04.mp4           29  0.489165  ...    0.554271    0.003766         0.0
29  word_l2_04.mp4           30  0.489095  ...    0.552746    0.004648         0.0
30  word_l2_04.mp4           31  0.488959  ...    0.552650    0.007183         0.0
31  word_l2_04.mp4           32  0.489046  ...    0.553408   -0.011857         0.0
32  word_l2_04.mp4           33  0.488224  ...    0.553162   -0.017203         0.0
33  word_l2_04.mp4           34  0.488233  ...    0.552762   -0.020060         0.0
34  word_l2_04.mp4           35  0.488167  ...    0.551806   -0.024454         0.0
35  word_l2_04.mp4           36  0.487455  ...    0.552681   -0.014049         0.0
36  word_l2_04.mp4           37  0.487705  ...    0.555220   -0.018174         0.0
37  word_l2_04.mp4           38  0.487786  ...    0.555713   -0.019455         0.0
38  word_l2_04.mp4           39  0.487445  ...    0.556055   -0.021318         0.0
39  word_l2_04.mp4           40  0.486813  ...    0.556496   -0.026997         0.0
40  word_l2_04.mp4           41  0.486261  ...    0.556460   -0.024171         0.0
41  word_l2_04.mp4           42  0.486309  ...    0.558128   -0.023958         0.0
42  word_l2_04.mp4           43  0.486226  ...    0.557789   -0.021994         0.0
43  word_l2_04.mp4           44  0.486240  ...    0.558892   -0.019298         0.0
44  word_l2_04.mp4           45  0.485574  ...    0.559837   -0.019977         0.0
45  word_l2_04.mp4           46  0.485612  ...    0.565205   -0.008255         0.0
46  word_l2_04.mp4           47  0.485748  ...    0.569496   -0.028330         0.0
47  word_l2_04.mp4           48  0.485601  ...    0.586999   -0.010004         0.0
48  word_l2_04.mp4           49  0.485557  ...    0.653211    0.017947         0.0
49  word_l2_04.mp4           50  0.485419  ...    0.681661    0.014774         0.0
50  word_l2_04.mp4           51  0.485599  ...    0.695342    0.013485         0.0

[51 rows x 1958 columns]
Extracting features...
Face width computed for normalizaiton 0.1563474794706789
Features saved to: ../output/word_l2_04_features.csv
          fn_video  ... distance_r_hand6_r_hand10
0   word_l2_04.mp4  ...                  0.227574
1   word_l2_04.mp4  ...                  0.174923
2   word_l2_04.mp4  ...                  0.170671
3   word_l2_04.mp4  ...                  0.168065
4   word_l2_04.mp4  ...                  0.154312
5   word_l2_04.mp4  ...                  0.150579
6   word_l2_04.mp4  ...                  0.146846
7   word_l2_04.mp4  ...                  0.149945
8   word_l2_04.mp4  ...                  0.141646
9   word_l2_04.mp4  ...                  0.136091
10  word_l2_04.mp4  ...                  0.137640
11  word_l2_04.mp4  ...                  0.142020
12  word_l2_04.mp4  ...                  0.145193
13  word_l2_04.mp4  ...                  0.137780
14  word_l2_04.mp4  ...                  0.146433
15  word_l2_04.mp4  ...                  0.141517
16  word_l2_04.mp4  ...                  0.142886
17  word_l2_04.mp4  ...                  0.140528
18  word_l2_04.mp4  ...                  0.141613
19  word_l2_04.mp4  ...                  0.150577
20  word_l2_04.mp4  ...                  0.155881
21  word_l2_04.mp4  ...                  0.154302
22  word_l2_04.mp4  ...                  0.150639
23  word_l2_04.mp4  ...                  0.174681
24  word_l2_04.mp4  ...                  0.179356
25  word_l2_04.mp4  ...                  0.158197
26  word_l2_04.mp4  ...                  0.158427
27  word_l2_04.mp4  ...                  0.182683
28  word_l2_04.mp4  ...                  0.184056
29  word_l2_04.mp4  ...                  0.181059
30  word_l2_04.mp4  ...                  0.177678
31  word_l2_04.mp4  ...                  0.158556
32  word_l2_04.mp4  ...                  0.128946
33  word_l2_04.mp4  ...                  0.136394
34  word_l2_04.mp4  ...                  0.136471
35  word_l2_04.mp4  ...                  0.135096
36  word_l2_04.mp4  ...                  0.134421
37  word_l2_04.mp4  ...                  0.133855
38  word_l2_04.mp4  ...                  0.135195
39  word_l2_04.mp4  ...                  0.136436
40  word_l2_04.mp4  ...                  0.136599
41  word_l2_04.mp4  ...                  0.134968
42  word_l2_04.mp4  ...                  0.135378
43  word_l2_04.mp4  ...                  0.137655
44  word_l2_04.mp4  ...                  0.141380
45  word_l2_04.mp4  ...                  0.143738
46  word_l2_04.mp4  ...                  0.148370
47  word_l2_04.mp4  ...                  0.152436
48  word_l2_04.mp4  ...                  0.156469
49  word_l2_04.mp4  ...                  0.168456
50  word_l2_04.mp4  ...                  0.167610

[51 rows x 30 columns]
csv file with predictions was saved to ../output/predictions_rf_position_female_cropped_word_l2_04.csv
Loaded model: ../trained_models/model_rf_shape_female_cropped.pkl
Loaded video: ../stimuli/words/mp4/word_l2_04.mp4
Extracting coordinates...
          fn_video frame_number   x_face0  ...  y_r_hand20  z_r_hand20  v_r_hand20
0   word_l2_04.mp4            1  0.489838  ...    1.002738    0.051701         0.0
1   word_l2_04.mp4            2  0.489119  ...    0.920762    0.034117         0.0
2   word_l2_04.mp4            3  0.489014  ...    0.903043    0.013845         0.0
3   word_l2_04.mp4            4  0.489091  ...    0.876243    0.021519         0.0
4   word_l2_04.mp4            5  0.488695  ...    0.855021    0.017541         0.0
5   word_l2_04.mp4            6  0.488216  ...    0.826955    0.015470         0.0
6   word_l2_04.mp4            7  0.487945  ...    0.806397    0.017048         0.0
7   word_l2_04.mp4            8  0.488122  ...    0.785652    0.016723         0.0
8   word_l2_04.mp4            9  0.488257  ...    0.761259    0.017530         0.0
9   word_l2_04.mp4           10  0.488215  ...    0.738690    0.012548         0.0
10  word_l2_04.mp4           11  0.487975  ...    0.728049    0.014981         0.0
11  word_l2_04.mp4           12  0.488075  ...    0.719224    0.027740         0.0
12  word_l2_04.mp4           13  0.487778  ...    0.704062    0.021605         0.0
13  word_l2_04.mp4           14  0.488092  ...    0.692634    0.026378         0.0
14  word_l2_04.mp4           15  0.487873  ...    0.685528    0.029720         0.0
15  word_l2_04.mp4           16  0.487666  ...    0.678688    0.024367         0.0
16  word_l2_04.mp4           17  0.487418  ...    0.677345    0.018917         0.0
17  word_l2_04.mp4           18  0.487352  ...    0.678459    0.022768         0.0
18  word_l2_04.mp4           19  0.488011  ...    0.679810    0.021523         0.0
19  word_l2_04.mp4           20  0.487950  ...    0.682341    0.024894         0.0
20  word_l2_04.mp4           21  0.488353  ...    0.678738    0.020740         0.0
21  word_l2_04.mp4           22  0.488088  ...    0.676136    0.017114         0.0
22  word_l2_04.mp4           23  0.488486  ...    0.655376    0.014817         0.0
23  word_l2_04.mp4           24  0.488939  ...    0.604963    0.037696         0.0
24  word_l2_04.mp4           25  0.489692  ...    0.579258   -0.003214         0.0
25  word_l2_04.mp4           26  0.489828  ...    0.561452   -0.008028         0.0
26  word_l2_04.mp4           27  0.489717  ...    0.556406   -0.009257         0.0
27  word_l2_04.mp4           28  0.489675  ...    0.553974   -0.006691         0.0
28  word_l2_04.mp4           29  0.489165  ...    0.554271    0.003766         0.0
29  word_l2_04.mp4           30  0.489095  ...    0.552746    0.004648         0.0
30  word_l2_04.mp4           31  0.488959  ...    0.552650    0.007183         0.0
31  word_l2_04.mp4           32  0.489046  ...    0.553408   -0.011857         0.0
32  word_l2_04.mp4           33  0.488224  ...    0.553162   -0.017203         0.0
33  word_l2_04.mp4           34  0.488233  ...    0.552762   -0.020060         0.0
34  word_l2_04.mp4           35  0.488167  ...    0.551806   -0.024454         0.0
35  word_l2_04.mp4           36  0.487455  ...    0.552681   -0.014049         0.0
36  word_l2_04.mp4           37  0.487705  ...    0.555220   -0.018174         0.0
37  word_l2_04.mp4           38  0.487786  ...    0.555713   -0.019455         0.0
38  word_l2_04.mp4           39  0.487445  ...    0.556055   -0.021318         0.0
39  word_l2_04.mp4           40  0.486813  ...    0.556496   -0.026997         0.0
40  word_l2_04.mp4           41  0.486261  ...    0.556460   -0.024171         0.0
41  word_l2_04.mp4           42  0.486309  ...    0.558128   -0.023958         0.0
42  word_l2_04.mp4           43  0.486226  ...    0.557789   -0.021994         0.0
43  word_l2_04.mp4           44  0.486240  ...    0.558892   -0.019298         0.0
44  word_l2_04.mp4           45  0.485574  ...    0.559837   -0.019977         0.0
45  word_l2_04.mp4           46  0.485612  ...    0.565205   -0.008255         0.0
46  word_l2_04.mp4           47  0.485748  ...    0.569496   -0.028330         0.0
47  word_l2_04.mp4           48  0.485601  ...    0.586999   -0.010004         0.0
48  word_l2_04.mp4           49  0.485557  ...    0.653211    0.017947         0.0
49  word_l2_04.mp4           50  0.485419  ...    0.681661    0.014774         0.0
50  word_l2_04.mp4           51  0.485599  ...    0.695342    0.013485         0.0

[51 rows x 1958 columns]
Extracting features...
Face width computed for normalizaiton 0.1563474794706789
Features saved to: ../output/word_l2_04_features.csv
          fn_video  ... distance_r_hand6_r_hand10
0   word_l2_04.mp4  ...                  0.227574
1   word_l2_04.mp4  ...                  0.174923
2   word_l2_04.mp4  ...                  0.170671
3   word_l2_04.mp4  ...                  0.168065
4   word_l2_04.mp4  ...                  0.154312
5   word_l2_04.mp4  ...                  0.150579
6   word_l2_04.mp4  ...                  0.146846
7   word_l2_04.mp4  ...                  0.149945
8   word_l2_04.mp4  ...                  0.141646
9   word_l2_04.mp4  ...                  0.136091
10  word_l2_04.mp4  ...                  0.137640
11  word_l2_04.mp4  ...                  0.142020
12  word_l2_04.mp4  ...                  0.145193
13  word_l2_04.mp4  ...                  0.137780
14  word_l2_04.mp4  ...                  0.146433
15  word_l2_04.mp4  ...                  0.141517
16  word_l2_04.mp4  ...                  0.142886
17  word_l2_04.mp4  ...                  0.140528
18  word_l2_04.mp4  ...                  0.141613
19  word_l2_04.mp4  ...                  0.150577
20  word_l2_04.mp4  ...                  0.155881
21  word_l2_04.mp4  ...                  0.154302
22  word_l2_04.mp4  ...                  0.150639
23  word_l2_04.mp4  ...                  0.174681
24  word_l2_04.mp4  ...                  0.179356
25  word_l2_04.mp4  ...                  0.158197
26  word_l2_04.mp4  ...                  0.158427
27  word_l2_04.mp4  ...                  0.182683
28  word_l2_04.mp4  ...                  0.184056
29  word_l2_04.mp4  ...                  0.181059
30  word_l2_04.mp4  ...                  0.177678
31  word_l2_04.mp4  ...                  0.158556
32  word_l2_04.mp4  ...                  0.128946
33  word_l2_04.mp4  ...                  0.136394
34  word_l2_04.mp4  ...                  0.136471
35  word_l2_04.mp4  ...                  0.135096
36  word_l2_04.mp4  ...                  0.134421
37  word_l2_04.mp4  ...                  0.133855
38  word_l2_04.mp4  ...                  0.135195
39  word_l2_04.mp4  ...                  0.136436
40  word_l2_04.mp4  ...                  0.136599
41  word_l2_04.mp4  ...                  0.134968
42  word_l2_04.mp4  ...                  0.135378
43  word_l2_04.mp4  ...                  0.137655
44  word_l2_04.mp4  ...                  0.141380
45  word_l2_04.mp4  ...                  0.143738
46  word_l2_04.mp4  ...                  0.148370
47  word_l2_04.mp4  ...                  0.152436
48  word_l2_04.mp4  ...                  0.156469
49  word_l2_04.mp4  ...                  0.168456
50  word_l2_04.mp4  ...                  0.167610

[51 rows x 30 columns]
csv file with predictions was saved to ../output/predictions_rf_shape_female_cropped_word_l2_04.csv
