python is /network/lustre/iss02/home/annahita.sarre/anaconda3/envs/myenv/bin/python
Loaded model: ../trained_models/model_rf_position_female_cropped.pkl
Loaded video: ../stimuli/words/mp4/word_h1_28.mp4
Extracting coordinates...
          fn_video frame_number   x_face0  ...  y_r_hand20  z_r_hand20  v_r_hand20
0   word_h1_28.mp4            3  0.499977  ...    0.980612    0.007984         0.0
1   word_h1_28.mp4            4  0.500302  ...    0.965641    0.023329         0.0
2   word_h1_28.mp4            5  0.499936  ...    0.930581    0.018501         0.0
3   word_h1_28.mp4            6  0.500004  ...    0.896760    0.026483         0.0
4   word_h1_28.mp4            7  0.500195  ...    0.869856    0.028128         0.0
..             ...          ...       ...  ...         ...         ...         ...
69  word_h1_28.mp4           72  0.500354  ...    0.767547    0.023428         0.0
70  word_h1_28.mp4           73  0.500070  ...    0.778356    0.018067         0.0
71  word_h1_28.mp4           74  0.500085  ...    0.787143    0.019549         0.0
72  word_h1_28.mp4           75  0.500164  ...    0.792552    0.020467         0.0
73  word_h1_28.mp4           76  0.500334  ...    0.798886    0.021705         0.0

[74 rows x 1958 columns]
Extracting features...
Face width computed for normalizaiton 0.16077099730121594
Features saved to: ../output/word_h1_28_features.csv
          fn_video  ... distance_r_hand6_r_hand10
0   word_h1_28.mp4  ...                  0.206719
1   word_h1_28.mp4  ...                  0.230691
2   word_h1_28.mp4  ...                  0.206907
3   word_h1_28.mp4  ...                  0.209689
4   word_h1_28.mp4  ...                  0.199433
..             ...  ...                       ...
69  word_h1_28.mp4  ...                  0.166096
70  word_h1_28.mp4  ...                  0.165801
71  word_h1_28.mp4  ...                  0.175084
72  word_h1_28.mp4  ...                  0.187883
73  word_h1_28.mp4  ...                  0.185639

[74 rows x 30 columns]
csv file with predictions was saved to ../output/predictions_rf_position_female_cropped_word_h1_28.csv
Loaded model: ../trained_models/model_rf_shape_female_cropped.pkl
Loaded video: ../stimuli/words/mp4/word_h1_28.mp4
Extracting coordinates...
          fn_video frame_number   x_face0  ...  y_r_hand20  z_r_hand20  v_r_hand20
0   word_h1_28.mp4            3  0.499977  ...    0.980612    0.007984         0.0
1   word_h1_28.mp4            4  0.500302  ...    0.965641    0.023329         0.0
2   word_h1_28.mp4            5  0.499936  ...    0.930581    0.018501         0.0
3   word_h1_28.mp4            6  0.500004  ...    0.896760    0.026483         0.0
4   word_h1_28.mp4            7  0.500195  ...    0.869856    0.028128         0.0
..             ...          ...       ...  ...         ...         ...         ...
69  word_h1_28.mp4           72  0.500354  ...    0.767547    0.023428         0.0
70  word_h1_28.mp4           73  0.500070  ...    0.778356    0.018067         0.0
71  word_h1_28.mp4           74  0.500085  ...    0.787143    0.019549         0.0
72  word_h1_28.mp4           75  0.500164  ...    0.792552    0.020467         0.0
73  word_h1_28.mp4           76  0.500334  ...    0.798886    0.021705         0.0

[74 rows x 1958 columns]
Extracting features...
Face width computed for normalizaiton 0.16077099730121594
Features saved to: ../output/word_h1_28_features.csv
          fn_video  ... distance_r_hand6_r_hand10
0   word_h1_28.mp4  ...                  0.206719
1   word_h1_28.mp4  ...                  0.230691
2   word_h1_28.mp4  ...                  0.206907
3   word_h1_28.mp4  ...                  0.209689
4   word_h1_28.mp4  ...                  0.199433
..             ...  ...                       ...
69  word_h1_28.mp4  ...                  0.166096
70  word_h1_28.mp4  ...                  0.165801
71  word_h1_28.mp4  ...                  0.175084
72  word_h1_28.mp4  ...                  0.187883
73  word_h1_28.mp4  ...                  0.185639

[74 rows x 30 columns]
csv file with predictions was saved to ../output/predictions_rf_shape_female_cropped_word_h1_28.csv
Visualization for: ../stimuli/words/mp4/word_h1_28.mp4
32
