python is /network/lustre/iss02/home/annahita.sarre/anaconda3/envs/myenv/bin/python
Loaded model: ../trained_models/model_rf_position_female_cropped.pkl
Loaded video: ../stimuli/words/mp4/word_l2_11.mp4
Extracting coordinates...
          fn_video frame_number   x_face0  ...  y_r_hand20  z_r_hand20  v_r_hand20
0   word_l2_11.mp4            1  0.498500  ...    0.961818    0.009342         0.0
1   word_l2_11.mp4            2  0.499114  ...    0.944963    0.045166         0.0
2   word_l2_11.mp4            3  0.497931  ...    0.941473    0.037091         0.0
3   word_l2_11.mp4            4  0.498216  ...    0.927675    0.022433         0.0
4   word_l2_11.mp4            5  0.497879  ...    0.907537    0.025170         0.0
5   word_l2_11.mp4            6  0.496814  ...    0.883857    0.042803         0.0
6   word_l2_11.mp4            7  0.496435  ...    0.865378    0.037083         0.0
7   word_l2_11.mp4            8  0.496176  ...    0.836557    0.036590         0.0
8   word_l2_11.mp4            9  0.495376  ...    0.816574    0.043678         0.0
9   word_l2_11.mp4           10  0.494940  ...    0.798853    0.015883         0.0
10  word_l2_11.mp4           11  0.494876  ...    0.787746    0.031994         0.0
11  word_l2_11.mp4           12  0.494863  ...    0.773270    0.028967         0.0
12  word_l2_11.mp4           13  0.494872  ...    0.760563    0.021858         0.0
13  word_l2_11.mp4           14  0.494838  ...    0.751588    0.014016         0.0
14  word_l2_11.mp4           15  0.495081  ...    0.744966    0.022122         0.0
15  word_l2_11.mp4           16  0.495351  ...    0.740106    0.019409         0.0
16  word_l2_11.mp4           17  0.495200  ...    0.735956    0.018380         0.0
17  word_l2_11.mp4           18  0.495363  ...    0.734668    0.028143         0.0
18  word_l2_11.mp4           19  0.495363  ...    0.731690    0.024372         0.0
19  word_l2_11.mp4           20  0.495024  ...    0.731514    0.024329         0.0
20  word_l2_11.mp4           21  0.495088  ...    0.729591    0.029576         0.0
21  word_l2_11.mp4           22  0.495027  ...    0.728108    0.040631         0.0
22  word_l2_11.mp4           23  0.495677  ...    0.705194    0.009063         0.0
23  word_l2_11.mp4           24  0.495559  ...    0.647044    0.001351         0.0
24  word_l2_11.mp4           25  0.496142  ...    0.633401   -0.015471         0.0
25  word_l2_11.mp4           26  0.496262  ...    0.615859    0.002019         0.0
26  word_l2_11.mp4           27  0.495930  ...    0.600307   -0.012642         0.0
27  word_l2_11.mp4           28  0.496251  ...    0.593465   -0.005624         0.0
28  word_l2_11.mp4           29  0.496500  ...    0.579153   -0.008166         0.0
29  word_l2_11.mp4           30  0.496604  ...    0.575582   -0.008778         0.0
30  word_l2_11.mp4           31  0.496721  ...    0.566586    0.001004         0.0
31  word_l2_11.mp4           32  0.496875  ...    0.566384   -0.012036         0.0
32  word_l2_11.mp4           33  0.496017  ...    0.565538   -0.012902         0.0
33  word_l2_11.mp4           34  0.495823  ...    0.564506   -0.026662         0.0
34  word_l2_11.mp4           35  0.495616  ...    0.564275   -0.031216         0.0
35  word_l2_11.mp4           36  0.495530  ...    0.566092   -0.026291         0.0
36  word_l2_11.mp4           37  0.495500  ...    0.570348   -0.024694         0.0
37  word_l2_11.mp4           38  0.495546  ...    0.572874   -0.017396         0.0
38  word_l2_11.mp4           39  0.495276  ...    0.573607   -0.024457         0.0
39  word_l2_11.mp4           40  0.495023  ...    0.575129   -0.022253         0.0
40  word_l2_11.mp4           41  0.494764  ...    0.575729   -0.012343         0.0
41  word_l2_11.mp4           42  0.494017  ...    0.577073   -0.016427         0.0
42  word_l2_11.mp4           43  0.493564  ...    0.578697   -0.016168         0.0
43  word_l2_11.mp4           44  0.493235  ...    0.579465   -0.008921         0.0
44  word_l2_11.mp4           45  0.493226  ...    0.581465   -0.019137         0.0
45  word_l2_11.mp4           46  0.492965  ...    0.583238   -0.014120         0.0
46  word_l2_11.mp4           47  0.492853  ...    0.583380   -0.032583         0.0
47  word_l2_11.mp4           48  0.492760  ...    0.588475   -0.030140         0.0
48  word_l2_11.mp4           49  0.492706  ...    0.597260   -0.031740         0.0
49  word_l2_11.mp4           50  0.492816  ...    0.604200   -0.016179         0.0
50  word_l2_11.mp4           51  0.493384  ...    0.641996    0.004924         0.0
51  word_l2_11.mp4           52  0.493292  ...    0.689726    0.009506         0.0
52  word_l2_11.mp4           53  0.493268  ...    0.721133    0.007354         0.0
53  word_l2_11.mp4           54  0.493165  ...    0.737350    0.006546         0.0
54  word_l2_11.mp4           55  0.493349  ...    0.749607    0.009353         0.0
55  word_l2_11.mp4           56  0.493574  ...    0.762137    0.010147         0.0
56  word_l2_11.mp4           57  0.494037  ...    0.775365    0.012860         0.0

[57 rows x 1958 columns]
Extracting features...
Face width computed for normalizaiton 0.15691540936757783
Features saved to: ../output/word_l2_11_features.csv
          fn_video  ... distance_r_hand6_r_hand10
0   word_l2_11.mp4  ...                  0.240793
1   word_l2_11.mp4  ...                  0.204518
2   word_l2_11.mp4  ...                  0.194863
3   word_l2_11.mp4  ...                  0.182666
4   word_l2_11.mp4  ...                  0.161481
5   word_l2_11.mp4  ...                  0.151130
6   word_l2_11.mp4  ...                  0.148340
7   word_l2_11.mp4  ...                  0.129000
8   word_l2_11.mp4  ...                  0.139825
9   word_l2_11.mp4  ...                  0.149086
10  word_l2_11.mp4  ...                  0.147531
11  word_l2_11.mp4  ...                  0.146829
12  word_l2_11.mp4  ...                  0.149143
13  word_l2_11.mp4  ...                  0.145887
14  word_l2_11.mp4  ...                  0.151219
15  word_l2_11.mp4  ...                  0.148940
16  word_l2_11.mp4  ...                  0.148564
17  word_l2_11.mp4  ...                  0.144762
18  word_l2_11.mp4  ...                  0.146193
19  word_l2_11.mp4  ...                  0.148279
20  word_l2_11.mp4  ...                  0.149288
21  word_l2_11.mp4  ...                  0.153268
22  word_l2_11.mp4  ...                  0.155635
23  word_l2_11.mp4  ...                  0.166431
24  word_l2_11.mp4  ...                  0.171126
25  word_l2_11.mp4  ...                  0.161307
26  word_l2_11.mp4  ...                  0.134253
27  word_l2_11.mp4  ...                  0.155608
28  word_l2_11.mp4  ...                  0.145659
29  word_l2_11.mp4  ...                  0.141307
30  word_l2_11.mp4  ...                  0.170215
31  word_l2_11.mp4  ...                  0.154807
32  word_l2_11.mp4  ...                  0.141160
33  word_l2_11.mp4  ...                  0.122527
34  word_l2_11.mp4  ...                  0.132413
35  word_l2_11.mp4  ...                  0.134946
36  word_l2_11.mp4  ...                  0.132142
37  word_l2_11.mp4  ...                  0.134478
38  word_l2_11.mp4  ...                  0.135094
39  word_l2_11.mp4  ...                  0.137981
40  word_l2_11.mp4  ...                  0.137720
41  word_l2_11.mp4  ...                  0.135378
42  word_l2_11.mp4  ...                  0.137004
43  word_l2_11.mp4  ...                  0.136310
44  word_l2_11.mp4  ...                  0.135067
45  word_l2_11.mp4  ...                  0.137094
46  word_l2_11.mp4  ...                  0.137475
47  word_l2_11.mp4  ...                  0.144678
48  word_l2_11.mp4  ...                  0.150431
49  word_l2_11.mp4  ...                  0.155586
50  word_l2_11.mp4  ...                  0.151034
51  word_l2_11.mp4  ...                  0.156012
52  word_l2_11.mp4  ...                  0.164159
53  word_l2_11.mp4  ...                  0.160701
54  word_l2_11.mp4  ...                  0.169979
55  word_l2_11.mp4  ...                  0.170705
56  word_l2_11.mp4  ...                  0.174552

[57 rows x 30 columns]
csv file with predictions was saved to ../output/predictions_rf_position_female_cropped_word_l2_11.csv
Loaded model: ../trained_models/model_rf_shape_female_cropped.pkl
Loaded video: ../stimuli/words/mp4/word_l2_11.mp4
Extracting coordinates...
          fn_video frame_number   x_face0  ...  y_r_hand20  z_r_hand20  v_r_hand20
0   word_l2_11.mp4            1  0.498500  ...    0.961818    0.009342         0.0
1   word_l2_11.mp4            2  0.499114  ...    0.944963    0.045166         0.0
2   word_l2_11.mp4            3  0.497931  ...    0.941473    0.037091         0.0
3   word_l2_11.mp4            4  0.498216  ...    0.927675    0.022433         0.0
4   word_l2_11.mp4            5  0.497879  ...    0.907537    0.025170         0.0
5   word_l2_11.mp4            6  0.496814  ...    0.883857    0.042803         0.0
6   word_l2_11.mp4            7  0.496435  ...    0.865378    0.037083         0.0
7   word_l2_11.mp4            8  0.496176  ...    0.836557    0.036590         0.0
8   word_l2_11.mp4            9  0.495376  ...    0.816574    0.043678         0.0
9   word_l2_11.mp4           10  0.494940  ...    0.798853    0.015883         0.0
10  word_l2_11.mp4           11  0.494876  ...    0.787746    0.031994         0.0
11  word_l2_11.mp4           12  0.494863  ...    0.773270    0.028967         0.0
12  word_l2_11.mp4           13  0.494872  ...    0.760563    0.021858         0.0
13  word_l2_11.mp4           14  0.494838  ...    0.751588    0.014016         0.0
14  word_l2_11.mp4           15  0.495081  ...    0.744966    0.022122         0.0
15  word_l2_11.mp4           16  0.495351  ...    0.740106    0.019409         0.0
16  word_l2_11.mp4           17  0.495200  ...    0.735956    0.018380         0.0
17  word_l2_11.mp4           18  0.495363  ...    0.734668    0.028143         0.0
18  word_l2_11.mp4           19  0.495363  ...    0.731690    0.024372         0.0
19  word_l2_11.mp4           20  0.495024  ...    0.731514    0.024329         0.0
20  word_l2_11.mp4           21  0.495088  ...    0.729591    0.029576         0.0
21  word_l2_11.mp4           22  0.495027  ...    0.728108    0.040631         0.0
22  word_l2_11.mp4           23  0.495677  ...    0.705194    0.009063         0.0
23  word_l2_11.mp4           24  0.495559  ...    0.647044    0.001351         0.0
24  word_l2_11.mp4           25  0.496142  ...    0.633401   -0.015471         0.0
25  word_l2_11.mp4           26  0.496262  ...    0.615859    0.002019         0.0
26  word_l2_11.mp4           27  0.495930  ...    0.600307   -0.012642         0.0
27  word_l2_11.mp4           28  0.496251  ...    0.593465   -0.005624         0.0
28  word_l2_11.mp4           29  0.496500  ...    0.579153   -0.008166         0.0
29  word_l2_11.mp4           30  0.496604  ...    0.575582   -0.008778         0.0
30  word_l2_11.mp4           31  0.496721  ...    0.566586    0.001004         0.0
31  word_l2_11.mp4           32  0.496875  ...    0.566384   -0.012036         0.0
32  word_l2_11.mp4           33  0.496017  ...    0.565538   -0.012902         0.0
33  word_l2_11.mp4           34  0.495823  ...    0.564506   -0.026662         0.0
34  word_l2_11.mp4           35  0.495616  ...    0.564275   -0.031216         0.0
35  word_l2_11.mp4           36  0.495530  ...    0.566092   -0.026291         0.0
36  word_l2_11.mp4           37  0.495500  ...    0.570348   -0.024694         0.0
37  word_l2_11.mp4           38  0.495546  ...    0.572874   -0.017396         0.0
38  word_l2_11.mp4           39  0.495276  ...    0.573607   -0.024457         0.0
39  word_l2_11.mp4           40  0.495023  ...    0.575129   -0.022253         0.0
40  word_l2_11.mp4           41  0.494764  ...    0.575729   -0.012343         0.0
41  word_l2_11.mp4           42  0.494017  ...    0.577073   -0.016427         0.0
42  word_l2_11.mp4           43  0.493564  ...    0.578697   -0.016168         0.0
43  word_l2_11.mp4           44  0.493235  ...    0.579465   -0.008921         0.0
44  word_l2_11.mp4           45  0.493226  ...    0.581465   -0.019137         0.0
45  word_l2_11.mp4           46  0.492965  ...    0.583238   -0.014120         0.0
46  word_l2_11.mp4           47  0.492853  ...    0.583380   -0.032583         0.0
47  word_l2_11.mp4           48  0.492760  ...    0.588475   -0.030140         0.0
48  word_l2_11.mp4           49  0.492706  ...    0.597260   -0.031740         0.0
49  word_l2_11.mp4           50  0.492816  ...    0.604200   -0.016179         0.0
50  word_l2_11.mp4           51  0.493384  ...    0.641996    0.004924         0.0
51  word_l2_11.mp4           52  0.493292  ...    0.689726    0.009506         0.0
52  word_l2_11.mp4           53  0.493268  ...    0.721133    0.007354         0.0
53  word_l2_11.mp4           54  0.493165  ...    0.737350    0.006546         0.0
54  word_l2_11.mp4           55  0.493349  ...    0.749607    0.009353         0.0
55  word_l2_11.mp4           56  0.493574  ...    0.762137    0.010147         0.0
56  word_l2_11.mp4           57  0.494037  ...    0.775365    0.012860         0.0

[57 rows x 1958 columns]
Extracting features...
Face width computed for normalizaiton 0.15691540936757783
Features saved to: ../output/word_l2_11_features.csv
          fn_video  ... distance_r_hand6_r_hand10
0   word_l2_11.mp4  ...                  0.240793
1   word_l2_11.mp4  ...                  0.204518
2   word_l2_11.mp4  ...                  0.194863
3   word_l2_11.mp4  ...                  0.182666
4   word_l2_11.mp4  ...                  0.161481
5   word_l2_11.mp4  ...                  0.151130
6   word_l2_11.mp4  ...                  0.148340
7   word_l2_11.mp4  ...                  0.129000
8   word_l2_11.mp4  ...                  0.139825
9   word_l2_11.mp4  ...                  0.149086
10  word_l2_11.mp4  ...                  0.147531
11  word_l2_11.mp4  ...                  0.146829
12  word_l2_11.mp4  ...                  0.149143
13  word_l2_11.mp4  ...                  0.145887
14  word_l2_11.mp4  ...                  0.151219
15  word_l2_11.mp4  ...                  0.148940
16  word_l2_11.mp4  ...                  0.148564
17  word_l2_11.mp4  ...                  0.144762
18  word_l2_11.mp4  ...                  0.146193
19  word_l2_11.mp4  ...                  0.148279
20  word_l2_11.mp4  ...                  0.149288
21  word_l2_11.mp4  ...                  0.153268
22  word_l2_11.mp4  ...                  0.155635
23  word_l2_11.mp4  ...                  0.166431
24  word_l2_11.mp4  ...                  0.171126
25  word_l2_11.mp4  ...                  0.161307
26  word_l2_11.mp4  ...                  0.134253
27  word_l2_11.mp4  ...                  0.155608
28  word_l2_11.mp4  ...                  0.145659
29  word_l2_11.mp4  ...                  0.141307
30  word_l2_11.mp4  ...                  0.170215
31  word_l2_11.mp4  ...                  0.154807
32  word_l2_11.mp4  ...                  0.141160
33  word_l2_11.mp4  ...                  0.122527
34  word_l2_11.mp4  ...                  0.132413
35  word_l2_11.mp4  ...                  0.134946
36  word_l2_11.mp4  ...                  0.132142
37  word_l2_11.mp4  ...                  0.134478
38  word_l2_11.mp4  ...                  0.135094
39  word_l2_11.mp4  ...                  0.137981
40  word_l2_11.mp4  ...                  0.137720
41  word_l2_11.mp4  ...                  0.135378
42  word_l2_11.mp4  ...                  0.137004
43  word_l2_11.mp4  ...                  0.136310
44  word_l2_11.mp4  ...                  0.135067
45  word_l2_11.mp4  ...                  0.137094
46  word_l2_11.mp4  ...                  0.137475
47  word_l2_11.mp4  ...                  0.144678
48  word_l2_11.mp4  ...                  0.150431
49  word_l2_11.mp4  ...                  0.155586
50  word_l2_11.mp4  ...                  0.151034
51  word_l2_11.mp4  ...                  0.156012
52  word_l2_11.mp4  ...                  0.164159
53  word_l2_11.mp4  ...                  0.160701
54  word_l2_11.mp4  ...                  0.169979
55  word_l2_11.mp4  ...                  0.170705
56  word_l2_11.mp4  ...                  0.174552

[57 rows x 30 columns]
csv file with predictions was saved to ../output/predictions_rf_shape_female_cropped_word_l2_11.csv
Visualization for: ../stimuli/words/mp4/word_l2_11.mp4
32
