python is /network/lustre/iss02/home/annahita.sarre/anaconda3/envs/myenv/bin/python
Loaded model: ../trained_models/model_rf_position_female_cropped.pkl
Loaded video: ../stimuli/words/mp4/word_h0_40.mp4
Extracting coordinates...
          fn_video frame_number   x_face0  ...  y_r_hand20  z_r_hand20  v_r_hand20
0   word_h0_40.mp4            1  0.499389  ...    0.860460    0.032791         0.0
1   word_h0_40.mp4            2  0.498482  ...    0.833303    0.019142         0.0
2   word_h0_40.mp4            3  0.498108  ...    0.802178    0.012936         0.0
3   word_h0_40.mp4            4  0.498704  ...    0.781663    0.009305         0.0
4   word_h0_40.mp4            5  0.498268  ...    0.767988    0.004246         0.0
..             ...          ...       ...  ...         ...         ...         ...
67  word_h0_40.mp4           68  0.500880  ...    0.772809    0.018988         0.0
68  word_h0_40.mp4           69  0.500908  ...    0.774494    0.014975         0.0
69  word_h0_40.mp4           70  0.500888  ...    0.776734    0.013623         0.0
70  word_h0_40.mp4           71  0.500600  ...    0.786741    0.029883         0.0
71  word_h0_40.mp4           72  0.500715  ...    0.796158    0.023847         0.0

[72 rows x 1958 columns]
Extracting features...
Face width computed for normalizaiton 0.16248542076093375
Features saved to: ../output/word_h0_40_features.csv
          fn_video  ... distance_r_hand6_r_hand10
0   word_h0_40.mp4  ...                  0.195875
1   word_h0_40.mp4  ...                  0.171014
2   word_h0_40.mp4  ...                  0.167184
3   word_h0_40.mp4  ...                  0.151614
4   word_h0_40.mp4  ...                  0.156220
..             ...  ...                       ...
67  word_h0_40.mp4  ...                  0.220360
68  word_h0_40.mp4  ...                  0.203858
69  word_h0_40.mp4  ...                  0.171265
70  word_h0_40.mp4  ...                  0.185679
71  word_h0_40.mp4  ...                  0.181808

[72 rows x 30 columns]
csv file with predictions was saved to ../output/predictions_rf_position_female_cropped_word_h0_40.csv
Loaded model: ../trained_models/model_rf_shape_female_cropped.pkl
Loaded video: ../stimuli/words/mp4/word_h0_40.mp4
Extracting coordinates...
          fn_video frame_number   x_face0  ...  y_r_hand20  z_r_hand20  v_r_hand20
0   word_h0_40.mp4            1  0.499389  ...    0.860460    0.032791         0.0
1   word_h0_40.mp4            2  0.498482  ...    0.833303    0.019142         0.0
2   word_h0_40.mp4            3  0.498108  ...    0.802178    0.012936         0.0
3   word_h0_40.mp4            4  0.498704  ...    0.781663    0.009305         0.0
4   word_h0_40.mp4            5  0.498268  ...    0.767988    0.004246         0.0
..             ...          ...       ...  ...         ...         ...         ...
67  word_h0_40.mp4           68  0.500880  ...    0.772809    0.018988         0.0
68  word_h0_40.mp4           69  0.500908  ...    0.774494    0.014975         0.0
69  word_h0_40.mp4           70  0.500888  ...    0.776734    0.013623         0.0
70  word_h0_40.mp4           71  0.500600  ...    0.786741    0.029883         0.0
71  word_h0_40.mp4           72  0.500715  ...    0.796158    0.023847         0.0

[72 rows x 1958 columns]
Extracting features...
Face width computed for normalizaiton 0.16248542076093375
Features saved to: ../output/word_h0_40_features.csv
          fn_video  ... distance_r_hand6_r_hand10
0   word_h0_40.mp4  ...                  0.195875
1   word_h0_40.mp4  ...                  0.171014
2   word_h0_40.mp4  ...                  0.167184
3   word_h0_40.mp4  ...                  0.151614
4   word_h0_40.mp4  ...                  0.156220
..             ...  ...                       ...
67  word_h0_40.mp4  ...                  0.220360
68  word_h0_40.mp4  ...                  0.203858
69  word_h0_40.mp4  ...                  0.171265
70  word_h0_40.mp4  ...                  0.185679
71  word_h0_40.mp4  ...                  0.181808

[72 rows x 30 columns]
csv file with predictions was saved to ../output/predictions_rf_shape_female_cropped_word_h0_40.csv
Visualization for: ../stimuli/words/mp4/word_h0_40.mp4
32
