python is /network/lustre/iss02/home/annahita.sarre/anaconda3/envs/myenv/bin/python
Loaded model: ../trained_models/model_rf_position_female_cropped.pkl
Loaded video: ../stimuli/words/mp4/word_l2_37.mp4
Extracting coordinates...
          fn_video frame_number   x_face0  ...  y_r_hand20  z_r_hand20  v_r_hand20
0   word_l2_37.mp4            7  0.489648  ...    1.080937    0.027830         0.0
1   word_l2_37.mp4            8  0.489114  ...    0.991952    0.040925         0.0
2   word_l2_37.mp4            9  0.488676  ...    0.931294    0.023590         0.0
3   word_l2_37.mp4           10  0.488635  ...    0.878994    0.034450         0.0
4   word_l2_37.mp4           11  0.488218  ...    0.841095    0.025372         0.0
5   word_l2_37.mp4           12  0.488264  ...    0.793067    0.020589         0.0
6   word_l2_37.mp4           13  0.488091  ...    0.749886    0.008283         0.0
7   word_l2_37.mp4           14  0.488137  ...    0.694296    0.013911         0.0
8   word_l2_37.mp4           15  0.487856  ...    0.656277   -0.006245         0.0
9   word_l2_37.mp4           16  0.487475  ...    0.612847   -0.002337         0.0
10  word_l2_37.mp4           17  0.487352  ...    0.589906   -0.004738         0.0
11  word_l2_37.mp4           18  0.487537  ...    0.563152   -0.010171         0.0
12  word_l2_37.mp4           19  0.487019  ...    0.552635   -0.020773         0.0
13  word_l2_37.mp4           20  0.487125  ...    0.543344   -0.024805         0.0
14  word_l2_37.mp4           21  0.486862  ...    0.539783   -0.024142         0.0
15  word_l2_37.mp4           22  0.487341  ...    0.533044   -0.023369         0.0
16  word_l2_37.mp4           23  0.487013  ...    0.531566   -0.037992         0.0
17  word_l2_37.mp4           24  0.486932  ...    0.535127   -0.028518         0.0
18  word_l2_37.mp4           25  0.487069  ...    0.615266   -0.011639         0.0
19  word_l2_37.mp4           26  0.486873  ...    0.642287   -0.007720         0.0
20  word_l2_37.mp4           27  0.486510  ...    0.656076   -0.006394         0.0
21  word_l2_37.mp4           28  0.486118  ...    0.671294   -0.011137         0.0
22  word_l2_37.mp4           29  0.485689  ...    0.684654   -0.001992         0.0
23  word_l2_37.mp4           30  0.485730  ...    0.695580    0.003375         0.0
24  word_l2_37.mp4           31  0.485671  ...    0.708428    0.009517         0.0
25  word_l2_37.mp4           32  0.485622  ...    0.720594    0.007286         0.0
26  word_l2_37.mp4           33  0.485755  ...    0.727768    0.010488         0.0
27  word_l2_37.mp4           34  0.486808  ...    0.732044    0.015323         0.0
28  word_l2_37.mp4           35  0.487655  ...    0.732620    0.014672         0.0
29  word_l2_37.mp4           36  0.487751  ...    0.729694    0.017260         0.0
30  word_l2_37.mp4           37  0.488758  ...    0.722378    0.021018         0.0
31  word_l2_37.mp4           38  0.488184  ...    0.710288    0.023957         0.0
32  word_l2_37.mp4           39  0.488850  ...    0.693024    0.013117         0.0
33  word_l2_37.mp4           40  0.489460  ...    0.675387    0.009938         0.0
34  word_l2_37.mp4           41  0.489742  ...    0.641687    0.007503         0.0
35  word_l2_37.mp4           42  0.489973  ...    0.610060   -0.021072         0.0
36  word_l2_37.mp4           43  0.490774  ...    0.595457   -0.029368         0.0
37  word_l2_37.mp4           44  0.491302  ...    0.589692   -0.022274         0.0
38  word_l2_37.mp4           45  0.491819  ...    0.593762   -0.020748         0.0
39  word_l2_37.mp4           46  0.491995  ...    0.593235   -0.027492         0.0
40  word_l2_37.mp4           47  0.492005  ...    0.596994   -0.025982         0.0
41  word_l2_37.mp4           48  0.492125  ...    0.596880   -0.027222         0.0
42  word_l2_37.mp4           49  0.491742  ...    0.595719   -0.027538         0.0
43  word_l2_37.mp4           50  0.491507  ...    0.595670   -0.022565         0.0
44  word_l2_37.mp4           51  0.491283  ...    0.596253   -0.025204         0.0
45  word_l2_37.mp4           52  0.491343  ...    0.596437   -0.025967         0.0
46  word_l2_37.mp4           53  0.491286  ...    0.597796   -0.027100         0.0
47  word_l2_37.mp4           54  0.491371  ...    0.598957   -0.029441         0.0
48  word_l2_37.mp4           55  0.491844  ...    0.601061   -0.035502         0.0
49  word_l2_37.mp4           56  0.491658  ...    0.608957   -0.029723         0.0
50  word_l2_37.mp4           57  0.491806  ...    0.629978    0.005246         0.0
51  word_l2_37.mp4           58  0.492175  ...    0.702442    0.008586         0.0
52  word_l2_37.mp4           59  0.492385  ...    0.724882    0.012792         0.0
53  word_l2_37.mp4           60  0.492916  ...    0.742146    0.010091         0.0

[54 rows x 1958 columns]
Extracting features...
Face width computed for normalizaiton 0.1547076677289623
Features saved to: ../output/word_l2_37_features.csv
          fn_video  ... distance_r_hand6_r_hand10
0   word_l2_37.mp4  ...                  0.281062
1   word_l2_37.mp4  ...                  0.202772
2   word_l2_37.mp4  ...                  0.215088
3   word_l2_37.mp4  ...                  0.240426
4   word_l2_37.mp4  ...                  0.248343
5   word_l2_37.mp4  ...                  0.227784
6   word_l2_37.mp4  ...                  0.178464
7   word_l2_37.mp4  ...                  0.171495
8   word_l2_37.mp4  ...                  0.131737
9   word_l2_37.mp4  ...                  0.142114
10  word_l2_37.mp4  ...                  0.136369
11  word_l2_37.mp4  ...                  0.179172
12  word_l2_37.mp4  ...                  0.115867
13  word_l2_37.mp4  ...                  0.139761
14  word_l2_37.mp4  ...                  0.192407
15  word_l2_37.mp4  ...                  0.229194
16  word_l2_37.mp4  ...                  0.172873
17  word_l2_37.mp4  ...                  0.160400
18  word_l2_37.mp4  ...                  0.189349
19  word_l2_37.mp4  ...                  0.243439
20  word_l2_37.mp4  ...                  0.265601
21  word_l2_37.mp4  ...                  0.270820
22  word_l2_37.mp4  ...                  0.248579
23  word_l2_37.mp4  ...                  0.261591
24  word_l2_37.mp4  ...                  0.267088
25  word_l2_37.mp4  ...                  0.279522
26  word_l2_37.mp4  ...                  0.274161
27  word_l2_37.mp4  ...                  0.284067
28  word_l2_37.mp4  ...                  0.296018
29  word_l2_37.mp4  ...                  0.272699
30  word_l2_37.mp4  ...                  0.245086
31  word_l2_37.mp4  ...                  0.193944
32  word_l2_37.mp4  ...                  0.172656
33  word_l2_37.mp4  ...                  0.163548
34  word_l2_37.mp4  ...                  0.152268
35  word_l2_37.mp4  ...                  0.151638
36  word_l2_37.mp4  ...                  0.151803
37  word_l2_37.mp4  ...                  0.142821
38  word_l2_37.mp4  ...                  0.146880
39  word_l2_37.mp4  ...                  0.139861
40  word_l2_37.mp4  ...                  0.137090
41  word_l2_37.mp4  ...                  0.141759
42  word_l2_37.mp4  ...                  0.141804
43  word_l2_37.mp4  ...                  0.140569
44  word_l2_37.mp4  ...                  0.139959
45  word_l2_37.mp4  ...                  0.139603
46  word_l2_37.mp4  ...                  0.139140
47  word_l2_37.mp4  ...                  0.143383
48  word_l2_37.mp4  ...                  0.143960
49  word_l2_37.mp4  ...                  0.145905
50  word_l2_37.mp4  ...                  0.151326
51  word_l2_37.mp4  ...                  0.152856
52  word_l2_37.mp4  ...                  0.161230
53  word_l2_37.mp4  ...                  0.176171

[54 rows x 30 columns]
csv file with predictions was saved to ../output/predictions_rf_position_female_cropped_word_l2_37.csv
Loaded model: ../trained_models/model_rf_shape_female_cropped.pkl
Loaded video: ../stimuli/words/mp4/word_l2_37.mp4
Extracting coordinates...
          fn_video frame_number   x_face0  ...  y_r_hand20  z_r_hand20  v_r_hand20
0   word_l2_37.mp4            7  0.489648  ...    1.080937    0.027830         0.0
1   word_l2_37.mp4            8  0.489114  ...    0.991952    0.040925         0.0
2   word_l2_37.mp4            9  0.488676  ...    0.931294    0.023590         0.0
3   word_l2_37.mp4           10  0.488635  ...    0.878994    0.034450         0.0
4   word_l2_37.mp4           11  0.488218  ...    0.841095    0.025372         0.0
5   word_l2_37.mp4           12  0.488264  ...    0.793067    0.020589         0.0
6   word_l2_37.mp4           13  0.488091  ...    0.749886    0.008283         0.0
7   word_l2_37.mp4           14  0.488137  ...    0.694296    0.013911         0.0
8   word_l2_37.mp4           15  0.487856  ...    0.656277   -0.006245         0.0
9   word_l2_37.mp4           16  0.487475  ...    0.612847   -0.002337         0.0
10  word_l2_37.mp4           17  0.487352  ...    0.589906   -0.004738         0.0
11  word_l2_37.mp4           18  0.487537  ...    0.563152   -0.010171         0.0
12  word_l2_37.mp4           19  0.487019  ...    0.552635   -0.020773         0.0
13  word_l2_37.mp4           20  0.487125  ...    0.543344   -0.024805         0.0
14  word_l2_37.mp4           21  0.486862  ...    0.539783   -0.024142         0.0
15  word_l2_37.mp4           22  0.487341  ...    0.533044   -0.023369         0.0
16  word_l2_37.mp4           23  0.487013  ...    0.531566   -0.037992         0.0
17  word_l2_37.mp4           24  0.486932  ...    0.535127   -0.028518         0.0
18  word_l2_37.mp4           25  0.487069  ...    0.615266   -0.011639         0.0
19  word_l2_37.mp4           26  0.486873  ...    0.642287   -0.007720         0.0
20  word_l2_37.mp4           27  0.486510  ...    0.656076   -0.006394         0.0
21  word_l2_37.mp4           28  0.486118  ...    0.671294   -0.011137         0.0
22  word_l2_37.mp4           29  0.485689  ...    0.684654   -0.001992         0.0
23  word_l2_37.mp4           30  0.485730  ...    0.695580    0.003375         0.0
24  word_l2_37.mp4           31  0.485671  ...    0.708428    0.009517         0.0
25  word_l2_37.mp4           32  0.485622  ...    0.720594    0.007286         0.0
26  word_l2_37.mp4           33  0.485755  ...    0.727768    0.010488         0.0
27  word_l2_37.mp4           34  0.486808  ...    0.732044    0.015323         0.0
28  word_l2_37.mp4           35  0.487655  ...    0.732620    0.014672         0.0
29  word_l2_37.mp4           36  0.487751  ...    0.729694    0.017260         0.0
30  word_l2_37.mp4           37  0.488758  ...    0.722378    0.021018         0.0
31  word_l2_37.mp4           38  0.488184  ...    0.710288    0.023957         0.0
32  word_l2_37.mp4           39  0.488850  ...    0.693024    0.013117         0.0
33  word_l2_37.mp4           40  0.489460  ...    0.675387    0.009938         0.0
34  word_l2_37.mp4           41  0.489742  ...    0.641687    0.007503         0.0
35  word_l2_37.mp4           42  0.489973  ...    0.610060   -0.021072         0.0
36  word_l2_37.mp4           43  0.490774  ...    0.595457   -0.029368         0.0
37  word_l2_37.mp4           44  0.491302  ...    0.589692   -0.022274         0.0
38  word_l2_37.mp4           45  0.491819  ...    0.593762   -0.020748         0.0
39  word_l2_37.mp4           46  0.491995  ...    0.593235   -0.027492         0.0
40  word_l2_37.mp4           47  0.492005  ...    0.596994   -0.025982         0.0
41  word_l2_37.mp4           48  0.492125  ...    0.596880   -0.027222         0.0
42  word_l2_37.mp4           49  0.491742  ...    0.595719   -0.027538         0.0
43  word_l2_37.mp4           50  0.491507  ...    0.595670   -0.022565         0.0
44  word_l2_37.mp4           51  0.491283  ...    0.596253   -0.025204         0.0
45  word_l2_37.mp4           52  0.491343  ...    0.596437   -0.025967         0.0
46  word_l2_37.mp4           53  0.491286  ...    0.597796   -0.027100         0.0
47  word_l2_37.mp4           54  0.491371  ...    0.598957   -0.029441         0.0
48  word_l2_37.mp4           55  0.491844  ...    0.601061   -0.035502         0.0
49  word_l2_37.mp4           56  0.491658  ...    0.608957   -0.029723         0.0
50  word_l2_37.mp4           57  0.491806  ...    0.629978    0.005246         0.0
51  word_l2_37.mp4           58  0.492175  ...    0.702442    0.008586         0.0
52  word_l2_37.mp4           59  0.492385  ...    0.724882    0.012792         0.0
53  word_l2_37.mp4           60  0.492916  ...    0.742146    0.010091         0.0

[54 rows x 1958 columns]
Extracting features...
Face width computed for normalizaiton 0.1547076677289623
Features saved to: ../output/word_l2_37_features.csv
          fn_video  ... distance_r_hand6_r_hand10
0   word_l2_37.mp4  ...                  0.281062
1   word_l2_37.mp4  ...                  0.202772
2   word_l2_37.mp4  ...                  0.215088
3   word_l2_37.mp4  ...                  0.240426
4   word_l2_37.mp4  ...                  0.248343
5   word_l2_37.mp4  ...                  0.227784
6   word_l2_37.mp4  ...                  0.178464
7   word_l2_37.mp4  ...                  0.171495
8   word_l2_37.mp4  ...                  0.131737
9   word_l2_37.mp4  ...                  0.142114
10  word_l2_37.mp4  ...                  0.136369
11  word_l2_37.mp4  ...                  0.179172
12  word_l2_37.mp4  ...                  0.115867
13  word_l2_37.mp4  ...                  0.139761
14  word_l2_37.mp4  ...                  0.192407
15  word_l2_37.mp4  ...                  0.229194
16  word_l2_37.mp4  ...                  0.172873
17  word_l2_37.mp4  ...                  0.160400
18  word_l2_37.mp4  ...                  0.189349
19  word_l2_37.mp4  ...                  0.243439
20  word_l2_37.mp4  ...                  0.265601
21  word_l2_37.mp4  ...                  0.270820
22  word_l2_37.mp4  ...                  0.248579
23  word_l2_37.mp4  ...                  0.261591
24  word_l2_37.mp4  ...                  0.267088
25  word_l2_37.mp4  ...                  0.279522
26  word_l2_37.mp4  ...                  0.274161
27  word_l2_37.mp4  ...                  0.284067
28  word_l2_37.mp4  ...                  0.296018
29  word_l2_37.mp4  ...                  0.272699
30  word_l2_37.mp4  ...                  0.245086
31  word_l2_37.mp4  ...                  0.193944
32  word_l2_37.mp4  ...                  0.172656
33  word_l2_37.mp4  ...                  0.163548
34  word_l2_37.mp4  ...                  0.152268
35  word_l2_37.mp4  ...                  0.151638
36  word_l2_37.mp4  ...                  0.151803
37  word_l2_37.mp4  ...                  0.142821
38  word_l2_37.mp4  ...                  0.146880
39  word_l2_37.mp4  ...                  0.139861
40  word_l2_37.mp4  ...                  0.137090
41  word_l2_37.mp4  ...                  0.141759
42  word_l2_37.mp4  ...                  0.141804
43  word_l2_37.mp4  ...                  0.140569
44  word_l2_37.mp4  ...                  0.139959
45  word_l2_37.mp4  ...                  0.139603
46  word_l2_37.mp4  ...                  0.139140
47  word_l2_37.mp4  ...                  0.143383
48  word_l2_37.mp4  ...                  0.143960
49  word_l2_37.mp4  ...                  0.145905
50  word_l2_37.mp4  ...                  0.151326
51  word_l2_37.mp4  ...                  0.152856
52  word_l2_37.mp4  ...                  0.161230
53  word_l2_37.mp4  ...                  0.176171

[54 rows x 30 columns]
csv file with predictions was saved to ../output/predictions_rf_shape_female_cropped_word_l2_37.csv
