python is /network/lustre/iss02/home/annahita.sarre/anaconda3/envs/myenv/bin/python
Loaded model: ../trained_models/model_rf_position_female_cropped.pkl
Loaded video: ../stimuli/words/mp4/word_l2_10.mp4
Extracting coordinates...
          fn_video frame_number   x_face0  ...  y_r_hand20  z_r_hand20  v_r_hand20
0   word_l2_10.mp4           10  0.497892  ...    1.033301    0.069413         0.0
1   word_l2_10.mp4           11  0.497663  ...    0.977153    0.040589         0.0
2   word_l2_10.mp4           12  0.497583  ...    0.956488    0.023020         0.0
3   word_l2_10.mp4           13  0.497580  ...    0.918521    0.026098         0.0
4   word_l2_10.mp4           14  0.497313  ...    0.907474    0.016314         0.0
5   word_l2_10.mp4           15  0.497447  ...    0.877361    0.011670         0.0
6   word_l2_10.mp4           16  0.497175  ...    0.844713    0.007191         0.0
7   word_l2_10.mp4           17  0.497013  ...    0.809654    0.006166         0.0
8   word_l2_10.mp4           18  0.496769  ...    0.787206    0.000724         0.0
9   word_l2_10.mp4           19  0.496670  ...    0.763456    0.004888         0.0
10  word_l2_10.mp4           20  0.496594  ...    0.748850   -0.000762         0.0
11  word_l2_10.mp4           21  0.496447  ...    0.731599    0.000415         0.0
12  word_l2_10.mp4           22  0.496202  ...    0.714542   -0.001913         0.0
13  word_l2_10.mp4           23  0.496451  ...    0.705903   -0.004839         0.0
14  word_l2_10.mp4           24  0.495820  ...    0.694723   -0.008150         0.0
15  word_l2_10.mp4           25  0.496178  ...    0.681840   -0.009083         0.0
16  word_l2_10.mp4           26  0.496580  ...    0.673365    0.007106         0.0
17  word_l2_10.mp4           27  0.497005  ...    0.661414    0.017990         0.0
18  word_l2_10.mp4           28  0.497499  ...    0.654627    0.017790         0.0
19  word_l2_10.mp4           29  0.497881  ...    0.648540    0.018548         0.0
20  word_l2_10.mp4           30  0.498020  ...    0.649854    0.013609         0.0
21  word_l2_10.mp4           31  0.498421  ...    0.651159    0.007186         0.0
22  word_l2_10.mp4           32  0.498321  ...    0.652468    0.009352         0.0
23  word_l2_10.mp4           33  0.498382  ...    0.647914    0.018213         0.0
24  word_l2_10.mp4           34  0.498569  ...    0.649119    0.014477         0.0
25  word_l2_10.mp4           35  0.498225  ...    0.630185    0.001495         0.0
26  word_l2_10.mp4           36  0.497646  ...    0.592235   -0.012185         0.0
27  word_l2_10.mp4           37  0.497110  ...    0.550589   -0.042220         0.0
28  word_l2_10.mp4           38  0.497039  ...    0.541290   -0.050506         0.0
29  word_l2_10.mp4           39  0.498198  ...    0.546713   -0.042319         0.0
30  word_l2_10.mp4           40  0.497983  ...    0.547391   -0.042397         0.0
31  word_l2_10.mp4           41  0.497891  ...    0.548778   -0.038281         0.0
32  word_l2_10.mp4           42  0.498109  ...    0.549187   -0.040864         0.0
33  word_l2_10.mp4           43  0.498161  ...    0.549552   -0.039039         0.0
34  word_l2_10.mp4           44  0.498919  ...    0.548387   -0.040659         0.0
35  word_l2_10.mp4           45  0.498269  ...    0.547610   -0.046908         0.0
36  word_l2_10.mp4           46  0.498616  ...    0.546522   -0.043341         0.0
37  word_l2_10.mp4           47  0.498758  ...    0.548227   -0.041243         0.0
38  word_l2_10.mp4           48  0.498941  ...    0.546744   -0.032595         0.0
39  word_l2_10.mp4           49  0.498620  ...    0.546515   -0.032088         0.0
40  word_l2_10.mp4           50  0.498739  ...    0.549012   -0.033816         0.0
41  word_l2_10.mp4           51  0.498573  ...    0.554998   -0.025175         0.0
42  word_l2_10.mp4           52  0.498857  ...    0.569300   -0.029843         0.0
43  word_l2_10.mp4           53  0.498776  ...    0.609787    0.009760         0.0
44  word_l2_10.mp4           54  0.498753  ...    0.650877    0.003273         0.0
45  word_l2_10.mp4           55  0.498881  ...    0.664439    0.009524         0.0
46  word_l2_10.mp4           56  0.499039  ...    0.680027    0.004977         0.0
47  word_l2_10.mp4           57  0.499072  ...    0.699467    0.002954         0.0
48  word_l2_10.mp4           58  0.499538  ...    0.713235    0.008146         0.0
49  word_l2_10.mp4           59  0.499355  ...    0.717410    0.011131         0.0
50  word_l2_10.mp4           60  0.499784  ...    0.736069    0.010452         0.0
51  word_l2_10.mp4           61  0.499661  ...    0.748819    0.016593         0.0
52  word_l2_10.mp4           62  0.499745  ...    0.772542    0.018143         0.0
53  word_l2_10.mp4           63  0.499814  ...    0.797938    0.015629         0.0

[54 rows x 1958 columns]
Extracting features...
Face width computed for normalizaiton 0.1561276212535358
Features saved to: ../output/word_l2_10_features.csv
          fn_video  ... distance_r_hand6_r_hand10
0   word_l2_10.mp4  ...                  0.249387
1   word_l2_10.mp4  ...                  0.197095
2   word_l2_10.mp4  ...                  0.247078
3   word_l2_10.mp4  ...                  0.260334
4   word_l2_10.mp4  ...                  0.320557
5   word_l2_10.mp4  ...                  0.368834
6   word_l2_10.mp4  ...                  0.373132
7   word_l2_10.mp4  ...                  0.343636
8   word_l2_10.mp4  ...                  0.355017
9   word_l2_10.mp4  ...                  0.373447
10  word_l2_10.mp4  ...                  0.389754
11  word_l2_10.mp4  ...                  0.404909
12  word_l2_10.mp4  ...                  0.416720
13  word_l2_10.mp4  ...                  0.421203
14  word_l2_10.mp4  ...                  0.396305
15  word_l2_10.mp4  ...                  0.344649
16  word_l2_10.mp4  ...                  0.328175
17  word_l2_10.mp4  ...                  0.310804
18  word_l2_10.mp4  ...                  0.315883
19  word_l2_10.mp4  ...                  0.325147
20  word_l2_10.mp4  ...                  0.321033
21  word_l2_10.mp4  ...                  0.318895
22  word_l2_10.mp4  ...                  0.320477
23  word_l2_10.mp4  ...                  0.320744
24  word_l2_10.mp4  ...                  0.300463
25  word_l2_10.mp4  ...                  0.248887
26  word_l2_10.mp4  ...                  0.224115
27  word_l2_10.mp4  ...                  0.179209
28  word_l2_10.mp4  ...                  0.153096
29  word_l2_10.mp4  ...                  0.144966
30  word_l2_10.mp4  ...                  0.146566
31  word_l2_10.mp4  ...                  0.140374
32  word_l2_10.mp4  ...                  0.138752
33  word_l2_10.mp4  ...                  0.136491
34  word_l2_10.mp4  ...                  0.134550
35  word_l2_10.mp4  ...                  0.142149
36  word_l2_10.mp4  ...                  0.153718
37  word_l2_10.mp4  ...                  0.148088
38  word_l2_10.mp4  ...                  0.156894
39  word_l2_10.mp4  ...                  0.160526
40  word_l2_10.mp4  ...                  0.159591
41  word_l2_10.mp4  ...                  0.168853
42  word_l2_10.mp4  ...                  0.172998
43  word_l2_10.mp4  ...                  0.198030
44  word_l2_10.mp4  ...                  0.260558
45  word_l2_10.mp4  ...                  0.288738
46  word_l2_10.mp4  ...                  0.259860
47  word_l2_10.mp4  ...                  0.235918
48  word_l2_10.mp4  ...                  0.192341
49  word_l2_10.mp4  ...                  0.178557
50  word_l2_10.mp4  ...                  0.197950
51  word_l2_10.mp4  ...                  0.209096
52  word_l2_10.mp4  ...                  0.212900
53  word_l2_10.mp4  ...                  0.221621

[54 rows x 30 columns]
csv file with predictions was saved to ../output/predictions_rf_position_female_cropped_word_l2_10.csv
Loaded model: ../trained_models/model_rf_shape_female_cropped.pkl
Loaded video: ../stimuli/words/mp4/word_l2_10.mp4
Extracting coordinates...
          fn_video frame_number   x_face0  ...  y_r_hand20  z_r_hand20  v_r_hand20
0   word_l2_10.mp4           10  0.497892  ...    1.033301    0.069413         0.0
1   word_l2_10.mp4           11  0.497663  ...    0.977153    0.040589         0.0
2   word_l2_10.mp4           12  0.497583  ...    0.956488    0.023020         0.0
3   word_l2_10.mp4           13  0.497580  ...    0.918521    0.026098         0.0
4   word_l2_10.mp4           14  0.497313  ...    0.907474    0.016314         0.0
5   word_l2_10.mp4           15  0.497447  ...    0.877361    0.011670         0.0
6   word_l2_10.mp4           16  0.497175  ...    0.844713    0.007191         0.0
7   word_l2_10.mp4           17  0.497013  ...    0.809654    0.006166         0.0
8   word_l2_10.mp4           18  0.496769  ...    0.787206    0.000724         0.0
9   word_l2_10.mp4           19  0.496670  ...    0.763456    0.004888         0.0
10  word_l2_10.mp4           20  0.496594  ...    0.748850   -0.000762         0.0
11  word_l2_10.mp4           21  0.496447  ...    0.731599    0.000415         0.0
12  word_l2_10.mp4           22  0.496202  ...    0.714542   -0.001913         0.0
13  word_l2_10.mp4           23  0.496451  ...    0.705903   -0.004839         0.0
14  word_l2_10.mp4           24  0.495820  ...    0.694723   -0.008150         0.0
15  word_l2_10.mp4           25  0.496178  ...    0.681840   -0.009083         0.0
16  word_l2_10.mp4           26  0.496580  ...    0.673365    0.007106         0.0
17  word_l2_10.mp4           27  0.497005  ...    0.661414    0.017990         0.0
18  word_l2_10.mp4           28  0.497499  ...    0.654627    0.017790         0.0
19  word_l2_10.mp4           29  0.497881  ...    0.648540    0.018548         0.0
20  word_l2_10.mp4           30  0.498020  ...    0.649854    0.013609         0.0
21  word_l2_10.mp4           31  0.498421  ...    0.651159    0.007186         0.0
22  word_l2_10.mp4           32  0.498321  ...    0.652468    0.009352         0.0
23  word_l2_10.mp4           33  0.498382  ...    0.647914    0.018213         0.0
24  word_l2_10.mp4           34  0.498569  ...    0.649119    0.014477         0.0
25  word_l2_10.mp4           35  0.498225  ...    0.630185    0.001495         0.0
26  word_l2_10.mp4           36  0.497646  ...    0.592235   -0.012185         0.0
27  word_l2_10.mp4           37  0.497110  ...    0.550589   -0.042220         0.0
28  word_l2_10.mp4           38  0.497039  ...    0.541290   -0.050506         0.0
29  word_l2_10.mp4           39  0.498198  ...    0.546713   -0.042319         0.0
30  word_l2_10.mp4           40  0.497983  ...    0.547391   -0.042397         0.0
31  word_l2_10.mp4           41  0.497891  ...    0.548778   -0.038281         0.0
32  word_l2_10.mp4           42  0.498109  ...    0.549187   -0.040864         0.0
33  word_l2_10.mp4           43  0.498161  ...    0.549552   -0.039039         0.0
34  word_l2_10.mp4           44  0.498919  ...    0.548387   -0.040659         0.0
35  word_l2_10.mp4           45  0.498269  ...    0.547610   -0.046908         0.0
36  word_l2_10.mp4           46  0.498616  ...    0.546522   -0.043341         0.0
37  word_l2_10.mp4           47  0.498758  ...    0.548227   -0.041243         0.0
38  word_l2_10.mp4           48  0.498941  ...    0.546744   -0.032595         0.0
39  word_l2_10.mp4           49  0.498620  ...    0.546515   -0.032088         0.0
40  word_l2_10.mp4           50  0.498739  ...    0.549012   -0.033816         0.0
41  word_l2_10.mp4           51  0.498573  ...    0.554998   -0.025175         0.0
42  word_l2_10.mp4           52  0.498857  ...    0.569300   -0.029843         0.0
43  word_l2_10.mp4           53  0.498776  ...    0.609787    0.009760         0.0
44  word_l2_10.mp4           54  0.498753  ...    0.650877    0.003273         0.0
45  word_l2_10.mp4           55  0.498881  ...    0.664439    0.009524         0.0
46  word_l2_10.mp4           56  0.499039  ...    0.680027    0.004977         0.0
47  word_l2_10.mp4           57  0.499072  ...    0.699467    0.002954         0.0
48  word_l2_10.mp4           58  0.499538  ...    0.713235    0.008146         0.0
49  word_l2_10.mp4           59  0.499355  ...    0.717410    0.011131         0.0
50  word_l2_10.mp4           60  0.499784  ...    0.736069    0.010452         0.0
51  word_l2_10.mp4           61  0.499661  ...    0.748819    0.016593         0.0
52  word_l2_10.mp4           62  0.499745  ...    0.772542    0.018143         0.0
53  word_l2_10.mp4           63  0.499814  ...    0.797938    0.015629         0.0

[54 rows x 1958 columns]
Extracting features...
Face width computed for normalizaiton 0.1561276212535358
Features saved to: ../output/word_l2_10_features.csv
          fn_video  ... distance_r_hand6_r_hand10
0   word_l2_10.mp4  ...                  0.249387
1   word_l2_10.mp4  ...                  0.197095
2   word_l2_10.mp4  ...                  0.247078
3   word_l2_10.mp4  ...                  0.260334
4   word_l2_10.mp4  ...                  0.320557
5   word_l2_10.mp4  ...                  0.368834
6   word_l2_10.mp4  ...                  0.373132
7   word_l2_10.mp4  ...                  0.343636
8   word_l2_10.mp4  ...                  0.355017
9   word_l2_10.mp4  ...                  0.373447
10  word_l2_10.mp4  ...                  0.389754
11  word_l2_10.mp4  ...                  0.404909
12  word_l2_10.mp4  ...                  0.416720
13  word_l2_10.mp4  ...                  0.421203
14  word_l2_10.mp4  ...                  0.396305
15  word_l2_10.mp4  ...                  0.344649
16  word_l2_10.mp4  ...                  0.328175
17  word_l2_10.mp4  ...                  0.310804
18  word_l2_10.mp4  ...                  0.315883
19  word_l2_10.mp4  ...                  0.325147
20  word_l2_10.mp4  ...                  0.321033
21  word_l2_10.mp4  ...                  0.318895
22  word_l2_10.mp4  ...                  0.320477
23  word_l2_10.mp4  ...                  0.320744
24  word_l2_10.mp4  ...                  0.300463
25  word_l2_10.mp4  ...                  0.248887
26  word_l2_10.mp4  ...                  0.224115
27  word_l2_10.mp4  ...                  0.179209
28  word_l2_10.mp4  ...                  0.153096
29  word_l2_10.mp4  ...                  0.144966
30  word_l2_10.mp4  ...                  0.146566
31  word_l2_10.mp4  ...                  0.140374
32  word_l2_10.mp4  ...                  0.138752
33  word_l2_10.mp4  ...                  0.136491
34  word_l2_10.mp4  ...                  0.134550
35  word_l2_10.mp4  ...                  0.142149
36  word_l2_10.mp4  ...                  0.153718
37  word_l2_10.mp4  ...                  0.148088
38  word_l2_10.mp4  ...                  0.156894
39  word_l2_10.mp4  ...                  0.160526
40  word_l2_10.mp4  ...                  0.159591
41  word_l2_10.mp4  ...                  0.168853
42  word_l2_10.mp4  ...                  0.172998
43  word_l2_10.mp4  ...                  0.198030
44  word_l2_10.mp4  ...                  0.260558
45  word_l2_10.mp4  ...                  0.288738
46  word_l2_10.mp4  ...                  0.259860
47  word_l2_10.mp4  ...                  0.235918
48  word_l2_10.mp4  ...                  0.192341
49  word_l2_10.mp4  ...                  0.178557
50  word_l2_10.mp4  ...                  0.197950
51  word_l2_10.mp4  ...                  0.209096
52  word_l2_10.mp4  ...                  0.212900
53  word_l2_10.mp4  ...                  0.221621

[54 rows x 30 columns]
csv file with predictions was saved to ../output/predictions_rf_shape_female_cropped_word_l2_10.csv
Visualization for: ../stimuli/words/mp4/word_l2_10.mp4
32
