python is /network/lustre/iss02/home/annahita.sarre/anaconda3/envs/myenv/bin/python
Loaded model: ../trained_models/model_rf_position_female_cropped.pkl
Loaded video: ../stimuli/words/mp4/word_h1_23.mp4
Extracting coordinates...
          fn_video frame_number   x_face0  ...  y_r_hand20  z_r_hand20  v_r_hand20
0   word_h1_23.mp4            1  0.500149  ...    0.941791    0.003263         0.0
1   word_h1_23.mp4            2  0.500076  ...    0.862810    0.001822         0.0
2   word_h1_23.mp4            3  0.500263  ...    0.836591   -0.002960         0.0
3   word_h1_23.mp4            4  0.500381  ...    0.800407   -0.000593         0.0
4   word_h1_23.mp4            5  0.500598  ...    0.779214    0.010290         0.0
..             ...          ...       ...  ...         ...         ...         ...
71  word_h1_23.mp4           72  0.498382  ...    0.684612    0.006121         0.0
72  word_h1_23.mp4           73  0.498504  ...    0.691317    0.011185         0.0
73  word_h1_23.mp4           74  0.498724  ...    0.698703    0.002998         0.0
74  word_h1_23.mp4           75  0.498775  ...    0.702161   -0.010507         0.0
75  word_h1_23.mp4           76  0.498815  ...    0.720099   -0.012123         0.0

[76 rows x 1958 columns]
Extracting features...
Face width computed for normalizaiton 0.16118084259307172
Features saved to: ../output/word_h1_23_features.csv
          fn_video  ... distance_r_hand6_r_hand10
0   word_h1_23.mp4  ...                  0.241823
1   word_h1_23.mp4  ...                  0.201704
2   word_h1_23.mp4  ...                  0.187818
3   word_h1_23.mp4  ...                  0.183951
4   word_h1_23.mp4  ...                  0.178861
..             ...  ...                       ...
71  word_h1_23.mp4  ...                  0.141805
72  word_h1_23.mp4  ...                  0.143766
73  word_h1_23.mp4  ...                  0.145158
74  word_h1_23.mp4  ...                  0.154587
75  word_h1_23.mp4  ...                  0.157994

[76 rows x 30 columns]
csv file with predictions was saved to ../output/predictions_rf_position_female_cropped_word_h1_23.csv
Loaded model: ../trained_models/model_rf_shape_female_cropped.pkl
Loaded video: ../stimuli/words/mp4/word_h1_23.mp4
Extracting coordinates...
          fn_video frame_number   x_face0  ...  y_r_hand20  z_r_hand20  v_r_hand20
0   word_h1_23.mp4            1  0.500149  ...    0.941791    0.003263         0.0
1   word_h1_23.mp4            2  0.500076  ...    0.862810    0.001822         0.0
2   word_h1_23.mp4            3  0.500263  ...    0.836591   -0.002960         0.0
3   word_h1_23.mp4            4  0.500381  ...    0.800407   -0.000593         0.0
4   word_h1_23.mp4            5  0.500598  ...    0.779214    0.010290         0.0
..             ...          ...       ...  ...         ...         ...         ...
71  word_h1_23.mp4           72  0.498382  ...    0.684612    0.006121         0.0
72  word_h1_23.mp4           73  0.498504  ...    0.691317    0.011185         0.0
73  word_h1_23.mp4           74  0.498724  ...    0.698703    0.002998         0.0
74  word_h1_23.mp4           75  0.498775  ...    0.702161   -0.010507         0.0
75  word_h1_23.mp4           76  0.498815  ...    0.720099   -0.012123         0.0

[76 rows x 1958 columns]
Extracting features...
Face width computed for normalizaiton 0.16118084259307172
Features saved to: ../output/word_h1_23_features.csv
          fn_video  ... distance_r_hand6_r_hand10
0   word_h1_23.mp4  ...                  0.241823
1   word_h1_23.mp4  ...                  0.201704
2   word_h1_23.mp4  ...                  0.187818
3   word_h1_23.mp4  ...                  0.183951
4   word_h1_23.mp4  ...                  0.178861
..             ...  ...                       ...
71  word_h1_23.mp4  ...                  0.141805
72  word_h1_23.mp4  ...                  0.143766
73  word_h1_23.mp4  ...                  0.145158
74  word_h1_23.mp4  ...                  0.154587
75  word_h1_23.mp4  ...                  0.157994

[76 rows x 30 columns]
csv file with predictions was saved to ../output/predictions_rf_shape_female_cropped_word_h1_23.csv
Visualization for: ../stimuli/words/mp4/word_h1_23.mp4
32
