python is /network/lustre/iss02/home/annahita.sarre/anaconda3/envs/myenv/bin/python
Loaded model: ../trained_models/model_rf_position_female_cropped.pkl
Loaded video: ../stimuli/words/mp4/word_l2_29.mp4
Extracting coordinates...
          fn_video frame_number   x_face0  ...  y_r_hand20  z_r_hand20  v_r_hand20
0   word_l2_29.mp4            4  0.496473  ...    1.004956    0.029581         0.0
1   word_l2_29.mp4            5  0.495700  ...    0.944735    0.002984         0.0
2   word_l2_29.mp4            6  0.495711  ...    0.893335   -0.001937         0.0
3   word_l2_29.mp4            7  0.494908  ...    0.839642    0.004889         0.0
4   word_l2_29.mp4            8  0.494655  ...    0.810949    0.005643         0.0
5   word_l2_29.mp4            9  0.494228  ...    0.773046    0.008451         0.0
6   word_l2_29.mp4           10  0.494093  ...    0.759034    0.008843         0.0
7   word_l2_29.mp4           11  0.493789  ...    0.712342    0.022966         0.0
8   word_l2_29.mp4           12  0.493937  ...    0.705771    0.012893         0.0
9   word_l2_29.mp4           13  0.494330  ...    0.687981    0.023459         0.0
10  word_l2_29.mp4           14  0.493753  ...    0.671568    0.024278         0.0
11  word_l2_29.mp4           15  0.493554  ...    0.657386    0.029944         0.0
12  word_l2_29.mp4           16  0.493494  ...    0.650569    0.036099         0.0
13  word_l2_29.mp4           17  0.493244  ...    0.643767    0.022709         0.0
14  word_l2_29.mp4           18  0.493324  ...    0.639011    0.018426         0.0
15  word_l2_29.mp4           19  0.493128  ...    0.637527    0.025348         0.0
16  word_l2_29.mp4           20  0.492795  ...    0.632846    0.014835         0.0
17  word_l2_29.mp4           21  0.492999  ...    0.631290    0.027592         0.0
18  word_l2_29.mp4           22  0.493291  ...    0.627414    0.030180         0.0
19  word_l2_29.mp4           23  0.492960  ...    0.626276    0.027932         0.0
20  word_l2_29.mp4           24  0.492579  ...    0.621744    0.027914         0.0
21  word_l2_29.mp4           25  0.493190  ...    0.621196    0.028456         0.0
22  word_l2_29.mp4           26  0.493040  ...    0.618294    0.033840         0.0
23  word_l2_29.mp4           27  0.493074  ...    0.617404    0.023521         0.0
24  word_l2_29.mp4           28  0.492906  ...    0.621360    0.026624         0.0
25  word_l2_29.mp4           29  0.492827  ...    0.626716    0.023383         0.0
26  word_l2_29.mp4           30  0.493140  ...    0.627773    0.007862         0.0
27  word_l2_29.mp4           31  0.493244  ...    0.626230    0.013670         0.0
28  word_l2_29.mp4           32  0.493517  ...    0.615397    0.006934         0.0
29  word_l2_29.mp4           33  0.493668  ...    0.598958    0.005431         0.0
30  word_l2_29.mp4           34  0.493975  ...    0.595722    0.002145         0.0
31  word_l2_29.mp4           35  0.494699  ...    0.589440   -0.001744         0.0
32  word_l2_29.mp4           36  0.494527  ...    0.589572    0.001741         0.0
33  word_l2_29.mp4           37  0.494252  ...    0.585161    0.002660         0.0
34  word_l2_29.mp4           38  0.493836  ...    0.584793    0.004663         0.0
35  word_l2_29.mp4           39  0.493904  ...    0.578220    0.005349         0.0
36  word_l2_29.mp4           40  0.493685  ...    0.573701   -0.005143         0.0
37  word_l2_29.mp4           41  0.493552  ...    0.568433   -0.008322         0.0
38  word_l2_29.mp4           42  0.492988  ...    0.566130   -0.017951         0.0
39  word_l2_29.mp4           43  0.492810  ...    0.565822   -0.022104         0.0
40  word_l2_29.mp4           44  0.492897  ...    0.564480   -0.023480         0.0
41  word_l2_29.mp4           45  0.493121  ...    0.565050   -0.021508         0.0
42  word_l2_29.mp4           46  0.492957  ...    0.564988   -0.019303         0.0
43  word_l2_29.mp4           47  0.492682  ...    0.564278   -0.012691         0.0
44  word_l2_29.mp4           48  0.492984  ...    0.563903   -0.011155         0.0
45  word_l2_29.mp4           49  0.492549  ...    0.565170   -0.020611         0.0
46  word_l2_29.mp4           50  0.492095  ...    0.567355   -0.017489         0.0
47  word_l2_29.mp4           51  0.491852  ...    0.570843   -0.020383         0.0
48  word_l2_29.mp4           52  0.491854  ...    0.573147   -0.025948         0.0
49  word_l2_29.mp4           53  0.491818  ...    0.572840   -0.026001         0.0
50  word_l2_29.mp4           54  0.491550  ...    0.579844   -0.029029         0.0
51  word_l2_29.mp4           55  0.491571  ...    0.599834   -0.003765         0.0
52  word_l2_29.mp4           56  0.491255  ...    0.616581   -0.002843         0.0
53  word_l2_29.mp4           57  0.491793  ...    0.693883    0.000349         0.0
54  word_l2_29.mp4           58  0.492136  ...    0.702822    0.001679         0.0
55  word_l2_29.mp4           59  0.492455  ...    0.713485    0.003910         0.0
56  word_l2_29.mp4           60  0.492475  ...    0.730714    0.008313         0.0
57  word_l2_29.mp4           61  0.493543  ...    0.751114    0.009887         0.0
58  word_l2_29.mp4           62  0.494023  ...    0.775751    0.016195         0.0

[59 rows x 1958 columns]
Extracting features...
Face width computed for normalizaiton 0.15627877685373184
Features saved to: ../output/word_l2_29_features.csv
          fn_video  ... distance_r_hand6_r_hand10
0   word_l2_29.mp4  ...                  0.242531
1   word_l2_29.mp4  ...                  0.218868
2   word_l2_29.mp4  ...                  0.187062
3   word_l2_29.mp4  ...                  0.195528
4   word_l2_29.mp4  ...                  0.163012
5   word_l2_29.mp4  ...                  0.172790
6   word_l2_29.mp4  ...                  0.163830
7   word_l2_29.mp4  ...                  0.176604
8   word_l2_29.mp4  ...                  0.165792
9   word_l2_29.mp4  ...                  0.152617
10  word_l2_29.mp4  ...                  0.149330
11  word_l2_29.mp4  ...                  0.161300
12  word_l2_29.mp4  ...                  0.154892
13  word_l2_29.mp4  ...                  0.156263
14  word_l2_29.mp4  ...                  0.155553
15  word_l2_29.mp4  ...                  0.150716
16  word_l2_29.mp4  ...                  0.155538
17  word_l2_29.mp4  ...                  0.156493
18  word_l2_29.mp4  ...                  0.155024
19  word_l2_29.mp4  ...                  0.154522
20  word_l2_29.mp4  ...                  0.154121
21  word_l2_29.mp4  ...                  0.149339
22  word_l2_29.mp4  ...                  0.145244
23  word_l2_29.mp4  ...                  0.147141
24  word_l2_29.mp4  ...                  0.147000
25  word_l2_29.mp4  ...                  0.153261
26  word_l2_29.mp4  ...                  0.160125
27  word_l2_29.mp4  ...                  0.154036
28  word_l2_29.mp4  ...                  0.144106
29  word_l2_29.mp4  ...                  0.156615
30  word_l2_29.mp4  ...                  0.153761
31  word_l2_29.mp4  ...                  0.161788
32  word_l2_29.mp4  ...                  0.150796
33  word_l2_29.mp4  ...                  0.153554
34  word_l2_29.mp4  ...                  0.154538
35  word_l2_29.mp4  ...                  0.152546
36  word_l2_29.mp4  ...                  0.157661
37  word_l2_29.mp4  ...                  0.146301
38  word_l2_29.mp4  ...                  0.128325
39  word_l2_29.mp4  ...                  0.130741
40  word_l2_29.mp4  ...                  0.140197
41  word_l2_29.mp4  ...                  0.143049
42  word_l2_29.mp4  ...                  0.142003
43  word_l2_29.mp4  ...                  0.137233
44  word_l2_29.mp4  ...                  0.138124
45  word_l2_29.mp4  ...                  0.141522
46  word_l2_29.mp4  ...                  0.138209
47  word_l2_29.mp4  ...                  0.142551
48  word_l2_29.mp4  ...                  0.141332
49  word_l2_29.mp4  ...                  0.143579
50  word_l2_29.mp4  ...                  0.155662
51  word_l2_29.mp4  ...                  0.153651
52  word_l2_29.mp4  ...                  0.168303
53  word_l2_29.mp4  ...                  0.163938
54  word_l2_29.mp4  ...                  0.154417
55  word_l2_29.mp4  ...                  0.149539
56  word_l2_29.mp4  ...                  0.148411
57  word_l2_29.mp4  ...                  0.170449
58  word_l2_29.mp4  ...                  0.158801

[59 rows x 30 columns]
csv file with predictions was saved to ../output/predictions_rf_position_female_cropped_word_l2_29.csv
Loaded model: ../trained_models/model_rf_shape_female_cropped.pkl
Loaded video: ../stimuli/words/mp4/word_l2_29.mp4
Extracting coordinates...
          fn_video frame_number   x_face0  ...  y_r_hand20  z_r_hand20  v_r_hand20
0   word_l2_29.mp4            4  0.496473  ...    1.004956    0.029581         0.0
1   word_l2_29.mp4            5  0.495700  ...    0.944735    0.002984         0.0
2   word_l2_29.mp4            6  0.495711  ...    0.893335   -0.001937         0.0
3   word_l2_29.mp4            7  0.494908  ...    0.839642    0.004889         0.0
4   word_l2_29.mp4            8  0.494655  ...    0.810949    0.005643         0.0
5   word_l2_29.mp4            9  0.494228  ...    0.773046    0.008451         0.0
6   word_l2_29.mp4           10  0.494093  ...    0.759034    0.008843         0.0
7   word_l2_29.mp4           11  0.493789  ...    0.712342    0.022966         0.0
8   word_l2_29.mp4           12  0.493937  ...    0.705771    0.012893         0.0
9   word_l2_29.mp4           13  0.494330  ...    0.687981    0.023459         0.0
10  word_l2_29.mp4           14  0.493753  ...    0.671568    0.024278         0.0
11  word_l2_29.mp4           15  0.493554  ...    0.657386    0.029944         0.0
12  word_l2_29.mp4           16  0.493494  ...    0.650569    0.036099         0.0
13  word_l2_29.mp4           17  0.493244  ...    0.643767    0.022709         0.0
14  word_l2_29.mp4           18  0.493324  ...    0.639011    0.018426         0.0
15  word_l2_29.mp4           19  0.493128  ...    0.637527    0.025348         0.0
16  word_l2_29.mp4           20  0.492795  ...    0.632846    0.014835         0.0
17  word_l2_29.mp4           21  0.492999  ...    0.631290    0.027592         0.0
18  word_l2_29.mp4           22  0.493291  ...    0.627414    0.030180         0.0
19  word_l2_29.mp4           23  0.492960  ...    0.626276    0.027932         0.0
20  word_l2_29.mp4           24  0.492579  ...    0.621744    0.027914         0.0
21  word_l2_29.mp4           25  0.493190  ...    0.621196    0.028456         0.0
22  word_l2_29.mp4           26  0.493040  ...    0.618294    0.033840         0.0
23  word_l2_29.mp4           27  0.493074  ...    0.617404    0.023521         0.0
24  word_l2_29.mp4           28  0.492906  ...    0.621360    0.026624         0.0
25  word_l2_29.mp4           29  0.492827  ...    0.626716    0.023383         0.0
26  word_l2_29.mp4           30  0.493140  ...    0.627773    0.007862         0.0
27  word_l2_29.mp4           31  0.493244  ...    0.626230    0.013670         0.0
28  word_l2_29.mp4           32  0.493517  ...    0.615397    0.006934         0.0
29  word_l2_29.mp4           33  0.493668  ...    0.598958    0.005431         0.0
30  word_l2_29.mp4           34  0.493975  ...    0.595722    0.002145         0.0
31  word_l2_29.mp4           35  0.494699  ...    0.589440   -0.001744         0.0
32  word_l2_29.mp4           36  0.494527  ...    0.589572    0.001741         0.0
33  word_l2_29.mp4           37  0.494252  ...    0.585161    0.002660         0.0
34  word_l2_29.mp4           38  0.493836  ...    0.584793    0.004663         0.0
35  word_l2_29.mp4           39  0.493904  ...    0.578220    0.005349         0.0
36  word_l2_29.mp4           40  0.493685  ...    0.573701   -0.005143         0.0
37  word_l2_29.mp4           41  0.493552  ...    0.568433   -0.008322         0.0
38  word_l2_29.mp4           42  0.492988  ...    0.566130   -0.017951         0.0
39  word_l2_29.mp4           43  0.492810  ...    0.565822   -0.022104         0.0
40  word_l2_29.mp4           44  0.492897  ...    0.564480   -0.023480         0.0
41  word_l2_29.mp4           45  0.493121  ...    0.565050   -0.021508         0.0
42  word_l2_29.mp4           46  0.492957  ...    0.564988   -0.019303         0.0
43  word_l2_29.mp4           47  0.492682  ...    0.564278   -0.012691         0.0
44  word_l2_29.mp4           48  0.492984  ...    0.563903   -0.011155         0.0
45  word_l2_29.mp4           49  0.492549  ...    0.565170   -0.020611         0.0
46  word_l2_29.mp4           50  0.492095  ...    0.567355   -0.017489         0.0
47  word_l2_29.mp4           51  0.491852  ...    0.570843   -0.020383         0.0
48  word_l2_29.mp4           52  0.491854  ...    0.573147   -0.025948         0.0
49  word_l2_29.mp4           53  0.491818  ...    0.572840   -0.026001         0.0
50  word_l2_29.mp4           54  0.491550  ...    0.579844   -0.029029         0.0
51  word_l2_29.mp4           55  0.491571  ...    0.599834   -0.003765         0.0
52  word_l2_29.mp4           56  0.491255  ...    0.616581   -0.002843         0.0
53  word_l2_29.mp4           57  0.491793  ...    0.693883    0.000349         0.0
54  word_l2_29.mp4           58  0.492136  ...    0.702822    0.001679         0.0
55  word_l2_29.mp4           59  0.492455  ...    0.713485    0.003910         0.0
56  word_l2_29.mp4           60  0.492475  ...    0.730714    0.008313         0.0
57  word_l2_29.mp4           61  0.493543  ...    0.751114    0.009887         0.0
58  word_l2_29.mp4           62  0.494023  ...    0.775751    0.016195         0.0

[59 rows x 1958 columns]
Extracting features...
Face width computed for normalizaiton 0.15627877685373184
Features saved to: ../output/word_l2_29_features.csv
          fn_video  ... distance_r_hand6_r_hand10
0   word_l2_29.mp4  ...                  0.242531
1   word_l2_29.mp4  ...                  0.218868
2   word_l2_29.mp4  ...                  0.187062
3   word_l2_29.mp4  ...                  0.195528
4   word_l2_29.mp4  ...                  0.163012
5   word_l2_29.mp4  ...                  0.172790
6   word_l2_29.mp4  ...                  0.163830
7   word_l2_29.mp4  ...                  0.176604
8   word_l2_29.mp4  ...                  0.165792
9   word_l2_29.mp4  ...                  0.152617
10  word_l2_29.mp4  ...                  0.149330
11  word_l2_29.mp4  ...                  0.161300
12  word_l2_29.mp4  ...                  0.154892
13  word_l2_29.mp4  ...                  0.156263
14  word_l2_29.mp4  ...                  0.155553
15  word_l2_29.mp4  ...                  0.150716
16  word_l2_29.mp4  ...                  0.155538
17  word_l2_29.mp4  ...                  0.156493
18  word_l2_29.mp4  ...                  0.155024
19  word_l2_29.mp4  ...                  0.154522
20  word_l2_29.mp4  ...                  0.154121
21  word_l2_29.mp4  ...                  0.149339
22  word_l2_29.mp4  ...                  0.145244
23  word_l2_29.mp4  ...                  0.147141
24  word_l2_29.mp4  ...                  0.147000
25  word_l2_29.mp4  ...                  0.153261
26  word_l2_29.mp4  ...                  0.160125
27  word_l2_29.mp4  ...                  0.154036
28  word_l2_29.mp4  ...                  0.144106
29  word_l2_29.mp4  ...                  0.156615
30  word_l2_29.mp4  ...                  0.153761
31  word_l2_29.mp4  ...                  0.161788
32  word_l2_29.mp4  ...                  0.150796
33  word_l2_29.mp4  ...                  0.153554
34  word_l2_29.mp4  ...                  0.154538
35  word_l2_29.mp4  ...                  0.152546
36  word_l2_29.mp4  ...                  0.157661
37  word_l2_29.mp4  ...                  0.146301
38  word_l2_29.mp4  ...                  0.128325
39  word_l2_29.mp4  ...                  0.130741
40  word_l2_29.mp4  ...                  0.140197
41  word_l2_29.mp4  ...                  0.143049
42  word_l2_29.mp4  ...                  0.142003
43  word_l2_29.mp4  ...                  0.137233
44  word_l2_29.mp4  ...                  0.138124
45  word_l2_29.mp4  ...                  0.141522
46  word_l2_29.mp4  ...                  0.138209
47  word_l2_29.mp4  ...                  0.142551
48  word_l2_29.mp4  ...                  0.141332
49  word_l2_29.mp4  ...                  0.143579
50  word_l2_29.mp4  ...                  0.155662
51  word_l2_29.mp4  ...                  0.153651
52  word_l2_29.mp4  ...                  0.168303
53  word_l2_29.mp4  ...                  0.163938
54  word_l2_29.mp4  ...                  0.154417
55  word_l2_29.mp4  ...                  0.149539
56  word_l2_29.mp4  ...                  0.148411
57  word_l2_29.mp4  ...                  0.170449
58  word_l2_29.mp4  ...                  0.158801

[59 rows x 30 columns]
csv file with predictions was saved to ../output/predictions_rf_shape_female_cropped_word_l2_29.csv
Visualization for: ../stimuli/words/mp4/word_l2_29.mp4
32
