python is /network/lustre/iss02/home/annahita.sarre/anaconda3/envs/myenv/bin/python
Loaded model: ../trained_models/model_rf_position_female_cropped.pkl
Loaded video: ../stimuli/words/mp4/word_h0_36.mp4
Extracting coordinates...
          fn_video frame_number   x_face0  ...  y_r_hand20  z_r_hand20  v_r_hand20
0   word_h0_36.mp4            7  0.494752  ...    1.005192    0.046218         0.0
1   word_h0_36.mp4            8  0.494294  ...    0.924824    0.010591         0.0
2   word_h0_36.mp4            9  0.493875  ...    0.880895    0.005581         0.0
3   word_h0_36.mp4           10  0.493882  ...    0.855564    0.012031         0.0
4   word_h0_36.mp4           11  0.494123  ...    0.834028   -0.001193         0.0
..             ...          ...       ...  ...         ...         ...         ...
64  word_h0_36.mp4           71  0.494256  ...    0.798351    0.007248         0.0
65  word_h0_36.mp4           72  0.494123  ...    0.826354    0.015734         0.0
66  word_h0_36.mp4           73  0.494266  ...    0.844497    0.015084         0.0
67  word_h0_36.mp4           74  0.494719  ...    0.875093    0.014728         0.0
68  word_h0_36.mp4           75  0.495223  ...    0.905582    0.012397         0.0

[69 rows x 1958 columns]
Extracting features...
Face width computed for normalizaiton 0.16085133889083886
Features saved to: ../output/word_h0_36_features.csv
          fn_video  ... distance_r_hand6_r_hand10
0   word_h0_36.mp4  ...                  0.285311
1   word_h0_36.mp4  ...                  0.215820
2   word_h0_36.mp4  ...                  0.186203
3   word_h0_36.mp4  ...                  0.148645
4   word_h0_36.mp4  ...                  0.144769
..             ...  ...                       ...
64  word_h0_36.mp4  ...                  0.155299
65  word_h0_36.mp4  ...                  0.168284
66  word_h0_36.mp4  ...                  0.175246
67  word_h0_36.mp4  ...                  0.177274
68  word_h0_36.mp4  ...                  0.179645

[69 rows x 30 columns]
csv file with predictions was saved to ../output/predictions_rf_position_female_cropped_word_h0_36.csv
Loaded model: ../trained_models/model_rf_shape_female_cropped.pkl
Loaded video: ../stimuli/words/mp4/word_h0_36.mp4
Extracting coordinates...
          fn_video frame_number   x_face0  ...  y_r_hand20  z_r_hand20  v_r_hand20
0   word_h0_36.mp4            7  0.494752  ...    1.005192    0.046218         0.0
1   word_h0_36.mp4            8  0.494294  ...    0.924824    0.010591         0.0
2   word_h0_36.mp4            9  0.493875  ...    0.880895    0.005581         0.0
3   word_h0_36.mp4           10  0.493882  ...    0.855564    0.012031         0.0
4   word_h0_36.mp4           11  0.494123  ...    0.834028   -0.001193         0.0
..             ...          ...       ...  ...         ...         ...         ...
64  word_h0_36.mp4           71  0.494256  ...    0.798351    0.007248         0.0
65  word_h0_36.mp4           72  0.494123  ...    0.826354    0.015734         0.0
66  word_h0_36.mp4           73  0.494266  ...    0.844497    0.015084         0.0
67  word_h0_36.mp4           74  0.494719  ...    0.875093    0.014728         0.0
68  word_h0_36.mp4           75  0.495223  ...    0.905582    0.012397         0.0

[69 rows x 1958 columns]
Extracting features...
Face width computed for normalizaiton 0.16085133889083886
Features saved to: ../output/word_h0_36_features.csv
          fn_video  ... distance_r_hand6_r_hand10
0   word_h0_36.mp4  ...                  0.285311
1   word_h0_36.mp4  ...                  0.215820
2   word_h0_36.mp4  ...                  0.186203
3   word_h0_36.mp4  ...                  0.148645
4   word_h0_36.mp4  ...                  0.144769
..             ...  ...                       ...
64  word_h0_36.mp4  ...                  0.155299
65  word_h0_36.mp4  ...                  0.168284
66  word_h0_36.mp4  ...                  0.175246
67  word_h0_36.mp4  ...                  0.177274
68  word_h0_36.mp4  ...                  0.179645

[69 rows x 30 columns]
csv file with predictions was saved to ../output/predictions_rf_shape_female_cropped_word_h0_36.csv
Visualization for: ../stimuli/words/mp4/word_h0_36.mp4
32
