python is /network/lustre/iss02/home/annahita.sarre/anaconda3/envs/myenv/bin/python
Loaded model: ../trained_models/model_rf_position_female_cropped.pkl
Loaded video: ../stimuli/words/mp4/word_l2_04_pseudo.mp4
Extracting coordinates...
                 fn_video frame_number  ...  z_r_hand20  v_r_hand20
0   word_l2_04_pseudo.mp4            1  ...    0.027821         0.0
1   word_l2_04_pseudo.mp4            2  ...    0.019495         0.0
2   word_l2_04_pseudo.mp4            3  ...    0.023411         0.0
3   word_l2_04_pseudo.mp4            4  ...    0.019477         0.0
4   word_l2_04_pseudo.mp4            5  ...    0.020336         0.0
5   word_l2_04_pseudo.mp4            6  ...    0.025521         0.0
6   word_l2_04_pseudo.mp4            7  ...    0.022342         0.0
7   word_l2_04_pseudo.mp4            8  ...    0.023057         0.0
8   word_l2_04_pseudo.mp4            9  ...    0.029750         0.0
9   word_l2_04_pseudo.mp4           10  ...    0.019948         0.0
10  word_l2_04_pseudo.mp4           11  ...    0.013898         0.0
11  word_l2_04_pseudo.mp4           12  ...    0.012861         0.0
12  word_l2_04_pseudo.mp4           13  ...    0.017708         0.0
13  word_l2_04_pseudo.mp4           14  ...    0.009737         0.0
14  word_l2_04_pseudo.mp4           15  ...    0.017282         0.0
15  word_l2_04_pseudo.mp4           16  ...    0.015880         0.0
16  word_l2_04_pseudo.mp4           17  ...    0.017219         0.0
17  word_l2_04_pseudo.mp4           18  ...    0.017805         0.0
18  word_l2_04_pseudo.mp4           19  ...    0.027861         0.0
19  word_l2_04_pseudo.mp4           20  ...    0.028569         0.0
20  word_l2_04_pseudo.mp4           21  ...    0.020973         0.0
21  word_l2_04_pseudo.mp4           22  ...    0.021338         0.0
22  word_l2_04_pseudo.mp4           23  ...    0.016264         0.0
23  word_l2_04_pseudo.mp4           24  ...    0.011992         0.0
24  word_l2_04_pseudo.mp4           25  ...    0.012586         0.0
25  word_l2_04_pseudo.mp4           26  ...    0.013726         0.0
26  word_l2_04_pseudo.mp4           27  ...    0.019331         0.0
27  word_l2_04_pseudo.mp4           28  ...    0.011078         0.0
28  word_l2_04_pseudo.mp4           29  ...    0.000595         0.0
29  word_l2_04_pseudo.mp4           30  ...   -0.012596         0.0
30  word_l2_04_pseudo.mp4           31  ...    0.011324         0.0
31  word_l2_04_pseudo.mp4           32  ...   -0.003189         0.0
32  word_l2_04_pseudo.mp4           33  ...    0.002108         0.0
33  word_l2_04_pseudo.mp4           34  ...   -0.005494         0.0
34  word_l2_04_pseudo.mp4           35  ...   -0.003639         0.0
35  word_l2_04_pseudo.mp4           36  ...   -0.005717         0.0
36  word_l2_04_pseudo.mp4           37  ...   -0.004302         0.0
37  word_l2_04_pseudo.mp4           38  ...   -0.001721         0.0
38  word_l2_04_pseudo.mp4           39  ...    0.006987         0.0
39  word_l2_04_pseudo.mp4           40  ...   -0.001535         0.0
40  word_l2_04_pseudo.mp4           41  ...   -0.035051         0.0
41  word_l2_04_pseudo.mp4           42  ...   -0.031813         0.0
42  word_l2_04_pseudo.mp4           43  ...   -0.027130         0.0
43  word_l2_04_pseudo.mp4           44  ...   -0.033518         0.0
44  word_l2_04_pseudo.mp4           45  ...   -0.029153         0.0
45  word_l2_04_pseudo.mp4           46  ...   -0.030805         0.0
46  word_l2_04_pseudo.mp4           47  ...   -0.032076         0.0
47  word_l2_04_pseudo.mp4           48  ...   -0.030607         0.0
48  word_l2_04_pseudo.mp4           49  ...   -0.030252         0.0
49  word_l2_04_pseudo.mp4           50  ...   -0.028403         0.0
50  word_l2_04_pseudo.mp4           51  ...   -0.025351         0.0
51  word_l2_04_pseudo.mp4           52  ...   -0.026782         0.0
52  word_l2_04_pseudo.mp4           53  ...   -0.028627         0.0
53  word_l2_04_pseudo.mp4           54  ...   -0.027347         0.0
54  word_l2_04_pseudo.mp4           55  ...   -0.027698         0.0
55  word_l2_04_pseudo.mp4           56  ...   -0.030235         0.0
56  word_l2_04_pseudo.mp4           57  ...   -0.028493         0.0
57  word_l2_04_pseudo.mp4           58  ...   -0.032889         0.0
58  word_l2_04_pseudo.mp4           59  ...   -0.032200         0.0
59  word_l2_04_pseudo.mp4           60  ...   -0.032838         0.0

[60 rows x 1958 columns]
Extracting features...
Face width computed for normalizaiton 0.16147154436654446
Features saved to: ../output/word_l2_04_pseudo_features.csv
                 fn_video  ... distance_r_hand6_r_hand10
0   word_l2_04_pseudo.mp4  ...                  0.207577
1   word_l2_04_pseudo.mp4  ...                  0.180615
2   word_l2_04_pseudo.mp4  ...                  0.171573
3   word_l2_04_pseudo.mp4  ...                  0.176376
4   word_l2_04_pseudo.mp4  ...                  0.165197
5   word_l2_04_pseudo.mp4  ...                  0.167345
6   word_l2_04_pseudo.mp4  ...                  0.174543
7   word_l2_04_pseudo.mp4  ...                  0.162207
8   word_l2_04_pseudo.mp4  ...                  0.160632
9   word_l2_04_pseudo.mp4  ...                  0.156927
10  word_l2_04_pseudo.mp4  ...                  0.150715
11  word_l2_04_pseudo.mp4  ...                  0.149980
12  word_l2_04_pseudo.mp4  ...                  0.150025
13  word_l2_04_pseudo.mp4  ...                  0.147887
14  word_l2_04_pseudo.mp4  ...                  0.149345
15  word_l2_04_pseudo.mp4  ...                  0.147488
16  word_l2_04_pseudo.mp4  ...                  0.147034
17  word_l2_04_pseudo.mp4  ...                  0.146570
18  word_l2_04_pseudo.mp4  ...                  0.144040
19  word_l2_04_pseudo.mp4  ...                  0.148144
20  word_l2_04_pseudo.mp4  ...                  0.144795
21  word_l2_04_pseudo.mp4  ...                  0.147791
22  word_l2_04_pseudo.mp4  ...                  0.144993
23  word_l2_04_pseudo.mp4  ...                  0.144788
24  word_l2_04_pseudo.mp4  ...                  0.144470
25  word_l2_04_pseudo.mp4  ...                  0.146781
26  word_l2_04_pseudo.mp4  ...                  0.149554
27  word_l2_04_pseudo.mp4  ...                  0.146030
28  word_l2_04_pseudo.mp4  ...                  0.156486
29  word_l2_04_pseudo.mp4  ...                  0.185234
30  word_l2_04_pseudo.mp4  ...                  0.237758
31  word_l2_04_pseudo.mp4  ...                  0.278559
32  word_l2_04_pseudo.mp4  ...                  0.282549
33  word_l2_04_pseudo.mp4  ...                  0.305515
34  word_l2_04_pseudo.mp4  ...                  0.293756
35  word_l2_04_pseudo.mp4  ...                  0.284341
36  word_l2_04_pseudo.mp4  ...                  0.250864
37  word_l2_04_pseudo.mp4  ...                  0.227690
38  word_l2_04_pseudo.mp4  ...                  0.188472
39  word_l2_04_pseudo.mp4  ...                  0.178504
40  word_l2_04_pseudo.mp4  ...                  0.158799
41  word_l2_04_pseudo.mp4  ...                  0.151106
42  word_l2_04_pseudo.mp4  ...                  0.141053
43  word_l2_04_pseudo.mp4  ...                  0.139541
44  word_l2_04_pseudo.mp4  ...                  0.141257
45  word_l2_04_pseudo.mp4  ...                  0.141223
46  word_l2_04_pseudo.mp4  ...                  0.141240
47  word_l2_04_pseudo.mp4  ...                  0.143113
48  word_l2_04_pseudo.mp4  ...                  0.141186
49  word_l2_04_pseudo.mp4  ...                  0.141533
50  word_l2_04_pseudo.mp4  ...                  0.144532
51  word_l2_04_pseudo.mp4  ...                  0.142337
52  word_l2_04_pseudo.mp4  ...                  0.142663
53  word_l2_04_pseudo.mp4  ...                  0.142921
54  word_l2_04_pseudo.mp4  ...                  0.145876
55  word_l2_04_pseudo.mp4  ...                  0.144805
56  word_l2_04_pseudo.mp4  ...                  0.147157
57  word_l2_04_pseudo.mp4  ...                  0.147438
58  word_l2_04_pseudo.mp4  ...                  0.146056
59  word_l2_04_pseudo.mp4  ...                  0.147837

[60 rows x 30 columns]
csv file with predictions was saved to ../output/predictions_rf_position_female_cropped_word_l2_04_pseudo.csv
Loaded model: ../trained_models/model_rf_shape_female_cropped.pkl
Loaded video: ../stimuli/words/mp4/word_l2_04_pseudo.mp4
Extracting coordinates...
                 fn_video frame_number  ...  z_r_hand20  v_r_hand20
0   word_l2_04_pseudo.mp4            1  ...    0.027821         0.0
1   word_l2_04_pseudo.mp4            2  ...    0.019495         0.0
2   word_l2_04_pseudo.mp4            3  ...    0.023411         0.0
3   word_l2_04_pseudo.mp4            4  ...    0.019477         0.0
4   word_l2_04_pseudo.mp4            5  ...    0.020336         0.0
5   word_l2_04_pseudo.mp4            6  ...    0.025521         0.0
6   word_l2_04_pseudo.mp4            7  ...    0.022342         0.0
7   word_l2_04_pseudo.mp4            8  ...    0.023057         0.0
8   word_l2_04_pseudo.mp4            9  ...    0.029750         0.0
9   word_l2_04_pseudo.mp4           10  ...    0.019948         0.0
10  word_l2_04_pseudo.mp4           11  ...    0.013898         0.0
11  word_l2_04_pseudo.mp4           12  ...    0.012861         0.0
12  word_l2_04_pseudo.mp4           13  ...    0.017708         0.0
13  word_l2_04_pseudo.mp4           14  ...    0.009737         0.0
14  word_l2_04_pseudo.mp4           15  ...    0.017282         0.0
15  word_l2_04_pseudo.mp4           16  ...    0.015880         0.0
16  word_l2_04_pseudo.mp4           17  ...    0.017219         0.0
17  word_l2_04_pseudo.mp4           18  ...    0.017805         0.0
18  word_l2_04_pseudo.mp4           19  ...    0.027861         0.0
19  word_l2_04_pseudo.mp4           20  ...    0.028569         0.0
20  word_l2_04_pseudo.mp4           21  ...    0.020973         0.0
21  word_l2_04_pseudo.mp4           22  ...    0.021338         0.0
22  word_l2_04_pseudo.mp4           23  ...    0.016264         0.0
23  word_l2_04_pseudo.mp4           24  ...    0.011992         0.0
24  word_l2_04_pseudo.mp4           25  ...    0.012586         0.0
25  word_l2_04_pseudo.mp4           26  ...    0.013726         0.0
26  word_l2_04_pseudo.mp4           27  ...    0.019331         0.0
27  word_l2_04_pseudo.mp4           28  ...    0.011078         0.0
28  word_l2_04_pseudo.mp4           29  ...    0.000595         0.0
29  word_l2_04_pseudo.mp4           30  ...   -0.012596         0.0
30  word_l2_04_pseudo.mp4           31  ...    0.011324         0.0
31  word_l2_04_pseudo.mp4           32  ...   -0.003189         0.0
32  word_l2_04_pseudo.mp4           33  ...    0.002108         0.0
33  word_l2_04_pseudo.mp4           34  ...   -0.005494         0.0
34  word_l2_04_pseudo.mp4           35  ...   -0.003639         0.0
35  word_l2_04_pseudo.mp4           36  ...   -0.005717         0.0
36  word_l2_04_pseudo.mp4           37  ...   -0.004302         0.0
37  word_l2_04_pseudo.mp4           38  ...   -0.001721         0.0
38  word_l2_04_pseudo.mp4           39  ...    0.006987         0.0
39  word_l2_04_pseudo.mp4           40  ...   -0.001535         0.0
40  word_l2_04_pseudo.mp4           41  ...   -0.035051         0.0
41  word_l2_04_pseudo.mp4           42  ...   -0.031813         0.0
42  word_l2_04_pseudo.mp4           43  ...   -0.027130         0.0
43  word_l2_04_pseudo.mp4           44  ...   -0.033518         0.0
44  word_l2_04_pseudo.mp4           45  ...   -0.029153         0.0
45  word_l2_04_pseudo.mp4           46  ...   -0.030805         0.0
46  word_l2_04_pseudo.mp4           47  ...   -0.032076         0.0
47  word_l2_04_pseudo.mp4           48  ...   -0.030607         0.0
48  word_l2_04_pseudo.mp4           49  ...   -0.030252         0.0
49  word_l2_04_pseudo.mp4           50  ...   -0.028403         0.0
50  word_l2_04_pseudo.mp4           51  ...   -0.025351         0.0
51  word_l2_04_pseudo.mp4           52  ...   -0.026782         0.0
52  word_l2_04_pseudo.mp4           53  ...   -0.028627         0.0
53  word_l2_04_pseudo.mp4           54  ...   -0.027347         0.0
54  word_l2_04_pseudo.mp4           55  ...   -0.027698         0.0
55  word_l2_04_pseudo.mp4           56  ...   -0.030235         0.0
56  word_l2_04_pseudo.mp4           57  ...   -0.028493         0.0
57  word_l2_04_pseudo.mp4           58  ...   -0.032889         0.0
58  word_l2_04_pseudo.mp4           59  ...   -0.032200         0.0
59  word_l2_04_pseudo.mp4           60  ...   -0.032838         0.0

[60 rows x 1958 columns]
Extracting features...
Face width computed for normalizaiton 0.16147154436654446
Features saved to: ../output/word_l2_04_pseudo_features.csv
                 fn_video  ... distance_r_hand6_r_hand10
0   word_l2_04_pseudo.mp4  ...                  0.207577
1   word_l2_04_pseudo.mp4  ...                  0.180615
2   word_l2_04_pseudo.mp4  ...                  0.171573
3   word_l2_04_pseudo.mp4  ...                  0.176376
4   word_l2_04_pseudo.mp4  ...                  0.165197
5   word_l2_04_pseudo.mp4  ...                  0.167345
6   word_l2_04_pseudo.mp4  ...                  0.174543
7   word_l2_04_pseudo.mp4  ...                  0.162207
8   word_l2_04_pseudo.mp4  ...                  0.160632
9   word_l2_04_pseudo.mp4  ...                  0.156927
10  word_l2_04_pseudo.mp4  ...                  0.150715
11  word_l2_04_pseudo.mp4  ...                  0.149980
12  word_l2_04_pseudo.mp4  ...                  0.150025
13  word_l2_04_pseudo.mp4  ...                  0.147887
14  word_l2_04_pseudo.mp4  ...                  0.149345
15  word_l2_04_pseudo.mp4  ...                  0.147488
16  word_l2_04_pseudo.mp4  ...                  0.147034
17  word_l2_04_pseudo.mp4  ...                  0.146570
18  word_l2_04_pseudo.mp4  ...                  0.144040
19  word_l2_04_pseudo.mp4  ...                  0.148144
20  word_l2_04_pseudo.mp4  ...                  0.144795
21  word_l2_04_pseudo.mp4  ...                  0.147791
22  word_l2_04_pseudo.mp4  ...                  0.144993
23  word_l2_04_pseudo.mp4  ...                  0.144788
24  word_l2_04_pseudo.mp4  ...                  0.144470
25  word_l2_04_pseudo.mp4  ...                  0.146781
26  word_l2_04_pseudo.mp4  ...                  0.149554
27  word_l2_04_pseudo.mp4  ...                  0.146030
28  word_l2_04_pseudo.mp4  ...                  0.156486
29  word_l2_04_pseudo.mp4  ...                  0.185234
30  word_l2_04_pseudo.mp4  ...                  0.237758
31  word_l2_04_pseudo.mp4  ...                  0.278559
32  word_l2_04_pseudo.mp4  ...                  0.282549
33  word_l2_04_pseudo.mp4  ...                  0.305515
34  word_l2_04_pseudo.mp4  ...                  0.293756
35  word_l2_04_pseudo.mp4  ...                  0.284341
36  word_l2_04_pseudo.mp4  ...                  0.250864
37  word_l2_04_pseudo.mp4  ...                  0.227690
38  word_l2_04_pseudo.mp4  ...                  0.188472
39  word_l2_04_pseudo.mp4  ...                  0.178504
40  word_l2_04_pseudo.mp4  ...                  0.158799
41  word_l2_04_pseudo.mp4  ...                  0.151106
42  word_l2_04_pseudo.mp4  ...                  0.141053
43  word_l2_04_pseudo.mp4  ...                  0.139541
44  word_l2_04_pseudo.mp4  ...                  0.141257
45  word_l2_04_pseudo.mp4  ...                  0.141223
46  word_l2_04_pseudo.mp4  ...                  0.141240
47  word_l2_04_pseudo.mp4  ...                  0.143113
48  word_l2_04_pseudo.mp4  ...                  0.141186
49  word_l2_04_pseudo.mp4  ...                  0.141533
50  word_l2_04_pseudo.mp4  ...                  0.144532
51  word_l2_04_pseudo.mp4  ...                  0.142337
52  word_l2_04_pseudo.mp4  ...                  0.142663
53  word_l2_04_pseudo.mp4  ...                  0.142921
54  word_l2_04_pseudo.mp4  ...                  0.145876
55  word_l2_04_pseudo.mp4  ...                  0.144805
56  word_l2_04_pseudo.mp4  ...                  0.147157
57  word_l2_04_pseudo.mp4  ...                  0.147438
58  word_l2_04_pseudo.mp4  ...                  0.146056
59  word_l2_04_pseudo.mp4  ...                  0.147837

[60 rows x 30 columns]
csv file with predictions was saved to ../output/predictions_rf_shape_female_cropped_word_l2_04_pseudo.csv
