python is /network/lustre/iss02/home/annahita.sarre/anaconda3/envs/myenv/bin/python
Loaded model: ../trained_models/model_rf_position_female_cropped.pkl
Loaded video: ../stimuli/words/mp4/word_h0_12.mp4
Extracting coordinates...
          fn_video frame_number   x_face0  ...  y_r_hand20  z_r_hand20  v_r_hand20
0   word_h0_12.mp4            4  0.500582  ...    0.962834    0.026624         0.0
1   word_h0_12.mp4            5  0.500346  ...    0.910409   -0.003007         0.0
2   word_h0_12.mp4            6  0.500365  ...    0.863163    0.008693         0.0
3   word_h0_12.mp4            7  0.500274  ...    0.826567    0.016478         0.0
4   word_h0_12.mp4            8  0.499320  ...    0.807033    0.009491         0.0
..             ...          ...       ...  ...         ...         ...         ...
66  word_h0_12.mp4           70  0.502323  ...    0.815244    0.022175         0.0
67  word_h0_12.mp4           71  0.502617  ...    0.833063    0.036185         0.0
68  word_h0_12.mp4           72  0.503509  ...    0.874245    0.019924         0.0
69  word_h0_12.mp4           73  0.503613  ...    0.919087    0.012830         0.0
70  word_h0_12.mp4           74  0.504008  ...    0.966233    0.002068         0.0

[71 rows x 1958 columns]
Extracting features...
Face width computed for normalizaiton 0.16121935799862025
Features saved to: ../output/word_h0_12_features.csv
          fn_video  ... distance_r_hand6_r_hand10
0   word_h0_12.mp4  ...                  0.241117
1   word_h0_12.mp4  ...                  0.186123
2   word_h0_12.mp4  ...                  0.196135
3   word_h0_12.mp4  ...                  0.195577
4   word_h0_12.mp4  ...                  0.201915
..             ...  ...                       ...
66  word_h0_12.mp4  ...                  0.190723
67  word_h0_12.mp4  ...                  0.174911
68  word_h0_12.mp4  ...                  0.191616
69  word_h0_12.mp4  ...                  0.199738
70  word_h0_12.mp4  ...                  0.178546

[71 rows x 30 columns]
csv file with predictions was saved to ../output/predictions_rf_position_female_cropped_word_h0_12.csv
Loaded model: ../trained_models/model_rf_shape_female_cropped.pkl
Loaded video: ../stimuli/words/mp4/word_h0_12.mp4
Extracting coordinates...
          fn_video frame_number   x_face0  ...  y_r_hand20  z_r_hand20  v_r_hand20
0   word_h0_12.mp4            4  0.500582  ...    0.962834    0.026624         0.0
1   word_h0_12.mp4            5  0.500346  ...    0.910409   -0.003007         0.0
2   word_h0_12.mp4            6  0.500365  ...    0.863163    0.008693         0.0
3   word_h0_12.mp4            7  0.500274  ...    0.826567    0.016478         0.0
4   word_h0_12.mp4            8  0.499320  ...    0.807033    0.009491         0.0
..             ...          ...       ...  ...         ...         ...         ...
66  word_h0_12.mp4           70  0.502323  ...    0.815244    0.022175         0.0
67  word_h0_12.mp4           71  0.502617  ...    0.833063    0.036185         0.0
68  word_h0_12.mp4           72  0.503509  ...    0.874245    0.019924         0.0
69  word_h0_12.mp4           73  0.503613  ...    0.919087    0.012830         0.0
70  word_h0_12.mp4           74  0.504008  ...    0.966233    0.002068         0.0

[71 rows x 1958 columns]
Extracting features...
Face width computed for normalizaiton 0.16121935799862025
Features saved to: ../output/word_h0_12_features.csv
          fn_video  ... distance_r_hand6_r_hand10
0   word_h0_12.mp4  ...                  0.241117
1   word_h0_12.mp4  ...                  0.186123
2   word_h0_12.mp4  ...                  0.196135
3   word_h0_12.mp4  ...                  0.195577
4   word_h0_12.mp4  ...                  0.201915
..             ...  ...                       ...
66  word_h0_12.mp4  ...                  0.190723
67  word_h0_12.mp4  ...                  0.174911
68  word_h0_12.mp4  ...                  0.191616
69  word_h0_12.mp4  ...                  0.199738
70  word_h0_12.mp4  ...                  0.178546

[71 rows x 30 columns]
csv file with predictions was saved to ../output/predictions_rf_shape_female_cropped_word_h0_12.csv
Visualization for: ../stimuli/words/mp4/word_h0_12.mp4
32
