python is /network/lustre/iss02/home/annahita.sarre/anaconda3/envs/myenv/bin/python
Loaded model: ../trained_models/model_rf_position_female_cropped.pkl
Loaded video: ../stimuli/words/mp4/word_l2_08.mp4
Extracting coordinates...
          fn_video frame_number   x_face0  ...  y_r_hand20  z_r_hand20  v_r_hand20
0   word_l2_08.mp4            3  0.493923  ...    1.040265    0.053782         0.0
1   word_l2_08.mp4            4  0.493320  ...    0.982745    0.023060         0.0
2   word_l2_08.mp4            5  0.492969  ...    0.964445    0.048044         0.0
3   word_l2_08.mp4            6  0.491933  ...    0.923638    0.024728         0.0
4   word_l2_08.mp4            7  0.491639  ...    0.890206    0.020637         0.0
..             ...          ...       ...  ...         ...         ...         ...
56  word_l2_08.mp4           59  0.495927  ...    0.701584    0.010130         0.0
57  word_l2_08.mp4           60  0.495708  ...    0.707092    0.011350         0.0
58  word_l2_08.mp4           61  0.495140  ...    0.714071    0.010615         0.0
59  word_l2_08.mp4           62  0.494833  ...    0.721719    0.013201         0.0
60  word_l2_08.mp4           63  0.494561  ...    0.734120    0.012530         0.0

[61 rows x 1958 columns]
Extracting features...
Face width computed for normalizaiton 0.15595911188911052
Features saved to: ../output/word_l2_08_features.csv
          fn_video  ... distance_r_hand6_r_hand10
0   word_l2_08.mp4  ...                  0.129363
1   word_l2_08.mp4  ...                  0.193020
2   word_l2_08.mp4  ...                  0.216561
3   word_l2_08.mp4  ...                  0.208488
4   word_l2_08.mp4  ...                  0.193420
..             ...  ...                       ...
56  word_l2_08.mp4  ...                  0.204600
57  word_l2_08.mp4  ...                  0.198853
58  word_l2_08.mp4  ...                  0.196871
59  word_l2_08.mp4  ...                  0.208494
60  word_l2_08.mp4  ...                  0.210607

[61 rows x 30 columns]
csv file with predictions was saved to ../output/predictions_rf_position_female_cropped_word_l2_08.csv
Loaded model: ../trained_models/model_rf_shape_female_cropped.pkl
Loaded video: ../stimuli/words/mp4/word_l2_08.mp4
Extracting coordinates...
          fn_video frame_number   x_face0  ...  y_r_hand20  z_r_hand20  v_r_hand20
0   word_l2_08.mp4            3  0.493923  ...    1.040265    0.053782         0.0
1   word_l2_08.mp4            4  0.493320  ...    0.982745    0.023060         0.0
2   word_l2_08.mp4            5  0.492969  ...    0.964445    0.048044         0.0
3   word_l2_08.mp4            6  0.491933  ...    0.923638    0.024728         0.0
4   word_l2_08.mp4            7  0.491639  ...    0.890206    0.020637         0.0
..             ...          ...       ...  ...         ...         ...         ...
56  word_l2_08.mp4           59  0.495927  ...    0.701584    0.010130         0.0
57  word_l2_08.mp4           60  0.495708  ...    0.707092    0.011350         0.0
58  word_l2_08.mp4           61  0.495140  ...    0.714071    0.010615         0.0
59  word_l2_08.mp4           62  0.494833  ...    0.721719    0.013201         0.0
60  word_l2_08.mp4           63  0.494561  ...    0.734120    0.012530         0.0

[61 rows x 1958 columns]
Extracting features...
Face width computed for normalizaiton 0.15595911188911052
Features saved to: ../output/word_l2_08_features.csv
          fn_video  ... distance_r_hand6_r_hand10
0   word_l2_08.mp4  ...                  0.129363
1   word_l2_08.mp4  ...                  0.193020
2   word_l2_08.mp4  ...                  0.216561
3   word_l2_08.mp4  ...                  0.208488
4   word_l2_08.mp4  ...                  0.193420
..             ...  ...                       ...
56  word_l2_08.mp4  ...                  0.204600
57  word_l2_08.mp4  ...                  0.198853
58  word_l2_08.mp4  ...                  0.196871
59  word_l2_08.mp4  ...                  0.208494
60  word_l2_08.mp4  ...                  0.210607

[61 rows x 30 columns]
csv file with predictions was saved to ../output/predictions_rf_shape_female_cropped_word_l2_08.csv
