python is /network/lustre/iss02/home/annahita.sarre/anaconda3/envs/myenv/bin/python
Loaded model: ../trained_models/model_rf_position_female_cropped.pkl
Loaded video: ../stimuli/words/mp4/word_l0_13.mp4
Extracting coordinates...
          fn_video frame_number   x_face0  ...  y_r_hand20  z_r_hand20  v_r_hand20
0   word_l0_13.mp4            2  0.500408  ...    1.105909    0.027560         0.0
1   word_l0_13.mp4            3  0.500273  ...    1.012565    0.047235         0.0
2   word_l0_13.mp4            4  0.499807  ...    0.966779    0.080239         0.0
3   word_l0_13.mp4            5  0.499649  ...    0.926855    0.042260         0.0
4   word_l0_13.mp4            6  0.499569  ...    0.886397    0.031704         0.0
..             ...          ...       ...  ...         ...         ...         ...
56  word_l0_13.mp4           58  0.502024  ...    0.624715    0.035083         0.0
57  word_l0_13.mp4           59  0.502518  ...    0.622891    0.028147         0.0
58  word_l0_13.mp4           60  0.503389  ...    0.625468    0.027301         0.0
59  word_l0_13.mp4           61  0.503788  ...    0.630344    0.023004         0.0
60  word_l0_13.mp4           62  0.502790  ...    0.634631    0.011716         0.0

[61 rows x 1958 columns]
Extracting features...
Face width computed for normalizaiton 0.15862223797941813
Features saved to: ../output/word_l0_13_features.csv
          fn_video  ... distance_r_hand6_r_hand10
0   word_l0_13.mp4  ...                  0.226161
1   word_l0_13.mp4  ...                  0.207300
2   word_l0_13.mp4  ...                  0.242185
3   word_l0_13.mp4  ...                  0.222994
4   word_l0_13.mp4  ...                  0.195435
..             ...  ...                       ...
56  word_l0_13.mp4  ...                  0.148319
57  word_l0_13.mp4  ...                  0.152317
58  word_l0_13.mp4  ...                  0.159498
59  word_l0_13.mp4  ...                  0.167203
60  word_l0_13.mp4  ...                  0.176257

[61 rows x 30 columns]
csv file with predictions was saved to ../output/predictions_rf_position_female_cropped_word_l0_13.csv
Loaded model: ../trained_models/model_rf_shape_female_cropped.pkl
Loaded video: ../stimuli/words/mp4/word_l0_13.mp4
Extracting coordinates...
          fn_video frame_number   x_face0  ...  y_r_hand20  z_r_hand20  v_r_hand20
0   word_l0_13.mp4            2  0.500408  ...    1.105909    0.027560         0.0
1   word_l0_13.mp4            3  0.500273  ...    1.012565    0.047235         0.0
2   word_l0_13.mp4            4  0.499807  ...    0.966779    0.080239         0.0
3   word_l0_13.mp4            5  0.499649  ...    0.926855    0.042260         0.0
4   word_l0_13.mp4            6  0.499569  ...    0.886397    0.031704         0.0
..             ...          ...       ...  ...         ...         ...         ...
56  word_l0_13.mp4           58  0.502024  ...    0.624715    0.035083         0.0
57  word_l0_13.mp4           59  0.502518  ...    0.622891    0.028147         0.0
58  word_l0_13.mp4           60  0.503389  ...    0.625468    0.027301         0.0
59  word_l0_13.mp4           61  0.503788  ...    0.630344    0.023004         0.0
60  word_l0_13.mp4           62  0.502790  ...    0.634631    0.011716         0.0

[61 rows x 1958 columns]
Extracting features...
Face width computed for normalizaiton 0.15862223797941813
Features saved to: ../output/word_l0_13_features.csv
          fn_video  ... distance_r_hand6_r_hand10
0   word_l0_13.mp4  ...                  0.226161
1   word_l0_13.mp4  ...                  0.207300
2   word_l0_13.mp4  ...                  0.242185
3   word_l0_13.mp4  ...                  0.222994
4   word_l0_13.mp4  ...                  0.195435
..             ...  ...                       ...
56  word_l0_13.mp4  ...                  0.148319
57  word_l0_13.mp4  ...                  0.152317
58  word_l0_13.mp4  ...                  0.159498
59  word_l0_13.mp4  ...                  0.167203
60  word_l0_13.mp4  ...                  0.176257

[61 rows x 30 columns]
csv file with predictions was saved to ../output/predictions_rf_shape_female_cropped_word_l0_13.csv
Visualization for: ../stimuli/words/mp4/word_l0_13.mp4
32
SYLLABLE ONSETS (IN FRAMES):
[15 27 39]
MAXIMA (IN FRAMES)
[22 32 55]
Syllable, frame number (mfa), frame number (onset)
ba 15 22
to 27 32
nE 39 55
!!!!!!!!!!!!!!!!!!!!!!!!!!!!!!!!!!!!!!!!!!!!!!!!!!!!!!!!!!!!!!!!!!!!!!!!!!!!!!!!!!!!!!!!!!!!!!!!!!!!
The video was successfully saved
The marked video was saved to: ../stimuli/words/mp4/word_l0_13.mp4
Figure was save to: ../figures/../stimuli/words/mp4/word_l0_13.mp4.png
