python is /network/lustre/iss02/home/annahita.sarre/anaconda3/envs/myenv/bin/python
Loaded model: ../trained_models/model_rf_position_female_cropped.pkl
Loaded video: ../stimuli/words/mp4/word_h2_13.mp4
Extracting coordinates...
          fn_video frame_number   x_face0  ...  y_r_hand20  z_r_hand20  v_r_hand20
0   word_h2_13.mp4            6  0.494307  ...    1.090607   -0.018310         0.0
1   word_h2_13.mp4            7  0.493989  ...    1.017367    0.025846         0.0
2   word_h2_13.mp4            8  0.493767  ...    0.987862    0.012100         0.0
3   word_h2_13.mp4            9  0.493382  ...    0.949272    0.011698         0.0
4   word_h2_13.mp4           10  0.493178  ...    0.918658    0.014754         0.0
5   word_h2_13.mp4           11  0.492672  ...    0.886987    0.000646         0.0
6   word_h2_13.mp4           12  0.492914  ...    0.853133    0.004242         0.0
7   word_h2_13.mp4           13  0.492824  ...    0.820334   -0.001625         0.0
8   word_h2_13.mp4           14  0.493037  ...    0.790415   -0.005585         0.0
9   word_h2_13.mp4           15  0.492881  ...    0.770955   -0.011989         0.0
10  word_h2_13.mp4           16  0.492901  ...    0.750921   -0.018493         0.0
11  word_h2_13.mp4           17  0.492260  ...    0.731386   -0.024271         0.0
12  word_h2_13.mp4           18  0.492568  ...    0.718139   -0.027631         0.0
13  word_h2_13.mp4           19  0.493189  ...    0.712262   -0.027893         0.0
14  word_h2_13.mp4           20  0.493345  ...    0.712070   -0.026510         0.0
15  word_h2_13.mp4           21  0.493579  ...    0.723621   -0.027911         0.0
16  word_h2_13.mp4           22  0.493641  ...    0.727872   -0.032569         0.0
17  word_h2_13.mp4           23  0.494522  ...    0.736249   -0.029693         0.0
18  word_h2_13.mp4           24  0.494665  ...    0.736929   -0.023812         0.0
19  word_h2_13.mp4           25  0.494879  ...    0.737581   -0.026221         0.0
20  word_h2_13.mp4           26  0.494502  ...    0.741293   -0.021466         0.0
21  word_h2_13.mp4           27  0.494270  ...    0.734575   -0.018076         0.0
22  word_h2_13.mp4           28  0.493835  ...    0.707680   -0.016963         0.0
23  word_h2_13.mp4           29  0.493884  ...    0.670003   -0.021724         0.0
24  word_h2_13.mp4           30  0.493339  ...    0.638880   -0.024374         0.0
25  word_h2_13.mp4           31  0.492469  ...    0.610475   -0.030970         0.0
26  word_h2_13.mp4           32  0.492648  ...    0.606381   -0.029239         0.0
27  word_h2_13.mp4           33  0.491853  ...    0.603446   -0.026138         0.0
28  word_h2_13.mp4           34  0.490935  ...    0.601504   -0.023448         0.0
29  word_h2_13.mp4           35  0.490897  ...    0.599249   -0.015310         0.0
30  word_h2_13.mp4           36  0.490634  ...    0.598842   -0.012784         0.0
31  word_h2_13.mp4           37  0.490731  ...    0.600779   -0.009894         0.0
32  word_h2_13.mp4           38  0.490335  ...    0.599110   -0.007723         0.0
33  word_h2_13.mp4           39  0.489956  ...    0.599236   -0.010001         0.0
34  word_h2_13.mp4           40  0.490553  ...    0.600585   -0.008463         0.0
35  word_h2_13.mp4           41  0.490590  ...    0.600487   -0.001771         0.0
36  word_h2_13.mp4           42  0.490762  ...    0.600059   -0.007434         0.0
37  word_h2_13.mp4           43  0.491149  ...    0.600388   -0.004341         0.0
38  word_h2_13.mp4           44  0.491125  ...    0.599435   -0.001364         0.0
39  word_h2_13.mp4           45  0.490880  ...    0.599169   -0.003089         0.0
40  word_h2_13.mp4           46  0.491224  ...    0.598934   -0.003210         0.0
41  word_h2_13.mp4           47  0.491093  ...    0.599145   -0.003414         0.0
42  word_h2_13.mp4           48  0.491262  ...    0.599125   -0.002450         0.0
43  word_h2_13.mp4           49  0.491910  ...    0.599558   -0.007748         0.0
44  word_h2_13.mp4           50  0.491636  ...    0.601947   -0.008705         0.0
45  word_h2_13.mp4           51  0.492642  ...    0.603238   -0.013458         0.0
46  word_h2_13.mp4           52  0.493195  ...    0.605304   -0.015095         0.0
47  word_h2_13.mp4           53  0.493208  ...    0.610827   -0.018644         0.0
48  word_h2_13.mp4           54  0.493733  ...    0.619657   -0.013214         0.0
49  word_h2_13.mp4           55  0.493662  ...    0.631422   -0.004573         0.0
50  word_h2_13.mp4           56  0.493470  ...    0.651378    0.002908         0.0
51  word_h2_13.mp4           57  0.494079  ...    0.691223    0.028467         0.0

[52 rows x 1958 columns]
Extracting features...
Face width computed for normalizaiton 0.15846472836693778
Features saved to: ../output/word_h2_13_features.csv
          fn_video  ... distance_r_hand6_r_hand10
0   word_h2_13.mp4  ...                  0.308701
1   word_h2_13.mp4  ...                  0.242428
2   word_h2_13.mp4  ...                  0.249958
3   word_h2_13.mp4  ...                  0.244666
4   word_h2_13.mp4  ...                  0.267427
5   word_h2_13.mp4  ...                  0.299603
6   word_h2_13.mp4  ...                  0.340226
7   word_h2_13.mp4  ...                  0.379763
8   word_h2_13.mp4  ...                  0.370670
9   word_h2_13.mp4  ...                  0.320127
10  word_h2_13.mp4  ...                  0.281442
11  word_h2_13.mp4  ...                  0.265850
12  word_h2_13.mp4  ...                  0.273772
13  word_h2_13.mp4  ...                  0.278761
14  word_h2_13.mp4  ...                  0.282470
15  word_h2_13.mp4  ...                  0.338196
16  word_h2_13.mp4  ...                  0.382156
17  word_h2_13.mp4  ...                  0.372805
18  word_h2_13.mp4  ...                  0.373565
19  word_h2_13.mp4  ...                  0.367323
20  word_h2_13.mp4  ...                  0.350976
21  word_h2_13.mp4  ...                  0.313156
22  word_h2_13.mp4  ...                  0.235908
23  word_h2_13.mp4  ...                  0.208064
24  word_h2_13.mp4  ...                  0.192602
25  word_h2_13.mp4  ...                  0.153352
26  word_h2_13.mp4  ...                  0.148062
27  word_h2_13.mp4  ...                  0.148111
28  word_h2_13.mp4  ...                  0.147299
29  word_h2_13.mp4  ...                  0.151756
30  word_h2_13.mp4  ...                  0.150638
31  word_h2_13.mp4  ...                  0.152103
32  word_h2_13.mp4  ...                  0.157135
33  word_h2_13.mp4  ...                  0.156996
34  word_h2_13.mp4  ...                  0.159142
35  word_h2_13.mp4  ...                  0.160073
36  word_h2_13.mp4  ...                  0.158086
37  word_h2_13.mp4  ...                  0.157950
38  word_h2_13.mp4  ...                  0.158633
39  word_h2_13.mp4  ...                  0.156409
40  word_h2_13.mp4  ...                  0.155346
41  word_h2_13.mp4  ...                  0.152950
42  word_h2_13.mp4  ...                  0.154588
43  word_h2_13.mp4  ...                  0.153060
44  word_h2_13.mp4  ...                  0.152848
45  word_h2_13.mp4  ...                  0.154682
46  word_h2_13.mp4  ...                  0.151301
47  word_h2_13.mp4  ...                  0.149078
48  word_h2_13.mp4  ...                  0.154246
49  word_h2_13.mp4  ...                  0.162211
50  word_h2_13.mp4  ...                  0.176062
51  word_h2_13.mp4  ...                  0.192458

[52 rows x 30 columns]
csv file with predictions was saved to ../output/predictions_rf_position_female_cropped_word_h2_13.csv
Loaded model: ../trained_models/model_rf_shape_female_cropped.pkl
Loaded video: ../stimuli/words/mp4/word_h2_13.mp4
Extracting coordinates...
          fn_video frame_number   x_face0  ...  y_r_hand20  z_r_hand20  v_r_hand20
0   word_h2_13.mp4            6  0.494307  ...    1.090607   -0.018310         0.0
1   word_h2_13.mp4            7  0.493989  ...    1.017367    0.025846         0.0
2   word_h2_13.mp4            8  0.493767  ...    0.987862    0.012100         0.0
3   word_h2_13.mp4            9  0.493382  ...    0.949272    0.011698         0.0
4   word_h2_13.mp4           10  0.493178  ...    0.918658    0.014754         0.0
5   word_h2_13.mp4           11  0.492672  ...    0.886987    0.000646         0.0
6   word_h2_13.mp4           12  0.492914  ...    0.853133    0.004242         0.0
7   word_h2_13.mp4           13  0.492824  ...    0.820334   -0.001625         0.0
8   word_h2_13.mp4           14  0.493037  ...    0.790415   -0.005585         0.0
9   word_h2_13.mp4           15  0.492881  ...    0.770955   -0.011989         0.0
10  word_h2_13.mp4           16  0.492901  ...    0.750921   -0.018493         0.0
11  word_h2_13.mp4           17  0.492260  ...    0.731386   -0.024271         0.0
12  word_h2_13.mp4           18  0.492568  ...    0.718139   -0.027631         0.0
13  word_h2_13.mp4           19  0.493189  ...    0.712262   -0.027893         0.0
14  word_h2_13.mp4           20  0.493345  ...    0.712070   -0.026510         0.0
15  word_h2_13.mp4           21  0.493579  ...    0.723621   -0.027911         0.0
16  word_h2_13.mp4           22  0.493641  ...    0.727872   -0.032569         0.0
17  word_h2_13.mp4           23  0.494522  ...    0.736249   -0.029693         0.0
18  word_h2_13.mp4           24  0.494665  ...    0.736929   -0.023812         0.0
19  word_h2_13.mp4           25  0.494879  ...    0.737581   -0.026221         0.0
20  word_h2_13.mp4           26  0.494502  ...    0.741293   -0.021466         0.0
21  word_h2_13.mp4           27  0.494270  ...    0.734575   -0.018076         0.0
22  word_h2_13.mp4           28  0.493835  ...    0.707680   -0.016963         0.0
23  word_h2_13.mp4           29  0.493884  ...    0.670003   -0.021724         0.0
24  word_h2_13.mp4           30  0.493339  ...    0.638880   -0.024374         0.0
25  word_h2_13.mp4           31  0.492469  ...    0.610475   -0.030970         0.0
26  word_h2_13.mp4           32  0.492648  ...    0.606381   -0.029239         0.0
27  word_h2_13.mp4           33  0.491853  ...    0.603446   -0.026138         0.0
28  word_h2_13.mp4           34  0.490935  ...    0.601504   -0.023448         0.0
29  word_h2_13.mp4           35  0.490897  ...    0.599249   -0.015310         0.0
30  word_h2_13.mp4           36  0.490634  ...    0.598842   -0.012784         0.0
31  word_h2_13.mp4           37  0.490731  ...    0.600779   -0.009894         0.0
32  word_h2_13.mp4           38  0.490335  ...    0.599110   -0.007723         0.0
33  word_h2_13.mp4           39  0.489956  ...    0.599236   -0.010001         0.0
34  word_h2_13.mp4           40  0.490553  ...    0.600585   -0.008463         0.0
35  word_h2_13.mp4           41  0.490590  ...    0.600487   -0.001771         0.0
36  word_h2_13.mp4           42  0.490762  ...    0.600059   -0.007434         0.0
37  word_h2_13.mp4           43  0.491149  ...    0.600388   -0.004341         0.0
38  word_h2_13.mp4           44  0.491125  ...    0.599435   -0.001364         0.0
39  word_h2_13.mp4           45  0.490880  ...    0.599169   -0.003089         0.0
40  word_h2_13.mp4           46  0.491224  ...    0.598934   -0.003210         0.0
41  word_h2_13.mp4           47  0.491093  ...    0.599145   -0.003414         0.0
42  word_h2_13.mp4           48  0.491262  ...    0.599125   -0.002450         0.0
43  word_h2_13.mp4           49  0.491910  ...    0.599558   -0.007748         0.0
44  word_h2_13.mp4           50  0.491636  ...    0.601947   -0.008705         0.0
45  word_h2_13.mp4           51  0.492642  ...    0.603238   -0.013458         0.0
46  word_h2_13.mp4           52  0.493195  ...    0.605304   -0.015095         0.0
47  word_h2_13.mp4           53  0.493208  ...    0.610827   -0.018644         0.0
48  word_h2_13.mp4           54  0.493733  ...    0.619657   -0.013214         0.0
49  word_h2_13.mp4           55  0.493662  ...    0.631422   -0.004573         0.0
50  word_h2_13.mp4           56  0.493470  ...    0.651378    0.002908         0.0
51  word_h2_13.mp4           57  0.494079  ...    0.691223    0.028467         0.0

[52 rows x 1958 columns]
Extracting features...
Face width computed for normalizaiton 0.15846472836693778
Features saved to: ../output/word_h2_13_features.csv
          fn_video  ... distance_r_hand6_r_hand10
0   word_h2_13.mp4  ...                  0.308701
1   word_h2_13.mp4  ...                  0.242428
2   word_h2_13.mp4  ...                  0.249958
3   word_h2_13.mp4  ...                  0.244666
4   word_h2_13.mp4  ...                  0.267427
5   word_h2_13.mp4  ...                  0.299603
6   word_h2_13.mp4  ...                  0.340226
7   word_h2_13.mp4  ...                  0.379763
8   word_h2_13.mp4  ...                  0.370670
9   word_h2_13.mp4  ...                  0.320127
10  word_h2_13.mp4  ...                  0.281442
11  word_h2_13.mp4  ...                  0.265850
12  word_h2_13.mp4  ...                  0.273772
13  word_h2_13.mp4  ...                  0.278761
14  word_h2_13.mp4  ...                  0.282470
15  word_h2_13.mp4  ...                  0.338196
16  word_h2_13.mp4  ...                  0.382156
17  word_h2_13.mp4  ...                  0.372805
18  word_h2_13.mp4  ...                  0.373565
19  word_h2_13.mp4  ...                  0.367323
20  word_h2_13.mp4  ...                  0.350976
21  word_h2_13.mp4  ...                  0.313156
22  word_h2_13.mp4  ...                  0.235908
23  word_h2_13.mp4  ...                  0.208064
24  word_h2_13.mp4  ...                  0.192602
25  word_h2_13.mp4  ...                  0.153352
26  word_h2_13.mp4  ...                  0.148062
27  word_h2_13.mp4  ...                  0.148111
28  word_h2_13.mp4  ...                  0.147299
29  word_h2_13.mp4  ...                  0.151756
30  word_h2_13.mp4  ...                  0.150638
31  word_h2_13.mp4  ...                  0.152103
32  word_h2_13.mp4  ...                  0.157135
33  word_h2_13.mp4  ...                  0.156996
34  word_h2_13.mp4  ...                  0.159142
35  word_h2_13.mp4  ...                  0.160073
36  word_h2_13.mp4  ...                  0.158086
37  word_h2_13.mp4  ...                  0.157950
38  word_h2_13.mp4  ...                  0.158633
39  word_h2_13.mp4  ...                  0.156409
40  word_h2_13.mp4  ...                  0.155346
41  word_h2_13.mp4  ...                  0.152950
42  word_h2_13.mp4  ...                  0.154588
43  word_h2_13.mp4  ...                  0.153060
44  word_h2_13.mp4  ...                  0.152848
45  word_h2_13.mp4  ...                  0.154682
46  word_h2_13.mp4  ...                  0.151301
47  word_h2_13.mp4  ...                  0.149078
48  word_h2_13.mp4  ...                  0.154246
49  word_h2_13.mp4  ...                  0.162211
50  word_h2_13.mp4  ...                  0.176062
51  word_h2_13.mp4  ...                  0.192458

[52 rows x 30 columns]
csv file with predictions was saved to ../output/predictions_rf_shape_female_cropped_word_h2_13.csv
Visualization for: ../stimuli/words/mp4/word_h2_13.mp4
32
SYLLABLE ONSETS (IN FRAMES):
[16 23]
MAXIMA (IN FRAMES)
[23 44]
Syllable, frame number (mfa), frame number (onset)
p 16 23
l 23 44
