python is /network/lustre/iss02/home/annahita.sarre/anaconda3/envs/myenv/bin/python
Loaded model: ../trained_models/model_rf_position_female_cropped.pkl
Loaded video: ../stimuli/words/mp4/word_h1_24.mp4
Extracting coordinates...
          fn_video frame_number   x_face0  ...  y_r_hand20  z_r_hand20  v_r_hand20
0   word_h1_24.mp4            2  0.505630  ...    1.005515    0.031018         0.0
1   word_h1_24.mp4            3  0.505765  ...    0.993015    0.033719         0.0
2   word_h1_24.mp4            4  0.505836  ...    0.986441    0.031204         0.0
3   word_h1_24.mp4            5  0.505888  ...    0.963172    0.025937         0.0
4   word_h1_24.mp4            6  0.505718  ...    0.949893    0.040949         0.0
..             ...          ...       ...  ...         ...         ...         ...
80  word_h1_24.mp4           82  0.503565  ...    0.638808   -0.016195         0.0
81  word_h1_24.mp4           83  0.504182  ...    0.640711   -0.001797         0.0
82  word_h1_24.mp4           84  0.504186  ...    0.645045    0.000266         0.0
83  word_h1_24.mp4           85  0.504744  ...    0.646861    0.003149         0.0
84  word_h1_24.mp4           86  0.504544  ...    0.652460    0.009905         0.0

[85 rows x 1958 columns]
Extracting features...
Face width computed for normalizaiton 0.16167806427893147
Features saved to: ../output/word_h1_24_features.csv
          fn_video  ... distance_r_hand6_r_hand10
0   word_h1_24.mp4  ...                  0.194770
1   word_h1_24.mp4  ...                  0.217754
2   word_h1_24.mp4  ...                  0.227062
3   word_h1_24.mp4  ...                  0.222042
4   word_h1_24.mp4  ...                  0.212825
..             ...  ...                       ...
80  word_h1_24.mp4  ...                  0.320272
81  word_h1_24.mp4  ...                  0.263960
82  word_h1_24.mp4  ...                  0.253836
83  word_h1_24.mp4  ...                  0.270804
84  word_h1_24.mp4  ...                  0.235139

[85 rows x 30 columns]
csv file with predictions was saved to ../output/predictions_rf_position_female_cropped_word_h1_24.csv
Loaded model: ../trained_models/model_rf_shape_female_cropped.pkl
Loaded video: ../stimuli/words/mp4/word_h1_24.mp4
Extracting coordinates...
          fn_video frame_number   x_face0  ...  y_r_hand20  z_r_hand20  v_r_hand20
0   word_h1_24.mp4            2  0.505630  ...    1.005515    0.031018         0.0
1   word_h1_24.mp4            3  0.505765  ...    0.993015    0.033719         0.0
2   word_h1_24.mp4            4  0.505836  ...    0.986441    0.031204         0.0
3   word_h1_24.mp4            5  0.505888  ...    0.963172    0.025937         0.0
4   word_h1_24.mp4            6  0.505718  ...    0.949893    0.040949         0.0
..             ...          ...       ...  ...         ...         ...         ...
80  word_h1_24.mp4           82  0.503565  ...    0.638808   -0.016195         0.0
81  word_h1_24.mp4           83  0.504182  ...    0.640711   -0.001797         0.0
82  word_h1_24.mp4           84  0.504186  ...    0.645045    0.000266         0.0
83  word_h1_24.mp4           85  0.504744  ...    0.646861    0.003149         0.0
84  word_h1_24.mp4           86  0.504544  ...    0.652460    0.009905         0.0

[85 rows x 1958 columns]
Extracting features...
Face width computed for normalizaiton 0.16167806427893147
Features saved to: ../output/word_h1_24_features.csv
          fn_video  ... distance_r_hand6_r_hand10
0   word_h1_24.mp4  ...                  0.194770
1   word_h1_24.mp4  ...                  0.217754
2   word_h1_24.mp4  ...                  0.227062
3   word_h1_24.mp4  ...                  0.222042
4   word_h1_24.mp4  ...                  0.212825
..             ...  ...                       ...
80  word_h1_24.mp4  ...                  0.320272
81  word_h1_24.mp4  ...                  0.263960
82  word_h1_24.mp4  ...                  0.253836
83  word_h1_24.mp4  ...                  0.270804
84  word_h1_24.mp4  ...                  0.235139

[85 rows x 30 columns]
csv file with predictions was saved to ../output/predictions_rf_shape_female_cropped_word_h1_24.csv
Visualization for: ../stimuli/words/mp4/word_h1_24.mp4
32
SYLLABLE ONSETS (IN FRAMES):
[22]
MAXIMA (IN FRAMES)
[18 21 23 44 46 77]
Syllable, frame number (mfa), frame number (onset)
se 22 21
