python is /network/lustre/iss02/home/annahita.sarre/anaconda3/envs/myenv/bin/python
Loaded model: ../trained_models/model_rf_position_female_cropped.pkl
Loaded video: ../stimuli/words/mp4/word_h0_15.mp4
Extracting coordinates...
          fn_video frame_number   x_face0  ...  y_r_hand20  z_r_hand20  v_r_hand20
0   word_h0_15.mp4            4  0.503038  ...    1.010257    0.001842         0.0
1   word_h0_15.mp4            5  0.502917  ...    0.919698    0.007734         0.0
2   word_h0_15.mp4            6  0.502414  ...    0.847165    0.038641         0.0
3   word_h0_15.mp4            7  0.502333  ...    0.807835    0.030632         0.0
4   word_h0_15.mp4            8  0.502023  ...    0.770430    0.020252         0.0
..             ...          ...       ...  ...         ...         ...         ...
66  word_h0_15.mp4           70  0.500561  ...    0.834721    0.027882         0.0
67  word_h0_15.mp4           71  0.500619  ...    0.884849    0.033595         0.0
68  word_h0_15.mp4           72  0.500366  ...    0.931786    0.021595         0.0
69  word_h0_15.mp4           73  0.500853  ...    0.951464    0.014847         0.0
70  word_h0_15.mp4           74  0.500884  ...    0.981526    0.047804         0.0

[71 rows x 1958 columns]
Extracting features...
Face width computed for normalizaiton 0.16162331249292167
Features saved to: ../output/word_h0_15_features.csv
          fn_video  ... distance_r_hand6_r_hand10
0   word_h0_15.mp4  ...                  0.214626
1   word_h0_15.mp4  ...                  0.188843
2   word_h0_15.mp4  ...                  0.182894
3   word_h0_15.mp4  ...                  0.165957
4   word_h0_15.mp4  ...                  0.162153
..             ...  ...                       ...
66  word_h0_15.mp4  ...                  0.160090
67  word_h0_15.mp4  ...                  0.175094
68  word_h0_15.mp4  ...                  0.181685
69  word_h0_15.mp4  ...                  0.182319
70  word_h0_15.mp4  ...                  0.180599

[71 rows x 30 columns]
csv file with predictions was saved to ../output/predictions_rf_position_female_cropped_word_h0_15.csv
Loaded model: ../trained_models/model_rf_shape_female_cropped.pkl
Loaded video: ../stimuli/words/mp4/word_h0_15.mp4
Extracting coordinates...
          fn_video frame_number   x_face0  ...  y_r_hand20  z_r_hand20  v_r_hand20
0   word_h0_15.mp4            4  0.503038  ...    1.010257    0.001842         0.0
1   word_h0_15.mp4            5  0.502917  ...    0.919698    0.007734         0.0
2   word_h0_15.mp4            6  0.502414  ...    0.847165    0.038641         0.0
3   word_h0_15.mp4            7  0.502333  ...    0.807835    0.030632         0.0
4   word_h0_15.mp4            8  0.502023  ...    0.770430    0.020252         0.0
..             ...          ...       ...  ...         ...         ...         ...
66  word_h0_15.mp4           70  0.500561  ...    0.834721    0.027882         0.0
67  word_h0_15.mp4           71  0.500619  ...    0.884849    0.033595         0.0
68  word_h0_15.mp4           72  0.500366  ...    0.931786    0.021595         0.0
69  word_h0_15.mp4           73  0.500853  ...    0.951464    0.014847         0.0
70  word_h0_15.mp4           74  0.500884  ...    0.981526    0.047804         0.0

[71 rows x 1958 columns]
Extracting features...
Face width computed for normalizaiton 0.16162331249292167
Features saved to: ../output/word_h0_15_features.csv
          fn_video  ... distance_r_hand6_r_hand10
0   word_h0_15.mp4  ...                  0.214626
1   word_h0_15.mp4  ...                  0.188843
2   word_h0_15.mp4  ...                  0.182894
3   word_h0_15.mp4  ...                  0.165957
4   word_h0_15.mp4  ...                  0.162153
..             ...  ...                       ...
66  word_h0_15.mp4  ...                  0.160090
67  word_h0_15.mp4  ...                  0.175094
68  word_h0_15.mp4  ...                  0.181685
69  word_h0_15.mp4  ...                  0.182319
70  word_h0_15.mp4  ...                  0.180599

[71 rows x 30 columns]
csv file with predictions was saved to ../output/predictions_rf_shape_female_cropped_word_h0_15.csv
Visualization for: ../stimuli/words/mp4/word_h0_15.mp4
32
SYLLABLE ONSETS (IN FRAMES):
[15 30 42]
MAXIMA (IN FRAMES)
[18 37 56]
Syllable, frame number (mfa), frame number (onset)
mo 15 18
ny 30 37
m@ 42 56
!!!!!!!!!!!!!!!!!!!!!!!!!!!!!!!!!!!!!!!!!!!!!!!!!!!!!!!!!!!!!!!!!!!!!!!!!!!!!!!!!!!!!!!!!!!!!!!!!!!!
The video was successfully saved
The marked video was saved to: ../stimuli/words/mp4/word_h0_15.mp4
Figure was save to: ../figures/../stimuli/words/mp4/word_h0_15.mp4.png
