python is /network/lustre/iss02/home/annahita.sarre/anaconda3/envs/myenv/bin/python
Loaded model: ../trained_models/model_rf_position_female_cropped.pkl
Loaded video: ../stimuli/words/mp4/word_h0_14.mp4
Extracting coordinates...
          fn_video frame_number   x_face0  ...  y_r_hand20  z_r_hand20  v_r_hand20
0   word_h0_14.mp4            3  0.503769  ...    0.932303    0.051729         0.0
1   word_h0_14.mp4            4  0.504180  ...    0.877867    0.009760         0.0
2   word_h0_14.mp4            5  0.504203  ...    0.842962    0.006491         0.0
3   word_h0_14.mp4            6  0.504150  ...    0.810470    0.012893         0.0
4   word_h0_14.mp4            7  0.503906  ...    0.776921    0.007352         0.0
..             ...          ...       ...  ...         ...         ...         ...
73  word_h0_14.mp4           76  0.500909  ...    0.834218    0.028553         0.0
74  word_h0_14.mp4           77  0.501504  ...    0.859435    0.022681         0.0
75  word_h0_14.mp4           78  0.501529  ...    0.896790    0.017108         0.0
76  word_h0_14.mp4           79  0.502042  ...    0.934942    0.010403         0.0
77  word_h0_14.mp4           80  0.501943  ...    0.981187    0.008109         0.0

[78 rows x 1958 columns]
Extracting features...
Face width computed for normalizaiton 0.16115660822168953
Features saved to: ../output/word_h0_14_features.csv
          fn_video  ... distance_r_hand6_r_hand10
0   word_h0_14.mp4  ...                  0.244613
1   word_h0_14.mp4  ...                  0.192536
2   word_h0_14.mp4  ...                  0.175188
3   word_h0_14.mp4  ...                  0.176955
4   word_h0_14.mp4  ...                  0.177793
..             ...  ...                       ...
73  word_h0_14.mp4  ...                  0.196609
74  word_h0_14.mp4  ...                  0.192806
75  word_h0_14.mp4  ...                  0.199022
76  word_h0_14.mp4  ...                  0.199409
77  word_h0_14.mp4  ...                  0.198753

[78 rows x 30 columns]
csv file with predictions was saved to ../output/predictions_rf_position_female_cropped_word_h0_14.csv
Loaded model: ../trained_models/model_rf_shape_female_cropped.pkl
Loaded video: ../stimuli/words/mp4/word_h0_14.mp4
Extracting coordinates...
          fn_video frame_number   x_face0  ...  y_r_hand20  z_r_hand20  v_r_hand20
0   word_h0_14.mp4            3  0.503769  ...    0.932303    0.051729         0.0
1   word_h0_14.mp4            4  0.504180  ...    0.877867    0.009760         0.0
2   word_h0_14.mp4            5  0.504203  ...    0.842962    0.006491         0.0
3   word_h0_14.mp4            6  0.504150  ...    0.810470    0.012893         0.0
4   word_h0_14.mp4            7  0.503906  ...    0.776921    0.007352         0.0
..             ...          ...       ...  ...         ...         ...         ...
73  word_h0_14.mp4           76  0.500909  ...    0.834218    0.028553         0.0
74  word_h0_14.mp4           77  0.501504  ...    0.859435    0.022681         0.0
75  word_h0_14.mp4           78  0.501529  ...    0.896790    0.017108         0.0
76  word_h0_14.mp4           79  0.502042  ...    0.934942    0.010403         0.0
77  word_h0_14.mp4           80  0.501943  ...    0.981187    0.008109         0.0

[78 rows x 1958 columns]
Extracting features...
Face width computed for normalizaiton 0.16115660822168953
Features saved to: ../output/word_h0_14_features.csv
          fn_video  ... distance_r_hand6_r_hand10
0   word_h0_14.mp4  ...                  0.244613
1   word_h0_14.mp4  ...                  0.192536
2   word_h0_14.mp4  ...                  0.175188
3   word_h0_14.mp4  ...                  0.176955
4   word_h0_14.mp4  ...                  0.177793
..             ...  ...                       ...
73  word_h0_14.mp4  ...                  0.196609
74  word_h0_14.mp4  ...                  0.192806
75  word_h0_14.mp4  ...                  0.199022
76  word_h0_14.mp4  ...                  0.199409
77  word_h0_14.mp4  ...                  0.198753

[78 rows x 30 columns]
csv file with predictions was saved to ../output/predictions_rf_shape_female_cropped_word_h0_14.csv
Visualization for: ../stimuli/words/mp4/word_h0_14.mp4
32
SYLLABLE ONSETS (IN FRAMES):
[13 31 45]
MAXIMA (IN FRAMES)
[20 22 38 63]
Syllable, frame number (mfa), frame number (onset)
ma 13 20
la 31 38
di 45 63
!!!!!!!!!!!!!!!!!!!!!!!!!!!!!!!!!!!!!!!!!!!!!!!!!!!!!!!!!!!!!!!!!!!!!!!!!!!!!!!!!!!!!!!!!!!!!!!!!!!!
The video was successfully saved
The marked video was saved to: ../stimuli/words/mp4/word_h0_14.mp4
Figure was save to: ../figures/../stimuli/words/mp4/word_h0_14.mp4.png
