python is /network/lustre/iss02/home/annahita.sarre/anaconda3/envs/myenv/bin/python
Loaded model: ../trained_models/model_rf_position_female_cropped.pkl
Loaded video: ../stimuli/words/mp4/word_l1_10.mp4
Extracting coordinates...
          fn_video frame_number   x_face0  ...  y_r_hand20  z_r_hand20  v_r_hand20
0   word_l1_10.mp4            1  0.494654  ...    0.967616    0.073063         0.0
1   word_l1_10.mp4            2  0.493940  ...    0.925907    0.072376         0.0
2   word_l1_10.mp4            3  0.492792  ...    0.900754    0.064984         0.0
3   word_l1_10.mp4            4  0.492612  ...    0.898463    0.047115         0.0
4   word_l1_10.mp4            5  0.492467  ...    0.888841    0.030327         0.0
5   word_l1_10.mp4            6  0.492000  ...    0.871663    0.024404         0.0
6   word_l1_10.mp4            7  0.491562  ...    0.852244    0.018246         0.0
7   word_l1_10.mp4            8  0.491319  ...    0.837397    0.019548         0.0
8   word_l1_10.mp4            9  0.491028  ...    0.821626    0.017191         0.0
9   word_l1_10.mp4           10  0.491203  ...    0.822911    0.012598         0.0
10  word_l1_10.mp4           11  0.491241  ...    0.804621    0.013758         0.0
11  word_l1_10.mp4           12  0.490980  ...    0.794626    0.014420         0.0
12  word_l1_10.mp4           13  0.490884  ...    0.788539    0.010278         0.0
13  word_l1_10.mp4           14  0.490929  ...    0.779093    0.008251         0.0
14  word_l1_10.mp4           15  0.490829  ...    0.780828    0.009822         0.0
15  word_l1_10.mp4           16  0.491125  ...    0.773988    0.011898         0.0
16  word_l1_10.mp4           17  0.490624  ...    0.774821    0.016832         0.0
17  word_l1_10.mp4           18  0.490290  ...    0.773574    0.014639         0.0
18  word_l1_10.mp4           19  0.490407  ...    0.768033    0.013615         0.0
19  word_l1_10.mp4           20  0.490358  ...    0.768224    0.016701         0.0
20  word_l1_10.mp4           21  0.489914  ...    0.767745    0.016338         0.0
21  word_l1_10.mp4           22  0.490231  ...    0.766217    0.016297         0.0
22  word_l1_10.mp4           23  0.490442  ...    0.766385    0.013806         0.0
23  word_l1_10.mp4           24  0.491353  ...    0.762158    0.015378         0.0
24  word_l1_10.mp4           25  0.491662  ...    0.751494    0.014248         0.0
25  word_l1_10.mp4           26  0.491194  ...    0.705389    0.019541         0.0
26  word_l1_10.mp4           27  0.491311  ...    0.666584    0.011223         0.0
27  word_l1_10.mp4           28  0.491092  ...    0.660332   -0.001399         0.0
28  word_l1_10.mp4           29  0.491244  ...    0.646769    0.001614         0.0
29  word_l1_10.mp4           30  0.491162  ...    0.639717   -0.004440         0.0
30  word_l1_10.mp4           31  0.491254  ...    0.637364   -0.000915         0.0
31  word_l1_10.mp4           32  0.490830  ...    0.640879   -0.000696         0.0
32  word_l1_10.mp4           33  0.491057  ...    0.643652    0.002219         0.0
33  word_l1_10.mp4           34  0.491267  ...    0.641224    0.008436         0.0
34  word_l1_10.mp4           35  0.491587  ...    0.635001    0.009674         0.0
35  word_l1_10.mp4           36  0.491145  ...    0.629389    0.005585         0.0
36  word_l1_10.mp4           37  0.491418  ...    0.621796    0.009330         0.0
37  word_l1_10.mp4           38  0.491646  ...    0.617544    0.004137         0.0
38  word_l1_10.mp4           39  0.491927  ...    0.616728    0.007240         0.0
39  word_l1_10.mp4           40  0.491740  ...    0.613867   -0.001502         0.0
40  word_l1_10.mp4           41  0.491697  ...    0.618445    0.000932         0.0
41  word_l1_10.mp4           42  0.491866  ...    0.623727   -0.005285         0.0
42  word_l1_10.mp4           43  0.491898  ...    0.624826   -0.011515         0.0
43  word_l1_10.mp4           44  0.491850  ...    0.626648    0.000920         0.0
44  word_l1_10.mp4           45  0.492082  ...    0.629377   -0.000658         0.0
45  word_l1_10.mp4           46  0.491904  ...    0.630696   -0.002663         0.0
46  word_l1_10.mp4           47  0.491397  ...    0.630180   -0.004675         0.0
47  word_l1_10.mp4           48  0.491466  ...    0.627941   -0.001187         0.0
48  word_l1_10.mp4           49  0.491080  ...    0.627321   -0.000270         0.0
49  word_l1_10.mp4           50  0.491061  ...    0.627257   -0.001802         0.0
50  word_l1_10.mp4           51  0.490932  ...    0.631043   -0.004513         0.0
51  word_l1_10.mp4           52  0.491419  ...    0.634228   -0.006381         0.0
52  word_l1_10.mp4           53  0.491792  ...    0.641846    0.004866         0.0
53  word_l1_10.mp4           54  0.491894  ...    0.655597    0.010981         0.0
54  word_l1_10.mp4           55  0.491992  ...    0.666808    0.019077         0.0
55  word_l1_10.mp4           56  0.491931  ...    0.684173    0.019383         0.0
56  word_l1_10.mp4           57  0.491671  ...    0.698025    0.020014         0.0

[57 rows x 1958 columns]
Extracting features...
Face width computed for normalizaiton 0.1551777571324945
Features saved to: ../output/word_l1_10_features.csv
          fn_video  ... distance_r_hand6_r_hand10
0   word_l1_10.mp4  ...                  0.242025
1   word_l1_10.mp4  ...                  0.197119
2   word_l1_10.mp4  ...                  0.193756
3   word_l1_10.mp4  ...                  0.179672
4   word_l1_10.mp4  ...                  0.166621
5   word_l1_10.mp4  ...                  0.171740
6   word_l1_10.mp4  ...                  0.164479
7   word_l1_10.mp4  ...                  0.149175
8   word_l1_10.mp4  ...                  0.150618
9   word_l1_10.mp4  ...                  0.149742
10  word_l1_10.mp4  ...                  0.152460
11  word_l1_10.mp4  ...                  0.154039
12  word_l1_10.mp4  ...                  0.143214
13  word_l1_10.mp4  ...                  0.140990
14  word_l1_10.mp4  ...                  0.147125
15  word_l1_10.mp4  ...                  0.141378
16  word_l1_10.mp4  ...                  0.145684
17  word_l1_10.mp4  ...                  0.152745
18  word_l1_10.mp4  ...                  0.151240
19  word_l1_10.mp4  ...                  0.146638
20  word_l1_10.mp4  ...                  0.146516
21  word_l1_10.mp4  ...                  0.147840
22  word_l1_10.mp4  ...                  0.147299
23  word_l1_10.mp4  ...                  0.147761
24  word_l1_10.mp4  ...                  0.141774
25  word_l1_10.mp4  ...                  0.160799
26  word_l1_10.mp4  ...                  0.176716
27  word_l1_10.mp4  ...                  0.176710
28  word_l1_10.mp4  ...                  0.171053
29  word_l1_10.mp4  ...                  0.153027
30  word_l1_10.mp4  ...                  0.176554
31  word_l1_10.mp4  ...                  0.184155
32  word_l1_10.mp4  ...                  0.198627
33  word_l1_10.mp4  ...                  0.201217
34  word_l1_10.mp4  ...                  0.221804
35  word_l1_10.mp4  ...                  0.199844
36  word_l1_10.mp4  ...                  0.210892
37  word_l1_10.mp4  ...                  0.188510
38  word_l1_10.mp4  ...                  0.187931
39  word_l1_10.mp4  ...                  0.187761
40  word_l1_10.mp4  ...                  0.203725
41  word_l1_10.mp4  ...                  0.193833
42  word_l1_10.mp4  ...                  0.192502
43  word_l1_10.mp4  ...                  0.246600
44  word_l1_10.mp4  ...                  0.229233
45  word_l1_10.mp4  ...                  0.215434
46  word_l1_10.mp4  ...                  0.231735
47  word_l1_10.mp4  ...                  0.229901
48  word_l1_10.mp4  ...                  0.227534
49  word_l1_10.mp4  ...                  0.220415
50  word_l1_10.mp4  ...                  0.209199
51  word_l1_10.mp4  ...                  0.238807
52  word_l1_10.mp4  ...                  0.177932
53  word_l1_10.mp4  ...                  0.156333
54  word_l1_10.mp4  ...                  0.152291
55  word_l1_10.mp4  ...                  0.149258
56  word_l1_10.mp4  ...                  0.163959

[57 rows x 30 columns]
csv file with predictions was saved to ../output/predictions_rf_position_female_cropped_word_l1_10.csv
Loaded model: ../trained_models/model_rf_shape_female_cropped.pkl
Loaded video: ../stimuli/words/mp4/word_l1_10.mp4
Extracting coordinates...
          fn_video frame_number   x_face0  ...  y_r_hand20  z_r_hand20  v_r_hand20
0   word_l1_10.mp4            1  0.494654  ...    0.967616    0.073063         0.0
1   word_l1_10.mp4            2  0.493940  ...    0.925907    0.072376         0.0
2   word_l1_10.mp4            3  0.492792  ...    0.900754    0.064984         0.0
3   word_l1_10.mp4            4  0.492612  ...    0.898463    0.047115         0.0
4   word_l1_10.mp4            5  0.492467  ...    0.888841    0.030327         0.0
5   word_l1_10.mp4            6  0.492000  ...    0.871663    0.024404         0.0
6   word_l1_10.mp4            7  0.491562  ...    0.852244    0.018246         0.0
7   word_l1_10.mp4            8  0.491319  ...    0.837397    0.019548         0.0
8   word_l1_10.mp4            9  0.491028  ...    0.821626    0.017191         0.0
9   word_l1_10.mp4           10  0.491203  ...    0.822911    0.012598         0.0
10  word_l1_10.mp4           11  0.491241  ...    0.804621    0.013758         0.0
11  word_l1_10.mp4           12  0.490980  ...    0.794626    0.014420         0.0
12  word_l1_10.mp4           13  0.490884  ...    0.788539    0.010278         0.0
13  word_l1_10.mp4           14  0.490929  ...    0.779093    0.008251         0.0
14  word_l1_10.mp4           15  0.490829  ...    0.780828    0.009822         0.0
15  word_l1_10.mp4           16  0.491125  ...    0.773988    0.011898         0.0
16  word_l1_10.mp4           17  0.490624  ...    0.774821    0.016832         0.0
17  word_l1_10.mp4           18  0.490290  ...    0.773574    0.014639         0.0
18  word_l1_10.mp4           19  0.490407  ...    0.768033    0.013615         0.0
19  word_l1_10.mp4           20  0.490358  ...    0.768224    0.016701         0.0
20  word_l1_10.mp4           21  0.489914  ...    0.767745    0.016338         0.0
21  word_l1_10.mp4           22  0.490231  ...    0.766217    0.016297         0.0
22  word_l1_10.mp4           23  0.490442  ...    0.766385    0.013806         0.0
23  word_l1_10.mp4           24  0.491353  ...    0.762158    0.015378         0.0
24  word_l1_10.mp4           25  0.491662  ...    0.751494    0.014248         0.0
25  word_l1_10.mp4           26  0.491194  ...    0.705389    0.019541         0.0
26  word_l1_10.mp4           27  0.491311  ...    0.666584    0.011223         0.0
27  word_l1_10.mp4           28  0.491092  ...    0.660332   -0.001399         0.0
28  word_l1_10.mp4           29  0.491244  ...    0.646769    0.001614         0.0
29  word_l1_10.mp4           30  0.491162  ...    0.639717   -0.004440         0.0
30  word_l1_10.mp4           31  0.491254  ...    0.637364   -0.000915         0.0
31  word_l1_10.mp4           32  0.490830  ...    0.640879   -0.000696         0.0
32  word_l1_10.mp4           33  0.491057  ...    0.643652    0.002219         0.0
33  word_l1_10.mp4           34  0.491267  ...    0.641224    0.008436         0.0
34  word_l1_10.mp4           35  0.491587  ...    0.635001    0.009674         0.0
35  word_l1_10.mp4           36  0.491145  ...    0.629389    0.005585         0.0
36  word_l1_10.mp4           37  0.491418  ...    0.621796    0.009330         0.0
37  word_l1_10.mp4           38  0.491646  ...    0.617544    0.004137         0.0
38  word_l1_10.mp4           39  0.491927  ...    0.616728    0.007240         0.0
39  word_l1_10.mp4           40  0.491740  ...    0.613867   -0.001502         0.0
40  word_l1_10.mp4           41  0.491697  ...    0.618445    0.000932         0.0
41  word_l1_10.mp4           42  0.491866  ...    0.623727   -0.005285         0.0
42  word_l1_10.mp4           43  0.491898  ...    0.624826   -0.011515         0.0
43  word_l1_10.mp4           44  0.491850  ...    0.626648    0.000920         0.0
44  word_l1_10.mp4           45  0.492082  ...    0.629377   -0.000658         0.0
45  word_l1_10.mp4           46  0.491904  ...    0.630696   -0.002663         0.0
46  word_l1_10.mp4           47  0.491397  ...    0.630180   -0.004675         0.0
47  word_l1_10.mp4           48  0.491466  ...    0.627941   -0.001187         0.0
48  word_l1_10.mp4           49  0.491080  ...    0.627321   -0.000270         0.0
49  word_l1_10.mp4           50  0.491061  ...    0.627257   -0.001802         0.0
50  word_l1_10.mp4           51  0.490932  ...    0.631043   -0.004513         0.0
51  word_l1_10.mp4           52  0.491419  ...    0.634228   -0.006381         0.0
52  word_l1_10.mp4           53  0.491792  ...    0.641846    0.004866         0.0
53  word_l1_10.mp4           54  0.491894  ...    0.655597    0.010981         0.0
54  word_l1_10.mp4           55  0.491992  ...    0.666808    0.019077         0.0
55  word_l1_10.mp4           56  0.491931  ...    0.684173    0.019383         0.0
56  word_l1_10.mp4           57  0.491671  ...    0.698025    0.020014         0.0

[57 rows x 1958 columns]
Extracting features...
Face width computed for normalizaiton 0.1551777571324945
Features saved to: ../output/word_l1_10_features.csv
          fn_video  ... distance_r_hand6_r_hand10
0   word_l1_10.mp4  ...                  0.242025
1   word_l1_10.mp4  ...                  0.197119
2   word_l1_10.mp4  ...                  0.193756
3   word_l1_10.mp4  ...                  0.179672
4   word_l1_10.mp4  ...                  0.166621
5   word_l1_10.mp4  ...                  0.171740
6   word_l1_10.mp4  ...                  0.164479
7   word_l1_10.mp4  ...                  0.149175
8   word_l1_10.mp4  ...                  0.150618
9   word_l1_10.mp4  ...                  0.149742
10  word_l1_10.mp4  ...                  0.152460
11  word_l1_10.mp4  ...                  0.154039
12  word_l1_10.mp4  ...                  0.143214
13  word_l1_10.mp4  ...                  0.140990
14  word_l1_10.mp4  ...                  0.147125
15  word_l1_10.mp4  ...                  0.141378
16  word_l1_10.mp4  ...                  0.145684
17  word_l1_10.mp4  ...                  0.152745
18  word_l1_10.mp4  ...                  0.151240
19  word_l1_10.mp4  ...                  0.146638
20  word_l1_10.mp4  ...                  0.146516
21  word_l1_10.mp4  ...                  0.147840
22  word_l1_10.mp4  ...                  0.147299
23  word_l1_10.mp4  ...                  0.147761
24  word_l1_10.mp4  ...                  0.141774
25  word_l1_10.mp4  ...                  0.160799
26  word_l1_10.mp4  ...                  0.176716
27  word_l1_10.mp4  ...                  0.176710
28  word_l1_10.mp4  ...                  0.171053
29  word_l1_10.mp4  ...                  0.153027
30  word_l1_10.mp4  ...                  0.176554
31  word_l1_10.mp4  ...                  0.184155
32  word_l1_10.mp4  ...                  0.198627
33  word_l1_10.mp4  ...                  0.201217
34  word_l1_10.mp4  ...                  0.221804
35  word_l1_10.mp4  ...                  0.199844
36  word_l1_10.mp4  ...                  0.210892
37  word_l1_10.mp4  ...                  0.188510
38  word_l1_10.mp4  ...                  0.187931
39  word_l1_10.mp4  ...                  0.187761
40  word_l1_10.mp4  ...                  0.203725
41  word_l1_10.mp4  ...                  0.193833
42  word_l1_10.mp4  ...                  0.192502
43  word_l1_10.mp4  ...                  0.246600
44  word_l1_10.mp4  ...                  0.229233
45  word_l1_10.mp4  ...                  0.215434
46  word_l1_10.mp4  ...                  0.231735
47  word_l1_10.mp4  ...                  0.229901
48  word_l1_10.mp4  ...                  0.227534
49  word_l1_10.mp4  ...                  0.220415
50  word_l1_10.mp4  ...                  0.209199
51  word_l1_10.mp4  ...                  0.238807
52  word_l1_10.mp4  ...                  0.177932
53  word_l1_10.mp4  ...                  0.156333
54  word_l1_10.mp4  ...                  0.152291
55  word_l1_10.mp4  ...                  0.149258
56  word_l1_10.mp4  ...                  0.163959

[57 rows x 30 columns]
csv file with predictions was saved to ../output/predictions_rf_shape_female_cropped_word_l1_10.csv
Visualization for: ../stimuli/words/mp4/word_l1_10.mp4
32
SYLLABLE ONSETS (IN FRAMES):
[22 34]
MAXIMA (IN FRAMES)
[21 49]
Syllable, frame number (mfa), frame number (onset)
vE 22 21
R 34 49
