python is /network/lustre/iss02/home/annahita.sarre/anaconda3/envs/myenv/bin/python
Loaded model: ../trained_models/model_rf_position_female_cropped.pkl
Loaded video: ../stimuli/words/mp4/word_h1_13.mp4
Extracting coordinates...
          fn_video frame_number   x_face0  ...  y_r_hand20  z_r_hand20  v_r_hand20
0   word_h1_13.mp4            1  0.505941  ...    0.690693    0.025648         0.0
1   word_h1_13.mp4            2  0.505653  ...    0.687135    0.030855         0.0
2   word_h1_13.mp4            3  0.505818  ...    0.689951    0.034174         0.0
3   word_h1_13.mp4            4  0.506168  ...    0.684562    0.037279         0.0
4   word_h1_13.mp4            5  0.505811  ...    0.690170    0.030003         0.0
..             ...          ...       ...  ...         ...         ...         ...
70  word_h1_13.mp4           71  0.506498  ...    0.848905    0.032120         0.0
71  word_h1_13.mp4           72  0.506287  ...    0.879690    0.029378         0.0
72  word_h1_13.mp4           73  0.506407  ...    0.904823    0.022078         0.0
73  word_h1_13.mp4           74  0.506515  ...    0.924629    0.022030         0.0
74  word_h1_13.mp4           75  0.506834  ...    0.946739    0.012920         0.0

[75 rows x 1958 columns]
Extracting features...
Face width computed for normalizaiton 0.16204464213966174
Features saved to: ../output/word_h1_13_features.csv
          fn_video  ... distance_r_hand6_r_hand10
0   word_h1_13.mp4  ...                  0.178387
1   word_h1_13.mp4  ...                  0.169162
2   word_h1_13.mp4  ...                  0.173518
3   word_h1_13.mp4  ...                  0.175724
4   word_h1_13.mp4  ...                  0.178027
..             ...  ...                       ...
70  word_h1_13.mp4  ...                  0.201493
71  word_h1_13.mp4  ...                  0.213743
72  word_h1_13.mp4  ...                  0.222888
73  word_h1_13.mp4  ...                  0.217135
74  word_h1_13.mp4  ...                  0.236529

[75 rows x 30 columns]
csv file with predictions was saved to ../output/predictions_rf_position_female_cropped_word_h1_13.csv
Loaded model: ../trained_models/model_rf_shape_female_cropped.pkl
Loaded video: ../stimuli/words/mp4/word_h1_13.mp4
Extracting coordinates...
          fn_video frame_number   x_face0  ...  y_r_hand20  z_r_hand20  v_r_hand20
0   word_h1_13.mp4            1  0.505941  ...    0.690693    0.025648         0.0
1   word_h1_13.mp4            2  0.505653  ...    0.687135    0.030855         0.0
2   word_h1_13.mp4            3  0.505818  ...    0.689951    0.034174         0.0
3   word_h1_13.mp4            4  0.506168  ...    0.684562    0.037279         0.0
4   word_h1_13.mp4            5  0.505811  ...    0.690170    0.030003         0.0
..             ...          ...       ...  ...         ...         ...         ...
70  word_h1_13.mp4           71  0.506498  ...    0.848905    0.032120         0.0
71  word_h1_13.mp4           72  0.506287  ...    0.879690    0.029378         0.0
72  word_h1_13.mp4           73  0.506407  ...    0.904823    0.022078         0.0
73  word_h1_13.mp4           74  0.506515  ...    0.924629    0.022030         0.0
74  word_h1_13.mp4           75  0.506834  ...    0.946739    0.012920         0.0

[75 rows x 1958 columns]
Extracting features...
Face width computed for normalizaiton 0.16204464213966174
Features saved to: ../output/word_h1_13_features.csv
          fn_video  ... distance_r_hand6_r_hand10
0   word_h1_13.mp4  ...                  0.178387
1   word_h1_13.mp4  ...                  0.169162
2   word_h1_13.mp4  ...                  0.173518
3   word_h1_13.mp4  ...                  0.175724
4   word_h1_13.mp4  ...                  0.178027
..             ...  ...                       ...
70  word_h1_13.mp4  ...                  0.201493
71  word_h1_13.mp4  ...                  0.213743
72  word_h1_13.mp4  ...                  0.222888
73  word_h1_13.mp4  ...                  0.217135
74  word_h1_13.mp4  ...                  0.236529

[75 rows x 30 columns]
csv file with predictions was saved to ../output/predictions_rf_shape_female_cropped_word_h1_13.csv
Visualization for: ../stimuli/words/mp4/word_h1_13.mp4
32
SYLLABLE ONSETS (IN FRAMES):
[]
MAXIMA (IN FRAMES)
[24 39 53]
Syllable, frame number (mfa), frame number (onset)
