python is /network/lustre/iss02/home/annahita.sarre/anaconda3/envs/myenv/bin/python
Loaded model: ../trained_models/model_rf_position_female_cropped.pkl
Loaded video: ../stimuli/words/mp4/word_h1_01_pseudo.mp4
Extracting coordinates...
                 fn_video frame_number  ...  z_r_hand20  v_r_hand20
0   word_h1_01_pseudo.mp4            2  ...    0.035614         0.0
1   word_h1_01_pseudo.mp4            3  ...    0.041108         0.0
2   word_h1_01_pseudo.mp4            4  ...    0.046107         0.0
3   word_h1_01_pseudo.mp4            5  ...    0.042438         0.0
4   word_h1_01_pseudo.mp4            6  ...    0.031691         0.0
5   word_h1_01_pseudo.mp4            7  ...    0.024727         0.0
6   word_h1_01_pseudo.mp4            8  ...    0.017071         0.0
7   word_h1_01_pseudo.mp4            9  ...    0.012408         0.0
8   word_h1_01_pseudo.mp4           10  ...    0.007585         0.0
9   word_h1_01_pseudo.mp4           11  ...    0.006855         0.0
10  word_h1_01_pseudo.mp4           12  ...    0.007051         0.0
11  word_h1_01_pseudo.mp4           13  ...    0.007222         0.0
12  word_h1_01_pseudo.mp4           14  ...    0.011794         0.0
13  word_h1_01_pseudo.mp4           15  ...    0.016098         0.0
14  word_h1_01_pseudo.mp4           16  ...    0.017470         0.0
15  word_h1_01_pseudo.mp4           17  ...    0.011176         0.0
16  word_h1_01_pseudo.mp4           18  ...    0.007774         0.0
17  word_h1_01_pseudo.mp4           19  ...    0.011083         0.0
18  word_h1_01_pseudo.mp4           20  ...    0.000868         0.0
19  word_h1_01_pseudo.mp4           21  ...    0.003286         0.0
20  word_h1_01_pseudo.mp4           22  ...   -0.004256         0.0
21  word_h1_01_pseudo.mp4           23  ...   -0.001823         0.0
22  word_h1_01_pseudo.mp4           24  ...   -0.001493         0.0
23  word_h1_01_pseudo.mp4           25  ...   -0.002245         0.0
24  word_h1_01_pseudo.mp4           26  ...    0.002300         0.0
25  word_h1_01_pseudo.mp4           27  ...    0.005708         0.0
26  word_h1_01_pseudo.mp4           28  ...    0.006715         0.0
27  word_h1_01_pseudo.mp4           29  ...    0.006351         0.0
28  word_h1_01_pseudo.mp4           30  ...    0.005381         0.0
29  word_h1_01_pseudo.mp4           31  ...    0.002382         0.0
30  word_h1_01_pseudo.mp4           32  ...    0.003366         0.0
31  word_h1_01_pseudo.mp4           33  ...    0.004046         0.0
32  word_h1_01_pseudo.mp4           34  ...    0.008197         0.0
33  word_h1_01_pseudo.mp4           35  ...    0.011595         0.0
34  word_h1_01_pseudo.mp4           36  ...    0.013258         0.0
35  word_h1_01_pseudo.mp4           37  ...    0.022127         0.0
36  word_h1_01_pseudo.mp4           38  ...    0.009632         0.0
37  word_h1_01_pseudo.mp4           39  ...   -0.013010         0.0
38  word_h1_01_pseudo.mp4           40  ...   -0.014678         0.0
39  word_h1_01_pseudo.mp4           41  ...   -0.012882         0.0
40  word_h1_01_pseudo.mp4           42  ...   -0.017502         0.0
41  word_h1_01_pseudo.mp4           43  ...   -0.022286         0.0
42  word_h1_01_pseudo.mp4           44  ...   -0.025063         0.0
43  word_h1_01_pseudo.mp4           45  ...   -0.027650         0.0
44  word_h1_01_pseudo.mp4           46  ...   -0.023945         0.0
45  word_h1_01_pseudo.mp4           47  ...   -0.027181         0.0
46  word_h1_01_pseudo.mp4           48  ...   -0.025780         0.0
47  word_h1_01_pseudo.mp4           49  ...   -0.022611         0.0
48  word_h1_01_pseudo.mp4           50  ...   -0.024091         0.0
49  word_h1_01_pseudo.mp4           51  ...   -0.022226         0.0
50  word_h1_01_pseudo.mp4           52  ...   -0.025064         0.0
51  word_h1_01_pseudo.mp4           53  ...   -0.031940         0.0
52  word_h1_01_pseudo.mp4           54  ...   -0.026160         0.0
53  word_h1_01_pseudo.mp4           55  ...   -0.007199         0.0

[54 rows x 1958 columns]
Extracting features...
Face width computed for normalizaiton 0.16018912303525
Features saved to: ../output/word_h1_01_pseudo_features.csv
                 fn_video  ... distance_r_hand6_r_hand10
0   word_h1_01_pseudo.mp4  ...                  0.220245
1   word_h1_01_pseudo.mp4  ...                  0.205700
2   word_h1_01_pseudo.mp4  ...                  0.206713
3   word_h1_01_pseudo.mp4  ...                  0.214364
4   word_h1_01_pseudo.mp4  ...                  0.201588
5   word_h1_01_pseudo.mp4  ...                  0.187264
6   word_h1_01_pseudo.mp4  ...                  0.173216
7   word_h1_01_pseudo.mp4  ...                  0.177450
8   word_h1_01_pseudo.mp4  ...                  0.167261
9   word_h1_01_pseudo.mp4  ...                  0.152947
10  word_h1_01_pseudo.mp4  ...                  0.151790
11  word_h1_01_pseudo.mp4  ...                  0.145120
12  word_h1_01_pseudo.mp4  ...                  0.152712
13  word_h1_01_pseudo.mp4  ...                  0.172409
14  word_h1_01_pseudo.mp4  ...                  0.180453
15  word_h1_01_pseudo.mp4  ...                  0.185680
16  word_h1_01_pseudo.mp4  ...                  0.189271
17  word_h1_01_pseudo.mp4  ...                  0.211175
18  word_h1_01_pseudo.mp4  ...                  0.207851
19  word_h1_01_pseudo.mp4  ...                  0.194427
20  word_h1_01_pseudo.mp4  ...                  0.200533
21  word_h1_01_pseudo.mp4  ...                  0.228329
22  word_h1_01_pseudo.mp4  ...                  0.274428
23  word_h1_01_pseudo.mp4  ...                  0.329744
24  word_h1_01_pseudo.mp4  ...                  0.348211
25  word_h1_01_pseudo.mp4  ...                  0.389402
26  word_h1_01_pseudo.mp4  ...                  0.391327
27  word_h1_01_pseudo.mp4  ...                  0.416325
28  word_h1_01_pseudo.mp4  ...                  0.414700
29  word_h1_01_pseudo.mp4  ...                  0.426799
30  word_h1_01_pseudo.mp4  ...                  0.443016
31  word_h1_01_pseudo.mp4  ...                  0.444983
32  word_h1_01_pseudo.mp4  ...                  0.440836
33  word_h1_01_pseudo.mp4  ...                  0.358195
34  word_h1_01_pseudo.mp4  ...                  0.255710
35  word_h1_01_pseudo.mp4  ...                  0.225919
36  word_h1_01_pseudo.mp4  ...                  0.191954
37  word_h1_01_pseudo.mp4  ...                  0.166766
38  word_h1_01_pseudo.mp4  ...                  0.166189
39  word_h1_01_pseudo.mp4  ...                  0.172646
40  word_h1_01_pseudo.mp4  ...                  0.189421
41  word_h1_01_pseudo.mp4  ...                  0.179078
42  word_h1_01_pseudo.mp4  ...                  0.223424
43  word_h1_01_pseudo.mp4  ...                  0.248653
44  word_h1_01_pseudo.mp4  ...                  0.217302
45  word_h1_01_pseudo.mp4  ...                  0.254297
46  word_h1_01_pseudo.mp4  ...                  0.253924
47  word_h1_01_pseudo.mp4  ...                  0.219385
48  word_h1_01_pseudo.mp4  ...                  0.205231
49  word_h1_01_pseudo.mp4  ...                  0.190930
50  word_h1_01_pseudo.mp4  ...                  0.204107
51  word_h1_01_pseudo.mp4  ...                  0.218768
52  word_h1_01_pseudo.mp4  ...                  0.235930
53  word_h1_01_pseudo.mp4  ...                  0.186925

[54 rows x 30 columns]
csv file with predictions was saved to ../output/predictions_rf_position_female_cropped_word_h1_01_pseudo.csv
Loaded model: ../trained_models/model_rf_shape_female_cropped.pkl
Loaded video: ../stimuli/words/mp4/word_h1_01_pseudo.mp4
Extracting coordinates...
                 fn_video frame_number  ...  z_r_hand20  v_r_hand20
0   word_h1_01_pseudo.mp4            2  ...    0.035614         0.0
1   word_h1_01_pseudo.mp4            3  ...    0.041108         0.0
2   word_h1_01_pseudo.mp4            4  ...    0.046107         0.0
3   word_h1_01_pseudo.mp4            5  ...    0.042438         0.0
4   word_h1_01_pseudo.mp4            6  ...    0.031691         0.0
5   word_h1_01_pseudo.mp4            7  ...    0.024727         0.0
6   word_h1_01_pseudo.mp4            8  ...    0.017071         0.0
7   word_h1_01_pseudo.mp4            9  ...    0.012408         0.0
8   word_h1_01_pseudo.mp4           10  ...    0.007585         0.0
9   word_h1_01_pseudo.mp4           11  ...    0.006855         0.0
10  word_h1_01_pseudo.mp4           12  ...    0.007051         0.0
11  word_h1_01_pseudo.mp4           13  ...    0.007222         0.0
12  word_h1_01_pseudo.mp4           14  ...    0.011794         0.0
13  word_h1_01_pseudo.mp4           15  ...    0.016098         0.0
14  word_h1_01_pseudo.mp4           16  ...    0.017470         0.0
15  word_h1_01_pseudo.mp4           17  ...    0.011176         0.0
16  word_h1_01_pseudo.mp4           18  ...    0.007774         0.0
17  word_h1_01_pseudo.mp4           19  ...    0.011083         0.0
18  word_h1_01_pseudo.mp4           20  ...    0.000868         0.0
19  word_h1_01_pseudo.mp4           21  ...    0.003286         0.0
20  word_h1_01_pseudo.mp4           22  ...   -0.004256         0.0
21  word_h1_01_pseudo.mp4           23  ...   -0.001823         0.0
22  word_h1_01_pseudo.mp4           24  ...   -0.001493         0.0
23  word_h1_01_pseudo.mp4           25  ...   -0.002245         0.0
24  word_h1_01_pseudo.mp4           26  ...    0.002300         0.0
25  word_h1_01_pseudo.mp4           27  ...    0.005708         0.0
26  word_h1_01_pseudo.mp4           28  ...    0.006715         0.0
27  word_h1_01_pseudo.mp4           29  ...    0.006351         0.0
28  word_h1_01_pseudo.mp4           30  ...    0.005381         0.0
29  word_h1_01_pseudo.mp4           31  ...    0.002382         0.0
30  word_h1_01_pseudo.mp4           32  ...    0.003366         0.0
31  word_h1_01_pseudo.mp4           33  ...    0.004046         0.0
32  word_h1_01_pseudo.mp4           34  ...    0.008197         0.0
33  word_h1_01_pseudo.mp4           35  ...    0.011595         0.0
34  word_h1_01_pseudo.mp4           36  ...    0.013258         0.0
35  word_h1_01_pseudo.mp4           37  ...    0.022127         0.0
36  word_h1_01_pseudo.mp4           38  ...    0.009632         0.0
37  word_h1_01_pseudo.mp4           39  ...   -0.013010         0.0
38  word_h1_01_pseudo.mp4           40  ...   -0.014678         0.0
39  word_h1_01_pseudo.mp4           41  ...   -0.012882         0.0
40  word_h1_01_pseudo.mp4           42  ...   -0.017502         0.0
41  word_h1_01_pseudo.mp4           43  ...   -0.022286         0.0
42  word_h1_01_pseudo.mp4           44  ...   -0.025063         0.0
43  word_h1_01_pseudo.mp4           45  ...   -0.027650         0.0
44  word_h1_01_pseudo.mp4           46  ...   -0.023945         0.0
45  word_h1_01_pseudo.mp4           47  ...   -0.027181         0.0
46  word_h1_01_pseudo.mp4           48  ...   -0.025780         0.0
47  word_h1_01_pseudo.mp4           49  ...   -0.022611         0.0
48  word_h1_01_pseudo.mp4           50  ...   -0.024091         0.0
49  word_h1_01_pseudo.mp4           51  ...   -0.022226         0.0
50  word_h1_01_pseudo.mp4           52  ...   -0.025064         0.0
51  word_h1_01_pseudo.mp4           53  ...   -0.031940         0.0
52  word_h1_01_pseudo.mp4           54  ...   -0.026160         0.0
53  word_h1_01_pseudo.mp4           55  ...   -0.007199         0.0

[54 rows x 1958 columns]
Extracting features...
Face width computed for normalizaiton 0.16018912303525
Features saved to: ../output/word_h1_01_pseudo_features.csv
                 fn_video  ... distance_r_hand6_r_hand10
0   word_h1_01_pseudo.mp4  ...                  0.220245
1   word_h1_01_pseudo.mp4  ...                  0.205700
2   word_h1_01_pseudo.mp4  ...                  0.206713
3   word_h1_01_pseudo.mp4  ...                  0.214364
4   word_h1_01_pseudo.mp4  ...                  0.201588
5   word_h1_01_pseudo.mp4  ...                  0.187264
6   word_h1_01_pseudo.mp4  ...                  0.173216
7   word_h1_01_pseudo.mp4  ...                  0.177450
8   word_h1_01_pseudo.mp4  ...                  0.167261
9   word_h1_01_pseudo.mp4  ...                  0.152947
10  word_h1_01_pseudo.mp4  ...                  0.151790
11  word_h1_01_pseudo.mp4  ...                  0.145120
12  word_h1_01_pseudo.mp4  ...                  0.152712
13  word_h1_01_pseudo.mp4  ...                  0.172409
14  word_h1_01_pseudo.mp4  ...                  0.180453
15  word_h1_01_pseudo.mp4  ...                  0.185680
16  word_h1_01_pseudo.mp4  ...                  0.189271
17  word_h1_01_pseudo.mp4  ...                  0.211175
18  word_h1_01_pseudo.mp4  ...                  0.207851
19  word_h1_01_pseudo.mp4  ...                  0.194427
20  word_h1_01_pseudo.mp4  ...                  0.200533
21  word_h1_01_pseudo.mp4  ...                  0.228329
22  word_h1_01_pseudo.mp4  ...                  0.274428
23  word_h1_01_pseudo.mp4  ...                  0.329744
24  word_h1_01_pseudo.mp4  ...                  0.348211
25  word_h1_01_pseudo.mp4  ...                  0.389402
26  word_h1_01_pseudo.mp4  ...                  0.391327
27  word_h1_01_pseudo.mp4  ...                  0.416325
28  word_h1_01_pseudo.mp4  ...                  0.414700
29  word_h1_01_pseudo.mp4  ...                  0.426799
30  word_h1_01_pseudo.mp4  ...                  0.443016
31  word_h1_01_pseudo.mp4  ...                  0.444983
32  word_h1_01_pseudo.mp4  ...                  0.440836
33  word_h1_01_pseudo.mp4  ...                  0.358195
34  word_h1_01_pseudo.mp4  ...                  0.255710
35  word_h1_01_pseudo.mp4  ...                  0.225919
36  word_h1_01_pseudo.mp4  ...                  0.191954
37  word_h1_01_pseudo.mp4  ...                  0.166766
38  word_h1_01_pseudo.mp4  ...                  0.166189
39  word_h1_01_pseudo.mp4  ...                  0.172646
40  word_h1_01_pseudo.mp4  ...                  0.189421
41  word_h1_01_pseudo.mp4  ...                  0.179078
42  word_h1_01_pseudo.mp4  ...                  0.223424
43  word_h1_01_pseudo.mp4  ...                  0.248653
44  word_h1_01_pseudo.mp4  ...                  0.217302
45  word_h1_01_pseudo.mp4  ...                  0.254297
46  word_h1_01_pseudo.mp4  ...                  0.253924
47  word_h1_01_pseudo.mp4  ...                  0.219385
48  word_h1_01_pseudo.mp4  ...                  0.205231
49  word_h1_01_pseudo.mp4  ...                  0.190930
50  word_h1_01_pseudo.mp4  ...                  0.204107
51  word_h1_01_pseudo.mp4  ...                  0.218768
52  word_h1_01_pseudo.mp4  ...                  0.235930
53  word_h1_01_pseudo.mp4  ...                  0.186925

[54 rows x 30 columns]
csv file with predictions was saved to ../output/predictions_rf_shape_female_cropped_word_h1_01_pseudo.csv
Visualization for: ../stimuli/words/mp4/word_h1_01_pseudo.mp4
32
SYLLABLE ONSETS (IN FRAMES):
[]
MAXIMA (IN FRAMES)
[19 31 48]
Syllable, frame number (mfa), frame number (onset)
