python is /network/lustre/iss02/home/annahita.sarre/anaconda3/envs/myenv/bin/python
Loaded model: ../trained_models/model_rf_position_female_cropped.pkl
Loaded video: ../stimuli/words/mp4/word_h1_02_pseudo.mp4
Extracting coordinates...
                 fn_video frame_number  ...  z_r_hand20  v_r_hand20
0   word_h1_02_pseudo.mp4            5  ...    0.035186         0.0
1   word_h1_02_pseudo.mp4            6  ...    0.039456         0.0
2   word_h1_02_pseudo.mp4            7  ...    0.021354         0.0
3   word_h1_02_pseudo.mp4            8  ...    0.038461         0.0
4   word_h1_02_pseudo.mp4            9  ...    0.034454         0.0
5   word_h1_02_pseudo.mp4           10  ...    0.018085         0.0
6   word_h1_02_pseudo.mp4           11  ...    0.017142         0.0
7   word_h1_02_pseudo.mp4           12  ...    0.016831         0.0
8   word_h1_02_pseudo.mp4           13  ...    0.013444         0.0
9   word_h1_02_pseudo.mp4           14  ...    0.013604         0.0
10  word_h1_02_pseudo.mp4           15  ...    0.012231         0.0
11  word_h1_02_pseudo.mp4           16  ...    0.018703         0.0
12  word_h1_02_pseudo.mp4           17  ...    0.020326         0.0
13  word_h1_02_pseudo.mp4           18  ...    0.025819         0.0
14  word_h1_02_pseudo.mp4           19  ...    0.029140         0.0
15  word_h1_02_pseudo.mp4           20  ...    0.029069         0.0
16  word_h1_02_pseudo.mp4           21  ...    0.041757         0.0
17  word_h1_02_pseudo.mp4           22  ...    0.050451         0.0
18  word_h1_02_pseudo.mp4           23  ...    0.041164         0.0
19  word_h1_02_pseudo.mp4           24  ...    0.023498         0.0
20  word_h1_02_pseudo.mp4           25  ...    0.025751         0.0
21  word_h1_02_pseudo.mp4           26  ...    0.027042         0.0
22  word_h1_02_pseudo.mp4           27  ...    0.026399         0.0
23  word_h1_02_pseudo.mp4           28  ...    0.008192         0.0
24  word_h1_02_pseudo.mp4           29  ...   -0.006235         0.0
25  word_h1_02_pseudo.mp4           30  ...   -0.006064         0.0
26  word_h1_02_pseudo.mp4           31  ...    0.003617         0.0
27  word_h1_02_pseudo.mp4           32  ...    0.000062         0.0
28  word_h1_02_pseudo.mp4           33  ...    0.002280         0.0
29  word_h1_02_pseudo.mp4           34  ...    0.014453         0.0
30  word_h1_02_pseudo.mp4           35  ...    0.008902         0.0
31  word_h1_02_pseudo.mp4           36  ...    0.007140         0.0
32  word_h1_02_pseudo.mp4           37  ...   -0.013397         0.0
33  word_h1_02_pseudo.mp4           38  ...   -0.003198         0.0
34  word_h1_02_pseudo.mp4           39  ...   -0.014084         0.0
35  word_h1_02_pseudo.mp4           40  ...   -0.013711         0.0
36  word_h1_02_pseudo.mp4           41  ...   -0.015138         0.0
37  word_h1_02_pseudo.mp4           42  ...   -0.011731         0.0
38  word_h1_02_pseudo.mp4           43  ...    0.000320         0.0
39  word_h1_02_pseudo.mp4           44  ...    0.019707         0.0
40  word_h1_02_pseudo.mp4           45  ...    0.017249         0.0
41  word_h1_02_pseudo.mp4           46  ...    0.014955         0.0
42  word_h1_02_pseudo.mp4           47  ...    0.012975         0.0
43  word_h1_02_pseudo.mp4           48  ...    0.019049         0.0
44  word_h1_02_pseudo.mp4           49  ...    0.008911         0.0
45  word_h1_02_pseudo.mp4           50  ...    0.013430         0.0
46  word_h1_02_pseudo.mp4           51  ...    0.005289         0.0
47  word_h1_02_pseudo.mp4           52  ...    0.004849         0.0
48  word_h1_02_pseudo.mp4           53  ...    0.013538         0.0
49  word_h1_02_pseudo.mp4           54  ...    0.023181         0.0
50  word_h1_02_pseudo.mp4           55  ...    0.021934         0.0
51  word_h1_02_pseudo.mp4           56  ...    0.014118         0.0
52  word_h1_02_pseudo.mp4           57  ...   -0.003702         0.0
53  word_h1_02_pseudo.mp4           58  ...   -0.001863         0.0
54  word_h1_02_pseudo.mp4           59  ...    0.005488         0.0

[55 rows x 1958 columns]
Extracting features...
Face width computed for normalizaiton 0.16008966344521572
Features saved to: ../output/word_h1_02_pseudo_features.csv
                 fn_video  ... distance_r_hand6_r_hand10
0   word_h1_02_pseudo.mp4  ...                  0.211582
1   word_h1_02_pseudo.mp4  ...                  0.226013
2   word_h1_02_pseudo.mp4  ...                  0.283915
3   word_h1_02_pseudo.mp4  ...                  0.297167
4   word_h1_02_pseudo.mp4  ...                  0.285523
5   word_h1_02_pseudo.mp4  ...                  0.347099
6   word_h1_02_pseudo.mp4  ...                  0.371616
7   word_h1_02_pseudo.mp4  ...                  0.379029
8   word_h1_02_pseudo.mp4  ...                  0.402029
9   word_h1_02_pseudo.mp4  ...                  0.431313
10  word_h1_02_pseudo.mp4  ...                  0.462514
11  word_h1_02_pseudo.mp4  ...                  0.465817
12  word_h1_02_pseudo.mp4  ...                  0.454681
13  word_h1_02_pseudo.mp4  ...                  0.468640
14  word_h1_02_pseudo.mp4  ...                  0.442351
15  word_h1_02_pseudo.mp4  ...                  0.377105
16  word_h1_02_pseudo.mp4  ...                  0.414326
17  word_h1_02_pseudo.mp4  ...                  0.369751
18  word_h1_02_pseudo.mp4  ...                  0.276884
19  word_h1_02_pseudo.mp4  ...                  0.235839
20  word_h1_02_pseudo.mp4  ...                  0.227589
21  word_h1_02_pseudo.mp4  ...                  0.210264
22  word_h1_02_pseudo.mp4  ...                  0.227562
23  word_h1_02_pseudo.mp4  ...                  0.175317
24  word_h1_02_pseudo.mp4  ...                  0.168471
25  word_h1_02_pseudo.mp4  ...                  0.161256
26  word_h1_02_pseudo.mp4  ...                  0.160977
27  word_h1_02_pseudo.mp4  ...                  0.160046
28  word_h1_02_pseudo.mp4  ...                  0.157723
29  word_h1_02_pseudo.mp4  ...                  0.160352
30  word_h1_02_pseudo.mp4  ...                  0.161685
31  word_h1_02_pseudo.mp4  ...                  0.162540
32  word_h1_02_pseudo.mp4  ...                  0.159954
33  word_h1_02_pseudo.mp4  ...                  0.155398
34  word_h1_02_pseudo.mp4  ...                  0.156781
35  word_h1_02_pseudo.mp4  ...                  0.150581
36  word_h1_02_pseudo.mp4  ...                  0.154854
37  word_h1_02_pseudo.mp4  ...                  0.155762
38  word_h1_02_pseudo.mp4  ...                  0.149869
39  word_h1_02_pseudo.mp4  ...                  0.153029
40  word_h1_02_pseudo.mp4  ...                  0.155239
41  word_h1_02_pseudo.mp4  ...                  0.157304
42  word_h1_02_pseudo.mp4  ...                  0.155426
43  word_h1_02_pseudo.mp4  ...                  0.155493
44  word_h1_02_pseudo.mp4  ...                  0.155258
45  word_h1_02_pseudo.mp4  ...                  0.157486
46  word_h1_02_pseudo.mp4  ...                  0.154534
47  word_h1_02_pseudo.mp4  ...                  0.149950
48  word_h1_02_pseudo.mp4  ...                  0.153238
49  word_h1_02_pseudo.mp4  ...                  0.155576
50  word_h1_02_pseudo.mp4  ...                  0.154980
51  word_h1_02_pseudo.mp4  ...                  0.156224
52  word_h1_02_pseudo.mp4  ...                  0.162325
53  word_h1_02_pseudo.mp4  ...                  0.176081
54  word_h1_02_pseudo.mp4  ...                  0.182163

[55 rows x 30 columns]
csv file with predictions was saved to ../output/predictions_rf_position_female_cropped_word_h1_02_pseudo.csv
Loaded model: ../trained_models/model_rf_shape_female_cropped.pkl
Loaded video: ../stimuli/words/mp4/word_h1_02_pseudo.mp4
Extracting coordinates...
                 fn_video frame_number  ...  z_r_hand20  v_r_hand20
0   word_h1_02_pseudo.mp4            5  ...    0.035186         0.0
1   word_h1_02_pseudo.mp4            6  ...    0.039456         0.0
2   word_h1_02_pseudo.mp4            7  ...    0.021354         0.0
3   word_h1_02_pseudo.mp4            8  ...    0.038461         0.0
4   word_h1_02_pseudo.mp4            9  ...    0.034454         0.0
5   word_h1_02_pseudo.mp4           10  ...    0.018085         0.0
6   word_h1_02_pseudo.mp4           11  ...    0.017142         0.0
7   word_h1_02_pseudo.mp4           12  ...    0.016831         0.0
8   word_h1_02_pseudo.mp4           13  ...    0.013444         0.0
9   word_h1_02_pseudo.mp4           14  ...    0.013604         0.0
10  word_h1_02_pseudo.mp4           15  ...    0.012231         0.0
11  word_h1_02_pseudo.mp4           16  ...    0.018703         0.0
12  word_h1_02_pseudo.mp4           17  ...    0.020326         0.0
13  word_h1_02_pseudo.mp4           18  ...    0.025819         0.0
14  word_h1_02_pseudo.mp4           19  ...    0.029140         0.0
15  word_h1_02_pseudo.mp4           20  ...    0.029069         0.0
16  word_h1_02_pseudo.mp4           21  ...    0.041757         0.0
17  word_h1_02_pseudo.mp4           22  ...    0.050451         0.0
18  word_h1_02_pseudo.mp4           23  ...    0.041164         0.0
19  word_h1_02_pseudo.mp4           24  ...    0.023498         0.0
20  word_h1_02_pseudo.mp4           25  ...    0.025751         0.0
21  word_h1_02_pseudo.mp4           26  ...    0.027042         0.0
22  word_h1_02_pseudo.mp4           27  ...    0.026399         0.0
23  word_h1_02_pseudo.mp4           28  ...    0.008192         0.0
24  word_h1_02_pseudo.mp4           29  ...   -0.006235         0.0
25  word_h1_02_pseudo.mp4           30  ...   -0.006064         0.0
26  word_h1_02_pseudo.mp4           31  ...    0.003617         0.0
27  word_h1_02_pseudo.mp4           32  ...    0.000062         0.0
28  word_h1_02_pseudo.mp4           33  ...    0.002280         0.0
29  word_h1_02_pseudo.mp4           34  ...    0.014453         0.0
30  word_h1_02_pseudo.mp4           35  ...    0.008902         0.0
31  word_h1_02_pseudo.mp4           36  ...    0.007140         0.0
32  word_h1_02_pseudo.mp4           37  ...   -0.013397         0.0
33  word_h1_02_pseudo.mp4           38  ...   -0.003198         0.0
34  word_h1_02_pseudo.mp4           39  ...   -0.014084         0.0
35  word_h1_02_pseudo.mp4           40  ...   -0.013711         0.0
36  word_h1_02_pseudo.mp4           41  ...   -0.015138         0.0
37  word_h1_02_pseudo.mp4           42  ...   -0.011731         0.0
38  word_h1_02_pseudo.mp4           43  ...    0.000320         0.0
39  word_h1_02_pseudo.mp4           44  ...    0.019707         0.0
40  word_h1_02_pseudo.mp4           45  ...    0.017249         0.0
41  word_h1_02_pseudo.mp4           46  ...    0.014955         0.0
42  word_h1_02_pseudo.mp4           47  ...    0.012975         0.0
43  word_h1_02_pseudo.mp4           48  ...    0.019049         0.0
44  word_h1_02_pseudo.mp4           49  ...    0.008911         0.0
45  word_h1_02_pseudo.mp4           50  ...    0.013430         0.0
46  word_h1_02_pseudo.mp4           51  ...    0.005289         0.0
47  word_h1_02_pseudo.mp4           52  ...    0.004849         0.0
48  word_h1_02_pseudo.mp4           53  ...    0.013538         0.0
49  word_h1_02_pseudo.mp4           54  ...    0.023181         0.0
50  word_h1_02_pseudo.mp4           55  ...    0.021934         0.0
51  word_h1_02_pseudo.mp4           56  ...    0.014118         0.0
52  word_h1_02_pseudo.mp4           57  ...   -0.003702         0.0
53  word_h1_02_pseudo.mp4           58  ...   -0.001863         0.0
54  word_h1_02_pseudo.mp4           59  ...    0.005488         0.0

[55 rows x 1958 columns]
Extracting features...
Face width computed for normalizaiton 0.16008966344521572
Features saved to: ../output/word_h1_02_pseudo_features.csv
                 fn_video  ... distance_r_hand6_r_hand10
0   word_h1_02_pseudo.mp4  ...                  0.211582
1   word_h1_02_pseudo.mp4  ...                  0.226013
2   word_h1_02_pseudo.mp4  ...                  0.283915
3   word_h1_02_pseudo.mp4  ...                  0.297167
4   word_h1_02_pseudo.mp4  ...                  0.285523
5   word_h1_02_pseudo.mp4  ...                  0.347099
6   word_h1_02_pseudo.mp4  ...                  0.371616
7   word_h1_02_pseudo.mp4  ...                  0.379029
8   word_h1_02_pseudo.mp4  ...                  0.402029
9   word_h1_02_pseudo.mp4  ...                  0.431313
10  word_h1_02_pseudo.mp4  ...                  0.462514
11  word_h1_02_pseudo.mp4  ...                  0.465817
12  word_h1_02_pseudo.mp4  ...                  0.454681
13  word_h1_02_pseudo.mp4  ...                  0.468640
14  word_h1_02_pseudo.mp4  ...                  0.442351
15  word_h1_02_pseudo.mp4  ...                  0.377105
16  word_h1_02_pseudo.mp4  ...                  0.414326
17  word_h1_02_pseudo.mp4  ...                  0.369751
18  word_h1_02_pseudo.mp4  ...                  0.276884
19  word_h1_02_pseudo.mp4  ...                  0.235839
20  word_h1_02_pseudo.mp4  ...                  0.227589
21  word_h1_02_pseudo.mp4  ...                  0.210264
22  word_h1_02_pseudo.mp4  ...                  0.227562
23  word_h1_02_pseudo.mp4  ...                  0.175317
24  word_h1_02_pseudo.mp4  ...                  0.168471
25  word_h1_02_pseudo.mp4  ...                  0.161256
26  word_h1_02_pseudo.mp4  ...                  0.160977
27  word_h1_02_pseudo.mp4  ...                  0.160046
28  word_h1_02_pseudo.mp4  ...                  0.157723
29  word_h1_02_pseudo.mp4  ...                  0.160352
30  word_h1_02_pseudo.mp4  ...                  0.161685
31  word_h1_02_pseudo.mp4  ...                  0.162540
32  word_h1_02_pseudo.mp4  ...                  0.159954
33  word_h1_02_pseudo.mp4  ...                  0.155398
34  word_h1_02_pseudo.mp4  ...                  0.156781
35  word_h1_02_pseudo.mp4  ...                  0.150581
36  word_h1_02_pseudo.mp4  ...                  0.154854
37  word_h1_02_pseudo.mp4  ...                  0.155762
38  word_h1_02_pseudo.mp4  ...                  0.149869
39  word_h1_02_pseudo.mp4  ...                  0.153029
40  word_h1_02_pseudo.mp4  ...                  0.155239
41  word_h1_02_pseudo.mp4  ...                  0.157304
42  word_h1_02_pseudo.mp4  ...                  0.155426
43  word_h1_02_pseudo.mp4  ...                  0.155493
44  word_h1_02_pseudo.mp4  ...                  0.155258
45  word_h1_02_pseudo.mp4  ...                  0.157486
46  word_h1_02_pseudo.mp4  ...                  0.154534
47  word_h1_02_pseudo.mp4  ...                  0.149950
48  word_h1_02_pseudo.mp4  ...                  0.153238
49  word_h1_02_pseudo.mp4  ...                  0.155576
50  word_h1_02_pseudo.mp4  ...                  0.154980
51  word_h1_02_pseudo.mp4  ...                  0.156224
52  word_h1_02_pseudo.mp4  ...                  0.162325
53  word_h1_02_pseudo.mp4  ...                  0.176081
54  word_h1_02_pseudo.mp4  ...                  0.182163

[55 rows x 30 columns]
csv file with predictions was saved to ../output/predictions_rf_shape_female_cropped_word_h1_02_pseudo.csv
Visualization for: ../stimuli/words/mp4/word_h1_02_pseudo.mp4
32
SYLLABLE ONSETS (IN FRAMES):
[]
MAXIMA (IN FRAMES)
[18 34 49]
Syllable, frame number (mfa), frame number (onset)
