python is /network/lustre/iss02/home/annahita.sarre/anaconda3/envs/myenv/bin/python
Loaded model: ../trained_models/model_rf_position_female_cropped.pkl
Loaded video: ../stimuli/words/mp4/word_h2_34.mp4
Extracting coordinates...
          fn_video frame_number   x_face0  ...  y_r_hand20  z_r_hand20  v_r_hand20
0   word_h2_34.mp4            1  0.495919  ...    0.971637    0.024174         0.0
1   word_h2_34.mp4            2  0.497122  ...    0.944905    0.041731         0.0
2   word_h2_34.mp4            3  0.496982  ...    0.925095    0.034319         0.0
3   word_h2_34.mp4            4  0.496839  ...    0.903612    0.019502         0.0
4   word_h2_34.mp4            5  0.496988  ...    0.884712    0.025210         0.0
5   word_h2_34.mp4            6  0.496960  ...    0.879980    0.031092         0.0
6   word_h2_34.mp4            7  0.496809  ...    0.884578    0.028977         0.0
7   word_h2_34.mp4            8  0.497272  ...    0.884878    0.048218         0.0
8   word_h2_34.mp4            9  0.496858  ...    0.885041    0.038006         0.0
9   word_h2_34.mp4           10  0.496913  ...    0.887063    0.042757         0.0
10  word_h2_34.mp4           11  0.497301  ...    0.875039    0.039799         0.0
11  word_h2_34.mp4           12  0.496716  ...    0.868711    0.052838         0.0
12  word_h2_34.mp4           13  0.496797  ...    0.864607    0.048972         0.0
13  word_h2_34.mp4           14  0.495925  ...    0.863434    0.056467         0.0
14  word_h2_34.mp4           15  0.495438  ...    0.864274    0.059063         0.0
15  word_h2_34.mp4           16  0.495112  ...    0.861319    0.053397         0.0
16  word_h2_34.mp4           17  0.495090  ...    0.859766    0.048938         0.0
17  word_h2_34.mp4           18  0.495368  ...    0.863988    0.050515         0.0
18  word_h2_34.mp4           19  0.495399  ...    0.863919    0.045763         0.0
19  word_h2_34.mp4           20  0.495044  ...    0.869125    0.043016         0.0
20  word_h2_34.mp4           21  0.494975  ...    0.867809    0.049019         0.0
21  word_h2_34.mp4           22  0.494734  ...    0.865250    0.025068         0.0
22  word_h2_34.mp4           23  0.494684  ...    0.867657    0.025639         0.0
23  word_h2_34.mp4           24  0.494383  ...    0.870224    0.029569         0.0
24  word_h2_34.mp4           25  0.494089  ...    0.874314    0.038152         0.0
25  word_h2_34.mp4           26  0.493972  ...    0.873348    0.042087         0.0
26  word_h2_34.mp4           27  0.494064  ...    0.870650    0.033987         0.0
27  word_h2_34.mp4           28  0.494149  ...    0.861705    0.019113         0.0
28  word_h2_34.mp4           29  0.494174  ...    0.835941    0.020911         0.0
29  word_h2_34.mp4           30  0.494569  ...    0.825790    0.030779         0.0
30  word_h2_34.mp4           31  0.494193  ...    0.805973    0.017903         0.0
31  word_h2_34.mp4           32  0.493343  ...    0.792776    0.009392         0.0
32  word_h2_34.mp4           33  0.492470  ...    0.792292    0.006594         0.0
33  word_h2_34.mp4           34  0.492356  ...    0.785351    0.001983         0.0
34  word_h2_34.mp4           35  0.491916  ...    0.782965    0.003835         0.0
35  word_h2_34.mp4           36  0.491758  ...    0.781633    0.004456         0.0
36  word_h2_34.mp4           37  0.491428  ...    0.779360    0.012390         0.0
37  word_h2_34.mp4           38  0.491741  ...    0.774284    0.008610         0.0
38  word_h2_34.mp4           39  0.492007  ...    0.765156    0.004530         0.0
39  word_h2_34.mp4           40  0.491547  ...    0.740701    0.006005         0.0
40  word_h2_34.mp4           41  0.491445  ...    0.677403    0.016606         0.0
41  word_h2_34.mp4           42  0.491373  ...    0.635032   -0.014983         0.0
42  word_h2_34.mp4           43  0.490977  ...    0.630466    0.021240         0.0
43  word_h2_34.mp4           44  0.491066  ...    0.628253    0.016955         0.0
44  word_h2_34.mp4           45  0.491208  ...    0.630602   -0.003488         0.0
45  word_h2_34.mp4           46  0.491173  ...    0.633918    0.000899         0.0
46  word_h2_34.mp4           47  0.491121  ...    0.638033    0.004783         0.0
47  word_h2_34.mp4           48  0.491406  ...    0.639668    0.000384         0.0
48  word_h2_34.mp4           49  0.491030  ...    0.644637    0.009412         0.0
49  word_h2_34.mp4           50  0.490900  ...    0.655280    0.017272         0.0
50  word_h2_34.mp4           51  0.491115  ...    0.665255    0.000613         0.0
51  word_h2_34.mp4           52  0.491304  ...    0.667971   -0.015966         0.0
52  word_h2_34.mp4           53  0.491165  ...    0.683213   -0.007447         0.0
53  word_h2_34.mp4           54  0.491021  ...    0.713794    0.014810         0.0
54  word_h2_34.mp4           55  0.490455  ...    0.778690    0.024820         0.0
55  word_h2_34.mp4           56  0.490523  ...    0.811630    0.017697         0.0
56  word_h2_34.mp4           57  0.490285  ...    0.828461    0.019940         0.0
57  word_h2_34.mp4           58  0.490468  ...    0.851597    0.023538         0.0
58  word_h2_34.mp4           59  0.490031  ...    0.874255    0.019812         0.0

[59 rows x 1958 columns]
Extracting features...
Face width computed for normalizaiton 0.16074141920459864
Features saved to: ../output/word_h2_34_features.csv
          fn_video  ... distance_r_hand6_r_hand10
0   word_h2_34.mp4  ...                  0.223812
1   word_h2_34.mp4  ...                  0.212769
2   word_h2_34.mp4  ...                  0.210827
3   word_h2_34.mp4  ...                  0.193498
4   word_h2_34.mp4  ...                  0.199484
5   word_h2_34.mp4  ...                  0.204156
6   word_h2_34.mp4  ...                  0.201017
7   word_h2_34.mp4  ...                  0.173101
8   word_h2_34.mp4  ...                  0.181269
9   word_h2_34.mp4  ...                  0.175214
10  word_h2_34.mp4  ...                  0.163840
11  word_h2_34.mp4  ...                  0.154053
12  word_h2_34.mp4  ...                  0.155038
13  word_h2_34.mp4  ...                  0.150955
14  word_h2_34.mp4  ...                  0.153106
15  word_h2_34.mp4  ...                  0.151847
16  word_h2_34.mp4  ...                  0.156945
17  word_h2_34.mp4  ...                  0.156215
18  word_h2_34.mp4  ...                  0.160597
19  word_h2_34.mp4  ...                  0.168101
20  word_h2_34.mp4  ...                  0.173474
21  word_h2_34.mp4  ...                  0.167601
22  word_h2_34.mp4  ...                  0.174184
23  word_h2_34.mp4  ...                  0.180412
24  word_h2_34.mp4  ...                  0.176782
25  word_h2_34.mp4  ...                  0.185499
26  word_h2_34.mp4  ...                  0.180585
27  word_h2_34.mp4  ...                  0.171397
28  word_h2_34.mp4  ...                  0.193132
29  word_h2_34.mp4  ...                  0.202842
30  word_h2_34.mp4  ...                  0.233693
31  word_h2_34.mp4  ...                  0.311704
32  word_h2_34.mp4  ...                  0.297347
33  word_h2_34.mp4  ...                  0.358106
34  word_h2_34.mp4  ...                  0.378091
35  word_h2_34.mp4  ...                  0.389401
36  word_h2_34.mp4  ...                  0.390633
37  word_h2_34.mp4  ...                  0.382778
38  word_h2_34.mp4  ...                  0.341915
39  word_h2_34.mp4  ...                  0.235509
40  word_h2_34.mp4  ...                  0.200276
41  word_h2_34.mp4  ...                  0.154983
42  word_h2_34.mp4  ...                  0.144513
43  word_h2_34.mp4  ...                  0.142442
44  word_h2_34.mp4  ...                  0.143394
45  word_h2_34.mp4  ...                  0.140389
46  word_h2_34.mp4  ...                  0.140231
47  word_h2_34.mp4  ...                  0.138900
48  word_h2_34.mp4  ...                  0.141324
49  word_h2_34.mp4  ...                  0.146564
50  word_h2_34.mp4  ...                  0.148017
51  word_h2_34.mp4  ...                  0.158918
52  word_h2_34.mp4  ...                  0.170119
53  word_h2_34.mp4  ...                  0.166914
54  word_h2_34.mp4  ...                  0.166806
55  word_h2_34.mp4  ...                  0.184756
56  word_h2_34.mp4  ...                  0.196829
57  word_h2_34.mp4  ...                  0.207456
58  word_h2_34.mp4  ...                  0.215079

[59 rows x 30 columns]
csv file with predictions was saved to ../output/predictions_rf_position_female_cropped_word_h2_34.csv
Loaded model: ../trained_models/model_rf_shape_female_cropped.pkl
Loaded video: ../stimuli/words/mp4/word_h2_34.mp4
Extracting coordinates...
          fn_video frame_number   x_face0  ...  y_r_hand20  z_r_hand20  v_r_hand20
0   word_h2_34.mp4            1  0.495919  ...    0.971637    0.024174         0.0
1   word_h2_34.mp4            2  0.497122  ...    0.944905    0.041731         0.0
2   word_h2_34.mp4            3  0.496982  ...    0.925095    0.034319         0.0
3   word_h2_34.mp4            4  0.496839  ...    0.903612    0.019502         0.0
4   word_h2_34.mp4            5  0.496988  ...    0.884712    0.025210         0.0
5   word_h2_34.mp4            6  0.496960  ...    0.879980    0.031092         0.0
6   word_h2_34.mp4            7  0.496809  ...    0.884578    0.028977         0.0
7   word_h2_34.mp4            8  0.497272  ...    0.884878    0.048218         0.0
8   word_h2_34.mp4            9  0.496858  ...    0.885041    0.038006         0.0
9   word_h2_34.mp4           10  0.496913  ...    0.887063    0.042757         0.0
10  word_h2_34.mp4           11  0.497301  ...    0.875039    0.039799         0.0
11  word_h2_34.mp4           12  0.496716  ...    0.868711    0.052838         0.0
12  word_h2_34.mp4           13  0.496797  ...    0.864607    0.048972         0.0
13  word_h2_34.mp4           14  0.495925  ...    0.863434    0.056467         0.0
14  word_h2_34.mp4           15  0.495438  ...    0.864274    0.059063         0.0
15  word_h2_34.mp4           16  0.495112  ...    0.861319    0.053397         0.0
16  word_h2_34.mp4           17  0.495090  ...    0.859766    0.048938         0.0
17  word_h2_34.mp4           18  0.495368  ...    0.863988    0.050515         0.0
18  word_h2_34.mp4           19  0.495399  ...    0.863919    0.045763         0.0
19  word_h2_34.mp4           20  0.495044  ...    0.869125    0.043016         0.0
20  word_h2_34.mp4           21  0.494975  ...    0.867809    0.049019         0.0
21  word_h2_34.mp4           22  0.494734  ...    0.865250    0.025068         0.0
22  word_h2_34.mp4           23  0.494684  ...    0.867657    0.025639         0.0
23  word_h2_34.mp4           24  0.494383  ...    0.870224    0.029569         0.0
24  word_h2_34.mp4           25  0.494089  ...    0.874314    0.038152         0.0
25  word_h2_34.mp4           26  0.493972  ...    0.873348    0.042087         0.0
26  word_h2_34.mp4           27  0.494064  ...    0.870650    0.033987         0.0
27  word_h2_34.mp4           28  0.494149  ...    0.861705    0.019113         0.0
28  word_h2_34.mp4           29  0.494174  ...    0.835941    0.020911         0.0
29  word_h2_34.mp4           30  0.494569  ...    0.825790    0.030779         0.0
30  word_h2_34.mp4           31  0.494193  ...    0.805973    0.017903         0.0
31  word_h2_34.mp4           32  0.493343  ...    0.792776    0.009392         0.0
32  word_h2_34.mp4           33  0.492470  ...    0.792292    0.006594         0.0
33  word_h2_34.mp4           34  0.492356  ...    0.785351    0.001983         0.0
34  word_h2_34.mp4           35  0.491916  ...    0.782965    0.003835         0.0
35  word_h2_34.mp4           36  0.491758  ...    0.781633    0.004456         0.0
36  word_h2_34.mp4           37  0.491428  ...    0.779360    0.012390         0.0
37  word_h2_34.mp4           38  0.491741  ...    0.774284    0.008610         0.0
38  word_h2_34.mp4           39  0.492007  ...    0.765156    0.004530         0.0
39  word_h2_34.mp4           40  0.491547  ...    0.740701    0.006005         0.0
40  word_h2_34.mp4           41  0.491445  ...    0.677403    0.016606         0.0
41  word_h2_34.mp4           42  0.491373  ...    0.635032   -0.014983         0.0
42  word_h2_34.mp4           43  0.490977  ...    0.630466    0.021240         0.0
43  word_h2_34.mp4           44  0.491066  ...    0.628253    0.016955         0.0
44  word_h2_34.mp4           45  0.491208  ...    0.630602   -0.003488         0.0
45  word_h2_34.mp4           46  0.491173  ...    0.633918    0.000899         0.0
46  word_h2_34.mp4           47  0.491121  ...    0.638033    0.004783         0.0
47  word_h2_34.mp4           48  0.491406  ...    0.639668    0.000384         0.0
48  word_h2_34.mp4           49  0.491030  ...    0.644637    0.009412         0.0
49  word_h2_34.mp4           50  0.490900  ...    0.655280    0.017272         0.0
50  word_h2_34.mp4           51  0.491115  ...    0.665255    0.000613         0.0
51  word_h2_34.mp4           52  0.491304  ...    0.667971   -0.015966         0.0
52  word_h2_34.mp4           53  0.491165  ...    0.683213   -0.007447         0.0
53  word_h2_34.mp4           54  0.491021  ...    0.713794    0.014810         0.0
54  word_h2_34.mp4           55  0.490455  ...    0.778690    0.024820         0.0
55  word_h2_34.mp4           56  0.490523  ...    0.811630    0.017697         0.0
56  word_h2_34.mp4           57  0.490285  ...    0.828461    0.019940         0.0
57  word_h2_34.mp4           58  0.490468  ...    0.851597    0.023538         0.0
58  word_h2_34.mp4           59  0.490031  ...    0.874255    0.019812         0.0

[59 rows x 1958 columns]
Extracting features...
Face width computed for normalizaiton 0.16074141920459864
Features saved to: ../output/word_h2_34_features.csv
          fn_video  ... distance_r_hand6_r_hand10
0   word_h2_34.mp4  ...                  0.223812
1   word_h2_34.mp4  ...                  0.212769
2   word_h2_34.mp4  ...                  0.210827
3   word_h2_34.mp4  ...                  0.193498
4   word_h2_34.mp4  ...                  0.199484
5   word_h2_34.mp4  ...                  0.204156
6   word_h2_34.mp4  ...                  0.201017
7   word_h2_34.mp4  ...                  0.173101
8   word_h2_34.mp4  ...                  0.181269
9   word_h2_34.mp4  ...                  0.175214
10  word_h2_34.mp4  ...                  0.163840
11  word_h2_34.mp4  ...                  0.154053
12  word_h2_34.mp4  ...                  0.155038
13  word_h2_34.mp4  ...                  0.150955
14  word_h2_34.mp4  ...                  0.153106
15  word_h2_34.mp4  ...                  0.151847
16  word_h2_34.mp4  ...                  0.156945
17  word_h2_34.mp4  ...                  0.156215
18  word_h2_34.mp4  ...                  0.160597
19  word_h2_34.mp4  ...                  0.168101
20  word_h2_34.mp4  ...                  0.173474
21  word_h2_34.mp4  ...                  0.167601
22  word_h2_34.mp4  ...                  0.174184
23  word_h2_34.mp4  ...                  0.180412
24  word_h2_34.mp4  ...                  0.176782
25  word_h2_34.mp4  ...                  0.185499
26  word_h2_34.mp4  ...                  0.180585
27  word_h2_34.mp4  ...                  0.171397
28  word_h2_34.mp4  ...                  0.193132
29  word_h2_34.mp4  ...                  0.202842
30  word_h2_34.mp4  ...                  0.233693
31  word_h2_34.mp4  ...                  0.311704
32  word_h2_34.mp4  ...                  0.297347
33  word_h2_34.mp4  ...                  0.358106
34  word_h2_34.mp4  ...                  0.378091
35  word_h2_34.mp4  ...                  0.389401
36  word_h2_34.mp4  ...                  0.390633
37  word_h2_34.mp4  ...                  0.382778
38  word_h2_34.mp4  ...                  0.341915
39  word_h2_34.mp4  ...                  0.235509
40  word_h2_34.mp4  ...                  0.200276
41  word_h2_34.mp4  ...                  0.154983
42  word_h2_34.mp4  ...                  0.144513
43  word_h2_34.mp4  ...                  0.142442
44  word_h2_34.mp4  ...                  0.143394
45  word_h2_34.mp4  ...                  0.140389
46  word_h2_34.mp4  ...                  0.140231
47  word_h2_34.mp4  ...                  0.138900
48  word_h2_34.mp4  ...                  0.141324
49  word_h2_34.mp4  ...                  0.146564
50  word_h2_34.mp4  ...                  0.148017
51  word_h2_34.mp4  ...                  0.158918
52  word_h2_34.mp4  ...                  0.170119
53  word_h2_34.mp4  ...                  0.166914
54  word_h2_34.mp4  ...                  0.166806
55  word_h2_34.mp4  ...                  0.184756
56  word_h2_34.mp4  ...                  0.196829
57  word_h2_34.mp4  ...                  0.207456
58  word_h2_34.mp4  ...                  0.215079

[59 rows x 30 columns]
csv file with predictions was saved to ../output/predictions_rf_shape_female_cropped_word_h2_34.csv
Visualization for: ../stimuli/words/mp4/word_h2_34.mp4
32
SYLLABLE ONSETS (IN FRAMES):
[21 29 34]
MAXIMA (IN FRAMES)
[10 22 38 48]
Syllable, frame number (mfa), frame number (onset)
ky 21 22
l 29 38
t 34 48
!!!!!!!!!!!!!!!!!!!!!!!!!!!!!!!!!!!!!!!!!!!!!!!!!!!!!!!!!!!!!!!!!!!!!!!!!!!!!!!!!!!!!!!!!!!!!!!!!!!!
The video was successfully saved
The marked video was saved to: ../stimuli/words/mp4/word_h2_34.mp4
Figure was save to: ../figures/../stimuli/words/mp4/word_h2_34.mp4.png
