python is /network/lustre/iss02/home/annahita.sarre/anaconda3/envs/myenv/bin/python
Loaded model: ../trained_models/model_rf_position_female_cropped.pkl
Loaded video: ../stimuli/words/mp4/word_h2_32.mp4
Extracting coordinates...
          fn_video frame_number   x_face0  ...  y_r_hand20  z_r_hand20  v_r_hand20
0   word_h2_32.mp4            1  0.504760  ...    0.938153    0.010644         0.0
1   word_h2_32.mp4            2  0.504934  ...    0.897353    0.005805         0.0
2   word_h2_32.mp4            3  0.504975  ...    0.871526    0.013032         0.0
3   word_h2_32.mp4            4  0.504837  ...    0.845741    0.013965         0.0
4   word_h2_32.mp4            5  0.504553  ...    0.806239    0.018543         0.0
..             ...          ...       ...  ...         ...         ...         ...
61  word_h2_32.mp4           62  0.497534  ...    0.599723   -0.019350         0.0
62  word_h2_32.mp4           63  0.497379  ...    0.601162   -0.015617         0.0
63  word_h2_32.mp4           64  0.497509  ...    0.600489   -0.006561         0.0
64  word_h2_32.mp4           65  0.497155  ...    0.605570   -0.014144         0.0
65  word_h2_32.mp4           66  0.497113  ...    0.610487   -0.019455         0.0

[66 rows x 1958 columns]
Extracting features...
Face width computed for normalizaiton 0.1605097610718963
Features saved to: ../output/word_h2_32_features.csv
          fn_video  ... distance_r_hand6_r_hand10
0   word_h2_32.mp4  ...                  0.241418
1   word_h2_32.mp4  ...                  0.229566
2   word_h2_32.mp4  ...                  0.206188
3   word_h2_32.mp4  ...                  0.189931
4   word_h2_32.mp4  ...                  0.184473
..             ...  ...                       ...
61  word_h2_32.mp4  ...                  0.135101
62  word_h2_32.mp4  ...                  0.136909
63  word_h2_32.mp4  ...                  0.138176
64  word_h2_32.mp4  ...                  0.143632
65  word_h2_32.mp4  ...                  0.147569

[66 rows x 30 columns]
csv file with predictions was saved to ../output/predictions_rf_position_female_cropped_word_h2_32.csv
Loaded model: ../trained_models/model_rf_shape_female_cropped.pkl
Loaded video: ../stimuli/words/mp4/word_h2_32.mp4
Extracting coordinates...
          fn_video frame_number   x_face0  ...  y_r_hand20  z_r_hand20  v_r_hand20
0   word_h2_32.mp4            1  0.504760  ...    0.938153    0.010644         0.0
1   word_h2_32.mp4            2  0.504934  ...    0.897353    0.005805         0.0
2   word_h2_32.mp4            3  0.504975  ...    0.871526    0.013032         0.0
3   word_h2_32.mp4            4  0.504837  ...    0.845741    0.013965         0.0
4   word_h2_32.mp4            5  0.504553  ...    0.806239    0.018543         0.0
..             ...          ...       ...  ...         ...         ...         ...
61  word_h2_32.mp4           62  0.497534  ...    0.599723   -0.019350         0.0
62  word_h2_32.mp4           63  0.497379  ...    0.601162   -0.015617         0.0
63  word_h2_32.mp4           64  0.497509  ...    0.600489   -0.006561         0.0
64  word_h2_32.mp4           65  0.497155  ...    0.605570   -0.014144         0.0
65  word_h2_32.mp4           66  0.497113  ...    0.610487   -0.019455         0.0

[66 rows x 1958 columns]
Extracting features...
Face width computed for normalizaiton 0.1605097610718963
Features saved to: ../output/word_h2_32_features.csv
          fn_video  ... distance_r_hand6_r_hand10
0   word_h2_32.mp4  ...                  0.241418
1   word_h2_32.mp4  ...                  0.229566
2   word_h2_32.mp4  ...                  0.206188
3   word_h2_32.mp4  ...                  0.189931
4   word_h2_32.mp4  ...                  0.184473
..             ...  ...                       ...
61  word_h2_32.mp4  ...                  0.135101
62  word_h2_32.mp4  ...                  0.136909
63  word_h2_32.mp4  ...                  0.138176
64  word_h2_32.mp4  ...                  0.143632
65  word_h2_32.mp4  ...                  0.147569

[66 rows x 30 columns]
csv file with predictions was saved to ../output/predictions_rf_shape_female_cropped_word_h2_32.csv
Visualization for: ../stimuli/words/mp4/word_h2_32.mp4
32
SYLLABLE ONSETS (IN FRAMES):
[16 38]
MAXIMA (IN FRAMES)
[22 27 29 36 38 56]
Syllable, frame number (mfa), frame number (onset)
f 16 22
8i 38 38
