python is /network/lustre/iss02/home/annahita.sarre/anaconda3/envs/myenv/bin/python
Loaded model: ../trained_models/model_rf_position_female_cropped.pkl
Loaded video: ../stimuli/words/mp4/word_l2_34.mp4
Extracting coordinates...
          fn_video frame_number   x_face0  ...  y_r_hand20  z_r_hand20  v_r_hand20
0   word_l2_34.mp4            1  0.494605  ...    0.931958    0.024483         0.0
1   word_l2_34.mp4            2  0.495463  ...    0.924871    0.011782         0.0
2   word_l2_34.mp4            3  0.495138  ...    0.915443    0.006439         0.0
3   word_l2_34.mp4            4  0.495356  ...    0.893236    0.028396         0.0
4   word_l2_34.mp4            5  0.495728  ...    0.876275    0.016002         0.0
5   word_l2_34.mp4            6  0.495834  ...    0.861066    0.031427         0.0
6   word_l2_34.mp4            7  0.495818  ...    0.855063    0.030154         0.0
7   word_l2_34.mp4            8  0.495784  ...    0.853993    0.028602         0.0
8   word_l2_34.mp4            9  0.496032  ...    0.842385    0.017403         0.0
9   word_l2_34.mp4           10  0.496115  ...    0.825495    0.016657         0.0
10  word_l2_34.mp4           11  0.496068  ...    0.801544    0.019953         0.0
11  word_l2_34.mp4           12  0.495660  ...    0.788725    0.008172         0.0
12  word_l2_34.mp4           13  0.496021  ...    0.777837    0.007824         0.0
13  word_l2_34.mp4           14  0.495797  ...    0.761756    0.010224         0.0
14  word_l2_34.mp4           15  0.495685  ...    0.751007    0.010139         0.0
15  word_l2_34.mp4           16  0.495491  ...    0.737304    0.011405         0.0
16  word_l2_34.mp4           17  0.495139  ...    0.733282    0.012658         0.0
17  word_l2_34.mp4           18  0.495315  ...    0.726706    0.012601         0.0
18  word_l2_34.mp4           19  0.495003  ...    0.712975    0.011274         0.0
19  word_l2_34.mp4           20  0.494519  ...    0.703803    0.019735         0.0
20  word_l2_34.mp4           21  0.494378  ...    0.640112    0.007598         0.0
21  word_l2_34.mp4           22  0.494801  ...    0.596787    0.001029         0.0
22  word_l2_34.mp4           23  0.494775  ...    0.585445   -0.001049         0.0
23  word_l2_34.mp4           24  0.495088  ...    0.579663   -0.005069         0.0
24  word_l2_34.mp4           25  0.495502  ...    0.576572    0.000901         0.0
25  word_l2_34.mp4           26  0.495528  ...    0.576922   -0.004657         0.0
26  word_l2_34.mp4           27  0.494757  ...    0.574471    0.000894         0.0
27  word_l2_34.mp4           28  0.495136  ...    0.567883   -0.004894         0.0
28  word_l2_34.mp4           29  0.495065  ...    0.567624    0.003229         0.0
29  word_l2_34.mp4           30  0.495619  ...    0.565287   -0.008657         0.0
30  word_l2_34.mp4           31  0.494819  ...    0.562258   -0.022119         0.0
31  word_l2_34.mp4           32  0.494164  ...    0.561537   -0.017669         0.0
32  word_l2_34.mp4           33  0.493951  ...    0.561746   -0.025455         0.0
33  word_l2_34.mp4           34  0.493914  ...    0.559738   -0.019156         0.0
34  word_l2_34.mp4           35  0.493663  ...    0.562417   -0.015103         0.0
35  word_l2_34.mp4           36  0.493058  ...    0.563103   -0.009225         0.0
36  word_l2_34.mp4           37  0.492868  ...    0.562311   -0.013333         0.0
37  word_l2_34.mp4           38  0.493541  ...    0.562597   -0.002184         0.0
38  word_l2_34.mp4           39  0.492714  ...    0.561499   -0.004464         0.0
39  word_l2_34.mp4           40  0.492519  ...    0.561586    0.004439         0.0
40  word_l2_34.mp4           41  0.492280  ...    0.561555    0.007266         0.0
41  word_l2_34.mp4           42  0.491805  ...    0.562092    0.007239         0.0
42  word_l2_34.mp4           43  0.491485  ...    0.562594    0.006424         0.0
43  word_l2_34.mp4           44  0.490993  ...    0.563799    0.005036         0.0
44  word_l2_34.mp4           45  0.491235  ...    0.565835    0.000251         0.0
45  word_l2_34.mp4           46  0.491063  ...    0.566645   -0.009318         0.0
46  word_l2_34.mp4           47  0.490884  ...    0.569045   -0.017952         0.0
47  word_l2_34.mp4           48  0.490509  ...    0.573202   -0.027900         0.0
48  word_l2_34.mp4           49  0.490170  ...    0.583962   -0.030156         0.0
49  word_l2_34.mp4           50  0.489739  ...    0.610596   -0.001651         0.0
50  word_l2_34.mp4           51  0.489644  ...    0.648212   -0.001881         0.0
51  word_l2_34.mp4           52  0.489752  ...    0.674920    0.001355         0.0
52  word_l2_34.mp4           53  0.489479  ...    0.698725    0.003713         0.0
53  word_l2_34.mp4           54  0.488641  ...    0.709404    0.005945         0.0
54  word_l2_34.mp4           55  0.489221  ...    0.716981    0.011663         0.0
55  word_l2_34.mp4           56  0.488705  ...    0.724370    0.009745         0.0

[56 rows x 1958 columns]
Extracting features...
Face width computed for normalizaiton 0.1558254370830771
Features saved to: ../output/word_l2_34_features.csv
          fn_video  ... distance_r_hand6_r_hand10
0   word_l2_34.mp4  ...                  0.234633
1   word_l2_34.mp4  ...                  0.227522
2   word_l2_34.mp4  ...                  0.233425
3   word_l2_34.mp4  ...                  0.221490
4   word_l2_34.mp4  ...                  0.211929
5   word_l2_34.mp4  ...                  0.209767
6   word_l2_34.mp4  ...                  0.248559
7   word_l2_34.mp4  ...                  0.268411
8   word_l2_34.mp4  ...                  0.296706
9   word_l2_34.mp4  ...                  0.354435
10  word_l2_34.mp4  ...                  0.346739
11  word_l2_34.mp4  ...                  0.322101
12  word_l2_34.mp4  ...                  0.315048
13  word_l2_34.mp4  ...                  0.317576
14  word_l2_34.mp4  ...                  0.295332
15  word_l2_34.mp4  ...                  0.266753
16  word_l2_34.mp4  ...                  0.302744
17  word_l2_34.mp4  ...                  0.310019
18  word_l2_34.mp4  ...                  0.269624
19  word_l2_34.mp4  ...                  0.298525
20  word_l2_34.mp4  ...                  0.248609
21  word_l2_34.mp4  ...                  0.175438
22  word_l2_34.mp4  ...                  0.159755
23  word_l2_34.mp4  ...                  0.165977
24  word_l2_34.mp4  ...                  0.180925
25  word_l2_34.mp4  ...                  0.180699
26  word_l2_34.mp4  ...                  0.163692
27  word_l2_34.mp4  ...                  0.151835
28  word_l2_34.mp4  ...                  0.164147
29  word_l2_34.mp4  ...                  0.148254
30  word_l2_34.mp4  ...                  0.135924
31  word_l2_34.mp4  ...                  0.131298
32  word_l2_34.mp4  ...                  0.133606
33  word_l2_34.mp4  ...                  0.136390
34  word_l2_34.mp4  ...                  0.135754
35  word_l2_34.mp4  ...                  0.131974
36  word_l2_34.mp4  ...                  0.131487
37  word_l2_34.mp4  ...                  0.133352
38  word_l2_34.mp4  ...                  0.135421
39  word_l2_34.mp4  ...                  0.135518
40  word_l2_34.mp4  ...                  0.136837
41  word_l2_34.mp4  ...                  0.135103
42  word_l2_34.mp4  ...                  0.137379
43  word_l2_34.mp4  ...                  0.137219
44  word_l2_34.mp4  ...                  0.137494
45  word_l2_34.mp4  ...                  0.140035
46  word_l2_34.mp4  ...                  0.142081
47  word_l2_34.mp4  ...                  0.147518
48  word_l2_34.mp4  ...                  0.158215
49  word_l2_34.mp4  ...                  0.163261
50  word_l2_34.mp4  ...                  0.161668
51  word_l2_34.mp4  ...                  0.171817
52  word_l2_34.mp4  ...                  0.161914
53  word_l2_34.mp4  ...                  0.158686
54  word_l2_34.mp4  ...                  0.156333
55  word_l2_34.mp4  ...                  0.153789

[56 rows x 30 columns]
csv file with predictions was saved to ../output/predictions_rf_position_female_cropped_word_l2_34.csv
Loaded model: ../trained_models/model_rf_shape_female_cropped.pkl
Loaded video: ../stimuli/words/mp4/word_l2_34.mp4
Extracting coordinates...
          fn_video frame_number   x_face0  ...  y_r_hand20  z_r_hand20  v_r_hand20
0   word_l2_34.mp4            1  0.494605  ...    0.931958    0.024483         0.0
1   word_l2_34.mp4            2  0.495463  ...    0.924871    0.011782         0.0
2   word_l2_34.mp4            3  0.495138  ...    0.915443    0.006439         0.0
3   word_l2_34.mp4            4  0.495356  ...    0.893236    0.028396         0.0
4   word_l2_34.mp4            5  0.495728  ...    0.876275    0.016002         0.0
5   word_l2_34.mp4            6  0.495834  ...    0.861066    0.031427         0.0
6   word_l2_34.mp4            7  0.495818  ...    0.855063    0.030154         0.0
7   word_l2_34.mp4            8  0.495784  ...    0.853993    0.028602         0.0
8   word_l2_34.mp4            9  0.496032  ...    0.842385    0.017403         0.0
9   word_l2_34.mp4           10  0.496115  ...    0.825495    0.016657         0.0
10  word_l2_34.mp4           11  0.496068  ...    0.801544    0.019953         0.0
11  word_l2_34.mp4           12  0.495660  ...    0.788725    0.008172         0.0
12  word_l2_34.mp4           13  0.496021  ...    0.777837    0.007824         0.0
13  word_l2_34.mp4           14  0.495797  ...    0.761756    0.010224         0.0
14  word_l2_34.mp4           15  0.495685  ...    0.751007    0.010139         0.0
15  word_l2_34.mp4           16  0.495491  ...    0.737304    0.011405         0.0
16  word_l2_34.mp4           17  0.495139  ...    0.733282    0.012658         0.0
17  word_l2_34.mp4           18  0.495315  ...    0.726706    0.012601         0.0
18  word_l2_34.mp4           19  0.495003  ...    0.712975    0.011274         0.0
19  word_l2_34.mp4           20  0.494519  ...    0.703803    0.019735         0.0
20  word_l2_34.mp4           21  0.494378  ...    0.640112    0.007598         0.0
21  word_l2_34.mp4           22  0.494801  ...    0.596787    0.001029         0.0
22  word_l2_34.mp4           23  0.494775  ...    0.585445   -0.001049         0.0
23  word_l2_34.mp4           24  0.495088  ...    0.579663   -0.005069         0.0
24  word_l2_34.mp4           25  0.495502  ...    0.576572    0.000901         0.0
25  word_l2_34.mp4           26  0.495528  ...    0.576922   -0.004657         0.0
26  word_l2_34.mp4           27  0.494757  ...    0.574471    0.000894         0.0
27  word_l2_34.mp4           28  0.495136  ...    0.567883   -0.004894         0.0
28  word_l2_34.mp4           29  0.495065  ...    0.567624    0.003229         0.0
29  word_l2_34.mp4           30  0.495619  ...    0.565287   -0.008657         0.0
30  word_l2_34.mp4           31  0.494819  ...    0.562258   -0.022119         0.0
31  word_l2_34.mp4           32  0.494164  ...    0.561537   -0.017669         0.0
32  word_l2_34.mp4           33  0.493951  ...    0.561746   -0.025455         0.0
33  word_l2_34.mp4           34  0.493914  ...    0.559738   -0.019156         0.0
34  word_l2_34.mp4           35  0.493663  ...    0.562417   -0.015103         0.0
35  word_l2_34.mp4           36  0.493058  ...    0.563103   -0.009225         0.0
36  word_l2_34.mp4           37  0.492868  ...    0.562311   -0.013333         0.0
37  word_l2_34.mp4           38  0.493541  ...    0.562597   -0.002184         0.0
38  word_l2_34.mp4           39  0.492714  ...    0.561499   -0.004464         0.0
39  word_l2_34.mp4           40  0.492519  ...    0.561586    0.004439         0.0
40  word_l2_34.mp4           41  0.492280  ...    0.561555    0.007266         0.0
41  word_l2_34.mp4           42  0.491805  ...    0.562092    0.007239         0.0
42  word_l2_34.mp4           43  0.491485  ...    0.562594    0.006424         0.0
43  word_l2_34.mp4           44  0.490993  ...    0.563799    0.005036         0.0
44  word_l2_34.mp4           45  0.491235  ...    0.565835    0.000251         0.0
45  word_l2_34.mp4           46  0.491063  ...    0.566645   -0.009318         0.0
46  word_l2_34.mp4           47  0.490884  ...    0.569045   -0.017952         0.0
47  word_l2_34.mp4           48  0.490509  ...    0.573202   -0.027900         0.0
48  word_l2_34.mp4           49  0.490170  ...    0.583962   -0.030156         0.0
49  word_l2_34.mp4           50  0.489739  ...    0.610596   -0.001651         0.0
50  word_l2_34.mp4           51  0.489644  ...    0.648212   -0.001881         0.0
51  word_l2_34.mp4           52  0.489752  ...    0.674920    0.001355         0.0
52  word_l2_34.mp4           53  0.489479  ...    0.698725    0.003713         0.0
53  word_l2_34.mp4           54  0.488641  ...    0.709404    0.005945         0.0
54  word_l2_34.mp4           55  0.489221  ...    0.716981    0.011663         0.0
55  word_l2_34.mp4           56  0.488705  ...    0.724370    0.009745         0.0

[56 rows x 1958 columns]
Extracting features...
Face width computed for normalizaiton 0.1558254370830771
Features saved to: ../output/word_l2_34_features.csv
          fn_video  ... distance_r_hand6_r_hand10
0   word_l2_34.mp4  ...                  0.234633
1   word_l2_34.mp4  ...                  0.227522
2   word_l2_34.mp4  ...                  0.233425
3   word_l2_34.mp4  ...                  0.221490
4   word_l2_34.mp4  ...                  0.211929
5   word_l2_34.mp4  ...                  0.209767
6   word_l2_34.mp4  ...                  0.248559
7   word_l2_34.mp4  ...                  0.268411
8   word_l2_34.mp4  ...                  0.296706
9   word_l2_34.mp4  ...                  0.354435
10  word_l2_34.mp4  ...                  0.346739
11  word_l2_34.mp4  ...                  0.322101
12  word_l2_34.mp4  ...                  0.315048
13  word_l2_34.mp4  ...                  0.317576
14  word_l2_34.mp4  ...                  0.295332
15  word_l2_34.mp4  ...                  0.266753
16  word_l2_34.mp4  ...                  0.302744
17  word_l2_34.mp4  ...                  0.310019
18  word_l2_34.mp4  ...                  0.269624
19  word_l2_34.mp4  ...                  0.298525
20  word_l2_34.mp4  ...                  0.248609
21  word_l2_34.mp4  ...                  0.175438
22  word_l2_34.mp4  ...                  0.159755
23  word_l2_34.mp4  ...                  0.165977
24  word_l2_34.mp4  ...                  0.180925
25  word_l2_34.mp4  ...                  0.180699
26  word_l2_34.mp4  ...                  0.163692
27  word_l2_34.mp4  ...                  0.151835
28  word_l2_34.mp4  ...                  0.164147
29  word_l2_34.mp4  ...                  0.148254
30  word_l2_34.mp4  ...                  0.135924
31  word_l2_34.mp4  ...                  0.131298
32  word_l2_34.mp4  ...                  0.133606
33  word_l2_34.mp4  ...                  0.136390
34  word_l2_34.mp4  ...                  0.135754
35  word_l2_34.mp4  ...                  0.131974
36  word_l2_34.mp4  ...                  0.131487
37  word_l2_34.mp4  ...                  0.133352
38  word_l2_34.mp4  ...                  0.135421
39  word_l2_34.mp4  ...                  0.135518
40  word_l2_34.mp4  ...                  0.136837
41  word_l2_34.mp4  ...                  0.135103
42  word_l2_34.mp4  ...                  0.137379
43  word_l2_34.mp4  ...                  0.137219
44  word_l2_34.mp4  ...                  0.137494
45  word_l2_34.mp4  ...                  0.140035
46  word_l2_34.mp4  ...                  0.142081
47  word_l2_34.mp4  ...                  0.147518
48  word_l2_34.mp4  ...                  0.158215
49  word_l2_34.mp4  ...                  0.163261
50  word_l2_34.mp4  ...                  0.161668
51  word_l2_34.mp4  ...                  0.171817
52  word_l2_34.mp4  ...                  0.161914
53  word_l2_34.mp4  ...                  0.158686
54  word_l2_34.mp4  ...                  0.156333
55  word_l2_34.mp4  ...                  0.153789

[56 rows x 30 columns]
csv file with predictions was saved to ../output/predictions_rf_shape_female_cropped_word_l2_34.csv
Visualization for: ../stimuli/words/mp4/word_l2_34.mp4
32
SYLLABLE ONSETS (IN FRAMES):
[32]
MAXIMA (IN FRAMES)
[26 39 42 44 48 50]
Syllable, frame number (mfa), frame number (onset)
Sa 32 26
