python is /network/lustre/iss02/home/annahita.sarre/anaconda3/envs/myenv/bin/python
Loaded model: ../trained_models/model_rf_position_female_cropped.pkl
Loaded video: ../stimuli/words/mp4/word_h1_37.mp4
Extracting coordinates...
          fn_video frame_number   x_face0  ...  y_r_hand20  z_r_hand20  v_r_hand20
0   word_h1_37.mp4            1  0.499551  ...    0.933228    0.021941         0.0
1   word_h1_37.mp4            2  0.500270  ...    0.900364    0.021917         0.0
2   word_h1_37.mp4            3  0.500259  ...    0.857702    0.016571         0.0
3   word_h1_37.mp4            4  0.500106  ...    0.822340    0.014780         0.0
4   word_h1_37.mp4            5  0.499695  ...    0.794256    0.009960         0.0
..             ...          ...       ...  ...         ...         ...         ...
67  word_h1_37.mp4           68  0.497030  ...    0.789911    0.011966         0.0
68  word_h1_37.mp4           69  0.497290  ...    0.790281    0.014797         0.0
69  word_h1_37.mp4           70  0.497216  ...    0.793178    0.014782         0.0
70  word_h1_37.mp4           71  0.497735  ...    0.795530    0.012747         0.0
71  word_h1_37.mp4           72  0.497574  ...    0.803540    0.015186         0.0

[72 rows x 1958 columns]
Extracting features...
Face width computed for normalizaiton 0.16051978146986765
Features saved to: ../output/word_h1_37_features.csv
          fn_video  ... distance_r_hand6_r_hand10
0   word_h1_37.mp4  ...                  0.233752
1   word_h1_37.mp4  ...                  0.232617
2   word_h1_37.mp4  ...                  0.232206
3   word_h1_37.mp4  ...                  0.230386
4   word_h1_37.mp4  ...                  0.226959
..             ...  ...                       ...
67  word_h1_37.mp4  ...                  0.237397
68  word_h1_37.mp4  ...                  0.243313
69  word_h1_37.mp4  ...                  0.247126
70  word_h1_37.mp4  ...                  0.251093
71  word_h1_37.mp4  ...                  0.244258

[72 rows x 30 columns]
csv file with predictions was saved to ../output/predictions_rf_position_female_cropped_word_h1_37.csv
Loaded model: ../trained_models/model_rf_shape_female_cropped.pkl
Loaded video: ../stimuli/words/mp4/word_h1_37.mp4
Extracting coordinates...
          fn_video frame_number   x_face0  ...  y_r_hand20  z_r_hand20  v_r_hand20
0   word_h1_37.mp4            1  0.499551  ...    0.933228    0.021941         0.0
1   word_h1_37.mp4            2  0.500270  ...    0.900364    0.021917         0.0
2   word_h1_37.mp4            3  0.500259  ...    0.857702    0.016571         0.0
3   word_h1_37.mp4            4  0.500106  ...    0.822340    0.014780         0.0
4   word_h1_37.mp4            5  0.499695  ...    0.794256    0.009960         0.0
..             ...          ...       ...  ...         ...         ...         ...
67  word_h1_37.mp4           68  0.497030  ...    0.789911    0.011966         0.0
68  word_h1_37.mp4           69  0.497290  ...    0.790281    0.014797         0.0
69  word_h1_37.mp4           70  0.497216  ...    0.793178    0.014782         0.0
70  word_h1_37.mp4           71  0.497735  ...    0.795530    0.012747         0.0
71  word_h1_37.mp4           72  0.497574  ...    0.803540    0.015186         0.0

[72 rows x 1958 columns]
Extracting features...
Face width computed for normalizaiton 0.16051978146986765
Features saved to: ../output/word_h1_37_features.csv
          fn_video  ... distance_r_hand6_r_hand10
0   word_h1_37.mp4  ...                  0.233752
1   word_h1_37.mp4  ...                  0.232617
2   word_h1_37.mp4  ...                  0.232206
3   word_h1_37.mp4  ...                  0.230386
4   word_h1_37.mp4  ...                  0.226959
..             ...  ...                       ...
67  word_h1_37.mp4  ...                  0.237397
68  word_h1_37.mp4  ...                  0.243313
69  word_h1_37.mp4  ...                  0.247126
70  word_h1_37.mp4  ...                  0.251093
71  word_h1_37.mp4  ...                  0.244258

[72 rows x 30 columns]
csv file with predictions was saved to ../output/predictions_rf_shape_female_cropped_word_h1_37.csv
Visualization for: ../stimuli/words/mp4/word_h1_37.mp4
32
SYLLABLE ONSETS (IN FRAMES):
[17 34 50]
MAXIMA (IN FRAMES)
[19 27 39 59]
Syllable, frame number (mfa), frame number (onset)
p@ 17 19
dy 34 39
l 50 59
!!!!!!!!!!!!!!!!!!!!!!!!!!!!!!!!!!!!!!!!!!!!!!!!!!!!!!!!!!!!!!!!!!!!!!!!!!!!!!!!!!!!!!!!!!!!!!!!!!!!
The video was successfully saved
The marked video was saved to: ../stimuli/words/mp4/word_h1_37.mp4
Figure was save to: ../figures/../stimuli/words/mp4/word_h1_37.mp4.png
