python is /network/lustre/iss02/home/annahita.sarre/anaconda3/envs/myenv/bin/python
Loaded model: ../trained_models/model_rf_position_female_cropped.pkl
Loaded video: ../stimuli/words/mp4/word_l1_02.mp4
Extracting coordinates...
          fn_video frame_number   x_face0  ...  y_r_hand20  z_r_hand20  v_r_hand20
0   word_l1_02.mp4            1  0.491147  ...    0.980752    0.087303         0.0
1   word_l1_02.mp4            2  0.491943  ...    0.901757    0.078723         0.0
2   word_l1_02.mp4            3  0.491075  ...    0.874486    0.033425         0.0
3   word_l1_02.mp4            4  0.491180  ...    0.850974    0.029555         0.0
4   word_l1_02.mp4            5  0.489700  ...    0.838360    0.028040         0.0
5   word_l1_02.mp4            6  0.489832  ...    0.828709    0.049676         0.0
6   word_l1_02.mp4            7  0.489859  ...    0.809065    0.032802         0.0
7   word_l1_02.mp4            8  0.489925  ...    0.796307    0.028752         0.0
8   word_l1_02.mp4            9  0.490110  ...    0.788067    0.030853         0.0
9   word_l1_02.mp4           10  0.490323  ...    0.782941    0.024625         0.0
10  word_l1_02.mp4           11  0.489551  ...    0.779549    0.021279         0.0
11  word_l1_02.mp4           12  0.489996  ...    0.764120    0.021528         0.0
12  word_l1_02.mp4           13  0.489971  ...    0.750191    0.011489         0.0
13  word_l1_02.mp4           14  0.489710  ...    0.737310    0.012294         0.0
14  word_l1_02.mp4           15  0.489368  ...    0.723582    0.021206         0.0
15  word_l1_02.mp4           16  0.489471  ...    0.712412    0.022259         0.0
16  word_l1_02.mp4           17  0.489422  ...    0.706648    0.020785         0.0
17  word_l1_02.mp4           18  0.489605  ...    0.704752    0.027436         0.0
18  word_l1_02.mp4           19  0.489782  ...    0.705678    0.021262         0.0
19  word_l1_02.mp4           20  0.489921  ...    0.705872    0.016760         0.0
20  word_l1_02.mp4           21  0.490387  ...    0.703959    0.015828         0.0
21  word_l1_02.mp4           22  0.490860  ...    0.706199    0.017109         0.0
22  word_l1_02.mp4           23  0.491115  ...    0.705273    0.021369         0.0
23  word_l1_02.mp4           24  0.491294  ...    0.705428    0.017411         0.0
24  word_l1_02.mp4           25  0.491358  ...    0.703513    0.018165         0.0
25  word_l1_02.mp4           26  0.491337  ...    0.700467    0.017058         0.0
26  word_l1_02.mp4           27  0.491037  ...    0.698388    0.020337         0.0
27  word_l1_02.mp4           28  0.490865  ...    0.689518    0.019002         0.0
28  word_l1_02.mp4           29  0.490679  ...    0.682737    0.014640         0.0
29  word_l1_02.mp4           30  0.491340  ...    0.684549    0.015614         0.0
30  word_l1_02.mp4           31  0.491231  ...    0.688659    0.018740         0.0
31  word_l1_02.mp4           32  0.491331  ...    0.694709    0.019286         0.0
32  word_l1_02.mp4           33  0.491005  ...    0.696712    0.016077         0.0
33  word_l1_02.mp4           34  0.490553  ...    0.699596    0.016378         0.0
34  word_l1_02.mp4           35  0.490546  ...    0.697128    0.015655         0.0
35  word_l1_02.mp4           36  0.490459  ...    0.691475    0.025437         0.0
36  word_l1_02.mp4           37  0.490148  ...    0.690493    0.029549         0.0
37  word_l1_02.mp4           38  0.490047  ...    0.690903    0.030178         0.0
38  word_l1_02.mp4           39  0.490385  ...    0.687714    0.027340         0.0
39  word_l1_02.mp4           40  0.490042  ...    0.688350    0.030685         0.0
40  word_l1_02.mp4           41  0.490284  ...    0.686601    0.026899         0.0
41  word_l1_02.mp4           42  0.490434  ...    0.687983    0.033148         0.0
42  word_l1_02.mp4           43  0.490500  ...    0.690634    0.029291         0.0
43  word_l1_02.mp4           44  0.490740  ...    0.686123    0.032375         0.0
44  word_l1_02.mp4           45  0.490176  ...    0.684434    0.033555         0.0
45  word_l1_02.mp4           46  0.490064  ...    0.687051    0.029734         0.0
46  word_l1_02.mp4           47  0.490052  ...    0.686661    0.030718         0.0
47  word_l1_02.mp4           48  0.489605  ...    0.685246    0.028129         0.0
48  word_l1_02.mp4           49  0.489750  ...    0.685826    0.031675         0.0
49  word_l1_02.mp4           50  0.490117  ...    0.685581    0.034771         0.0
50  word_l1_02.mp4           51  0.490584  ...    0.686250    0.028065         0.0
51  word_l1_02.mp4           52  0.490341  ...    0.689225    0.019795         0.0
52  word_l1_02.mp4           53  0.490567  ...    0.693203    0.013236         0.0
53  word_l1_02.mp4           54  0.490564  ...    0.703159    0.013279         0.0
54  word_l1_02.mp4           55  0.490552  ...    0.713353    0.011492         0.0
55  word_l1_02.mp4           56  0.491340  ...    0.726185    0.013401         0.0
56  word_l1_02.mp4           57  0.491797  ...    0.746459    0.011843         0.0

[57 rows x 1958 columns]
Extracting features...
Face width computed for normalizaiton 0.15673013930374646
Features saved to: ../output/word_l1_02_features.csv
          fn_video  ... distance_r_hand6_r_hand10
0   word_l1_02.mp4  ...                  0.239620
1   word_l1_02.mp4  ...                  0.200055
2   word_l1_02.mp4  ...                  0.221095
3   word_l1_02.mp4  ...                  0.195726
4   word_l1_02.mp4  ...                  0.190746
5   word_l1_02.mp4  ...                  0.186506
6   word_l1_02.mp4  ...                  0.191757
7   word_l1_02.mp4  ...                  0.188701
8   word_l1_02.mp4  ...                  0.175011
9   word_l1_02.mp4  ...                  0.175266
10  word_l1_02.mp4  ...                  0.167206
11  word_l1_02.mp4  ...                  0.154525
12  word_l1_02.mp4  ...                  0.156945
13  word_l1_02.mp4  ...                  0.153409
14  word_l1_02.mp4  ...                  0.157728
15  word_l1_02.mp4  ...                  0.165730
16  word_l1_02.mp4  ...                  0.178212
17  word_l1_02.mp4  ...                  0.198812
18  word_l1_02.mp4  ...                  0.194411
19  word_l1_02.mp4  ...                  0.180199
20  word_l1_02.mp4  ...                  0.167616
21  word_l1_02.mp4  ...                  0.160662
22  word_l1_02.mp4  ...                  0.175460
23  word_l1_02.mp4  ...                  0.168988
24  word_l1_02.mp4  ...                  0.172477
25  word_l1_02.mp4  ...                  0.243774
26  word_l1_02.mp4  ...                  0.276125
27  word_l1_02.mp4  ...                  0.293558
28  word_l1_02.mp4  ...                  0.305105
29  word_l1_02.mp4  ...                  0.317036
30  word_l1_02.mp4  ...                  0.313907
31  word_l1_02.mp4  ...                  0.306253
32  word_l1_02.mp4  ...                  0.286012
33  word_l1_02.mp4  ...                  0.253238
34  word_l1_02.mp4  ...                  0.238644
35  word_l1_02.mp4  ...                  0.235209
36  word_l1_02.mp4  ...                  0.235251
37  word_l1_02.mp4  ...                  0.232405
38  word_l1_02.mp4  ...                  0.224196
39  word_l1_02.mp4  ...                  0.229167
40  word_l1_02.mp4  ...                  0.227996
41  word_l1_02.mp4  ...                  0.231540
42  word_l1_02.mp4  ...                  0.226775
43  word_l1_02.mp4  ...                  0.232974
44  word_l1_02.mp4  ...                  0.232909
45  word_l1_02.mp4  ...                  0.231591
46  word_l1_02.mp4  ...                  0.234439
47  word_l1_02.mp4  ...                  0.234005
48  word_l1_02.mp4  ...                  0.235021
49  word_l1_02.mp4  ...                  0.239266
50  word_l1_02.mp4  ...                  0.231263
51  word_l1_02.mp4  ...                  0.215557
52  word_l1_02.mp4  ...                  0.183987
53  word_l1_02.mp4  ...                  0.171535
54  word_l1_02.mp4  ...                  0.153733
55  word_l1_02.mp4  ...                  0.168114
56  word_l1_02.mp4  ...                  0.187304

[57 rows x 30 columns]
csv file with predictions was saved to ../output/predictions_rf_position_female_cropped_word_l1_02.csv
Loaded model: ../trained_models/model_rf_shape_female_cropped.pkl
Loaded video: ../stimuli/words/mp4/word_l1_02.mp4
Extracting coordinates...
          fn_video frame_number   x_face0  ...  y_r_hand20  z_r_hand20  v_r_hand20
0   word_l1_02.mp4            1  0.491147  ...    0.980752    0.087303         0.0
1   word_l1_02.mp4            2  0.491943  ...    0.901757    0.078723         0.0
2   word_l1_02.mp4            3  0.491075  ...    0.874486    0.033425         0.0
3   word_l1_02.mp4            4  0.491180  ...    0.850974    0.029555         0.0
4   word_l1_02.mp4            5  0.489700  ...    0.838360    0.028040         0.0
5   word_l1_02.mp4            6  0.489832  ...    0.828709    0.049676         0.0
6   word_l1_02.mp4            7  0.489859  ...    0.809065    0.032802         0.0
7   word_l1_02.mp4            8  0.489925  ...    0.796307    0.028752         0.0
8   word_l1_02.mp4            9  0.490110  ...    0.788067    0.030853         0.0
9   word_l1_02.mp4           10  0.490323  ...    0.782941    0.024625         0.0
10  word_l1_02.mp4           11  0.489551  ...    0.779549    0.021279         0.0
11  word_l1_02.mp4           12  0.489996  ...    0.764120    0.021528         0.0
12  word_l1_02.mp4           13  0.489971  ...    0.750191    0.011489         0.0
13  word_l1_02.mp4           14  0.489710  ...    0.737310    0.012294         0.0
14  word_l1_02.mp4           15  0.489368  ...    0.723582    0.021206         0.0
15  word_l1_02.mp4           16  0.489471  ...    0.712412    0.022259         0.0
16  word_l1_02.mp4           17  0.489422  ...    0.706648    0.020785         0.0
17  word_l1_02.mp4           18  0.489605  ...    0.704752    0.027436         0.0
18  word_l1_02.mp4           19  0.489782  ...    0.705678    0.021262         0.0
19  word_l1_02.mp4           20  0.489921  ...    0.705872    0.016760         0.0
20  word_l1_02.mp4           21  0.490387  ...    0.703959    0.015828         0.0
21  word_l1_02.mp4           22  0.490860  ...    0.706199    0.017109         0.0
22  word_l1_02.mp4           23  0.491115  ...    0.705273    0.021369         0.0
23  word_l1_02.mp4           24  0.491294  ...    0.705428    0.017411         0.0
24  word_l1_02.mp4           25  0.491358  ...    0.703513    0.018165         0.0
25  word_l1_02.mp4           26  0.491337  ...    0.700467    0.017058         0.0
26  word_l1_02.mp4           27  0.491037  ...    0.698388    0.020337         0.0
27  word_l1_02.mp4           28  0.490865  ...    0.689518    0.019002         0.0
28  word_l1_02.mp4           29  0.490679  ...    0.682737    0.014640         0.0
29  word_l1_02.mp4           30  0.491340  ...    0.684549    0.015614         0.0
30  word_l1_02.mp4           31  0.491231  ...    0.688659    0.018740         0.0
31  word_l1_02.mp4           32  0.491331  ...    0.694709    0.019286         0.0
32  word_l1_02.mp4           33  0.491005  ...    0.696712    0.016077         0.0
33  word_l1_02.mp4           34  0.490553  ...    0.699596    0.016378         0.0
34  word_l1_02.mp4           35  0.490546  ...    0.697128    0.015655         0.0
35  word_l1_02.mp4           36  0.490459  ...    0.691475    0.025437         0.0
36  word_l1_02.mp4           37  0.490148  ...    0.690493    0.029549         0.0
37  word_l1_02.mp4           38  0.490047  ...    0.690903    0.030178         0.0
38  word_l1_02.mp4           39  0.490385  ...    0.687714    0.027340         0.0
39  word_l1_02.mp4           40  0.490042  ...    0.688350    0.030685         0.0
40  word_l1_02.mp4           41  0.490284  ...    0.686601    0.026899         0.0
41  word_l1_02.mp4           42  0.490434  ...    0.687983    0.033148         0.0
42  word_l1_02.mp4           43  0.490500  ...    0.690634    0.029291         0.0
43  word_l1_02.mp4           44  0.490740  ...    0.686123    0.032375         0.0
44  word_l1_02.mp4           45  0.490176  ...    0.684434    0.033555         0.0
45  word_l1_02.mp4           46  0.490064  ...    0.687051    0.029734         0.0
46  word_l1_02.mp4           47  0.490052  ...    0.686661    0.030718         0.0
47  word_l1_02.mp4           48  0.489605  ...    0.685246    0.028129         0.0
48  word_l1_02.mp4           49  0.489750  ...    0.685826    0.031675         0.0
49  word_l1_02.mp4           50  0.490117  ...    0.685581    0.034771         0.0
50  word_l1_02.mp4           51  0.490584  ...    0.686250    0.028065         0.0
51  word_l1_02.mp4           52  0.490341  ...    0.689225    0.019795         0.0
52  word_l1_02.mp4           53  0.490567  ...    0.693203    0.013236         0.0
53  word_l1_02.mp4           54  0.490564  ...    0.703159    0.013279         0.0
54  word_l1_02.mp4           55  0.490552  ...    0.713353    0.011492         0.0
55  word_l1_02.mp4           56  0.491340  ...    0.726185    0.013401         0.0
56  word_l1_02.mp4           57  0.491797  ...    0.746459    0.011843         0.0

[57 rows x 1958 columns]
Extracting features...
Face width computed for normalizaiton 0.15673013930374646
Features saved to: ../output/word_l1_02_features.csv
          fn_video  ... distance_r_hand6_r_hand10
0   word_l1_02.mp4  ...                  0.239620
1   word_l1_02.mp4  ...                  0.200055
2   word_l1_02.mp4  ...                  0.221095
3   word_l1_02.mp4  ...                  0.195726
4   word_l1_02.mp4  ...                  0.190746
5   word_l1_02.mp4  ...                  0.186506
6   word_l1_02.mp4  ...                  0.191757
7   word_l1_02.mp4  ...                  0.188701
8   word_l1_02.mp4  ...                  0.175011
9   word_l1_02.mp4  ...                  0.175266
10  word_l1_02.mp4  ...                  0.167206
11  word_l1_02.mp4  ...                  0.154525
12  word_l1_02.mp4  ...                  0.156945
13  word_l1_02.mp4  ...                  0.153409
14  word_l1_02.mp4  ...                  0.157728
15  word_l1_02.mp4  ...                  0.165730
16  word_l1_02.mp4  ...                  0.178212
17  word_l1_02.mp4  ...                  0.198812
18  word_l1_02.mp4  ...                  0.194411
19  word_l1_02.mp4  ...                  0.180199
20  word_l1_02.mp4  ...                  0.167616
21  word_l1_02.mp4  ...                  0.160662
22  word_l1_02.mp4  ...                  0.175460
23  word_l1_02.mp4  ...                  0.168988
24  word_l1_02.mp4  ...                  0.172477
25  word_l1_02.mp4  ...                  0.243774
26  word_l1_02.mp4  ...                  0.276125
27  word_l1_02.mp4  ...                  0.293558
28  word_l1_02.mp4  ...                  0.305105
29  word_l1_02.mp4  ...                  0.317036
30  word_l1_02.mp4  ...                  0.313907
31  word_l1_02.mp4  ...                  0.306253
32  word_l1_02.mp4  ...                  0.286012
33  word_l1_02.mp4  ...                  0.253238
34  word_l1_02.mp4  ...                  0.238644
35  word_l1_02.mp4  ...                  0.235209
36  word_l1_02.mp4  ...                  0.235251
37  word_l1_02.mp4  ...                  0.232405
38  word_l1_02.mp4  ...                  0.224196
39  word_l1_02.mp4  ...                  0.229167
40  word_l1_02.mp4  ...                  0.227996
41  word_l1_02.mp4  ...                  0.231540
42  word_l1_02.mp4  ...                  0.226775
43  word_l1_02.mp4  ...                  0.232974
44  word_l1_02.mp4  ...                  0.232909
45  word_l1_02.mp4  ...                  0.231591
46  word_l1_02.mp4  ...                  0.234439
47  word_l1_02.mp4  ...                  0.234005
48  word_l1_02.mp4  ...                  0.235021
49  word_l1_02.mp4  ...                  0.239266
50  word_l1_02.mp4  ...                  0.231263
51  word_l1_02.mp4  ...                  0.215557
52  word_l1_02.mp4  ...                  0.183987
53  word_l1_02.mp4  ...                  0.171535
54  word_l1_02.mp4  ...                  0.153733
55  word_l1_02.mp4  ...                  0.168114
56  word_l1_02.mp4  ...                  0.187304

[57 rows x 30 columns]
csv file with predictions was saved to ../output/predictions_rf_shape_female_cropped_word_l1_02.csv
Visualization for: ../stimuli/words/mp4/word_l1_02.mp4
32
SYLLABLE ONSETS (IN FRAMES):
[15 22 33]
MAXIMA (IN FRAMES)
[19 33 43 49]
Syllable, frame number (mfa), frame number (onset)
ka 15 19
ja 22 33
k 33 43
!!!!!!!!!!!!!!!!!!!!!!!!!!!!!!!!!!!!!!!!!!!!!!!!!!!!!!!!!!!!!!!!!!!!!!!!!!!!!!!!!!!!!!!!!!!!!!!!!!!!
The video was successfully saved
The marked video was saved to: ../stimuli/words/mp4/word_l1_02.mp4
Figure was save to: ../figures/../stimuli/words/mp4/word_l1_02.mp4.png
