python is /network/lustre/iss02/home/annahita.sarre/anaconda3/envs/myenv/bin/python
Loaded model: ../trained_models/model_rf_position_female_cropped.pkl
Loaded video: ../stimuli/words/mp4/word_h1_03_pseudo.mp4
Extracting coordinates...
                 fn_video frame_number  ...  z_r_hand20  v_r_hand20
0   word_h1_03_pseudo.mp4            1  ...    0.028885         0.0
1   word_h1_03_pseudo.mp4            2  ...    0.019306         0.0
2   word_h1_03_pseudo.mp4            3  ...    0.044434         0.0
3   word_h1_03_pseudo.mp4            4  ...    0.041598         0.0
4   word_h1_03_pseudo.mp4            5  ...    0.039802         0.0
..                    ...          ...  ...         ...         ...
64  word_h1_03_pseudo.mp4           65  ...    0.020482         0.0
65  word_h1_03_pseudo.mp4           66  ...    0.016346         0.0
66  word_h1_03_pseudo.mp4           67  ...    0.017308         0.0
67  word_h1_03_pseudo.mp4           68  ...    0.018670         0.0
68  word_h1_03_pseudo.mp4           69  ...    0.023372         0.0

[69 rows x 1958 columns]
Extracting features...
Face width computed for normalizaiton 0.16032725774669648
Features saved to: ../output/word_h1_03_pseudo_features.csv
                 fn_video  ... distance_r_hand6_r_hand10
0   word_h1_03_pseudo.mp4  ...                  0.270278
1   word_h1_03_pseudo.mp4  ...                  0.220500
2   word_h1_03_pseudo.mp4  ...                  0.215061
3   word_h1_03_pseudo.mp4  ...                  0.203974
4   word_h1_03_pseudo.mp4  ...                  0.205455
..                    ...  ...                       ...
64  word_h1_03_pseudo.mp4  ...                  0.198429
65  word_h1_03_pseudo.mp4  ...                  0.202914
66  word_h1_03_pseudo.mp4  ...                  0.184746
67  word_h1_03_pseudo.mp4  ...                  0.196040
68  word_h1_03_pseudo.mp4  ...                  0.221119

[69 rows x 30 columns]
csv file with predictions was saved to ../output/predictions_rf_position_female_cropped_word_h1_03_pseudo.csv
Loaded model: ../trained_models/model_rf_shape_female_cropped.pkl
Loaded video: ../stimuli/words/mp4/word_h1_03_pseudo.mp4
Extracting coordinates...
                 fn_video frame_number  ...  z_r_hand20  v_r_hand20
0   word_h1_03_pseudo.mp4            1  ...    0.028885         0.0
1   word_h1_03_pseudo.mp4            2  ...    0.019306         0.0
2   word_h1_03_pseudo.mp4            3  ...    0.044434         0.0
3   word_h1_03_pseudo.mp4            4  ...    0.041598         0.0
4   word_h1_03_pseudo.mp4            5  ...    0.039802         0.0
..                    ...          ...  ...         ...         ...
64  word_h1_03_pseudo.mp4           65  ...    0.020482         0.0
65  word_h1_03_pseudo.mp4           66  ...    0.016346         0.0
66  word_h1_03_pseudo.mp4           67  ...    0.017308         0.0
67  word_h1_03_pseudo.mp4           68  ...    0.018670         0.0
68  word_h1_03_pseudo.mp4           69  ...    0.023372         0.0

[69 rows x 1958 columns]
Extracting features...
Face width computed for normalizaiton 0.16032725774669648
Features saved to: ../output/word_h1_03_pseudo_features.csv
                 fn_video  ... distance_r_hand6_r_hand10
0   word_h1_03_pseudo.mp4  ...                  0.270278
1   word_h1_03_pseudo.mp4  ...                  0.220500
2   word_h1_03_pseudo.mp4  ...                  0.215061
3   word_h1_03_pseudo.mp4  ...                  0.203974
4   word_h1_03_pseudo.mp4  ...                  0.205455
..                    ...  ...                       ...
64  word_h1_03_pseudo.mp4  ...                  0.198429
65  word_h1_03_pseudo.mp4  ...                  0.202914
66  word_h1_03_pseudo.mp4  ...                  0.184746
67  word_h1_03_pseudo.mp4  ...                  0.196040
68  word_h1_03_pseudo.mp4  ...                  0.221119

[69 rows x 30 columns]
csv file with predictions was saved to ../output/predictions_rf_shape_female_cropped_word_h1_03_pseudo.csv
Visualization for: ../stimuli/words/mp4/word_h1_03_pseudo.mp4
32
SYLLABLE ONSETS (IN FRAMES):
[]
MAXIMA (IN FRAMES)
[15 18 34 50 53]
Syllable, frame number (mfa), frame number (onset)
