python is /network/lustre/iss02/home/annahita.sarre/anaconda3/envs/myenv/bin/python
Loaded model: ../trained_models/model_rf_position_female_cropped.pkl
Loaded video: ../stimuli/words/mp4/word_l2_31.mp4
Extracting coordinates...
          fn_video frame_number   x_face0  ...  y_r_hand20  z_r_hand20  v_r_hand20
0   word_l2_31.mp4           10  0.489874  ...    1.049303    0.041495         0.0
1   word_l2_31.mp4           11  0.489717  ...    0.993734    0.037620         0.0
2   word_l2_31.mp4           12  0.489229  ...    0.971910    0.006098         0.0
3   word_l2_31.mp4           13  0.488953  ...    0.944051    0.010612         0.0
4   word_l2_31.mp4           14  0.488962  ...    0.918467    0.010921         0.0
5   word_l2_31.mp4           15  0.488813  ...    0.889970    0.014810         0.0
6   word_l2_31.mp4           16  0.488733  ...    0.855430    0.004235         0.0
7   word_l2_31.mp4           17  0.488825  ...    0.825378    0.003129         0.0
8   word_l2_31.mp4           18  0.487941  ...    0.787204   -0.003223         0.0
9   word_l2_31.mp4           19  0.488384  ...    0.756622    0.001977         0.0
10  word_l2_31.mp4           20  0.488175  ...    0.731931   -0.004688         0.0
11  word_l2_31.mp4           21  0.488221  ...    0.720132   -0.003479         0.0
12  word_l2_31.mp4           22  0.488354  ...    0.708050    0.000098         0.0
13  word_l2_31.mp4           23  0.488158  ...    0.691704    0.014051         0.0
14  word_l2_31.mp4           24  0.487345  ...    0.646954    0.008189         0.0
15  word_l2_31.mp4           25  0.487716  ...    0.601098   -0.015797         0.0
16  word_l2_31.mp4           26  0.488024  ...    0.588819   -0.021435         0.0
17  word_l2_31.mp4           27  0.489008  ...    0.574645   -0.009658         0.0
18  word_l2_31.mp4           28  0.488699  ...    0.562694   -0.023999         0.0
19  word_l2_31.mp4           29  0.489019  ...    0.560195   -0.017328         0.0
20  word_l2_31.mp4           30  0.488767  ...    0.557834   -0.017482         0.0
21  word_l2_31.mp4           31  0.488800  ...    0.555297   -0.018788         0.0
22  word_l2_31.mp4           32  0.488870  ...    0.553315   -0.019821         0.0
23  word_l2_31.mp4           33  0.488599  ...    0.552998   -0.025055         0.0
24  word_l2_31.mp4           34  0.488474  ...    0.556137   -0.027941         0.0
25  word_l2_31.mp4           35  0.488766  ...    0.553635   -0.021813         0.0
26  word_l2_31.mp4           36  0.488350  ...    0.555131   -0.027862         0.0
27  word_l2_31.mp4           37  0.488564  ...    0.556196   -0.028340         0.0
28  word_l2_31.mp4           38  0.488510  ...    0.556855   -0.029992         0.0
29  word_l2_31.mp4           39  0.488302  ...    0.557271   -0.030022         0.0
30  word_l2_31.mp4           40  0.488405  ...    0.558312   -0.032852         0.0
31  word_l2_31.mp4           41  0.488730  ...    0.558435   -0.028178         0.0
32  word_l2_31.mp4           42  0.488560  ...    0.558794   -0.033594         0.0
33  word_l2_31.mp4           43  0.488296  ...    0.558588   -0.033767         0.0
34  word_l2_31.mp4           44  0.488137  ...    0.561256   -0.033365         0.0
35  word_l2_31.mp4           45  0.488221  ...    0.560865   -0.034268         0.0
36  word_l2_31.mp4           46  0.488554  ...    0.563729   -0.033174         0.0
37  word_l2_31.mp4           47  0.488529  ...    0.570377   -0.037154         0.0
38  word_l2_31.mp4           48  0.488397  ...    0.587999   -0.026828         0.0
39  word_l2_31.mp4           49  0.488657  ...    0.621176   -0.004304         0.0
40  word_l2_31.mp4           50  0.488640  ...    0.644846   -0.002858         0.0
41  word_l2_31.mp4           51  0.488555  ...    0.654750   -0.004541         0.0
42  word_l2_31.mp4           52  0.488710  ...    0.660460   -0.003617         0.0
43  word_l2_31.mp4           53  0.488573  ...    0.705340    0.004094         0.0
44  word_l2_31.mp4           54  0.488847  ...    0.720346    0.005568         0.0
45  word_l2_31.mp4           55  0.488744  ...    0.736680    0.006608         0.0
46  word_l2_31.mp4           56  0.489075  ...    0.749178    0.009765         0.0
47  word_l2_31.mp4           57  0.488696  ...    0.768513    0.012228         0.0
48  word_l2_31.mp4           58  0.489064  ...    0.788888    0.011321         0.0
49  word_l2_31.mp4           59  0.489203  ...    0.808267    0.016130         0.0

[50 rows x 1958 columns]
Extracting features...
Face width computed for normalizaiton 0.15644138155833978
Features saved to: ../output/word_l2_31_features.csv
          fn_video  ... distance_r_hand6_r_hand10
0   word_l2_31.mp4  ...                  0.257786
1   word_l2_31.mp4  ...                  0.245005
2   word_l2_31.mp4  ...                  0.239200
3   word_l2_31.mp4  ...                  0.246855
4   word_l2_31.mp4  ...                  0.250399
5   word_l2_31.mp4  ...                  0.265695
6   word_l2_31.mp4  ...                  0.337440
7   word_l2_31.mp4  ...                  0.409330
8   word_l2_31.mp4  ...                  0.406500
9   word_l2_31.mp4  ...                  0.364539
10  word_l2_31.mp4  ...                  0.401595
11  word_l2_31.mp4  ...                  0.352027
12  word_l2_31.mp4  ...                  0.320598
13  word_l2_31.mp4  ...                  0.307641
14  word_l2_31.mp4  ...                  0.280149
15  word_l2_31.mp4  ...                  0.244157
16  word_l2_31.mp4  ...                  0.180084
17  word_l2_31.mp4  ...                  0.161196
18  word_l2_31.mp4  ...                  0.211690
19  word_l2_31.mp4  ...                  0.211795
20  word_l2_31.mp4  ...                  0.220605
21  word_l2_31.mp4  ...                  0.194909
22  word_l2_31.mp4  ...                  0.165548
23  word_l2_31.mp4  ...                  0.153256
24  word_l2_31.mp4  ...                  0.131844
25  word_l2_31.mp4  ...                  0.135425
26  word_l2_31.mp4  ...                  0.137935
27  word_l2_31.mp4  ...                  0.139270
28  word_l2_31.mp4  ...                  0.139193
29  word_l2_31.mp4  ...                  0.137329
30  word_l2_31.mp4  ...                  0.135869
31  word_l2_31.mp4  ...                  0.140073
32  word_l2_31.mp4  ...                  0.138766
33  word_l2_31.mp4  ...                  0.138353
34  word_l2_31.mp4  ...                  0.138934
35  word_l2_31.mp4  ...                  0.140439
36  word_l2_31.mp4  ...                  0.145468
37  word_l2_31.mp4  ...                  0.151627
38  word_l2_31.mp4  ...                  0.147329
39  word_l2_31.mp4  ...                  0.168637
40  word_l2_31.mp4  ...                  0.175214
41  word_l2_31.mp4  ...                  0.160141
42  word_l2_31.mp4  ...                  0.167345
43  word_l2_31.mp4  ...                  0.174554
44  word_l2_31.mp4  ...                  0.166092
45  word_l2_31.mp4  ...                  0.168041
46  word_l2_31.mp4  ...                  0.176999
47  word_l2_31.mp4  ...                  0.188812
48  word_l2_31.mp4  ...                  0.194956
49  word_l2_31.mp4  ...                  0.188272

[50 rows x 30 columns]
csv file with predictions was saved to ../output/predictions_rf_position_female_cropped_word_l2_31.csv
Loaded model: ../trained_models/model_rf_shape_female_cropped.pkl
Loaded video: ../stimuli/words/mp4/word_l2_31.mp4
Extracting coordinates...
          fn_video frame_number   x_face0  ...  y_r_hand20  z_r_hand20  v_r_hand20
0   word_l2_31.mp4           10  0.489874  ...    1.049303    0.041495         0.0
1   word_l2_31.mp4           11  0.489717  ...    0.993734    0.037620         0.0
2   word_l2_31.mp4           12  0.489229  ...    0.971910    0.006098         0.0
3   word_l2_31.mp4           13  0.488953  ...    0.944051    0.010612         0.0
4   word_l2_31.mp4           14  0.488962  ...    0.918467    0.010921         0.0
5   word_l2_31.mp4           15  0.488813  ...    0.889970    0.014810         0.0
6   word_l2_31.mp4           16  0.488733  ...    0.855430    0.004235         0.0
7   word_l2_31.mp4           17  0.488825  ...    0.825378    0.003129         0.0
8   word_l2_31.mp4           18  0.487941  ...    0.787204   -0.003223         0.0
9   word_l2_31.mp4           19  0.488384  ...    0.756622    0.001977         0.0
10  word_l2_31.mp4           20  0.488175  ...    0.731931   -0.004688         0.0
11  word_l2_31.mp4           21  0.488221  ...    0.720132   -0.003479         0.0
12  word_l2_31.mp4           22  0.488354  ...    0.708050    0.000098         0.0
13  word_l2_31.mp4           23  0.488158  ...    0.691704    0.014051         0.0
14  word_l2_31.mp4           24  0.487345  ...    0.646954    0.008189         0.0
15  word_l2_31.mp4           25  0.487716  ...    0.601098   -0.015797         0.0
16  word_l2_31.mp4           26  0.488024  ...    0.588819   -0.021435         0.0
17  word_l2_31.mp4           27  0.489008  ...    0.574645   -0.009658         0.0
18  word_l2_31.mp4           28  0.488699  ...    0.562694   -0.023999         0.0
19  word_l2_31.mp4           29  0.489019  ...    0.560195   -0.017328         0.0
20  word_l2_31.mp4           30  0.488767  ...    0.557834   -0.017482         0.0
21  word_l2_31.mp4           31  0.488800  ...    0.555297   -0.018788         0.0
22  word_l2_31.mp4           32  0.488870  ...    0.553315   -0.019821         0.0
23  word_l2_31.mp4           33  0.488599  ...    0.552998   -0.025055         0.0
24  word_l2_31.mp4           34  0.488474  ...    0.556137   -0.027941         0.0
25  word_l2_31.mp4           35  0.488766  ...    0.553635   -0.021813         0.0
26  word_l2_31.mp4           36  0.488350  ...    0.555131   -0.027862         0.0
27  word_l2_31.mp4           37  0.488564  ...    0.556196   -0.028340         0.0
28  word_l2_31.mp4           38  0.488510  ...    0.556855   -0.029992         0.0
29  word_l2_31.mp4           39  0.488302  ...    0.557271   -0.030022         0.0
30  word_l2_31.mp4           40  0.488405  ...    0.558312   -0.032852         0.0
31  word_l2_31.mp4           41  0.488730  ...    0.558435   -0.028178         0.0
32  word_l2_31.mp4           42  0.488560  ...    0.558794   -0.033594         0.0
33  word_l2_31.mp4           43  0.488296  ...    0.558588   -0.033767         0.0
34  word_l2_31.mp4           44  0.488137  ...    0.561256   -0.033365         0.0
35  word_l2_31.mp4           45  0.488221  ...    0.560865   -0.034268         0.0
36  word_l2_31.mp4           46  0.488554  ...    0.563729   -0.033174         0.0
37  word_l2_31.mp4           47  0.488529  ...    0.570377   -0.037154         0.0
38  word_l2_31.mp4           48  0.488397  ...    0.587999   -0.026828         0.0
39  word_l2_31.mp4           49  0.488657  ...    0.621176   -0.004304         0.0
40  word_l2_31.mp4           50  0.488640  ...    0.644846   -0.002858         0.0
41  word_l2_31.mp4           51  0.488555  ...    0.654750   -0.004541         0.0
42  word_l2_31.mp4           52  0.488710  ...    0.660460   -0.003617         0.0
43  word_l2_31.mp4           53  0.488573  ...    0.705340    0.004094         0.0
44  word_l2_31.mp4           54  0.488847  ...    0.720346    0.005568         0.0
45  word_l2_31.mp4           55  0.488744  ...    0.736680    0.006608         0.0
46  word_l2_31.mp4           56  0.489075  ...    0.749178    0.009765         0.0
47  word_l2_31.mp4           57  0.488696  ...    0.768513    0.012228         0.0
48  word_l2_31.mp4           58  0.489064  ...    0.788888    0.011321         0.0
49  word_l2_31.mp4           59  0.489203  ...    0.808267    0.016130         0.0

[50 rows x 1958 columns]
Extracting features...
Face width computed for normalizaiton 0.15644138155833978
Features saved to: ../output/word_l2_31_features.csv
          fn_video  ... distance_r_hand6_r_hand10
0   word_l2_31.mp4  ...                  0.257786
1   word_l2_31.mp4  ...                  0.245005
2   word_l2_31.mp4  ...                  0.239200
3   word_l2_31.mp4  ...                  0.246855
4   word_l2_31.mp4  ...                  0.250399
5   word_l2_31.mp4  ...                  0.265695
6   word_l2_31.mp4  ...                  0.337440
7   word_l2_31.mp4  ...                  0.409330
8   word_l2_31.mp4  ...                  0.406500
9   word_l2_31.mp4  ...                  0.364539
10  word_l2_31.mp4  ...                  0.401595
11  word_l2_31.mp4  ...                  0.352027
12  word_l2_31.mp4  ...                  0.320598
13  word_l2_31.mp4  ...                  0.307641
14  word_l2_31.mp4  ...                  0.280149
15  word_l2_31.mp4  ...                  0.244157
16  word_l2_31.mp4  ...                  0.180084
17  word_l2_31.mp4  ...                  0.161196
18  word_l2_31.mp4  ...                  0.211690
19  word_l2_31.mp4  ...                  0.211795
20  word_l2_31.mp4  ...                  0.220605
21  word_l2_31.mp4  ...                  0.194909
22  word_l2_31.mp4  ...                  0.165548
23  word_l2_31.mp4  ...                  0.153256
24  word_l2_31.mp4  ...                  0.131844
25  word_l2_31.mp4  ...                  0.135425
26  word_l2_31.mp4  ...                  0.137935
27  word_l2_31.mp4  ...                  0.139270
28  word_l2_31.mp4  ...                  0.139193
29  word_l2_31.mp4  ...                  0.137329
30  word_l2_31.mp4  ...                  0.135869
31  word_l2_31.mp4  ...                  0.140073
32  word_l2_31.mp4  ...                  0.138766
33  word_l2_31.mp4  ...                  0.138353
34  word_l2_31.mp4  ...                  0.138934
35  word_l2_31.mp4  ...                  0.140439
36  word_l2_31.mp4  ...                  0.145468
37  word_l2_31.mp4  ...                  0.151627
38  word_l2_31.mp4  ...                  0.147329
39  word_l2_31.mp4  ...                  0.168637
40  word_l2_31.mp4  ...                  0.175214
41  word_l2_31.mp4  ...                  0.160141
42  word_l2_31.mp4  ...                  0.167345
43  word_l2_31.mp4  ...                  0.174554
44  word_l2_31.mp4  ...                  0.166092
45  word_l2_31.mp4  ...                  0.168041
46  word_l2_31.mp4  ...                  0.176999
47  word_l2_31.mp4  ...                  0.188812
48  word_l2_31.mp4  ...                  0.194956
49  word_l2_31.mp4  ...                  0.188272

[50 rows x 30 columns]
csv file with predictions was saved to ../output/predictions_rf_shape_female_cropped_word_l2_31.csv
Visualization for: ../stimuli/words/mp4/word_l2_31.mp4
32
SYLLABLE ONSETS (IN FRAMES):
[19 20 32]
MAXIMA (IN FRAMES)
[31 41]
