python is /network/lustre/iss02/home/annahita.sarre/anaconda3/envs/myenv/bin/python
Loaded model: ../trained_models/model_rf_position_female_cropped.pkl
Loaded video: ../stimuli/words/mp4/word_h1_14.mp4
Extracting coordinates...
          fn_video frame_number   x_face0  ...  y_r_hand20  z_r_hand20  v_r_hand20
0   word_h1_14.mp4            7  0.501713  ...    1.004251    0.038993         0.0
1   word_h1_14.mp4            8  0.501733  ...    0.981757    0.017497         0.0
2   word_h1_14.mp4            9  0.501822  ...    0.942862    0.015548         0.0
3   word_h1_14.mp4           10  0.502014  ...    0.917880    0.013841         0.0
4   word_h1_14.mp4           11  0.501917  ...    0.885911    0.016510         0.0
..             ...          ...       ...  ...         ...         ...         ...
75  word_h1_14.mp4           82  0.501477  ...    0.756389    0.023803         0.0
76  word_h1_14.mp4           83  0.501808  ...    0.776389    0.023500         0.0
77  word_h1_14.mp4           84  0.502050  ...    0.789759    0.015946         0.0
78  word_h1_14.mp4           85  0.501696  ...    0.799474    0.019775         0.0
79  word_h1_14.mp4           86  0.502205  ...    0.838806    0.019808         0.0

[80 rows x 1958 columns]
Extracting features...
Face width computed for normalizaiton 0.16203980977455132
Features saved to: ../output/word_h1_14_features.csv
          fn_video  ... distance_r_hand6_r_hand10
0   word_h1_14.mp4  ...                  0.196261
1   word_h1_14.mp4  ...                  0.240319
2   word_h1_14.mp4  ...                  0.228323
3   word_h1_14.mp4  ...                  0.229615
4   word_h1_14.mp4  ...                  0.207568
..             ...  ...                       ...
75  word_h1_14.mp4  ...                  0.242459
76  word_h1_14.mp4  ...                  0.207182
77  word_h1_14.mp4  ...                  0.224256
78  word_h1_14.mp4  ...                  0.229277
79  word_h1_14.mp4  ...                  0.233824

[80 rows x 30 columns]
csv file with predictions was saved to ../output/predictions_rf_position_female_cropped_word_h1_14.csv
Loaded model: ../trained_models/model_rf_shape_female_cropped.pkl
Loaded video: ../stimuli/words/mp4/word_h1_14.mp4
Extracting coordinates...
          fn_video frame_number   x_face0  ...  y_r_hand20  z_r_hand20  v_r_hand20
0   word_h1_14.mp4            7  0.501713  ...    1.004251    0.038993         0.0
1   word_h1_14.mp4            8  0.501733  ...    0.981757    0.017497         0.0
2   word_h1_14.mp4            9  0.501822  ...    0.942862    0.015548         0.0
3   word_h1_14.mp4           10  0.502014  ...    0.917880    0.013841         0.0
4   word_h1_14.mp4           11  0.501917  ...    0.885911    0.016510         0.0
..             ...          ...       ...  ...         ...         ...         ...
75  word_h1_14.mp4           82  0.501477  ...    0.756389    0.023803         0.0
76  word_h1_14.mp4           83  0.501808  ...    0.776389    0.023500         0.0
77  word_h1_14.mp4           84  0.502050  ...    0.789759    0.015946         0.0
78  word_h1_14.mp4           85  0.501696  ...    0.799474    0.019775         0.0
79  word_h1_14.mp4           86  0.502205  ...    0.838806    0.019808         0.0

[80 rows x 1958 columns]
Extracting features...
Face width computed for normalizaiton 0.16203980977455132
Features saved to: ../output/word_h1_14_features.csv
          fn_video  ... distance_r_hand6_r_hand10
0   word_h1_14.mp4  ...                  0.196261
1   word_h1_14.mp4  ...                  0.240319
2   word_h1_14.mp4  ...                  0.228323
3   word_h1_14.mp4  ...                  0.229615
4   word_h1_14.mp4  ...                  0.207568
..             ...  ...                       ...
75  word_h1_14.mp4  ...                  0.242459
76  word_h1_14.mp4  ...                  0.207182
77  word_h1_14.mp4  ...                  0.224256
78  word_h1_14.mp4  ...                  0.229277
79  word_h1_14.mp4  ...                  0.233824

[80 rows x 30 columns]
csv file with predictions was saved to ../output/predictions_rf_shape_female_cropped_word_h1_14.csv
Visualization for: ../stimuli/words/mp4/word_h1_14.mp4
32
SYLLABLE ONSETS (IN FRAMES):
[25 44]
MAXIMA (IN FRAMES)
[23 45 69 74]
Syllable, frame number (mfa), frame number (onset)
k 25 23
Re 44 45
