python is /network/lustre/iss02/home/annahita.sarre/anaconda3/envs/myenv/bin/python
Loaded model: ../trained_models/model_rf_position_female_cropped.pkl
Loaded video: ../stimuli/words/mp4/word_l1_08.mp4
Extracting coordinates...
          fn_video frame_number   x_face0  ...  y_r_hand20  z_r_hand20  v_r_hand20
0   word_l1_08.mp4           10  0.491279  ...    1.024564    0.035229         0.0
1   word_l1_08.mp4           11  0.491119  ...    0.967083    0.014481         0.0
2   word_l1_08.mp4           12  0.490845  ...    0.931072    0.018814         0.0
3   word_l1_08.mp4           13  0.490756  ...    0.885545    0.011144         0.0
4   word_l1_08.mp4           14  0.490528  ...    0.842757    0.020551         0.0
5   word_l1_08.mp4           15  0.490172  ...    0.804532    0.014956         0.0
6   word_l1_08.mp4           16  0.489862  ...    0.765390    0.020169         0.0
7   word_l1_08.mp4           17  0.489353  ...    0.742827    0.011461         0.0
8   word_l1_08.mp4           18  0.489281  ...    0.714182    0.011200         0.0
9   word_l1_08.mp4           19  0.488796  ...    0.692708    0.008337         0.0
10  word_l1_08.mp4           20  0.488628  ...    0.677594    0.019783         0.0
11  word_l1_08.mp4           21  0.488408  ...    0.664892    0.018727         0.0
12  word_l1_08.mp4           22  0.488674  ...    0.648776    0.009924         0.0
13  word_l1_08.mp4           23  0.488907  ...    0.624277   -0.001007         0.0
14  word_l1_08.mp4           24  0.489989  ...    0.617418   -0.016059         0.0
15  word_l1_08.mp4           25  0.490159  ...    0.618291   -0.023559         0.0
16  word_l1_08.mp4           26  0.491116  ...    0.638684   -0.004305         0.0
17  word_l1_08.mp4           27  0.491517  ...    0.665121   -0.001937         0.0
18  word_l1_08.mp4           28  0.492374  ...    0.688754    0.007256         0.0
19  word_l1_08.mp4           29  0.492248  ...    0.715900    0.024215         0.0
20  word_l1_08.mp4           30  0.492898  ...    0.746726    0.036394         0.0
21  word_l1_08.mp4           31  0.493237  ...    0.773299    0.041748         0.0
22  word_l1_08.mp4           32  0.493409  ...    0.785436    0.067613         0.0
23  word_l1_08.mp4           33  0.493766  ...    0.803259    0.093366         0.0
24  word_l1_08.mp4           34  0.493723  ...    0.801893    0.090475         0.0
25  word_l1_08.mp4           35  0.493760  ...    0.789743    0.096298         0.0
26  word_l1_08.mp4           36  0.493457  ...    0.779768    0.064426         0.0
27  word_l1_08.mp4           37  0.492862  ...    0.746988    0.031506         0.0
28  word_l1_08.mp4           38  0.492935  ...    0.714617    0.020562         0.0
29  word_l1_08.mp4           39  0.492690  ...    0.672787    0.015233         0.0
30  word_l1_08.mp4           40  0.492712  ...    0.630130    0.005055         0.0
31  word_l1_08.mp4           41  0.492706  ...    0.609085    0.007633         0.0
32  word_l1_08.mp4           42  0.492627  ...    0.591615    0.010325         0.0
33  word_l1_08.mp4           43  0.492460  ...    0.578708    0.026292         0.0
34  word_l1_08.mp4           44  0.492692  ...    0.573295    0.031621         0.0
35  word_l1_08.mp4           45  0.493262  ...    0.570551    0.018485         0.0
36  word_l1_08.mp4           46  0.492735  ...    0.572354    0.012614         0.0
37  word_l1_08.mp4           47  0.492484  ...    0.573283    0.008971         0.0
38  word_l1_08.mp4           48  0.492246  ...    0.579806    0.012993         0.0
39  word_l1_08.mp4           49  0.491452  ...    0.587040    0.011616         0.0
40  word_l1_08.mp4           50  0.491075  ...    0.590129    0.016010         0.0
41  word_l1_08.mp4           51  0.490750  ...    0.596209    0.012827         0.0
42  word_l1_08.mp4           52  0.490146  ...    0.599354    0.004370         0.0
43  word_l1_08.mp4           53  0.489969  ...    0.604881    0.005765         0.0
44  word_l1_08.mp4           54  0.489137  ...    0.620012    0.005789         0.0
45  word_l1_08.mp4           55  0.488504  ...    0.623086   -0.001096         0.0
46  word_l1_08.mp4           56  0.487997  ...    0.648939    0.000511         0.0
47  word_l1_08.mp4           57  0.488130  ...    0.712134    0.005460         0.0
48  word_l1_08.mp4           58  0.488169  ...    0.755479    0.009991         0.0
49  word_l1_08.mp4           59  0.488680  ...    0.787095    0.008791         0.0
50  word_l1_08.mp4           60  0.489232  ...    0.812409    0.014552         0.0
51  word_l1_08.mp4           61  0.490141  ...    0.846029    0.016939         0.0
52  word_l1_08.mp4           62  0.489987  ...    0.876182    0.022362         0.0
53  word_l1_08.mp4           63  0.489999  ...    0.904432    0.027073         0.0

[54 rows x 1958 columns]
Extracting features...
Face width computed for normalizaiton 0.15682151956816634
Features saved to: ../output/word_l1_08_features.csv
          fn_video  ... distance_r_hand6_r_hand10
0   word_l1_08.mp4  ...                  0.189468
1   word_l1_08.mp4  ...                  0.227383
2   word_l1_08.mp4  ...                  0.227181
3   word_l1_08.mp4  ...                  0.153785
4   word_l1_08.mp4  ...                  0.121204
5   word_l1_08.mp4  ...                  0.133017
6   word_l1_08.mp4  ...                  0.150798
7   word_l1_08.mp4  ...                  0.146784
8   word_l1_08.mp4  ...                  0.145200
9   word_l1_08.mp4  ...                  0.154358
10  word_l1_08.mp4  ...                  0.183478
11  word_l1_08.mp4  ...                  0.193267
12  word_l1_08.mp4  ...                  0.175786
13  word_l1_08.mp4  ...                  0.164889
14  word_l1_08.mp4  ...                  0.170742
15  word_l1_08.mp4  ...                  0.148433
16  word_l1_08.mp4  ...                  0.180154
17  word_l1_08.mp4  ...                  0.172464
18  word_l1_08.mp4  ...                  0.166955
19  word_l1_08.mp4  ...                  0.179663
20  word_l1_08.mp4  ...                  0.189684
21  word_l1_08.mp4  ...                  0.189189
22  word_l1_08.mp4  ...                  0.195130
23  word_l1_08.mp4  ...                  0.176558
24  word_l1_08.mp4  ...                  0.175325
25  word_l1_08.mp4  ...                  0.173917
26  word_l1_08.mp4  ...                  0.189547
27  word_l1_08.mp4  ...                  0.176476
28  word_l1_08.mp4  ...                  0.159260
29  word_l1_08.mp4  ...                  0.135015
30  word_l1_08.mp4  ...                  0.138629
31  word_l1_08.mp4  ...                  0.144913
32  word_l1_08.mp4  ...                  0.164640
33  word_l1_08.mp4  ...                  0.198903
34  word_l1_08.mp4  ...                  0.223873
35  word_l1_08.mp4  ...                  0.259075
36  word_l1_08.mp4  ...                  0.233950
37  word_l1_08.mp4  ...                  0.221635
38  word_l1_08.mp4  ...                  0.223345
39  word_l1_08.mp4  ...                  0.226939
40  word_l1_08.mp4  ...                  0.238782
41  word_l1_08.mp4  ...                  0.220458
42  word_l1_08.mp4  ...                  0.208875
43  word_l1_08.mp4  ...                  0.247699
44  word_l1_08.mp4  ...                  0.189852
45  word_l1_08.mp4  ...                  0.157519
46  word_l1_08.mp4  ...                  0.173597
47  word_l1_08.mp4  ...                  0.194390
48  word_l1_08.mp4  ...                  0.177749
49  word_l1_08.mp4  ...                  0.186462
50  word_l1_08.mp4  ...                  0.169021
51  word_l1_08.mp4  ...                  0.172428
52  word_l1_08.mp4  ...                  0.187861
53  word_l1_08.mp4  ...                  0.202005

[54 rows x 30 columns]
csv file with predictions was saved to ../output/predictions_rf_position_female_cropped_word_l1_08.csv
Loaded model: ../trained_models/model_rf_shape_female_cropped.pkl
Loaded video: ../stimuli/words/mp4/word_l1_08.mp4
Extracting coordinates...
          fn_video frame_number   x_face0  ...  y_r_hand20  z_r_hand20  v_r_hand20
0   word_l1_08.mp4           10  0.491279  ...    1.024564    0.035229         0.0
1   word_l1_08.mp4           11  0.491119  ...    0.967083    0.014481         0.0
2   word_l1_08.mp4           12  0.490845  ...    0.931072    0.018814         0.0
3   word_l1_08.mp4           13  0.490756  ...    0.885545    0.011144         0.0
4   word_l1_08.mp4           14  0.490528  ...    0.842757    0.020551         0.0
5   word_l1_08.mp4           15  0.490172  ...    0.804532    0.014956         0.0
6   word_l1_08.mp4           16  0.489862  ...    0.765390    0.020169         0.0
7   word_l1_08.mp4           17  0.489353  ...    0.742827    0.011461         0.0
8   word_l1_08.mp4           18  0.489281  ...    0.714182    0.011200         0.0
9   word_l1_08.mp4           19  0.488796  ...    0.692708    0.008337         0.0
10  word_l1_08.mp4           20  0.488628  ...    0.677594    0.019783         0.0
11  word_l1_08.mp4           21  0.488408  ...    0.664892    0.018727         0.0
12  word_l1_08.mp4           22  0.488674  ...    0.648776    0.009924         0.0
13  word_l1_08.mp4           23  0.488907  ...    0.624277   -0.001007         0.0
14  word_l1_08.mp4           24  0.489989  ...    0.617418   -0.016059         0.0
15  word_l1_08.mp4           25  0.490159  ...    0.618291   -0.023559         0.0
16  word_l1_08.mp4           26  0.491116  ...    0.638684   -0.004305         0.0
17  word_l1_08.mp4           27  0.491517  ...    0.665121   -0.001937         0.0
18  word_l1_08.mp4           28  0.492374  ...    0.688754    0.007256         0.0
19  word_l1_08.mp4           29  0.492248  ...    0.715900    0.024215         0.0
20  word_l1_08.mp4           30  0.492898  ...    0.746726    0.036394         0.0
21  word_l1_08.mp4           31  0.493237  ...    0.773299    0.041748         0.0
22  word_l1_08.mp4           32  0.493409  ...    0.785436    0.067613         0.0
23  word_l1_08.mp4           33  0.493766  ...    0.803259    0.093366         0.0
24  word_l1_08.mp4           34  0.493723  ...    0.801893    0.090475         0.0
25  word_l1_08.mp4           35  0.493760  ...    0.789743    0.096298         0.0
26  word_l1_08.mp4           36  0.493457  ...    0.779768    0.064426         0.0
27  word_l1_08.mp4           37  0.492862  ...    0.746988    0.031506         0.0
28  word_l1_08.mp4           38  0.492935  ...    0.714617    0.020562         0.0
29  word_l1_08.mp4           39  0.492690  ...    0.672787    0.015233         0.0
30  word_l1_08.mp4           40  0.492712  ...    0.630130    0.005055         0.0
31  word_l1_08.mp4           41  0.492706  ...    0.609085    0.007633         0.0
32  word_l1_08.mp4           42  0.492627  ...    0.591615    0.010325         0.0
33  word_l1_08.mp4           43  0.492460  ...    0.578708    0.026292         0.0
34  word_l1_08.mp4           44  0.492692  ...    0.573295    0.031621         0.0
35  word_l1_08.mp4           45  0.493262  ...    0.570551    0.018485         0.0
36  word_l1_08.mp4           46  0.492735  ...    0.572354    0.012614         0.0
37  word_l1_08.mp4           47  0.492484  ...    0.573283    0.008971         0.0
38  word_l1_08.mp4           48  0.492246  ...    0.579806    0.012993         0.0
39  word_l1_08.mp4           49  0.491452  ...    0.587040    0.011616         0.0
40  word_l1_08.mp4           50  0.491075  ...    0.590129    0.016010         0.0
41  word_l1_08.mp4           51  0.490750  ...    0.596209    0.012827         0.0
42  word_l1_08.mp4           52  0.490146  ...    0.599354    0.004370         0.0
43  word_l1_08.mp4           53  0.489969  ...    0.604881    0.005765         0.0
44  word_l1_08.mp4           54  0.489137  ...    0.620012    0.005789         0.0
45  word_l1_08.mp4           55  0.488504  ...    0.623086   -0.001096         0.0
46  word_l1_08.mp4           56  0.487997  ...    0.648939    0.000511         0.0
47  word_l1_08.mp4           57  0.488130  ...    0.712134    0.005460         0.0
48  word_l1_08.mp4           58  0.488169  ...    0.755479    0.009991         0.0
49  word_l1_08.mp4           59  0.488680  ...    0.787095    0.008791         0.0
50  word_l1_08.mp4           60  0.489232  ...    0.812409    0.014552         0.0
51  word_l1_08.mp4           61  0.490141  ...    0.846029    0.016939         0.0
52  word_l1_08.mp4           62  0.489987  ...    0.876182    0.022362         0.0
53  word_l1_08.mp4           63  0.489999  ...    0.904432    0.027073         0.0

[54 rows x 1958 columns]
Extracting features...
Face width computed for normalizaiton 0.15682151956816634
Features saved to: ../output/word_l1_08_features.csv
          fn_video  ... distance_r_hand6_r_hand10
0   word_l1_08.mp4  ...                  0.189468
1   word_l1_08.mp4  ...                  0.227383
2   word_l1_08.mp4  ...                  0.227181
3   word_l1_08.mp4  ...                  0.153785
4   word_l1_08.mp4  ...                  0.121204
5   word_l1_08.mp4  ...                  0.133017
6   word_l1_08.mp4  ...                  0.150798
7   word_l1_08.mp4  ...                  0.146784
8   word_l1_08.mp4  ...                  0.145200
9   word_l1_08.mp4  ...                  0.154358
10  word_l1_08.mp4  ...                  0.183478
11  word_l1_08.mp4  ...                  0.193267
12  word_l1_08.mp4  ...                  0.175786
13  word_l1_08.mp4  ...                  0.164889
14  word_l1_08.mp4  ...                  0.170742
15  word_l1_08.mp4  ...                  0.148433
16  word_l1_08.mp4  ...                  0.180154
17  word_l1_08.mp4  ...                  0.172464
18  word_l1_08.mp4  ...                  0.166955
19  word_l1_08.mp4  ...                  0.179663
20  word_l1_08.mp4  ...                  0.189684
21  word_l1_08.mp4  ...                  0.189189
22  word_l1_08.mp4  ...                  0.195130
23  word_l1_08.mp4  ...                  0.176558
24  word_l1_08.mp4  ...                  0.175325
25  word_l1_08.mp4  ...                  0.173917
26  word_l1_08.mp4  ...                  0.189547
27  word_l1_08.mp4  ...                  0.176476
28  word_l1_08.mp4  ...                  0.159260
29  word_l1_08.mp4  ...                  0.135015
30  word_l1_08.mp4  ...                  0.138629
31  word_l1_08.mp4  ...                  0.144913
32  word_l1_08.mp4  ...                  0.164640
33  word_l1_08.mp4  ...                  0.198903
34  word_l1_08.mp4  ...                  0.223873
35  word_l1_08.mp4  ...                  0.259075
36  word_l1_08.mp4  ...                  0.233950
37  word_l1_08.mp4  ...                  0.221635
38  word_l1_08.mp4  ...                  0.223345
39  word_l1_08.mp4  ...                  0.226939
40  word_l1_08.mp4  ...                  0.238782
41  word_l1_08.mp4  ...                  0.220458
42  word_l1_08.mp4  ...                  0.208875
43  word_l1_08.mp4  ...                  0.247699
44  word_l1_08.mp4  ...                  0.189852
45  word_l1_08.mp4  ...                  0.157519
46  word_l1_08.mp4  ...                  0.173597
47  word_l1_08.mp4  ...                  0.194390
48  word_l1_08.mp4  ...                  0.177749
49  word_l1_08.mp4  ...                  0.186462
50  word_l1_08.mp4  ...                  0.169021
51  word_l1_08.mp4  ...                  0.172428
52  word_l1_08.mp4  ...                  0.187861
53  word_l1_08.mp4  ...                  0.202005

[54 rows x 30 columns]
csv file with predictions was saved to ../output/predictions_rf_shape_female_cropped_word_l1_08.csv
Visualization for: ../stimuli/words/mp4/word_l1_08.mp4
32
SYLLABLE ONSETS (IN FRAMES):
[15 27]
MAXIMA (IN FRAMES)
[21 31 48]
Syllable, frame number (mfa), frame number (onset)
ka 15 21
sy 27 31
