python is /network/lustre/iss02/home/annahita.sarre/anaconda3/envs/myenv/bin/python
Loaded model: ../trained_models/model_rf_position_female_cropped.pkl
Loaded video: ../stimuli/words/mp4/word_l1_26.mp4
Extracting coordinates...
          fn_video frame_number   x_face0  ...  y_r_hand20  z_r_hand20  v_r_hand20
0   word_l1_26.mp4            2  0.492792  ...    1.092850    0.012181         0.0
1   word_l1_26.mp4            3  0.491726  ...    1.004933    0.050570         0.0
2   word_l1_26.mp4            4  0.491410  ...    0.977668    0.033067         0.0
3   word_l1_26.mp4            5  0.491123  ...    0.963761    0.063930         0.0
4   word_l1_26.mp4            6  0.491074  ...    0.960738    0.049530         0.0
5   word_l1_26.mp4            7  0.490875  ...    0.944470    0.028674         0.0
6   word_l1_26.mp4            8  0.490885  ...    0.920444    0.025020         0.0
7   word_l1_26.mp4            9  0.490564  ...    0.903068    0.019171         0.0
8   word_l1_26.mp4           10  0.490039  ...    0.882449    0.021426         0.0
9   word_l1_26.mp4           11  0.489891  ...    0.871231    0.021960         0.0
10  word_l1_26.mp4           12  0.489413  ...    0.863915    0.024596         0.0
11  word_l1_26.mp4           13  0.489395  ...    0.868127    0.025299         0.0
12  word_l1_26.mp4           14  0.488907  ...    0.869554    0.017684         0.0
13  word_l1_26.mp4           15  0.488854  ...    0.871675    0.018121         0.0
14  word_l1_26.mp4           16  0.489247  ...    0.872702    0.023662         0.0
15  word_l1_26.mp4           17  0.489721  ...    0.878836    0.033404         0.0
16  word_l1_26.mp4           18  0.490057  ...    0.872877    0.030852         0.0
17  word_l1_26.mp4           19  0.490394  ...    0.870345    0.037466         0.0
18  word_l1_26.mp4           20  0.491345  ...    0.867212    0.026807         0.0
19  word_l1_26.mp4           21  0.491512  ...    0.860601    0.026981         0.0
20  word_l1_26.mp4           22  0.491389  ...    0.850213    0.019118         0.0
21  word_l1_26.mp4           23  0.491223  ...    0.833502    0.017128         0.0
22  word_l1_26.mp4           24  0.491388  ...    0.806846    0.020787         0.0
23  word_l1_26.mp4           25  0.491170  ...    0.775852    0.021044         0.0
24  word_l1_26.mp4           26  0.491030  ...    0.732542    0.020374         0.0
25  word_l1_26.mp4           27  0.490808  ...    0.682898    0.016678         0.0
26  word_l1_26.mp4           28  0.490806  ...    0.629301   -0.007692         0.0
27  word_l1_26.mp4           29  0.490741  ...    0.616942   -0.024840         0.0
28  word_l1_26.mp4           30  0.490012  ...    0.610278   -0.029102         0.0
29  word_l1_26.mp4           31  0.489912  ...    0.607464   -0.027200         0.0
30  word_l1_26.mp4           32  0.490139  ...    0.603377   -0.028153         0.0
31  word_l1_26.mp4           33  0.489870  ...    0.596647   -0.033382         0.0
32  word_l1_26.mp4           34  0.490518  ...    0.632287    0.006833         0.0
33  word_l1_26.mp4           35  0.490027  ...    0.691137    0.017125         0.0
34  word_l1_26.mp4           36  0.490854  ...    0.695127    0.008722         0.0
35  word_l1_26.mp4           37  0.490961  ...    0.693904    0.004241         0.0
36  word_l1_26.mp4           38  0.491112  ...    0.694219    0.013262         0.0
37  word_l1_26.mp4           39  0.491106  ...    0.696461    0.000648         0.0
38  word_l1_26.mp4           40  0.491633  ...    0.696836    0.003368         0.0
39  word_l1_26.mp4           41  0.492194  ...    0.696858    0.002390         0.0
40  word_l1_26.mp4           42  0.492324  ...    0.696948    0.003805         0.0
41  word_l1_26.mp4           43  0.493068  ...    0.697201    0.003929         0.0
42  word_l1_26.mp4           44  0.492261  ...    0.699716    0.003984         0.0
43  word_l1_26.mp4           45  0.492345  ...    0.698688    0.006111         0.0
44  word_l1_26.mp4           46  0.492089  ...    0.697491    0.007172         0.0
45  word_l1_26.mp4           47  0.491657  ...    0.701648    0.005009         0.0
46  word_l1_26.mp4           48  0.491846  ...    0.699966    0.009257         0.0
47  word_l1_26.mp4           49  0.491206  ...    0.700114    0.005275         0.0
48  word_l1_26.mp4           50  0.490845  ...    0.704266    0.006253         0.0
49  word_l1_26.mp4           51  0.490525  ...    0.711366    0.009566         0.0
50  word_l1_26.mp4           52  0.489995  ...    0.719364    0.010822         0.0
51  word_l1_26.mp4           53  0.489950  ...    0.730329    0.010559         0.0
52  word_l1_26.mp4           54  0.489398  ...    0.746402    0.010699         0.0
53  word_l1_26.mp4           55  0.489040  ...    0.756716    0.014797         0.0
54  word_l1_26.mp4           56  0.488766  ...    0.773409    0.013010         0.0
55  word_l1_26.mp4           57  0.488367  ...    0.796012    0.016003         0.0

[56 rows x 1958 columns]
Extracting features...
Face width computed for normalizaiton 0.15444203266274817
Features saved to: ../output/word_l1_26_features.csv
          fn_video  ... distance_r_hand6_r_hand10
0   word_l1_26.mp4  ...                  0.237164
1   word_l1_26.mp4  ...                  0.222133
2   word_l1_26.mp4  ...                  0.223896
3   word_l1_26.mp4  ...                  0.229119
4   word_l1_26.mp4  ...                  0.226341
5   word_l1_26.mp4  ...                  0.281477
6   word_l1_26.mp4  ...                  0.289523
7   word_l1_26.mp4  ...                  0.318808
8   word_l1_26.mp4  ...                  0.310173
9   word_l1_26.mp4  ...                  0.306834
10  word_l1_26.mp4  ...                  0.303132
11  word_l1_26.mp4  ...                  0.319342
12  word_l1_26.mp4  ...                  0.336979
13  word_l1_26.mp4  ...                  0.355200
14  word_l1_26.mp4  ...                  0.329152
15  word_l1_26.mp4  ...                  0.337506
16  word_l1_26.mp4  ...                  0.310814
17  word_l1_26.mp4  ...                  0.289963
18  word_l1_26.mp4  ...                  0.289340
19  word_l1_26.mp4  ...                  0.253831
20  word_l1_26.mp4  ...                  0.258533
21  word_l1_26.mp4  ...                  0.262690
22  word_l1_26.mp4  ...                  0.238051
23  word_l1_26.mp4  ...                  0.234029
24  word_l1_26.mp4  ...                  0.182071
25  word_l1_26.mp4  ...                  0.163030
26  word_l1_26.mp4  ...                  0.151707
27  word_l1_26.mp4  ...                  0.137650
28  word_l1_26.mp4  ...                  0.141603
29  word_l1_26.mp4  ...                  0.133060
30  word_l1_26.mp4  ...                  0.136780
31  word_l1_26.mp4  ...                  0.159103
32  word_l1_26.mp4  ...                  0.239357
33  word_l1_26.mp4  ...                  0.277072
34  word_l1_26.mp4  ...                  0.289966
35  word_l1_26.mp4  ...                  0.283050
36  word_l1_26.mp4  ...                  0.264239
37  word_l1_26.mp4  ...                  0.268219
38  word_l1_26.mp4  ...                  0.268998
39  word_l1_26.mp4  ...                  0.272353
40  word_l1_26.mp4  ...                  0.271497
41  word_l1_26.mp4  ...                  0.272683
42  word_l1_26.mp4  ...                  0.274027
43  word_l1_26.mp4  ...                  0.282998
44  word_l1_26.mp4  ...                  0.271839
45  word_l1_26.mp4  ...                  0.264434
46  word_l1_26.mp4  ...                  0.251090
47  word_l1_26.mp4  ...                  0.249148
48  word_l1_26.mp4  ...                  0.225410
49  word_l1_26.mp4  ...                  0.214992
50  word_l1_26.mp4  ...                  0.216001
51  word_l1_26.mp4  ...                  0.205414
52  word_l1_26.mp4  ...                  0.210424
53  word_l1_26.mp4  ...                  0.195058
54  word_l1_26.mp4  ...                  0.201759
55  word_l1_26.mp4  ...                  0.214594

[56 rows x 30 columns]
csv file with predictions was saved to ../output/predictions_rf_position_female_cropped_word_l1_26.csv
Loaded model: ../trained_models/model_rf_shape_female_cropped.pkl
Loaded video: ../stimuli/words/mp4/word_l1_26.mp4
Extracting coordinates...
          fn_video frame_number   x_face0  ...  y_r_hand20  z_r_hand20  v_r_hand20
0   word_l1_26.mp4            2  0.492792  ...    1.092850    0.012181         0.0
1   word_l1_26.mp4            3  0.491726  ...    1.004933    0.050570         0.0
2   word_l1_26.mp4            4  0.491410  ...    0.977668    0.033067         0.0
3   word_l1_26.mp4            5  0.491123  ...    0.963761    0.063930         0.0
4   word_l1_26.mp4            6  0.491074  ...    0.960738    0.049530         0.0
5   word_l1_26.mp4            7  0.490875  ...    0.944470    0.028674         0.0
6   word_l1_26.mp4            8  0.490885  ...    0.920444    0.025020         0.0
7   word_l1_26.mp4            9  0.490564  ...    0.903068    0.019171         0.0
8   word_l1_26.mp4           10  0.490039  ...    0.882449    0.021426         0.0
9   word_l1_26.mp4           11  0.489891  ...    0.871231    0.021960         0.0
10  word_l1_26.mp4           12  0.489413  ...    0.863915    0.024596         0.0
11  word_l1_26.mp4           13  0.489395  ...    0.868127    0.025299         0.0
12  word_l1_26.mp4           14  0.488907  ...    0.869554    0.017684         0.0
13  word_l1_26.mp4           15  0.488854  ...    0.871675    0.018121         0.0
14  word_l1_26.mp4           16  0.489247  ...    0.872702    0.023662         0.0
15  word_l1_26.mp4           17  0.489721  ...    0.878836    0.033404         0.0
16  word_l1_26.mp4           18  0.490057  ...    0.872877    0.030852         0.0
17  word_l1_26.mp4           19  0.490394  ...    0.870345    0.037466         0.0
18  word_l1_26.mp4           20  0.491345  ...    0.867212    0.026807         0.0
19  word_l1_26.mp4           21  0.491512  ...    0.860601    0.026981         0.0
20  word_l1_26.mp4           22  0.491389  ...    0.850213    0.019118         0.0
21  word_l1_26.mp4           23  0.491223  ...    0.833502    0.017128         0.0
22  word_l1_26.mp4           24  0.491388  ...    0.806846    0.020787         0.0
23  word_l1_26.mp4           25  0.491170  ...    0.775852    0.021044         0.0
24  word_l1_26.mp4           26  0.491030  ...    0.732542    0.020374         0.0
25  word_l1_26.mp4           27  0.490808  ...    0.682898    0.016678         0.0
26  word_l1_26.mp4           28  0.490806  ...    0.629301   -0.007692         0.0
27  word_l1_26.mp4           29  0.490741  ...    0.616942   -0.024840         0.0
28  word_l1_26.mp4           30  0.490012  ...    0.610278   -0.029102         0.0
29  word_l1_26.mp4           31  0.489912  ...    0.607464   -0.027200         0.0
30  word_l1_26.mp4           32  0.490139  ...    0.603377   -0.028153         0.0
31  word_l1_26.mp4           33  0.489870  ...    0.596647   -0.033382         0.0
32  word_l1_26.mp4           34  0.490518  ...    0.632287    0.006833         0.0
33  word_l1_26.mp4           35  0.490027  ...    0.691137    0.017125         0.0
34  word_l1_26.mp4           36  0.490854  ...    0.695127    0.008722         0.0
35  word_l1_26.mp4           37  0.490961  ...    0.693904    0.004241         0.0
36  word_l1_26.mp4           38  0.491112  ...    0.694219    0.013262         0.0
37  word_l1_26.mp4           39  0.491106  ...    0.696461    0.000648         0.0
38  word_l1_26.mp4           40  0.491633  ...    0.696836    0.003368         0.0
39  word_l1_26.mp4           41  0.492194  ...    0.696858    0.002390         0.0
40  word_l1_26.mp4           42  0.492324  ...    0.696948    0.003805         0.0
41  word_l1_26.mp4           43  0.493068  ...    0.697201    0.003929         0.0
42  word_l1_26.mp4           44  0.492261  ...    0.699716    0.003984         0.0
43  word_l1_26.mp4           45  0.492345  ...    0.698688    0.006111         0.0
44  word_l1_26.mp4           46  0.492089  ...    0.697491    0.007172         0.0
45  word_l1_26.mp4           47  0.491657  ...    0.701648    0.005009         0.0
46  word_l1_26.mp4           48  0.491846  ...    0.699966    0.009257         0.0
47  word_l1_26.mp4           49  0.491206  ...    0.700114    0.005275         0.0
48  word_l1_26.mp4           50  0.490845  ...    0.704266    0.006253         0.0
49  word_l1_26.mp4           51  0.490525  ...    0.711366    0.009566         0.0
50  word_l1_26.mp4           52  0.489995  ...    0.719364    0.010822         0.0
51  word_l1_26.mp4           53  0.489950  ...    0.730329    0.010559         0.0
52  word_l1_26.mp4           54  0.489398  ...    0.746402    0.010699         0.0
53  word_l1_26.mp4           55  0.489040  ...    0.756716    0.014797         0.0
54  word_l1_26.mp4           56  0.488766  ...    0.773409    0.013010         0.0
55  word_l1_26.mp4           57  0.488367  ...    0.796012    0.016003         0.0

[56 rows x 1958 columns]
Extracting features...
Face width computed for normalizaiton 0.15444203266274817
Features saved to: ../output/word_l1_26_features.csv
          fn_video  ... distance_r_hand6_r_hand10
0   word_l1_26.mp4  ...                  0.237164
1   word_l1_26.mp4  ...                  0.222133
2   word_l1_26.mp4  ...                  0.223896
3   word_l1_26.mp4  ...                  0.229119
4   word_l1_26.mp4  ...                  0.226341
5   word_l1_26.mp4  ...                  0.281477
6   word_l1_26.mp4  ...                  0.289523
7   word_l1_26.mp4  ...                  0.318808
8   word_l1_26.mp4  ...                  0.310173
9   word_l1_26.mp4  ...                  0.306834
10  word_l1_26.mp4  ...                  0.303132
11  word_l1_26.mp4  ...                  0.319342
12  word_l1_26.mp4  ...                  0.336979
13  word_l1_26.mp4  ...                  0.355200
14  word_l1_26.mp4  ...                  0.329152
15  word_l1_26.mp4  ...                  0.337506
16  word_l1_26.mp4  ...                  0.310814
17  word_l1_26.mp4  ...                  0.289963
18  word_l1_26.mp4  ...                  0.289340
19  word_l1_26.mp4  ...                  0.253831
20  word_l1_26.mp4  ...                  0.258533
21  word_l1_26.mp4  ...                  0.262690
22  word_l1_26.mp4  ...                  0.238051
23  word_l1_26.mp4  ...                  0.234029
24  word_l1_26.mp4  ...                  0.182071
25  word_l1_26.mp4  ...                  0.163030
26  word_l1_26.mp4  ...                  0.151707
27  word_l1_26.mp4  ...                  0.137650
28  word_l1_26.mp4  ...                  0.141603
29  word_l1_26.mp4  ...                  0.133060
30  word_l1_26.mp4  ...                  0.136780
31  word_l1_26.mp4  ...                  0.159103
32  word_l1_26.mp4  ...                  0.239357
33  word_l1_26.mp4  ...                  0.277072
34  word_l1_26.mp4  ...                  0.289966
35  word_l1_26.mp4  ...                  0.283050
36  word_l1_26.mp4  ...                  0.264239
37  word_l1_26.mp4  ...                  0.268219
38  word_l1_26.mp4  ...                  0.268998
39  word_l1_26.mp4  ...                  0.272353
40  word_l1_26.mp4  ...                  0.271497
41  word_l1_26.mp4  ...                  0.272683
42  word_l1_26.mp4  ...                  0.274027
43  word_l1_26.mp4  ...                  0.282998
44  word_l1_26.mp4  ...                  0.271839
45  word_l1_26.mp4  ...                  0.264434
46  word_l1_26.mp4  ...                  0.251090
47  word_l1_26.mp4  ...                  0.249148
48  word_l1_26.mp4  ...                  0.225410
49  word_l1_26.mp4  ...                  0.214992
50  word_l1_26.mp4  ...                  0.216001
51  word_l1_26.mp4  ...                  0.205414
52  word_l1_26.mp4  ...                  0.210424
53  word_l1_26.mp4  ...                  0.195058
54  word_l1_26.mp4  ...                  0.201759
55  word_l1_26.mp4  ...                  0.214594

[56 rows x 30 columns]
csv file with predictions was saved to ../output/predictions_rf_shape_female_cropped_word_l1_26.csv
Visualization for: ../stimuli/words/mp4/word_l1_26.mp4
32
SYLLABLE ONSETS (IN FRAMES):
[17 29]
MAXIMA (IN FRAMES)
[16 42]
Syllable, frame number (mfa), frame number (onset)
pe 17 16
a 29 42
