python is /network/lustre/iss02/home/annahita.sarre/anaconda3/envs/myenv/bin/python
Loaded model: ../trained_models/model_rf_position_female_cropped.pkl
Loaded video: ../stimuli/words/mp4/word_h0_06.mp4
Extracting coordinates...
          fn_video frame_number   x_face0  ...  y_r_hand20  z_r_hand20  v_r_hand20
0   word_h0_06.mp4            6  0.499351  ...    0.958173    0.007982         0.0
1   word_h0_06.mp4            7  0.499407  ...    0.916134   -0.005486         0.0
2   word_h0_06.mp4            8  0.499714  ...    0.878793   -0.007730         0.0
3   word_h0_06.mp4            9  0.499833  ...    0.836234    0.005472         0.0
4   word_h0_06.mp4           10  0.500363  ...    0.809912   -0.010178         0.0
..             ...          ...       ...  ...         ...         ...         ...
62  word_h0_06.mp4           68  0.500471  ...    0.819011    0.043565         0.0
63  word_h0_06.mp4           69  0.500302  ...    0.866244    0.044879         0.0
64  word_h0_06.mp4           70  0.500335  ...    0.912198    0.021056         0.0
65  word_h0_06.mp4           71  0.500020  ...    0.959401    0.027945         0.0
66  word_h0_06.mp4           72  0.499739  ...    0.988875    0.009842         0.0

[67 rows x 1958 columns]
Extracting features...
Face width computed for normalizaiton 0.16017288356476883
Features saved to: ../output/word_h0_06_features.csv
          fn_video  ... distance_r_hand6_r_hand10
0   word_h0_06.mp4  ...                  0.194974
1   word_h0_06.mp4  ...                  0.151758
2   word_h0_06.mp4  ...                  0.149696
3   word_h0_06.mp4  ...                  0.153761
4   word_h0_06.mp4  ...                  0.133908
..             ...  ...                       ...
62  word_h0_06.mp4  ...                  0.170177
63  word_h0_06.mp4  ...                  0.188089
64  word_h0_06.mp4  ...                  0.185821
65  word_h0_06.mp4  ...                  0.202868
66  word_h0_06.mp4  ...                  0.169731

[67 rows x 30 columns]
csv file with predictions was saved to ../output/predictions_rf_position_female_cropped_word_h0_06.csv
Loaded model: ../trained_models/model_rf_shape_female_cropped.pkl
Loaded video: ../stimuli/words/mp4/word_h0_06.mp4
Extracting coordinates...
          fn_video frame_number   x_face0  ...  y_r_hand20  z_r_hand20  v_r_hand20
0   word_h0_06.mp4            6  0.499351  ...    0.958173    0.007982         0.0
1   word_h0_06.mp4            7  0.499407  ...    0.916134   -0.005486         0.0
2   word_h0_06.mp4            8  0.499714  ...    0.878793   -0.007730         0.0
3   word_h0_06.mp4            9  0.499833  ...    0.836234    0.005472         0.0
4   word_h0_06.mp4           10  0.500363  ...    0.809912   -0.010178         0.0
..             ...          ...       ...  ...         ...         ...         ...
62  word_h0_06.mp4           68  0.500471  ...    0.819011    0.043565         0.0
63  word_h0_06.mp4           69  0.500302  ...    0.866244    0.044879         0.0
64  word_h0_06.mp4           70  0.500335  ...    0.912198    0.021056         0.0
65  word_h0_06.mp4           71  0.500020  ...    0.959401    0.027945         0.0
66  word_h0_06.mp4           72  0.499739  ...    0.988875    0.009842         0.0

[67 rows x 1958 columns]
Extracting features...
Face width computed for normalizaiton 0.16017288356476883
Features saved to: ../output/word_h0_06_features.csv
          fn_video  ... distance_r_hand6_r_hand10
0   word_h0_06.mp4  ...                  0.194974
1   word_h0_06.mp4  ...                  0.151758
2   word_h0_06.mp4  ...                  0.149696
3   word_h0_06.mp4  ...                  0.153761
4   word_h0_06.mp4  ...                  0.133908
..             ...  ...                       ...
62  word_h0_06.mp4  ...                  0.170177
63  word_h0_06.mp4  ...                  0.188089
64  word_h0_06.mp4  ...                  0.185821
65  word_h0_06.mp4  ...                  0.202868
66  word_h0_06.mp4  ...                  0.169731

[67 rows x 30 columns]
csv file with predictions was saved to ../output/predictions_rf_shape_female_cropped_word_h0_06.csv
Visualization for: ../stimuli/words/mp4/word_h0_06.mp4
32
SYLLABLE ONSETS (IN FRAMES):
[20 31]
MAXIMA (IN FRAMES)
[22 40 55 59]
Syllable, frame number (mfa), frame number (onset)
k§ 20 22
pa 31 40
