python is /network/lustre/iss02/home/annahita.sarre/anaconda3/envs/myenv/bin/python
Loaded model: ../trained_models/model_rf_position_female_cropped.pkl
Loaded video: ../stimuli/words/mp4/word_l0_31.mp4
Extracting coordinates...
          fn_video frame_number   x_face0  ...  y_r_hand20  z_r_hand20  v_r_hand20
0   word_l0_31.mp4            1  0.489573  ...    0.971842    0.043292         0.0
1   word_l0_31.mp4            2  0.489117  ...    0.903590    0.052179         0.0
2   word_l0_31.mp4            3  0.489296  ...    0.891215    0.035423         0.0
3   word_l0_31.mp4            4  0.488471  ...    0.869709    0.031104         0.0
4   word_l0_31.mp4            5  0.488101  ...    0.839671    0.029595         0.0
..             ...          ...       ...  ...         ...         ...         ...
58  word_l0_31.mp4           59  0.493693  ...    0.797688    0.082693         0.0
59  word_l0_31.mp4           60  0.493704  ...    0.795909    0.069954         0.0
60  word_l0_31.mp4           61  0.493709  ...    0.794908    0.066435         0.0
61  word_l0_31.mp4           62  0.493717  ...    0.796132    0.076814         0.0
62  word_l0_31.mp4           63  0.493828  ...    0.801126    0.069676         0.0

[63 rows x 1958 columns]
Extracting features...
Face width computed for normalizaiton 0.15751184427676984
Features saved to: ../output/word_l0_31_features.csv
          fn_video  ... distance_r_hand6_r_hand10
0   word_l0_31.mp4  ...                  0.194619
1   word_l0_31.mp4  ...                  0.193977
2   word_l0_31.mp4  ...                  0.208177
3   word_l0_31.mp4  ...                  0.189028
4   word_l0_31.mp4  ...                  0.179886
..             ...  ...                       ...
58  word_l0_31.mp4  ...                  0.168533
59  word_l0_31.mp4  ...                  0.170900
60  word_l0_31.mp4  ...                  0.170235
61  word_l0_31.mp4  ...                  0.167417
62  word_l0_31.mp4  ...                  0.166193

[63 rows x 30 columns]
csv file with predictions was saved to ../output/predictions_rf_position_female_cropped_word_l0_31.csv
Loaded model: ../trained_models/model_rf_shape_female_cropped.pkl
Loaded video: ../stimuli/words/mp4/word_l0_31.mp4
Extracting coordinates...
          fn_video frame_number   x_face0  ...  y_r_hand20  z_r_hand20  v_r_hand20
0   word_l0_31.mp4            1  0.489573  ...    0.971842    0.043292         0.0
1   word_l0_31.mp4            2  0.489117  ...    0.903590    0.052179         0.0
2   word_l0_31.mp4            3  0.489296  ...    0.891215    0.035423         0.0
3   word_l0_31.mp4            4  0.488471  ...    0.869709    0.031104         0.0
4   word_l0_31.mp4            5  0.488101  ...    0.839671    0.029595         0.0
..             ...          ...       ...  ...         ...         ...         ...
58  word_l0_31.mp4           59  0.493693  ...    0.797688    0.082693         0.0
59  word_l0_31.mp4           60  0.493704  ...    0.795909    0.069954         0.0
60  word_l0_31.mp4           61  0.493709  ...    0.794908    0.066435         0.0
61  word_l0_31.mp4           62  0.493717  ...    0.796132    0.076814         0.0
62  word_l0_31.mp4           63  0.493828  ...    0.801126    0.069676         0.0

[63 rows x 1958 columns]
Extracting features...
Face width computed for normalizaiton 0.15751184427676984
Features saved to: ../output/word_l0_31_features.csv
          fn_video  ... distance_r_hand6_r_hand10
0   word_l0_31.mp4  ...                  0.194619
1   word_l0_31.mp4  ...                  0.193977
2   word_l0_31.mp4  ...                  0.208177
3   word_l0_31.mp4  ...                  0.189028
4   word_l0_31.mp4  ...                  0.179886
..             ...  ...                       ...
58  word_l0_31.mp4  ...                  0.168533
59  word_l0_31.mp4  ...                  0.170900
60  word_l0_31.mp4  ...                  0.170235
61  word_l0_31.mp4  ...                  0.167417
62  word_l0_31.mp4  ...                  0.166193

[63 rows x 30 columns]
csv file with predictions was saved to ../output/predictions_rf_shape_female_cropped_word_l0_31.csv
Visualization for: ../stimuli/words/mp4/word_l0_31.mp4
32
SYLLABLE ONSETS (IN FRAMES):
[17 34 40]
MAXIMA (IN FRAMES)
[ 5 18 30 54]
Syllable, frame number (mfa), frame number (onset)
va 17 18
i 34 30
ne 40 54
!!!!!!!!!!!!!!!!!!!!!!!!!!!!!!!!!!!!!!!!!!!!!!!!!!!!!!!!!!!!!!!!!!!!!!!!!!!!!!!!!!!!!!!!!!!!!!!!!!!!
The video was successfully saved
The marked video was saved to: ../stimuli/words/mp4/word_l0_31.mp4
Figure was save to: ../figures/../stimuli/words/mp4/word_l0_31.mp4.png
