python is /network/lustre/iss02/home/annahita.sarre/anaconda3/envs/myenv/bin/python
Loaded model: ../trained_models/model_rf_position_female_cropped.pkl
Loaded video: ../stimuli/words/mp4/word_l1_28.mp4
Extracting coordinates...
          fn_video frame_number   x_face0  ...  y_r_hand20  z_r_hand20  v_r_hand20
0   word_l1_28.mp4            1  0.491133  ...    0.890024    0.030519         0.0
1   word_l1_28.mp4            2  0.491284  ...    0.857845    0.039358         0.0
2   word_l1_28.mp4            3  0.490586  ...    0.827570    0.032012         0.0
3   word_l1_28.mp4            4  0.490254  ...    0.803711    0.030105         0.0
4   word_l1_28.mp4            5  0.490119  ...    0.782836    0.017845         0.0
5   word_l1_28.mp4            6  0.490295  ...    0.756673    0.031601         0.0
6   word_l1_28.mp4            7  0.490402  ...    0.729744    0.013766         0.0
7   word_l1_28.mp4            8  0.490392  ...    0.719727    0.013608         0.0
8   word_l1_28.mp4            9  0.490097  ...    0.702083    0.012429         0.0
9   word_l1_28.mp4           10  0.490093  ...    0.686952    0.013178         0.0
10  word_l1_28.mp4           11  0.490197  ...    0.673190    0.013589         0.0
11  word_l1_28.mp4           12  0.488951  ...    0.655679    0.011592         0.0
12  word_l1_28.mp4           13  0.488557  ...    0.643736    0.014321         0.0
13  word_l1_28.mp4           14  0.488779  ...    0.636168    0.028120         0.0
14  word_l1_28.mp4           15  0.489081  ...    0.632859    0.020028         0.0
15  word_l1_28.mp4           16  0.489067  ...    0.628715    0.019868         0.0
16  word_l1_28.mp4           17  0.489290  ...    0.631134    0.008299         0.0
17  word_l1_28.mp4           18  0.489944  ...    0.629780   -0.000773         0.0
18  word_l1_28.mp4           19  0.490550  ...    0.616538    0.001468         0.0
19  word_l1_28.mp4           20  0.490653  ...    0.603861   -0.004078         0.0
20  word_l1_28.mp4           21  0.490785  ...    0.593879   -0.008956         0.0
21  word_l1_28.mp4           22  0.490458  ...    0.589757   -0.013667         0.0
22  word_l1_28.mp4           23  0.490373  ...    0.591834   -0.018424         0.0
23  word_l1_28.mp4           24  0.490456  ...    0.584340   -0.011786         0.0
24  word_l1_28.mp4           25  0.490058  ...    0.579788   -0.014988         0.0
25  word_l1_28.mp4           26  0.489761  ...    0.582789   -0.015351         0.0
26  word_l1_28.mp4           27  0.489977  ...    0.643609    0.016721         0.0
27  word_l1_28.mp4           28  0.490179  ...    0.659228    0.007415         0.0
28  word_l1_28.mp4           29  0.490122  ...    0.662863    0.017873         0.0
29  word_l1_28.mp4           30  0.490304  ...    0.673132    0.019529         0.0
30  word_l1_28.mp4           31  0.490318  ...    0.676168    0.028024         0.0
31  word_l1_28.mp4           32  0.490243  ...    0.679419    0.028391         0.0
32  word_l1_28.mp4           33  0.490186  ...    0.682272    0.022632         0.0
33  word_l1_28.mp4           34  0.490273  ...    0.683949    0.023878         0.0
34  word_l1_28.mp4           35  0.489606  ...    0.685082    0.022226         0.0
35  word_l1_28.mp4           36  0.488901  ...    0.684187    0.025826         0.0
36  word_l1_28.mp4           37  0.489021  ...    0.683595    0.017688         0.0
37  word_l1_28.mp4           38  0.489135  ...    0.683667    0.019085         0.0
38  word_l1_28.mp4           39  0.488856  ...    0.681865    0.015060         0.0
39  word_l1_28.mp4           40  0.489494  ...    0.680081    0.016390         0.0
40  word_l1_28.mp4           41  0.489234  ...    0.684028    0.005676         0.0
41  word_l1_28.mp4           42  0.489401  ...    0.684731    0.001155         0.0
42  word_l1_28.mp4           43  0.489698  ...    0.696029    0.003471         0.0
43  word_l1_28.mp4           44  0.489425  ...    0.706877    0.006543         0.0
44  word_l1_28.mp4           45  0.489756  ...    0.714758    0.006637         0.0
45  word_l1_28.mp4           46  0.489789  ...    0.720258    0.007642         0.0
46  word_l1_28.mp4           47  0.489957  ...    0.729713    0.006656         0.0
47  word_l1_28.mp4           48  0.489764  ...    0.741223    0.006614         0.0
48  word_l1_28.mp4           49  0.489758  ...    0.754438    0.011980         0.0
49  word_l1_28.mp4           50  0.489882  ...    0.763919    0.014526         0.0
50  word_l1_28.mp4           51  0.490101  ...    0.780268    0.014805         0.0

[51 rows x 1958 columns]
Extracting features...
Face width computed for normalizaiton 0.1537562161586981
Features saved to: ../output/word_l1_28_features.csv
          fn_video  ... distance_r_hand6_r_hand10
0   word_l1_28.mp4  ...                  0.197388
1   word_l1_28.mp4  ...                  0.194033
2   word_l1_28.mp4  ...                  0.174799
3   word_l1_28.mp4  ...                  0.177690
4   word_l1_28.mp4  ...                  0.169936
5   word_l1_28.mp4  ...                  0.161879
6   word_l1_28.mp4  ...                  0.164147
7   word_l1_28.mp4  ...                  0.169042
8   word_l1_28.mp4  ...                  0.165455
9   word_l1_28.mp4  ...                  0.161082
10  word_l1_28.mp4  ...                  0.158150
11  word_l1_28.mp4  ...                  0.150958
12  word_l1_28.mp4  ...                  0.150275
13  word_l1_28.mp4  ...                  0.148061
14  word_l1_28.mp4  ...                  0.141486
15  word_l1_28.mp4  ...                  0.139144
16  word_l1_28.mp4  ...                  0.138216
17  word_l1_28.mp4  ...                  0.144191
18  word_l1_28.mp4  ...                  0.142468
19  word_l1_28.mp4  ...                  0.142341
20  word_l1_28.mp4  ...                  0.137074
21  word_l1_28.mp4  ...                  0.134430
22  word_l1_28.mp4  ...                  0.136529
23  word_l1_28.mp4  ...                  0.151197
24  word_l1_28.mp4  ...                  0.165447
25  word_l1_28.mp4  ...                  0.247203
26  word_l1_28.mp4  ...                  0.286926
27  word_l1_28.mp4  ...                  0.272774
28  word_l1_28.mp4  ...                  0.280480
29  word_l1_28.mp4  ...                  0.287911
30  word_l1_28.mp4  ...                  0.288489
31  word_l1_28.mp4  ...                  0.279989
32  word_l1_28.mp4  ...                  0.273458
33  word_l1_28.mp4  ...                  0.279371
34  word_l1_28.mp4  ...                  0.273878
35  word_l1_28.mp4  ...                  0.270079
36  word_l1_28.mp4  ...                  0.273290
37  word_l1_28.mp4  ...                  0.270491
38  word_l1_28.mp4  ...                  0.264616
39  word_l1_28.mp4  ...                  0.248550
40  word_l1_28.mp4  ...                  0.219643
41  word_l1_28.mp4  ...                  0.205942
42  word_l1_28.mp4  ...                  0.190383
43  word_l1_28.mp4  ...                  0.204498
44  word_l1_28.mp4  ...                  0.210349
45  word_l1_28.mp4  ...                  0.207920
46  word_l1_28.mp4  ...                  0.200983
47  word_l1_28.mp4  ...                  0.204504
48  word_l1_28.mp4  ...                  0.203646
49  word_l1_28.mp4  ...                  0.204576
50  word_l1_28.mp4  ...                  0.207257

[51 rows x 30 columns]
csv file with predictions was saved to ../output/predictions_rf_position_female_cropped_word_l1_28.csv
Loaded model: ../trained_models/model_rf_shape_female_cropped.pkl
Loaded video: ../stimuli/words/mp4/word_l1_28.mp4
Extracting coordinates...
          fn_video frame_number   x_face0  ...  y_r_hand20  z_r_hand20  v_r_hand20
0   word_l1_28.mp4            1  0.491133  ...    0.890024    0.030519         0.0
1   word_l1_28.mp4            2  0.491284  ...    0.857845    0.039358         0.0
2   word_l1_28.mp4            3  0.490586  ...    0.827570    0.032012         0.0
3   word_l1_28.mp4            4  0.490254  ...    0.803711    0.030105         0.0
4   word_l1_28.mp4            5  0.490119  ...    0.782836    0.017845         0.0
5   word_l1_28.mp4            6  0.490295  ...    0.756673    0.031601         0.0
6   word_l1_28.mp4            7  0.490402  ...    0.729744    0.013766         0.0
7   word_l1_28.mp4            8  0.490392  ...    0.719727    0.013608         0.0
8   word_l1_28.mp4            9  0.490097  ...    0.702083    0.012429         0.0
9   word_l1_28.mp4           10  0.490093  ...    0.686952    0.013178         0.0
10  word_l1_28.mp4           11  0.490197  ...    0.673190    0.013589         0.0
11  word_l1_28.mp4           12  0.488951  ...    0.655679    0.011592         0.0
12  word_l1_28.mp4           13  0.488557  ...    0.643736    0.014321         0.0
13  word_l1_28.mp4           14  0.488779  ...    0.636168    0.028120         0.0
14  word_l1_28.mp4           15  0.489081  ...    0.632859    0.020028         0.0
15  word_l1_28.mp4           16  0.489067  ...    0.628715    0.019868         0.0
16  word_l1_28.mp4           17  0.489290  ...    0.631134    0.008299         0.0
17  word_l1_28.mp4           18  0.489944  ...    0.629780   -0.000773         0.0
18  word_l1_28.mp4           19  0.490550  ...    0.616538    0.001468         0.0
19  word_l1_28.mp4           20  0.490653  ...    0.603861   -0.004078         0.0
20  word_l1_28.mp4           21  0.490785  ...    0.593879   -0.008956         0.0
21  word_l1_28.mp4           22  0.490458  ...    0.589757   -0.013667         0.0
22  word_l1_28.mp4           23  0.490373  ...    0.591834   -0.018424         0.0
23  word_l1_28.mp4           24  0.490456  ...    0.584340   -0.011786         0.0
24  word_l1_28.mp4           25  0.490058  ...    0.579788   -0.014988         0.0
25  word_l1_28.mp4           26  0.489761  ...    0.582789   -0.015351         0.0
26  word_l1_28.mp4           27  0.489977  ...    0.643609    0.016721         0.0
27  word_l1_28.mp4           28  0.490179  ...    0.659228    0.007415         0.0
28  word_l1_28.mp4           29  0.490122  ...    0.662863    0.017873         0.0
29  word_l1_28.mp4           30  0.490304  ...    0.673132    0.019529         0.0
30  word_l1_28.mp4           31  0.490318  ...    0.676168    0.028024         0.0
31  word_l1_28.mp4           32  0.490243  ...    0.679419    0.028391         0.0
32  word_l1_28.mp4           33  0.490186  ...    0.682272    0.022632         0.0
33  word_l1_28.mp4           34  0.490273  ...    0.683949    0.023878         0.0
34  word_l1_28.mp4           35  0.489606  ...    0.685082    0.022226         0.0
35  word_l1_28.mp4           36  0.488901  ...    0.684187    0.025826         0.0
36  word_l1_28.mp4           37  0.489021  ...    0.683595    0.017688         0.0
37  word_l1_28.mp4           38  0.489135  ...    0.683667    0.019085         0.0
38  word_l1_28.mp4           39  0.488856  ...    0.681865    0.015060         0.0
39  word_l1_28.mp4           40  0.489494  ...    0.680081    0.016390         0.0
40  word_l1_28.mp4           41  0.489234  ...    0.684028    0.005676         0.0
41  word_l1_28.mp4           42  0.489401  ...    0.684731    0.001155         0.0
42  word_l1_28.mp4           43  0.489698  ...    0.696029    0.003471         0.0
43  word_l1_28.mp4           44  0.489425  ...    0.706877    0.006543         0.0
44  word_l1_28.mp4           45  0.489756  ...    0.714758    0.006637         0.0
45  word_l1_28.mp4           46  0.489789  ...    0.720258    0.007642         0.0
46  word_l1_28.mp4           47  0.489957  ...    0.729713    0.006656         0.0
47  word_l1_28.mp4           48  0.489764  ...    0.741223    0.006614         0.0
48  word_l1_28.mp4           49  0.489758  ...    0.754438    0.011980         0.0
49  word_l1_28.mp4           50  0.489882  ...    0.763919    0.014526         0.0
50  word_l1_28.mp4           51  0.490101  ...    0.780268    0.014805         0.0

[51 rows x 1958 columns]
Extracting features...
Face width computed for normalizaiton 0.1537562161586981
Features saved to: ../output/word_l1_28_features.csv
          fn_video  ... distance_r_hand6_r_hand10
0   word_l1_28.mp4  ...                  0.197388
1   word_l1_28.mp4  ...                  0.194033
2   word_l1_28.mp4  ...                  0.174799
3   word_l1_28.mp4  ...                  0.177690
4   word_l1_28.mp4  ...                  0.169936
5   word_l1_28.mp4  ...                  0.161879
6   word_l1_28.mp4  ...                  0.164147
7   word_l1_28.mp4  ...                  0.169042
8   word_l1_28.mp4  ...                  0.165455
9   word_l1_28.mp4  ...                  0.161082
10  word_l1_28.mp4  ...                  0.158150
11  word_l1_28.mp4  ...                  0.150958
12  word_l1_28.mp4  ...                  0.150275
13  word_l1_28.mp4  ...                  0.148061
14  word_l1_28.mp4  ...                  0.141486
15  word_l1_28.mp4  ...                  0.139144
16  word_l1_28.mp4  ...                  0.138216
17  word_l1_28.mp4  ...                  0.144191
18  word_l1_28.mp4  ...                  0.142468
19  word_l1_28.mp4  ...                  0.142341
20  word_l1_28.mp4  ...                  0.137074
21  word_l1_28.mp4  ...                  0.134430
22  word_l1_28.mp4  ...                  0.136529
23  word_l1_28.mp4  ...                  0.151197
24  word_l1_28.mp4  ...                  0.165447
25  word_l1_28.mp4  ...                  0.247203
26  word_l1_28.mp4  ...                  0.286926
27  word_l1_28.mp4  ...                  0.272774
28  word_l1_28.mp4  ...                  0.280480
29  word_l1_28.mp4  ...                  0.287911
30  word_l1_28.mp4  ...                  0.288489
31  word_l1_28.mp4  ...                  0.279989
32  word_l1_28.mp4  ...                  0.273458
33  word_l1_28.mp4  ...                  0.279371
34  word_l1_28.mp4  ...                  0.273878
35  word_l1_28.mp4  ...                  0.270079
36  word_l1_28.mp4  ...                  0.273290
37  word_l1_28.mp4  ...                  0.270491
38  word_l1_28.mp4  ...                  0.264616
39  word_l1_28.mp4  ...                  0.248550
40  word_l1_28.mp4  ...                  0.219643
41  word_l1_28.mp4  ...                  0.205942
42  word_l1_28.mp4  ...                  0.190383
43  word_l1_28.mp4  ...                  0.204498
44  word_l1_28.mp4  ...                  0.210349
45  word_l1_28.mp4  ...                  0.207920
46  word_l1_28.mp4  ...                  0.200983
47  word_l1_28.mp4  ...                  0.204504
48  word_l1_28.mp4  ...                  0.203646
49  word_l1_28.mp4  ...                  0.204576
50  word_l1_28.mp4  ...                  0.207257

[51 rows x 30 columns]
csv file with predictions was saved to ../output/predictions_rf_shape_female_cropped_word_l1_28.csv
Visualization for: ../stimuli/words/mp4/word_l1_28.mp4
32
SYLLABLE ONSETS (IN FRAMES):
[28 29]
MAXIMA (IN FRAMES)
[16 34]
