python is /network/lustre/iss02/home/annahita.sarre/anaconda3/envs/myenv/bin/python
Loaded model: ../trained_models/model_rf_position_female_cropped.pkl
Loaded video: ../stimuli/words/mp4/word_h0_21.mp4
Extracting coordinates...
          fn_video frame_number   x_face0  ...  y_r_hand20  z_r_hand20  v_r_hand20
0   word_h0_21.mp4            1  0.498555  ...    1.021478    0.038521         0.0
1   word_h0_21.mp4            2  0.498158  ...    0.993424    0.028752         0.0
2   word_h0_21.mp4            3  0.497674  ...    0.966871    0.007831         0.0
3   word_h0_21.mp4            4  0.497435  ...    0.950968    0.013899         0.0
4   word_h0_21.mp4            5  0.496973  ...    0.937515    0.009445         0.0
..             ...          ...       ...  ...         ...         ...         ...
73  word_h0_21.mp4           74  0.498372  ...    0.873604    0.020727         0.0
74  word_h0_21.mp4           75  0.498971  ...    0.908266    0.012218         0.0
75  word_h0_21.mp4           76  0.499146  ...    0.943458    0.008326         0.0
76  word_h0_21.mp4           77  0.499229  ...    0.984012    0.029842         0.0
77  word_h0_21.mp4           78  0.499640  ...    1.012167    0.032558         0.0

[78 rows x 1958 columns]
Extracting features...
Face width computed for normalizaiton 0.16093638226692436
Features saved to: ../output/word_h0_21_features.csv
          fn_video  ... distance_r_hand6_r_hand10
0   word_h0_21.mp4  ...                  0.312676
1   word_h0_21.mp4  ...                  0.284566
2   word_h0_21.mp4  ...                  0.296446
3   word_h0_21.mp4  ...                  0.286859
4   word_h0_21.mp4  ...                  0.291752
..             ...  ...                       ...
73  word_h0_21.mp4  ...                  0.193267
74  word_h0_21.mp4  ...                  0.194790
75  word_h0_21.mp4  ...                  0.207514
76  word_h0_21.mp4  ...                  0.196898
77  word_h0_21.mp4  ...                  0.180864

[78 rows x 30 columns]
csv file with predictions was saved to ../output/predictions_rf_position_female_cropped_word_h0_21.csv
Loaded model: ../trained_models/model_rf_shape_female_cropped.pkl
Loaded video: ../stimuli/words/mp4/word_h0_21.mp4
Extracting coordinates...
          fn_video frame_number   x_face0  ...  y_r_hand20  z_r_hand20  v_r_hand20
0   word_h0_21.mp4            1  0.498555  ...    1.021478    0.038521         0.0
1   word_h0_21.mp4            2  0.498158  ...    0.993424    0.028752         0.0
2   word_h0_21.mp4            3  0.497674  ...    0.966871    0.007831         0.0
3   word_h0_21.mp4            4  0.497435  ...    0.950968    0.013899         0.0
4   word_h0_21.mp4            5  0.496973  ...    0.937515    0.009445         0.0
..             ...          ...       ...  ...         ...         ...         ...
73  word_h0_21.mp4           74  0.498372  ...    0.873604    0.020727         0.0
74  word_h0_21.mp4           75  0.498971  ...    0.908266    0.012218         0.0
75  word_h0_21.mp4           76  0.499146  ...    0.943458    0.008326         0.0
76  word_h0_21.mp4           77  0.499229  ...    0.984012    0.029842         0.0
77  word_h0_21.mp4           78  0.499640  ...    1.012167    0.032558         0.0

[78 rows x 1958 columns]
Extracting features...
Face width computed for normalizaiton 0.16093638226692436
Features saved to: ../output/word_h0_21_features.csv
          fn_video  ... distance_r_hand6_r_hand10
0   word_h0_21.mp4  ...                  0.312676
1   word_h0_21.mp4  ...                  0.284566
2   word_h0_21.mp4  ...                  0.296446
3   word_h0_21.mp4  ...                  0.286859
4   word_h0_21.mp4  ...                  0.291752
..             ...  ...                       ...
73  word_h0_21.mp4  ...                  0.193267
74  word_h0_21.mp4  ...                  0.194790
75  word_h0_21.mp4  ...                  0.207514
76  word_h0_21.mp4  ...                  0.196898
77  word_h0_21.mp4  ...                  0.180864

[78 rows x 30 columns]
csv file with predictions was saved to ../output/predictions_rf_shape_female_cropped_word_h0_21.csv
Visualization for: ../stimuli/words/mp4/word_h0_21.mp4
32
SYLLABLE ONSETS (IN FRAMES):
[19]
MAXIMA (IN FRAMES)
[13 16 39 52 63]
Syllable, frame number (mfa), frame number (onset)
pE 19 16
