python is /network/lustre/iss02/home/annahita.sarre/anaconda3/envs/myenv/bin/python
Loaded model: ../trained_models/model_rf_position_female_cropped.pkl
Loaded video: ../stimuli/words/mp4/word_h0_28.mp4
Extracting coordinates...
          fn_video frame_number   x_face0  ...  y_r_hand20  z_r_hand20  v_r_hand20
0   word_h0_28.mp4            1  0.497794  ...    0.971798    0.058482         0.0
1   word_h0_28.mp4            2  0.496942  ...    0.973908    0.033146         0.0
2   word_h0_28.mp4            3  0.496273  ...    0.938779    0.010715         0.0
3   word_h0_28.mp4            4  0.495778  ...    0.903294    0.038362         0.0
4   word_h0_28.mp4            5  0.495487  ...    0.879170    0.013969         0.0
..             ...          ...       ...  ...         ...         ...         ...
67  word_h0_28.mp4           68  0.497156  ...    0.830386    0.028415         0.0
68  word_h0_28.mp4           69  0.497146  ...    0.827739    0.029519         0.0
69  word_h0_28.mp4           70  0.496836  ...    0.831049    0.023848         0.0
70  word_h0_28.mp4           71  0.496956  ...    0.829572    0.021781         0.0
71  word_h0_28.mp4           72  0.497133  ...    0.831276    0.034322         0.0

[72 rows x 1958 columns]
Extracting features...
Face width computed for normalizaiton 0.1605027665814135
Features saved to: ../output/word_h0_28_features.csv
          fn_video  ... distance_r_hand6_r_hand10
0   word_h0_28.mp4  ...                  0.097092
1   word_h0_28.mp4  ...                  0.207090
2   word_h0_28.mp4  ...                  0.242453
3   word_h0_28.mp4  ...                  0.208761
4   word_h0_28.mp4  ...                  0.207512
..             ...  ...                       ...
67  word_h0_28.mp4  ...                  0.165859
68  word_h0_28.mp4  ...                  0.166183
69  word_h0_28.mp4  ...                  0.172086
70  word_h0_28.mp4  ...                  0.168614
71  word_h0_28.mp4  ...                  0.166257

[72 rows x 30 columns]
csv file with predictions was saved to ../output/predictions_rf_position_female_cropped_word_h0_28.csv
Loaded model: ../trained_models/model_rf_shape_female_cropped.pkl
Loaded video: ../stimuli/words/mp4/word_h0_28.mp4
Extracting coordinates...
          fn_video frame_number   x_face0  ...  y_r_hand20  z_r_hand20  v_r_hand20
0   word_h0_28.mp4            1  0.497794  ...    0.971798    0.058482         0.0
1   word_h0_28.mp4            2  0.496942  ...    0.973908    0.033146         0.0
2   word_h0_28.mp4            3  0.496273  ...    0.938779    0.010715         0.0
3   word_h0_28.mp4            4  0.495778  ...    0.903294    0.038362         0.0
4   word_h0_28.mp4            5  0.495487  ...    0.879170    0.013969         0.0
..             ...          ...       ...  ...         ...         ...         ...
67  word_h0_28.mp4           68  0.497156  ...    0.830386    0.028415         0.0
68  word_h0_28.mp4           69  0.497146  ...    0.827739    0.029519         0.0
69  word_h0_28.mp4           70  0.496836  ...    0.831049    0.023848         0.0
70  word_h0_28.mp4           71  0.496956  ...    0.829572    0.021781         0.0
71  word_h0_28.mp4           72  0.497133  ...    0.831276    0.034322         0.0

[72 rows x 1958 columns]
Extracting features...
Face width computed for normalizaiton 0.1605027665814135
Features saved to: ../output/word_h0_28_features.csv
          fn_video  ... distance_r_hand6_r_hand10
0   word_h0_28.mp4  ...                  0.097092
1   word_h0_28.mp4  ...                  0.207090
2   word_h0_28.mp4  ...                  0.242453
3   word_h0_28.mp4  ...                  0.208761
4   word_h0_28.mp4  ...                  0.207512
..             ...  ...                       ...
67  word_h0_28.mp4  ...                  0.165859
68  word_h0_28.mp4  ...                  0.166183
69  word_h0_28.mp4  ...                  0.172086
70  word_h0_28.mp4  ...                  0.168614
71  word_h0_28.mp4  ...                  0.166257

[72 rows x 30 columns]
csv file with predictions was saved to ../output/predictions_rf_shape_female_cropped_word_h0_28.csv
Visualization for: ../stimuli/words/mp4/word_h0_28.mp4
32
SYLLABLE ONSETS (IN FRAMES):
[14 42]
MAXIMA (IN FRAMES)
[14 35 60 65]
Syllable, frame number (mfa), frame number (onset)
y 14 14
ni 42 35
