python is /network/lustre/iss02/home/annahita.sarre/anaconda3/envs/myenv/bin/python
Loaded model: ../trained_models/model_rf_position_female_cropped.pkl
Loaded video: ../stimuli/words/mp4/word_h1_07.mp4
Extracting coordinates...
          fn_video frame_number   x_face0  ...  y_r_hand20  z_r_hand20  v_r_hand20
0   word_h1_07.mp4            1  0.510600  ...    1.016653    0.034383         0.0
1   word_h1_07.mp4            2  0.509453  ...    0.996455    0.010066         0.0
2   word_h1_07.mp4            3  0.508765  ...    0.973933    0.015217         0.0
3   word_h1_07.mp4            4  0.509356  ...    0.952568    0.013008         0.0
4   word_h1_07.mp4            5  0.509152  ...    0.924425    0.012231         0.0
..             ...          ...       ...  ...         ...         ...         ...
73  word_h1_07.mp4           74  0.508784  ...    0.771231    0.018263         0.0
74  word_h1_07.mp4           75  0.508489  ...    0.779709    0.025562         0.0
75  word_h1_07.mp4           76  0.508262  ...    0.794764    0.025646         0.0
76  word_h1_07.mp4           77  0.508718  ...    0.819584    0.027899         0.0
77  word_h1_07.mp4           78  0.509239  ...    0.840315    0.022139         0.0

[78 rows x 1958 columns]
Extracting features...
Face width computed for normalizaiton 0.16152959195711752
Features saved to: ../output/word_h1_07_features.csv
          fn_video  ... distance_r_hand6_r_hand10
0   word_h1_07.mp4  ...                  0.197195
1   word_h1_07.mp4  ...                  0.208736
2   word_h1_07.mp4  ...                  0.221021
3   word_h1_07.mp4  ...                  0.221449
4   word_h1_07.mp4  ...                  0.200866
..             ...  ...                       ...
73  word_h1_07.mp4  ...                  0.202265
74  word_h1_07.mp4  ...                  0.183435
75  word_h1_07.mp4  ...                  0.176573
76  word_h1_07.mp4  ...                  0.179783
77  word_h1_07.mp4  ...                  0.177207

[78 rows x 30 columns]
csv file with predictions was saved to ../output/predictions_rf_position_female_cropped_word_h1_07.csv
Loaded model: ../trained_models/model_rf_shape_female_cropped.pkl
Loaded video: ../stimuli/words/mp4/word_h1_07.mp4
Extracting coordinates...
          fn_video frame_number   x_face0  ...  y_r_hand20  z_r_hand20  v_r_hand20
0   word_h1_07.mp4            1  0.510600  ...    1.016653    0.034383         0.0
1   word_h1_07.mp4            2  0.509453  ...    0.996455    0.010066         0.0
2   word_h1_07.mp4            3  0.508765  ...    0.973933    0.015217         0.0
3   word_h1_07.mp4            4  0.509356  ...    0.952568    0.013008         0.0
4   word_h1_07.mp4            5  0.509152  ...    0.924425    0.012231         0.0
..             ...          ...       ...  ...         ...         ...         ...
73  word_h1_07.mp4           74  0.508784  ...    0.771231    0.018263         0.0
74  word_h1_07.mp4           75  0.508489  ...    0.779709    0.025562         0.0
75  word_h1_07.mp4           76  0.508262  ...    0.794764    0.025646         0.0
76  word_h1_07.mp4           77  0.508718  ...    0.819584    0.027899         0.0
77  word_h1_07.mp4           78  0.509239  ...    0.840315    0.022139         0.0

[78 rows x 1958 columns]
Extracting features...
Face width computed for normalizaiton 0.16152959195711752
Features saved to: ../output/word_h1_07_features.csv
          fn_video  ... distance_r_hand6_r_hand10
0   word_h1_07.mp4  ...                  0.197195
1   word_h1_07.mp4  ...                  0.208736
2   word_h1_07.mp4  ...                  0.221021
3   word_h1_07.mp4  ...                  0.221449
4   word_h1_07.mp4  ...                  0.200866
..             ...  ...                       ...
73  word_h1_07.mp4  ...                  0.202265
74  word_h1_07.mp4  ...                  0.183435
75  word_h1_07.mp4  ...                  0.176573
76  word_h1_07.mp4  ...                  0.179783
77  word_h1_07.mp4  ...                  0.177207

[78 rows x 30 columns]
csv file with predictions was saved to ../output/predictions_rf_shape_female_cropped_word_h1_07.csv
Visualization for: ../stimuli/words/mp4/word_h1_07.mp4
32
SYLLABLE ONSETS (IN FRAMES):
[20 39]
MAXIMA (IN FRAMES)
[27 48 61 66]
Syllable, frame number (mfa), frame number (onset)
m§ 20 27
ta 39 48
