python is /network/lustre/iss02/home/annahita.sarre/anaconda3/envs/myenv/bin/python
Loaded model: ../trained_models/model_rf_position_female_cropped.pkl
Loaded video: ../stimuli/words/mp4/word_h2_06.mp4
Extracting coordinates...
          fn_video frame_number   x_face0  ...  y_r_hand20  z_r_hand20  v_r_hand20
0   word_h2_06.mp4            7  0.492234  ...    0.962806   -0.002526         0.0
1   word_h2_06.mp4            8  0.491900  ...    0.916974    0.005397         0.0
2   word_h2_06.mp4            9  0.492226  ...    0.881896    0.005993         0.0
3   word_h2_06.mp4           10  0.492971  ...    0.854410    0.004449         0.0
4   word_h2_06.mp4           11  0.492745  ...    0.829581    0.001937         0.0
5   word_h2_06.mp4           12  0.493223  ...    0.806392    0.003299         0.0
6   word_h2_06.mp4           13  0.493713  ...    0.787019    0.004764         0.0
7   word_h2_06.mp4           14  0.494258  ...    0.771179    0.001287         0.0
8   word_h2_06.mp4           15  0.494439  ...    0.756688    0.001881         0.0
9   word_h2_06.mp4           16  0.494647  ...    0.747696    0.004419         0.0
10  word_h2_06.mp4           17  0.494893  ...    0.738940    0.000678         0.0
11  word_h2_06.mp4           18  0.494641  ...    0.727868    0.000003         0.0
12  word_h2_06.mp4           19  0.495157  ...    0.724186   -0.003486         0.0
13  word_h2_06.mp4           20  0.495526  ...    0.710891   -0.006674         0.0
14  word_h2_06.mp4           21  0.495845  ...    0.685321   -0.003902         0.0
15  word_h2_06.mp4           22  0.495925  ...    0.668942   -0.010171         0.0
16  word_h2_06.mp4           23  0.496183  ...    0.648474   -0.029284         0.0
17  word_h2_06.mp4           24  0.495975  ...    0.635764   -0.035815         0.0
18  word_h2_06.mp4           25  0.496129  ...    0.634444   -0.050148         0.0
19  word_h2_06.mp4           26  0.495627  ...    0.633759   -0.045257         0.0
20  word_h2_06.mp4           27  0.494769  ...    0.636842   -0.039524         0.0
21  word_h2_06.mp4           28  0.494057  ...    0.638941   -0.029818         0.0
22  word_h2_06.mp4           29  0.493883  ...    0.641909   -0.024636         0.0
23  word_h2_06.mp4           30  0.493206  ...    0.643690   -0.019681         0.0
24  word_h2_06.mp4           31  0.492874  ...    0.647911   -0.022592         0.0
25  word_h2_06.mp4           32  0.493229  ...    0.653637   -0.005541         0.0
26  word_h2_06.mp4           33  0.494103  ...    0.659685    0.001079         0.0
27  word_h2_06.mp4           34  0.494879  ...    0.662691    0.006995         0.0
28  word_h2_06.mp4           35  0.495164  ...    0.671991   -0.007149         0.0
29  word_h2_06.mp4           36  0.495849  ...    0.691727   -0.006345         0.0
30  word_h2_06.mp4           37  0.496067  ...    0.738776    0.006157         0.0
31  word_h2_06.mp4           38  0.498339  ...    0.775092   -0.006563         0.0
32  word_h2_06.mp4           39  0.498716  ...    0.782937   -0.009754         0.0
33  word_h2_06.mp4           40  0.498636  ...    0.798008   -0.009150         0.0
34  word_h2_06.mp4           41  0.498788  ...    0.800639   -0.010155         0.0
35  word_h2_06.mp4           42  0.498822  ...    0.807000   -0.009059         0.0
36  word_h2_06.mp4           43  0.498835  ...    0.806309   -0.011320         0.0
37  word_h2_06.mp4           44  0.498438  ...    0.804638   -0.015032         0.0
38  word_h2_06.mp4           45  0.498769  ...    0.803979   -0.009172         0.0
39  word_h2_06.mp4           46  0.497838  ...    0.804029   -0.014450         0.0
40  word_h2_06.mp4           47  0.497691  ...    0.804063   -0.011966         0.0
41  word_h2_06.mp4           48  0.496720  ...    0.802299   -0.014509         0.0
42  word_h2_06.mp4           49  0.495206  ...    0.801498   -0.013858         0.0
43  word_h2_06.mp4           50  0.494967  ...    0.800915   -0.013240         0.0
44  word_h2_06.mp4           51  0.494800  ...    0.802110   -0.013958         0.0
45  word_h2_06.mp4           52  0.494994  ...    0.803252   -0.014032         0.0
46  word_h2_06.mp4           53  0.495064  ...    0.800831   -0.014176         0.0
47  word_h2_06.mp4           54  0.494542  ...    0.801638   -0.013655         0.0
48  word_h2_06.mp4           55  0.494421  ...    0.801820   -0.012066         0.0
49  word_h2_06.mp4           56  0.494712  ...    0.803302   -0.010516         0.0
50  word_h2_06.mp4           57  0.494673  ...    0.805550   -0.010361         0.0
51  word_h2_06.mp4           58  0.494867  ...    0.808750   -0.011037         0.0
52  word_h2_06.mp4           59  0.495073  ...    0.812937   -0.011308         0.0
53  word_h2_06.mp4           60  0.494959  ...    0.811970   -0.009452         0.0
54  word_h2_06.mp4           61  0.495326  ...    0.823879   -0.011376         0.0
55  word_h2_06.mp4           62  0.495561  ...    0.847663   -0.010397         0.0
56  word_h2_06.mp4           63  0.495990  ...    0.874536   -0.009159         0.0
57  word_h2_06.mp4           64  0.496877  ...    0.899241   -0.010480         0.0
58  word_h2_06.mp4           65  0.497372  ...    0.927664   -0.015644         0.0
59  word_h2_06.mp4           66  0.497865  ...    0.948559   -0.008446         0.0

[60 rows x 1958 columns]
Extracting features...
Face width computed for normalizaiton 0.16048409318845244
Features saved to: ../output/word_h2_06_features.csv
          fn_video  ... distance_r_hand6_r_hand10
0   word_h2_06.mp4  ...                  0.250857
1   word_h2_06.mp4  ...                  0.280259
2   word_h2_06.mp4  ...                  0.302740
3   word_h2_06.mp4  ...                  0.338572
4   word_h2_06.mp4  ...                  0.355951
5   word_h2_06.mp4  ...                  0.377947
6   word_h2_06.mp4  ...                  0.358734
7   word_h2_06.mp4  ...                  0.374840
8   word_h2_06.mp4  ...                  0.361314
9   word_h2_06.mp4  ...                  0.346139
10  word_h2_06.mp4  ...                  0.343979
11  word_h2_06.mp4  ...                  0.316234
12  word_h2_06.mp4  ...                  0.300758
13  word_h2_06.mp4  ...                  0.304696
14  word_h2_06.mp4  ...                  0.268116
15  word_h2_06.mp4  ...                  0.210325
16  word_h2_06.mp4  ...                  0.190201
17  word_h2_06.mp4  ...                  0.172889
18  word_h2_06.mp4  ...                  0.166911
19  word_h2_06.mp4  ...                  0.152037
20  word_h2_06.mp4  ...                  0.141892
21  word_h2_06.mp4  ...                  0.129380
22  word_h2_06.mp4  ...                  0.132428
23  word_h2_06.mp4  ...                  0.138088
24  word_h2_06.mp4  ...                  0.144322
25  word_h2_06.mp4  ...                  0.157188
26  word_h2_06.mp4  ...                  0.166323
27  word_h2_06.mp4  ...                  0.166914
28  word_h2_06.mp4  ...                  0.165522
29  word_h2_06.mp4  ...                  0.196813
30  word_h2_06.mp4  ...                  0.230270
31  word_h2_06.mp4  ...                  0.257703
32  word_h2_06.mp4  ...                  0.243724
33  word_h2_06.mp4  ...                  0.256088
34  word_h2_06.mp4  ...                  0.246167
35  word_h2_06.mp4  ...                  0.245352
36  word_h2_06.mp4  ...                  0.230605
37  word_h2_06.mp4  ...                  0.241395
38  word_h2_06.mp4  ...                  0.241495
39  word_h2_06.mp4  ...                  0.246275
40  word_h2_06.mp4  ...                  0.248910
41  word_h2_06.mp4  ...                  0.251256
42  word_h2_06.mp4  ...                  0.250867
43  word_h2_06.mp4  ...                  0.251299
44  word_h2_06.mp4  ...                  0.257913
45  word_h2_06.mp4  ...                  0.255029
46  word_h2_06.mp4  ...                  0.256733
47  word_h2_06.mp4  ...                  0.256333
48  word_h2_06.mp4  ...                  0.255193
49  word_h2_06.mp4  ...                  0.252823
50  word_h2_06.mp4  ...                  0.252217
51  word_h2_06.mp4  ...                  0.265624
52  word_h2_06.mp4  ...                  0.260656
53  word_h2_06.mp4  ...                  0.228587
54  word_h2_06.mp4  ...                  0.211620
55  word_h2_06.mp4  ...                  0.214723
56  word_h2_06.mp4  ...                  0.208260
57  word_h2_06.mp4  ...                  0.202318
58  word_h2_06.mp4  ...                  0.212249
59  word_h2_06.mp4  ...                  0.204145

[60 rows x 30 columns]
csv file with predictions was saved to ../output/predictions_rf_position_female_cropped_word_h2_06.csv
Loaded model: ../trained_models/model_rf_shape_female_cropped.pkl
Loaded video: ../stimuli/words/mp4/word_h2_06.mp4
Extracting coordinates...
          fn_video frame_number   x_face0  ...  y_r_hand20  z_r_hand20  v_r_hand20
0   word_h2_06.mp4            7  0.492234  ...    0.962806   -0.002526         0.0
1   word_h2_06.mp4            8  0.491900  ...    0.916974    0.005397         0.0
2   word_h2_06.mp4            9  0.492226  ...    0.881896    0.005993         0.0
3   word_h2_06.mp4           10  0.492971  ...    0.854410    0.004449         0.0
4   word_h2_06.mp4           11  0.492745  ...    0.829581    0.001937         0.0
5   word_h2_06.mp4           12  0.493223  ...    0.806392    0.003299         0.0
6   word_h2_06.mp4           13  0.493713  ...    0.787019    0.004764         0.0
7   word_h2_06.mp4           14  0.494258  ...    0.771179    0.001287         0.0
8   word_h2_06.mp4           15  0.494439  ...    0.756688    0.001881         0.0
9   word_h2_06.mp4           16  0.494647  ...    0.747696    0.004419         0.0
10  word_h2_06.mp4           17  0.494893  ...    0.738940    0.000678         0.0
11  word_h2_06.mp4           18  0.494641  ...    0.727868    0.000003         0.0
12  word_h2_06.mp4           19  0.495157  ...    0.724186   -0.003486         0.0
13  word_h2_06.mp4           20  0.495526  ...    0.710891   -0.006674         0.0
14  word_h2_06.mp4           21  0.495845  ...    0.685321   -0.003902         0.0
15  word_h2_06.mp4           22  0.495925  ...    0.668942   -0.010171         0.0
16  word_h2_06.mp4           23  0.496183  ...    0.648474   -0.029284         0.0
17  word_h2_06.mp4           24  0.495975  ...    0.635764   -0.035815         0.0
18  word_h2_06.mp4           25  0.496129  ...    0.634444   -0.050148         0.0
19  word_h2_06.mp4           26  0.495627  ...    0.633759   -0.045257         0.0
20  word_h2_06.mp4           27  0.494769  ...    0.636842   -0.039524         0.0
21  word_h2_06.mp4           28  0.494057  ...    0.638941   -0.029818         0.0
22  word_h2_06.mp4           29  0.493883  ...    0.641909   -0.024636         0.0
23  word_h2_06.mp4           30  0.493206  ...    0.643690   -0.019681         0.0
24  word_h2_06.mp4           31  0.492874  ...    0.647911   -0.022592         0.0
25  word_h2_06.mp4           32  0.493229  ...    0.653637   -0.005541         0.0
26  word_h2_06.mp4           33  0.494103  ...    0.659685    0.001079         0.0
27  word_h2_06.mp4           34  0.494879  ...    0.662691    0.006995         0.0
28  word_h2_06.mp4           35  0.495164  ...    0.671991   -0.007149         0.0
29  word_h2_06.mp4           36  0.495849  ...    0.691727   -0.006345         0.0
30  word_h2_06.mp4           37  0.496067  ...    0.738776    0.006157         0.0
31  word_h2_06.mp4           38  0.498339  ...    0.775092   -0.006563         0.0
32  word_h2_06.mp4           39  0.498716  ...    0.782937   -0.009754         0.0
33  word_h2_06.mp4           40  0.498636  ...    0.798008   -0.009150         0.0
34  word_h2_06.mp4           41  0.498788  ...    0.800639   -0.010155         0.0
35  word_h2_06.mp4           42  0.498822  ...    0.807000   -0.009059         0.0
36  word_h2_06.mp4           43  0.498835  ...    0.806309   -0.011320         0.0
37  word_h2_06.mp4           44  0.498438  ...    0.804638   -0.015032         0.0
38  word_h2_06.mp4           45  0.498769  ...    0.803979   -0.009172         0.0
39  word_h2_06.mp4           46  0.497838  ...    0.804029   -0.014450         0.0
40  word_h2_06.mp4           47  0.497691  ...    0.804063   -0.011966         0.0
41  word_h2_06.mp4           48  0.496720  ...    0.802299   -0.014509         0.0
42  word_h2_06.mp4           49  0.495206  ...    0.801498   -0.013858         0.0
43  word_h2_06.mp4           50  0.494967  ...    0.800915   -0.013240         0.0
44  word_h2_06.mp4           51  0.494800  ...    0.802110   -0.013958         0.0
45  word_h2_06.mp4           52  0.494994  ...    0.803252   -0.014032         0.0
46  word_h2_06.mp4           53  0.495064  ...    0.800831   -0.014176         0.0
47  word_h2_06.mp4           54  0.494542  ...    0.801638   -0.013655         0.0
48  word_h2_06.mp4           55  0.494421  ...    0.801820   -0.012066         0.0
49  word_h2_06.mp4           56  0.494712  ...    0.803302   -0.010516         0.0
50  word_h2_06.mp4           57  0.494673  ...    0.805550   -0.010361         0.0
51  word_h2_06.mp4           58  0.494867  ...    0.808750   -0.011037         0.0
52  word_h2_06.mp4           59  0.495073  ...    0.812937   -0.011308         0.0
53  word_h2_06.mp4           60  0.494959  ...    0.811970   -0.009452         0.0
54  word_h2_06.mp4           61  0.495326  ...    0.823879   -0.011376         0.0
55  word_h2_06.mp4           62  0.495561  ...    0.847663   -0.010397         0.0
56  word_h2_06.mp4           63  0.495990  ...    0.874536   -0.009159         0.0
57  word_h2_06.mp4           64  0.496877  ...    0.899241   -0.010480         0.0
58  word_h2_06.mp4           65  0.497372  ...    0.927664   -0.015644         0.0
59  word_h2_06.mp4           66  0.497865  ...    0.948559   -0.008446         0.0

[60 rows x 1958 columns]
Extracting features...
Face width computed for normalizaiton 0.16048409318845244
Features saved to: ../output/word_h2_06_features.csv
          fn_video  ... distance_r_hand6_r_hand10
0   word_h2_06.mp4  ...                  0.250857
1   word_h2_06.mp4  ...                  0.280259
2   word_h2_06.mp4  ...                  0.302740
3   word_h2_06.mp4  ...                  0.338572
4   word_h2_06.mp4  ...                  0.355951
5   word_h2_06.mp4  ...                  0.377947
6   word_h2_06.mp4  ...                  0.358734
7   word_h2_06.mp4  ...                  0.374840
8   word_h2_06.mp4  ...                  0.361314
9   word_h2_06.mp4  ...                  0.346139
10  word_h2_06.mp4  ...                  0.343979
11  word_h2_06.mp4  ...                  0.316234
12  word_h2_06.mp4  ...                  0.300758
13  word_h2_06.mp4  ...                  0.304696
14  word_h2_06.mp4  ...                  0.268116
15  word_h2_06.mp4  ...                  0.210325
16  word_h2_06.mp4  ...                  0.190201
17  word_h2_06.mp4  ...                  0.172889
18  word_h2_06.mp4  ...                  0.166911
19  word_h2_06.mp4  ...                  0.152037
20  word_h2_06.mp4  ...                  0.141892
21  word_h2_06.mp4  ...                  0.129380
22  word_h2_06.mp4  ...                  0.132428
23  word_h2_06.mp4  ...                  0.138088
24  word_h2_06.mp4  ...                  0.144322
25  word_h2_06.mp4  ...                  0.157188
26  word_h2_06.mp4  ...                  0.166323
27  word_h2_06.mp4  ...                  0.166914
28  word_h2_06.mp4  ...                  0.165522
29  word_h2_06.mp4  ...                  0.196813
30  word_h2_06.mp4  ...                  0.230270
31  word_h2_06.mp4  ...                  0.257703
32  word_h2_06.mp4  ...                  0.243724
33  word_h2_06.mp4  ...                  0.256088
34  word_h2_06.mp4  ...                  0.246167
35  word_h2_06.mp4  ...                  0.245352
36  word_h2_06.mp4  ...                  0.230605
37  word_h2_06.mp4  ...                  0.241395
38  word_h2_06.mp4  ...                  0.241495
39  word_h2_06.mp4  ...                  0.246275
40  word_h2_06.mp4  ...                  0.248910
41  word_h2_06.mp4  ...                  0.251256
42  word_h2_06.mp4  ...                  0.250867
43  word_h2_06.mp4  ...                  0.251299
44  word_h2_06.mp4  ...                  0.257913
45  word_h2_06.mp4  ...                  0.255029
46  word_h2_06.mp4  ...                  0.256733
47  word_h2_06.mp4  ...                  0.256333
48  word_h2_06.mp4  ...                  0.255193
49  word_h2_06.mp4  ...                  0.252823
50  word_h2_06.mp4  ...                  0.252217
51  word_h2_06.mp4  ...                  0.265624
52  word_h2_06.mp4  ...                  0.260656
53  word_h2_06.mp4  ...                  0.228587
54  word_h2_06.mp4  ...                  0.211620
55  word_h2_06.mp4  ...                  0.214723
56  word_h2_06.mp4  ...                  0.208260
57  word_h2_06.mp4  ...                  0.202318
58  word_h2_06.mp4  ...                  0.212249
59  word_h2_06.mp4  ...                  0.204145

[60 rows x 30 columns]
csv file with predictions was saved to ../output/predictions_rf_shape_female_cropped_word_h2_06.csv
Visualization for: ../stimuli/words/mp4/word_h2_06.mp4
32
SYLLABLE ONSETS (IN FRAMES):
[19 25]
MAXIMA (IN FRAMES)
[18 32 49]
Syllable, frame number (mfa), frame number (onset)
d 19 18
8E 25 32
