python is /network/lustre/iss02/home/annahita.sarre/anaconda3/envs/myenv/bin/python
Loaded model: ../trained_models/model_rf_position_female_cropped.pkl
Loaded video: ../stimuli/words/mp4/word_h1_35.mp4
Extracting coordinates...
          fn_video frame_number   x_face0  ...  y_r_hand20  z_r_hand20  v_r_hand20
0   word_h1_35.mp4            1  0.494702  ...    0.994757    0.029791         0.0
1   word_h1_35.mp4            2  0.494763  ...    0.938048    0.019588         0.0
2   word_h1_35.mp4            3  0.494785  ...    0.912976    0.023304         0.0
3   word_h1_35.mp4            4  0.495282  ...    0.894001    0.037795         0.0
4   word_h1_35.mp4            5  0.495338  ...    0.878689    0.027424         0.0
..             ...          ...       ...  ...         ...         ...         ...
62  word_h1_35.mp4           63  0.495842  ...    0.743912    0.009020         0.0
63  word_h1_35.mp4           64  0.495259  ...    0.776535    0.013547         0.0
64  word_h1_35.mp4           65  0.495760  ...    0.782683    0.011724         0.0
65  word_h1_35.mp4           66  0.496874  ...    0.789845    0.013454         0.0
66  word_h1_35.mp4           67  0.496765  ...    0.812726    0.011502         0.0

[67 rows x 1958 columns]
Extracting features...
Face width computed for normalizaiton 0.16027055867021991
Features saved to: ../output/word_h1_35_features.csv
          fn_video  ... distance_r_hand6_r_hand10
0   word_h1_35.mp4  ...                  0.134311
1   word_h1_35.mp4  ...                  0.204277
2   word_h1_35.mp4  ...                  0.199006
3   word_h1_35.mp4  ...                  0.187910
4   word_h1_35.mp4  ...                  0.180373
..             ...  ...                       ...
62  word_h1_35.mp4  ...                  0.158864
63  word_h1_35.mp4  ...                  0.160380
64  word_h1_35.mp4  ...                  0.160377
65  word_h1_35.mp4  ...                  0.163761
66  word_h1_35.mp4  ...                  0.174935

[67 rows x 30 columns]
csv file with predictions was saved to ../output/predictions_rf_position_female_cropped_word_h1_35.csv
Loaded model: ../trained_models/model_rf_shape_female_cropped.pkl
Loaded video: ../stimuli/words/mp4/word_h1_35.mp4
Extracting coordinates...
          fn_video frame_number   x_face0  ...  y_r_hand20  z_r_hand20  v_r_hand20
0   word_h1_35.mp4            1  0.494702  ...    0.994757    0.029791         0.0
1   word_h1_35.mp4            2  0.494763  ...    0.938048    0.019588         0.0
2   word_h1_35.mp4            3  0.494785  ...    0.912976    0.023304         0.0
3   word_h1_35.mp4            4  0.495282  ...    0.894001    0.037795         0.0
4   word_h1_35.mp4            5  0.495338  ...    0.878689    0.027424         0.0
..             ...          ...       ...  ...         ...         ...         ...
62  word_h1_35.mp4           63  0.495842  ...    0.743912    0.009020         0.0
63  word_h1_35.mp4           64  0.495259  ...    0.776535    0.013547         0.0
64  word_h1_35.mp4           65  0.495760  ...    0.782683    0.011724         0.0
65  word_h1_35.mp4           66  0.496874  ...    0.789845    0.013454         0.0
66  word_h1_35.mp4           67  0.496765  ...    0.812726    0.011502         0.0

[67 rows x 1958 columns]
Extracting features...
Face width computed for normalizaiton 0.16027055867021991
Features saved to: ../output/word_h1_35_features.csv
          fn_video  ... distance_r_hand6_r_hand10
0   word_h1_35.mp4  ...                  0.134311
1   word_h1_35.mp4  ...                  0.204277
2   word_h1_35.mp4  ...                  0.199006
3   word_h1_35.mp4  ...                  0.187910
4   word_h1_35.mp4  ...                  0.180373
..             ...  ...                       ...
62  word_h1_35.mp4  ...                  0.158864
63  word_h1_35.mp4  ...                  0.160380
64  word_h1_35.mp4  ...                  0.160377
65  word_h1_35.mp4  ...                  0.163761
66  word_h1_35.mp4  ...                  0.174935

[67 rows x 30 columns]
csv file with predictions was saved to ../output/predictions_rf_shape_female_cropped_word_h1_35.csv
Visualization for: ../stimuli/words/mp4/word_h1_35.mp4
32
SYLLABLE ONSETS (IN FRAMES):
[23 35 44]
MAXIMA (IN FRAMES)
[23 30 36 52 56]
Syllable, frame number (mfa), frame number (onset)
k@ 23 23
ti 35 36
n 44 52
!!!!!!!!!!!!!!!!!!!!!!!!!!!!!!!!!!!!!!!!!!!!!!!!!!!!!!!!!!!!!!!!!!!!!!!!!!!!!!!!!!!!!!!!!!!!!!!!!!!!
The video was successfully saved
The marked video was saved to: ../stimuli/words/mp4/word_h1_35.mp4
Figure was save to: ../figures/../stimuli/words/mp4/word_h1_35.mp4.png
