python is /network/lustre/iss02/home/annahita.sarre/anaconda3/envs/myenv/bin/python
Loaded model: ../trained_models/model_rf_position_female_cropped.pkl
Loaded video: ../stimuli/words/mp4/word_h1_11.mp4
Extracting coordinates...
          fn_video frame_number   x_face0  ...  y_r_hand20  z_r_hand20  v_r_hand20
0   word_h1_11.mp4           10  0.507406  ...    0.977003    0.023999         0.0
1   word_h1_11.mp4           11  0.507327  ...    0.947447    0.022916         0.0
2   word_h1_11.mp4           12  0.507751  ...    0.909637    0.011252         0.0
3   word_h1_11.mp4           13  0.507537  ...    0.887089    0.012881         0.0
4   word_h1_11.mp4           14  0.507313  ...    0.865549    0.000260         0.0
..             ...          ...       ...  ...         ...         ...         ...
73  word_h1_11.mp4           83  0.505035  ...    0.971262    0.021765         0.0
74  word_h1_11.mp4           84  0.504147  ...    0.975650    0.044034         0.0
75  word_h1_11.mp4           85  0.504335  ...    0.994699    0.069291         0.0
76  word_h1_11.mp4           86  0.504548  ...    0.990942    0.040725         0.0
77  word_h1_11.mp4           87  0.504944  ...    0.999421    0.060139         0.0

[78 rows x 1958 columns]
Extracting features...
Face width computed for normalizaiton 0.16286678098912313
Features saved to: ../output/word_h1_11_features.csv
          fn_video  ... distance_r_hand6_r_hand10
0   word_h1_11.mp4  ...                  0.228730
1   word_h1_11.mp4  ...                  0.222402
2   word_h1_11.mp4  ...                  0.199122
3   word_h1_11.mp4  ...                  0.197417
4   word_h1_11.mp4  ...                  0.189410
..             ...  ...                       ...
73  word_h1_11.mp4  ...                  0.227990
74  word_h1_11.mp4  ...                  0.180606
75  word_h1_11.mp4  ...                  0.192123
76  word_h1_11.mp4  ...                  0.162121
77  word_h1_11.mp4  ...                  0.142126

[78 rows x 30 columns]
csv file with predictions was saved to ../output/predictions_rf_position_female_cropped_word_h1_11.csv
Loaded model: ../trained_models/model_rf_shape_female_cropped.pkl
Loaded video: ../stimuli/words/mp4/word_h1_11.mp4
Extracting coordinates...
          fn_video frame_number   x_face0  ...  y_r_hand20  z_r_hand20  v_r_hand20
0   word_h1_11.mp4           10  0.507406  ...    0.977003    0.023999         0.0
1   word_h1_11.mp4           11  0.507327  ...    0.947447    0.022916         0.0
2   word_h1_11.mp4           12  0.507751  ...    0.909637    0.011252         0.0
3   word_h1_11.mp4           13  0.507537  ...    0.887089    0.012881         0.0
4   word_h1_11.mp4           14  0.507313  ...    0.865549    0.000260         0.0
..             ...          ...       ...  ...         ...         ...         ...
73  word_h1_11.mp4           83  0.505035  ...    0.971262    0.021765         0.0
74  word_h1_11.mp4           84  0.504147  ...    0.975650    0.044034         0.0
75  word_h1_11.mp4           85  0.504335  ...    0.994699    0.069291         0.0
76  word_h1_11.mp4           86  0.504548  ...    0.990942    0.040725         0.0
77  word_h1_11.mp4           87  0.504944  ...    0.999421    0.060139         0.0

[78 rows x 1958 columns]
Extracting features...
Face width computed for normalizaiton 0.16286678098912313
Features saved to: ../output/word_h1_11_features.csv
          fn_video  ... distance_r_hand6_r_hand10
0   word_h1_11.mp4  ...                  0.228730
1   word_h1_11.mp4  ...                  0.222402
2   word_h1_11.mp4  ...                  0.199122
3   word_h1_11.mp4  ...                  0.197417
4   word_h1_11.mp4  ...                  0.189410
..             ...  ...                       ...
73  word_h1_11.mp4  ...                  0.227990
74  word_h1_11.mp4  ...                  0.180606
75  word_h1_11.mp4  ...                  0.192123
76  word_h1_11.mp4  ...                  0.162121
77  word_h1_11.mp4  ...                  0.142126

[78 rows x 30 columns]
csv file with predictions was saved to ../output/predictions_rf_shape_female_cropped_word_h1_11.csv
Visualization for: ../stimuli/words/mp4/word_h1_11.mp4
32
SYLLABLE ONSETS (IN FRAMES):
[23 43]
MAXIMA (IN FRAMES)
[22 49 62]
Syllable, frame number (mfa), frame number (onset)
y 23 22
za 43 49
