python is /network/lustre/iss02/home/annahita.sarre/anaconda3/envs/myenv/bin/python
Loaded model: ../trained_models/model_rf_position_female_cropped.pkl
Loaded video: ../stimuli/words/mp4/word_h2_40.mp4
Extracting coordinates...
          fn_video frame_number   x_face0  ...  y_r_hand20  z_r_hand20  v_r_hand20
0   word_h2_40.mp4            7  0.505395  ...    1.022354    0.032601         0.0
1   word_h2_40.mp4            8  0.505086  ...    0.983777    0.035011         0.0
2   word_h2_40.mp4            9  0.504831  ...    0.971905    0.027877         0.0
3   word_h2_40.mp4           10  0.504575  ...    0.958069    0.026567         0.0
4   word_h2_40.mp4           11  0.504700  ...    0.926241    0.023967         0.0
..             ...          ...       ...  ...         ...         ...         ...
61  word_h2_40.mp4           68  0.500806  ...    0.612227   -0.008085         0.0
62  word_h2_40.mp4           69  0.501245  ...    0.611952   -0.011616         0.0
63  word_h2_40.mp4           70  0.501294  ...    0.626082   -0.007913         0.0
64  word_h2_40.mp4           71  0.501133  ...    0.637215   -0.002611         0.0
65  word_h2_40.mp4           72  0.501213  ...    0.651286    0.001089         0.0

[66 rows x 1958 columns]
Extracting features...
Face width computed for normalizaiton 0.1559847053863376
Features saved to: ../output/word_h2_40_features.csv
          fn_video  ... distance_r_hand6_r_hand10
0   word_h2_40.mp4  ...                  0.230487
1   word_h2_40.mp4  ...                  0.195909
2   word_h2_40.mp4  ...                  0.227749
3   word_h2_40.mp4  ...                  0.234846
4   word_h2_40.mp4  ...                  0.227769
..             ...  ...                       ...
61  word_h2_40.mp4  ...                  0.163286
62  word_h2_40.mp4  ...                  0.167189
63  word_h2_40.mp4  ...                  0.156325
64  word_h2_40.mp4  ...                  0.152998
65  word_h2_40.mp4  ...                  0.151547

[66 rows x 30 columns]
csv file with predictions was saved to ../output/predictions_rf_position_female_cropped_word_h2_40.csv
Loaded model: ../trained_models/model_rf_shape_female_cropped.pkl
Loaded video: ../stimuli/words/mp4/word_h2_40.mp4
Extracting coordinates...
          fn_video frame_number   x_face0  ...  y_r_hand20  z_r_hand20  v_r_hand20
0   word_h2_40.mp4            7  0.505395  ...    1.022354    0.032601         0.0
1   word_h2_40.mp4            8  0.505086  ...    0.983777    0.035011         0.0
2   word_h2_40.mp4            9  0.504831  ...    0.971905    0.027877         0.0
3   word_h2_40.mp4           10  0.504575  ...    0.958069    0.026567         0.0
4   word_h2_40.mp4           11  0.504700  ...    0.926241    0.023967         0.0
..             ...          ...       ...  ...         ...         ...         ...
61  word_h2_40.mp4           68  0.500806  ...    0.612227   -0.008085         0.0
62  word_h2_40.mp4           69  0.501245  ...    0.611952   -0.011616         0.0
63  word_h2_40.mp4           70  0.501294  ...    0.626082   -0.007913         0.0
64  word_h2_40.mp4           71  0.501133  ...    0.637215   -0.002611         0.0
65  word_h2_40.mp4           72  0.501213  ...    0.651286    0.001089         0.0

[66 rows x 1958 columns]
Extracting features...
Face width computed for normalizaiton 0.1559847053863376
Features saved to: ../output/word_h2_40_features.csv
          fn_video  ... distance_r_hand6_r_hand10
0   word_h2_40.mp4  ...                  0.230487
1   word_h2_40.mp4  ...                  0.195909
2   word_h2_40.mp4  ...                  0.227749
3   word_h2_40.mp4  ...                  0.234846
4   word_h2_40.mp4  ...                  0.227769
..             ...  ...                       ...
61  word_h2_40.mp4  ...                  0.163286
62  word_h2_40.mp4  ...                  0.167189
63  word_h2_40.mp4  ...                  0.156325
64  word_h2_40.mp4  ...                  0.152998
65  word_h2_40.mp4  ...                  0.151547

[66 rows x 30 columns]
csv file with predictions was saved to ../output/predictions_rf_shape_female_cropped_word_h2_40.csv
Visualization for: ../stimuli/words/mp4/word_h2_40.mp4
32
SYLLABLE ONSETS (IN FRAMES):
[36]
MAXIMA (IN FRAMES)
[34 54 61]
Syllable, frame number (mfa), frame number (onset)
SE 36 34
