python is /network/lustre/iss02/home/annahita.sarre/anaconda3/envs/myenv/bin/python
Loaded model: ../trained_models/model_rf_position_female_cropped.pkl
Loaded video: ../stimuli/words/mp4/word_l2_40.mp4
Extracting coordinates...
          fn_video frame_number   x_face0  ...  y_r_hand20  z_r_hand20  v_r_hand20
0   word_l2_40.mp4            1  0.497945  ...    1.063233   -0.000468         0.0
1   word_l2_40.mp4            2  0.498281  ...    0.975605    0.063788         0.0
2   word_l2_40.mp4            3  0.497852  ...    0.937393    0.023312         0.0
3   word_l2_40.mp4            4  0.497859  ...    0.900355   -0.001277         0.0
4   word_l2_40.mp4            5  0.498074  ...    0.862349   -0.002716         0.0
5   word_l2_40.mp4            6  0.497801  ...    0.828950   -0.001690         0.0
6   word_l2_40.mp4            7  0.498290  ...    0.795919    0.010211         0.0
7   word_l2_40.mp4            8  0.497970  ...    0.790447    0.026464         0.0
8   word_l2_40.mp4            9  0.497377  ...    0.768815    0.053951         0.0
9   word_l2_40.mp4           10  0.498124  ...    0.747132    0.036648         0.0
10  word_l2_40.mp4           11  0.497566  ...    0.757183    0.029376         0.0
11  word_l2_40.mp4           12  0.497376  ...    0.747831    0.028779         0.0
12  word_l2_40.mp4           13  0.497581  ...    0.746825    0.039916         0.0
13  word_l2_40.mp4           14  0.496952  ...    0.746429    0.021635         0.0
14  word_l2_40.mp4           15  0.497274  ...    0.750608    0.027387         0.0
15  word_l2_40.mp4           16  0.497026  ...    0.757495    0.027174         0.0
16  word_l2_40.mp4           17  0.497320  ...    0.758649    0.023993         0.0
17  word_l2_40.mp4           18  0.497233  ...    0.771848    0.018188         0.0
18  word_l2_40.mp4           19  0.497733  ...    0.775540    0.019711         0.0
19  word_l2_40.mp4           20  0.497962  ...    0.773075    0.028900         0.0
20  word_l2_40.mp4           21  0.498335  ...    0.771427    0.061472         0.0
21  word_l2_40.mp4           22  0.498824  ...    0.763909    0.047278         0.0
22  word_l2_40.mp4           23  0.498999  ...    0.747637    0.011796         0.0
23  word_l2_40.mp4           24  0.498930  ...    0.723565    0.014970         0.0
24  word_l2_40.mp4           25  0.498186  ...    0.695208    0.007990         0.0
25  word_l2_40.mp4           26  0.497495  ...    0.667320    0.007635         0.0
26  word_l2_40.mp4           27  0.496640  ...    0.631636   -0.006421         0.0
27  word_l2_40.mp4           28  0.495965  ...    0.602385   -0.021752         0.0
28  word_l2_40.mp4           29  0.495361  ...    0.587633   -0.029951         0.0
29  word_l2_40.mp4           30  0.495126  ...    0.579776   -0.029609         0.0
30  word_l2_40.mp4           31  0.494792  ...    0.565595   -0.036413         0.0
31  word_l2_40.mp4           32  0.495076  ...    0.579230   -0.018881         0.0
32  word_l2_40.mp4           33  0.495105  ...    0.669431   -0.007074         0.0
33  word_l2_40.mp4           34  0.495199  ...    0.680896   -0.006556         0.0
34  word_l2_40.mp4           35  0.494941  ...    0.683363   -0.005755         0.0
35  word_l2_40.mp4           36  0.495136  ...    0.694370   -0.000963         0.0
36  word_l2_40.mp4           37  0.495011  ...    0.696905   -0.002430         0.0
37  word_l2_40.mp4           38  0.494540  ...    0.699855   -0.001608         0.0
38  word_l2_40.mp4           39  0.494195  ...    0.700404   -0.002792         0.0
39  word_l2_40.mp4           40  0.494592  ...    0.703025   -0.005015         0.0
40  word_l2_40.mp4           41  0.494270  ...    0.702650   -0.004670         0.0
41  word_l2_40.mp4           42  0.494771  ...    0.703637   -0.004291         0.0
42  word_l2_40.mp4           43  0.494922  ...    0.703256   -0.006204         0.0
43  word_l2_40.mp4           44  0.494789  ...    0.704482   -0.006156         0.0
44  word_l2_40.mp4           45  0.495056  ...    0.709073   -0.007769         0.0
45  word_l2_40.mp4           46  0.495123  ...    0.710267   -0.006062         0.0
46  word_l2_40.mp4           47  0.495599  ...    0.713736    0.001749         0.0
47  word_l2_40.mp4           48  0.496119  ...    0.716013   -0.002276         0.0
48  word_l2_40.mp4           49  0.495612  ...    0.724168   -0.000857         0.0
49  word_l2_40.mp4           50  0.495895  ...    0.731295   -0.000648         0.0
50  word_l2_40.mp4           51  0.496093  ...    0.740027    0.002505         0.0
51  word_l2_40.mp4           52  0.496205  ...    0.750399    0.006225         0.0
52  word_l2_40.mp4           53  0.495898  ...    0.758321    0.007465         0.0
53  word_l2_40.mp4           54  0.495571  ...    0.769521    0.013565         0.0
54  word_l2_40.mp4           55  0.495413  ...    0.777571    0.012744         0.0
55  word_l2_40.mp4           56  0.494977  ...    0.793307    0.014623         0.0
56  word_l2_40.mp4           57  0.494533  ...    0.802365    0.017903         0.0

[57 rows x 1958 columns]
Extracting features...
Face width computed for normalizaiton 0.15484769629891634
Features saved to: ../output/word_l2_40_features.csv
          fn_video  ... distance_r_hand6_r_hand10
0   word_l2_40.mp4  ...                  0.191583
1   word_l2_40.mp4  ...                  0.191584
2   word_l2_40.mp4  ...                  0.204768
3   word_l2_40.mp4  ...                  0.196234
4   word_l2_40.mp4  ...                  0.183691
5   word_l2_40.mp4  ...                  0.178663
6   word_l2_40.mp4  ...                  0.189032
7   word_l2_40.mp4  ...                  0.182694
8   word_l2_40.mp4  ...                  0.186993
9   word_l2_40.mp4  ...                  0.165338
10  word_l2_40.mp4  ...                  0.170773
11  word_l2_40.mp4  ...                  0.169364
12  word_l2_40.mp4  ...                  0.169161
13  word_l2_40.mp4  ...                  0.168875
14  word_l2_40.mp4  ...                  0.175278
15  word_l2_40.mp4  ...                  0.175122
16  word_l2_40.mp4  ...                  0.181397
17  word_l2_40.mp4  ...                  0.177383
18  word_l2_40.mp4  ...                  0.167322
19  word_l2_40.mp4  ...                  0.176880
20  word_l2_40.mp4  ...                  0.173631
21  word_l2_40.mp4  ...                  0.168663
22  word_l2_40.mp4  ...                  0.164252
23  word_l2_40.mp4  ...                  0.155046
24  word_l2_40.mp4  ...                  0.159700
25  word_l2_40.mp4  ...                  0.140310
26  word_l2_40.mp4  ...                  0.138615
27  word_l2_40.mp4  ...                  0.130701
28  word_l2_40.mp4  ...                  0.122905
29  word_l2_40.mp4  ...                  0.119754
30  word_l2_40.mp4  ...                  0.146256
31  word_l2_40.mp4  ...                  0.275470
32  word_l2_40.mp4  ...                  0.365284
33  word_l2_40.mp4  ...                  0.353659
34  word_l2_40.mp4  ...                  0.369621
35  word_l2_40.mp4  ...                  0.371572
36  word_l2_40.mp4  ...                  0.361753
37  word_l2_40.mp4  ...                  0.358473
38  word_l2_40.mp4  ...                  0.345906
39  word_l2_40.mp4  ...                  0.351701
40  word_l2_40.mp4  ...                  0.362546
41  word_l2_40.mp4  ...                  0.354242
42  word_l2_40.mp4  ...                  0.359395
43  word_l2_40.mp4  ...                  0.379386
44  word_l2_40.mp4  ...                  0.372429
45  word_l2_40.mp4  ...                  0.331061
46  word_l2_40.mp4  ...                  0.295442
47  word_l2_40.mp4  ...                  0.247526
48  word_l2_40.mp4  ...                  0.232232
49  word_l2_40.mp4  ...                  0.229357
50  word_l2_40.mp4  ...                  0.226225
51  word_l2_40.mp4  ...                  0.250032
52  word_l2_40.mp4  ...                  0.240476
53  word_l2_40.mp4  ...                  0.244831
54  word_l2_40.mp4  ...                  0.232087
55  word_l2_40.mp4  ...                  0.234445
56  word_l2_40.mp4  ...                  0.235437

[57 rows x 30 columns]
csv file with predictions was saved to ../output/predictions_rf_position_female_cropped_word_l2_40.csv
Loaded model: ../trained_models/model_rf_shape_female_cropped.pkl
Loaded video: ../stimuli/words/mp4/word_l2_40.mp4
Extracting coordinates...
          fn_video frame_number   x_face0  ...  y_r_hand20  z_r_hand20  v_r_hand20
0   word_l2_40.mp4            1  0.497945  ...    1.063233   -0.000468         0.0
1   word_l2_40.mp4            2  0.498281  ...    0.975605    0.063788         0.0
2   word_l2_40.mp4            3  0.497852  ...    0.937393    0.023312         0.0
3   word_l2_40.mp4            4  0.497859  ...    0.900355   -0.001277         0.0
4   word_l2_40.mp4            5  0.498074  ...    0.862349   -0.002716         0.0
5   word_l2_40.mp4            6  0.497801  ...    0.828950   -0.001690         0.0
6   word_l2_40.mp4            7  0.498290  ...    0.795919    0.010211         0.0
7   word_l2_40.mp4            8  0.497970  ...    0.790447    0.026464         0.0
8   word_l2_40.mp4            9  0.497377  ...    0.768815    0.053951         0.0
9   word_l2_40.mp4           10  0.498124  ...    0.747132    0.036648         0.0
10  word_l2_40.mp4           11  0.497566  ...    0.757183    0.029376         0.0
11  word_l2_40.mp4           12  0.497376  ...    0.747831    0.028779         0.0
12  word_l2_40.mp4           13  0.497581  ...    0.746825    0.039916         0.0
13  word_l2_40.mp4           14  0.496952  ...    0.746429    0.021635         0.0
14  word_l2_40.mp4           15  0.497274  ...    0.750608    0.027387         0.0
15  word_l2_40.mp4           16  0.497026  ...    0.757495    0.027174         0.0
16  word_l2_40.mp4           17  0.497320  ...    0.758649    0.023993         0.0
17  word_l2_40.mp4           18  0.497233  ...    0.771848    0.018188         0.0
18  word_l2_40.mp4           19  0.497733  ...    0.775540    0.019711         0.0
19  word_l2_40.mp4           20  0.497962  ...    0.773075    0.028900         0.0
20  word_l2_40.mp4           21  0.498335  ...    0.771427    0.061472         0.0
21  word_l2_40.mp4           22  0.498824  ...    0.763909    0.047278         0.0
22  word_l2_40.mp4           23  0.498999  ...    0.747637    0.011796         0.0
23  word_l2_40.mp4           24  0.498930  ...    0.723565    0.014970         0.0
24  word_l2_40.mp4           25  0.498186  ...    0.695208    0.007990         0.0
25  word_l2_40.mp4           26  0.497495  ...    0.667320    0.007635         0.0
26  word_l2_40.mp4           27  0.496640  ...    0.631636   -0.006421         0.0
27  word_l2_40.mp4           28  0.495965  ...    0.602385   -0.021752         0.0
28  word_l2_40.mp4           29  0.495361  ...    0.587633   -0.029951         0.0
29  word_l2_40.mp4           30  0.495126  ...    0.579776   -0.029609         0.0
30  word_l2_40.mp4           31  0.494792  ...    0.565595   -0.036413         0.0
31  word_l2_40.mp4           32  0.495076  ...    0.579230   -0.018881         0.0
32  word_l2_40.mp4           33  0.495105  ...    0.669431   -0.007074         0.0
33  word_l2_40.mp4           34  0.495199  ...    0.680896   -0.006556         0.0
34  word_l2_40.mp4           35  0.494941  ...    0.683363   -0.005755         0.0
35  word_l2_40.mp4           36  0.495136  ...    0.694370   -0.000963         0.0
36  word_l2_40.mp4           37  0.495011  ...    0.696905   -0.002430         0.0
37  word_l2_40.mp4           38  0.494540  ...    0.699855   -0.001608         0.0
38  word_l2_40.mp4           39  0.494195  ...    0.700404   -0.002792         0.0
39  word_l2_40.mp4           40  0.494592  ...    0.703025   -0.005015         0.0
40  word_l2_40.mp4           41  0.494270  ...    0.702650   -0.004670         0.0
41  word_l2_40.mp4           42  0.494771  ...    0.703637   -0.004291         0.0
42  word_l2_40.mp4           43  0.494922  ...    0.703256   -0.006204         0.0
43  word_l2_40.mp4           44  0.494789  ...    0.704482   -0.006156         0.0
44  word_l2_40.mp4           45  0.495056  ...    0.709073   -0.007769         0.0
45  word_l2_40.mp4           46  0.495123  ...    0.710267   -0.006062         0.0
46  word_l2_40.mp4           47  0.495599  ...    0.713736    0.001749         0.0
47  word_l2_40.mp4           48  0.496119  ...    0.716013   -0.002276         0.0
48  word_l2_40.mp4           49  0.495612  ...    0.724168   -0.000857         0.0
49  word_l2_40.mp4           50  0.495895  ...    0.731295   -0.000648         0.0
50  word_l2_40.mp4           51  0.496093  ...    0.740027    0.002505         0.0
51  word_l2_40.mp4           52  0.496205  ...    0.750399    0.006225         0.0
52  word_l2_40.mp4           53  0.495898  ...    0.758321    0.007465         0.0
53  word_l2_40.mp4           54  0.495571  ...    0.769521    0.013565         0.0
54  word_l2_40.mp4           55  0.495413  ...    0.777571    0.012744         0.0
55  word_l2_40.mp4           56  0.494977  ...    0.793307    0.014623         0.0
56  word_l2_40.mp4           57  0.494533  ...    0.802365    0.017903         0.0

[57 rows x 1958 columns]
Extracting features...
Face width computed for normalizaiton 0.15484769629891634
Features saved to: ../output/word_l2_40_features.csv
          fn_video  ... distance_r_hand6_r_hand10
0   word_l2_40.mp4  ...                  0.191583
1   word_l2_40.mp4  ...                  0.191584
2   word_l2_40.mp4  ...                  0.204768
3   word_l2_40.mp4  ...                  0.196234
4   word_l2_40.mp4  ...                  0.183691
5   word_l2_40.mp4  ...                  0.178663
6   word_l2_40.mp4  ...                  0.189032
7   word_l2_40.mp4  ...                  0.182694
8   word_l2_40.mp4  ...                  0.186993
9   word_l2_40.mp4  ...                  0.165338
10  word_l2_40.mp4  ...                  0.170773
11  word_l2_40.mp4  ...                  0.169364
12  word_l2_40.mp4  ...                  0.169161
13  word_l2_40.mp4  ...                  0.168875
14  word_l2_40.mp4  ...                  0.175278
15  word_l2_40.mp4  ...                  0.175122
16  word_l2_40.mp4  ...                  0.181397
17  word_l2_40.mp4  ...                  0.177383
18  word_l2_40.mp4  ...                  0.167322
19  word_l2_40.mp4  ...                  0.176880
20  word_l2_40.mp4  ...                  0.173631
21  word_l2_40.mp4  ...                  0.168663
22  word_l2_40.mp4  ...                  0.164252
23  word_l2_40.mp4  ...                  0.155046
24  word_l2_40.mp4  ...                  0.159700
25  word_l2_40.mp4  ...                  0.140310
26  word_l2_40.mp4  ...                  0.138615
27  word_l2_40.mp4  ...                  0.130701
28  word_l2_40.mp4  ...                  0.122905
29  word_l2_40.mp4  ...                  0.119754
30  word_l2_40.mp4  ...                  0.146256
31  word_l2_40.mp4  ...                  0.275470
32  word_l2_40.mp4  ...                  0.365284
33  word_l2_40.mp4  ...                  0.353659
34  word_l2_40.mp4  ...                  0.369621
35  word_l2_40.mp4  ...                  0.371572
36  word_l2_40.mp4  ...                  0.361753
37  word_l2_40.mp4  ...                  0.358473
38  word_l2_40.mp4  ...                  0.345906
39  word_l2_40.mp4  ...                  0.351701
40  word_l2_40.mp4  ...                  0.362546
41  word_l2_40.mp4  ...                  0.354242
42  word_l2_40.mp4  ...                  0.359395
43  word_l2_40.mp4  ...                  0.379386
44  word_l2_40.mp4  ...                  0.372429
45  word_l2_40.mp4  ...                  0.331061
46  word_l2_40.mp4  ...                  0.295442
47  word_l2_40.mp4  ...                  0.247526
48  word_l2_40.mp4  ...                  0.232232
49  word_l2_40.mp4  ...                  0.229357
50  word_l2_40.mp4  ...                  0.226225
51  word_l2_40.mp4  ...                  0.250032
52  word_l2_40.mp4  ...                  0.240476
53  word_l2_40.mp4  ...                  0.244831
54  word_l2_40.mp4  ...                  0.232087
55  word_l2_40.mp4  ...                  0.234445
56  word_l2_40.mp4  ...                  0.235437

[57 rows x 30 columns]
csv file with predictions was saved to ../output/predictions_rf_shape_female_cropped_word_l2_40.csv
Visualization for: ../stimuli/words/mp4/word_l2_40.mp4
32
SYLLABLE ONSETS (IN FRAMES):
[19 25 32]
MAXIMA (IN FRAMES)
[17 41]
