python is /network/lustre/iss02/home/annahita.sarre/anaconda3/envs/myenv/bin/python
Loaded model: ../trained_models/model_rf_position_female_cropped.pkl
Loaded video: ../stimuli/words/mp4/word_h0_31.mp4
Extracting coordinates...
          fn_video frame_number   x_face0  ...  y_r_hand20  z_r_hand20  v_r_hand20
0   word_h0_31.mp4            3  0.499989  ...    1.001607    0.075168         0.0
1   word_h0_31.mp4            4  0.500139  ...    0.928971    0.011488         0.0
2   word_h0_31.mp4            5  0.499772  ...    0.889750    0.025696         0.0
3   word_h0_31.mp4            6  0.498951  ...    0.862025    0.027900         0.0
4   word_h0_31.mp4            7  0.497744  ...    0.820050    0.017450         0.0
..             ...          ...       ...  ...         ...         ...         ...
86  word_h0_31.mp4           89  0.497365  ...    0.767660    0.026717         0.0
87  word_h0_31.mp4           90  0.497097  ...    0.780161    0.024758         0.0
88  word_h0_31.mp4           91  0.496764  ...    0.801257    0.032507         0.0
89  word_h0_31.mp4           92  0.497066  ...    0.811090    0.046249         0.0
90  word_h0_31.mp4           93  0.497244  ...    0.840403    0.039499         0.0

[91 rows x 1958 columns]
Extracting features...
Face width computed for normalizaiton 0.15938122195665166
Features saved to: ../output/word_h0_31_features.csv
          fn_video  ... distance_r_hand6_r_hand10
0   word_h0_31.mp4  ...                  0.257313
1   word_h0_31.mp4  ...                  0.281234
2   word_h0_31.mp4  ...                  0.247826
3   word_h0_31.mp4  ...                  0.232864
4   word_h0_31.mp4  ...                  0.196613
..             ...  ...                       ...
86  word_h0_31.mp4  ...                  0.211305
87  word_h0_31.mp4  ...                  0.219175
88  word_h0_31.mp4  ...                  0.237753
89  word_h0_31.mp4  ...                  0.214306
90  word_h0_31.mp4  ...                  0.205368

[91 rows x 30 columns]
csv file with predictions was saved to ../output/predictions_rf_position_female_cropped_word_h0_31.csv
Loaded model: ../trained_models/model_rf_shape_female_cropped.pkl
Loaded video: ../stimuli/words/mp4/word_h0_31.mp4
Extracting coordinates...
          fn_video frame_number   x_face0  ...  y_r_hand20  z_r_hand20  v_r_hand20
0   word_h0_31.mp4            3  0.499989  ...    1.001607    0.075168         0.0
1   word_h0_31.mp4            4  0.500139  ...    0.928971    0.011488         0.0
2   word_h0_31.mp4            5  0.499772  ...    0.889750    0.025696         0.0
3   word_h0_31.mp4            6  0.498951  ...    0.862025    0.027900         0.0
4   word_h0_31.mp4            7  0.497744  ...    0.820050    0.017450         0.0
..             ...          ...       ...  ...         ...         ...         ...
86  word_h0_31.mp4           89  0.497365  ...    0.767660    0.026717         0.0
87  word_h0_31.mp4           90  0.497097  ...    0.780161    0.024758         0.0
88  word_h0_31.mp4           91  0.496764  ...    0.801257    0.032507         0.0
89  word_h0_31.mp4           92  0.497066  ...    0.811090    0.046249         0.0
90  word_h0_31.mp4           93  0.497244  ...    0.840403    0.039499         0.0

[91 rows x 1958 columns]
Extracting features...
Face width computed for normalizaiton 0.15938122195665166
Features saved to: ../output/word_h0_31_features.csv
          fn_video  ... distance_r_hand6_r_hand10
0   word_h0_31.mp4  ...                  0.257313
1   word_h0_31.mp4  ...                  0.281234
2   word_h0_31.mp4  ...                  0.247826
3   word_h0_31.mp4  ...                  0.232864
4   word_h0_31.mp4  ...                  0.196613
..             ...  ...                       ...
86  word_h0_31.mp4  ...                  0.211305
87  word_h0_31.mp4  ...                  0.219175
88  word_h0_31.mp4  ...                  0.237753
89  word_h0_31.mp4  ...                  0.214306
90  word_h0_31.mp4  ...                  0.205368

[91 rows x 30 columns]
csv file with predictions was saved to ../output/predictions_rf_shape_female_cropped_word_h0_31.csv
Visualization for: ../stimuli/words/mp4/word_h0_31.mp4
32
SYLLABLE ONSETS (IN FRAMES):
[24 45 57]
MAXIMA (IN FRAMES)
[26 30 33 49 65 76]
Syllable, frame number (mfa), frame number (onset)
s@ 24 26
ti 45 49
m@ 57 65
!!!!!!!!!!!!!!!!!!!!!!!!!!!!!!!!!!!!!!!!!!!!!!!!!!!!!!!!!!!!!!!!!!!!!!!!!!!!!!!!!!!!!!!!!!!!!!!!!!!!
The video was successfully saved
The marked video was saved to: ../stimuli/words/mp4/word_h0_31.mp4
Figure was save to: ../figures/../stimuli/words/mp4/word_h0_31.mp4.png
