python is /network/lustre/iss02/home/annahita.sarre/anaconda3/envs/myenv/bin/python
Loaded model: ../trained_models/model_rf_position_female_cropped.pkl
Loaded video: ../stimuli/words/mp4/word_h0_39.mp4
Extracting coordinates...
          fn_video frame_number   x_face0  ...  y_r_hand20  z_r_hand20  v_r_hand20
0   word_h0_39.mp4            4  0.499611  ...    1.015271    0.043465         0.0
1   word_h0_39.mp4            5  0.499196  ...    0.994347    0.004691         0.0
2   word_h0_39.mp4            6  0.499298  ...    0.969039   -0.001909         0.0
3   word_h0_39.mp4            7  0.499323  ...    0.936662   -0.015323         0.0
4   word_h0_39.mp4            8  0.499041  ...    0.910535    0.008042         0.0
..             ...          ...       ...  ...         ...         ...         ...
64  word_h0_39.mp4           68  0.496365  ...    0.940459    0.042464         0.0
65  word_h0_39.mp4           69  0.495887  ...    0.944479    0.031390         0.0
66  word_h0_39.mp4           70  0.495532  ...    0.951096    0.041504         0.0
67  word_h0_39.mp4           71  0.495868  ...    0.987227    0.109472         0.0
68  word_h0_39.mp4           72  0.495937  ...    0.997970    0.090152         0.0

[69 rows x 1958 columns]
Extracting features...
Face width computed for normalizaiton 0.16079852420573515
Features saved to: ../output/word_h0_39_features.csv
          fn_video  ... distance_r_hand6_r_hand10
0   word_h0_39.mp4  ...                  0.232226
1   word_h0_39.mp4  ...                  0.237910
2   word_h0_39.mp4  ...                  0.202362
3   word_h0_39.mp4  ...                  0.177664
4   word_h0_39.mp4  ...                  0.217781
..             ...  ...                       ...
64  word_h0_39.mp4  ...                  0.263581
65  word_h0_39.mp4  ...                  0.262480
66  word_h0_39.mp4  ...                  0.250312
67  word_h0_39.mp4  ...                  0.240634
68  word_h0_39.mp4  ...                  0.244156

[69 rows x 30 columns]
csv file with predictions was saved to ../output/predictions_rf_position_female_cropped_word_h0_39.csv
Loaded model: ../trained_models/model_rf_shape_female_cropped.pkl
Loaded video: ../stimuli/words/mp4/word_h0_39.mp4
Extracting coordinates...
          fn_video frame_number   x_face0  ...  y_r_hand20  z_r_hand20  v_r_hand20
0   word_h0_39.mp4            4  0.499611  ...    1.015271    0.043465         0.0
1   word_h0_39.mp4            5  0.499196  ...    0.994347    0.004691         0.0
2   word_h0_39.mp4            6  0.499298  ...    0.969039   -0.001909         0.0
3   word_h0_39.mp4            7  0.499323  ...    0.936662   -0.015323         0.0
4   word_h0_39.mp4            8  0.499041  ...    0.910535    0.008042         0.0
..             ...          ...       ...  ...         ...         ...         ...
64  word_h0_39.mp4           68  0.496365  ...    0.940459    0.042464         0.0
65  word_h0_39.mp4           69  0.495887  ...    0.944479    0.031390         0.0
66  word_h0_39.mp4           70  0.495532  ...    0.951096    0.041504         0.0
67  word_h0_39.mp4           71  0.495868  ...    0.987227    0.109472         0.0
68  word_h0_39.mp4           72  0.495937  ...    0.997970    0.090152         0.0

[69 rows x 1958 columns]
Extracting features...
Face width computed for normalizaiton 0.16079852420573515
Features saved to: ../output/word_h0_39_features.csv
          fn_video  ... distance_r_hand6_r_hand10
0   word_h0_39.mp4  ...                  0.232226
1   word_h0_39.mp4  ...                  0.237910
2   word_h0_39.mp4  ...                  0.202362
3   word_h0_39.mp4  ...                  0.177664
4   word_h0_39.mp4  ...                  0.217781
..             ...  ...                       ...
64  word_h0_39.mp4  ...                  0.263581
65  word_h0_39.mp4  ...                  0.262480
66  word_h0_39.mp4  ...                  0.250312
67  word_h0_39.mp4  ...                  0.240634
68  word_h0_39.mp4  ...                  0.244156

[69 rows x 30 columns]
csv file with predictions was saved to ../output/predictions_rf_shape_female_cropped_word_h0_39.csv
Visualization for: ../stimuli/words/mp4/word_h0_39.mp4
32
SYLLABLE ONSETS (IN FRAMES):
[14 29]
MAXIMA (IN FRAMES)
[19 41 63]
Syllable, frame number (mfa), frame number (onset)
me 14 19
sa 29 41
