python is /network/lustre/iss02/home/annahita.sarre/anaconda3/envs/myenv/bin/python
Loaded model: ../trained_models/model_rf_position_female_cropped.pkl
Loaded video: ../stimuli/words/mp4/word_h2_02_pseudo.mp4
Extracting coordinates...
                 fn_video frame_number  ...  z_r_hand20  v_r_hand20
0   word_h2_02_pseudo.mp4            2  ...    0.044856         0.0
1   word_h2_02_pseudo.mp4            3  ...    0.034977         0.0
2   word_h2_02_pseudo.mp4            4  ...    0.028192         0.0
3   word_h2_02_pseudo.mp4            5  ...    0.035483         0.0
4   word_h2_02_pseudo.mp4            6  ...    0.030823         0.0
..                    ...          ...  ...         ...         ...
56  word_h2_02_pseudo.mp4           58  ...   -0.033303         0.0
57  word_h2_02_pseudo.mp4           59  ...   -0.021702         0.0
58  word_h2_02_pseudo.mp4           60  ...    0.000940         0.0
59  word_h2_02_pseudo.mp4           61  ...    0.012334         0.0
60  word_h2_02_pseudo.mp4           62  ...    0.009339         0.0

[61 rows x 1958 columns]
Extracting features...
Face width computed for normalizaiton 0.15977689182495156
Features saved to: ../output/word_h2_02_pseudo_features.csv
                 fn_video  ... distance_r_hand6_r_hand10
0   word_h2_02_pseudo.mp4  ...                  0.246121
1   word_h2_02_pseudo.mp4  ...                  0.257516
2   word_h2_02_pseudo.mp4  ...                  0.253281
3   word_h2_02_pseudo.mp4  ...                  0.254690
4   word_h2_02_pseudo.mp4  ...                  0.238648
..                    ...  ...                       ...
56  word_h2_02_pseudo.mp4  ...                  0.152569
57  word_h2_02_pseudo.mp4  ...                  0.152876
58  word_h2_02_pseudo.mp4  ...                  0.147693
59  word_h2_02_pseudo.mp4  ...                  0.152450
60  word_h2_02_pseudo.mp4  ...                  0.155560

[61 rows x 30 columns]
csv file with predictions was saved to ../output/predictions_rf_position_female_cropped_word_h2_02_pseudo.csv
Loaded model: ../trained_models/model_rf_shape_female_cropped.pkl
Loaded video: ../stimuli/words/mp4/word_h2_02_pseudo.mp4
Extracting coordinates...
                 fn_video frame_number  ...  z_r_hand20  v_r_hand20
0   word_h2_02_pseudo.mp4            2  ...    0.044856         0.0
1   word_h2_02_pseudo.mp4            3  ...    0.034977         0.0
2   word_h2_02_pseudo.mp4            4  ...    0.028192         0.0
3   word_h2_02_pseudo.mp4            5  ...    0.035483         0.0
4   word_h2_02_pseudo.mp4            6  ...    0.030823         0.0
..                    ...          ...  ...         ...         ...
56  word_h2_02_pseudo.mp4           58  ...   -0.033303         0.0
57  word_h2_02_pseudo.mp4           59  ...   -0.021702         0.0
58  word_h2_02_pseudo.mp4           60  ...    0.000940         0.0
59  word_h2_02_pseudo.mp4           61  ...    0.012334         0.0
60  word_h2_02_pseudo.mp4           62  ...    0.009339         0.0

[61 rows x 1958 columns]
Extracting features...
Face width computed for normalizaiton 0.15977689182495156
Features saved to: ../output/word_h2_02_pseudo_features.csv
                 fn_video  ... distance_r_hand6_r_hand10
0   word_h2_02_pseudo.mp4  ...                  0.246121
1   word_h2_02_pseudo.mp4  ...                  0.257516
2   word_h2_02_pseudo.mp4  ...                  0.253281
3   word_h2_02_pseudo.mp4  ...                  0.254690
4   word_h2_02_pseudo.mp4  ...                  0.238648
..                    ...  ...                       ...
56  word_h2_02_pseudo.mp4  ...                  0.152569
57  word_h2_02_pseudo.mp4  ...                  0.152876
58  word_h2_02_pseudo.mp4  ...                  0.147693
59  word_h2_02_pseudo.mp4  ...                  0.152450
60  word_h2_02_pseudo.mp4  ...                  0.155560

[61 rows x 30 columns]
csv file with predictions was saved to ../output/predictions_rf_shape_female_cropped_word_h2_02_pseudo.csv
Visualization for: ../stimuli/words/mp4/word_h2_02_pseudo.mp4
32
SYLLABLE ONSETS (IN FRAMES):
[]
MAXIMA (IN FRAMES)
[22 42 48 52]
Syllable, frame number (mfa), frame number (onset)
