python is /network/lustre/iss02/home/annahita.sarre/anaconda3/envs/myenv/bin/python
Loaded model: ../trained_models/model_rf_position_female_cropped.pkl
Loaded video: ../stimuli/words/mp4/word_h1_05.mp4
Extracting coordinates...
          fn_video frame_number   x_face0  ...  y_r_hand20  z_r_hand20  v_r_hand20
0   word_h1_05.mp4            4  0.511156  ...    0.940624    0.006031         0.0
1   word_h1_05.mp4            5  0.511418  ...    0.902168    0.009104         0.0
2   word_h1_05.mp4            6  0.512239  ...    0.863427    0.017596         0.0
3   word_h1_05.mp4            7  0.512015  ...    0.821995    0.032140         0.0
4   word_h1_05.mp4            8  0.511621  ...    0.776420    0.026758         0.0
..             ...          ...       ...  ...         ...         ...         ...
57  word_h1_05.mp4           61  0.508723  ...    0.852182    0.015346         0.0
58  word_h1_05.mp4           62  0.509195  ...    0.880773    0.016132         0.0
59  word_h1_05.mp4           63  0.509370  ...    0.908548    0.018156         0.0
60  word_h1_05.mp4           64  0.509441  ...    0.941192    0.024174         0.0
61  word_h1_05.mp4           65  0.509118  ...    0.976351    0.013893         0.0

[62 rows x 1958 columns]
Extracting features...
Face width computed for normalizaiton 0.1625308480307533
Features saved to: ../output/word_h1_05_features.csv
          fn_video  ... distance_r_hand6_r_hand10
0   word_h1_05.mp4  ...                  0.219690
1   word_h1_05.mp4  ...                  0.196121
2   word_h1_05.mp4  ...                  0.188503
3   word_h1_05.mp4  ...                  0.192871
4   word_h1_05.mp4  ...                  0.187326
..             ...  ...                       ...
57  word_h1_05.mp4  ...                  0.215105
58  word_h1_05.mp4  ...                  0.200434
59  word_h1_05.mp4  ...                  0.210076
60  word_h1_05.mp4  ...                  0.260456
61  word_h1_05.mp4  ...                  0.254431

[62 rows x 30 columns]
csv file with predictions was saved to ../output/predictions_rf_position_female_cropped_word_h1_05.csv
Loaded model: ../trained_models/model_rf_shape_female_cropped.pkl
Loaded video: ../stimuli/words/mp4/word_h1_05.mp4
Extracting coordinates...
          fn_video frame_number   x_face0  ...  y_r_hand20  z_r_hand20  v_r_hand20
0   word_h1_05.mp4            4  0.511156  ...    0.940624    0.006031         0.0
1   word_h1_05.mp4            5  0.511418  ...    0.902168    0.009104         0.0
2   word_h1_05.mp4            6  0.512239  ...    0.863427    0.017596         0.0
3   word_h1_05.mp4            7  0.512015  ...    0.821995    0.032140         0.0
4   word_h1_05.mp4            8  0.511621  ...    0.776420    0.026758         0.0
..             ...          ...       ...  ...         ...         ...         ...
57  word_h1_05.mp4           61  0.508723  ...    0.852182    0.015346         0.0
58  word_h1_05.mp4           62  0.509195  ...    0.880773    0.016132         0.0
59  word_h1_05.mp4           63  0.509370  ...    0.908548    0.018156         0.0
60  word_h1_05.mp4           64  0.509441  ...    0.941192    0.024174         0.0
61  word_h1_05.mp4           65  0.509118  ...    0.976351    0.013893         0.0

[62 rows x 1958 columns]
Extracting features...
Face width computed for normalizaiton 0.1625308480307533
Features saved to: ../output/word_h1_05_features.csv
          fn_video  ... distance_r_hand6_r_hand10
0   word_h1_05.mp4  ...                  0.219690
1   word_h1_05.mp4  ...                  0.196121
2   word_h1_05.mp4  ...                  0.188503
3   word_h1_05.mp4  ...                  0.192871
4   word_h1_05.mp4  ...                  0.187326
..             ...  ...                       ...
57  word_h1_05.mp4  ...                  0.215105
58  word_h1_05.mp4  ...                  0.200434
59  word_h1_05.mp4  ...                  0.210076
60  word_h1_05.mp4  ...                  0.260456
61  word_h1_05.mp4  ...                  0.254431

[62 rows x 30 columns]
csv file with predictions was saved to ../output/predictions_rf_shape_female_cropped_word_h1_05.csv
Visualization for: ../stimuli/words/mp4/word_h1_05.mp4
32
SYLLABLE ONSETS (IN FRAMES):
[15 28 34]
MAXIMA (IN FRAMES)
[29 42 46 51]
Syllable, frame number (mfa), frame number (onset)
ta 15 29
b 28 42
lo 34 46
!!!!!!!!!!!!!!!!!!!!!!!!!!!!!!!!!!!!!!!!!!!!!!!!!!!!!!!!!!!!!!!!!!!!!!!!!!!!!!!!!!!!!!!!!!!!!!!!!!!!
The video was successfully saved
The marked video was saved to: ../stimuli/words/mp4/word_h1_05.mp4
Figure was save to: ../figures/../stimuli/words/mp4/word_h1_05.mp4.png
