python is /network/lustre/iss02/home/annahita.sarre/anaconda3/envs/myenv/bin/python
Loaded model: ../trained_models/model_rf_position_female_cropped.pkl
Loaded video: ../stimuli/words/mp4/word_h1_40.mp4
Extracting coordinates...
          fn_video frame_number   x_face0  ...  y_r_hand20  z_r_hand20  v_r_hand20
0   word_h1_40.mp4            1  0.500003  ...    0.716140    0.024783         0.0
1   word_h1_40.mp4            2  0.499510  ...    0.696264    0.020003         0.0
2   word_h1_40.mp4            3  0.499212  ...    0.682206    0.024084         0.0
3   word_h1_40.mp4            4  0.499529  ...    0.671336    0.013648         0.0
4   word_h1_40.mp4            5  0.500013  ...    0.659700    0.016424         0.0
..             ...          ...       ...  ...         ...         ...         ...
68  word_h1_40.mp4           69  0.496381  ...    0.734168    0.005830         0.0
69  word_h1_40.mp4           70  0.496204  ...    0.744127    0.008431         0.0
70  word_h1_40.mp4           71  0.496254  ...    0.750101    0.015207         0.0
71  word_h1_40.mp4           72  0.496763  ...    0.767891    0.018029         0.0
72  word_h1_40.mp4           73  0.496841  ...    0.785263    0.013254         0.0

[73 rows x 1958 columns]
Extracting features...
Face width computed for normalizaiton 0.16083199796104589
Features saved to: ../output/word_h1_40_features.csv
          fn_video  ... distance_r_hand6_r_hand10
0   word_h1_40.mp4  ...                  0.180392
1   word_h1_40.mp4  ...                  0.173881
2   word_h1_40.mp4  ...                  0.176164
3   word_h1_40.mp4  ...                  0.171604
4   word_h1_40.mp4  ...                  0.162949
..             ...  ...                       ...
68  word_h1_40.mp4  ...                  0.235880
69  word_h1_40.mp4  ...                  0.222302
70  word_h1_40.mp4  ...                  0.224806
71  word_h1_40.mp4  ...                  0.233118
72  word_h1_40.mp4  ...                  0.228694

[73 rows x 30 columns]
csv file with predictions was saved to ../output/predictions_rf_position_female_cropped_word_h1_40.csv
Loaded model: ../trained_models/model_rf_shape_female_cropped.pkl
Loaded video: ../stimuli/words/mp4/word_h1_40.mp4
Extracting coordinates...
          fn_video frame_number   x_face0  ...  y_r_hand20  z_r_hand20  v_r_hand20
0   word_h1_40.mp4            1  0.500003  ...    0.716140    0.024783         0.0
1   word_h1_40.mp4            2  0.499510  ...    0.696264    0.020003         0.0
2   word_h1_40.mp4            3  0.499212  ...    0.682206    0.024084         0.0
3   word_h1_40.mp4            4  0.499529  ...    0.671336    0.013648         0.0
4   word_h1_40.mp4            5  0.500013  ...    0.659700    0.016424         0.0
..             ...          ...       ...  ...         ...         ...         ...
68  word_h1_40.mp4           69  0.496381  ...    0.734168    0.005830         0.0
69  word_h1_40.mp4           70  0.496204  ...    0.744127    0.008431         0.0
70  word_h1_40.mp4           71  0.496254  ...    0.750101    0.015207         0.0
71  word_h1_40.mp4           72  0.496763  ...    0.767891    0.018029         0.0
72  word_h1_40.mp4           73  0.496841  ...    0.785263    0.013254         0.0

[73 rows x 1958 columns]
Extracting features...
Face width computed for normalizaiton 0.16083199796104589
Features saved to: ../output/word_h1_40_features.csv
          fn_video  ... distance_r_hand6_r_hand10
0   word_h1_40.mp4  ...                  0.180392
1   word_h1_40.mp4  ...                  0.173881
2   word_h1_40.mp4  ...                  0.176164
3   word_h1_40.mp4  ...                  0.171604
4   word_h1_40.mp4  ...                  0.162949
..             ...  ...                       ...
68  word_h1_40.mp4  ...                  0.235880
69  word_h1_40.mp4  ...                  0.222302
70  word_h1_40.mp4  ...                  0.224806
71  word_h1_40.mp4  ...                  0.233118
72  word_h1_40.mp4  ...                  0.228694

[73 rows x 30 columns]
csv file with predictions was saved to ../output/predictions_rf_shape_female_cropped_word_h1_40.csv
Visualization for: ../stimuli/words/mp4/word_h1_40.mp4
32
SYLLABLE ONSETS (IN FRAMES):
[15 34]
MAXIMA (IN FRAMES)
[41 55]
Syllable, frame number (mfa), frame number (onset)
f9 15 41
ja 34 55
