python is /network/lustre/iss02/home/annahita.sarre/anaconda3/envs/myenv/bin/python
Loaded model: ../trained_models/model_rf_position_female_cropped.pkl
Loaded video: ../stimuli/words/mp4/word_l1_30.mp4
Extracting coordinates...
          fn_video frame_number   x_face0  ...  y_r_hand20  z_r_hand20  v_r_hand20
0   word_l1_30.mp4            2  0.499303  ...    0.907303    0.029749         0.0
1   word_l1_30.mp4            3  0.498566  ...    0.875761    0.034911         0.0
2   word_l1_30.mp4            4  0.498010  ...    0.847327    0.018927         0.0
3   word_l1_30.mp4            5  0.497232  ...    0.814203    0.017182         0.0
4   word_l1_30.mp4            6  0.496933  ...    0.788838    0.013107         0.0
..             ...          ...       ...  ...         ...         ...         ...
63  word_l1_30.mp4           65  0.498528  ...    0.713702    0.003920         0.0
64  word_l1_30.mp4           66  0.498864  ...    0.718792    0.008619         0.0
65  word_l1_30.mp4           67  0.499143  ...    0.731157    0.009055         0.0
66  word_l1_30.mp4           68  0.499828  ...    0.747501    0.007741         0.0
67  word_l1_30.mp4           69  0.500307  ...    0.763515    0.004642         0.0

[68 rows x 1958 columns]
Extracting features...
Face width computed for normalizaiton 0.1536520763978765
Features saved to: ../output/word_l1_30_features.csv
          fn_video  ... distance_r_hand6_r_hand10
0   word_l1_30.mp4  ...                  0.236852
1   word_l1_30.mp4  ...                  0.191180
2   word_l1_30.mp4  ...                  0.268626
3   word_l1_30.mp4  ...                  0.291560
4   word_l1_30.mp4  ...                  0.337533
..             ...  ...                       ...
63  word_l1_30.mp4  ...                  0.271983
64  word_l1_30.mp4  ...                  0.212825
65  word_l1_30.mp4  ...                  0.207899
66  word_l1_30.mp4  ...                  0.208938
67  word_l1_30.mp4  ...                  0.225657

[68 rows x 30 columns]
csv file with predictions was saved to ../output/predictions_rf_position_female_cropped_word_l1_30.csv
Loaded model: ../trained_models/model_rf_shape_female_cropped.pkl
Loaded video: ../stimuli/words/mp4/word_l1_30.mp4
Extracting coordinates...
          fn_video frame_number   x_face0  ...  y_r_hand20  z_r_hand20  v_r_hand20
0   word_l1_30.mp4            2  0.499303  ...    0.907303    0.029749         0.0
1   word_l1_30.mp4            3  0.498566  ...    0.875761    0.034911         0.0
2   word_l1_30.mp4            4  0.498010  ...    0.847327    0.018927         0.0
3   word_l1_30.mp4            5  0.497232  ...    0.814203    0.017182         0.0
4   word_l1_30.mp4            6  0.496933  ...    0.788838    0.013107         0.0
..             ...          ...       ...  ...         ...         ...         ...
63  word_l1_30.mp4           65  0.498528  ...    0.713702    0.003920         0.0
64  word_l1_30.mp4           66  0.498864  ...    0.718792    0.008619         0.0
65  word_l1_30.mp4           67  0.499143  ...    0.731157    0.009055         0.0
66  word_l1_30.mp4           68  0.499828  ...    0.747501    0.007741         0.0
67  word_l1_30.mp4           69  0.500307  ...    0.763515    0.004642         0.0

[68 rows x 1958 columns]
Extracting features...
Face width computed for normalizaiton 0.1536520763978765
Features saved to: ../output/word_l1_30_features.csv
          fn_video  ... distance_r_hand6_r_hand10
0   word_l1_30.mp4  ...                  0.236852
1   word_l1_30.mp4  ...                  0.191180
2   word_l1_30.mp4  ...                  0.268626
3   word_l1_30.mp4  ...                  0.291560
4   word_l1_30.mp4  ...                  0.337533
..             ...  ...                       ...
63  word_l1_30.mp4  ...                  0.271983
64  word_l1_30.mp4  ...                  0.212825
65  word_l1_30.mp4  ...                  0.207899
66  word_l1_30.mp4  ...                  0.208938
67  word_l1_30.mp4  ...                  0.225657

[68 rows x 30 columns]
csv file with predictions was saved to ../output/predictions_rf_shape_female_cropped_word_l1_30.csv
Visualization for: ../stimuli/words/mp4/word_l1_30.mp4
32
SYLLABLE ONSETS (IN FRAMES):
[17]
MAXIMA (IN FRAMES)
[18 28 54 56 59]
Syllable, frame number (mfa), frame number (onset)
l5 17 18
