python is /network/lustre/iss02/home/annahita.sarre/anaconda3/envs/myenv/bin/python
Loaded model: ../trained_models/model_rf_position_female_cropped.pkl
Loaded video: ../stimuli/words/mp4/word_h2_03_pseudo.mp4
Extracting coordinates...
                 fn_video frame_number  ...  z_r_hand20  v_r_hand20
0   word_h2_03_pseudo.mp4            5  ...    0.072238         0.0
1   word_h2_03_pseudo.mp4            6  ...    0.042378         0.0
2   word_h2_03_pseudo.mp4            7  ...    0.041687         0.0
3   word_h2_03_pseudo.mp4            8  ...    0.014079         0.0
4   word_h2_03_pseudo.mp4            9  ...    0.004312         0.0
5   word_h2_03_pseudo.mp4           10  ...    0.008714         0.0
6   word_h2_03_pseudo.mp4           11  ...    0.020984         0.0
7   word_h2_03_pseudo.mp4           12  ...    0.017958         0.0
8   word_h2_03_pseudo.mp4           13  ...    0.015176         0.0
9   word_h2_03_pseudo.mp4           14  ...    0.026021         0.0
10  word_h2_03_pseudo.mp4           15  ...    0.009280         0.0
11  word_h2_03_pseudo.mp4           16  ...    0.024423         0.0
12  word_h2_03_pseudo.mp4           17  ...    0.022018         0.0
13  word_h2_03_pseudo.mp4           18  ...    0.025774         0.0
14  word_h2_03_pseudo.mp4           19  ...    0.038860         0.0
15  word_h2_03_pseudo.mp4           20  ...    0.040288         0.0
16  word_h2_03_pseudo.mp4           21  ...    0.045921         0.0
17  word_h2_03_pseudo.mp4           22  ...    0.039767         0.0
18  word_h2_03_pseudo.mp4           23  ...    0.010790         0.0
19  word_h2_03_pseudo.mp4           24  ...    0.006510         0.0
20  word_h2_03_pseudo.mp4           25  ...    0.008104         0.0
21  word_h2_03_pseudo.mp4           26  ...   -0.008944         0.0
22  word_h2_03_pseudo.mp4           27  ...   -0.000730         0.0
23  word_h2_03_pseudo.mp4           28  ...    0.001645         0.0
24  word_h2_03_pseudo.mp4           29  ...   -0.004427         0.0
25  word_h2_03_pseudo.mp4           30  ...   -0.004096         0.0
26  word_h2_03_pseudo.mp4           31  ...   -0.006944         0.0
27  word_h2_03_pseudo.mp4           32  ...   -0.007222         0.0
28  word_h2_03_pseudo.mp4           33  ...   -0.007737         0.0
29  word_h2_03_pseudo.mp4           34  ...   -0.007048         0.0
30  word_h2_03_pseudo.mp4           35  ...   -0.005542         0.0
31  word_h2_03_pseudo.mp4           36  ...   -0.004048         0.0
32  word_h2_03_pseudo.mp4           37  ...    0.000022         0.0
33  word_h2_03_pseudo.mp4           38  ...   -0.005008         0.0
34  word_h2_03_pseudo.mp4           39  ...   -0.002260         0.0
35  word_h2_03_pseudo.mp4           40  ...    0.000595         0.0
36  word_h2_03_pseudo.mp4           41  ...    0.002279         0.0
37  word_h2_03_pseudo.mp4           42  ...   -0.003480         0.0
38  word_h2_03_pseudo.mp4           43  ...    0.000823         0.0
39  word_h2_03_pseudo.mp4           44  ...    0.001921         0.0
40  word_h2_03_pseudo.mp4           45  ...   -0.000791         0.0
41  word_h2_03_pseudo.mp4           46  ...   -0.005108         0.0
42  word_h2_03_pseudo.mp4           47  ...   -0.005325         0.0
43  word_h2_03_pseudo.mp4           48  ...   -0.009780         0.0
44  word_h2_03_pseudo.mp4           49  ...   -0.008820         0.0
45  word_h2_03_pseudo.mp4           50  ...   -0.004794         0.0
46  word_h2_03_pseudo.mp4           51  ...   -0.001203         0.0
47  word_h2_03_pseudo.mp4           52  ...    0.009732         0.0
48  word_h2_03_pseudo.mp4           53  ...    0.015017         0.0
49  word_h2_03_pseudo.mp4           54  ...    0.007691         0.0
50  word_h2_03_pseudo.mp4           55  ...    0.011988         0.0
51  word_h2_03_pseudo.mp4           56  ...    0.011611         0.0
52  word_h2_03_pseudo.mp4           57  ...    0.012678         0.0
53  word_h2_03_pseudo.mp4           58  ...    0.007595         0.0
54  word_h2_03_pseudo.mp4           59  ...    0.001659         0.0
55  word_h2_03_pseudo.mp4           60  ...    0.013592         0.0
56  word_h2_03_pseudo.mp4           61  ...    0.015821         0.0
57  word_h2_03_pseudo.mp4           62  ...    0.011327         0.0
58  word_h2_03_pseudo.mp4           63  ...    0.013951         0.0
59  word_h2_03_pseudo.mp4           64  ...    0.015537         0.0

[60 rows x 1958 columns]
Extracting features...
Face width computed for normalizaiton 0.15911848767327907
Features saved to: ../output/word_h2_03_pseudo_features.csv
                 fn_video  ... distance_r_hand6_r_hand10
0   word_h2_03_pseudo.mp4  ...                  0.237611
1   word_h2_03_pseudo.mp4  ...                  0.206306
2   word_h2_03_pseudo.mp4  ...                  0.179649
3   word_h2_03_pseudo.mp4  ...                  0.213320
4   word_h2_03_pseudo.mp4  ...                  0.172408
5   word_h2_03_pseudo.mp4  ...                  0.180946
6   word_h2_03_pseudo.mp4  ...                  0.160275
7   word_h2_03_pseudo.mp4  ...                  0.166715
8   word_h2_03_pseudo.mp4  ...                  0.168831
9   word_h2_03_pseudo.mp4  ...                  0.165864
10  word_h2_03_pseudo.mp4  ...                  0.161578
11  word_h2_03_pseudo.mp4  ...                  0.158857
12  word_h2_03_pseudo.mp4  ...                  0.161496
13  word_h2_03_pseudo.mp4  ...                  0.156241
14  word_h2_03_pseudo.mp4  ...                  0.155259
15  word_h2_03_pseudo.mp4  ...                  0.152214
16  word_h2_03_pseudo.mp4  ...                  0.147220
17  word_h2_03_pseudo.mp4  ...                  0.146588
18  word_h2_03_pseudo.mp4  ...                  0.146679
19  word_h2_03_pseudo.mp4  ...                  0.155743
20  word_h2_03_pseudo.mp4  ...                  0.153809
21  word_h2_03_pseudo.mp4  ...                  0.158417
22  word_h2_03_pseudo.mp4  ...                  0.165455
23  word_h2_03_pseudo.mp4  ...                  0.178630
24  word_h2_03_pseudo.mp4  ...                  0.160540
25  word_h2_03_pseudo.mp4  ...                  0.149102
26  word_h2_03_pseudo.mp4  ...                  0.140268
27  word_h2_03_pseudo.mp4  ...                  0.145723
28  word_h2_03_pseudo.mp4  ...                  0.154630
29  word_h2_03_pseudo.mp4  ...                  0.159624
30  word_h2_03_pseudo.mp4  ...                  0.190169
31  word_h2_03_pseudo.mp4  ...                  0.181375
32  word_h2_03_pseudo.mp4  ...                  0.212962
33  word_h2_03_pseudo.mp4  ...                  0.255201
34  word_h2_03_pseudo.mp4  ...                  0.219350
35  word_h2_03_pseudo.mp4  ...                  0.253570
36  word_h2_03_pseudo.mp4  ...                  0.217438
37  word_h2_03_pseudo.mp4  ...                  0.273410
38  word_h2_03_pseudo.mp4  ...                  0.271173
39  word_h2_03_pseudo.mp4  ...                  0.221744
40  word_h2_03_pseudo.mp4  ...                  0.259798
41  word_h2_03_pseudo.mp4  ...                  0.246994
42  word_h2_03_pseudo.mp4  ...                  0.246473
43  word_h2_03_pseudo.mp4  ...                  0.190437
44  word_h2_03_pseudo.mp4  ...                  0.181216
45  word_h2_03_pseudo.mp4  ...                  0.169862
46  word_h2_03_pseudo.mp4  ...                  0.163482
47  word_h2_03_pseudo.mp4  ...                  0.167322
48  word_h2_03_pseudo.mp4  ...                  0.158996
49  word_h2_03_pseudo.mp4  ...                  0.181359
50  word_h2_03_pseudo.mp4  ...                  0.183289
51  word_h2_03_pseudo.mp4  ...                  0.166977
52  word_h2_03_pseudo.mp4  ...                  0.172504
53  word_h2_03_pseudo.mp4  ...                  0.173693
54  word_h2_03_pseudo.mp4  ...                  0.168369
55  word_h2_03_pseudo.mp4  ...                  0.167092
56  word_h2_03_pseudo.mp4  ...                  0.169604
57  word_h2_03_pseudo.mp4  ...                  0.167415
58  word_h2_03_pseudo.mp4  ...                  0.161590
59  word_h2_03_pseudo.mp4  ...                  0.179084

[60 rows x 30 columns]
csv file with predictions was saved to ../output/predictions_rf_position_female_cropped_word_h2_03_pseudo.csv
Loaded model: ../trained_models/model_rf_shape_female_cropped.pkl
Loaded video: ../stimuli/words/mp4/word_h2_03_pseudo.mp4
Extracting coordinates...
                 fn_video frame_number  ...  z_r_hand20  v_r_hand20
0   word_h2_03_pseudo.mp4            5  ...    0.072238         0.0
1   word_h2_03_pseudo.mp4            6  ...    0.042378         0.0
2   word_h2_03_pseudo.mp4            7  ...    0.041687         0.0
3   word_h2_03_pseudo.mp4            8  ...    0.014079         0.0
4   word_h2_03_pseudo.mp4            9  ...    0.004312         0.0
5   word_h2_03_pseudo.mp4           10  ...    0.008714         0.0
6   word_h2_03_pseudo.mp4           11  ...    0.020984         0.0
7   word_h2_03_pseudo.mp4           12  ...    0.017958         0.0
8   word_h2_03_pseudo.mp4           13  ...    0.015176         0.0
9   word_h2_03_pseudo.mp4           14  ...    0.026021         0.0
10  word_h2_03_pseudo.mp4           15  ...    0.009280         0.0
11  word_h2_03_pseudo.mp4           16  ...    0.024423         0.0
12  word_h2_03_pseudo.mp4           17  ...    0.022018         0.0
13  word_h2_03_pseudo.mp4           18  ...    0.025774         0.0
14  word_h2_03_pseudo.mp4           19  ...    0.038860         0.0
15  word_h2_03_pseudo.mp4           20  ...    0.040288         0.0
16  word_h2_03_pseudo.mp4           21  ...    0.045921         0.0
17  word_h2_03_pseudo.mp4           22  ...    0.039767         0.0
18  word_h2_03_pseudo.mp4           23  ...    0.010790         0.0
19  word_h2_03_pseudo.mp4           24  ...    0.006510         0.0
20  word_h2_03_pseudo.mp4           25  ...    0.008104         0.0
21  word_h2_03_pseudo.mp4           26  ...   -0.008944         0.0
22  word_h2_03_pseudo.mp4           27  ...   -0.000730         0.0
23  word_h2_03_pseudo.mp4           28  ...    0.001645         0.0
24  word_h2_03_pseudo.mp4           29  ...   -0.004427         0.0
25  word_h2_03_pseudo.mp4           30  ...   -0.004096         0.0
26  word_h2_03_pseudo.mp4           31  ...   -0.006944         0.0
27  word_h2_03_pseudo.mp4           32  ...   -0.007222         0.0
28  word_h2_03_pseudo.mp4           33  ...   -0.007737         0.0
29  word_h2_03_pseudo.mp4           34  ...   -0.007048         0.0
30  word_h2_03_pseudo.mp4           35  ...   -0.005542         0.0
31  word_h2_03_pseudo.mp4           36  ...   -0.004048         0.0
32  word_h2_03_pseudo.mp4           37  ...    0.000022         0.0
33  word_h2_03_pseudo.mp4           38  ...   -0.005008         0.0
34  word_h2_03_pseudo.mp4           39  ...   -0.002260         0.0
35  word_h2_03_pseudo.mp4           40  ...    0.000595         0.0
36  word_h2_03_pseudo.mp4           41  ...    0.002279         0.0
37  word_h2_03_pseudo.mp4           42  ...   -0.003480         0.0
38  word_h2_03_pseudo.mp4           43  ...    0.000823         0.0
39  word_h2_03_pseudo.mp4           44  ...    0.001921         0.0
40  word_h2_03_pseudo.mp4           45  ...   -0.000791         0.0
41  word_h2_03_pseudo.mp4           46  ...   -0.005108         0.0
42  word_h2_03_pseudo.mp4           47  ...   -0.005325         0.0
43  word_h2_03_pseudo.mp4           48  ...   -0.009780         0.0
44  word_h2_03_pseudo.mp4           49  ...   -0.008820         0.0
45  word_h2_03_pseudo.mp4           50  ...   -0.004794         0.0
46  word_h2_03_pseudo.mp4           51  ...   -0.001203         0.0
47  word_h2_03_pseudo.mp4           52  ...    0.009732         0.0
48  word_h2_03_pseudo.mp4           53  ...    0.015017         0.0
49  word_h2_03_pseudo.mp4           54  ...    0.007691         0.0
50  word_h2_03_pseudo.mp4           55  ...    0.011988         0.0
51  word_h2_03_pseudo.mp4           56  ...    0.011611         0.0
52  word_h2_03_pseudo.mp4           57  ...    0.012678         0.0
53  word_h2_03_pseudo.mp4           58  ...    0.007595         0.0
54  word_h2_03_pseudo.mp4           59  ...    0.001659         0.0
55  word_h2_03_pseudo.mp4           60  ...    0.013592         0.0
56  word_h2_03_pseudo.mp4           61  ...    0.015821         0.0
57  word_h2_03_pseudo.mp4           62  ...    0.011327         0.0
58  word_h2_03_pseudo.mp4           63  ...    0.013951         0.0
59  word_h2_03_pseudo.mp4           64  ...    0.015537         0.0

[60 rows x 1958 columns]
Extracting features...
Face width computed for normalizaiton 0.15911848767327907
Features saved to: ../output/word_h2_03_pseudo_features.csv
                 fn_video  ... distance_r_hand6_r_hand10
0   word_h2_03_pseudo.mp4  ...                  0.237611
1   word_h2_03_pseudo.mp4  ...                  0.206306
2   word_h2_03_pseudo.mp4  ...                  0.179649
3   word_h2_03_pseudo.mp4  ...                  0.213320
4   word_h2_03_pseudo.mp4  ...                  0.172408
5   word_h2_03_pseudo.mp4  ...                  0.180946
6   word_h2_03_pseudo.mp4  ...                  0.160275
7   word_h2_03_pseudo.mp4  ...                  0.166715
8   word_h2_03_pseudo.mp4  ...                  0.168831
9   word_h2_03_pseudo.mp4  ...                  0.165864
10  word_h2_03_pseudo.mp4  ...                  0.161578
11  word_h2_03_pseudo.mp4  ...                  0.158857
12  word_h2_03_pseudo.mp4  ...                  0.161496
13  word_h2_03_pseudo.mp4  ...                  0.156241
14  word_h2_03_pseudo.mp4  ...                  0.155259
15  word_h2_03_pseudo.mp4  ...                  0.152214
16  word_h2_03_pseudo.mp4  ...                  0.147220
17  word_h2_03_pseudo.mp4  ...                  0.146588
18  word_h2_03_pseudo.mp4  ...                  0.146679
19  word_h2_03_pseudo.mp4  ...                  0.155743
20  word_h2_03_pseudo.mp4  ...                  0.153809
21  word_h2_03_pseudo.mp4  ...                  0.158417
22  word_h2_03_pseudo.mp4  ...                  0.165455
23  word_h2_03_pseudo.mp4  ...                  0.178630
24  word_h2_03_pseudo.mp4  ...                  0.160540
25  word_h2_03_pseudo.mp4  ...                  0.149102
26  word_h2_03_pseudo.mp4  ...                  0.140268
27  word_h2_03_pseudo.mp4  ...                  0.145723
28  word_h2_03_pseudo.mp4  ...                  0.154630
29  word_h2_03_pseudo.mp4  ...                  0.159624
30  word_h2_03_pseudo.mp4  ...                  0.190169
31  word_h2_03_pseudo.mp4  ...                  0.181375
32  word_h2_03_pseudo.mp4  ...                  0.212962
33  word_h2_03_pseudo.mp4  ...                  0.255201
34  word_h2_03_pseudo.mp4  ...                  0.219350
35  word_h2_03_pseudo.mp4  ...                  0.253570
36  word_h2_03_pseudo.mp4  ...                  0.217438
37  word_h2_03_pseudo.mp4  ...                  0.273410
38  word_h2_03_pseudo.mp4  ...                  0.271173
39  word_h2_03_pseudo.mp4  ...                  0.221744
40  word_h2_03_pseudo.mp4  ...                  0.259798
41  word_h2_03_pseudo.mp4  ...                  0.246994
42  word_h2_03_pseudo.mp4  ...                  0.246473
43  word_h2_03_pseudo.mp4  ...                  0.190437
44  word_h2_03_pseudo.mp4  ...                  0.181216
45  word_h2_03_pseudo.mp4  ...                  0.169862
46  word_h2_03_pseudo.mp4  ...                  0.163482
47  word_h2_03_pseudo.mp4  ...                  0.167322
48  word_h2_03_pseudo.mp4  ...                  0.158996
49  word_h2_03_pseudo.mp4  ...                  0.181359
50  word_h2_03_pseudo.mp4  ...                  0.183289
51  word_h2_03_pseudo.mp4  ...                  0.166977
52  word_h2_03_pseudo.mp4  ...                  0.172504
53  word_h2_03_pseudo.mp4  ...                  0.173693
54  word_h2_03_pseudo.mp4  ...                  0.168369
55  word_h2_03_pseudo.mp4  ...                  0.167092
56  word_h2_03_pseudo.mp4  ...                  0.169604
57  word_h2_03_pseudo.mp4  ...                  0.167415
58  word_h2_03_pseudo.mp4  ...                  0.161590
59  word_h2_03_pseudo.mp4  ...                  0.179084

[60 rows x 30 columns]
csv file with predictions was saved to ../output/predictions_rf_shape_female_cropped_word_h2_03_pseudo.csv
Visualization for: ../stimuli/words/mp4/word_h2_03_pseudo.mp4
32
SYLLABLE ONSETS (IN FRAMES):
[]
MAXIMA (IN FRAMES)
[20 41]
Syllable, frame number (mfa), frame number (onset)
