python is /network/lustre/iss02/home/annahita.sarre/anaconda3/envs/myenv/bin/python
Loaded model: ../trained_models/model_rf_position_female_cropped.pkl
Loaded video: ../stimuli/words/mp4/word_l2_33.mp4
Extracting coordinates...
          fn_video frame_number   x_face0  ...  y_r_hand20  z_r_hand20  v_r_hand20
0   word_l2_33.mp4            5  0.491178  ...    1.041920    0.033382         0.0
1   word_l2_33.mp4            6  0.491010  ...    0.980162    0.029449         0.0
2   word_l2_33.mp4            7  0.490732  ...    0.932448    0.019640         0.0
3   word_l2_33.mp4            8  0.490313  ...    0.886482    0.023826         0.0
4   word_l2_33.mp4            9  0.490518  ...    0.845168    0.039751         0.0
5   word_l2_33.mp4           10  0.489914  ...    0.819110    0.034646         0.0
6   word_l2_33.mp4           11  0.489891  ...    0.779017    0.030479         0.0
7   word_l2_33.mp4           12  0.489964  ...    0.752497    0.030820         0.0
8   word_l2_33.mp4           13  0.489839  ...    0.719120    0.027992         0.0
9   word_l2_33.mp4           14  0.489728  ...    0.682929    0.023619         0.0
10  word_l2_33.mp4           15  0.489883  ...    0.638015    0.001316         0.0
11  word_l2_33.mp4           16  0.489464  ...    0.605487   -0.011354         0.0
12  word_l2_33.mp4           17  0.489696  ...    0.587515   -0.023760         0.0
13  word_l2_33.mp4           18  0.490114  ...    0.574065   -0.024078         0.0
14  word_l2_33.mp4           19  0.490061  ...    0.567309   -0.025844         0.0
15  word_l2_33.mp4           20  0.490113  ...    0.563562   -0.023781         0.0
16  word_l2_33.mp4           21  0.490071  ...    0.554549   -0.013934         0.0
17  word_l2_33.mp4           22  0.490167  ...    0.553665    0.001572         0.0
18  word_l2_33.mp4           23  0.489687  ...    0.555518   -0.010131         0.0
19  word_l2_33.mp4           24  0.490258  ...    0.564859   -0.008335         0.0
20  word_l2_33.mp4           25  0.489712  ...    0.573324    0.004839         0.0
21  word_l2_33.mp4           26  0.490447  ...    0.579936    0.007068         0.0
22  word_l2_33.mp4           27  0.490114  ...    0.586884    0.005502         0.0
23  word_l2_33.mp4           28  0.490433  ...    0.596387    0.010957         0.0
24  word_l2_33.mp4           29  0.491223  ...    0.599507    0.029765         0.0
25  word_l2_33.mp4           30  0.491992  ...    0.600035    0.026520         0.0
26  word_l2_33.mp4           31  0.492370  ...    0.597201    0.018793         0.0
27  word_l2_33.mp4           32  0.492524  ...    0.603220    0.025415         0.0
28  word_l2_33.mp4           33  0.493042  ...    0.633249    0.018787         0.0
29  word_l2_33.mp4           34  0.493479  ...    0.691053    0.007753         0.0
30  word_l2_33.mp4           35  0.494710  ...    0.692580   -0.007358         0.0
31  word_l2_33.mp4           36  0.494617  ...    0.687279    0.012741         0.0
32  word_l2_33.mp4           37  0.495077  ...    0.681852    0.012000         0.0
33  word_l2_33.mp4           38  0.495330  ...    0.680849    0.023217         0.0
34  word_l2_33.mp4           39  0.495475  ...    0.679101    0.030297         0.0
35  word_l2_33.mp4           40  0.495474  ...    0.679889    0.027887         0.0
36  word_l2_33.mp4           41  0.495269  ...    0.681936    0.019516         0.0
37  word_l2_33.mp4           42  0.495256  ...    0.682207    0.019285         0.0
38  word_l2_33.mp4           43  0.495415  ...    0.682828    0.028028         0.0
39  word_l2_33.mp4           44  0.494590  ...    0.682649    0.018151         0.0
40  word_l2_33.mp4           45  0.494465  ...    0.681714    0.022755         0.0
41  word_l2_33.mp4           46  0.494772  ...    0.683572    0.012921         0.0
42  word_l2_33.mp4           47  0.494488  ...    0.681444    0.014098         0.0
43  word_l2_33.mp4           48  0.494217  ...    0.682307    0.009241         0.0
44  word_l2_33.mp4           49  0.494039  ...    0.689449    0.026302         0.0
45  word_l2_33.mp4           50  0.493968  ...    0.691400    0.016232         0.0
46  word_l2_33.mp4           51  0.493999  ...    0.695487    0.005837         0.0
47  word_l2_33.mp4           52  0.493777  ...    0.699725    0.008734         0.0
48  word_l2_33.mp4           53  0.493782  ...    0.705759    0.009830         0.0
49  word_l2_33.mp4           54  0.493944  ...    0.712559    0.011869         0.0
50  word_l2_33.mp4           55  0.494318  ...    0.723261    0.014157         0.0
51  word_l2_33.mp4           56  0.494348  ...    0.739501    0.019407         0.0
52  word_l2_33.mp4           57  0.494803  ...    0.757951    0.024737         0.0

[53 rows x 1958 columns]
Extracting features...
Face width computed for normalizaiton 0.155704318461545
Features saved to: ../output/word_l2_33_features.csv
          fn_video  ... distance_r_hand6_r_hand10
0   word_l2_33.mp4  ...                  0.187464
1   word_l2_33.mp4  ...                  0.218962
2   word_l2_33.mp4  ...                  0.216467
3   word_l2_33.mp4  ...                  0.190764
4   word_l2_33.mp4  ...                  0.185380
5   word_l2_33.mp4  ...                  0.191553
6   word_l2_33.mp4  ...                  0.184131
7   word_l2_33.mp4  ...                  0.180947
8   word_l2_33.mp4  ...                  0.172430
9   word_l2_33.mp4  ...                  0.148651
10  word_l2_33.mp4  ...                  0.144972
11  word_l2_33.mp4  ...                  0.139179
12  word_l2_33.mp4  ...                  0.148629
13  word_l2_33.mp4  ...                  0.168559
14  word_l2_33.mp4  ...                  0.191025
15  word_l2_33.mp4  ...                  0.189846
16  word_l2_33.mp4  ...                  0.169320
17  word_l2_33.mp4  ...                  0.171635
18  word_l2_33.mp4  ...                  0.137959
19  word_l2_33.mp4  ...                  0.146033
20  word_l2_33.mp4  ...                  0.158395
21  word_l2_33.mp4  ...                  0.154640
22  word_l2_33.mp4  ...                  0.141403
23  word_l2_33.mp4  ...                  0.135227
24  word_l2_33.mp4  ...                  0.151066
25  word_l2_33.mp4  ...                  0.151300
26  word_l2_33.mp4  ...                  0.152872
27  word_l2_33.mp4  ...                  0.167794
28  word_l2_33.mp4  ...                  0.179910
29  word_l2_33.mp4  ...                  0.159006
30  word_l2_33.mp4  ...                  0.160474
31  word_l2_33.mp4  ...                  0.156038
32  word_l2_33.mp4  ...                  0.158407
33  word_l2_33.mp4  ...                  0.172239
34  word_l2_33.mp4  ...                  0.188957
35  word_l2_33.mp4  ...                  0.195928
36  word_l2_33.mp4  ...                  0.186661
37  word_l2_33.mp4  ...                  0.189972
38  word_l2_33.mp4  ...                  0.197832
39  word_l2_33.mp4  ...                  0.190292
40  word_l2_33.mp4  ...                  0.196108
41  word_l2_33.mp4  ...                  0.184387
42  word_l2_33.mp4  ...                  0.176285
43  word_l2_33.mp4  ...                  0.165265
44  word_l2_33.mp4  ...                  0.175644
45  word_l2_33.mp4  ...                  0.177135
46  word_l2_33.mp4  ...                  0.162704
47  word_l2_33.mp4  ...                  0.160805
48  word_l2_33.mp4  ...                  0.166328
49  word_l2_33.mp4  ...                  0.168253
50  word_l2_33.mp4  ...                  0.164118
51  word_l2_33.mp4  ...                  0.180197
52  word_l2_33.mp4  ...                  0.198522

[53 rows x 30 columns]
csv file with predictions was saved to ../output/predictions_rf_position_female_cropped_word_l2_33.csv
Loaded model: ../trained_models/model_rf_shape_female_cropped.pkl
Loaded video: ../stimuli/words/mp4/word_l2_33.mp4
Extracting coordinates...
          fn_video frame_number   x_face0  ...  y_r_hand20  z_r_hand20  v_r_hand20
0   word_l2_33.mp4            5  0.491178  ...    1.041920    0.033382         0.0
1   word_l2_33.mp4            6  0.491010  ...    0.980162    0.029449         0.0
2   word_l2_33.mp4            7  0.490732  ...    0.932448    0.019640         0.0
3   word_l2_33.mp4            8  0.490313  ...    0.886482    0.023826         0.0
4   word_l2_33.mp4            9  0.490518  ...    0.845168    0.039751         0.0
5   word_l2_33.mp4           10  0.489914  ...    0.819110    0.034646         0.0
6   word_l2_33.mp4           11  0.489891  ...    0.779017    0.030479         0.0
7   word_l2_33.mp4           12  0.489964  ...    0.752497    0.030820         0.0
8   word_l2_33.mp4           13  0.489839  ...    0.719120    0.027992         0.0
9   word_l2_33.mp4           14  0.489728  ...    0.682929    0.023619         0.0
10  word_l2_33.mp4           15  0.489883  ...    0.638015    0.001316         0.0
11  word_l2_33.mp4           16  0.489464  ...    0.605487   -0.011354         0.0
12  word_l2_33.mp4           17  0.489696  ...    0.587515   -0.023760         0.0
13  word_l2_33.mp4           18  0.490114  ...    0.574065   -0.024078         0.0
14  word_l2_33.mp4           19  0.490061  ...    0.567309   -0.025844         0.0
15  word_l2_33.mp4           20  0.490113  ...    0.563562   -0.023781         0.0
16  word_l2_33.mp4           21  0.490071  ...    0.554549   -0.013934         0.0
17  word_l2_33.mp4           22  0.490167  ...    0.553665    0.001572         0.0
18  word_l2_33.mp4           23  0.489687  ...    0.555518   -0.010131         0.0
19  word_l2_33.mp4           24  0.490258  ...    0.564859   -0.008335         0.0
20  word_l2_33.mp4           25  0.489712  ...    0.573324    0.004839         0.0
21  word_l2_33.mp4           26  0.490447  ...    0.579936    0.007068         0.0
22  word_l2_33.mp4           27  0.490114  ...    0.586884    0.005502         0.0
23  word_l2_33.mp4           28  0.490433  ...    0.596387    0.010957         0.0
24  word_l2_33.mp4           29  0.491223  ...    0.599507    0.029765         0.0
25  word_l2_33.mp4           30  0.491992  ...    0.600035    0.026520         0.0
26  word_l2_33.mp4           31  0.492370  ...    0.597201    0.018793         0.0
27  word_l2_33.mp4           32  0.492524  ...    0.603220    0.025415         0.0
28  word_l2_33.mp4           33  0.493042  ...    0.633249    0.018787         0.0
29  word_l2_33.mp4           34  0.493479  ...    0.691053    0.007753         0.0
30  word_l2_33.mp4           35  0.494710  ...    0.692580   -0.007358         0.0
31  word_l2_33.mp4           36  0.494617  ...    0.687279    0.012741         0.0
32  word_l2_33.mp4           37  0.495077  ...    0.681852    0.012000         0.0
33  word_l2_33.mp4           38  0.495330  ...    0.680849    0.023217         0.0
34  word_l2_33.mp4           39  0.495475  ...    0.679101    0.030297         0.0
35  word_l2_33.mp4           40  0.495474  ...    0.679889    0.027887         0.0
36  word_l2_33.mp4           41  0.495269  ...    0.681936    0.019516         0.0
37  word_l2_33.mp4           42  0.495256  ...    0.682207    0.019285         0.0
38  word_l2_33.mp4           43  0.495415  ...    0.682828    0.028028         0.0
39  word_l2_33.mp4           44  0.494590  ...    0.682649    0.018151         0.0
40  word_l2_33.mp4           45  0.494465  ...    0.681714    0.022755         0.0
41  word_l2_33.mp4           46  0.494772  ...    0.683572    0.012921         0.0
42  word_l2_33.mp4           47  0.494488  ...    0.681444    0.014098         0.0
43  word_l2_33.mp4           48  0.494217  ...    0.682307    0.009241         0.0
44  word_l2_33.mp4           49  0.494039  ...    0.689449    0.026302         0.0
45  word_l2_33.mp4           50  0.493968  ...    0.691400    0.016232         0.0
46  word_l2_33.mp4           51  0.493999  ...    0.695487    0.005837         0.0
47  word_l2_33.mp4           52  0.493777  ...    0.699725    0.008734         0.0
48  word_l2_33.mp4           53  0.493782  ...    0.705759    0.009830         0.0
49  word_l2_33.mp4           54  0.493944  ...    0.712559    0.011869         0.0
50  word_l2_33.mp4           55  0.494318  ...    0.723261    0.014157         0.0
51  word_l2_33.mp4           56  0.494348  ...    0.739501    0.019407         0.0
52  word_l2_33.mp4           57  0.494803  ...    0.757951    0.024737         0.0

[53 rows x 1958 columns]
Extracting features...
Face width computed for normalizaiton 0.155704318461545
Features saved to: ../output/word_l2_33_features.csv
          fn_video  ... distance_r_hand6_r_hand10
0   word_l2_33.mp4  ...                  0.187464
1   word_l2_33.mp4  ...                  0.218962
2   word_l2_33.mp4  ...                  0.216467
3   word_l2_33.mp4  ...                  0.190764
4   word_l2_33.mp4  ...                  0.185380
5   word_l2_33.mp4  ...                  0.191553
6   word_l2_33.mp4  ...                  0.184131
7   word_l2_33.mp4  ...                  0.180947
8   word_l2_33.mp4  ...                  0.172430
9   word_l2_33.mp4  ...                  0.148651
10  word_l2_33.mp4  ...                  0.144972
11  word_l2_33.mp4  ...                  0.139179
12  word_l2_33.mp4  ...                  0.148629
13  word_l2_33.mp4  ...                  0.168559
14  word_l2_33.mp4  ...                  0.191025
15  word_l2_33.mp4  ...                  0.189846
16  word_l2_33.mp4  ...                  0.169320
17  word_l2_33.mp4  ...                  0.171635
18  word_l2_33.mp4  ...                  0.137959
19  word_l2_33.mp4  ...                  0.146033
20  word_l2_33.mp4  ...                  0.158395
21  word_l2_33.mp4  ...                  0.154640
22  word_l2_33.mp4  ...                  0.141403
23  word_l2_33.mp4  ...                  0.135227
24  word_l2_33.mp4  ...                  0.151066
25  word_l2_33.mp4  ...                  0.151300
26  word_l2_33.mp4  ...                  0.152872
27  word_l2_33.mp4  ...                  0.167794
28  word_l2_33.mp4  ...                  0.179910
29  word_l2_33.mp4  ...                  0.159006
30  word_l2_33.mp4  ...                  0.160474
31  word_l2_33.mp4  ...                  0.156038
32  word_l2_33.mp4  ...                  0.158407
33  word_l2_33.mp4  ...                  0.172239
34  word_l2_33.mp4  ...                  0.188957
35  word_l2_33.mp4  ...                  0.195928
36  word_l2_33.mp4  ...                  0.186661
37  word_l2_33.mp4  ...                  0.189972
38  word_l2_33.mp4  ...                  0.197832
39  word_l2_33.mp4  ...                  0.190292
40  word_l2_33.mp4  ...                  0.196108
41  word_l2_33.mp4  ...                  0.184387
42  word_l2_33.mp4  ...                  0.176285
43  word_l2_33.mp4  ...                  0.165265
44  word_l2_33.mp4  ...                  0.175644
45  word_l2_33.mp4  ...                  0.177135
46  word_l2_33.mp4  ...                  0.162704
47  word_l2_33.mp4  ...                  0.160805
48  word_l2_33.mp4  ...                  0.166328
49  word_l2_33.mp4  ...                  0.168253
50  word_l2_33.mp4  ...                  0.164118
51  word_l2_33.mp4  ...                  0.180197
52  word_l2_33.mp4  ...                  0.198522

[53 rows x 30 columns]
csv file with predictions was saved to ../output/predictions_rf_shape_female_cropped_word_l2_33.csv
Visualization for: ../stimuli/words/mp4/word_l2_33.mp4
32
SYLLABLE ONSETS (IN FRAMES):
[18 32]
MAXIMA (IN FRAMES)
[29 40]
Syllable, frame number (mfa), frame number (onset)
t 18 29
RO 32 40
