python is /network/lustre/iss02/home/annahita.sarre/anaconda3/envs/myenv/bin/python
Loaded model: ../trained_models/model_rf_position_female_cropped.pkl
Loaded video: ../stimuli/words/mp4/word_h2_05.mp4
Extracting coordinates...
          fn_video frame_number   x_face0  ...  y_r_hand20  z_r_hand20  v_r_hand20
0   word_h2_05.mp4            1  0.493935  ...    0.918996    0.040457         0.0
1   word_h2_05.mp4            2  0.494815  ...    0.867110    0.013596         0.0
2   word_h2_05.mp4            3  0.494489  ...    0.836070    0.011151         0.0
3   word_h2_05.mp4            4  0.494130  ...    0.812503    0.015301         0.0
4   word_h2_05.mp4            5  0.494352  ...    0.791906    0.013196         0.0
5   word_h2_05.mp4            6  0.494003  ...    0.773005    0.023410         0.0
6   word_h2_05.mp4            7  0.494169  ...    0.752337    0.019913         0.0
7   word_h2_05.mp4            8  0.494670  ...    0.729779    0.009225         0.0
8   word_h2_05.mp4            9  0.494873  ...    0.710459    0.005441         0.0
9   word_h2_05.mp4           10  0.494852  ...    0.695361    0.003472         0.0
10  word_h2_05.mp4           11  0.495087  ...    0.679210    0.010805         0.0
11  word_h2_05.mp4           12  0.495367  ...    0.666145    0.008550         0.0
12  word_h2_05.mp4           13  0.495257  ...    0.656059    0.013733         0.0
13  word_h2_05.mp4           14  0.495536  ...    0.645010    0.006796         0.0
14  word_h2_05.mp4           15  0.495652  ...    0.635068    0.000756         0.0
15  word_h2_05.mp4           16  0.495486  ...    0.624926   -0.005015         0.0
16  word_h2_05.mp4           17  0.495275  ...    0.616573   -0.007997         0.0
17  word_h2_05.mp4           18  0.495417  ...    0.609537   -0.009540         0.0
18  word_h2_05.mp4           19  0.495597  ...    0.604122   -0.003091         0.0
19  word_h2_05.mp4           20  0.495600  ...    0.599371    0.004906         0.0
20  word_h2_05.mp4           21  0.495366  ...    0.599801   -0.014279         0.0
21  word_h2_05.mp4           22  0.495316  ...    0.598530   -0.012687         0.0
22  word_h2_05.mp4           23  0.495638  ...    0.599310   -0.015815         0.0
23  word_h2_05.mp4           24  0.495714  ...    0.601913   -0.019158         0.0
24  word_h2_05.mp4           25  0.496491  ...    0.603952   -0.024856         0.0
25  word_h2_05.mp4           26  0.498203  ...    0.605022   -0.017706         0.0
26  word_h2_05.mp4           27  0.498191  ...    0.605901   -0.022002         0.0
27  word_h2_05.mp4           28  0.498322  ...    0.604879   -0.016104         0.0
28  word_h2_05.mp4           29  0.497940  ...    0.602484   -0.023494         0.0
29  word_h2_05.mp4           30  0.497696  ...    0.598224   -0.019234         0.0
30  word_h2_05.mp4           31  0.497938  ...    0.593490   -0.012842         0.0
31  word_h2_05.mp4           32  0.497510  ...    0.591259   -0.016619         0.0
32  word_h2_05.mp4           33  0.496778  ...    0.588804   -0.028136         0.0
33  word_h2_05.mp4           34  0.496587  ...    0.589220   -0.029032         0.0
34  word_h2_05.mp4           35  0.496902  ...    0.590873   -0.035969         0.0
35  word_h2_05.mp4           36  0.496642  ...    0.605449   -0.021469         0.0
36  word_h2_05.mp4           37  0.497409  ...    0.675965   -0.000867         0.0
37  word_h2_05.mp4           38  0.497371  ...    0.723685   -0.002214         0.0
38  word_h2_05.mp4           39  0.497508  ...    0.734885   -0.001803         0.0
39  word_h2_05.mp4           40  0.497636  ...    0.744002   -0.005086         0.0
40  word_h2_05.mp4           41  0.497516  ...    0.746577   -0.002361         0.0
41  word_h2_05.mp4           42  0.496469  ...    0.749535   -0.002442         0.0
42  word_h2_05.mp4           43  0.495926  ...    0.750426   -0.003800         0.0
43  word_h2_05.mp4           44  0.495161  ...    0.750980   -0.000687         0.0
44  word_h2_05.mp4           45  0.495070  ...    0.749671   -0.004803         0.0
45  word_h2_05.mp4           46  0.494814  ...    0.749187   -0.001188         0.0
46  word_h2_05.mp4           47  0.494745  ...    0.751089   -0.003042         0.0
47  word_h2_05.mp4           48  0.494913  ...    0.749494   -0.002403         0.0
48  word_h2_05.mp4           49  0.494795  ...    0.751276   -0.002549         0.0
49  word_h2_05.mp4           50  0.494870  ...    0.751659   -0.003563         0.0
50  word_h2_05.mp4           51  0.495285  ...    0.751125   -0.002736         0.0
51  word_h2_05.mp4           52  0.495034  ...    0.750419   -0.004153         0.0
52  word_h2_05.mp4           53  0.494815  ...    0.748308   -0.004094         0.0
53  word_h2_05.mp4           54  0.494855  ...    0.729194   -0.005158         0.0
54  word_h2_05.mp4           55  0.494878  ...    0.712744   -0.000705         0.0
55  word_h2_05.mp4           56  0.494397  ...    0.674769    0.014711         0.0
56  word_h2_05.mp4           57  0.494717  ...    0.671367    0.024345         0.0
57  word_h2_05.mp4           58  0.494692  ...    0.657030    0.012656         0.0
58  word_h2_05.mp4           59  0.494959  ...    0.649716    0.003582         0.0
59  word_h2_05.mp4           60  0.495363  ...    0.652020    0.006990         0.0

[60 rows x 1958 columns]
Extracting features...
Face width computed for normalizaiton 0.16100841192114576
Features saved to: ../output/word_h2_05_features.csv
          fn_video  ... distance_r_hand6_r_hand10
0   word_h2_05.mp4  ...                  0.243768
1   word_h2_05.mp4  ...                  0.201718
2   word_h2_05.mp4  ...                  0.190734
3   word_h2_05.mp4  ...                  0.173446
4   word_h2_05.mp4  ...                  0.177613
5   word_h2_05.mp4  ...                  0.178387
6   word_h2_05.mp4  ...                  0.170532
7   word_h2_05.mp4  ...                  0.168948
8   word_h2_05.mp4  ...                  0.165698
9   word_h2_05.mp4  ...                  0.165375
10  word_h2_05.mp4  ...                  0.160731
11  word_h2_05.mp4  ...                  0.157175
12  word_h2_05.mp4  ...                  0.157179
13  word_h2_05.mp4  ...                  0.154432
14  word_h2_05.mp4  ...                  0.151843
15  word_h2_05.mp4  ...                  0.146067
16  word_h2_05.mp4  ...                  0.143061
17  word_h2_05.mp4  ...                  0.142261
18  word_h2_05.mp4  ...                  0.141884
19  word_h2_05.mp4  ...                  0.140191
20  word_h2_05.mp4  ...                  0.139159
21  word_h2_05.mp4  ...                  0.136448
22  word_h2_05.mp4  ...                  0.137085
23  word_h2_05.mp4  ...                  0.138224
24  word_h2_05.mp4  ...                  0.139247
25  word_h2_05.mp4  ...                  0.137546
26  word_h2_05.mp4  ...                  0.142038
27  word_h2_05.mp4  ...                  0.138801
28  word_h2_05.mp4  ...                  0.136188
29  word_h2_05.mp4  ...                  0.131603
30  word_h2_05.mp4  ...                  0.128285
31  word_h2_05.mp4  ...                  0.127225
32  word_h2_05.mp4  ...                  0.126612
33  word_h2_05.mp4  ...                  0.125452
34  word_h2_05.mp4  ...                  0.141907
35  word_h2_05.mp4  ...                  0.230910
36  word_h2_05.mp4  ...                  0.247057
37  word_h2_05.mp4  ...                  0.246545
38  word_h2_05.mp4  ...                  0.249944
39  word_h2_05.mp4  ...                  0.268250
40  word_h2_05.mp4  ...                  0.261387
41  word_h2_05.mp4  ...                  0.265758
42  word_h2_05.mp4  ...                  0.267523
43  word_h2_05.mp4  ...                  0.267799
44  word_h2_05.mp4  ...                  0.264813
45  word_h2_05.mp4  ...                  0.260283
46  word_h2_05.mp4  ...                  0.264641
47  word_h2_05.mp4  ...                  0.263072
48  word_h2_05.mp4  ...                  0.260991
49  word_h2_05.mp4  ...                  0.264657
50  word_h2_05.mp4  ...                  0.270456
51  word_h2_05.mp4  ...                  0.274146
52  word_h2_05.mp4  ...                  0.287323
53  word_h2_05.mp4  ...                  0.283472
54  word_h2_05.mp4  ...                  0.235389
55  word_h2_05.mp4  ...                  0.208902
56  word_h2_05.mp4  ...                  0.205587
57  word_h2_05.mp4  ...                  0.180239
58  word_h2_05.mp4  ...                  0.160545
59  word_h2_05.mp4  ...                  0.152331

[60 rows x 30 columns]
csv file with predictions was saved to ../output/predictions_rf_position_female_cropped_word_h2_05.csv
Loaded model: ../trained_models/model_rf_shape_female_cropped.pkl
Loaded video: ../stimuli/words/mp4/word_h2_05.mp4
Extracting coordinates...
          fn_video frame_number   x_face0  ...  y_r_hand20  z_r_hand20  v_r_hand20
0   word_h2_05.mp4            1  0.493935  ...    0.918996    0.040457         0.0
1   word_h2_05.mp4            2  0.494815  ...    0.867110    0.013596         0.0
2   word_h2_05.mp4            3  0.494489  ...    0.836070    0.011151         0.0
3   word_h2_05.mp4            4  0.494130  ...    0.812503    0.015301         0.0
4   word_h2_05.mp4            5  0.494352  ...    0.791906    0.013196         0.0
5   word_h2_05.mp4            6  0.494003  ...    0.773005    0.023410         0.0
6   word_h2_05.mp4            7  0.494169  ...    0.752337    0.019913         0.0
7   word_h2_05.mp4            8  0.494670  ...    0.729779    0.009225         0.0
8   word_h2_05.mp4            9  0.494873  ...    0.710459    0.005441         0.0
9   word_h2_05.mp4           10  0.494852  ...    0.695361    0.003472         0.0
10  word_h2_05.mp4           11  0.495087  ...    0.679210    0.010805         0.0
11  word_h2_05.mp4           12  0.495367  ...    0.666145    0.008550         0.0
12  word_h2_05.mp4           13  0.495257  ...    0.656059    0.013733         0.0
13  word_h2_05.mp4           14  0.495536  ...    0.645010    0.006796         0.0
14  word_h2_05.mp4           15  0.495652  ...    0.635068    0.000756         0.0
15  word_h2_05.mp4           16  0.495486  ...    0.624926   -0.005015         0.0
16  word_h2_05.mp4           17  0.495275  ...    0.616573   -0.007997         0.0
17  word_h2_05.mp4           18  0.495417  ...    0.609537   -0.009540         0.0
18  word_h2_05.mp4           19  0.495597  ...    0.604122   -0.003091         0.0
19  word_h2_05.mp4           20  0.495600  ...    0.599371    0.004906         0.0
20  word_h2_05.mp4           21  0.495366  ...    0.599801   -0.014279         0.0
21  word_h2_05.mp4           22  0.495316  ...    0.598530   -0.012687         0.0
22  word_h2_05.mp4           23  0.495638  ...    0.599310   -0.015815         0.0
23  word_h2_05.mp4           24  0.495714  ...    0.601913   -0.019158         0.0
24  word_h2_05.mp4           25  0.496491  ...    0.603952   -0.024856         0.0
25  word_h2_05.mp4           26  0.498203  ...    0.605022   -0.017706         0.0
26  word_h2_05.mp4           27  0.498191  ...    0.605901   -0.022002         0.0
27  word_h2_05.mp4           28  0.498322  ...    0.604879   -0.016104         0.0
28  word_h2_05.mp4           29  0.497940  ...    0.602484   -0.023494         0.0
29  word_h2_05.mp4           30  0.497696  ...    0.598224   -0.019234         0.0
30  word_h2_05.mp4           31  0.497938  ...    0.593490   -0.012842         0.0
31  word_h2_05.mp4           32  0.497510  ...    0.591259   -0.016619         0.0
32  word_h2_05.mp4           33  0.496778  ...    0.588804   -0.028136         0.0
33  word_h2_05.mp4           34  0.496587  ...    0.589220   -0.029032         0.0
34  word_h2_05.mp4           35  0.496902  ...    0.590873   -0.035969         0.0
35  word_h2_05.mp4           36  0.496642  ...    0.605449   -0.021469         0.0
36  word_h2_05.mp4           37  0.497409  ...    0.675965   -0.000867         0.0
37  word_h2_05.mp4           38  0.497371  ...    0.723685   -0.002214         0.0
38  word_h2_05.mp4           39  0.497508  ...    0.734885   -0.001803         0.0
39  word_h2_05.mp4           40  0.497636  ...    0.744002   -0.005086         0.0
40  word_h2_05.mp4           41  0.497516  ...    0.746577   -0.002361         0.0
41  word_h2_05.mp4           42  0.496469  ...    0.749535   -0.002442         0.0
42  word_h2_05.mp4           43  0.495926  ...    0.750426   -0.003800         0.0
43  word_h2_05.mp4           44  0.495161  ...    0.750980   -0.000687         0.0
44  word_h2_05.mp4           45  0.495070  ...    0.749671   -0.004803         0.0
45  word_h2_05.mp4           46  0.494814  ...    0.749187   -0.001188         0.0
46  word_h2_05.mp4           47  0.494745  ...    0.751089   -0.003042         0.0
47  word_h2_05.mp4           48  0.494913  ...    0.749494   -0.002403         0.0
48  word_h2_05.mp4           49  0.494795  ...    0.751276   -0.002549         0.0
49  word_h2_05.mp4           50  0.494870  ...    0.751659   -0.003563         0.0
50  word_h2_05.mp4           51  0.495285  ...    0.751125   -0.002736         0.0
51  word_h2_05.mp4           52  0.495034  ...    0.750419   -0.004153         0.0
52  word_h2_05.mp4           53  0.494815  ...    0.748308   -0.004094         0.0
53  word_h2_05.mp4           54  0.494855  ...    0.729194   -0.005158         0.0
54  word_h2_05.mp4           55  0.494878  ...    0.712744   -0.000705         0.0
55  word_h2_05.mp4           56  0.494397  ...    0.674769    0.014711         0.0
56  word_h2_05.mp4           57  0.494717  ...    0.671367    0.024345         0.0
57  word_h2_05.mp4           58  0.494692  ...    0.657030    0.012656         0.0
58  word_h2_05.mp4           59  0.494959  ...    0.649716    0.003582         0.0
59  word_h2_05.mp4           60  0.495363  ...    0.652020    0.006990         0.0

[60 rows x 1958 columns]
Extracting features...
Face width computed for normalizaiton 0.16100841192114576
Features saved to: ../output/word_h2_05_features.csv
          fn_video  ... distance_r_hand6_r_hand10
0   word_h2_05.mp4  ...                  0.243768
1   word_h2_05.mp4  ...                  0.201718
2   word_h2_05.mp4  ...                  0.190734
3   word_h2_05.mp4  ...                  0.173446
4   word_h2_05.mp4  ...                  0.177613
5   word_h2_05.mp4  ...                  0.178387
6   word_h2_05.mp4  ...                  0.170532
7   word_h2_05.mp4  ...                  0.168948
8   word_h2_05.mp4  ...                  0.165698
9   word_h2_05.mp4  ...                  0.165375
10  word_h2_05.mp4  ...                  0.160731
11  word_h2_05.mp4  ...                  0.157175
12  word_h2_05.mp4  ...                  0.157179
13  word_h2_05.mp4  ...                  0.154432
14  word_h2_05.mp4  ...                  0.151843
15  word_h2_05.mp4  ...                  0.146067
16  word_h2_05.mp4  ...                  0.143061
17  word_h2_05.mp4  ...                  0.142261
18  word_h2_05.mp4  ...                  0.141884
19  word_h2_05.mp4  ...                  0.140191
20  word_h2_05.mp4  ...                  0.139159
21  word_h2_05.mp4  ...                  0.136448
22  word_h2_05.mp4  ...                  0.137085
23  word_h2_05.mp4  ...                  0.138224
24  word_h2_05.mp4  ...                  0.139247
25  word_h2_05.mp4  ...                  0.137546
26  word_h2_05.mp4  ...                  0.142038
27  word_h2_05.mp4  ...                  0.138801
28  word_h2_05.mp4  ...                  0.136188
29  word_h2_05.mp4  ...                  0.131603
30  word_h2_05.mp4  ...                  0.128285
31  word_h2_05.mp4  ...                  0.127225
32  word_h2_05.mp4  ...                  0.126612
33  word_h2_05.mp4  ...                  0.125452
34  word_h2_05.mp4  ...                  0.141907
35  word_h2_05.mp4  ...                  0.230910
36  word_h2_05.mp4  ...                  0.247057
37  word_h2_05.mp4  ...                  0.246545
38  word_h2_05.mp4  ...                  0.249944
39  word_h2_05.mp4  ...                  0.268250
40  word_h2_05.mp4  ...                  0.261387
41  word_h2_05.mp4  ...                  0.265758
42  word_h2_05.mp4  ...                  0.267523
43  word_h2_05.mp4  ...                  0.267799
44  word_h2_05.mp4  ...                  0.264813
45  word_h2_05.mp4  ...                  0.260283
46  word_h2_05.mp4  ...                  0.264641
47  word_h2_05.mp4  ...                  0.263072
48  word_h2_05.mp4  ...                  0.260991
49  word_h2_05.mp4  ...                  0.264657
50  word_h2_05.mp4  ...                  0.270456
51  word_h2_05.mp4  ...                  0.274146
52  word_h2_05.mp4  ...                  0.287323
53  word_h2_05.mp4  ...                  0.283472
54  word_h2_05.mp4  ...                  0.235389
55  word_h2_05.mp4  ...                  0.208902
56  word_h2_05.mp4  ...                  0.205587
57  word_h2_05.mp4  ...                  0.180239
58  word_h2_05.mp4  ...                  0.160545
59  word_h2_05.mp4  ...                  0.152331

[60 rows x 30 columns]
csv file with predictions was saved to ../output/predictions_rf_shape_female_cropped_word_h2_05.csv
Visualization for: ../stimuli/words/mp4/word_h2_05.mp4
32
SYLLABLE ONSETS (IN FRAMES):
[14]
MAXIMA (IN FRAMES)
[22 43 47 49]
Syllable, frame number (mfa), frame number (onset)
ma 14 22
