python is /network/lustre/iss02/home/annahita.sarre/anaconda3/envs/myenv/bin/python
Loaded model: ../trained_models/model_rf_position_female_cropped.pkl
Loaded video: ../stimuli/words/mp4/word_h2_09.mp4
Extracting coordinates...
          fn_video frame_number   x_face0  ...  y_r_hand20  z_r_hand20  v_r_hand20
0   word_h2_09.mp4            2  0.498757  ...    0.949522    0.000961         0.0
1   word_h2_09.mp4            3  0.498795  ...    0.908944    0.008432         0.0
2   word_h2_09.mp4            4  0.498881  ...    0.880550    0.006418         0.0
3   word_h2_09.mp4            5  0.499236  ...    0.852584    0.004900         0.0
4   word_h2_09.mp4            6  0.499688  ...    0.827600    0.000324         0.0
..             ...          ...       ...  ...         ...         ...         ...
61  word_h2_09.mp4           63  0.501171  ...    0.825146    0.011351         0.0
62  word_h2_09.mp4           64  0.501508  ...    0.850363    0.013525         0.0
63  word_h2_09.mp4           65  0.501906  ...    0.890155    0.011173         0.0
64  word_h2_09.mp4           66  0.501601  ...    0.922475    0.015570         0.0
65  word_h2_09.mp4           67  0.501666  ...    0.954335    0.006125         0.0

[66 rows x 1958 columns]
Extracting features...
Face width computed for normalizaiton 0.16110791522467402
Features saved to: ../output/word_h2_09_features.csv
          fn_video  ... distance_r_hand6_r_hand10
0   word_h2_09.mp4  ...                  0.199662
1   word_h2_09.mp4  ...                  0.208696
2   word_h2_09.mp4  ...                  0.189890
3   word_h2_09.mp4  ...                  0.189361
4   word_h2_09.mp4  ...                  0.182281
..             ...  ...                       ...
61  word_h2_09.mp4  ...                  0.176386
62  word_h2_09.mp4  ...                  0.182714
63  word_h2_09.mp4  ...                  0.187061
64  word_h2_09.mp4  ...                  0.214389
65  word_h2_09.mp4  ...                  0.201004

[66 rows x 30 columns]
csv file with predictions was saved to ../output/predictions_rf_position_female_cropped_word_h2_09.csv
Loaded model: ../trained_models/model_rf_shape_female_cropped.pkl
Loaded video: ../stimuli/words/mp4/word_h2_09.mp4
Extracting coordinates...
          fn_video frame_number   x_face0  ...  y_r_hand20  z_r_hand20  v_r_hand20
0   word_h2_09.mp4            2  0.498757  ...    0.949522    0.000961         0.0
1   word_h2_09.mp4            3  0.498795  ...    0.908944    0.008432         0.0
2   word_h2_09.mp4            4  0.498881  ...    0.880550    0.006418         0.0
3   word_h2_09.mp4            5  0.499236  ...    0.852584    0.004900         0.0
4   word_h2_09.mp4            6  0.499688  ...    0.827600    0.000324         0.0
..             ...          ...       ...  ...         ...         ...         ...
61  word_h2_09.mp4           63  0.501171  ...    0.825146    0.011351         0.0
62  word_h2_09.mp4           64  0.501508  ...    0.850363    0.013525         0.0
63  word_h2_09.mp4           65  0.501906  ...    0.890155    0.011173         0.0
64  word_h2_09.mp4           66  0.501601  ...    0.922475    0.015570         0.0
65  word_h2_09.mp4           67  0.501666  ...    0.954335    0.006125         0.0

[66 rows x 1958 columns]
Extracting features...
Face width computed for normalizaiton 0.16110791522467402
Features saved to: ../output/word_h2_09_features.csv
          fn_video  ... distance_r_hand6_r_hand10
0   word_h2_09.mp4  ...                  0.199662
1   word_h2_09.mp4  ...                  0.208696
2   word_h2_09.mp4  ...                  0.189890
3   word_h2_09.mp4  ...                  0.189361
4   word_h2_09.mp4  ...                  0.182281
..             ...  ...                       ...
61  word_h2_09.mp4  ...                  0.176386
62  word_h2_09.mp4  ...                  0.182714
63  word_h2_09.mp4  ...                  0.187061
64  word_h2_09.mp4  ...                  0.214389
65  word_h2_09.mp4  ...                  0.201004

[66 rows x 30 columns]
csv file with predictions was saved to ../output/predictions_rf_shape_female_cropped_word_h2_09.csv
Visualization for: ../stimuli/words/mp4/word_h2_09.mp4
32
SYLLABLE ONSETS (IN FRAMES):
[15]
MAXIMA (IN FRAMES)
[23 40 45]
Syllable, frame number (mfa), frame number (onset)
f 15 23
