python is /network/lustre/iss02/home/annahita.sarre/anaconda3/envs/myenv/bin/python
Loaded model: ../trained_models/model_rf_position_female_cropped.pkl
Loaded video: ../stimuli/words/mp4/word_l1_05.mp4
Extracting coordinates...
          fn_video frame_number   x_face0  ...  y_r_hand20  z_r_hand20  v_r_hand20
0   word_l1_05.mp4            3  0.488154  ...    0.971922    0.014767         0.0
1   word_l1_05.mp4            4  0.488177  ...    0.931231    0.052067         0.0
2   word_l1_05.mp4            5  0.487605  ...    0.896366    0.024504         0.0
3   word_l1_05.mp4            6  0.487465  ...    0.862956    0.025923         0.0
4   word_l1_05.mp4            7  0.487224  ...    0.838838    0.027372         0.0
5   word_l1_05.mp4            8  0.486734  ...    0.810999    0.031787         0.0
6   word_l1_05.mp4            9  0.486569  ...    0.780368    0.017057         0.0
7   word_l1_05.mp4           10  0.485931  ...    0.775114    0.010063         0.0
8   word_l1_05.mp4           11  0.485920  ...    0.748317    0.007802         0.0
9   word_l1_05.mp4           12  0.485711  ...    0.742190    0.008321         0.0
10  word_l1_05.mp4           13  0.485620  ...    0.726372    0.008543         0.0
11  word_l1_05.mp4           14  0.485416  ...    0.710580    0.013363         0.0
12  word_l1_05.mp4           15  0.485567  ...    0.695931    0.020074         0.0
13  word_l1_05.mp4           16  0.485822  ...    0.683393    0.014990         0.0
14  word_l1_05.mp4           17  0.486195  ...    0.674264    0.015785         0.0
15  word_l1_05.mp4           18  0.486167  ...    0.669737    0.011303         0.0
16  word_l1_05.mp4           19  0.485766  ...    0.667339    0.017096         0.0
17  word_l1_05.mp4           20  0.486106  ...    0.654627    0.015295         0.0
18  word_l1_05.mp4           21  0.485925  ...    0.657173    0.015836         0.0
19  word_l1_05.mp4           22  0.485861  ...    0.669579    0.010196         0.0
20  word_l1_05.mp4           23  0.485948  ...    0.682230    0.009603         0.0
21  word_l1_05.mp4           24  0.486127  ...    0.687577    0.006993         0.0
22  word_l1_05.mp4           25  0.486271  ...    0.690838    0.010680         0.0
23  word_l1_05.mp4           26  0.486249  ...    0.698959    0.013963         0.0
24  word_l1_05.mp4           27  0.486248  ...    0.699904    0.008721         0.0
25  word_l1_05.mp4           28  0.485416  ...    0.709822    0.013029         0.0
26  word_l1_05.mp4           29  0.485318  ...    0.717751    0.009383         0.0
27  word_l1_05.mp4           30  0.485417  ...    0.719902    0.005097         0.0
28  word_l1_05.mp4           31  0.485335  ...    0.726453    0.005303         0.0
29  word_l1_05.mp4           32  0.485437  ...    0.725358    0.010590         0.0
30  word_l1_05.mp4           33  0.485829  ...    0.724383    0.014185         0.0
31  word_l1_05.mp4           34  0.486028  ...    0.713177    0.012157         0.0
32  word_l1_05.mp4           35  0.486706  ...    0.657866    0.008661         0.0
33  word_l1_05.mp4           36  0.486612  ...    0.621640   -0.015150         0.0
34  word_l1_05.mp4           37  0.487119  ...    0.603947   -0.028965         0.0
35  word_l1_05.mp4           38  0.488294  ...    0.595318   -0.026165         0.0
36  word_l1_05.mp4           39  0.489005  ...    0.596129   -0.025056         0.0
37  word_l1_05.mp4           40  0.488807  ...    0.596517   -0.015910         0.0
38  word_l1_05.mp4           41  0.489176  ...    0.595224   -0.017035         0.0
39  word_l1_05.mp4           42  0.489621  ...    0.594666   -0.026581         0.0
40  word_l1_05.mp4           43  0.489506  ...    0.594970   -0.020109         0.0
41  word_l1_05.mp4           44  0.489497  ...    0.594217   -0.025649         0.0
42  word_l1_05.mp4           45  0.489691  ...    0.595975   -0.028067         0.0
43  word_l1_05.mp4           46  0.489340  ...    0.595744   -0.028368         0.0
44  word_l1_05.mp4           47  0.488656  ...    0.596424   -0.024904         0.0
45  word_l1_05.mp4           48  0.488393  ...    0.597198   -0.024282         0.0
46  word_l1_05.mp4           49  0.488440  ...    0.597903   -0.028742         0.0
47  word_l1_05.mp4           50  0.488768  ...    0.597333   -0.025760         0.0
48  word_l1_05.mp4           51  0.488628  ...    0.604447   -0.036016         0.0
49  word_l1_05.mp4           52  0.488162  ...    0.619281   -0.021767         0.0
50  word_l1_05.mp4           53  0.487672  ...    0.663565    0.018011         0.0
51  word_l1_05.mp4           54  0.487733  ...    0.716385    0.005854         0.0
52  word_l1_05.mp4           55  0.487513  ...    0.723575    0.013527         0.0
53  word_l1_05.mp4           56  0.488240  ...    0.734183    0.010535         0.0
54  word_l1_05.mp4           57  0.488620  ...    0.744800    0.008925         0.0

[55 rows x 1958 columns]
Extracting features...
Face width computed for normalizaiton 0.1571306816041245
Features saved to: ../output/word_l1_05_features.csv
          fn_video  ... distance_r_hand6_r_hand10
0   word_l1_05.mp4  ...                  0.210396
1   word_l1_05.mp4  ...                  0.236692
2   word_l1_05.mp4  ...                  0.218096
3   word_l1_05.mp4  ...                  0.199521
4   word_l1_05.mp4  ...                  0.197383
5   word_l1_05.mp4  ...                  0.176911
6   word_l1_05.mp4  ...                  0.169190
7   word_l1_05.mp4  ...                  0.158018
8   word_l1_05.mp4  ...                  0.148600
9   word_l1_05.mp4  ...                  0.143569
10  word_l1_05.mp4  ...                  0.143588
11  word_l1_05.mp4  ...                  0.149946
12  word_l1_05.mp4  ...                  0.153862
13  word_l1_05.mp4  ...                  0.163765
14  word_l1_05.mp4  ...                  0.185160
15  word_l1_05.mp4  ...                  0.190238
16  word_l1_05.mp4  ...                  0.205347
17  word_l1_05.mp4  ...                  0.197789
18  word_l1_05.mp4  ...                  0.206036
19  word_l1_05.mp4  ...                  0.239909
20  word_l1_05.mp4  ...                  0.259398
21  word_l1_05.mp4  ...                  0.281683
22  word_l1_05.mp4  ...                  0.305551
23  word_l1_05.mp4  ...                  0.319206
24  word_l1_05.mp4  ...                  0.322533
25  word_l1_05.mp4  ...                  0.326264
26  word_l1_05.mp4  ...                  0.326322
27  word_l1_05.mp4  ...                  0.336467
28  word_l1_05.mp4  ...                  0.323020
29  word_l1_05.mp4  ...                  0.319891
30  word_l1_05.mp4  ...                  0.303123
31  word_l1_05.mp4  ...                  0.280284
32  word_l1_05.mp4  ...                  0.249620
33  word_l1_05.mp4  ...                  0.185135
34  word_l1_05.mp4  ...                  0.149887
35  word_l1_05.mp4  ...                  0.146997
36  word_l1_05.mp4  ...                  0.143317
37  word_l1_05.mp4  ...                  0.144512
38  word_l1_05.mp4  ...                  0.144184
39  word_l1_05.mp4  ...                  0.147434
40  word_l1_05.mp4  ...                  0.143812
41  word_l1_05.mp4  ...                  0.144982
42  word_l1_05.mp4  ...                  0.141263
43  word_l1_05.mp4  ...                  0.142788
44  word_l1_05.mp4  ...                  0.143253
45  word_l1_05.mp4  ...                  0.143722
46  word_l1_05.mp4  ...                  0.146102
47  word_l1_05.mp4  ...                  0.150620
48  word_l1_05.mp4  ...                  0.152351
49  word_l1_05.mp4  ...                  0.159641
50  word_l1_05.mp4  ...                  0.175910
51  word_l1_05.mp4  ...                  0.170368
52  word_l1_05.mp4  ...                  0.175216
53  word_l1_05.mp4  ...                  0.178088
54  word_l1_05.mp4  ...                  0.181051

[55 rows x 30 columns]
csv file with predictions was saved to ../output/predictions_rf_position_female_cropped_word_l1_05.csv
Loaded model: ../trained_models/model_rf_shape_female_cropped.pkl
Loaded video: ../stimuli/words/mp4/word_l1_05.mp4
Extracting coordinates...
          fn_video frame_number   x_face0  ...  y_r_hand20  z_r_hand20  v_r_hand20
0   word_l1_05.mp4            3  0.488154  ...    0.971922    0.014767         0.0
1   word_l1_05.mp4            4  0.488177  ...    0.931231    0.052067         0.0
2   word_l1_05.mp4            5  0.487605  ...    0.896366    0.024504         0.0
3   word_l1_05.mp4            6  0.487465  ...    0.862956    0.025923         0.0
4   word_l1_05.mp4            7  0.487224  ...    0.838838    0.027372         0.0
5   word_l1_05.mp4            8  0.486734  ...    0.810999    0.031787         0.0
6   word_l1_05.mp4            9  0.486569  ...    0.780368    0.017057         0.0
7   word_l1_05.mp4           10  0.485931  ...    0.775114    0.010063         0.0
8   word_l1_05.mp4           11  0.485920  ...    0.748317    0.007802         0.0
9   word_l1_05.mp4           12  0.485711  ...    0.742190    0.008321         0.0
10  word_l1_05.mp4           13  0.485620  ...    0.726372    0.008543         0.0
11  word_l1_05.mp4           14  0.485416  ...    0.710580    0.013363         0.0
12  word_l1_05.mp4           15  0.485567  ...    0.695931    0.020074         0.0
13  word_l1_05.mp4           16  0.485822  ...    0.683393    0.014990         0.0
14  word_l1_05.mp4           17  0.486195  ...    0.674264    0.015785         0.0
15  word_l1_05.mp4           18  0.486167  ...    0.669737    0.011303         0.0
16  word_l1_05.mp4           19  0.485766  ...    0.667339    0.017096         0.0
17  word_l1_05.mp4           20  0.486106  ...    0.654627    0.015295         0.0
18  word_l1_05.mp4           21  0.485925  ...    0.657173    0.015836         0.0
19  word_l1_05.mp4           22  0.485861  ...    0.669579    0.010196         0.0
20  word_l1_05.mp4           23  0.485948  ...    0.682230    0.009603         0.0
21  word_l1_05.mp4           24  0.486127  ...    0.687577    0.006993         0.0
22  word_l1_05.mp4           25  0.486271  ...    0.690838    0.010680         0.0
23  word_l1_05.mp4           26  0.486249  ...    0.698959    0.013963         0.0
24  word_l1_05.mp4           27  0.486248  ...    0.699904    0.008721         0.0
25  word_l1_05.mp4           28  0.485416  ...    0.709822    0.013029         0.0
26  word_l1_05.mp4           29  0.485318  ...    0.717751    0.009383         0.0
27  word_l1_05.mp4           30  0.485417  ...    0.719902    0.005097         0.0
28  word_l1_05.mp4           31  0.485335  ...    0.726453    0.005303         0.0
29  word_l1_05.mp4           32  0.485437  ...    0.725358    0.010590         0.0
30  word_l1_05.mp4           33  0.485829  ...    0.724383    0.014185         0.0
31  word_l1_05.mp4           34  0.486028  ...    0.713177    0.012157         0.0
32  word_l1_05.mp4           35  0.486706  ...    0.657866    0.008661         0.0
33  word_l1_05.mp4           36  0.486612  ...    0.621640   -0.015150         0.0
34  word_l1_05.mp4           37  0.487119  ...    0.603947   -0.028965         0.0
35  word_l1_05.mp4           38  0.488294  ...    0.595318   -0.026165         0.0
36  word_l1_05.mp4           39  0.489005  ...    0.596129   -0.025056         0.0
37  word_l1_05.mp4           40  0.488807  ...    0.596517   -0.015910         0.0
38  word_l1_05.mp4           41  0.489176  ...    0.595224   -0.017035         0.0
39  word_l1_05.mp4           42  0.489621  ...    0.594666   -0.026581         0.0
40  word_l1_05.mp4           43  0.489506  ...    0.594970   -0.020109         0.0
41  word_l1_05.mp4           44  0.489497  ...    0.594217   -0.025649         0.0
42  word_l1_05.mp4           45  0.489691  ...    0.595975   -0.028067         0.0
43  word_l1_05.mp4           46  0.489340  ...    0.595744   -0.028368         0.0
44  word_l1_05.mp4           47  0.488656  ...    0.596424   -0.024904         0.0
45  word_l1_05.mp4           48  0.488393  ...    0.597198   -0.024282         0.0
46  word_l1_05.mp4           49  0.488440  ...    0.597903   -0.028742         0.0
47  word_l1_05.mp4           50  0.488768  ...    0.597333   -0.025760         0.0
48  word_l1_05.mp4           51  0.488628  ...    0.604447   -0.036016         0.0
49  word_l1_05.mp4           52  0.488162  ...    0.619281   -0.021767         0.0
50  word_l1_05.mp4           53  0.487672  ...    0.663565    0.018011         0.0
51  word_l1_05.mp4           54  0.487733  ...    0.716385    0.005854         0.0
52  word_l1_05.mp4           55  0.487513  ...    0.723575    0.013527         0.0
53  word_l1_05.mp4           56  0.488240  ...    0.734183    0.010535         0.0
54  word_l1_05.mp4           57  0.488620  ...    0.744800    0.008925         0.0

[55 rows x 1958 columns]
Extracting features...
Face width computed for normalizaiton 0.1571306816041245
Features saved to: ../output/word_l1_05_features.csv
          fn_video  ... distance_r_hand6_r_hand10
0   word_l1_05.mp4  ...                  0.210396
1   word_l1_05.mp4  ...                  0.236692
2   word_l1_05.mp4  ...                  0.218096
3   word_l1_05.mp4  ...                  0.199521
4   word_l1_05.mp4  ...                  0.197383
5   word_l1_05.mp4  ...                  0.176911
6   word_l1_05.mp4  ...                  0.169190
7   word_l1_05.mp4  ...                  0.158018
8   word_l1_05.mp4  ...                  0.148600
9   word_l1_05.mp4  ...                  0.143569
10  word_l1_05.mp4  ...                  0.143588
11  word_l1_05.mp4  ...                  0.149946
12  word_l1_05.mp4  ...                  0.153862
13  word_l1_05.mp4  ...                  0.163765
14  word_l1_05.mp4  ...                  0.185160
15  word_l1_05.mp4  ...                  0.190238
16  word_l1_05.mp4  ...                  0.205347
17  word_l1_05.mp4  ...                  0.197789
18  word_l1_05.mp4  ...                  0.206036
19  word_l1_05.mp4  ...                  0.239909
20  word_l1_05.mp4  ...                  0.259398
21  word_l1_05.mp4  ...                  0.281683
22  word_l1_05.mp4  ...                  0.305551
23  word_l1_05.mp4  ...                  0.319206
24  word_l1_05.mp4  ...                  0.322533
25  word_l1_05.mp4  ...                  0.326264
26  word_l1_05.mp4  ...                  0.326322
27  word_l1_05.mp4  ...                  0.336467
28  word_l1_05.mp4  ...                  0.323020
29  word_l1_05.mp4  ...                  0.319891
30  word_l1_05.mp4  ...                  0.303123
31  word_l1_05.mp4  ...                  0.280284
32  word_l1_05.mp4  ...                  0.249620
33  word_l1_05.mp4  ...                  0.185135
34  word_l1_05.mp4  ...                  0.149887
35  word_l1_05.mp4  ...                  0.146997
36  word_l1_05.mp4  ...                  0.143317
37  word_l1_05.mp4  ...                  0.144512
38  word_l1_05.mp4  ...                  0.144184
39  word_l1_05.mp4  ...                  0.147434
40  word_l1_05.mp4  ...                  0.143812
41  word_l1_05.mp4  ...                  0.144982
42  word_l1_05.mp4  ...                  0.141263
43  word_l1_05.mp4  ...                  0.142788
44  word_l1_05.mp4  ...                  0.143253
45  word_l1_05.mp4  ...                  0.143722
46  word_l1_05.mp4  ...                  0.146102
47  word_l1_05.mp4  ...                  0.150620
48  word_l1_05.mp4  ...                  0.152351
49  word_l1_05.mp4  ...                  0.159641
50  word_l1_05.mp4  ...                  0.175910
51  word_l1_05.mp4  ...                  0.170368
52  word_l1_05.mp4  ...                  0.175216
53  word_l1_05.mp4  ...                  0.178088
54  word_l1_05.mp4  ...                  0.181051

[55 rows x 30 columns]
csv file with predictions was saved to ../output/predictions_rf_shape_female_cropped_word_l1_05.csv
Visualization for: ../stimuli/words/mp4/word_l1_05.mp4
32
SYLLABLE ONSETS (IN FRAMES):
[15 27 35]
MAXIMA (IN FRAMES)
[19 32 46]
Syllable, frame number (mfa), frame number (onset)
ko 15 19
jO 27 32
t 35 46
!!!!!!!!!!!!!!!!!!!!!!!!!!!!!!!!!!!!!!!!!!!!!!!!!!!!!!!!!!!!!!!!!!!!!!!!!!!!!!!!!!!!!!!!!!!!!!!!!!!!
The video was successfully saved
The marked video was saved to: ../stimuli/words/mp4/word_l1_05.mp4
Figure was save to: ../figures/../stimuli/words/mp4/word_l1_05.mp4.png
