python is /network/lustre/iss02/home/annahita.sarre/anaconda3/envs/myenv/bin/python
Loaded model: ../trained_models/model_rf_position_female_cropped.pkl
Loaded video: ../stimuli/words/mp4/word_h1_15.mp4
Extracting coordinates...
          fn_video frame_number   x_face0  ...  y_r_hand20  z_r_hand20  v_r_hand20
0   word_h1_15.mp4            2  0.505571  ...    0.991764    0.006849         0.0
1   word_h1_15.mp4            3  0.505238  ...    0.964682    0.016387         0.0
2   word_h1_15.mp4            4  0.504832  ...    0.933243    0.018035         0.0
3   word_h1_15.mp4            5  0.504739  ...    0.895484    0.028012         0.0
4   word_h1_15.mp4            6  0.504397  ...    0.858115    0.028379         0.0
..             ...          ...       ...  ...         ...         ...         ...
71  word_h1_15.mp4           73  0.501403  ...    0.717200    0.004940         0.0
72  word_h1_15.mp4           74  0.501515  ...    0.731738    0.005304         0.0
73  word_h1_15.mp4           75  0.501842  ...    0.748328    0.003116         0.0
74  word_h1_15.mp4           76  0.502067  ...    0.766273    0.003148         0.0
75  word_h1_15.mp4           77  0.502434  ...    0.786346    0.013598         0.0

[76 rows x 1958 columns]
Extracting features...
Face width computed for normalizaiton 0.16051780302305418
Features saved to: ../output/word_h1_15_features.csv
          fn_video  ... distance_r_hand6_r_hand10
0   word_h1_15.mp4  ...                  0.266886
1   word_h1_15.mp4  ...                  0.279574
2   word_h1_15.mp4  ...                  0.233909
3   word_h1_15.mp4  ...                  0.229799
4   word_h1_15.mp4  ...                  0.208238
..             ...  ...                       ...
71  word_h1_15.mp4  ...                  0.195853
72  word_h1_15.mp4  ...                  0.207556
73  word_h1_15.mp4  ...                  0.196208
74  word_h1_15.mp4  ...                  0.192418
75  word_h1_15.mp4  ...                  0.209573

[76 rows x 30 columns]
csv file with predictions was saved to ../output/predictions_rf_position_female_cropped_word_h1_15.csv
Loaded model: ../trained_models/model_rf_shape_female_cropped.pkl
Loaded video: ../stimuli/words/mp4/word_h1_15.mp4
Extracting coordinates...
          fn_video frame_number   x_face0  ...  y_r_hand20  z_r_hand20  v_r_hand20
0   word_h1_15.mp4            2  0.505571  ...    0.991764    0.006849         0.0
1   word_h1_15.mp4            3  0.505238  ...    0.964682    0.016387         0.0
2   word_h1_15.mp4            4  0.504832  ...    0.933243    0.018035         0.0
3   word_h1_15.mp4            5  0.504739  ...    0.895484    0.028012         0.0
4   word_h1_15.mp4            6  0.504397  ...    0.858115    0.028379         0.0
..             ...          ...       ...  ...         ...         ...         ...
71  word_h1_15.mp4           73  0.501403  ...    0.717200    0.004940         0.0
72  word_h1_15.mp4           74  0.501515  ...    0.731738    0.005304         0.0
73  word_h1_15.mp4           75  0.501842  ...    0.748328    0.003116         0.0
74  word_h1_15.mp4           76  0.502067  ...    0.766273    0.003148         0.0
75  word_h1_15.mp4           77  0.502434  ...    0.786346    0.013598         0.0

[76 rows x 1958 columns]
Extracting features...
Face width computed for normalizaiton 0.16051780302305418
Features saved to: ../output/word_h1_15_features.csv
          fn_video  ... distance_r_hand6_r_hand10
0   word_h1_15.mp4  ...                  0.266886
1   word_h1_15.mp4  ...                  0.279574
2   word_h1_15.mp4  ...                  0.233909
3   word_h1_15.mp4  ...                  0.229799
4   word_h1_15.mp4  ...                  0.208238
..             ...  ...                       ...
71  word_h1_15.mp4  ...                  0.195853
72  word_h1_15.mp4  ...                  0.207556
73  word_h1_15.mp4  ...                  0.196208
74  word_h1_15.mp4  ...                  0.192418
75  word_h1_15.mp4  ...                  0.209573

[76 rows x 30 columns]
csv file with predictions was saved to ../output/predictions_rf_shape_female_cropped_word_h1_15.csv
Visualization for: ../stimuli/words/mp4/word_h1_15.mp4
32
SYLLABLE ONSETS (IN FRAMES):
[22 35 41]
MAXIMA (IN FRAMES)
[22 34 39 58]
Syllable, frame number (mfa), frame number (onset)
ba 22 22
l 35 34
k§ 41 39
!!!!!!!!!!!!!!!!!!!!!!!!!!!!!!!!!!!!!!!!!!!!!!!!!!!!!!!!!!!!!!!!!!!!!!!!!!!!!!!!!!!!!!!!!!!!!!!!!!!!
The video was successfully saved
The marked video was saved to: ../stimuli/words/mp4/word_h1_15.mp4
Figure was save to: ../figures/../stimuli/words/mp4/word_h1_15.mp4.png
