python is /network/lustre/iss02/home/annahita.sarre/anaconda3/envs/myenv/bin/python
Loaded model: ../trained_models/model_rf_position_female_cropped.pkl
Loaded video: ../stimuli/words/mp4/word_h2_31.mp4
Extracting coordinates...
          fn_video frame_number   x_face0  ...  y_r_hand20  z_r_hand20  v_r_hand20
0   word_h2_31.mp4            5  0.503951  ...    1.046350    0.078952         0.0
1   word_h2_31.mp4            6  0.503645  ...    1.009717    0.027338         0.0
2   word_h2_31.mp4            7  0.503996  ...    0.995423    0.059705         0.0
3   word_h2_31.mp4            8  0.504935  ...    0.962421    0.048405         0.0
4   word_h2_31.mp4            9  0.505377  ...    0.938419    0.022976         0.0
..             ...          ...       ...  ...         ...         ...         ...
61  word_h2_31.mp4           66  0.501094  ...    0.619148   -0.008073         0.0
62  word_h2_31.mp4           67  0.500983  ...    0.649912    0.007348         0.0
63  word_h2_31.mp4           68  0.501475  ...    0.709672    0.007739         0.0
64  word_h2_31.mp4           69  0.501660  ...    0.758059    0.006202         0.0
65  word_h2_31.mp4           70  0.502317  ...    0.788239    0.003632         0.0

[66 rows x 1958 columns]
Extracting features...
Face width computed for normalizaiton 0.16075697074987222
Features saved to: ../output/word_h2_31_features.csv
          fn_video  ... distance_r_hand6_r_hand10
0   word_h2_31.mp4  ...                  0.222815
1   word_h2_31.mp4  ...                  0.189558
2   word_h2_31.mp4  ...                  0.209000
3   word_h2_31.mp4  ...                  0.219935
4   word_h2_31.mp4  ...                  0.227996
..             ...  ...                       ...
61  word_h2_31.mp4  ...                  0.170595
62  word_h2_31.mp4  ...                  0.162333
63  word_h2_31.mp4  ...                  0.164994
64  word_h2_31.mp4  ...                  0.167957
65  word_h2_31.mp4  ...                  0.183890

[66 rows x 30 columns]
csv file with predictions was saved to ../output/predictions_rf_position_female_cropped_word_h2_31.csv
Loaded model: ../trained_models/model_rf_shape_female_cropped.pkl
Loaded video: ../stimuli/words/mp4/word_h2_31.mp4
Extracting coordinates...
          fn_video frame_number   x_face0  ...  y_r_hand20  z_r_hand20  v_r_hand20
0   word_h2_31.mp4            5  0.503951  ...    1.046350    0.078952         0.0
1   word_h2_31.mp4            6  0.503645  ...    1.009717    0.027338         0.0
2   word_h2_31.mp4            7  0.503996  ...    0.995423    0.059705         0.0
3   word_h2_31.mp4            8  0.504935  ...    0.962421    0.048405         0.0
4   word_h2_31.mp4            9  0.505377  ...    0.938419    0.022976         0.0
..             ...          ...       ...  ...         ...         ...         ...
61  word_h2_31.mp4           66  0.501094  ...    0.619148   -0.008073         0.0
62  word_h2_31.mp4           67  0.500983  ...    0.649912    0.007348         0.0
63  word_h2_31.mp4           68  0.501475  ...    0.709672    0.007739         0.0
64  word_h2_31.mp4           69  0.501660  ...    0.758059    0.006202         0.0
65  word_h2_31.mp4           70  0.502317  ...    0.788239    0.003632         0.0

[66 rows x 1958 columns]
Extracting features...
Face width computed for normalizaiton 0.16075697074987222
Features saved to: ../output/word_h2_31_features.csv
          fn_video  ... distance_r_hand6_r_hand10
0   word_h2_31.mp4  ...                  0.222815
1   word_h2_31.mp4  ...                  0.189558
2   word_h2_31.mp4  ...                  0.209000
3   word_h2_31.mp4  ...                  0.219935
4   word_h2_31.mp4  ...                  0.227996
..             ...  ...                       ...
61  word_h2_31.mp4  ...                  0.170595
62  word_h2_31.mp4  ...                  0.162333
63  word_h2_31.mp4  ...                  0.164994
64  word_h2_31.mp4  ...                  0.167957
65  word_h2_31.mp4  ...                  0.183890

[66 rows x 30 columns]
csv file with predictions was saved to ../output/predictions_rf_shape_female_cropped_word_h2_31.csv
Visualization for: ../stimuli/words/mp4/word_h2_31.mp4
32
SYLLABLE ONSETS (IN FRAMES):
[16 34 44]
MAXIMA (IN FRAMES)
[27 39 59]
Syllable, frame number (mfa), frame number (onset)
s 16 27
j@ 34 39
s 44 59
!!!!!!!!!!!!!!!!!!!!!!!!!!!!!!!!!!!!!!!!!!!!!!!!!!!!!!!!!!!!!!!!!!!!!!!!!!!!!!!!!!!!!!!!!!!!!!!!!!!!
The video was successfully saved
The marked video was saved to: ../stimuli/words/mp4/word_h2_31.mp4
Figure was save to: ../figures/../stimuli/words/mp4/word_h2_31.mp4.png
