python is /network/lustre/iss02/home/annahita.sarre/anaconda3/envs/myenv/bin/python
Loaded model: ../trained_models/model_rf_position_female_cropped.pkl
Loaded video: ../stimuli/words/mp4/word_h2_17.mp4
Extracting coordinates...
          fn_video frame_number   x_face0  ...  y_r_hand20  z_r_hand20  v_r_hand20
0   word_h2_17.mp4            1  0.507646  ...    0.952902    0.035856         0.0
1   word_h2_17.mp4            2  0.506595  ...    0.881140    0.023631         0.0
2   word_h2_17.mp4            3  0.505654  ...    0.861111    0.020433         0.0
3   word_h2_17.mp4            4  0.505311  ...    0.833790    0.018248         0.0
4   word_h2_17.mp4            5  0.505193  ...    0.816914    0.020976         0.0
..             ...          ...       ...  ...         ...         ...         ...
61  word_h2_17.mp4           62  0.501033  ...    0.587355   -0.025983         0.0
62  word_h2_17.mp4           63  0.500511  ...    0.601906   -0.015888         0.0
63  word_h2_17.mp4           64  0.500933  ...    0.619690    0.002264         0.0
64  word_h2_17.mp4           65  0.501806  ...    0.644467    0.020139         0.0
65  word_h2_17.mp4           66  0.502045  ...    0.655488    0.022797         0.0

[66 rows x 1958 columns]
Extracting features...
Face width computed for normalizaiton 0.16037425810320963
Features saved to: ../output/word_h2_17_features.csv
          fn_video  ... distance_r_hand6_r_hand10
0   word_h2_17.mp4  ...                  0.239237
1   word_h2_17.mp4  ...                  0.235004
2   word_h2_17.mp4  ...                  0.203065
3   word_h2_17.mp4  ...                  0.206594
4   word_h2_17.mp4  ...                  0.192722
..             ...  ...                       ...
61  word_h2_17.mp4  ...                  0.219189
62  word_h2_17.mp4  ...                  0.184049
63  word_h2_17.mp4  ...                  0.180890
64  word_h2_17.mp4  ...                  0.178984
65  word_h2_17.mp4  ...                  0.170888

[66 rows x 30 columns]
csv file with predictions was saved to ../output/predictions_rf_position_female_cropped_word_h2_17.csv
Loaded model: ../trained_models/model_rf_shape_female_cropped.pkl
Loaded video: ../stimuli/words/mp4/word_h2_17.mp4
Extracting coordinates...
          fn_video frame_number   x_face0  ...  y_r_hand20  z_r_hand20  v_r_hand20
0   word_h2_17.mp4            1  0.507646  ...    0.952902    0.035856         0.0
1   word_h2_17.mp4            2  0.506595  ...    0.881140    0.023631         0.0
2   word_h2_17.mp4            3  0.505654  ...    0.861111    0.020433         0.0
3   word_h2_17.mp4            4  0.505311  ...    0.833790    0.018248         0.0
4   word_h2_17.mp4            5  0.505193  ...    0.816914    0.020976         0.0
..             ...          ...       ...  ...         ...         ...         ...
61  word_h2_17.mp4           62  0.501033  ...    0.587355   -0.025983         0.0
62  word_h2_17.mp4           63  0.500511  ...    0.601906   -0.015888         0.0
63  word_h2_17.mp4           64  0.500933  ...    0.619690    0.002264         0.0
64  word_h2_17.mp4           65  0.501806  ...    0.644467    0.020139         0.0
65  word_h2_17.mp4           66  0.502045  ...    0.655488    0.022797         0.0

[66 rows x 1958 columns]
Extracting features...
Face width computed for normalizaiton 0.16037425810320963
Features saved to: ../output/word_h2_17_features.csv
          fn_video  ... distance_r_hand6_r_hand10
0   word_h2_17.mp4  ...                  0.239237
1   word_h2_17.mp4  ...                  0.235004
2   word_h2_17.mp4  ...                  0.203065
3   word_h2_17.mp4  ...                  0.206594
4   word_h2_17.mp4  ...                  0.192722
..             ...  ...                       ...
61  word_h2_17.mp4  ...                  0.219189
62  word_h2_17.mp4  ...                  0.184049
63  word_h2_17.mp4  ...                  0.180890
64  word_h2_17.mp4  ...                  0.178984
65  word_h2_17.mp4  ...                  0.170888

[66 rows x 30 columns]
csv file with predictions was saved to ../output/predictions_rf_shape_female_cropped_word_h2_17.csv
Visualization for: ../stimuli/words/mp4/word_h2_17.mp4
32
SYLLABLE ONSETS (IN FRAMES):
[24 41]
MAXIMA (IN FRAMES)
[23 31 34 45 58]
Syllable, frame number (mfa), frame number (onset)
s@ 24 23
d 41 45
