python is /network/lustre/iss02/home/annahita.sarre/anaconda3/envs/myenv/bin/python
Loaded model: ../trained_models/model_rf_position_female_cropped.pkl
Loaded video: ../stimuli/words/mp4/word_l2_15.mp4
Extracting coordinates...
          fn_video frame_number   x_face0  ...  y_r_hand20  z_r_hand20  v_r_hand20
0   word_l2_15.mp4            2  0.495105  ...    0.943549    0.002505         0.0
1   word_l2_15.mp4            3  0.494586  ...    0.878338    0.033215         0.0
2   word_l2_15.mp4            4  0.494410  ...    0.823499    0.041513         0.0
3   word_l2_15.mp4            5  0.494104  ...    0.814587   -0.008045         0.0
4   word_l2_15.mp4            7  0.494063  ...    0.731514    0.018376         0.0
5   word_l2_15.mp4            8  0.493742  ...    0.736322   -0.001932         0.0
6   word_l2_15.mp4            9  0.493683  ...    0.705058    0.002886         0.0
7   word_l2_15.mp4           10  0.493381  ...    0.686490    0.018966         0.0
8   word_l2_15.mp4           11  0.492875  ...    0.666936    0.032995         0.0
9   word_l2_15.mp4           12  0.492721  ...    0.645941    0.030918         0.0
10  word_l2_15.mp4           13  0.492467  ...    0.635184    0.041326         0.0
11  word_l2_15.mp4           14  0.492448  ...    0.623646    0.041456         0.0
12  word_l2_15.mp4           15  0.492161  ...    0.616615    0.044704         0.0
13  word_l2_15.mp4           16  0.492279  ...    0.611576    0.040297         0.0
14  word_l2_15.mp4           17  0.492459  ...    0.613018    0.038581         0.0
15  word_l2_15.mp4           18  0.493340  ...    0.617101    0.041786         0.0
16  word_l2_15.mp4           19  0.493720  ...    0.617179    0.020580         0.0
17  word_l2_15.mp4           20  0.494052  ...    0.610505    0.014754         0.0
18  word_l2_15.mp4           21  0.494505  ...    0.603571    0.015244         0.0
19  word_l2_15.mp4           22  0.495668  ...    0.592628    0.006596         0.0
20  word_l2_15.mp4           23  0.496030  ...    0.583773   -0.000254         0.0
21  word_l2_15.mp4           24  0.496303  ...    0.577473   -0.000858         0.0
22  word_l2_15.mp4           25  0.496537  ...    0.571801   -0.005371         0.0
23  word_l2_15.mp4           26  0.496950  ...    0.568290   -0.006201         0.0
24  word_l2_15.mp4           27  0.497578  ...    0.560715    0.003174         0.0
25  word_l2_15.mp4           28  0.497192  ...    0.559156   -0.001168         0.0
26  word_l2_15.mp4           29  0.497841  ...    0.620464    0.015027         0.0
27  word_l2_15.mp4           30  0.497789  ...    0.650635    0.009871         0.0
28  word_l2_15.mp4           31  0.497867  ...    0.654409    0.009288         0.0
29  word_l2_15.mp4           32  0.497779  ...    0.656426    0.018039         0.0
30  word_l2_15.mp4           33  0.498111  ...    0.653121    0.012673         0.0
31  word_l2_15.mp4           34  0.498023  ...    0.652937    0.012211         0.0
32  word_l2_15.mp4           35  0.498310  ...    0.651246    0.007315         0.0
33  word_l2_15.mp4           36  0.498534  ...    0.654375    0.008284         0.0
34  word_l2_15.mp4           37  0.497990  ...    0.654419    0.008972         0.0
35  word_l2_15.mp4           38  0.497732  ...    0.656474    0.012310         0.0
36  word_l2_15.mp4           39  0.496991  ...    0.656484    0.012302         0.0
37  word_l2_15.mp4           40  0.496962  ...    0.657004    0.013963         0.0
38  word_l2_15.mp4           41  0.497174  ...    0.658362    0.013715         0.0
39  word_l2_15.mp4           42  0.497339  ...    0.660236    0.007507         0.0
40  word_l2_15.mp4           43  0.497471  ...    0.662451    0.010261         0.0
41  word_l2_15.mp4           44  0.497600  ...    0.665537    0.016177         0.0
42  word_l2_15.mp4           45  0.497620  ...    0.667121    0.012023         0.0
43  word_l2_15.mp4           46  0.497349  ...    0.672462    0.002274         0.0
44  word_l2_15.mp4           47  0.497486  ...    0.679827    0.002822         0.0
45  word_l2_15.mp4           48  0.497695  ...    0.692580    0.001373         0.0
46  word_l2_15.mp4           49  0.497669  ...    0.704940    0.004186         0.0
47  word_l2_15.mp4           50  0.497992  ...    0.718277    0.002623         0.0
48  word_l2_15.mp4           51  0.498071  ...    0.732977    0.005698         0.0
49  word_l2_15.mp4           52  0.498395  ...    0.749413    0.007749         0.0
50  word_l2_15.mp4           53  0.499051  ...    0.768827    0.007791         0.0
51  word_l2_15.mp4           54  0.499041  ...    0.784884    0.011653         0.0
52  word_l2_15.mp4           55  0.499294  ...    0.805978    0.017297         0.0

[53 rows x 1958 columns]
Extracting features...
Face width computed for normalizaiton 0.155880294417301
Features saved to: ../output/word_l2_15_features.csv
          fn_video  ... distance_r_hand6_r_hand10
0   word_l2_15.mp4  ...                  0.225226
1   word_l2_15.mp4  ...                  0.175707
2   word_l2_15.mp4  ...                  0.217837
3   word_l2_15.mp4  ...                  0.165783
4   word_l2_15.mp4  ...                  0.128031
5   word_l2_15.mp4  ...                  0.169358
6   word_l2_15.mp4  ...                  0.167070
7   word_l2_15.mp4  ...                  0.159420
8   word_l2_15.mp4  ...                  0.149447
9   word_l2_15.mp4  ...                  0.148232
10  word_l2_15.mp4  ...                  0.150007
11  word_l2_15.mp4  ...                  0.149416
12  word_l2_15.mp4  ...                  0.148354
13  word_l2_15.mp4  ...                  0.158600
14  word_l2_15.mp4  ...                  0.162735
15  word_l2_15.mp4  ...                  0.163897
16  word_l2_15.mp4  ...                  0.166753
17  word_l2_15.mp4  ...                  0.157122
18  word_l2_15.mp4  ...                  0.169616
19  word_l2_15.mp4  ...                  0.151590
20  word_l2_15.mp4  ...                  0.138126
21  word_l2_15.mp4  ...                  0.146248
22  word_l2_15.mp4  ...                  0.142769
23  word_l2_15.mp4  ...                  0.153261
24  word_l2_15.mp4  ...                  0.170928
25  word_l2_15.mp4  ...                  0.215321
26  word_l2_15.mp4  ...                  0.218930
27  word_l2_15.mp4  ...                  0.263909
28  word_l2_15.mp4  ...                  0.254758
29  word_l2_15.mp4  ...                  0.265532
30  word_l2_15.mp4  ...                  0.279049
31  word_l2_15.mp4  ...                  0.278348
32  word_l2_15.mp4  ...                  0.275896
33  word_l2_15.mp4  ...                  0.279802
34  word_l2_15.mp4  ...                  0.272884
35  word_l2_15.mp4  ...                  0.271003
36  word_l2_15.mp4  ...                  0.277794
37  word_l2_15.mp4  ...                  0.277203
38  word_l2_15.mp4  ...                  0.273367
39  word_l2_15.mp4  ...                  0.278917
40  word_l2_15.mp4  ...                  0.264562
41  word_l2_15.mp4  ...                  0.241533
42  word_l2_15.mp4  ...                  0.235911
43  word_l2_15.mp4  ...                  0.212310
44  word_l2_15.mp4  ...                  0.216209
45  word_l2_15.mp4  ...                  0.220159
46  word_l2_15.mp4  ...                  0.209940
47  word_l2_15.mp4  ...                  0.215126
48  word_l2_15.mp4  ...                  0.203570
49  word_l2_15.mp4  ...                  0.210827
50  word_l2_15.mp4  ...                  0.207012
51  word_l2_15.mp4  ...                  0.208287
52  word_l2_15.mp4  ...                  0.211138

[53 rows x 30 columns]
csv file with predictions was saved to ../output/predictions_rf_position_female_cropped_word_l2_15.csv
Loaded model: ../trained_models/model_rf_shape_female_cropped.pkl
Loaded video: ../stimuli/words/mp4/word_l2_15.mp4
Extracting coordinates...
          fn_video frame_number   x_face0  ...  y_r_hand20  z_r_hand20  v_r_hand20
0   word_l2_15.mp4            2  0.495105  ...    0.943549    0.002505         0.0
1   word_l2_15.mp4            3  0.494586  ...    0.878338    0.033215         0.0
2   word_l2_15.mp4            4  0.494410  ...    0.823499    0.041513         0.0
3   word_l2_15.mp4            5  0.494104  ...    0.814587   -0.008045         0.0
4   word_l2_15.mp4            7  0.494063  ...    0.731514    0.018376         0.0
5   word_l2_15.mp4            8  0.493742  ...    0.736322   -0.001932         0.0
6   word_l2_15.mp4            9  0.493683  ...    0.705058    0.002886         0.0
7   word_l2_15.mp4           10  0.493381  ...    0.686490    0.018966         0.0
8   word_l2_15.mp4           11  0.492875  ...    0.666936    0.032995         0.0
9   word_l2_15.mp4           12  0.492721  ...    0.645941    0.030918         0.0
10  word_l2_15.mp4           13  0.492467  ...    0.635184    0.041326         0.0
11  word_l2_15.mp4           14  0.492448  ...    0.623646    0.041456         0.0
12  word_l2_15.mp4           15  0.492161  ...    0.616615    0.044704         0.0
13  word_l2_15.mp4           16  0.492279  ...    0.611576    0.040297         0.0
14  word_l2_15.mp4           17  0.492459  ...    0.613018    0.038581         0.0
15  word_l2_15.mp4           18  0.493340  ...    0.617101    0.041786         0.0
16  word_l2_15.mp4           19  0.493720  ...    0.617179    0.020580         0.0
17  word_l2_15.mp4           20  0.494052  ...    0.610505    0.014754         0.0
18  word_l2_15.mp4           21  0.494505  ...    0.603571    0.015244         0.0
19  word_l2_15.mp4           22  0.495668  ...    0.592628    0.006596         0.0
20  word_l2_15.mp4           23  0.496030  ...    0.583773   -0.000254         0.0
21  word_l2_15.mp4           24  0.496303  ...    0.577473   -0.000858         0.0
22  word_l2_15.mp4           25  0.496537  ...    0.571801   -0.005371         0.0
23  word_l2_15.mp4           26  0.496950  ...    0.568290   -0.006201         0.0
24  word_l2_15.mp4           27  0.497578  ...    0.560715    0.003174         0.0
25  word_l2_15.mp4           28  0.497192  ...    0.559156   -0.001168         0.0
26  word_l2_15.mp4           29  0.497841  ...    0.620464    0.015027         0.0
27  word_l2_15.mp4           30  0.497789  ...    0.650635    0.009871         0.0
28  word_l2_15.mp4           31  0.497867  ...    0.654409    0.009288         0.0
29  word_l2_15.mp4           32  0.497779  ...    0.656426    0.018039         0.0
30  word_l2_15.mp4           33  0.498111  ...    0.653121    0.012673         0.0
31  word_l2_15.mp4           34  0.498023  ...    0.652937    0.012211         0.0
32  word_l2_15.mp4           35  0.498310  ...    0.651246    0.007315         0.0
33  word_l2_15.mp4           36  0.498534  ...    0.654375    0.008284         0.0
34  word_l2_15.mp4           37  0.497990  ...    0.654419    0.008972         0.0
35  word_l2_15.mp4           38  0.497732  ...    0.656474    0.012310         0.0
36  word_l2_15.mp4           39  0.496991  ...    0.656484    0.012302         0.0
37  word_l2_15.mp4           40  0.496962  ...    0.657004    0.013963         0.0
38  word_l2_15.mp4           41  0.497174  ...    0.658362    0.013715         0.0
39  word_l2_15.mp4           42  0.497339  ...    0.660236    0.007507         0.0
40  word_l2_15.mp4           43  0.497471  ...    0.662451    0.010261         0.0
41  word_l2_15.mp4           44  0.497600  ...    0.665537    0.016177         0.0
42  word_l2_15.mp4           45  0.497620  ...    0.667121    0.012023         0.0
43  word_l2_15.mp4           46  0.497349  ...    0.672462    0.002274         0.0
44  word_l2_15.mp4           47  0.497486  ...    0.679827    0.002822         0.0
45  word_l2_15.mp4           48  0.497695  ...    0.692580    0.001373         0.0
46  word_l2_15.mp4           49  0.497669  ...    0.704940    0.004186         0.0
47  word_l2_15.mp4           50  0.497992  ...    0.718277    0.002623         0.0
48  word_l2_15.mp4           51  0.498071  ...    0.732977    0.005698         0.0
49  word_l2_15.mp4           52  0.498395  ...    0.749413    0.007749         0.0
50  word_l2_15.mp4           53  0.499051  ...    0.768827    0.007791         0.0
51  word_l2_15.mp4           54  0.499041  ...    0.784884    0.011653         0.0
52  word_l2_15.mp4           55  0.499294  ...    0.805978    0.017297         0.0

[53 rows x 1958 columns]
Extracting features...
Face width computed for normalizaiton 0.155880294417301
Features saved to: ../output/word_l2_15_features.csv
          fn_video  ... distance_r_hand6_r_hand10
0   word_l2_15.mp4  ...                  0.225226
1   word_l2_15.mp4  ...                  0.175707
2   word_l2_15.mp4  ...                  0.217837
3   word_l2_15.mp4  ...                  0.165783
4   word_l2_15.mp4  ...                  0.128031
5   word_l2_15.mp4  ...                  0.169358
6   word_l2_15.mp4  ...                  0.167070
7   word_l2_15.mp4  ...                  0.159420
8   word_l2_15.mp4  ...                  0.149447
9   word_l2_15.mp4  ...                  0.148232
10  word_l2_15.mp4  ...                  0.150007
11  word_l2_15.mp4  ...                  0.149416
12  word_l2_15.mp4  ...                  0.148354
13  word_l2_15.mp4  ...                  0.158600
14  word_l2_15.mp4  ...                  0.162735
15  word_l2_15.mp4  ...                  0.163897
16  word_l2_15.mp4  ...                  0.166753
17  word_l2_15.mp4  ...                  0.157122
18  word_l2_15.mp4  ...                  0.169616
19  word_l2_15.mp4  ...                  0.151590
20  word_l2_15.mp4  ...                  0.138126
21  word_l2_15.mp4  ...                  0.146248
22  word_l2_15.mp4  ...                  0.142769
23  word_l2_15.mp4  ...                  0.153261
24  word_l2_15.mp4  ...                  0.170928
25  word_l2_15.mp4  ...                  0.215321
26  word_l2_15.mp4  ...                  0.218930
27  word_l2_15.mp4  ...                  0.263909
28  word_l2_15.mp4  ...                  0.254758
29  word_l2_15.mp4  ...                  0.265532
30  word_l2_15.mp4  ...                  0.279049
31  word_l2_15.mp4  ...                  0.278348
32  word_l2_15.mp4  ...                  0.275896
33  word_l2_15.mp4  ...                  0.279802
34  word_l2_15.mp4  ...                  0.272884
35  word_l2_15.mp4  ...                  0.271003
36  word_l2_15.mp4  ...                  0.277794
37  word_l2_15.mp4  ...                  0.277203
38  word_l2_15.mp4  ...                  0.273367
39  word_l2_15.mp4  ...                  0.278917
40  word_l2_15.mp4  ...                  0.264562
41  word_l2_15.mp4  ...                  0.241533
42  word_l2_15.mp4  ...                  0.235911
43  word_l2_15.mp4  ...                  0.212310
44  word_l2_15.mp4  ...                  0.216209
45  word_l2_15.mp4  ...                  0.220159
46  word_l2_15.mp4  ...                  0.209940
47  word_l2_15.mp4  ...                  0.215126
48  word_l2_15.mp4  ...                  0.203570
49  word_l2_15.mp4  ...                  0.210827
50  word_l2_15.mp4  ...                  0.207012
51  word_l2_15.mp4  ...                  0.208287
52  word_l2_15.mp4  ...                  0.211138

[53 rows x 30 columns]
csv file with predictions was saved to ../output/predictions_rf_shape_female_cropped_word_l2_15.csv
Visualization for: ../stimuli/words/mp4/word_l2_15.mp4
32
SYLLABLE ONSETS (IN FRAMES):
[10 25]
MAXIMA (IN FRAMES)
[17 36 40]
Syllable, frame number (mfa), frame number (onset)
bu 10 17
R 25 36
