python is /network/lustre/iss02/home/annahita.sarre/anaconda3/envs/myenv/bin/python
Loaded model: ../trained_models/model_rf_position_female_cropped.pkl
Loaded video: ../stimuli/words/mp4/word_l0_27.mp4
Extracting coordinates...
          fn_video frame_number   x_face0  ...  y_r_hand20  z_r_hand20  v_r_hand20
0   word_l0_27.mp4            2  0.490740  ...    0.984414    0.059578         0.0
1   word_l0_27.mp4            3  0.489968  ...    0.960235    0.061150         0.0
2   word_l0_27.mp4            4  0.489794  ...    0.912936    0.037617         0.0
3   word_l0_27.mp4            5  0.489881  ...    0.872881    0.033370         0.0
4   word_l0_27.mp4            6  0.490067  ...    0.835082    0.031939         0.0
..             ...          ...       ...  ...         ...         ...         ...
61  word_l0_27.mp4           63  0.486250  ...    0.868416    0.031978         0.0
62  word_l0_27.mp4           64  0.486288  ...    0.897877    0.037227         0.0
63  word_l0_27.mp4           65  0.486491  ...    0.920023    0.034010         0.0
64  word_l0_27.mp4           66  0.486428  ...    0.950246    0.032839         0.0
65  word_l0_27.mp4           67  0.487522  ...    0.985560    0.055516         0.0

[66 rows x 1958 columns]
Extracting features...
Face width computed for normalizaiton 0.1579581871302934
Features saved to: ../output/word_l0_27_features.csv
          fn_video  ... distance_r_hand6_r_hand10
0   word_l0_27.mp4  ...                  0.199830
1   word_l0_27.mp4  ...                  0.209976
2   word_l0_27.mp4  ...                  0.201807
3   word_l0_27.mp4  ...                  0.200367
4   word_l0_27.mp4  ...                  0.194357
..             ...  ...                       ...
61  word_l0_27.mp4  ...                  0.171919
62  word_l0_27.mp4  ...                  0.190280
63  word_l0_27.mp4  ...                  0.205816
64  word_l0_27.mp4  ...                  0.217218
65  word_l0_27.mp4  ...                  0.231354

[66 rows x 30 columns]
csv file with predictions was saved to ../output/predictions_rf_position_female_cropped_word_l0_27.csv
Loaded model: ../trained_models/model_rf_shape_female_cropped.pkl
Loaded video: ../stimuli/words/mp4/word_l0_27.mp4
Extracting coordinates...
          fn_video frame_number   x_face0  ...  y_r_hand20  z_r_hand20  v_r_hand20
0   word_l0_27.mp4            2  0.490740  ...    0.984414    0.059578         0.0
1   word_l0_27.mp4            3  0.489968  ...    0.960235    0.061150         0.0
2   word_l0_27.mp4            4  0.489794  ...    0.912936    0.037617         0.0
3   word_l0_27.mp4            5  0.489881  ...    0.872881    0.033370         0.0
4   word_l0_27.mp4            6  0.490067  ...    0.835082    0.031939         0.0
..             ...          ...       ...  ...         ...         ...         ...
61  word_l0_27.mp4           63  0.486250  ...    0.868416    0.031978         0.0
62  word_l0_27.mp4           64  0.486288  ...    0.897877    0.037227         0.0
63  word_l0_27.mp4           65  0.486491  ...    0.920023    0.034010         0.0
64  word_l0_27.mp4           66  0.486428  ...    0.950246    0.032839         0.0
65  word_l0_27.mp4           67  0.487522  ...    0.985560    0.055516         0.0

[66 rows x 1958 columns]
Extracting features...
Face width computed for normalizaiton 0.1579581871302934
Features saved to: ../output/word_l0_27_features.csv
          fn_video  ... distance_r_hand6_r_hand10
0   word_l0_27.mp4  ...                  0.199830
1   word_l0_27.mp4  ...                  0.209976
2   word_l0_27.mp4  ...                  0.201807
3   word_l0_27.mp4  ...                  0.200367
4   word_l0_27.mp4  ...                  0.194357
..             ...  ...                       ...
61  word_l0_27.mp4  ...                  0.171919
62  word_l0_27.mp4  ...                  0.190280
63  word_l0_27.mp4  ...                  0.205816
64  word_l0_27.mp4  ...                  0.217218
65  word_l0_27.mp4  ...                  0.231354

[66 rows x 30 columns]
csv file with predictions was saved to ../output/predictions_rf_shape_female_cropped_word_l0_27.csv
Visualization for: ../stimuli/words/mp4/word_l0_27.mp4
32
SYLLABLE ONSETS (IN FRAMES):
[20 29 42]
MAXIMA (IN FRAMES)
[19 32 51]
Syllable, frame number (mfa), frame number (onset)
ka 20 19
vi 29 32
te 42 51
!!!!!!!!!!!!!!!!!!!!!!!!!!!!!!!!!!!!!!!!!!!!!!!!!!!!!!!!!!!!!!!!!!!!!!!!!!!!!!!!!!!!!!!!!!!!!!!!!!!!
The video was successfully saved
The marked video was saved to: ../stimuli/words/mp4/word_l0_27.mp4
Figure was save to: ../figures/../stimuli/words/mp4/word_l0_27.mp4.png
