python is /network/lustre/iss02/home/annahita.sarre/anaconda3/envs/myenv/bin/python
Loaded model: ../trained_models/model_rf_position_female_cropped.pkl
Loaded video: ../stimuli/words/mp4/word_h1_05_pseudo.mp4
Extracting coordinates...
                 fn_video frame_number  ...  z_r_hand20  v_r_hand20
0   word_h1_05_pseudo.mp4            1  ...    0.028448         0.0
1   word_h1_05_pseudo.mp4            2  ...    0.023568         0.0
2   word_h1_05_pseudo.mp4            3  ...    0.029957         0.0
3   word_h1_05_pseudo.mp4            4  ...    0.047610         0.0
4   word_h1_05_pseudo.mp4            5  ...    0.046044         0.0
5   word_h1_05_pseudo.mp4            6  ...    0.036610         0.0
6   word_h1_05_pseudo.mp4            7  ...    0.055670         0.0
7   word_h1_05_pseudo.mp4            8  ...    0.043306         0.0
8   word_h1_05_pseudo.mp4            9  ...    0.034277         0.0
9   word_h1_05_pseudo.mp4           10  ...    0.028425         0.0
10  word_h1_05_pseudo.mp4           11  ...    0.037948         0.0
11  word_h1_05_pseudo.mp4           12  ...    0.034920         0.0
12  word_h1_05_pseudo.mp4           13  ...    0.021835         0.0
13  word_h1_05_pseudo.mp4           14  ...    0.019606         0.0
14  word_h1_05_pseudo.mp4           15  ...    0.014004         0.0
15  word_h1_05_pseudo.mp4           16  ...    0.016970         0.0
16  word_h1_05_pseudo.mp4           17  ...    0.017791         0.0
17  word_h1_05_pseudo.mp4           18  ...    0.019997         0.0
18  word_h1_05_pseudo.mp4           19  ...    0.028111         0.0
19  word_h1_05_pseudo.mp4           20  ...    0.018608         0.0
20  word_h1_05_pseudo.mp4           21  ...    0.016024         0.0
21  word_h1_05_pseudo.mp4           22  ...    0.009628         0.0
22  word_h1_05_pseudo.mp4           23  ...    0.010016         0.0
23  word_h1_05_pseudo.mp4           24  ...    0.010331         0.0
24  word_h1_05_pseudo.mp4           25  ...    0.008145         0.0
25  word_h1_05_pseudo.mp4           26  ...    0.011544         0.0
26  word_h1_05_pseudo.mp4           27  ...    0.005756         0.0
27  word_h1_05_pseudo.mp4           28  ...    0.017734         0.0
28  word_h1_05_pseudo.mp4           29  ...    0.023380         0.0
29  word_h1_05_pseudo.mp4           30  ...    0.025370         0.0
30  word_h1_05_pseudo.mp4           31  ...    0.021187         0.0
31  word_h1_05_pseudo.mp4           32  ...    0.026474         0.0
32  word_h1_05_pseudo.mp4           33  ...    0.019879         0.0
33  word_h1_05_pseudo.mp4           34  ...    0.018117         0.0
34  word_h1_05_pseudo.mp4           35  ...    0.015130         0.0
35  word_h1_05_pseudo.mp4           36  ...    0.002984         0.0
36  word_h1_05_pseudo.mp4           37  ...    0.003835         0.0
37  word_h1_05_pseudo.mp4           38  ...    0.006139         0.0
38  word_h1_05_pseudo.mp4           39  ...    0.005326         0.0
39  word_h1_05_pseudo.mp4           40  ...    0.004085         0.0
40  word_h1_05_pseudo.mp4           41  ...    0.005862         0.0
41  word_h1_05_pseudo.mp4           42  ...    0.005521         0.0
42  word_h1_05_pseudo.mp4           43  ...    0.002122         0.0
43  word_h1_05_pseudo.mp4           44  ...    0.003586         0.0
44  word_h1_05_pseudo.mp4           45  ...    0.005776         0.0
45  word_h1_05_pseudo.mp4           46  ...    0.002571         0.0
46  word_h1_05_pseudo.mp4           47  ...    0.004435         0.0
47  word_h1_05_pseudo.mp4           48  ...    0.001128         0.0
48  word_h1_05_pseudo.mp4           49  ...    0.003665         0.0
49  word_h1_05_pseudo.mp4           50  ...    0.015190         0.0
50  word_h1_05_pseudo.mp4           51  ...    0.015313         0.0
51  word_h1_05_pseudo.mp4           52  ...    0.014682         0.0
52  word_h1_05_pseudo.mp4           53  ...    0.013351         0.0
53  word_h1_05_pseudo.mp4           54  ...    0.012425         0.0
54  word_h1_05_pseudo.mp4           55  ...    0.015701         0.0
55  word_h1_05_pseudo.mp4           56  ...    0.022005         0.0
56  word_h1_05_pseudo.mp4           57  ...    0.026101         0.0

[57 rows x 1958 columns]
Extracting features...
Face width computed for normalizaiton 0.1600354838305906
Features saved to: ../output/word_h1_05_pseudo_features.csv
                 fn_video  ... distance_r_hand6_r_hand10
0   word_h1_05_pseudo.mp4  ...                  0.230254
1   word_h1_05_pseudo.mp4  ...                  0.214851
2   word_h1_05_pseudo.mp4  ...                  0.216246
3   word_h1_05_pseudo.mp4  ...                  0.200725
4   word_h1_05_pseudo.mp4  ...                  0.208268
5   word_h1_05_pseudo.mp4  ...                  0.210718
6   word_h1_05_pseudo.mp4  ...                  0.201846
7   word_h1_05_pseudo.mp4  ...                  0.189098
8   word_h1_05_pseudo.mp4  ...                  0.178411
9   word_h1_05_pseudo.mp4  ...                  0.179299
10  word_h1_05_pseudo.mp4  ...                  0.179100
11  word_h1_05_pseudo.mp4  ...                  0.162965
12  word_h1_05_pseudo.mp4  ...                  0.153032
13  word_h1_05_pseudo.mp4  ...                  0.154198
14  word_h1_05_pseudo.mp4  ...                  0.152986
15  word_h1_05_pseudo.mp4  ...                  0.150625
16  word_h1_05_pseudo.mp4  ...                  0.175749
17  word_h1_05_pseudo.mp4  ...                  0.187559
18  word_h1_05_pseudo.mp4  ...                  0.224979
19  word_h1_05_pseudo.mp4  ...                  0.211187
20  word_h1_05_pseudo.mp4  ...                  0.215524
21  word_h1_05_pseudo.mp4  ...                  0.202817
22  word_h1_05_pseudo.mp4  ...                  0.212710
23  word_h1_05_pseudo.mp4  ...                  0.204352
24  word_h1_05_pseudo.mp4  ...                  0.183511
25  word_h1_05_pseudo.mp4  ...                  0.179605
26  word_h1_05_pseudo.mp4  ...                  0.173942
27  word_h1_05_pseudo.mp4  ...                  0.169619
28  word_h1_05_pseudo.mp4  ...                  0.171432
29  word_h1_05_pseudo.mp4  ...                  0.171961
30  word_h1_05_pseudo.mp4  ...                  0.174805
31  word_h1_05_pseudo.mp4  ...                  0.182767
32  word_h1_05_pseudo.mp4  ...                  0.172256
33  word_h1_05_pseudo.mp4  ...                  0.185392
34  word_h1_05_pseudo.mp4  ...                  0.229360
35  word_h1_05_pseudo.mp4  ...                  0.328583
36  word_h1_05_pseudo.mp4  ...                  0.354012
37  word_h1_05_pseudo.mp4  ...                  0.339327
38  word_h1_05_pseudo.mp4  ...                  0.327629
39  word_h1_05_pseudo.mp4  ...                  0.341595
40  word_h1_05_pseudo.mp4  ...                  0.350769
41  word_h1_05_pseudo.mp4  ...                  0.357848
42  word_h1_05_pseudo.mp4  ...                  0.349154
43  word_h1_05_pseudo.mp4  ...                  0.349203
44  word_h1_05_pseudo.mp4  ...                  0.341754
45  word_h1_05_pseudo.mp4  ...                  0.357334
46  word_h1_05_pseudo.mp4  ...                  0.342417
47  word_h1_05_pseudo.mp4  ...                  0.339757
48  word_h1_05_pseudo.mp4  ...                  0.276504
49  word_h1_05_pseudo.mp4  ...                  0.257033
50  word_h1_05_pseudo.mp4  ...                  0.253021
51  word_h1_05_pseudo.mp4  ...                  0.243354
52  word_h1_05_pseudo.mp4  ...                  0.231154
53  word_h1_05_pseudo.mp4  ...                  0.270633
54  word_h1_05_pseudo.mp4  ...                  0.290743
55  word_h1_05_pseudo.mp4  ...                  0.243843
56  word_h1_05_pseudo.mp4  ...                  0.281957

[57 rows x 30 columns]
csv file with predictions was saved to ../output/predictions_rf_position_female_cropped_word_h1_05_pseudo.csv
Loaded model: ../trained_models/model_rf_shape_female_cropped.pkl
Loaded video: ../stimuli/words/mp4/word_h1_05_pseudo.mp4
Extracting coordinates...
                 fn_video frame_number  ...  z_r_hand20  v_r_hand20
0   word_h1_05_pseudo.mp4            1  ...    0.028448         0.0
1   word_h1_05_pseudo.mp4            2  ...    0.023568         0.0
2   word_h1_05_pseudo.mp4            3  ...    0.029957         0.0
3   word_h1_05_pseudo.mp4            4  ...    0.047610         0.0
4   word_h1_05_pseudo.mp4            5  ...    0.046044         0.0
5   word_h1_05_pseudo.mp4            6  ...    0.036610         0.0
6   word_h1_05_pseudo.mp4            7  ...    0.055670         0.0
7   word_h1_05_pseudo.mp4            8  ...    0.043306         0.0
8   word_h1_05_pseudo.mp4            9  ...    0.034277         0.0
9   word_h1_05_pseudo.mp4           10  ...    0.028425         0.0
10  word_h1_05_pseudo.mp4           11  ...    0.037948         0.0
11  word_h1_05_pseudo.mp4           12  ...    0.034920         0.0
12  word_h1_05_pseudo.mp4           13  ...    0.021835         0.0
13  word_h1_05_pseudo.mp4           14  ...    0.019606         0.0
14  word_h1_05_pseudo.mp4           15  ...    0.014004         0.0
15  word_h1_05_pseudo.mp4           16  ...    0.016970         0.0
16  word_h1_05_pseudo.mp4           17  ...    0.017791         0.0
17  word_h1_05_pseudo.mp4           18  ...    0.019997         0.0
18  word_h1_05_pseudo.mp4           19  ...    0.028111         0.0
19  word_h1_05_pseudo.mp4           20  ...    0.018608         0.0
20  word_h1_05_pseudo.mp4           21  ...    0.016024         0.0
21  word_h1_05_pseudo.mp4           22  ...    0.009628         0.0
22  word_h1_05_pseudo.mp4           23  ...    0.010016         0.0
23  word_h1_05_pseudo.mp4           24  ...    0.010331         0.0
24  word_h1_05_pseudo.mp4           25  ...    0.008145         0.0
25  word_h1_05_pseudo.mp4           26  ...    0.011544         0.0
26  word_h1_05_pseudo.mp4           27  ...    0.005756         0.0
27  word_h1_05_pseudo.mp4           28  ...    0.017734         0.0
28  word_h1_05_pseudo.mp4           29  ...    0.023380         0.0
29  word_h1_05_pseudo.mp4           30  ...    0.025370         0.0
30  word_h1_05_pseudo.mp4           31  ...    0.021187         0.0
31  word_h1_05_pseudo.mp4           32  ...    0.026474         0.0
32  word_h1_05_pseudo.mp4           33  ...    0.019879         0.0
33  word_h1_05_pseudo.mp4           34  ...    0.018117         0.0
34  word_h1_05_pseudo.mp4           35  ...    0.015130         0.0
35  word_h1_05_pseudo.mp4           36  ...    0.002984         0.0
36  word_h1_05_pseudo.mp4           37  ...    0.003835         0.0
37  word_h1_05_pseudo.mp4           38  ...    0.006139         0.0
38  word_h1_05_pseudo.mp4           39  ...    0.005326         0.0
39  word_h1_05_pseudo.mp4           40  ...    0.004085         0.0
40  word_h1_05_pseudo.mp4           41  ...    0.005862         0.0
41  word_h1_05_pseudo.mp4           42  ...    0.005521         0.0
42  word_h1_05_pseudo.mp4           43  ...    0.002122         0.0
43  word_h1_05_pseudo.mp4           44  ...    0.003586         0.0
44  word_h1_05_pseudo.mp4           45  ...    0.005776         0.0
45  word_h1_05_pseudo.mp4           46  ...    0.002571         0.0
46  word_h1_05_pseudo.mp4           47  ...    0.004435         0.0
47  word_h1_05_pseudo.mp4           48  ...    0.001128         0.0
48  word_h1_05_pseudo.mp4           49  ...    0.003665         0.0
49  word_h1_05_pseudo.mp4           50  ...    0.015190         0.0
50  word_h1_05_pseudo.mp4           51  ...    0.015313         0.0
51  word_h1_05_pseudo.mp4           52  ...    0.014682         0.0
52  word_h1_05_pseudo.mp4           53  ...    0.013351         0.0
53  word_h1_05_pseudo.mp4           54  ...    0.012425         0.0
54  word_h1_05_pseudo.mp4           55  ...    0.015701         0.0
55  word_h1_05_pseudo.mp4           56  ...    0.022005         0.0
56  word_h1_05_pseudo.mp4           57  ...    0.026101         0.0

[57 rows x 1958 columns]
Extracting features...
Face width computed for normalizaiton 0.1600354838305906
Features saved to: ../output/word_h1_05_pseudo_features.csv
                 fn_video  ... distance_r_hand6_r_hand10
0   word_h1_05_pseudo.mp4  ...                  0.230254
1   word_h1_05_pseudo.mp4  ...                  0.214851
2   word_h1_05_pseudo.mp4  ...                  0.216246
3   word_h1_05_pseudo.mp4  ...                  0.200725
4   word_h1_05_pseudo.mp4  ...                  0.208268
5   word_h1_05_pseudo.mp4  ...                  0.210718
6   word_h1_05_pseudo.mp4  ...                  0.201846
7   word_h1_05_pseudo.mp4  ...                  0.189098
8   word_h1_05_pseudo.mp4  ...                  0.178411
9   word_h1_05_pseudo.mp4  ...                  0.179299
10  word_h1_05_pseudo.mp4  ...                  0.179100
11  word_h1_05_pseudo.mp4  ...                  0.162965
12  word_h1_05_pseudo.mp4  ...                  0.153032
13  word_h1_05_pseudo.mp4  ...                  0.154198
14  word_h1_05_pseudo.mp4  ...                  0.152986
15  word_h1_05_pseudo.mp4  ...                  0.150625
16  word_h1_05_pseudo.mp4  ...                  0.175749
17  word_h1_05_pseudo.mp4  ...                  0.187559
18  word_h1_05_pseudo.mp4  ...                  0.224979
19  word_h1_05_pseudo.mp4  ...                  0.211187
20  word_h1_05_pseudo.mp4  ...                  0.215524
21  word_h1_05_pseudo.mp4  ...                  0.202817
22  word_h1_05_pseudo.mp4  ...                  0.212710
23  word_h1_05_pseudo.mp4  ...                  0.204352
24  word_h1_05_pseudo.mp4  ...                  0.183511
25  word_h1_05_pseudo.mp4  ...                  0.179605
26  word_h1_05_pseudo.mp4  ...                  0.173942
27  word_h1_05_pseudo.mp4  ...                  0.169619
28  word_h1_05_pseudo.mp4  ...                  0.171432
29  word_h1_05_pseudo.mp4  ...                  0.171961
30  word_h1_05_pseudo.mp4  ...                  0.174805
31  word_h1_05_pseudo.mp4  ...                  0.182767
32  word_h1_05_pseudo.mp4  ...                  0.172256
33  word_h1_05_pseudo.mp4  ...                  0.185392
34  word_h1_05_pseudo.mp4  ...                  0.229360
35  word_h1_05_pseudo.mp4  ...                  0.328583
36  word_h1_05_pseudo.mp4  ...                  0.354012
37  word_h1_05_pseudo.mp4  ...                  0.339327
38  word_h1_05_pseudo.mp4  ...                  0.327629
39  word_h1_05_pseudo.mp4  ...                  0.341595
40  word_h1_05_pseudo.mp4  ...                  0.350769
41  word_h1_05_pseudo.mp4  ...                  0.357848
42  word_h1_05_pseudo.mp4  ...                  0.349154
43  word_h1_05_pseudo.mp4  ...                  0.349203
44  word_h1_05_pseudo.mp4  ...                  0.341754
45  word_h1_05_pseudo.mp4  ...                  0.357334
46  word_h1_05_pseudo.mp4  ...                  0.342417
47  word_h1_05_pseudo.mp4  ...                  0.339757
48  word_h1_05_pseudo.mp4  ...                  0.276504
49  word_h1_05_pseudo.mp4  ...                  0.257033
50  word_h1_05_pseudo.mp4  ...                  0.253021
51  word_h1_05_pseudo.mp4  ...                  0.243354
52  word_h1_05_pseudo.mp4  ...                  0.231154
53  word_h1_05_pseudo.mp4  ...                  0.270633
54  word_h1_05_pseudo.mp4  ...                  0.290743
55  word_h1_05_pseudo.mp4  ...                  0.243843
56  word_h1_05_pseudo.mp4  ...                  0.281957

[57 rows x 30 columns]
csv file with predictions was saved to ../output/predictions_rf_shape_female_cropped_word_h1_05_pseudo.csv
Visualization for: ../stimuli/words/mp4/word_h1_05_pseudo.mp4
32
SYLLABLE ONSETS (IN FRAMES):
[]
MAXIMA (IN FRAMES)
[22 34 44]
Syllable, frame number (mfa), frame number (onset)
