python is /network/lustre/iss02/home/annahita.sarre/anaconda3/envs/myenv/bin/python
Loaded model: ../trained_models/model_rf_position_female_cropped.pkl
Loaded video: ../stimuli/words/mp4/word_l2_39.mp4
Extracting coordinates...
          fn_video frame_number   x_face0  ...  y_r_hand20  z_r_hand20  v_r_hand20
0   word_l2_39.mp4            1  0.500377  ...    0.909679    0.020153         0.0
1   word_l2_39.mp4            2  0.500678  ...    0.844056    0.026586         0.0
2   word_l2_39.mp4            3  0.500624  ...    0.815895    0.031141         0.0
3   word_l2_39.mp4            4  0.500516  ...    0.792481    0.029080         0.0
4   word_l2_39.mp4            5  0.500561  ...    0.775878    0.023109         0.0
5   word_l2_39.mp4            6  0.500786  ...    0.750573    0.023523         0.0
6   word_l2_39.mp4            7  0.500478  ...    0.730385    0.024931         0.0
7   word_l2_39.mp4            8  0.500573  ...    0.709341    0.021256         0.0
8   word_l2_39.mp4            9  0.500520  ...    0.689489    0.016219         0.0
9   word_l2_39.mp4           10  0.500022  ...    0.655600   -0.006312         0.0
10  word_l2_39.mp4           11  0.499398  ...    0.623020   -0.016912         0.0
11  word_l2_39.mp4           12  0.499785  ...    0.608607   -0.014701         0.0
12  word_l2_39.mp4           13  0.499046  ...    0.597351   -0.011996         0.0
13  word_l2_39.mp4           14  0.498355  ...    0.586104   -0.010327         0.0
14  word_l2_39.mp4           15  0.498441  ...    0.569268   -0.005261         0.0
15  word_l2_39.mp4           16  0.498497  ...    0.554669   -0.001751         0.0
16  word_l2_39.mp4           17  0.498376  ...    0.542174    0.003245         0.0
17  word_l2_39.mp4           18  0.498205  ...    0.543494    0.009224         0.0
18  word_l2_39.mp4           19  0.497781  ...    0.545389    0.000822         0.0
19  word_l2_39.mp4           20  0.497675  ...    0.546160    0.004759         0.0
20  word_l2_39.mp4           21  0.498122  ...    0.543253    0.007477         0.0
21  word_l2_39.mp4           22  0.498631  ...    0.544916    0.000952         0.0
22  word_l2_39.mp4           23  0.498838  ...    0.551468   -0.005608         0.0
23  word_l2_39.mp4           24  0.499373  ...    0.624777    0.003058         0.0
24  word_l2_39.mp4           25  0.499201  ...    0.666171    0.016437         0.0
25  word_l2_39.mp4           26  0.498997  ...    0.667940    0.019246         0.0
26  word_l2_39.mp4           27  0.498625  ...    0.665731    0.014143         0.0
27  word_l2_39.mp4           28  0.498589  ...    0.667947    0.011483         0.0
28  word_l2_39.mp4           29  0.498108  ...    0.668446    0.011739         0.0
29  word_l2_39.mp4           30  0.498489  ...    0.668191    0.014195         0.0
30  word_l2_39.mp4           31  0.498682  ...    0.671053    0.016029         0.0
31  word_l2_39.mp4           32  0.498761  ...    0.672909    0.015810         0.0
32  word_l2_39.mp4           33  0.498667  ...    0.674659    0.014089         0.0
33  word_l2_39.mp4           34  0.497639  ...    0.674097    0.013518         0.0
34  word_l2_39.mp4           35  0.497602  ...    0.673154    0.011600         0.0
35  word_l2_39.mp4           36  0.497296  ...    0.672359    0.011613         0.0
36  word_l2_39.mp4           37  0.497340  ...    0.673208    0.015928         0.0
37  word_l2_39.mp4           38  0.497744  ...    0.673700    0.020845         0.0
38  word_l2_39.mp4           39  0.497800  ...    0.675590    0.015183         0.0
39  word_l2_39.mp4           40  0.498080  ...    0.674463    0.016058         0.0
40  word_l2_39.mp4           41  0.497882  ...    0.682172    0.004729         0.0
41  word_l2_39.mp4           42  0.498096  ...    0.692711    0.007422         0.0
42  word_l2_39.mp4           43  0.498292  ...    0.707911    0.007417         0.0
43  word_l2_39.mp4           44  0.498060  ...    0.722860    0.005731         0.0
44  word_l2_39.mp4           45  0.497948  ...    0.740564    0.004987         0.0
45  word_l2_39.mp4           46  0.497432  ...    0.759913    0.005615         0.0
46  word_l2_39.mp4           47  0.497332  ...    0.779092    0.008874         0.0
47  word_l2_39.mp4           48  0.497115  ...    0.801337    0.011974         0.0
48  word_l2_39.mp4           49  0.497107  ...    0.823320    0.017820         0.0
49  word_l2_39.mp4           50  0.496896  ...    0.836152    0.020791         0.0
50  word_l2_39.mp4           51  0.496298  ...    0.861181    0.030555         0.0

[51 rows x 1958 columns]
Extracting features...
Face width computed for normalizaiton 0.15520940890071058
Features saved to: ../output/word_l2_39_features.csv
          fn_video  ... distance_r_hand6_r_hand10
0   word_l2_39.mp4  ...                  0.229034
1   word_l2_39.mp4  ...                  0.174346
2   word_l2_39.mp4  ...                  0.176126
3   word_l2_39.mp4  ...                  0.183885
4   word_l2_39.mp4  ...                  0.179157
5   word_l2_39.mp4  ...                  0.170439
6   word_l2_39.mp4  ...                  0.168357
7   word_l2_39.mp4  ...                  0.166122
8   word_l2_39.mp4  ...                  0.164823
9   word_l2_39.mp4  ...                  0.155386
10  word_l2_39.mp4  ...                  0.142604
11  word_l2_39.mp4  ...                  0.136225
12  word_l2_39.mp4  ...                  0.149279
13  word_l2_39.mp4  ...                  0.158006
14  word_l2_39.mp4  ...                  0.131835
15  word_l2_39.mp4  ...                  0.162747
16  word_l2_39.mp4  ...                  0.155954
17  word_l2_39.mp4  ...                  0.159513
18  word_l2_39.mp4  ...                  0.133165
19  word_l2_39.mp4  ...                  0.149942
20  word_l2_39.mp4  ...                  0.162497
21  word_l2_39.mp4  ...                  0.177556
22  word_l2_39.mp4  ...                  0.200828
23  word_l2_39.mp4  ...                  0.248088
24  word_l2_39.mp4  ...                  0.289182
25  word_l2_39.mp4  ...                  0.328976
26  word_l2_39.mp4  ...                  0.339463
27  word_l2_39.mp4  ...                  0.348559
28  word_l2_39.mp4  ...                  0.350188
29  word_l2_39.mp4  ...                  0.351212
30  word_l2_39.mp4  ...                  0.352356
31  word_l2_39.mp4  ...                  0.352757
32  word_l2_39.mp4  ...                  0.350274
33  word_l2_39.mp4  ...                  0.347559
34  word_l2_39.mp4  ...                  0.346635
35  word_l2_39.mp4  ...                  0.339394
36  word_l2_39.mp4  ...                  0.319778
37  word_l2_39.mp4  ...                  0.299079
38  word_l2_39.mp4  ...                  0.255159
39  word_l2_39.mp4  ...                  0.230648
40  word_l2_39.mp4  ...                  0.241740
41  word_l2_39.mp4  ...                  0.182938
42  word_l2_39.mp4  ...                  0.188798
43  word_l2_39.mp4  ...                  0.189900
44  word_l2_39.mp4  ...                  0.216313
45  word_l2_39.mp4  ...                  0.226114
46  word_l2_39.mp4  ...                  0.226194
47  word_l2_39.mp4  ...                  0.220826
48  word_l2_39.mp4  ...                  0.240276
49  word_l2_39.mp4  ...                  0.216364
50  word_l2_39.mp4  ...                  0.236418

[51 rows x 30 columns]
csv file with predictions was saved to ../output/predictions_rf_position_female_cropped_word_l2_39.csv
Loaded model: ../trained_models/model_rf_shape_female_cropped.pkl
Loaded video: ../stimuli/words/mp4/word_l2_39.mp4
Extracting coordinates...
          fn_video frame_number   x_face0  ...  y_r_hand20  z_r_hand20  v_r_hand20
0   word_l2_39.mp4            1  0.500377  ...    0.909679    0.020153         0.0
1   word_l2_39.mp4            2  0.500678  ...    0.844056    0.026586         0.0
2   word_l2_39.mp4            3  0.500624  ...    0.815895    0.031141         0.0
3   word_l2_39.mp4            4  0.500516  ...    0.792481    0.029080         0.0
4   word_l2_39.mp4            5  0.500561  ...    0.775878    0.023109         0.0
5   word_l2_39.mp4            6  0.500786  ...    0.750573    0.023523         0.0
6   word_l2_39.mp4            7  0.500478  ...    0.730385    0.024931         0.0
7   word_l2_39.mp4            8  0.500573  ...    0.709341    0.021256         0.0
8   word_l2_39.mp4            9  0.500520  ...    0.689489    0.016219         0.0
9   word_l2_39.mp4           10  0.500022  ...    0.655600   -0.006312         0.0
10  word_l2_39.mp4           11  0.499398  ...    0.623020   -0.016912         0.0
11  word_l2_39.mp4           12  0.499785  ...    0.608607   -0.014701         0.0
12  word_l2_39.mp4           13  0.499046  ...    0.597351   -0.011996         0.0
13  word_l2_39.mp4           14  0.498355  ...    0.586104   -0.010327         0.0
14  word_l2_39.mp4           15  0.498441  ...    0.569268   -0.005261         0.0
15  word_l2_39.mp4           16  0.498497  ...    0.554669   -0.001751         0.0
16  word_l2_39.mp4           17  0.498376  ...    0.542174    0.003245         0.0
17  word_l2_39.mp4           18  0.498205  ...    0.543494    0.009224         0.0
18  word_l2_39.mp4           19  0.497781  ...    0.545389    0.000822         0.0
19  word_l2_39.mp4           20  0.497675  ...    0.546160    0.004759         0.0
20  word_l2_39.mp4           21  0.498122  ...    0.543253    0.007477         0.0
21  word_l2_39.mp4           22  0.498631  ...    0.544916    0.000952         0.0
22  word_l2_39.mp4           23  0.498838  ...    0.551468   -0.005608         0.0
23  word_l2_39.mp4           24  0.499373  ...    0.624777    0.003058         0.0
24  word_l2_39.mp4           25  0.499201  ...    0.666171    0.016437         0.0
25  word_l2_39.mp4           26  0.498997  ...    0.667940    0.019246         0.0
26  word_l2_39.mp4           27  0.498625  ...    0.665731    0.014143         0.0
27  word_l2_39.mp4           28  0.498589  ...    0.667947    0.011483         0.0
28  word_l2_39.mp4           29  0.498108  ...    0.668446    0.011739         0.0
29  word_l2_39.mp4           30  0.498489  ...    0.668191    0.014195         0.0
30  word_l2_39.mp4           31  0.498682  ...    0.671053    0.016029         0.0
31  word_l2_39.mp4           32  0.498761  ...    0.672909    0.015810         0.0
32  word_l2_39.mp4           33  0.498667  ...    0.674659    0.014089         0.0
33  word_l2_39.mp4           34  0.497639  ...    0.674097    0.013518         0.0
34  word_l2_39.mp4           35  0.497602  ...    0.673154    0.011600         0.0
35  word_l2_39.mp4           36  0.497296  ...    0.672359    0.011613         0.0
36  word_l2_39.mp4           37  0.497340  ...    0.673208    0.015928         0.0
37  word_l2_39.mp4           38  0.497744  ...    0.673700    0.020845         0.0
38  word_l2_39.mp4           39  0.497800  ...    0.675590    0.015183         0.0
39  word_l2_39.mp4           40  0.498080  ...    0.674463    0.016058         0.0
40  word_l2_39.mp4           41  0.497882  ...    0.682172    0.004729         0.0
41  word_l2_39.mp4           42  0.498096  ...    0.692711    0.007422         0.0
42  word_l2_39.mp4           43  0.498292  ...    0.707911    0.007417         0.0
43  word_l2_39.mp4           44  0.498060  ...    0.722860    0.005731         0.0
44  word_l2_39.mp4           45  0.497948  ...    0.740564    0.004987         0.0
45  word_l2_39.mp4           46  0.497432  ...    0.759913    0.005615         0.0
46  word_l2_39.mp4           47  0.497332  ...    0.779092    0.008874         0.0
47  word_l2_39.mp4           48  0.497115  ...    0.801337    0.011974         0.0
48  word_l2_39.mp4           49  0.497107  ...    0.823320    0.017820         0.0
49  word_l2_39.mp4           50  0.496896  ...    0.836152    0.020791         0.0
50  word_l2_39.mp4           51  0.496298  ...    0.861181    0.030555         0.0

[51 rows x 1958 columns]
Extracting features...
Face width computed for normalizaiton 0.15520940890071058
Features saved to: ../output/word_l2_39_features.csv
          fn_video  ... distance_r_hand6_r_hand10
0   word_l2_39.mp4  ...                  0.229034
1   word_l2_39.mp4  ...                  0.174346
2   word_l2_39.mp4  ...                  0.176126
3   word_l2_39.mp4  ...                  0.183885
4   word_l2_39.mp4  ...                  0.179157
5   word_l2_39.mp4  ...                  0.170439
6   word_l2_39.mp4  ...                  0.168357
7   word_l2_39.mp4  ...                  0.166122
8   word_l2_39.mp4  ...                  0.164823
9   word_l2_39.mp4  ...                  0.155386
10  word_l2_39.mp4  ...                  0.142604
11  word_l2_39.mp4  ...                  0.136225
12  word_l2_39.mp4  ...                  0.149279
13  word_l2_39.mp4  ...                  0.158006
14  word_l2_39.mp4  ...                  0.131835
15  word_l2_39.mp4  ...                  0.162747
16  word_l2_39.mp4  ...                  0.155954
17  word_l2_39.mp4  ...                  0.159513
18  word_l2_39.mp4  ...                  0.133165
19  word_l2_39.mp4  ...                  0.149942
20  word_l2_39.mp4  ...                  0.162497
21  word_l2_39.mp4  ...                  0.177556
22  word_l2_39.mp4  ...                  0.200828
23  word_l2_39.mp4  ...                  0.248088
24  word_l2_39.mp4  ...                  0.289182
25  word_l2_39.mp4  ...                  0.328976
26  word_l2_39.mp4  ...                  0.339463
27  word_l2_39.mp4  ...                  0.348559
28  word_l2_39.mp4  ...                  0.350188
29  word_l2_39.mp4  ...                  0.351212
30  word_l2_39.mp4  ...                  0.352356
31  word_l2_39.mp4  ...                  0.352757
32  word_l2_39.mp4  ...                  0.350274
33  word_l2_39.mp4  ...                  0.347559
34  word_l2_39.mp4  ...                  0.346635
35  word_l2_39.mp4  ...                  0.339394
36  word_l2_39.mp4  ...                  0.319778
37  word_l2_39.mp4  ...                  0.299079
38  word_l2_39.mp4  ...                  0.255159
39  word_l2_39.mp4  ...                  0.230648
40  word_l2_39.mp4  ...                  0.241740
41  word_l2_39.mp4  ...                  0.182938
42  word_l2_39.mp4  ...                  0.188798
43  word_l2_39.mp4  ...                  0.189900
44  word_l2_39.mp4  ...                  0.216313
45  word_l2_39.mp4  ...                  0.226114
46  word_l2_39.mp4  ...                  0.226194
47  word_l2_39.mp4  ...                  0.220826
48  word_l2_39.mp4  ...                  0.240276
49  word_l2_39.mp4  ...                  0.216364
50  word_l2_39.mp4  ...                  0.236418

[51 rows x 30 columns]
csv file with predictions was saved to ../output/predictions_rf_shape_female_cropped_word_l2_39.csv
Visualization for: ../stimuli/words/mp4/word_l2_39.mp4
32
SYLLABLE ONSETS (IN FRAMES):
[15 26]
MAXIMA (IN FRAMES)
[ 6 19 31 34]
Syllable, frame number (mfa), frame number (onset)
t 15 19
R9 26 31
