python is /network/lustre/iss02/home/annahita.sarre/anaconda3/envs/myenv/bin/python
Loaded model: ../trained_models/model_rf_position_female_cropped.pkl
Loaded video: ../stimuli/words/mp4/word_l2_35.mp4
Extracting coordinates...
          fn_video frame_number   x_face0  ...  y_r_hand20  z_r_hand20  v_r_hand20
0   word_l2_35.mp4            1  0.494388  ...    0.978284   -0.012886         0.0
1   word_l2_35.mp4            2  0.495056  ...    0.957160    0.027165         0.0
2   word_l2_35.mp4            3  0.494445  ...    0.930161    0.018381         0.0
3   word_l2_35.mp4            4  0.493920  ...    0.899030    0.025641         0.0
4   word_l2_35.mp4            5  0.494568  ...    0.871272    0.029503         0.0
5   word_l2_35.mp4            6  0.494379  ...    0.836762    0.024245         0.0
6   word_l2_35.mp4            7  0.494663  ...    0.819024    0.032517         0.0
7   word_l2_35.mp4            8  0.494974  ...    0.792358    0.024823         0.0
8   word_l2_35.mp4            9  0.495361  ...    0.769835    0.022477         0.0
9   word_l2_35.mp4           10  0.495083  ...    0.757457    0.031245         0.0
10  word_l2_35.mp4           11  0.495013  ...    0.739572    0.034374         0.0
11  word_l2_35.mp4           12  0.495447  ...    0.725316    0.032867         0.0
12  word_l2_35.mp4           13  0.495547  ...    0.712735    0.036570         0.0
13  word_l2_35.mp4           14  0.496201  ...    0.698787    0.033195         0.0
14  word_l2_35.mp4           15  0.496902  ...    0.685212    0.031104         0.0
15  word_l2_35.mp4           16  0.496773  ...    0.669442    0.029917         0.0
16  word_l2_35.mp4           17  0.496801  ...    0.650452    0.022717         0.0
17  word_l2_35.mp4           18  0.496089  ...    0.621830    0.005600         0.0
18  word_l2_35.mp4           19  0.495435  ...    0.588034   -0.007613         0.0
19  word_l2_35.mp4           20  0.495553  ...    0.571279   -0.014187         0.0
20  word_l2_35.mp4           21  0.495084  ...    0.564124   -0.023204         0.0
21  word_l2_35.mp4           22  0.494913  ...    0.557143   -0.029027         0.0
22  word_l2_35.mp4           23  0.494914  ...    0.554088   -0.031411         0.0
23  word_l2_35.mp4           24  0.494649  ...    0.553144   -0.023753         0.0
24  word_l2_35.mp4           25  0.494739  ...    0.556558   -0.028906         0.0
25  word_l2_35.mp4           26  0.495002  ...    0.569572   -0.021301         0.0
26  word_l2_35.mp4           27  0.494994  ...    0.670449   -0.000767         0.0
27  word_l2_35.mp4           28  0.494865  ...    0.695315    0.004670         0.0
28  word_l2_35.mp4           29  0.494910  ...    0.704642    0.004048         0.0
29  word_l2_35.mp4           30  0.495668  ...    0.707692    0.003254         0.0
30  word_l2_35.mp4           31  0.495471  ...    0.707435    0.004829         0.0
31  word_l2_35.mp4           32  0.495767  ...    0.705377    0.002536         0.0
32  word_l2_35.mp4           33  0.495665  ...    0.696646   -0.000547         0.0
33  word_l2_35.mp4           34  0.495377  ...    0.684374    0.015380         0.0
34  word_l2_35.mp4           35  0.495538  ...    0.675194    0.016146         0.0
35  word_l2_35.mp4           36  0.495749  ...    0.663806    0.019124         0.0
36  word_l2_35.mp4           37  0.495577  ...    0.654968    0.005757         0.0
37  word_l2_35.mp4           38  0.495514  ...    0.655052    0.010765         0.0
38  word_l2_35.mp4           39  0.495475  ...    0.652946    0.012773         0.0
39  word_l2_35.mp4           40  0.495015  ...    0.654413    0.010496         0.0
40  word_l2_35.mp4           41  0.494740  ...    0.653023    0.014031         0.0
41  word_l2_35.mp4           42  0.494730  ...    0.651757    0.011783         0.0
42  word_l2_35.mp4           43  0.494418  ...    0.651459    0.009807         0.0
43  word_l2_35.mp4           44  0.494095  ...    0.648205    0.013009         0.0
44  word_l2_35.mp4           45  0.494207  ...    0.652743    0.014336         0.0
45  word_l2_35.mp4           46  0.494233  ...    0.647085    0.017399         0.0
46  word_l2_35.mp4           47  0.493641  ...    0.651144    0.021182         0.0
47  word_l2_35.mp4           48  0.493923  ...    0.648736    0.011962         0.0
48  word_l2_35.mp4           49  0.493812  ...    0.654557    0.015319         0.0
49  word_l2_35.mp4           50  0.493693  ...    0.660311    0.015520         0.0
50  word_l2_35.mp4           51  0.493721  ...    0.657210    0.013658         0.0
51  word_l2_35.mp4           52  0.493879  ...    0.656780    0.006506         0.0
52  word_l2_35.mp4           53  0.493702  ...    0.668982    0.002054         0.0
53  word_l2_35.mp4           54  0.493660  ...    0.698669    0.005092         0.0
54  word_l2_35.mp4           55  0.493307  ...    0.713090    0.006185         0.0
55  word_l2_35.mp4           56  0.493624  ...    0.728122    0.006373         0.0
56  word_l2_35.mp4           57  0.493511  ...    0.744457    0.009188         0.0
57  word_l2_35.mp4           58  0.493240  ...    0.756579    0.020309         0.0
58  word_l2_35.mp4           59  0.493701  ...    0.773798    0.021805         0.0
59  word_l2_35.mp4           60  0.493886  ...    0.793319    0.023313         0.0

[60 rows x 1958 columns]
Extracting features...
Face width computed for normalizaiton 0.15608647029733783
Features saved to: ../output/word_l2_35_features.csv
          fn_video  ... distance_r_hand6_r_hand10
0   word_l2_35.mp4  ...                  0.199155
1   word_l2_35.mp4  ...                  0.227758
2   word_l2_35.mp4  ...                  0.233595
3   word_l2_35.mp4  ...                  0.224322
4   word_l2_35.mp4  ...                  0.202779
5   word_l2_35.mp4  ...                  0.207069
6   word_l2_35.mp4  ...                  0.199505
7   word_l2_35.mp4  ...                  0.199007
8   word_l2_35.mp4  ...                  0.189413
9   word_l2_35.mp4  ...                  0.187616
10  word_l2_35.mp4  ...                  0.190607
11  word_l2_35.mp4  ...                  0.180772
12  word_l2_35.mp4  ...                  0.169686
13  word_l2_35.mp4  ...                  0.182176
14  word_l2_35.mp4  ...                  0.180935
15  word_l2_35.mp4  ...                  0.165672
16  word_l2_35.mp4  ...                  0.157909
17  word_l2_35.mp4  ...                  0.151146
18  word_l2_35.mp4  ...                  0.144916
19  word_l2_35.mp4  ...                  0.130715
20  word_l2_35.mp4  ...                  0.125566
21  word_l2_35.mp4  ...                  0.125293
22  word_l2_35.mp4  ...                  0.129334
23  word_l2_35.mp4  ...                  0.131899
24  word_l2_35.mp4  ...                  0.145038
25  word_l2_35.mp4  ...                  0.188438
26  word_l2_35.mp4  ...                  0.278746
27  word_l2_35.mp4  ...                  0.286445
28  word_l2_35.mp4  ...                  0.337253
29  word_l2_35.mp4  ...                  0.355132
30  word_l2_35.mp4  ...                  0.341341
31  word_l2_35.mp4  ...                  0.342403
32  word_l2_35.mp4  ...                  0.265837
33  word_l2_35.mp4  ...                  0.228532
34  word_l2_35.mp4  ...                  0.201051
35  word_l2_35.mp4  ...                  0.198262
36  word_l2_35.mp4  ...                  0.174894
37  word_l2_35.mp4  ...                  0.202211
38  word_l2_35.mp4  ...                  0.202832
39  word_l2_35.mp4  ...                  0.195323
40  word_l2_35.mp4  ...                  0.207905
41  word_l2_35.mp4  ...                  0.207369
42  word_l2_35.mp4  ...                  0.200724
43  word_l2_35.mp4  ...                  0.204129
44  word_l2_35.mp4  ...                  0.204991
45  word_l2_35.mp4  ...                  0.209240
46  word_l2_35.mp4  ...                  0.211292
47  word_l2_35.mp4  ...                  0.177500
48  word_l2_35.mp4  ...                  0.182279
49  word_l2_35.mp4  ...                  0.165567
50  word_l2_35.mp4  ...                  0.161733
51  word_l2_35.mp4  ...                  0.163881
52  word_l2_35.mp4  ...                  0.154346
53  word_l2_35.mp4  ...                  0.164744
54  word_l2_35.mp4  ...                  0.158838
55  word_l2_35.mp4  ...                  0.177191
56  word_l2_35.mp4  ...                  0.189945
57  word_l2_35.mp4  ...                  0.187783
58  word_l2_35.mp4  ...                  0.174215
59  word_l2_35.mp4  ...                  0.173717

[60 rows x 30 columns]
csv file with predictions was saved to ../output/predictions_rf_position_female_cropped_word_l2_35.csv
Loaded model: ../trained_models/model_rf_shape_female_cropped.pkl
Loaded video: ../stimuli/words/mp4/word_l2_35.mp4
Extracting coordinates...
          fn_video frame_number   x_face0  ...  y_r_hand20  z_r_hand20  v_r_hand20
0   word_l2_35.mp4            1  0.494388  ...    0.978284   -0.012886         0.0
1   word_l2_35.mp4            2  0.495056  ...    0.957160    0.027165         0.0
2   word_l2_35.mp4            3  0.494445  ...    0.930161    0.018381         0.0
3   word_l2_35.mp4            4  0.493920  ...    0.899030    0.025641         0.0
4   word_l2_35.mp4            5  0.494568  ...    0.871272    0.029503         0.0
5   word_l2_35.mp4            6  0.494379  ...    0.836762    0.024245         0.0
6   word_l2_35.mp4            7  0.494663  ...    0.819024    0.032517         0.0
7   word_l2_35.mp4            8  0.494974  ...    0.792358    0.024823         0.0
8   word_l2_35.mp4            9  0.495361  ...    0.769835    0.022477         0.0
9   word_l2_35.mp4           10  0.495083  ...    0.757457    0.031245         0.0
10  word_l2_35.mp4           11  0.495013  ...    0.739572    0.034374         0.0
11  word_l2_35.mp4           12  0.495447  ...    0.725316    0.032867         0.0
12  word_l2_35.mp4           13  0.495547  ...    0.712735    0.036570         0.0
13  word_l2_35.mp4           14  0.496201  ...    0.698787    0.033195         0.0
14  word_l2_35.mp4           15  0.496902  ...    0.685212    0.031104         0.0
15  word_l2_35.mp4           16  0.496773  ...    0.669442    0.029917         0.0
16  word_l2_35.mp4           17  0.496801  ...    0.650452    0.022717         0.0
17  word_l2_35.mp4           18  0.496089  ...    0.621830    0.005600         0.0
18  word_l2_35.mp4           19  0.495435  ...    0.588034   -0.007613         0.0
19  word_l2_35.mp4           20  0.495553  ...    0.571279   -0.014187         0.0
20  word_l2_35.mp4           21  0.495084  ...    0.564124   -0.023204         0.0
21  word_l2_35.mp4           22  0.494913  ...    0.557143   -0.029027         0.0
22  word_l2_35.mp4           23  0.494914  ...    0.554088   -0.031411         0.0
23  word_l2_35.mp4           24  0.494649  ...    0.553144   -0.023753         0.0
24  word_l2_35.mp4           25  0.494739  ...    0.556558   -0.028906         0.0
25  word_l2_35.mp4           26  0.495002  ...    0.569572   -0.021301         0.0
26  word_l2_35.mp4           27  0.494994  ...    0.670449   -0.000767         0.0
27  word_l2_35.mp4           28  0.494865  ...    0.695315    0.004670         0.0
28  word_l2_35.mp4           29  0.494910  ...    0.704642    0.004048         0.0
29  word_l2_35.mp4           30  0.495668  ...    0.707692    0.003254         0.0
30  word_l2_35.mp4           31  0.495471  ...    0.707435    0.004829         0.0
31  word_l2_35.mp4           32  0.495767  ...    0.705377    0.002536         0.0
32  word_l2_35.mp4           33  0.495665  ...    0.696646   -0.000547         0.0
33  word_l2_35.mp4           34  0.495377  ...    0.684374    0.015380         0.0
34  word_l2_35.mp4           35  0.495538  ...    0.675194    0.016146         0.0
35  word_l2_35.mp4           36  0.495749  ...    0.663806    0.019124         0.0
36  word_l2_35.mp4           37  0.495577  ...    0.654968    0.005757         0.0
37  word_l2_35.mp4           38  0.495514  ...    0.655052    0.010765         0.0
38  word_l2_35.mp4           39  0.495475  ...    0.652946    0.012773         0.0
39  word_l2_35.mp4           40  0.495015  ...    0.654413    0.010496         0.0
40  word_l2_35.mp4           41  0.494740  ...    0.653023    0.014031         0.0
41  word_l2_35.mp4           42  0.494730  ...    0.651757    0.011783         0.0
42  word_l2_35.mp4           43  0.494418  ...    0.651459    0.009807         0.0
43  word_l2_35.mp4           44  0.494095  ...    0.648205    0.013009         0.0
44  word_l2_35.mp4           45  0.494207  ...    0.652743    0.014336         0.0
45  word_l2_35.mp4           46  0.494233  ...    0.647085    0.017399         0.0
46  word_l2_35.mp4           47  0.493641  ...    0.651144    0.021182         0.0
47  word_l2_35.mp4           48  0.493923  ...    0.648736    0.011962         0.0
48  word_l2_35.mp4           49  0.493812  ...    0.654557    0.015319         0.0
49  word_l2_35.mp4           50  0.493693  ...    0.660311    0.015520         0.0
50  word_l2_35.mp4           51  0.493721  ...    0.657210    0.013658         0.0
51  word_l2_35.mp4           52  0.493879  ...    0.656780    0.006506         0.0
52  word_l2_35.mp4           53  0.493702  ...    0.668982    0.002054         0.0
53  word_l2_35.mp4           54  0.493660  ...    0.698669    0.005092         0.0
54  word_l2_35.mp4           55  0.493307  ...    0.713090    0.006185         0.0
55  word_l2_35.mp4           56  0.493624  ...    0.728122    0.006373         0.0
56  word_l2_35.mp4           57  0.493511  ...    0.744457    0.009188         0.0
57  word_l2_35.mp4           58  0.493240  ...    0.756579    0.020309         0.0
58  word_l2_35.mp4           59  0.493701  ...    0.773798    0.021805         0.0
59  word_l2_35.mp4           60  0.493886  ...    0.793319    0.023313         0.0

[60 rows x 1958 columns]
Extracting features...
Face width computed for normalizaiton 0.15608647029733783
Features saved to: ../output/word_l2_35_features.csv
          fn_video  ... distance_r_hand6_r_hand10
0   word_l2_35.mp4  ...                  0.199155
1   word_l2_35.mp4  ...                  0.227758
2   word_l2_35.mp4  ...                  0.233595
3   word_l2_35.mp4  ...                  0.224322
4   word_l2_35.mp4  ...                  0.202779
5   word_l2_35.mp4  ...                  0.207069
6   word_l2_35.mp4  ...                  0.199505
7   word_l2_35.mp4  ...                  0.199007
8   word_l2_35.mp4  ...                  0.189413
9   word_l2_35.mp4  ...                  0.187616
10  word_l2_35.mp4  ...                  0.190607
11  word_l2_35.mp4  ...                  0.180772
12  word_l2_35.mp4  ...                  0.169686
13  word_l2_35.mp4  ...                  0.182176
14  word_l2_35.mp4  ...                  0.180935
15  word_l2_35.mp4  ...                  0.165672
16  word_l2_35.mp4  ...                  0.157909
17  word_l2_35.mp4  ...                  0.151146
18  word_l2_35.mp4  ...                  0.144916
19  word_l2_35.mp4  ...                  0.130715
20  word_l2_35.mp4  ...                  0.125566
21  word_l2_35.mp4  ...                  0.125293
22  word_l2_35.mp4  ...                  0.129334
23  word_l2_35.mp4  ...                  0.131899
24  word_l2_35.mp4  ...                  0.145038
25  word_l2_35.mp4  ...                  0.188438
26  word_l2_35.mp4  ...                  0.278746
27  word_l2_35.mp4  ...                  0.286445
28  word_l2_35.mp4  ...                  0.337253
29  word_l2_35.mp4  ...                  0.355132
30  word_l2_35.mp4  ...                  0.341341
31  word_l2_35.mp4  ...                  0.342403
32  word_l2_35.mp4  ...                  0.265837
33  word_l2_35.mp4  ...                  0.228532
34  word_l2_35.mp4  ...                  0.201051
35  word_l2_35.mp4  ...                  0.198262
36  word_l2_35.mp4  ...                  0.174894
37  word_l2_35.mp4  ...                  0.202211
38  word_l2_35.mp4  ...                  0.202832
39  word_l2_35.mp4  ...                  0.195323
40  word_l2_35.mp4  ...                  0.207905
41  word_l2_35.mp4  ...                  0.207369
42  word_l2_35.mp4  ...                  0.200724
43  word_l2_35.mp4  ...                  0.204129
44  word_l2_35.mp4  ...                  0.204991
45  word_l2_35.mp4  ...                  0.209240
46  word_l2_35.mp4  ...                  0.211292
47  word_l2_35.mp4  ...                  0.177500
48  word_l2_35.mp4  ...                  0.182279
49  word_l2_35.mp4  ...                  0.165567
50  word_l2_35.mp4  ...                  0.161733
51  word_l2_35.mp4  ...                  0.163881
52  word_l2_35.mp4  ...                  0.154346
53  word_l2_35.mp4  ...                  0.164744
54  word_l2_35.mp4  ...                  0.158838
55  word_l2_35.mp4  ...                  0.177191
56  word_l2_35.mp4  ...                  0.189945
57  word_l2_35.mp4  ...                  0.187783
58  word_l2_35.mp4  ...                  0.174215
59  word_l2_35.mp4  ...                  0.173717

[60 rows x 30 columns]
csv file with predictions was saved to ../output/predictions_rf_shape_female_cropped_word_l2_35.csv
Visualization for: ../stimuli/words/mp4/word_l2_35.mp4
32
SYLLABLE ONSETS (IN FRAMES):
[25 30 33]
MAXIMA (IN FRAMES)
[28 42 44]
Syllable, frame number (mfa), frame number (onset)
ta 25 28
l 30 42
k 33 44
!!!!!!!!!!!!!!!!!!!!!!!!!!!!!!!!!!!!!!!!!!!!!!!!!!!!!!!!!!!!!!!!!!!!!!!!!!!!!!!!!!!!!!!!!!!!!!!!!!!!
The video was successfully saved
The marked video was saved to: ../stimuli/words/mp4/word_l2_35.mp4
Figure was save to: ../figures/../stimuli/words/mp4/word_l2_35.mp4.png
