python is /network/lustre/iss02/home/annahita.sarre/anaconda3/envs/myenv/bin/python
Loaded model: ../trained_models/model_rf_position_female_cropped.pkl
Loaded video: ../stimuli/words/mp4/word_l2_07.mp4
Extracting coordinates...
          fn_video frame_number   x_face0  ...  y_r_hand20  z_r_hand20  v_r_hand20
0   word_l2_07.mp4            4  0.502602  ...    0.998942    0.035768         0.0
1   word_l2_07.mp4            5  0.502850  ...    0.996901    0.012265         0.0
2   word_l2_07.mp4            6  0.502790  ...    0.975832    0.017362         0.0
3   word_l2_07.mp4            7  0.503014  ...    0.950219    0.014822         0.0
4   word_l2_07.mp4            8  0.503310  ...    0.922992    0.026435         0.0
5   word_l2_07.mp4            9  0.503043  ...    0.901983    0.022580         0.0
6   word_l2_07.mp4           10  0.502985  ...    0.882091    0.021964         0.0
7   word_l2_07.mp4           11  0.502869  ...    0.861587    0.020286         0.0
8   word_l2_07.mp4           12  0.502715  ...    0.844287    0.019116         0.0
9   word_l2_07.mp4           13  0.502511  ...    0.823401    0.018088         0.0
10  word_l2_07.mp4           14  0.502170  ...    0.798892    0.012367         0.0
11  word_l2_07.mp4           15  0.502110  ...    0.773653    0.007219         0.0
12  word_l2_07.mp4           16  0.502343  ...    0.751188    0.003585         0.0
13  word_l2_07.mp4           17  0.502438  ...    0.729681    0.007121         0.0
14  word_l2_07.mp4           18  0.502024  ...    0.706560    0.003142         0.0
15  word_l2_07.mp4           19  0.501667  ...    0.689361    0.006455         0.0
16  word_l2_07.mp4           20  0.501840  ...    0.674978    0.009325         0.0
17  word_l2_07.mp4           21  0.502219  ...    0.667333    0.007332         0.0
18  word_l2_07.mp4           22  0.502696  ...    0.666295    0.010079         0.0
19  word_l2_07.mp4           23  0.502600  ...    0.663481    0.005685         0.0
20  word_l2_07.mp4           24  0.502840  ...    0.667702    0.002184         0.0
21  word_l2_07.mp4           25  0.502695  ...    0.686130   -0.006428         0.0
22  word_l2_07.mp4           26  0.502887  ...    0.701025   -0.004238         0.0
23  word_l2_07.mp4           27  0.503691  ...    0.703436   -0.004652         0.0
24  word_l2_07.mp4           28  0.504390  ...    0.708749   -0.003913         0.0
25  word_l2_07.mp4           29  0.504475  ...    0.709058   -0.005132         0.0
26  word_l2_07.mp4           30  0.504559  ...    0.706372   -0.007532         0.0
27  word_l2_07.mp4           31  0.504495  ...    0.703395   -0.005157         0.0
28  word_l2_07.mp4           32  0.504300  ...    0.697886   -0.006383         0.0
29  word_l2_07.mp4           33  0.504411  ...    0.693288   -0.005636         0.0
30  word_l2_07.mp4           34  0.504461  ...    0.690050   -0.006660         0.0
31  word_l2_07.mp4           35  0.504008  ...    0.693668   -0.003425         0.0
32  word_l2_07.mp4           36  0.504328  ...    0.695182   -0.004763         0.0
33  word_l2_07.mp4           37  0.504485  ...    0.697258   -0.003203         0.0
34  word_l2_07.mp4           38  0.504344  ...    0.696780   -0.004631         0.0
35  word_l2_07.mp4           39  0.504544  ...    0.698216   -0.004977         0.0
36  word_l2_07.mp4           40  0.504504  ...    0.696782   -0.004566         0.0
37  word_l2_07.mp4           41  0.503890  ...    0.696952   -0.004861         0.0
38  word_l2_07.mp4           42  0.503697  ...    0.696962   -0.003868         0.0
39  word_l2_07.mp4           43  0.502966  ...    0.700857   -0.007357         0.0
40  word_l2_07.mp4           44  0.502297  ...    0.704389   -0.007473         0.0
41  word_l2_07.mp4           45  0.502589  ...    0.706498   -0.006769         0.0
42  word_l2_07.mp4           46  0.502510  ...    0.706756   -0.007410         0.0
43  word_l2_07.mp4           47  0.502859  ...    0.707167   -0.007158         0.0
44  word_l2_07.mp4           48  0.502944  ...    0.708004   -0.007116         0.0
45  word_l2_07.mp4           49  0.502833  ...    0.708896   -0.000335         0.0
46  word_l2_07.mp4           50  0.502758  ...    0.708725    0.000401         0.0
47  word_l2_07.mp4           51  0.502812  ...    0.710638   -0.000144         0.0
48  word_l2_07.mp4           52  0.502864  ...    0.715660    0.006901         0.0
49  word_l2_07.mp4           53  0.502841  ...    0.719662    0.001768         0.0
50  word_l2_07.mp4           54  0.502745  ...    0.726093    0.004002         0.0
51  word_l2_07.mp4           55  0.503024  ...    0.733981    0.007503         0.0
52  word_l2_07.mp4           56  0.503052  ...    0.744223    0.009458         0.0
53  word_l2_07.mp4           57  0.502904  ...    0.754697    0.009912         0.0
54  word_l2_07.mp4           58  0.502691  ...    0.770142    0.010384         0.0
55  word_l2_07.mp4           59  0.502431  ...    0.787733    0.012587         0.0
56  word_l2_07.mp4           60  0.502405  ...    0.802356    0.014621         0.0

[57 rows x 1958 columns]
Extracting features...
Face width computed for normalizaiton 0.15723363784108946
Features saved to: ../output/word_l2_07_features.csv
          fn_video  ... distance_r_hand6_r_hand10
0   word_l2_07.mp4  ...                  0.083757
1   word_l2_07.mp4  ...                  0.194915
2   word_l2_07.mp4  ...                  0.199630
3   word_l2_07.mp4  ...                  0.188410
4   word_l2_07.mp4  ...                  0.187955
5   word_l2_07.mp4  ...                  0.184236
6   word_l2_07.mp4  ...                  0.183329
7   word_l2_07.mp4  ...                  0.167281
8   word_l2_07.mp4  ...                  0.161542
9   word_l2_07.mp4  ...                  0.148865
10  word_l2_07.mp4  ...                  0.149221
11  word_l2_07.mp4  ...                  0.123188
12  word_l2_07.mp4  ...                  0.126267
13  word_l2_07.mp4  ...                  0.127546
14  word_l2_07.mp4  ...                  0.124736
15  word_l2_07.mp4  ...                  0.133774
16  word_l2_07.mp4  ...                  0.121616
17  word_l2_07.mp4  ...                  0.127083
18  word_l2_07.mp4  ...                  0.138942
19  word_l2_07.mp4  ...                  0.144997
20  word_l2_07.mp4  ...                  0.200407
21  word_l2_07.mp4  ...                  0.348736
22  word_l2_07.mp4  ...                  0.415093
23  word_l2_07.mp4  ...                  0.389020
24  word_l2_07.mp4  ...                  0.384246
25  word_l2_07.mp4  ...                  0.401648
26  word_l2_07.mp4  ...                  0.399686
27  word_l2_07.mp4  ...                  0.397458
28  word_l2_07.mp4  ...                  0.402289
29  word_l2_07.mp4  ...                  0.377723
30  word_l2_07.mp4  ...                  0.371972
31  word_l2_07.mp4  ...                  0.361963
32  word_l2_07.mp4  ...                  0.367199
33  word_l2_07.mp4  ...                  0.359002
34  word_l2_07.mp4  ...                  0.356486
35  word_l2_07.mp4  ...                  0.361212
36  word_l2_07.mp4  ...                  0.358782
37  word_l2_07.mp4  ...                  0.349060
38  word_l2_07.mp4  ...                  0.349294
39  word_l2_07.mp4  ...                  0.349571
40  word_l2_07.mp4  ...                  0.349396
41  word_l2_07.mp4  ...                  0.357419
42  word_l2_07.mp4  ...                  0.348892
43  word_l2_07.mp4  ...                  0.364951
44  word_l2_07.mp4  ...                  0.359895
45  word_l2_07.mp4  ...                  0.354848
46  word_l2_07.mp4  ...                  0.335225
47  word_l2_07.mp4  ...                  0.269424
48  word_l2_07.mp4  ...                  0.243653
49  word_l2_07.mp4  ...                  0.236267
50  word_l2_07.mp4  ...                  0.236287
51  word_l2_07.mp4  ...                  0.233621
52  word_l2_07.mp4  ...                  0.215901
53  word_l2_07.mp4  ...                  0.212433
54  word_l2_07.mp4  ...                  0.222187
55  word_l2_07.mp4  ...                  0.247405
56  word_l2_07.mp4  ...                  0.244934

[57 rows x 30 columns]
csv file with predictions was saved to ../output/predictions_rf_position_female_cropped_word_l2_07.csv
Loaded model: ../trained_models/model_rf_shape_female_cropped.pkl
Loaded video: ../stimuli/words/mp4/word_l2_07.mp4
Extracting coordinates...
          fn_video frame_number   x_face0  ...  y_r_hand20  z_r_hand20  v_r_hand20
0   word_l2_07.mp4            4  0.502602  ...    0.998942    0.035768         0.0
1   word_l2_07.mp4            5  0.502850  ...    0.996901    0.012265         0.0
2   word_l2_07.mp4            6  0.502790  ...    0.975832    0.017362         0.0
3   word_l2_07.mp4            7  0.503014  ...    0.950219    0.014822         0.0
4   word_l2_07.mp4            8  0.503310  ...    0.922992    0.026435         0.0
5   word_l2_07.mp4            9  0.503043  ...    0.901983    0.022580         0.0
6   word_l2_07.mp4           10  0.502985  ...    0.882091    0.021964         0.0
7   word_l2_07.mp4           11  0.502869  ...    0.861587    0.020286         0.0
8   word_l2_07.mp4           12  0.502715  ...    0.844287    0.019116         0.0
9   word_l2_07.mp4           13  0.502511  ...    0.823401    0.018088         0.0
10  word_l2_07.mp4           14  0.502170  ...    0.798892    0.012367         0.0
11  word_l2_07.mp4           15  0.502110  ...    0.773653    0.007219         0.0
12  word_l2_07.mp4           16  0.502343  ...    0.751188    0.003585         0.0
13  word_l2_07.mp4           17  0.502438  ...    0.729681    0.007121         0.0
14  word_l2_07.mp4           18  0.502024  ...    0.706560    0.003142         0.0
15  word_l2_07.mp4           19  0.501667  ...    0.689361    0.006455         0.0
16  word_l2_07.mp4           20  0.501840  ...    0.674978    0.009325         0.0
17  word_l2_07.mp4           21  0.502219  ...    0.667333    0.007332         0.0
18  word_l2_07.mp4           22  0.502696  ...    0.666295    0.010079         0.0
19  word_l2_07.mp4           23  0.502600  ...    0.663481    0.005685         0.0
20  word_l2_07.mp4           24  0.502840  ...    0.667702    0.002184         0.0
21  word_l2_07.mp4           25  0.502695  ...    0.686130   -0.006428         0.0
22  word_l2_07.mp4           26  0.502887  ...    0.701025   -0.004238         0.0
23  word_l2_07.mp4           27  0.503691  ...    0.703436   -0.004652         0.0
24  word_l2_07.mp4           28  0.504390  ...    0.708749   -0.003913         0.0
25  word_l2_07.mp4           29  0.504475  ...    0.709058   -0.005132         0.0
26  word_l2_07.mp4           30  0.504559  ...    0.706372   -0.007532         0.0
27  word_l2_07.mp4           31  0.504495  ...    0.703395   -0.005157         0.0
28  word_l2_07.mp4           32  0.504300  ...    0.697886   -0.006383         0.0
29  word_l2_07.mp4           33  0.504411  ...    0.693288   -0.005636         0.0
30  word_l2_07.mp4           34  0.504461  ...    0.690050   -0.006660         0.0
31  word_l2_07.mp4           35  0.504008  ...    0.693668   -0.003425         0.0
32  word_l2_07.mp4           36  0.504328  ...    0.695182   -0.004763         0.0
33  word_l2_07.mp4           37  0.504485  ...    0.697258   -0.003203         0.0
34  word_l2_07.mp4           38  0.504344  ...    0.696780   -0.004631         0.0
35  word_l2_07.mp4           39  0.504544  ...    0.698216   -0.004977         0.0
36  word_l2_07.mp4           40  0.504504  ...    0.696782   -0.004566         0.0
37  word_l2_07.mp4           41  0.503890  ...    0.696952   -0.004861         0.0
38  word_l2_07.mp4           42  0.503697  ...    0.696962   -0.003868         0.0
39  word_l2_07.mp4           43  0.502966  ...    0.700857   -0.007357         0.0
40  word_l2_07.mp4           44  0.502297  ...    0.704389   -0.007473         0.0
41  word_l2_07.mp4           45  0.502589  ...    0.706498   -0.006769         0.0
42  word_l2_07.mp4           46  0.502510  ...    0.706756   -0.007410         0.0
43  word_l2_07.mp4           47  0.502859  ...    0.707167   -0.007158         0.0
44  word_l2_07.mp4           48  0.502944  ...    0.708004   -0.007116         0.0
45  word_l2_07.mp4           49  0.502833  ...    0.708896   -0.000335         0.0
46  word_l2_07.mp4           50  0.502758  ...    0.708725    0.000401         0.0
47  word_l2_07.mp4           51  0.502812  ...    0.710638   -0.000144         0.0
48  word_l2_07.mp4           52  0.502864  ...    0.715660    0.006901         0.0
49  word_l2_07.mp4           53  0.502841  ...    0.719662    0.001768         0.0
50  word_l2_07.mp4           54  0.502745  ...    0.726093    0.004002         0.0
51  word_l2_07.mp4           55  0.503024  ...    0.733981    0.007503         0.0
52  word_l2_07.mp4           56  0.503052  ...    0.744223    0.009458         0.0
53  word_l2_07.mp4           57  0.502904  ...    0.754697    0.009912         0.0
54  word_l2_07.mp4           58  0.502691  ...    0.770142    0.010384         0.0
55  word_l2_07.mp4           59  0.502431  ...    0.787733    0.012587         0.0
56  word_l2_07.mp4           60  0.502405  ...    0.802356    0.014621         0.0

[57 rows x 1958 columns]
Extracting features...
Face width computed for normalizaiton 0.15723363784108946
Features saved to: ../output/word_l2_07_features.csv
          fn_video  ... distance_r_hand6_r_hand10
0   word_l2_07.mp4  ...                  0.083757
1   word_l2_07.mp4  ...                  0.194915
2   word_l2_07.mp4  ...                  0.199630
3   word_l2_07.mp4  ...                  0.188410
4   word_l2_07.mp4  ...                  0.187955
5   word_l2_07.mp4  ...                  0.184236
6   word_l2_07.mp4  ...                  0.183329
7   word_l2_07.mp4  ...                  0.167281
8   word_l2_07.mp4  ...                  0.161542
9   word_l2_07.mp4  ...                  0.148865
10  word_l2_07.mp4  ...                  0.149221
11  word_l2_07.mp4  ...                  0.123188
12  word_l2_07.mp4  ...                  0.126267
13  word_l2_07.mp4  ...                  0.127546
14  word_l2_07.mp4  ...                  0.124736
15  word_l2_07.mp4  ...                  0.133774
16  word_l2_07.mp4  ...                  0.121616
17  word_l2_07.mp4  ...                  0.127083
18  word_l2_07.mp4  ...                  0.138942
19  word_l2_07.mp4  ...                  0.144997
20  word_l2_07.mp4  ...                  0.200407
21  word_l2_07.mp4  ...                  0.348736
22  word_l2_07.mp4  ...                  0.415093
23  word_l2_07.mp4  ...                  0.389020
24  word_l2_07.mp4  ...                  0.384246
25  word_l2_07.mp4  ...                  0.401648
26  word_l2_07.mp4  ...                  0.399686
27  word_l2_07.mp4  ...                  0.397458
28  word_l2_07.mp4  ...                  0.402289
29  word_l2_07.mp4  ...                  0.377723
30  word_l2_07.mp4  ...                  0.371972
31  word_l2_07.mp4  ...                  0.361963
32  word_l2_07.mp4  ...                  0.367199
33  word_l2_07.mp4  ...                  0.359002
34  word_l2_07.mp4  ...                  0.356486
35  word_l2_07.mp4  ...                  0.361212
36  word_l2_07.mp4  ...                  0.358782
37  word_l2_07.mp4  ...                  0.349060
38  word_l2_07.mp4  ...                  0.349294
39  word_l2_07.mp4  ...                  0.349571
40  word_l2_07.mp4  ...                  0.349396
41  word_l2_07.mp4  ...                  0.357419
42  word_l2_07.mp4  ...                  0.348892
43  word_l2_07.mp4  ...                  0.364951
44  word_l2_07.mp4  ...                  0.359895
45  word_l2_07.mp4  ...                  0.354848
46  word_l2_07.mp4  ...                  0.335225
47  word_l2_07.mp4  ...                  0.269424
48  word_l2_07.mp4  ...                  0.243653
49  word_l2_07.mp4  ...                  0.236267
50  word_l2_07.mp4  ...                  0.236287
51  word_l2_07.mp4  ...                  0.233621
52  word_l2_07.mp4  ...                  0.215901
53  word_l2_07.mp4  ...                  0.212433
54  word_l2_07.mp4  ...                  0.222187
55  word_l2_07.mp4  ...                  0.247405
56  word_l2_07.mp4  ...                  0.244934

[57 rows x 30 columns]
csv file with predictions was saved to ../output/predictions_rf_shape_female_cropped_word_l2_07.csv
Visualization for: ../stimuli/words/mp4/word_l2_07.mp4
32
SYLLABLE ONSETS (IN FRAMES):
[24]
MAXIMA (IN FRAMES)
[10 25 42 44]
Syllable, frame number (mfa), frame number (onset)
g 24 25
