python is /network/lustre/iss02/home/annahita.sarre/anaconda3/envs/myenv/bin/python
Loaded model: ../trained_models/model_rf_position_female_cropped.pkl
Loaded video: ../stimuli/words/mp4/word_l0_09.mp4
Extracting coordinates...
          fn_video frame_number   x_face0  ...  y_r_hand20  z_r_hand20  v_r_hand20
0   word_l0_09.mp4            1  0.498169  ...    0.958677    0.062535         0.0
1   word_l0_09.mp4            2  0.498557  ...    0.906659    0.033575         0.0
2   word_l0_09.mp4            3  0.498414  ...    0.887537    0.032197         0.0
3   word_l0_09.mp4            4  0.498507  ...    0.864531    0.036927         0.0
4   word_l0_09.mp4            5  0.498308  ...    0.833795    0.038021         0.0
5   word_l0_09.mp4            6  0.498051  ...    0.802884    0.039840         0.0
6   word_l0_09.mp4            7  0.498290  ...    0.781527    0.037355         0.0
7   word_l0_09.mp4            8  0.499329  ...    0.778092    0.021836         0.0
8   word_l0_09.mp4            9  0.499750  ...    0.758579    0.013581         0.0
9   word_l0_09.mp4           10  0.499786  ...    0.740156    0.010586         0.0
10  word_l0_09.mp4           11  0.499701  ...    0.728954    0.010380         0.0
11  word_l0_09.mp4           12  0.499910  ...    0.719752    0.010514         0.0
12  word_l0_09.mp4           13  0.499644  ...    0.713072    0.013938         0.0
13  word_l0_09.mp4           14  0.499536  ...    0.708713    0.010752         0.0
14  word_l0_09.mp4           15  0.499922  ...    0.706934    0.018498         0.0
15  word_l0_09.mp4           16  0.500778  ...    0.705147    0.016254         0.0
16  word_l0_09.mp4           17  0.501163  ...    0.703178    0.013835         0.0
17  word_l0_09.mp4           18  0.501438  ...    0.698299    0.007542         0.0
18  word_l0_09.mp4           19  0.501916  ...    0.691219    0.016137         0.0
19  word_l0_09.mp4           20  0.501823  ...    0.680011    0.039759         0.0
20  word_l0_09.mp4           21  0.502336  ...    0.643191    0.036514         0.0
21  word_l0_09.mp4           22  0.501642  ...    0.621691    0.041359         0.0
22  word_l0_09.mp4           23  0.501423  ...    0.598552   -0.007222         0.0
23  word_l0_09.mp4           24  0.502056  ...    0.582731   -0.011080         0.0
24  word_l0_09.mp4           25  0.502106  ...    0.571280   -0.009341         0.0
25  word_l0_09.mp4           26  0.502402  ...    0.566505   -0.011416         0.0
26  word_l0_09.mp4           27  0.502762  ...    0.567169   -0.021202         0.0
27  word_l0_09.mp4           28  0.502799  ...    0.567684   -0.018514         0.0
28  word_l0_09.mp4           29  0.502592  ...    0.567461   -0.022753         0.0
29  word_l0_09.mp4           30  0.502487  ...    0.567147   -0.016887         0.0
30  word_l0_09.mp4           31  0.502041  ...    0.570752   -0.011548         0.0
31  word_l0_09.mp4           32  0.501467  ...    0.569709   -0.013495         0.0
32  word_l0_09.mp4           33  0.501453  ...    0.564831    0.001005         0.0
33  word_l0_09.mp4           34  0.500090  ...    0.567375   -0.010474         0.0
34  word_l0_09.mp4           35  0.500853  ...    0.569795   -0.008630         0.0
35  word_l0_09.mp4           36  0.500716  ...    0.573567   -0.010941         0.0
36  word_l0_09.mp4           37  0.502332  ...    0.575783   -0.014557         0.0
37  word_l0_09.mp4           38  0.502838  ...    0.575524   -0.013667         0.0
38  word_l0_09.mp4           39  0.502516  ...    0.575171   -0.017957         0.0
39  word_l0_09.mp4           40  0.501720  ...    0.574054   -0.014646         0.0
40  word_l0_09.mp4           41  0.501167  ...    0.574801   -0.015373         0.0
41  word_l0_09.mp4           42  0.501100  ...    0.574978   -0.019084         0.0
42  word_l0_09.mp4           43  0.500998  ...    0.575516   -0.021230         0.0
43  word_l0_09.mp4           44  0.500907  ...    0.574447   -0.018542         0.0
44  word_l0_09.mp4           45  0.500859  ...    0.581452   -0.020860         0.0
45  word_l0_09.mp4           46  0.500710  ...    0.592731   -0.019973         0.0
46  word_l0_09.mp4           47  0.500465  ...    0.623696    0.013918         0.0
47  word_l0_09.mp4           48  0.500661  ...    0.680580    0.006412         0.0
48  word_l0_09.mp4           49  0.500177  ...    0.690945    0.007354         0.0
49  word_l0_09.mp4           50  0.500536  ...    0.701631    0.009833         0.0
50  word_l0_09.mp4           51  0.500957  ...    0.714635    0.013080         0.0
51  word_l0_09.mp4           52  0.501371  ...    0.732511    0.010790         0.0
52  word_l0_09.mp4           53  0.501750  ...    0.748237    0.008062         0.0
53  word_l0_09.mp4           54  0.502255  ...    0.766807    0.010843         0.0
54  word_l0_09.mp4           55  0.502722  ...    0.790537    0.009862         0.0
55  word_l0_09.mp4           56  0.502852  ...    0.817394    0.013939         0.0
56  word_l0_09.mp4           57  0.502226  ...    0.848757    0.018865         0.0

[57 rows x 1958 columns]
Extracting features...
Face width computed for normalizaiton 0.15895707125964154
Features saved to: ../output/word_l0_09_features.csv
          fn_video  ... distance_r_hand6_r_hand10
0   word_l0_09.mp4  ...                  0.245058
1   word_l0_09.mp4  ...                  0.238643
2   word_l0_09.mp4  ...                  0.219450
3   word_l0_09.mp4  ...                  0.228082
4   word_l0_09.mp4  ...                  0.213557
5   word_l0_09.mp4  ...                  0.218003
6   word_l0_09.mp4  ...                  0.208388
7   word_l0_09.mp4  ...                  0.240477
8   word_l0_09.mp4  ...                  0.265472
9   word_l0_09.mp4  ...                  0.255117
10  word_l0_09.mp4  ...                  0.261190
11  word_l0_09.mp4  ...                  0.266593
12  word_l0_09.mp4  ...                  0.263877
13  word_l0_09.mp4  ...                  0.276840
14  word_l0_09.mp4  ...                  0.287556
15  word_l0_09.mp4  ...                  0.287489
16  word_l0_09.mp4  ...                  0.288457
17  word_l0_09.mp4  ...                  0.286337
18  word_l0_09.mp4  ...                  0.272520
19  word_l0_09.mp4  ...                  0.251439
20  word_l0_09.mp4  ...                  0.246161
21  word_l0_09.mp4  ...                  0.218013
22  word_l0_09.mp4  ...                  0.177882
23  word_l0_09.mp4  ...                  0.160006
24  word_l0_09.mp4  ...                  0.162693
25  word_l0_09.mp4  ...                  0.160959
26  word_l0_09.mp4  ...                  0.158201
27  word_l0_09.mp4  ...                  0.157687
28  word_l0_09.mp4  ...                  0.154749
29  word_l0_09.mp4  ...                  0.166629
30  word_l0_09.mp4  ...                  0.164122
31  word_l0_09.mp4  ...                  0.150375
32  word_l0_09.mp4  ...                  0.144824
33  word_l0_09.mp4  ...                  0.147819
34  word_l0_09.mp4  ...                  0.145386
35  word_l0_09.mp4  ...                  0.143251
36  word_l0_09.mp4  ...                  0.141528
37  word_l0_09.mp4  ...                  0.139038
38  word_l0_09.mp4  ...                  0.140331
39  word_l0_09.mp4  ...                  0.139963
40  word_l0_09.mp4  ...                  0.141014
41  word_l0_09.mp4  ...                  0.141809
42  word_l0_09.mp4  ...                  0.141978
43  word_l0_09.mp4  ...                  0.146799
44  word_l0_09.mp4  ...                  0.152299
45  word_l0_09.mp4  ...                  0.157081
46  word_l0_09.mp4  ...                  0.156994
47  word_l0_09.mp4  ...                  0.156480
48  word_l0_09.mp4  ...                  0.166886
49  word_l0_09.mp4  ...                  0.171875
50  word_l0_09.mp4  ...                  0.177837
51  word_l0_09.mp4  ...                  0.182876
52  word_l0_09.mp4  ...                  0.174950
53  word_l0_09.mp4  ...                  0.193601
54  word_l0_09.mp4  ...                  0.194923
55  word_l0_09.mp4  ...                  0.192595
56  word_l0_09.mp4  ...                  0.206653

[57 rows x 30 columns]
csv file with predictions was saved to ../output/predictions_rf_position_female_cropped_word_l0_09.csv
Loaded model: ../trained_models/model_rf_shape_female_cropped.pkl
Loaded video: ../stimuli/words/mp4/word_l0_09.mp4
Extracting coordinates...
          fn_video frame_number   x_face0  ...  y_r_hand20  z_r_hand20  v_r_hand20
0   word_l0_09.mp4            1  0.498169  ...    0.958677    0.062535         0.0
1   word_l0_09.mp4            2  0.498557  ...    0.906659    0.033575         0.0
2   word_l0_09.mp4            3  0.498414  ...    0.887537    0.032197         0.0
3   word_l0_09.mp4            4  0.498507  ...    0.864531    0.036927         0.0
4   word_l0_09.mp4            5  0.498308  ...    0.833795    0.038021         0.0
5   word_l0_09.mp4            6  0.498051  ...    0.802884    0.039840         0.0
6   word_l0_09.mp4            7  0.498290  ...    0.781527    0.037355         0.0
7   word_l0_09.mp4            8  0.499329  ...    0.778092    0.021836         0.0
8   word_l0_09.mp4            9  0.499750  ...    0.758579    0.013581         0.0
9   word_l0_09.mp4           10  0.499786  ...    0.740156    0.010586         0.0
10  word_l0_09.mp4           11  0.499701  ...    0.728954    0.010380         0.0
11  word_l0_09.mp4           12  0.499910  ...    0.719752    0.010514         0.0
12  word_l0_09.mp4           13  0.499644  ...    0.713072    0.013938         0.0
13  word_l0_09.mp4           14  0.499536  ...    0.708713    0.010752         0.0
14  word_l0_09.mp4           15  0.499922  ...    0.706934    0.018498         0.0
15  word_l0_09.mp4           16  0.500778  ...    0.705147    0.016254         0.0
16  word_l0_09.mp4           17  0.501163  ...    0.703178    0.013835         0.0
17  word_l0_09.mp4           18  0.501438  ...    0.698299    0.007542         0.0
18  word_l0_09.mp4           19  0.501916  ...    0.691219    0.016137         0.0
19  word_l0_09.mp4           20  0.501823  ...    0.680011    0.039759         0.0
20  word_l0_09.mp4           21  0.502336  ...    0.643191    0.036514         0.0
21  word_l0_09.mp4           22  0.501642  ...    0.621691    0.041359         0.0
22  word_l0_09.mp4           23  0.501423  ...    0.598552   -0.007222         0.0
23  word_l0_09.mp4           24  0.502056  ...    0.582731   -0.011080         0.0
24  word_l0_09.mp4           25  0.502106  ...    0.571280   -0.009341         0.0
25  word_l0_09.mp4           26  0.502402  ...    0.566505   -0.011416         0.0
26  word_l0_09.mp4           27  0.502762  ...    0.567169   -0.021202         0.0
27  word_l0_09.mp4           28  0.502799  ...    0.567684   -0.018514         0.0
28  word_l0_09.mp4           29  0.502592  ...    0.567461   -0.022753         0.0
29  word_l0_09.mp4           30  0.502487  ...    0.567147   -0.016887         0.0
30  word_l0_09.mp4           31  0.502041  ...    0.570752   -0.011548         0.0
31  word_l0_09.mp4           32  0.501467  ...    0.569709   -0.013495         0.0
32  word_l0_09.mp4           33  0.501453  ...    0.564831    0.001005         0.0
33  word_l0_09.mp4           34  0.500090  ...    0.567375   -0.010474         0.0
34  word_l0_09.mp4           35  0.500853  ...    0.569795   -0.008630         0.0
35  word_l0_09.mp4           36  0.500716  ...    0.573567   -0.010941         0.0
36  word_l0_09.mp4           37  0.502332  ...    0.575783   -0.014557         0.0
37  word_l0_09.mp4           38  0.502838  ...    0.575524   -0.013667         0.0
38  word_l0_09.mp4           39  0.502516  ...    0.575171   -0.017957         0.0
39  word_l0_09.mp4           40  0.501720  ...    0.574054   -0.014646         0.0
40  word_l0_09.mp4           41  0.501167  ...    0.574801   -0.015373         0.0
41  word_l0_09.mp4           42  0.501100  ...    0.574978   -0.019084         0.0
42  word_l0_09.mp4           43  0.500998  ...    0.575516   -0.021230         0.0
43  word_l0_09.mp4           44  0.500907  ...    0.574447   -0.018542         0.0
44  word_l0_09.mp4           45  0.500859  ...    0.581452   -0.020860         0.0
45  word_l0_09.mp4           46  0.500710  ...    0.592731   -0.019973         0.0
46  word_l0_09.mp4           47  0.500465  ...    0.623696    0.013918         0.0
47  word_l0_09.mp4           48  0.500661  ...    0.680580    0.006412         0.0
48  word_l0_09.mp4           49  0.500177  ...    0.690945    0.007354         0.0
49  word_l0_09.mp4           50  0.500536  ...    0.701631    0.009833         0.0
50  word_l0_09.mp4           51  0.500957  ...    0.714635    0.013080         0.0
51  word_l0_09.mp4           52  0.501371  ...    0.732511    0.010790         0.0
52  word_l0_09.mp4           53  0.501750  ...    0.748237    0.008062         0.0
53  word_l0_09.mp4           54  0.502255  ...    0.766807    0.010843         0.0
54  word_l0_09.mp4           55  0.502722  ...    0.790537    0.009862         0.0
55  word_l0_09.mp4           56  0.502852  ...    0.817394    0.013939         0.0
56  word_l0_09.mp4           57  0.502226  ...    0.848757    0.018865         0.0

[57 rows x 1958 columns]
Extracting features...
Face width computed for normalizaiton 0.15895707125964154
Features saved to: ../output/word_l0_09_features.csv
          fn_video  ... distance_r_hand6_r_hand10
0   word_l0_09.mp4  ...                  0.245058
1   word_l0_09.mp4  ...                  0.238643
2   word_l0_09.mp4  ...                  0.219450
3   word_l0_09.mp4  ...                  0.228082
4   word_l0_09.mp4  ...                  0.213557
5   word_l0_09.mp4  ...                  0.218003
6   word_l0_09.mp4  ...                  0.208388
7   word_l0_09.mp4  ...                  0.240477
8   word_l0_09.mp4  ...                  0.265472
9   word_l0_09.mp4  ...                  0.255117
10  word_l0_09.mp4  ...                  0.261190
11  word_l0_09.mp4  ...                  0.266593
12  word_l0_09.mp4  ...                  0.263877
13  word_l0_09.mp4  ...                  0.276840
14  word_l0_09.mp4  ...                  0.287556
15  word_l0_09.mp4  ...                  0.287489
16  word_l0_09.mp4  ...                  0.288457
17  word_l0_09.mp4  ...                  0.286337
18  word_l0_09.mp4  ...                  0.272520
19  word_l0_09.mp4  ...                  0.251439
20  word_l0_09.mp4  ...                  0.246161
21  word_l0_09.mp4  ...                  0.218013
22  word_l0_09.mp4  ...                  0.177882
23  word_l0_09.mp4  ...                  0.160006
24  word_l0_09.mp4  ...                  0.162693
25  word_l0_09.mp4  ...                  0.160959
26  word_l0_09.mp4  ...                  0.158201
27  word_l0_09.mp4  ...                  0.157687
28  word_l0_09.mp4  ...                  0.154749
29  word_l0_09.mp4  ...                  0.166629
30  word_l0_09.mp4  ...                  0.164122
31  word_l0_09.mp4  ...                  0.150375
32  word_l0_09.mp4  ...                  0.144824
33  word_l0_09.mp4  ...                  0.147819
34  word_l0_09.mp4  ...                  0.145386
35  word_l0_09.mp4  ...                  0.143251
36  word_l0_09.mp4  ...                  0.141528
37  word_l0_09.mp4  ...                  0.139038
38  word_l0_09.mp4  ...                  0.140331
39  word_l0_09.mp4  ...                  0.139963
40  word_l0_09.mp4  ...                  0.141014
41  word_l0_09.mp4  ...                  0.141809
42  word_l0_09.mp4  ...                  0.141978
43  word_l0_09.mp4  ...                  0.146799
44  word_l0_09.mp4  ...                  0.152299
45  word_l0_09.mp4  ...                  0.157081
46  word_l0_09.mp4  ...                  0.156994
47  word_l0_09.mp4  ...                  0.156480
48  word_l0_09.mp4  ...                  0.166886
49  word_l0_09.mp4  ...                  0.171875
50  word_l0_09.mp4  ...                  0.177837
51  word_l0_09.mp4  ...                  0.182876
52  word_l0_09.mp4  ...                  0.174950
53  word_l0_09.mp4  ...                  0.193601
54  word_l0_09.mp4  ...                  0.194923
55  word_l0_09.mp4  ...                  0.192595
56  word_l0_09.mp4  ...                  0.206653

[57 rows x 30 columns]
csv file with predictions was saved to ../output/predictions_rf_shape_female_cropped_word_l0_09.csv
Visualization for: ../stimuli/words/mp4/word_l0_09.mp4
32
SYLLABLE ONSETS (IN FRAMES):
[14 22 31]
MAXIMA (IN FRAMES)
[15 28 36 41]
Syllable, frame number (mfa), frame number (onset)
pa 14 15
na 22 28
ma 31 36
!!!!!!!!!!!!!!!!!!!!!!!!!!!!!!!!!!!!!!!!!!!!!!!!!!!!!!!!!!!!!!!!!!!!!!!!!!!!!!!!!!!!!!!!!!!!!!!!!!!!
The video was successfully saved
The marked video was saved to: ../stimuli/words/mp4/word_l0_09.mp4
Figure was save to: ../figures/../stimuli/words/mp4/word_l0_09.mp4.png
