python is /network/lustre/iss02/home/annahita.sarre/anaconda3/envs/myenv/bin/python
Loaded model: ../trained_models/model_rf_position_female_cropped.pkl
Loaded video: ../stimuli/words/mp4/word_h0_22.mp4
Extracting coordinates...
          fn_video frame_number   x_face0  ...  y_r_hand20  z_r_hand20  v_r_hand20
0   word_h0_22.mp4            1  0.499483  ...    0.900637    0.021256         0.0
1   word_h0_22.mp4            2  0.498591  ...    0.855487    0.035751         0.0
2   word_h0_22.mp4            3  0.498202  ...    0.824901    0.034966         0.0
3   word_h0_22.mp4            4  0.497854  ...    0.808192    0.028325         0.0
4   word_h0_22.mp4            5  0.497552  ...    0.783882    0.025108         0.0
..             ...          ...       ...  ...         ...         ...         ...
73  word_h0_22.mp4           74  0.499425  ...    0.742748    0.039258         0.0
74  word_h0_22.mp4           75  0.499871  ...    0.789376    0.072137         0.0
75  word_h0_22.mp4           76  0.499708  ...    0.815100    0.090602         0.0
76  word_h0_22.mp4           77  0.499856  ...    0.837295    0.059747         0.0
77  word_h0_22.mp4           78  0.500186  ...    0.864268    0.077352         0.0

[78 rows x 1958 columns]
Extracting features...
Face width computed for normalizaiton 0.16103919796333516
Features saved to: ../output/word_h0_22_features.csv
          fn_video  ... distance_r_hand6_r_hand10
0   word_h0_22.mp4  ...                  0.214525
1   word_h0_22.mp4  ...                  0.197480
2   word_h0_22.mp4  ...                  0.208856
3   word_h0_22.mp4  ...                  0.211874
4   word_h0_22.mp4  ...                  0.225251
..             ...  ...                       ...
73  word_h0_22.mp4  ...                  0.143152
74  word_h0_22.mp4  ...                  0.154063
75  word_h0_22.mp4  ...                  0.155131
76  word_h0_22.mp4  ...                  0.162736
77  word_h0_22.mp4  ...                  0.150092

[78 rows x 30 columns]
csv file with predictions was saved to ../output/predictions_rf_position_female_cropped_word_h0_22.csv
Loaded model: ../trained_models/model_rf_shape_female_cropped.pkl
Loaded video: ../stimuli/words/mp4/word_h0_22.mp4
Extracting coordinates...
          fn_video frame_number   x_face0  ...  y_r_hand20  z_r_hand20  v_r_hand20
0   word_h0_22.mp4            1  0.499483  ...    0.900637    0.021256         0.0
1   word_h0_22.mp4            2  0.498591  ...    0.855487    0.035751         0.0
2   word_h0_22.mp4            3  0.498202  ...    0.824901    0.034966         0.0
3   word_h0_22.mp4            4  0.497854  ...    0.808192    0.028325         0.0
4   word_h0_22.mp4            5  0.497552  ...    0.783882    0.025108         0.0
..             ...          ...       ...  ...         ...         ...         ...
73  word_h0_22.mp4           74  0.499425  ...    0.742748    0.039258         0.0
74  word_h0_22.mp4           75  0.499871  ...    0.789376    0.072137         0.0
75  word_h0_22.mp4           76  0.499708  ...    0.815100    0.090602         0.0
76  word_h0_22.mp4           77  0.499856  ...    0.837295    0.059747         0.0
77  word_h0_22.mp4           78  0.500186  ...    0.864268    0.077352         0.0

[78 rows x 1958 columns]
Extracting features...
Face width computed for normalizaiton 0.16103919796333516
Features saved to: ../output/word_h0_22_features.csv
          fn_video  ... distance_r_hand6_r_hand10
0   word_h0_22.mp4  ...                  0.214525
1   word_h0_22.mp4  ...                  0.197480
2   word_h0_22.mp4  ...                  0.208856
3   word_h0_22.mp4  ...                  0.211874
4   word_h0_22.mp4  ...                  0.225251
..             ...  ...                       ...
73  word_h0_22.mp4  ...                  0.143152
74  word_h0_22.mp4  ...                  0.154063
75  word_h0_22.mp4  ...                  0.155131
76  word_h0_22.mp4  ...                  0.162736
77  word_h0_22.mp4  ...                  0.150092

[78 rows x 30 columns]
csv file with predictions was saved to ../output/predictions_rf_shape_female_cropped_word_h0_22.csv
Visualization for: ../stimuli/words/mp4/word_h0_22.mp4
32
SYLLABLE ONSETS (IN FRAMES):
[15 46]
MAXIMA (IN FRAMES)
[18 40 52 54 65]
Syllable, frame number (mfa), frame number (onset)
pi 15 18
Za 46 40
