python is /network/lustre/iss02/home/annahita.sarre/anaconda3/envs/myenv/bin/python
Loaded model: ../trained_models/model_rf_position_female_cropped.pkl
Loaded video: ../stimuli/words/mp4/word_l0_01_pseudo.mp4
Extracting coordinates...
                 fn_video frame_number  ...  z_r_hand20  v_r_hand20
0   word_l0_01_pseudo.mp4            1  ...    0.043756         0.0
1   word_l0_01_pseudo.mp4            2  ...    0.036982         0.0
2   word_l0_01_pseudo.mp4            3  ...    0.048129         0.0
3   word_l0_01_pseudo.mp4            4  ...    0.048908         0.0
4   word_l0_01_pseudo.mp4            5  ...    0.037706         0.0
..                    ...          ...  ...         ...         ...
75  word_l0_01_pseudo.mp4           76  ...    0.016078         0.0
76  word_l0_01_pseudo.mp4           77  ...    0.015441         0.0
77  word_l0_01_pseudo.mp4           78  ...    0.018503         0.0
78  word_l0_01_pseudo.mp4           79  ...    0.022773         0.0
79  word_l0_01_pseudo.mp4           80  ...    0.023791         0.0

[80 rows x 1958 columns]
Extracting features...
Face width computed for normalizaiton 0.15999534810631272
Features saved to: ../output/word_l0_01_pseudo_features.csv
                 fn_video  ... distance_r_hand6_r_hand10
0   word_l0_01_pseudo.mp4  ...                  0.221776
1   word_l0_01_pseudo.mp4  ...                  0.203523
2   word_l0_01_pseudo.mp4  ...                  0.201468
3   word_l0_01_pseudo.mp4  ...                  0.197840
4   word_l0_01_pseudo.mp4  ...                  0.178232
..                    ...  ...                       ...
75  word_l0_01_pseudo.mp4  ...                  0.171742
76  word_l0_01_pseudo.mp4  ...                  0.178609
77  word_l0_01_pseudo.mp4  ...                  0.186419
78  word_l0_01_pseudo.mp4  ...                  0.178119
79  word_l0_01_pseudo.mp4  ...                  0.193417

[80 rows x 30 columns]
csv file with predictions was saved to ../output/predictions_rf_position_female_cropped_word_l0_01_pseudo.csv
Loaded model: ../trained_models/model_rf_shape_female_cropped.pkl
Loaded video: ../stimuli/words/mp4/word_l0_01_pseudo.mp4
Extracting coordinates...
                 fn_video frame_number  ...  z_r_hand20  v_r_hand20
0   word_l0_01_pseudo.mp4            1  ...    0.043756         0.0
1   word_l0_01_pseudo.mp4            2  ...    0.036982         0.0
2   word_l0_01_pseudo.mp4            3  ...    0.048129         0.0
3   word_l0_01_pseudo.mp4            4  ...    0.048908         0.0
4   word_l0_01_pseudo.mp4            5  ...    0.037706         0.0
..                    ...          ...  ...         ...         ...
75  word_l0_01_pseudo.mp4           76  ...    0.016078         0.0
76  word_l0_01_pseudo.mp4           77  ...    0.015441         0.0
77  word_l0_01_pseudo.mp4           78  ...    0.018503         0.0
78  word_l0_01_pseudo.mp4           79  ...    0.022773         0.0
79  word_l0_01_pseudo.mp4           80  ...    0.023791         0.0

[80 rows x 1958 columns]
Extracting features...
Face width computed for normalizaiton 0.15999534810631272
Features saved to: ../output/word_l0_01_pseudo_features.csv
                 fn_video  ... distance_r_hand6_r_hand10
0   word_l0_01_pseudo.mp4  ...                  0.221776
1   word_l0_01_pseudo.mp4  ...                  0.203523
2   word_l0_01_pseudo.mp4  ...                  0.201468
3   word_l0_01_pseudo.mp4  ...                  0.197840
4   word_l0_01_pseudo.mp4  ...                  0.178232
..                    ...  ...                       ...
75  word_l0_01_pseudo.mp4  ...                  0.171742
76  word_l0_01_pseudo.mp4  ...                  0.178609
77  word_l0_01_pseudo.mp4  ...                  0.186419
78  word_l0_01_pseudo.mp4  ...                  0.178119
79  word_l0_01_pseudo.mp4  ...                  0.193417

[80 rows x 30 columns]
csv file with predictions was saved to ../output/predictions_rf_shape_female_cropped_word_l0_01_pseudo.csv
Visualization for: ../stimuli/words/mp4/word_l0_01_pseudo.mp4
32
SYLLABLE ONSETS (IN FRAMES):
[]
MAXIMA (IN FRAMES)
[24 41 62]
Syllable, frame number (mfa), frame number (onset)
