python is /network/lustre/iss02/home/annahita.sarre/anaconda3/envs/myenv/bin/python
Loaded model: ../trained_models/model_rf_position_female_cropped.pkl
Loaded video: ../stimuli/words/mp4/word_h1_18.mp4
Extracting coordinates...
          fn_video frame_number   x_face0  ...  y_r_hand20  z_r_hand20  v_r_hand20
0   word_h1_18.mp4            1  0.498255  ...    0.996562    0.017894         0.0
1   word_h1_18.mp4            2  0.498324  ...    0.966004    0.034552         0.0
2   word_h1_18.mp4            3  0.498071  ...    0.942163    0.038221         0.0
3   word_h1_18.mp4            4  0.497785  ...    0.926608    0.027486         0.0
4   word_h1_18.mp4            5  0.498061  ...    0.911475    0.019845         0.0
..             ...          ...       ...  ...         ...         ...         ...
73  word_h1_18.mp4           74  0.497675  ...    0.750530    0.023040         0.0
74  word_h1_18.mp4           75  0.497777  ...    0.778069    0.023240         0.0
75  word_h1_18.mp4           76  0.498049  ...    0.786559    0.016408         0.0
76  word_h1_18.mp4           77  0.498141  ...    0.803488    0.018137         0.0
77  word_h1_18.mp4           78  0.498066  ...    0.816904    0.019565         0.0

[78 rows x 1958 columns]
Extracting features...
Face width computed for normalizaiton 0.16166994994298817
Features saved to: ../output/word_h1_18_features.csv
          fn_video  ... distance_r_hand6_r_hand10
0   word_h1_18.mp4  ...                  0.210376
1   word_h1_18.mp4  ...                  0.219864
2   word_h1_18.mp4  ...                  0.224663
3   word_h1_18.mp4  ...                  0.212339
4   word_h1_18.mp4  ...                  0.211845
..             ...  ...                       ...
73  word_h1_18.mp4  ...                  0.162873
74  word_h1_18.mp4  ...                  0.163717
75  word_h1_18.mp4  ...                  0.165041
76  word_h1_18.mp4  ...                  0.157331
77  word_h1_18.mp4  ...                  0.169025

[78 rows x 30 columns]
csv file with predictions was saved to ../output/predictions_rf_position_female_cropped_word_h1_18.csv
Loaded model: ../trained_models/model_rf_shape_female_cropped.pkl
Loaded video: ../stimuli/words/mp4/word_h1_18.mp4
Extracting coordinates...
          fn_video frame_number   x_face0  ...  y_r_hand20  z_r_hand20  v_r_hand20
0   word_h1_18.mp4            1  0.498255  ...    0.996562    0.017894         0.0
1   word_h1_18.mp4            2  0.498324  ...    0.966004    0.034552         0.0
2   word_h1_18.mp4            3  0.498071  ...    0.942163    0.038221         0.0
3   word_h1_18.mp4            4  0.497785  ...    0.926608    0.027486         0.0
4   word_h1_18.mp4            5  0.498061  ...    0.911475    0.019845         0.0
..             ...          ...       ...  ...         ...         ...         ...
73  word_h1_18.mp4           74  0.497675  ...    0.750530    0.023040         0.0
74  word_h1_18.mp4           75  0.497777  ...    0.778069    0.023240         0.0
75  word_h1_18.mp4           76  0.498049  ...    0.786559    0.016408         0.0
76  word_h1_18.mp4           77  0.498141  ...    0.803488    0.018137         0.0
77  word_h1_18.mp4           78  0.498066  ...    0.816904    0.019565         0.0

[78 rows x 1958 columns]
Extracting features...
Face width computed for normalizaiton 0.16166994994298817
Features saved to: ../output/word_h1_18_features.csv
          fn_video  ... distance_r_hand6_r_hand10
0   word_h1_18.mp4  ...                  0.210376
1   word_h1_18.mp4  ...                  0.219864
2   word_h1_18.mp4  ...                  0.224663
3   word_h1_18.mp4  ...                  0.212339
4   word_h1_18.mp4  ...                  0.211845
..             ...  ...                       ...
73  word_h1_18.mp4  ...                  0.162873
74  word_h1_18.mp4  ...                  0.163717
75  word_h1_18.mp4  ...                  0.165041
76  word_h1_18.mp4  ...                  0.157331
77  word_h1_18.mp4  ...                  0.169025

[78 rows x 30 columns]
csv file with predictions was saved to ../output/predictions_rf_shape_female_cropped_word_h1_18.csv
Visualization for: ../stimuli/words/mp4/word_h1_18.mp4
32
SYLLABLE ONSETS (IN FRAMES):
[26 37]
MAXIMA (IN FRAMES)
[21 28 46 63]
Syllable, frame number (mfa), frame number (onset)
y 26 28
mu 37 46
