python is /network/lustre/iss02/home/annahita.sarre/anaconda3/envs/myenv/bin/python
Loaded model: ../trained_models/model_rf_position_female_cropped.pkl
Loaded video: ../stimuli/words/mp4/word_h2_05_pseudo.mp4
Extracting coordinates...
                 fn_video frame_number  ...  z_r_hand20  v_r_hand20
0   word_h2_05_pseudo.mp4            1  ...    0.048228         0.0
1   word_h2_05_pseudo.mp4            2  ...    0.033268         0.0
2   word_h2_05_pseudo.mp4            3  ...    0.018344         0.0
3   word_h2_05_pseudo.mp4            4  ...    0.013720         0.0
4   word_h2_05_pseudo.mp4            5  ...    0.013374         0.0
5   word_h2_05_pseudo.mp4            6  ...    0.021868         0.0
6   word_h2_05_pseudo.mp4            7  ...    0.017881         0.0
7   word_h2_05_pseudo.mp4            8  ...    0.018410         0.0
8   word_h2_05_pseudo.mp4            9  ...    0.016985         0.0
9   word_h2_05_pseudo.mp4           10  ...    0.010600         0.0
10  word_h2_05_pseudo.mp4           11  ...    0.005545         0.0
11  word_h2_05_pseudo.mp4           12  ...    0.000102         0.0
12  word_h2_05_pseudo.mp4           13  ...    0.000315         0.0
13  word_h2_05_pseudo.mp4           14  ...    0.007398         0.0
14  word_h2_05_pseudo.mp4           15  ...    0.008482         0.0
15  word_h2_05_pseudo.mp4           16  ...    0.006410         0.0
16  word_h2_05_pseudo.mp4           17  ...    0.012386         0.0
17  word_h2_05_pseudo.mp4           18  ...    0.013734         0.0
18  word_h2_05_pseudo.mp4           19  ...    0.006390         0.0
19  word_h2_05_pseudo.mp4           20  ...    0.006454         0.0
20  word_h2_05_pseudo.mp4           21  ...    0.007138         0.0
21  word_h2_05_pseudo.mp4           22  ...   -0.017642         0.0
22  word_h2_05_pseudo.mp4           23  ...   -0.038856         0.0
23  word_h2_05_pseudo.mp4           24  ...   -0.026580         0.0
24  word_h2_05_pseudo.mp4           25  ...   -0.031731         0.0
25  word_h2_05_pseudo.mp4           26  ...   -0.037678         0.0
26  word_h2_05_pseudo.mp4           27  ...   -0.048395         0.0
27  word_h2_05_pseudo.mp4           28  ...   -0.041260         0.0
28  word_h2_05_pseudo.mp4           29  ...   -0.044392         0.0
29  word_h2_05_pseudo.mp4           30  ...   -0.026361         0.0
30  word_h2_05_pseudo.mp4           31  ...   -0.021504         0.0
31  word_h2_05_pseudo.mp4           32  ...   -0.028302         0.0
32  word_h2_05_pseudo.mp4           33  ...    0.009862         0.0
33  word_h2_05_pseudo.mp4           34  ...   -0.012489         0.0
34  word_h2_05_pseudo.mp4           35  ...   -0.014226         0.0
35  word_h2_05_pseudo.mp4           36  ...   -0.012411         0.0
36  word_h2_05_pseudo.mp4           37  ...   -0.008963         0.0
37  word_h2_05_pseudo.mp4           38  ...   -0.008165         0.0
38  word_h2_05_pseudo.mp4           39  ...   -0.009648         0.0
39  word_h2_05_pseudo.mp4           40  ...   -0.010231         0.0
40  word_h2_05_pseudo.mp4           41  ...   -0.010891         0.0
41  word_h2_05_pseudo.mp4           42  ...   -0.010598         0.0
42  word_h2_05_pseudo.mp4           43  ...   -0.010725         0.0
43  word_h2_05_pseudo.mp4           44  ...   -0.012151         0.0
44  word_h2_05_pseudo.mp4           45  ...   -0.010653         0.0
45  word_h2_05_pseudo.mp4           46  ...   -0.006459         0.0
46  word_h2_05_pseudo.mp4           47  ...    0.000040         0.0
47  word_h2_05_pseudo.mp4           48  ...   -0.004662         0.0
48  word_h2_05_pseudo.mp4           49  ...   -0.002658         0.0
49  word_h2_05_pseudo.mp4           50  ...    0.002266         0.0
50  word_h2_05_pseudo.mp4           51  ...    0.003756         0.0
51  word_h2_05_pseudo.mp4           52  ...    0.007577         0.0
52  word_h2_05_pseudo.mp4           53  ...    0.008601         0.0
53  word_h2_05_pseudo.mp4           54  ...    0.011689         0.0
54  word_h2_05_pseudo.mp4           55  ...    0.014450         0.0
55  word_h2_05_pseudo.mp4           56  ...    0.013553         0.0
56  word_h2_05_pseudo.mp4           57  ...    0.015259         0.0
57  word_h2_05_pseudo.mp4           58  ...    0.018977         0.0
58  word_h2_05_pseudo.mp4           59  ...    0.019917         0.0
59  word_h2_05_pseudo.mp4           60  ...    0.023663         0.0

[60 rows x 1958 columns]
Extracting features...
Face width computed for normalizaiton 0.16042729845036707
Features saved to: ../output/word_h2_05_pseudo_features.csv
                 fn_video  ... distance_r_hand6_r_hand10
0   word_h2_05_pseudo.mp4  ...                  0.293194
1   word_h2_05_pseudo.mp4  ...                  0.286482
2   word_h2_05_pseudo.mp4  ...                  0.228363
3   word_h2_05_pseudo.mp4  ...                  0.228350
4   word_h2_05_pseudo.mp4  ...                  0.226362
5   word_h2_05_pseudo.mp4  ...                  0.223410
6   word_h2_05_pseudo.mp4  ...                  0.214083
7   word_h2_05_pseudo.mp4  ...                  0.199780
8   word_h2_05_pseudo.mp4  ...                  0.194059
9   word_h2_05_pseudo.mp4  ...                  0.188153
10  word_h2_05_pseudo.mp4  ...                  0.176196
11  word_h2_05_pseudo.mp4  ...                  0.161975
12  word_h2_05_pseudo.mp4  ...                  0.155159
13  word_h2_05_pseudo.mp4  ...                  0.150325
14  word_h2_05_pseudo.mp4  ...                  0.155512
15  word_h2_05_pseudo.mp4  ...                  0.160895
16  word_h2_05_pseudo.mp4  ...                  0.184235
17  word_h2_05_pseudo.mp4  ...                  0.193877
18  word_h2_05_pseudo.mp4  ...                  0.192302
19  word_h2_05_pseudo.mp4  ...                  0.192089
20  word_h2_05_pseudo.mp4  ...                  0.199573
21  word_h2_05_pseudo.mp4  ...                  0.154624
22  word_h2_05_pseudo.mp4  ...                  0.204554
23  word_h2_05_pseudo.mp4  ...                  0.189148
24  word_h2_05_pseudo.mp4  ...                  0.158393
25  word_h2_05_pseudo.mp4  ...                  0.188076
26  word_h2_05_pseudo.mp4  ...                  0.201557
27  word_h2_05_pseudo.mp4  ...                  0.204516
28  word_h2_05_pseudo.mp4  ...                  0.214560
29  word_h2_05_pseudo.mp4  ...                  0.164213
30  word_h2_05_pseudo.mp4  ...                  0.199100
31  word_h2_05_pseudo.mp4  ...                  0.137187
32  word_h2_05_pseudo.mp4  ...                  0.170150
33  word_h2_05_pseudo.mp4  ...                  0.325192
34  word_h2_05_pseudo.mp4  ...                  0.386603
35  word_h2_05_pseudo.mp4  ...                  0.383634
36  word_h2_05_pseudo.mp4  ...                  0.382123
37  word_h2_05_pseudo.mp4  ...                  0.376775
38  word_h2_05_pseudo.mp4  ...                  0.376172
39  word_h2_05_pseudo.mp4  ...                  0.377791
40  word_h2_05_pseudo.mp4  ...                  0.382178
41  word_h2_05_pseudo.mp4  ...                  0.379678
42  word_h2_05_pseudo.mp4  ...                  0.380875
43  word_h2_05_pseudo.mp4  ...                  0.379677
44  word_h2_05_pseudo.mp4  ...                  0.386149
45  word_h2_05_pseudo.mp4  ...                  0.385899
46  word_h2_05_pseudo.mp4  ...                  0.368795
47  word_h2_05_pseudo.mp4  ...                  0.344033
48  word_h2_05_pseudo.mp4  ...                  0.297601
49  word_h2_05_pseudo.mp4  ...                  0.249960
50  word_h2_05_pseudo.mp4  ...                  0.245507
51  word_h2_05_pseudo.mp4  ...                  0.243918
52  word_h2_05_pseudo.mp4  ...                  0.236529
53  word_h2_05_pseudo.mp4  ...                  0.249913
54  word_h2_05_pseudo.mp4  ...                  0.243940
55  word_h2_05_pseudo.mp4  ...                  0.259321
56  word_h2_05_pseudo.mp4  ...                  0.296739
57  word_h2_05_pseudo.mp4  ...                  0.256710
58  word_h2_05_pseudo.mp4  ...                  0.268011
59  word_h2_05_pseudo.mp4  ...                  0.279147

[60 rows x 30 columns]
csv file with predictions was saved to ../output/predictions_rf_position_female_cropped_word_h2_05_pseudo.csv
Loaded model: ../trained_models/model_rf_shape_female_cropped.pkl
Loaded video: ../stimuli/words/mp4/word_h2_05_pseudo.mp4
Extracting coordinates...
                 fn_video frame_number  ...  z_r_hand20  v_r_hand20
0   word_h2_05_pseudo.mp4            1  ...    0.048228         0.0
1   word_h2_05_pseudo.mp4            2  ...    0.033268         0.0
2   word_h2_05_pseudo.mp4            3  ...    0.018344         0.0
3   word_h2_05_pseudo.mp4            4  ...    0.013720         0.0
4   word_h2_05_pseudo.mp4            5  ...    0.013374         0.0
5   word_h2_05_pseudo.mp4            6  ...    0.021868         0.0
6   word_h2_05_pseudo.mp4            7  ...    0.017881         0.0
7   word_h2_05_pseudo.mp4            8  ...    0.018410         0.0
8   word_h2_05_pseudo.mp4            9  ...    0.016985         0.0
9   word_h2_05_pseudo.mp4           10  ...    0.010600         0.0
10  word_h2_05_pseudo.mp4           11  ...    0.005545         0.0
11  word_h2_05_pseudo.mp4           12  ...    0.000102         0.0
12  word_h2_05_pseudo.mp4           13  ...    0.000315         0.0
13  word_h2_05_pseudo.mp4           14  ...    0.007398         0.0
14  word_h2_05_pseudo.mp4           15  ...    0.008482         0.0
15  word_h2_05_pseudo.mp4           16  ...    0.006410         0.0
16  word_h2_05_pseudo.mp4           17  ...    0.012386         0.0
17  word_h2_05_pseudo.mp4           18  ...    0.013734         0.0
18  word_h2_05_pseudo.mp4           19  ...    0.006390         0.0
19  word_h2_05_pseudo.mp4           20  ...    0.006454         0.0
20  word_h2_05_pseudo.mp4           21  ...    0.007138         0.0
21  word_h2_05_pseudo.mp4           22  ...   -0.017642         0.0
22  word_h2_05_pseudo.mp4           23  ...   -0.038856         0.0
23  word_h2_05_pseudo.mp4           24  ...   -0.026580         0.0
24  word_h2_05_pseudo.mp4           25  ...   -0.031731         0.0
25  word_h2_05_pseudo.mp4           26  ...   -0.037678         0.0
26  word_h2_05_pseudo.mp4           27  ...   -0.048395         0.0
27  word_h2_05_pseudo.mp4           28  ...   -0.041260         0.0
28  word_h2_05_pseudo.mp4           29  ...   -0.044392         0.0
29  word_h2_05_pseudo.mp4           30  ...   -0.026361         0.0
30  word_h2_05_pseudo.mp4           31  ...   -0.021504         0.0
31  word_h2_05_pseudo.mp4           32  ...   -0.028302         0.0
32  word_h2_05_pseudo.mp4           33  ...    0.009862         0.0
33  word_h2_05_pseudo.mp4           34  ...   -0.012489         0.0
34  word_h2_05_pseudo.mp4           35  ...   -0.014226         0.0
35  word_h2_05_pseudo.mp4           36  ...   -0.012411         0.0
36  word_h2_05_pseudo.mp4           37  ...   -0.008963         0.0
37  word_h2_05_pseudo.mp4           38  ...   -0.008165         0.0
38  word_h2_05_pseudo.mp4           39  ...   -0.009648         0.0
39  word_h2_05_pseudo.mp4           40  ...   -0.010231         0.0
40  word_h2_05_pseudo.mp4           41  ...   -0.010891         0.0
41  word_h2_05_pseudo.mp4           42  ...   -0.010598         0.0
42  word_h2_05_pseudo.mp4           43  ...   -0.010725         0.0
43  word_h2_05_pseudo.mp4           44  ...   -0.012151         0.0
44  word_h2_05_pseudo.mp4           45  ...   -0.010653         0.0
45  word_h2_05_pseudo.mp4           46  ...   -0.006459         0.0
46  word_h2_05_pseudo.mp4           47  ...    0.000040         0.0
47  word_h2_05_pseudo.mp4           48  ...   -0.004662         0.0
48  word_h2_05_pseudo.mp4           49  ...   -0.002658         0.0
49  word_h2_05_pseudo.mp4           50  ...    0.002266         0.0
50  word_h2_05_pseudo.mp4           51  ...    0.003756         0.0
51  word_h2_05_pseudo.mp4           52  ...    0.007577         0.0
52  word_h2_05_pseudo.mp4           53  ...    0.008601         0.0
53  word_h2_05_pseudo.mp4           54  ...    0.011689         0.0
54  word_h2_05_pseudo.mp4           55  ...    0.014450         0.0
55  word_h2_05_pseudo.mp4           56  ...    0.013553         0.0
56  word_h2_05_pseudo.mp4           57  ...    0.015259         0.0
57  word_h2_05_pseudo.mp4           58  ...    0.018977         0.0
58  word_h2_05_pseudo.mp4           59  ...    0.019917         0.0
59  word_h2_05_pseudo.mp4           60  ...    0.023663         0.0

[60 rows x 1958 columns]
Extracting features...
Face width computed for normalizaiton 0.16042729845036707
Features saved to: ../output/word_h2_05_pseudo_features.csv
                 fn_video  ... distance_r_hand6_r_hand10
0   word_h2_05_pseudo.mp4  ...                  0.293194
1   word_h2_05_pseudo.mp4  ...                  0.286482
2   word_h2_05_pseudo.mp4  ...                  0.228363
3   word_h2_05_pseudo.mp4  ...                  0.228350
4   word_h2_05_pseudo.mp4  ...                  0.226362
5   word_h2_05_pseudo.mp4  ...                  0.223410
6   word_h2_05_pseudo.mp4  ...                  0.214083
7   word_h2_05_pseudo.mp4  ...                  0.199780
8   word_h2_05_pseudo.mp4  ...                  0.194059
9   word_h2_05_pseudo.mp4  ...                  0.188153
10  word_h2_05_pseudo.mp4  ...                  0.176196
11  word_h2_05_pseudo.mp4  ...                  0.161975
12  word_h2_05_pseudo.mp4  ...                  0.155159
13  word_h2_05_pseudo.mp4  ...                  0.150325
14  word_h2_05_pseudo.mp4  ...                  0.155512
15  word_h2_05_pseudo.mp4  ...                  0.160895
16  word_h2_05_pseudo.mp4  ...                  0.184235
17  word_h2_05_pseudo.mp4  ...                  0.193877
18  word_h2_05_pseudo.mp4  ...                  0.192302
19  word_h2_05_pseudo.mp4  ...                  0.192089
20  word_h2_05_pseudo.mp4  ...                  0.199573
21  word_h2_05_pseudo.mp4  ...                  0.154624
22  word_h2_05_pseudo.mp4  ...                  0.204554
23  word_h2_05_pseudo.mp4  ...                  0.189148
24  word_h2_05_pseudo.mp4  ...                  0.158393
25  word_h2_05_pseudo.mp4  ...                  0.188076
26  word_h2_05_pseudo.mp4  ...                  0.201557
27  word_h2_05_pseudo.mp4  ...                  0.204516
28  word_h2_05_pseudo.mp4  ...                  0.214560
29  word_h2_05_pseudo.mp4  ...                  0.164213
30  word_h2_05_pseudo.mp4  ...                  0.199100
31  word_h2_05_pseudo.mp4  ...                  0.137187
32  word_h2_05_pseudo.mp4  ...                  0.170150
33  word_h2_05_pseudo.mp4  ...                  0.325192
34  word_h2_05_pseudo.mp4  ...                  0.386603
35  word_h2_05_pseudo.mp4  ...                  0.383634
36  word_h2_05_pseudo.mp4  ...                  0.382123
37  word_h2_05_pseudo.mp4  ...                  0.376775
38  word_h2_05_pseudo.mp4  ...                  0.376172
39  word_h2_05_pseudo.mp4  ...                  0.377791
40  word_h2_05_pseudo.mp4  ...                  0.382178
41  word_h2_05_pseudo.mp4  ...                  0.379678
42  word_h2_05_pseudo.mp4  ...                  0.380875
43  word_h2_05_pseudo.mp4  ...                  0.379677
44  word_h2_05_pseudo.mp4  ...                  0.386149
45  word_h2_05_pseudo.mp4  ...                  0.385899
46  word_h2_05_pseudo.mp4  ...                  0.368795
47  word_h2_05_pseudo.mp4  ...                  0.344033
48  word_h2_05_pseudo.mp4  ...                  0.297601
49  word_h2_05_pseudo.mp4  ...                  0.249960
50  word_h2_05_pseudo.mp4  ...                  0.245507
51  word_h2_05_pseudo.mp4  ...                  0.243918
52  word_h2_05_pseudo.mp4  ...                  0.236529
53  word_h2_05_pseudo.mp4  ...                  0.249913
54  word_h2_05_pseudo.mp4  ...                  0.243940
55  word_h2_05_pseudo.mp4  ...                  0.259321
56  word_h2_05_pseudo.mp4  ...                  0.296739
57  word_h2_05_pseudo.mp4  ...                  0.256710
58  word_h2_05_pseudo.mp4  ...                  0.268011
59  word_h2_05_pseudo.mp4  ...                  0.279147

[60 rows x 30 columns]
csv file with predictions was saved to ../output/predictions_rf_shape_female_cropped_word_h2_05_pseudo.csv
Visualization for: ../stimuli/words/mp4/word_h2_05_pseudo.mp4
32
SYLLABLE ONSETS (IN FRAMES):
[]
MAXIMA (IN FRAMES)
[18 27 41 45]
Syllable, frame number (mfa), frame number (onset)
