python is /network/lustre/iss02/home/annahita.sarre/anaconda3/envs/myenv/bin/python
Loaded model: ../trained_models/model_rf_position_female_cropped.pkl
Loaded video: ../stimuli/words/mp4/word_l2_23.mp4
Extracting coordinates...
          fn_video frame_number   x_face0  ...  y_r_hand20  z_r_hand20  v_r_hand20
0   word_l2_23.mp4            1  0.498875  ...    0.994853   -0.004107         0.0
1   word_l2_23.mp4            2  0.498533  ...    0.945956    0.009595         0.0
2   word_l2_23.mp4            3  0.498186  ...    0.894638    0.020723         0.0
3   word_l2_23.mp4            4  0.497690  ...    0.862551    0.015050         0.0
4   word_l2_23.mp4            5  0.497590  ...    0.829765    0.017385         0.0
5   word_l2_23.mp4            6  0.497584  ...    0.800907    0.029177         0.0
6   word_l2_23.mp4            7  0.497360  ...    0.802063    0.020663         0.0
7   word_l2_23.mp4            8  0.497271  ...    0.793685    0.023887         0.0
8   word_l2_23.mp4            9  0.497175  ...    0.777134    0.012588         0.0
9   word_l2_23.mp4           10  0.496872  ...    0.756395    0.011259         0.0
10  word_l2_23.mp4           11  0.497479  ...    0.739190    0.015570         0.0
11  word_l2_23.mp4           12  0.496985  ...    0.718723    0.008647         0.0
12  word_l2_23.mp4           13  0.496746  ...    0.698730    0.014494         0.0
13  word_l2_23.mp4           14  0.496619  ...    0.680653    0.032485         0.0
14  word_l2_23.mp4           15  0.496322  ...    0.661223    0.028109         0.0
15  word_l2_23.mp4           16  0.495824  ...    0.655573    0.029942         0.0
16  word_l2_23.mp4           17  0.495866  ...    0.649961    0.025837         0.0
17  word_l2_23.mp4           18  0.496261  ...    0.641136    0.028266         0.0
18  word_l2_23.mp4           19  0.496414  ...    0.568742    0.016520         0.0
19  word_l2_23.mp4           20  0.495864  ...    0.545855   -0.009273         0.0
20  word_l2_23.mp4           21  0.496102  ...    0.529086   -0.008348         0.0
21  word_l2_23.mp4           22  0.495837  ...    0.522043    0.005780         0.0
22  word_l2_23.mp4           23  0.495736  ...    0.524592   -0.002583         0.0
23  word_l2_23.mp4           24  0.495521  ...    0.526746   -0.000660         0.0
24  word_l2_23.mp4           25  0.495607  ...    0.532685    0.003236         0.0
25  word_l2_23.mp4           26  0.494139  ...    0.538726    0.002730         0.0
26  word_l2_23.mp4           27  0.494286  ...    0.543645   -0.000407         0.0
27  word_l2_23.mp4           28  0.494992  ...    0.550523    0.002533         0.0
28  word_l2_23.mp4           29  0.496218  ...    0.554039    0.015945         0.0
29  word_l2_23.mp4           30  0.496278  ...    0.555700    0.010371         0.0
30  word_l2_23.mp4           31  0.496059  ...    0.561251   -0.001783         0.0
31  word_l2_23.mp4           32  0.496312  ...    0.595957    0.007079         0.0
32  word_l2_23.mp4           33  0.497301  ...    0.658835   -0.000563         0.0
33  word_l2_23.mp4           34  0.498036  ...    0.666955    0.000675         0.0
34  word_l2_23.mp4           35  0.498605  ...    0.678672    0.003118         0.0
35  word_l2_23.mp4           36  0.499327  ...    0.681312    0.000072         0.0
36  word_l2_23.mp4           37  0.499343  ...    0.683133    0.000299         0.0
37  word_l2_23.mp4           38  0.499318  ...    0.680140   -0.002912         0.0
38  word_l2_23.mp4           39  0.499214  ...    0.684851    0.000610         0.0
39  word_l2_23.mp4           40  0.499422  ...    0.686707   -0.001597         0.0
40  word_l2_23.mp4           41  0.499199  ...    0.687881   -0.000696         0.0
41  word_l2_23.mp4           42  0.499028  ...    0.687338   -0.001435         0.0
42  word_l2_23.mp4           43  0.499575  ...    0.685281   -0.001443         0.0
43  word_l2_23.mp4           44  0.499306  ...    0.687423   -0.001609         0.0
44  word_l2_23.mp4           45  0.499572  ...    0.687043   -0.001875         0.0
45  word_l2_23.mp4           46  0.498871  ...    0.686512   -0.002939         0.0
46  word_l2_23.mp4           47  0.498934  ...    0.685540   -0.001721         0.0
47  word_l2_23.mp4           48  0.497852  ...    0.682552   -0.003543         0.0
48  word_l2_23.mp4           49  0.497581  ...    0.681637    0.001206         0.0
49  word_l2_23.mp4           50  0.497535  ...    0.674937    0.001087         0.0
50  word_l2_23.mp4           51  0.497529  ...    0.674514   -0.003496         0.0
51  word_l2_23.mp4           52  0.497250  ...    0.672611   -0.001583         0.0
52  word_l2_23.mp4           53  0.497218  ...    0.672710   -0.001138         0.0
53  word_l2_23.mp4           54  0.497448  ...    0.677512    0.001424         0.0
54  word_l2_23.mp4           55  0.497434  ...    0.676899    0.003991         0.0
55  word_l2_23.mp4           56  0.497419  ...    0.679482    0.005370         0.0
56  word_l2_23.mp4           57  0.497486  ...    0.680466    0.008055         0.0
57  word_l2_23.mp4           58  0.496870  ...    0.685922    0.006057         0.0
58  word_l2_23.mp4           59  0.497102  ...    0.695417    0.008489         0.0
59  word_l2_23.mp4           60  0.497079  ...    0.705239    0.007663         0.0

[60 rows x 1958 columns]
Extracting features...
Face width computed for normalizaiton 0.15665806381766298
Features saved to: ../output/word_l2_23_features.csv
          fn_video  ... distance_r_hand6_r_hand10
0   word_l2_23.mp4  ...                  0.180739
1   word_l2_23.mp4  ...                  0.219069
2   word_l2_23.mp4  ...                  0.201547
3   word_l2_23.mp4  ...                  0.199639
4   word_l2_23.mp4  ...                  0.208170
5   word_l2_23.mp4  ...                  0.202793
6   word_l2_23.mp4  ...                  0.177408
7   word_l2_23.mp4  ...                  0.168166
8   word_l2_23.mp4  ...                  0.161917
9   word_l2_23.mp4  ...                  0.158386
10  word_l2_23.mp4  ...                  0.162581
11  word_l2_23.mp4  ...                  0.156888
12  word_l2_23.mp4  ...                  0.150402
13  word_l2_23.mp4  ...                  0.152185
14  word_l2_23.mp4  ...                  0.150418
15  word_l2_23.mp4  ...                  0.160262
16  word_l2_23.mp4  ...                  0.157215
17  word_l2_23.mp4  ...                  0.162428
18  word_l2_23.mp4  ...                  0.143423
19  word_l2_23.mp4  ...                  0.156825
20  word_l2_23.mp4  ...                  0.168893
21  word_l2_23.mp4  ...                  0.165790
22  word_l2_23.mp4  ...                  0.151536
23  word_l2_23.mp4  ...                  0.150780
24  word_l2_23.mp4  ...                  0.152611
25  word_l2_23.mp4  ...                  0.148963
26  word_l2_23.mp4  ...                  0.149294
27  word_l2_23.mp4  ...                  0.146825
28  word_l2_23.mp4  ...                  0.159800
29  word_l2_23.mp4  ...                  0.173652
30  word_l2_23.mp4  ...                  0.162525
31  word_l2_23.mp4  ...                  0.190789
32  word_l2_23.mp4  ...                  0.277299
33  word_l2_23.mp4  ...                  0.320073
34  word_l2_23.mp4  ...                  0.322201
35  word_l2_23.mp4  ...                  0.323700
36  word_l2_23.mp4  ...                  0.321419
37  word_l2_23.mp4  ...                  0.315052
38  word_l2_23.mp4  ...                  0.312233
39  word_l2_23.mp4  ...                  0.304791
40  word_l2_23.mp4  ...                  0.310689
41  word_l2_23.mp4  ...                  0.315424
42  word_l2_23.mp4  ...                  0.319750
43  word_l2_23.mp4  ...                  0.323215
44  word_l2_23.mp4  ...                  0.329272
45  word_l2_23.mp4  ...                  0.335177
46  word_l2_23.mp4  ...                  0.331142
47  word_l2_23.mp4  ...                  0.338902
48  word_l2_23.mp4  ...                  0.326593
49  word_l2_23.mp4  ...                  0.295878
50  word_l2_23.mp4  ...                  0.268004
51  word_l2_23.mp4  ...                  0.263664
52  word_l2_23.mp4  ...                  0.257139
53  word_l2_23.mp4  ...                  0.254211
54  word_l2_23.mp4  ...                  0.247288
55  word_l2_23.mp4  ...                  0.243629
56  word_l2_23.mp4  ...                  0.238775
57  word_l2_23.mp4  ...                  0.238925
58  word_l2_23.mp4  ...                  0.235758
59  word_l2_23.mp4  ...                  0.232614

[60 rows x 30 columns]
csv file with predictions was saved to ../output/predictions_rf_position_female_cropped_word_l2_23.csv
Loaded model: ../trained_models/model_rf_shape_female_cropped.pkl
Loaded video: ../stimuli/words/mp4/word_l2_23.mp4
Extracting coordinates...
          fn_video frame_number   x_face0  ...  y_r_hand20  z_r_hand20  v_r_hand20
0   word_l2_23.mp4            1  0.498875  ...    0.994853   -0.004107         0.0
1   word_l2_23.mp4            2  0.498533  ...    0.945956    0.009595         0.0
2   word_l2_23.mp4            3  0.498186  ...    0.894638    0.020723         0.0
3   word_l2_23.mp4            4  0.497690  ...    0.862551    0.015050         0.0
4   word_l2_23.mp4            5  0.497590  ...    0.829765    0.017385         0.0
5   word_l2_23.mp4            6  0.497584  ...    0.800907    0.029177         0.0
6   word_l2_23.mp4            7  0.497360  ...    0.802063    0.020663         0.0
7   word_l2_23.mp4            8  0.497271  ...    0.793685    0.023887         0.0
8   word_l2_23.mp4            9  0.497175  ...    0.777134    0.012588         0.0
9   word_l2_23.mp4           10  0.496872  ...    0.756395    0.011259         0.0
10  word_l2_23.mp4           11  0.497479  ...    0.739190    0.015570         0.0
11  word_l2_23.mp4           12  0.496985  ...    0.718723    0.008647         0.0
12  word_l2_23.mp4           13  0.496746  ...    0.698730    0.014494         0.0
13  word_l2_23.mp4           14  0.496619  ...    0.680653    0.032485         0.0
14  word_l2_23.mp4           15  0.496322  ...    0.661223    0.028109         0.0
15  word_l2_23.mp4           16  0.495824  ...    0.655573    0.029942         0.0
16  word_l2_23.mp4           17  0.495866  ...    0.649961    0.025837         0.0
17  word_l2_23.mp4           18  0.496261  ...    0.641136    0.028266         0.0
18  word_l2_23.mp4           19  0.496414  ...    0.568742    0.016520         0.0
19  word_l2_23.mp4           20  0.495864  ...    0.545855   -0.009273         0.0
20  word_l2_23.mp4           21  0.496102  ...    0.529086   -0.008348         0.0
21  word_l2_23.mp4           22  0.495837  ...    0.522043    0.005780         0.0
22  word_l2_23.mp4           23  0.495736  ...    0.524592   -0.002583         0.0
23  word_l2_23.mp4           24  0.495521  ...    0.526746   -0.000660         0.0
24  word_l2_23.mp4           25  0.495607  ...    0.532685    0.003236         0.0
25  word_l2_23.mp4           26  0.494139  ...    0.538726    0.002730         0.0
26  word_l2_23.mp4           27  0.494286  ...    0.543645   -0.000407         0.0
27  word_l2_23.mp4           28  0.494992  ...    0.550523    0.002533         0.0
28  word_l2_23.mp4           29  0.496218  ...    0.554039    0.015945         0.0
29  word_l2_23.mp4           30  0.496278  ...    0.555700    0.010371         0.0
30  word_l2_23.mp4           31  0.496059  ...    0.561251   -0.001783         0.0
31  word_l2_23.mp4           32  0.496312  ...    0.595957    0.007079         0.0
32  word_l2_23.mp4           33  0.497301  ...    0.658835   -0.000563         0.0
33  word_l2_23.mp4           34  0.498036  ...    0.666955    0.000675         0.0
34  word_l2_23.mp4           35  0.498605  ...    0.678672    0.003118         0.0
35  word_l2_23.mp4           36  0.499327  ...    0.681312    0.000072         0.0
36  word_l2_23.mp4           37  0.499343  ...    0.683133    0.000299         0.0
37  word_l2_23.mp4           38  0.499318  ...    0.680140   -0.002912         0.0
38  word_l2_23.mp4           39  0.499214  ...    0.684851    0.000610         0.0
39  word_l2_23.mp4           40  0.499422  ...    0.686707   -0.001597         0.0
40  word_l2_23.mp4           41  0.499199  ...    0.687881   -0.000696         0.0
41  word_l2_23.mp4           42  0.499028  ...    0.687338   -0.001435         0.0
42  word_l2_23.mp4           43  0.499575  ...    0.685281   -0.001443         0.0
43  word_l2_23.mp4           44  0.499306  ...    0.687423   -0.001609         0.0
44  word_l2_23.mp4           45  0.499572  ...    0.687043   -0.001875         0.0
45  word_l2_23.mp4           46  0.498871  ...    0.686512   -0.002939         0.0
46  word_l2_23.mp4           47  0.498934  ...    0.685540   -0.001721         0.0
47  word_l2_23.mp4           48  0.497852  ...    0.682552   -0.003543         0.0
48  word_l2_23.mp4           49  0.497581  ...    0.681637    0.001206         0.0
49  word_l2_23.mp4           50  0.497535  ...    0.674937    0.001087         0.0
50  word_l2_23.mp4           51  0.497529  ...    0.674514   -0.003496         0.0
51  word_l2_23.mp4           52  0.497250  ...    0.672611   -0.001583         0.0
52  word_l2_23.mp4           53  0.497218  ...    0.672710   -0.001138         0.0
53  word_l2_23.mp4           54  0.497448  ...    0.677512    0.001424         0.0
54  word_l2_23.mp4           55  0.497434  ...    0.676899    0.003991         0.0
55  word_l2_23.mp4           56  0.497419  ...    0.679482    0.005370         0.0
56  word_l2_23.mp4           57  0.497486  ...    0.680466    0.008055         0.0
57  word_l2_23.mp4           58  0.496870  ...    0.685922    0.006057         0.0
58  word_l2_23.mp4           59  0.497102  ...    0.695417    0.008489         0.0
59  word_l2_23.mp4           60  0.497079  ...    0.705239    0.007663         0.0

[60 rows x 1958 columns]
Extracting features...
Face width computed for normalizaiton 0.15665806381766298
Features saved to: ../output/word_l2_23_features.csv
          fn_video  ... distance_r_hand6_r_hand10
0   word_l2_23.mp4  ...                  0.180739
1   word_l2_23.mp4  ...                  0.219069
2   word_l2_23.mp4  ...                  0.201547
3   word_l2_23.mp4  ...                  0.199639
4   word_l2_23.mp4  ...                  0.208170
5   word_l2_23.mp4  ...                  0.202793
6   word_l2_23.mp4  ...                  0.177408
7   word_l2_23.mp4  ...                  0.168166
8   word_l2_23.mp4  ...                  0.161917
9   word_l2_23.mp4  ...                  0.158386
10  word_l2_23.mp4  ...                  0.162581
11  word_l2_23.mp4  ...                  0.156888
12  word_l2_23.mp4  ...                  0.150402
13  word_l2_23.mp4  ...                  0.152185
14  word_l2_23.mp4  ...                  0.150418
15  word_l2_23.mp4  ...                  0.160262
16  word_l2_23.mp4  ...                  0.157215
17  word_l2_23.mp4  ...                  0.162428
18  word_l2_23.mp4  ...                  0.143423
19  word_l2_23.mp4  ...                  0.156825
20  word_l2_23.mp4  ...                  0.168893
21  word_l2_23.mp4  ...                  0.165790
22  word_l2_23.mp4  ...                  0.151536
23  word_l2_23.mp4  ...                  0.150780
24  word_l2_23.mp4  ...                  0.152611
25  word_l2_23.mp4  ...                  0.148963
26  word_l2_23.mp4  ...                  0.149294
27  word_l2_23.mp4  ...                  0.146825
28  word_l2_23.mp4  ...                  0.159800
29  word_l2_23.mp4  ...                  0.173652
30  word_l2_23.mp4  ...                  0.162525
31  word_l2_23.mp4  ...                  0.190789
32  word_l2_23.mp4  ...                  0.277299
33  word_l2_23.mp4  ...                  0.320073
34  word_l2_23.mp4  ...                  0.322201
35  word_l2_23.mp4  ...                  0.323700
36  word_l2_23.mp4  ...                  0.321419
37  word_l2_23.mp4  ...                  0.315052
38  word_l2_23.mp4  ...                  0.312233
39  word_l2_23.mp4  ...                  0.304791
40  word_l2_23.mp4  ...                  0.310689
41  word_l2_23.mp4  ...                  0.315424
42  word_l2_23.mp4  ...                  0.319750
43  word_l2_23.mp4  ...                  0.323215
44  word_l2_23.mp4  ...                  0.329272
45  word_l2_23.mp4  ...                  0.335177
46  word_l2_23.mp4  ...                  0.331142
47  word_l2_23.mp4  ...                  0.338902
48  word_l2_23.mp4  ...                  0.326593
49  word_l2_23.mp4  ...                  0.295878
50  word_l2_23.mp4  ...                  0.268004
51  word_l2_23.mp4  ...                  0.263664
52  word_l2_23.mp4  ...                  0.257139
53  word_l2_23.mp4  ...                  0.254211
54  word_l2_23.mp4  ...                  0.247288
55  word_l2_23.mp4  ...                  0.243629
56  word_l2_23.mp4  ...                  0.238775
57  word_l2_23.mp4  ...                  0.238925
58  word_l2_23.mp4  ...                  0.235758
59  word_l2_23.mp4  ...                  0.232614

[60 rows x 30 columns]
csv file with predictions was saved to ../output/predictions_rf_shape_female_cropped_word_l2_23.csv
Visualization for: ../stimuli/words/mp4/word_l2_23.mp4
32
SYLLABLE ONSETS (IN FRAMES):
[]
MAXIMA (IN FRAMES)
[20 26 43]
Syllable, frame number (mfa), frame number (onset)
