python is /network/lustre/iss02/home/annahita.sarre/anaconda3/envs/myenv/bin/python
Loaded model: ../trained_models/model_rf_position_female_cropped.pkl
Loaded video: ../stimuli/words/mp4/word_l1_40.mp4
Extracting coordinates...
          fn_video frame_number   x_face0  ...  y_r_hand20  z_r_hand20  v_r_hand20
0   word_l1_40.mp4           11  0.492271  ...    1.010866    0.021561         0.0
1   word_l1_40.mp4           12  0.491705  ...    0.970603    0.011532         0.0
2   word_l1_40.mp4           13  0.491510  ...    0.913882    0.044023         0.0
3   word_l1_40.mp4           14  0.491513  ...    0.874655    0.001349         0.0
4   word_l1_40.mp4           15  0.491386  ...    0.860892    0.027534         0.0
5   word_l1_40.mp4           16  0.491429  ...    0.834412    0.031438         0.0
6   word_l1_40.mp4           17  0.490880  ...    0.817648    0.060810         0.0
7   word_l1_40.mp4           18  0.490731  ...    0.796814    0.058985         0.0
8   word_l1_40.mp4           19  0.490923  ...    0.795485    0.063151         0.0
9   word_l1_40.mp4           20  0.491105  ...    0.797075    0.064842         0.0
10  word_l1_40.mp4           21  0.491266  ...    0.805080    0.075762         0.0
11  word_l1_40.mp4           22  0.491415  ...    0.809470    0.087425         0.0
12  word_l1_40.mp4           23  0.492063  ...    0.807974    0.094967         0.0
13  word_l1_40.mp4           24  0.493027  ...    0.809396    0.093261         0.0
14  word_l1_40.mp4           25  0.493317  ...    0.811851    0.097244         0.0
15  word_l1_40.mp4           26  0.493275  ...    0.813033    0.092624         0.0
16  word_l1_40.mp4           27  0.492962  ...    0.815292    0.090443         0.0
17  word_l1_40.mp4           28  0.493233  ...    0.809238    0.071760         0.0
18  word_l1_40.mp4           29  0.493321  ...    0.818268    0.052551         0.0
19  word_l1_40.mp4           30  0.493642  ...    0.833073    0.045866         0.0
20  word_l1_40.mp4           31  0.493558  ...    0.819574    0.049527         0.0
21  word_l1_40.mp4           32  0.493476  ...    0.807632    0.049012         0.0
22  word_l1_40.mp4           33  0.493901  ...    0.792491    0.027445         0.0
23  word_l1_40.mp4           34  0.493736  ...    0.778073    0.014226         0.0
24  word_l1_40.mp4           35  0.493650  ...    0.754954    0.007039         0.0
25  word_l1_40.mp4           36  0.493276  ...    0.733041   -0.004626         0.0
26  word_l1_40.mp4           37  0.493439  ...    0.716196    0.000234         0.0
27  word_l1_40.mp4           38  0.492608  ...    0.704410    0.006052         0.0
28  word_l1_40.mp4           39  0.492158  ...    0.691571    0.013382         0.0
29  word_l1_40.mp4           40  0.491887  ...    0.684155    0.021997         0.0
30  word_l1_40.mp4           41  0.491868  ...    0.681164    0.022022         0.0
31  word_l1_40.mp4           42  0.491973  ...    0.668423    0.026219         0.0
32  word_l1_40.mp4           43  0.491903  ...    0.635436    0.015411         0.0
33  word_l1_40.mp4           44  0.490900  ...    0.606788   -0.006024         0.0
34  word_l1_40.mp4           45  0.491276  ...    0.573710   -0.031555         0.0
35  word_l1_40.mp4           46  0.490472  ...    0.568860   -0.029752         0.0
36  word_l1_40.mp4           47  0.491769  ...    0.569587   -0.030449         0.0
37  word_l1_40.mp4           48  0.491270  ...    0.570987   -0.032781         0.0
38  word_l1_40.mp4           49  0.491093  ...    0.572337   -0.023408         0.0
39  word_l1_40.mp4           50  0.491121  ...    0.571240   -0.020925         0.0
40  word_l1_40.mp4           51  0.491053  ...    0.572760   -0.026008         0.0
41  word_l1_40.mp4           52  0.491246  ...    0.572898   -0.022309         0.0
42  word_l1_40.mp4           53  0.491864  ...    0.574208   -0.022772         0.0
43  word_l1_40.mp4           54  0.491554  ...    0.574015   -0.026000         0.0
44  word_l1_40.mp4           55  0.490959  ...    0.574834   -0.029228         0.0
45  word_l1_40.mp4           56  0.490624  ...    0.574487   -0.030669         0.0
46  word_l1_40.mp4           57  0.490494  ...    0.575522   -0.028936         0.0
47  word_l1_40.mp4           58  0.490439  ...    0.575971   -0.027007         0.0
48  word_l1_40.mp4           59  0.490488  ...    0.577477   -0.032448         0.0
49  word_l1_40.mp4           60  0.489950  ...    0.580858   -0.033130         0.0
50  word_l1_40.mp4           61  0.489950  ...    0.589358   -0.030337         0.0
51  word_l1_40.mp4           62  0.489893  ...    0.606236   -0.001771         0.0
52  word_l1_40.mp4           63  0.489967  ...    0.632302    0.014350         0.0
53  word_l1_40.mp4           64  0.490085  ...    0.687174    0.010949         0.0
54  word_l1_40.mp4           65  0.489971  ...    0.703268    0.010101         0.0
55  word_l1_40.mp4           66  0.489810  ...    0.714242    0.012466         0.0
56  word_l1_40.mp4           67  0.490048  ...    0.728281    0.012560         0.0

[57 rows x 1958 columns]
Extracting features...
Face width computed for normalizaiton 0.1546574567532978
Features saved to: ../output/word_l1_40_features.csv
          fn_video  ... distance_r_hand6_r_hand10
0   word_l1_40.mp4  ...                  0.079755
1   word_l1_40.mp4  ...                  0.114162
2   word_l1_40.mp4  ...                  0.149072
3   word_l1_40.mp4  ...                  0.162432
4   word_l1_40.mp4  ...                  0.174509
5   word_l1_40.mp4  ...                  0.173637
6   word_l1_40.mp4  ...                  0.172676
7   word_l1_40.mp4  ...                  0.164160
8   word_l1_40.mp4  ...                  0.163914
9   word_l1_40.mp4  ...                  0.159047
10  word_l1_40.mp4  ...                  0.152731
11  word_l1_40.mp4  ...                  0.158776
12  word_l1_40.mp4  ...                  0.154604
13  word_l1_40.mp4  ...                  0.152234
14  word_l1_40.mp4  ...                  0.159756
15  word_l1_40.mp4  ...                  0.165160
16  word_l1_40.mp4  ...                  0.168653
17  word_l1_40.mp4  ...                  0.195105
18  word_l1_40.mp4  ...                  0.199445
19  word_l1_40.mp4  ...                  0.197024
20  word_l1_40.mp4  ...                  0.188358
21  word_l1_40.mp4  ...                  0.194190
22  word_l1_40.mp4  ...                  0.178970
23  word_l1_40.mp4  ...                  0.180405
24  word_l1_40.mp4  ...                  0.139166
25  word_l1_40.mp4  ...                  0.129465
26  word_l1_40.mp4  ...                  0.142027
27  word_l1_40.mp4  ...                  0.138866
28  word_l1_40.mp4  ...                  0.160710
29  word_l1_40.mp4  ...                  0.177655
30  word_l1_40.mp4  ...                  0.162747
31  word_l1_40.mp4  ...                  0.173661
32  word_l1_40.mp4  ...                  0.150916
33  word_l1_40.mp4  ...                  0.148202
34  word_l1_40.mp4  ...                  0.141399
35  word_l1_40.mp4  ...                  0.132386
36  word_l1_40.mp4  ...                  0.135145
37  word_l1_40.mp4  ...                  0.136235
38  word_l1_40.mp4  ...                  0.135891
39  word_l1_40.mp4  ...                  0.139275
40  word_l1_40.mp4  ...                  0.137406
41  word_l1_40.mp4  ...                  0.136704
42  word_l1_40.mp4  ...                  0.135200
43  word_l1_40.mp4  ...                  0.136162
44  word_l1_40.mp4  ...                  0.137214
45  word_l1_40.mp4  ...                  0.138045
46  word_l1_40.mp4  ...                  0.138302
47  word_l1_40.mp4  ...                  0.139725
48  word_l1_40.mp4  ...                  0.141451
49  word_l1_40.mp4  ...                  0.145646
50  word_l1_40.mp4  ...                  0.151264
51  word_l1_40.mp4  ...                  0.158912
52  word_l1_40.mp4  ...                  0.157567
53  word_l1_40.mp4  ...                  0.158815
54  word_l1_40.mp4  ...                  0.152945
55  word_l1_40.mp4  ...                  0.160842
56  word_l1_40.mp4  ...                  0.168102

[57 rows x 30 columns]
csv file with predictions was saved to ../output/predictions_rf_position_female_cropped_word_l1_40.csv
Loaded model: ../trained_models/model_rf_shape_female_cropped.pkl
Loaded video: ../stimuli/words/mp4/word_l1_40.mp4
Extracting coordinates...
          fn_video frame_number   x_face0  ...  y_r_hand20  z_r_hand20  v_r_hand20
0   word_l1_40.mp4           11  0.492271  ...    1.010866    0.021561         0.0
1   word_l1_40.mp4           12  0.491705  ...    0.970603    0.011532         0.0
2   word_l1_40.mp4           13  0.491510  ...    0.913882    0.044023         0.0
3   word_l1_40.mp4           14  0.491513  ...    0.874655    0.001349         0.0
4   word_l1_40.mp4           15  0.491386  ...    0.860892    0.027534         0.0
5   word_l1_40.mp4           16  0.491429  ...    0.834412    0.031438         0.0
6   word_l1_40.mp4           17  0.490880  ...    0.817648    0.060810         0.0
7   word_l1_40.mp4           18  0.490731  ...    0.796814    0.058985         0.0
8   word_l1_40.mp4           19  0.490923  ...    0.795485    0.063151         0.0
9   word_l1_40.mp4           20  0.491105  ...    0.797075    0.064842         0.0
10  word_l1_40.mp4           21  0.491266  ...    0.805080    0.075762         0.0
11  word_l1_40.mp4           22  0.491415  ...    0.809470    0.087425         0.0
12  word_l1_40.mp4           23  0.492063  ...    0.807974    0.094967         0.0
13  word_l1_40.mp4           24  0.493027  ...    0.809396    0.093261         0.0
14  word_l1_40.mp4           25  0.493317  ...    0.811851    0.097244         0.0
15  word_l1_40.mp4           26  0.493275  ...    0.813033    0.092624         0.0
16  word_l1_40.mp4           27  0.492962  ...    0.815292    0.090443         0.0
17  word_l1_40.mp4           28  0.493233  ...    0.809238    0.071760         0.0
18  word_l1_40.mp4           29  0.493321  ...    0.818268    0.052551         0.0
19  word_l1_40.mp4           30  0.493642  ...    0.833073    0.045866         0.0
20  word_l1_40.mp4           31  0.493558  ...    0.819574    0.049527         0.0
21  word_l1_40.mp4           32  0.493476  ...    0.807632    0.049012         0.0
22  word_l1_40.mp4           33  0.493901  ...    0.792491    0.027445         0.0
23  word_l1_40.mp4           34  0.493736  ...    0.778073    0.014226         0.0
24  word_l1_40.mp4           35  0.493650  ...    0.754954    0.007039         0.0
25  word_l1_40.mp4           36  0.493276  ...    0.733041   -0.004626         0.0
26  word_l1_40.mp4           37  0.493439  ...    0.716196    0.000234         0.0
27  word_l1_40.mp4           38  0.492608  ...    0.704410    0.006052         0.0
28  word_l1_40.mp4           39  0.492158  ...    0.691571    0.013382         0.0
29  word_l1_40.mp4           40  0.491887  ...    0.684155    0.021997         0.0
30  word_l1_40.mp4           41  0.491868  ...    0.681164    0.022022         0.0
31  word_l1_40.mp4           42  0.491973  ...    0.668423    0.026219         0.0
32  word_l1_40.mp4           43  0.491903  ...    0.635436    0.015411         0.0
33  word_l1_40.mp4           44  0.490900  ...    0.606788   -0.006024         0.0
34  word_l1_40.mp4           45  0.491276  ...    0.573710   -0.031555         0.0
35  word_l1_40.mp4           46  0.490472  ...    0.568860   -0.029752         0.0
36  word_l1_40.mp4           47  0.491769  ...    0.569587   -0.030449         0.0
37  word_l1_40.mp4           48  0.491270  ...    0.570987   -0.032781         0.0
38  word_l1_40.mp4           49  0.491093  ...    0.572337   -0.023408         0.0
39  word_l1_40.mp4           50  0.491121  ...    0.571240   -0.020925         0.0
40  word_l1_40.mp4           51  0.491053  ...    0.572760   -0.026008         0.0
41  word_l1_40.mp4           52  0.491246  ...    0.572898   -0.022309         0.0
42  word_l1_40.mp4           53  0.491864  ...    0.574208   -0.022772         0.0
43  word_l1_40.mp4           54  0.491554  ...    0.574015   -0.026000         0.0
44  word_l1_40.mp4           55  0.490959  ...    0.574834   -0.029228         0.0
45  word_l1_40.mp4           56  0.490624  ...    0.574487   -0.030669         0.0
46  word_l1_40.mp4           57  0.490494  ...    0.575522   -0.028936         0.0
47  word_l1_40.mp4           58  0.490439  ...    0.575971   -0.027007         0.0
48  word_l1_40.mp4           59  0.490488  ...    0.577477   -0.032448         0.0
49  word_l1_40.mp4           60  0.489950  ...    0.580858   -0.033130         0.0
50  word_l1_40.mp4           61  0.489950  ...    0.589358   -0.030337         0.0
51  word_l1_40.mp4           62  0.489893  ...    0.606236   -0.001771         0.0
52  word_l1_40.mp4           63  0.489967  ...    0.632302    0.014350         0.0
53  word_l1_40.mp4           64  0.490085  ...    0.687174    0.010949         0.0
54  word_l1_40.mp4           65  0.489971  ...    0.703268    0.010101         0.0
55  word_l1_40.mp4           66  0.489810  ...    0.714242    0.012466         0.0
56  word_l1_40.mp4           67  0.490048  ...    0.728281    0.012560         0.0

[57 rows x 1958 columns]
Extracting features...
Face width computed for normalizaiton 0.1546574567532978
Features saved to: ../output/word_l1_40_features.csv
          fn_video  ... distance_r_hand6_r_hand10
0   word_l1_40.mp4  ...                  0.079755
1   word_l1_40.mp4  ...                  0.114162
2   word_l1_40.mp4  ...                  0.149072
3   word_l1_40.mp4  ...                  0.162432
4   word_l1_40.mp4  ...                  0.174509
5   word_l1_40.mp4  ...                  0.173637
6   word_l1_40.mp4  ...                  0.172676
7   word_l1_40.mp4  ...                  0.164160
8   word_l1_40.mp4  ...                  0.163914
9   word_l1_40.mp4  ...                  0.159047
10  word_l1_40.mp4  ...                  0.152731
11  word_l1_40.mp4  ...                  0.158776
12  word_l1_40.mp4  ...                  0.154604
13  word_l1_40.mp4  ...                  0.152234
14  word_l1_40.mp4  ...                  0.159756
15  word_l1_40.mp4  ...                  0.165160
16  word_l1_40.mp4  ...                  0.168653
17  word_l1_40.mp4  ...                  0.195105
18  word_l1_40.mp4  ...                  0.199445
19  word_l1_40.mp4  ...                  0.197024
20  word_l1_40.mp4  ...                  0.188358
21  word_l1_40.mp4  ...                  0.194190
22  word_l1_40.mp4  ...                  0.178970
23  word_l1_40.mp4  ...                  0.180405
24  word_l1_40.mp4  ...                  0.139166
25  word_l1_40.mp4  ...                  0.129465
26  word_l1_40.mp4  ...                  0.142027
27  word_l1_40.mp4  ...                  0.138866
28  word_l1_40.mp4  ...                  0.160710
29  word_l1_40.mp4  ...                  0.177655
30  word_l1_40.mp4  ...                  0.162747
31  word_l1_40.mp4  ...                  0.173661
32  word_l1_40.mp4  ...                  0.150916
33  word_l1_40.mp4  ...                  0.148202
34  word_l1_40.mp4  ...                  0.141399
35  word_l1_40.mp4  ...                  0.132386
36  word_l1_40.mp4  ...                  0.135145
37  word_l1_40.mp4  ...                  0.136235
38  word_l1_40.mp4  ...                  0.135891
39  word_l1_40.mp4  ...                  0.139275
40  word_l1_40.mp4  ...                  0.137406
41  word_l1_40.mp4  ...                  0.136704
42  word_l1_40.mp4  ...                  0.135200
43  word_l1_40.mp4  ...                  0.136162
44  word_l1_40.mp4  ...                  0.137214
45  word_l1_40.mp4  ...                  0.138045
46  word_l1_40.mp4  ...                  0.138302
47  word_l1_40.mp4  ...                  0.139725
48  word_l1_40.mp4  ...                  0.141451
49  word_l1_40.mp4  ...                  0.145646
50  word_l1_40.mp4  ...                  0.151264
51  word_l1_40.mp4  ...                  0.158912
52  word_l1_40.mp4  ...                  0.157567
53  word_l1_40.mp4  ...                  0.158815
54  word_l1_40.mp4  ...                  0.152945
55  word_l1_40.mp4  ...                  0.160842
56  word_l1_40.mp4  ...                  0.168102

[57 rows x 30 columns]
csv file with predictions was saved to ../output/predictions_rf_shape_female_cropped_word_l1_40.csv
Visualization for: ../stimuli/words/mp4/word_l1_40.mp4
32
SYLLABLE ONSETS (IN FRAMES):
[13 34 42]
MAXIMA (IN FRAMES)
[23 42 44 50 52 58]
Syllable, frame number (mfa), frame number (onset)
se 13 23
za 34 42
m 42 44
!!!!!!!!!!!!!!!!!!!!!!!!!!!!!!!!!!!!!!!!!!!!!!!!!!!!!!!!!!!!!!!!!!!!!!!!!!!!!!!!!!!!!!!!!!!!!!!!!!!!
The video was successfully saved
The marked video was saved to: ../stimuli/words/mp4/word_l1_40.mp4
Figure was save to: ../figures/../stimuli/words/mp4/word_l1_40.mp4.png
