python is /network/lustre/iss02/home/annahita.sarre/anaconda3/envs/myenv/bin/python
Loaded model: ../trained_models/model_rf_position_female_cropped.pkl
Loaded video: ../stimuli/words/mp4/word_h2_28.mp4
Extracting coordinates...
Extracting coordinates for: word_h2_28.mp4
Number of frames in video: 60
Extracting features...
Face width computed for normalizaiton 0.15948744434127762
Features saved to: ../output/word_h2_28_features.csv
csv file with predictions was saved to ../output/predictions_rf_position_female_cropped_word_h2_28.csv
Loaded model: ../trained_models/model_rf_shape_female_cropped.pkl
Loaded video: ../stimuli/words/mp4/word_h2_28.mp4
Extracting coordinates...
Extracting coordinates for: word_h2_28.mp4
Number of frames in video: 60
Extracting features...
Face width computed for normalizaiton 0.15948744434127762
Features saved to: ../output/word_h2_28_features.csv
csv file with predictions was saved to ../output/predictions_rf_shape_female_cropped_word_h2_28.csv
Visualization for: ../stimuli/words/mp4/word_h2_28.mp4
32
Number of syllabels: 3
['f', 'l9', 'R']
Stimulus: fleur
f: frame #15
l9: frame #23
R: frame #35
Event onsets saved to: ../stimuli/words/mp4/word_h2_28.mp4.events
Figure was save to: ../stimuli/words/mp4/word_h2_28.mp4.png
Visualization for: ../stimuli/words/mp4/word_h2_28.mp4
32
            event stimulus  frame_number
0  SYLLABLE ONSET        f             8
1  SYLLABLE ONSET       l9            24
2  SYLLABLE ONSET        R            41
The video was successfully saved
The marked video was saved to: ../stimuli/words/mp4/word_h2_28_marked_with_model_female_cropped.avi
