python is /network/lustre/iss02/home/annahita.sarre/anaconda3/envs/myenv/bin/python
Loaded model: ../trained_models/model_rf_position_female_cropped.pkl
Loaded video: ../stimuli/words/mp4/word_h2_17.mp4
Extracting coordinates...
Extracting coordinates for: word_h2_17.mp4
Number of frames in video: 66
Extracting features...
Face width computed for normalizaiton 0.16037425810320963
Features saved to: ../output/word_h2_17_features.csv
csv file with predictions was saved to ../output/predictions_rf_position_female_cropped_word_h2_17.csv
Loaded model: ../trained_models/model_rf_shape_female_cropped.pkl
Loaded video: ../stimuli/words/mp4/word_h2_17.mp4
Extracting coordinates...
Extracting coordinates for: word_h2_17.mp4
Number of frames in video: 66
Extracting features...
Face width computed for normalizaiton 0.16037425810320963
Features saved to: ../output/word_h2_17_features.csv
csv file with predictions was saved to ../output/predictions_rf_shape_female_cropped_word_h2_17.csv
Visualization for: ../stimuli/words/mp4/word_h2_17.mp4
32
Number of syllabels: 3
['s@', 'd', 'R']
Stimulus: cendre
s@: frame #24
d: frame #41
R: frame #47
Event onsets saved to: ../stimuli/words/mp4/word_h2_17.mp4.events
Figure was save to: ../stimuli/words/mp4/word_h2_17.mp4.png
Visualization for: ../stimuli/words/mp4/word_h2_17.mp4
32
            event stimulus  frame_number
0  SYLLABLE ONSET       s@            26
1  SYLLABLE ONSET        d            46
2  SYLLABLE ONSET        R            57
The video was successfully saved
The marked video was saved to: ../stimuli/words/mp4/word_h2_17_marked_with_model_female_cropped.avi
