python is /network/lustre/iss02/home/annahita.sarre/anaconda3/envs/myenv/bin/python
Loaded model: ../trained_models/model_rf_position_female_cropped.pkl
Loaded video: ../stimuli/words/mp4/word_h2_31.mp4
Extracting coordinates...
Extracting coordinates for: word_h2_31.mp4
Number of frames in video: 70
Extracting features...
Face width computed for normalizaiton 0.16078441483283437
Features saved to: ../output/word_h2_31_features.csv
csv file with predictions was saved to ../output/predictions_rf_position_female_cropped_word_h2_31.csv
Loaded model: ../trained_models/model_rf_shape_female_cropped.pkl
Loaded video: ../stimuli/words/mp4/word_h2_31.mp4
Extracting coordinates...
Extracting coordinates for: word_h2_31.mp4
Number of frames in video: 70
Extracting features...
Face width computed for normalizaiton 0.16078441483283437
Features saved to: ../output/word_h2_31_features.csv
csv file with predictions was saved to ../output/predictions_rf_shape_female_cropped_word_h2_31.csv
Visualization for: ../stimuli/words/mp4/word_h2_31.mp4
32
Number of syllabels: 3
['s', 'j@', 's']
Stimulus: science
s: frame #16
j@: frame #34
s: frame #44
Event onsets saved to: ../stimuli/words/mp4/word_h2_31.mp4.events
Figure was save to: ../stimuli/words/mp4/word_h2_31.mp4.png
Visualization for: ../stimuli/words/mp4/word_h2_31.mp4
32
            event stimulus  frame_number
0  SYLLABLE ONSET        s            14
1  SYLLABLE ONSET       j@            38
2  SYLLABLE ONSET        s            58
The video was successfully saved
The marked video was saved to: ../stimuli/words/mp4/word_h2_31_marked_with_model_female_cropped.avi
