python is /network/lustre/iss02/home/annahita.sarre/anaconda3/envs/myenv/bin/python
Loaded model: ../trained_models/model_rf_position_female_cropped.pkl
Loaded video: ../stimuli/words/mp4/word_h2_15.mp4
Extracting coordinates...
Extracting coordinates for: word_h2_15.mp4
Number of frames in video: 57
Extracting features...
Face width computed for normalizaiton 0.15961694022759423
Features saved to: ../output/word_h2_15_features.csv
csv file with predictions was saved to ../output/predictions_rf_position_female_cropped_word_h2_15.csv
Loaded model: ../trained_models/model_rf_shape_female_cropped.pkl
Loaded video: ../stimuli/words/mp4/word_h2_15.mp4
Extracting coordinates...
Extracting coordinates for: word_h2_15.mp4
Number of frames in video: 57
Extracting features...
Face width computed for normalizaiton 0.15961694022759423
Features saved to: ../output/word_h2_15_features.csv
csv file with predictions was saved to ../output/predictions_rf_shape_female_cropped_word_h2_15.csv
Visualization for: ../stimuli/words/mp4/word_h2_15.mp4
32
Number of syllabels: 3
['f', 'la', 'm']
Stimulus: flamme
f: frame #14
la: frame #22
m: frame #31
Event onsets saved to: ../stimuli/words/mp4/word_h2_15.mp4.events
Figure was save to: ../stimuli/words/mp4/word_h2_15.mp4.png
Visualization for: ../stimuli/words/mp4/word_h2_15.mp4
32
            event stimulus  frame_number
0  SYLLABLE ONSET        f            17
1  SYLLABLE ONSET       la            30
2  SYLLABLE ONSET        m            40
The video was successfully saved
The marked video was saved to: ../stimuli/words/mp4/word_h2_15_marked_with_model_female_cropped.avi
