python is /network/lustre/iss02/home/annahita.sarre/anaconda3/envs/myenv/bin/python
Loaded model: ../trained_models/model_rf_position_female_cropped.pkl
Loaded video: ../stimuli/words/mp4/word_h2_24.mp4
Extracting coordinates...
Extracting coordinates for: word_h2_24.mp4
Number of frames in video: 69
Extracting features...
Face width computed for normalizaiton 0.15866261555924127
Features saved to: ../output/word_h2_24_features.csv
csv file with predictions was saved to ../output/predictions_rf_position_female_cropped_word_h2_24.csv
Loaded model: ../trained_models/model_rf_shape_female_cropped.pkl
Loaded video: ../stimuli/words/mp4/word_h2_24.mp4
Extracting coordinates...
Extracting coordinates for: word_h2_24.mp4
Number of frames in video: 69
Extracting features...
Face width computed for normalizaiton 0.15866261555924127
Features saved to: ../output/word_h2_24_features.csv
csv file with predictions was saved to ../output/predictions_rf_shape_female_cropped_word_h2_24.csv
Visualization for: ../stimuli/words/mp4/word_h2_24.mp4
32
Number of syllabels: 3
['s', 'jE', 'l']
Stimulus: ciel
s: frame #35
jE: frame #36
l: frame #41
Event onsets saved to: ../stimuli/words/mp4/word_h2_24.mp4.events
Figure was save to: ../stimuli/words/mp4/word_h2_24.mp4.png
Visualization for: ../stimuli/words/mp4/word_h2_24.mp4
32
            event stimulus  frame_number
0  SYLLABLE ONSET        s            22
1  SYLLABLE ONSET       jE            38
2  SYLLABLE ONSET        l            56
The video was successfully saved
The marked video was saved to: ../stimuli/words/mp4/word_h2_24_marked_with_model_female_cropped.avi
