python is /network/lustre/iss02/home/annahita.sarre/anaconda3/envs/myenv/bin/python
Loaded model: ../trained_models/model_rf_position_female_cropped.pkl
Loaded video: ../stimuli/words/mp4/word_h1_31.mp4
Extracting coordinates...
Extracting coordinates for: word_h1_31.mp4
Number of frames in video: 72
Extracting features...
Face width computed for normalizaiton 0.15991170357888806
Features saved to: ../output/word_h1_31_features.csv
csv file with predictions was saved to ../output/predictions_rf_position_female_cropped_word_h1_31.csv
Loaded model: ../trained_models/model_rf_shape_female_cropped.pkl
Loaded video: ../stimuli/words/mp4/word_h1_31.mp4
Extracting coordinates...
Extracting coordinates for: word_h1_31.mp4
Number of frames in video: 72
Extracting features...
Face width computed for normalizaiton 0.15991170357888806
Features saved to: ../output/word_h1_31_features.csv
csv file with predictions was saved to ../output/predictions_rf_shape_female_cropped_word_h1_31.csv
Visualization for: ../stimuli/words/mp4/word_h1_31.mp4
32
Number of syllabels: 3
['sy', 'R', 'vi']
Stimulus: survie
sy: frame #10
R: frame #32
vi: frame #41
Event onsets saved to: ../stimuli/words/mp4/word_h1_31.mp4.events
Figure was save to: ../stimuli/words/mp4/word_h1_31.mp4.png
Visualization for: ../stimuli/words/mp4/word_h1_31.mp4
32
            event stimulus  frame_number
0  SYLLABLE ONSET       sy             8
1  SYLLABLE ONSET        R            29
2  SYLLABLE ONSET       vi            51
The video was successfully saved
The marked video was saved to: ../stimuli/words/mp4/word_h1_31_marked_with_model_female_cropped.avi
