python is /network/lustre/iss02/home/annahita.sarre/anaconda3/envs/myenv/bin/python
Loaded model: ../trained_models/model_rf_position_female_cropped.pkl
Loaded video: ../stimuli/words/mp4/word_h1_14.mp4
Extracting coordinates...
Extracting coordinates for: word_h1_14.mp4
Number of frames in video: 86
Extracting features...
Face width computed for normalizaiton 0.16202721793192174
Features saved to: ../output/word_h1_14_features.csv
csv file with predictions was saved to ../output/predictions_rf_position_female_cropped_word_h1_14.csv
Loaded model: ../trained_models/model_rf_shape_female_cropped.pkl
Loaded video: ../stimuli/words/mp4/word_h1_14.mp4
Extracting coordinates...
Extracting coordinates for: word_h1_14.mp4
Number of frames in video: 86
Extracting features...
Face width computed for normalizaiton 0.16202721793192174
Features saved to: ../output/word_h1_14_features.csv
csv file with predictions was saved to ../output/predictions_rf_shape_female_cropped_word_h1_14.csv
Visualization for: ../stimuli/words/mp4/word_h1_14.mp4
32
Number of syllabels: 3
['k', 'Re', 'di']
Stimulus: crédit
k: frame #25
Re: frame #28
di: frame #44
Event onsets saved to: ../stimuli/words/mp4/word_h1_14.mp4.events
Figure was save to: ../stimuli/words/mp4/word_h1_14.mp4.png
Visualization for: ../stimuli/words/mp4/word_h1_14.mp4
32
            event stimulus  frame_number
0  SYLLABLE ONSET        k            25
1  SYLLABLE ONSET       Re            44
2  SYLLABLE ONSET       di            68
The video was successfully saved
The marked video was saved to: ../stimuli/words/mp4/word_h1_14_marked_with_model_female_cropped.avi
