python is /network/lustre/iss02/home/annahita.sarre/anaconda3/envs/myenv/bin/python
Loaded model: ../trained_models/model_rf_position_female_cropped.pkl
Loaded video: ../stimuli/words/mp4/word_h0_04.mp4
Extracting coordinates...
Extracting coordinates for: word_h0_04.mp4
Number of frames in video: 74
Extracting features...
Face width computed for normalizaiton 0.16178090520738259
Features saved to: ../output/word_h0_04_features.csv
csv file with predictions was saved to ../output/predictions_rf_position_female_cropped_word_h0_04.csv
Loaded model: ../trained_models/model_rf_shape_female_cropped.pkl
Loaded video: ../stimuli/words/mp4/word_h0_04.mp4
Extracting coordinates...
Extracting coordinates for: word_h0_04.mp4
Number of frames in video: 74
Extracting features...
Face width computed for normalizaiton 0.16178090520738259
Features saved to: ../output/word_h0_04_features.csv
csv file with predictions was saved to ../output/predictions_rf_shape_female_cropped_word_h0_04.csv
Visualization for: ../stimuli/words/mp4/word_h0_04.mp4
32
Number of syllabels: 3
['ka', 'na', 'pe']
Stimulus: canapé
ka: frame #22
na: frame #31
pe: frame #45
Event onsets saved to: ../stimuli/words/mp4/word_h0_04.mp4.events
Figure was save to: ../stimuli/words/mp4/word_h0_04.mp4.png
Visualization for: ../stimuli/words/mp4/word_h0_04.mp4
32
            event stimulus  frame_number
0  SYLLABLE ONSET       ka            23
1  SYLLABLE ONSET       na            37
2  SYLLABLE ONSET       pe            42
The video was successfully saved
The marked video was saved to: ../stimuli/words/mp4/word_h0_04_marked_with_model_female_cropped.avi
