python is /network/lustre/iss02/home/annahita.sarre/anaconda3/envs/myenv/bin/python
Loaded model: ../trained_models/model_rf_position_female_cropped.pkl
Loaded video: ../stimuli/words/mp4/word_h1_30.mp4
Extracting coordinates...
Extracting coordinates for: word_h1_30.mp4
Number of frames in video: 74
Extracting features...
Face width computed for normalizaiton 0.15971508778301108
Features saved to: ../output/word_h1_30_features.csv
csv file with predictions was saved to ../output/predictions_rf_position_female_cropped_word_h1_30.csv
Loaded model: ../trained_models/model_rf_shape_female_cropped.pkl
Loaded video: ../stimuli/words/mp4/word_h1_30.mp4
Extracting coordinates...
Extracting coordinates for: word_h1_30.mp4
Number of frames in video: 74
Extracting features...
Face width computed for normalizaiton 0.15971508778301108
Features saved to: ../output/word_h1_30_features.csv
csv file with predictions was saved to ../output/predictions_rf_shape_female_cropped_word_h1_30.csv
Visualization for: ../stimuli/words/mp4/word_h1_30.mp4
32
Number of syllabels: 3
['5', 'di', 's']
Stimulus: indice
5: frame #16
di: frame #35
s: frame #46
Event onsets saved to: ../stimuli/words/mp4/word_h1_30.mp4.events
Figure was save to: ../stimuli/words/mp4/word_h1_30.mp4.png
Visualization for: ../stimuli/words/mp4/word_h1_30.mp4
32
            event stimulus  frame_number
0  SYLLABLE ONSET        5            14
1  SYLLABLE ONSET       di            38
2  SYLLABLE ONSET        s            59
The video was successfully saved
The marked video was saved to: ../stimuli/words/mp4/word_h1_30_marked_with_model_female_cropped.avi
