python is /network/lustre/iss02/home/annahita.sarre/anaconda3/envs/myenv/bin/python
Loaded model: ../trained_models/model_rf_position_female_cropped.pkl
Loaded video: ../stimuli/words/mp4/word_h2_34.mp4
Extracting coordinates...
Extracting coordinates for: word_h2_34.mp4
Number of frames in video: 59
Extracting features...
Face width computed for normalizaiton 0.16074141920459864
Features saved to: ../output/word_h2_34_features.csv
csv file with predictions was saved to ../output/predictions_rf_position_female_cropped_word_h2_34.csv
Loaded model: ../trained_models/model_rf_shape_female_cropped.pkl
Loaded video: ../stimuli/words/mp4/word_h2_34.mp4
Extracting coordinates...
Extracting coordinates for: word_h2_34.mp4
Number of frames in video: 59
Extracting features...
Face width computed for normalizaiton 0.16074141920459864
Features saved to: ../output/word_h2_34_features.csv
csv file with predictions was saved to ../output/predictions_rf_shape_female_cropped_word_h2_34.csv
Visualization for: ../stimuli/words/mp4/word_h2_34.mp4
32
Number of syllabels: 3
['ky', 'l', 't']
Stimulus: culte
ky: frame #21
l: frame #29
t: frame #34
Event onsets saved to: ../stimuli/words/mp4/word_h2_34.mp4.events
Figure was save to: ../stimuli/words/mp4/word_h2_34.mp4.png
Visualization for: ../stimuli/words/mp4/word_h2_34.mp4
32
            event stimulus  frame_number
0  SYLLABLE ONSET       ky            21
1  SYLLABLE ONSET        l            38
2  SYLLABLE ONSET        t            47
The video was successfully saved
The marked video was saved to: ../stimuli/words/mp4/word_h2_34_marked_with_model_female_cropped.avi
