python is /network/lustre/iss02/home/annahita.sarre/anaconda3/envs/myenv/bin/python
Loaded model: ../trained_models/model_rf_position_female_cropped.pkl
Loaded video: ../stimuli/words/mp4/word_l0_02.mp4
Extracting coordinates...
Extracting coordinates for: word_l0_02.mp4
Number of frames in video: 68
Extracting features...
Face width computed for normalizaiton 0.15781000943849352
Features saved to: ../output/word_l0_02_features.csv
csv file with predictions was saved to ../output/predictions_rf_position_female_cropped_word_l0_02.csv
Loaded model: ../trained_models/model_rf_shape_female_cropped.pkl
Loaded video: ../stimuli/words/mp4/word_l0_02.mp4
Extracting coordinates...
Extracting coordinates for: word_l0_02.mp4
Number of frames in video: 68
Extracting features...
Face width computed for normalizaiton 0.15781000943849352
Features saved to: ../output/word_l0_02_features.csv
csv file with predictions was saved to ../output/predictions_rf_shape_female_cropped_word_l0_02.csv
Visualization for: ../stimuli/words/mp4/word_l0_02.mp4
32
Number of syllabels: 3
['la', 'ti', 'no']
Stimulus: latino
la: frame #17
ti: frame #29
no: frame #42
Event onsets saved to: ../stimuli/words/mp4/word_l0_02.mp4.events
Figure was save to: ../stimuli/words/mp4/word_l0_02.mp4.png
Visualization for: ../stimuli/words/mp4/word_l0_02.mp4
32
            event stimulus  frame_number
0  SYLLABLE ONSET       la            21
1  SYLLABLE ONSET       ti            34
2  SYLLABLE ONSET       no            53
The video was successfully saved
The marked video was saved to: ../stimuli/words/mp4/word_l0_02_marked_with_model_female_cropped.avi
