python is /network/lustre/iss02/home/annahita.sarre/anaconda3/envs/myenv/bin/python
Loaded model: ../trained_models/model_rf_position_female_cropped.pkl
Loaded video: ../stimuli/words/mp4/word_h2_40.mp4
Extracting coordinates...
Extracting coordinates for: word_h2_40.mp4
Number of frames in video: 72
Extracting features...
Face width computed for normalizaiton 0.1560299406713848
Features saved to: ../output/word_h2_40_features.csv
csv file with predictions was saved to ../output/predictions_rf_position_female_cropped_word_h2_40.csv
Loaded model: ../trained_models/model_rf_shape_female_cropped.pkl
Loaded video: ../stimuli/words/mp4/word_h2_40.mp4
Extracting coordinates...
Extracting coordinates for: word_h2_40.mp4
Number of frames in video: 72
Extracting features...
Face width computed for normalizaiton 0.1560299406713848
Features saved to: ../output/word_h2_40_features.csv
csv file with predictions was saved to ../output/predictions_rf_shape_female_cropped_word_h2_40.csv
Visualization for: ../stimuli/words/mp4/word_h2_40.mp4
32
Number of syllabels: 3
['SE', 'v', 'R']
Stimulus: chèvre
SE: frame #24
v: frame #36
R: frame #43
Event onsets saved to: ../stimuli/words/mp4/word_h2_40.mp4.events
Figure was save to: ../stimuli/words/mp4/word_h2_40.mp4.png
Visualization for: ../stimuli/words/mp4/word_h2_40.mp4
32
            event stimulus  frame_number
0  SYLLABLE ONSET       SE            32
1  SYLLABLE ONSET        v            53
2  SYLLABLE ONSET        R            60
The video was successfully saved
The marked video was saved to: ../stimuli/words/mp4/word_h2_40_marked_with_model_female_cropped.avi
