python is /network/lustre/iss02/home/annahita.sarre/anaconda3/envs/myenv/bin/python
Loaded model: ../trained_models/model_rf_position_female_cropped.pkl
Loaded video: ../stimuli/words/mp4/word_h2_01.mp4
Extracting coordinates...
Extracting coordinates for: word_h2_01.mp4
Number of frames in video: 64
Extracting features...
Face width computed for normalizaiton 0.16131787758736355
Features saved to: ../output/word_h2_01_features.csv
csv file with predictions was saved to ../output/predictions_rf_position_female_cropped_word_h2_01.csv
Loaded model: ../trained_models/model_rf_shape_female_cropped.pkl
Loaded video: ../stimuli/words/mp4/word_h2_01.mp4
Extracting coordinates...
Extracting coordinates for: word_h2_01.mp4
Number of frames in video: 64
Extracting features...
Face width computed for normalizaiton 0.16131787758736355
Features saved to: ../output/word_h2_01_features.csv
csv file with predictions was saved to ../output/predictions_rf_shape_female_cropped_word_h2_01.csv
Visualization for: ../stimuli/words/mp4/word_h2_01.mp4
32
Number of syllabels: 3
['f', 'Ri', 'k']
Stimulus: fric
f: frame #19
Ri: frame #26
k: frame #39
Event onsets saved to: ../stimuli/words/mp4/word_h2_01.mp4.events
Figure was save to: ../stimuli/words/mp4/word_h2_01.mp4.png
Visualization for: ../stimuli/words/mp4/word_h2_01.mp4
32
            event stimulus  frame_number
0  SYLLABLE ONSET        f            19
1  SYLLABLE ONSET       Ri            33
2  SYLLABLE ONSET        k            51
The video was successfully saved
The marked video was saved to: ../stimuli/words/mp4/word_h2_01_marked_with_model_female_cropped.avi
