python is /network/lustre/iss02/home/annahita.sarre/anaconda3/envs/myenv/bin/python
Loaded model: ../trained_models/model_rf_position_female_cropped.pkl
Loaded video: ../stimuli/words/mp4/word_h1_37.mp4
Extracting coordinates...
Extracting coordinates for: word_h1_37.mp4
Number of frames in video: 72
Extracting features...
Face width computed for normalizaiton 0.16051978146986765
Features saved to: ../output/word_h1_37_features.csv
csv file with predictions was saved to ../output/predictions_rf_position_female_cropped_word_h1_37.csv
Loaded model: ../trained_models/model_rf_shape_female_cropped.pkl
Loaded video: ../stimuli/words/mp4/word_h1_37.mp4
Extracting coordinates...
Extracting coordinates for: word_h1_37.mp4
Number of frames in video: 72
Extracting features...
Face width computed for normalizaiton 0.16051978146986765
Features saved to: ../output/word_h1_37_features.csv
csv file with predictions was saved to ../output/predictions_rf_shape_female_cropped_word_h1_37.csv
Visualization for: ../stimuli/words/mp4/word_h1_37.mp4
32
Number of syllabels: 3
['p@', 'dy', 'l']
Stimulus: pendule
p@: frame #17
dy: frame #34
l: frame #50
Event onsets saved to: ../stimuli/words/mp4/word_h1_37.mp4.events
Figure was save to: ../stimuli/words/mp4/word_h1_37.mp4.png
Visualization for: ../stimuli/words/mp4/word_h1_37.mp4
32
            event stimulus  frame_number
0  SYLLABLE ONSET       p@            18
1  SYLLABLE ONSET       dy            38
2  SYLLABLE ONSET        l            58
The video was successfully saved
The marked video was saved to: ../stimuli/words/mp4/word_h1_37_marked_with_model_female_cropped.avi
