python is /network/lustre/iss02/home/annahita.sarre/anaconda3/envs/myenv/bin/python
Loaded model: ../trained_models/model_rf_position_female_cropped.pkl
Loaded video: ../stimuli/words/mp4/word_h0_10.mp4
Extracting coordinates...
Extracting coordinates for: word_h0_10.mp4
Number of frames in video: 86
Extracting features...
Face width computed for normalizaiton 0.16132258409378622
Features saved to: ../output/word_h0_10_features.csv
csv file with predictions was saved to ../output/predictions_rf_position_female_cropped_word_h0_10.csv
Loaded model: ../trained_models/model_rf_shape_female_cropped.pkl
Loaded video: ../stimuli/words/mp4/word_h0_10.mp4
Extracting coordinates...
Extracting coordinates for: word_h0_10.mp4
Number of frames in video: 86
Extracting features...
Face width computed for normalizaiton 0.16132258409378622
Features saved to: ../output/word_h0_10_features.csv
csv file with predictions was saved to ../output/predictions_rf_shape_female_cropped_word_h0_10.csv
Visualization for: ../stimuli/words/mp4/word_h0_10.mp4
32
Number of syllabels: 2
['ge', 'Ri', 'z§']
Stimulus: guérison
ge: frame #38
Ri: frame #58
Visualization for: ../stimuli/words/mp4/word_h0_10.mp4
32
            event stimulus  frame_number
0  SYLLABLE ONSET       ge            28
1  SYLLABLE ONSET       Ri            47
2  SYLLABLE ONSET       z§            61
The video was successfully saved
The marked video was saved to: ../stimuli/words/mp4/word_h0_10_marked_with_model_female_cropped.avi
