python is /network/lustre/iss02/home/annahita.sarre/anaconda3/envs/myenv/bin/python
Loaded model: ../trained_models/model_rf_position_female_cropped.pkl
Loaded video: ../stimuli/words/mp4/word_h2_30.mp4
Extracting coordinates...
Extracting coordinates for: word_h2_30.mp4
Number of frames in video: 64
Extracting features...
Face width computed for normalizaiton 0.16207477165565537
Features saved to: ../output/word_h2_30_features.csv
csv file with predictions was saved to ../output/predictions_rf_position_female_cropped_word_h2_30.csv
Loaded model: ../trained_models/model_rf_shape_female_cropped.pkl
Loaded video: ../stimuli/words/mp4/word_h2_30.mp4
Extracting coordinates...
Extracting coordinates for: word_h2_30.mp4
Number of frames in video: 64
Extracting features...
Face width computed for normalizaiton 0.16207477165565537
Features saved to: ../output/word_h2_30_features.csv
csv file with predictions was saved to ../output/predictions_rf_shape_female_cropped_word_h2_30.csv
Visualization for: ../stimuli/words/mp4/word_h2_30.mp4
32
Number of syllabels: 3
['gO', 'l', 'f']
Stimulus: golf
gO: frame #24
l: frame #31
f: frame #36
Visualization for: ../stimuli/words/mp4/word_h2_30.mp4
32
