python is /network/lustre/iss02/home/annahita.sarre/anaconda3/envs/myenv/bin/python
Loaded model: ../trained_models/model_rf_position_female_cropped.pkl
Loaded video: ../stimuli/words/mp4/word_h1_25.mp4
Extracting coordinates...
Extracting coordinates for: word_h1_25.mp4
Number of frames in video: 68
Extracting features...
Face width computed for normalizaiton 0.16080416290499447
Features saved to: ../output/word_h1_25_features.csv
csv file with predictions was saved to ../output/predictions_rf_position_female_cropped_word_h1_25.csv
Loaded model: ../trained_models/model_rf_shape_female_cropped.pkl
Loaded video: ../stimuli/words/mp4/word_h1_25.mp4
Extracting coordinates...
Extracting coordinates for: word_h1_25.mp4
Number of frames in video: 68
Extracting features...
Face width computed for normalizaiton 0.16080416290499447
Features saved to: ../output/word_h1_25_features.csv
csv file with predictions was saved to ../output/predictions_rf_shape_female_cropped_word_h1_25.csv
Visualization for: ../stimuli/words/mp4/word_h1_25.mp4
32
Number of syllabels: 3
['d', 'ja', 'm@']
Stimulus: diamant
d: frame #18
ja: frame #23
m@: frame #37
Event onsets saved to: ../stimuli/words/mp4/word_h1_25.mp4.events
Figure was save to: ../stimuli/words/mp4/word_h1_25.mp4.png
Visualization for: ../stimuli/words/mp4/word_h1_25.mp4
32
            event stimulus  frame_number
0  SYLLABLE ONSET        d            22
1  SYLLABLE ONSET       ja            30
2  SYLLABLE ONSET       m@            54
The video was successfully saved
The marked video was saved to: ../stimuli/words/mp4/word_h1_25_marked_with_model_female_cropped.avi
