python is /network/lustre/iss02/home/annahita.sarre/anaconda3/envs/myenv/bin/python
Loaded model: ../trained_models/model_rf_position_female_cropped.pkl
Loaded video: ../stimuli/words/mp4/word_h2_02_pseudo.mp4
Extracting coordinates...
Extracting coordinates for: word_h2_02_pseudo.mp4
Number of frames in video: 62
Extracting features...
Face width computed for normalizaiton 0.1597409620501922
Features saved to: ../output/word_h2_02_pseudo_features.csv
csv file with predictions was saved to ../output/predictions_rf_position_female_cropped_word_h2_02_pseudo.csv
Loaded model: ../trained_models/model_rf_shape_female_cropped.pkl
Loaded video: ../stimuli/words/mp4/word_h2_02_pseudo.mp4
Extracting coordinates...
Extracting coordinates for: word_h2_02_pseudo.mp4
Number of frames in video: 62
Extracting features...
Face width computed for normalizaiton 0.1597409620501922
Features saved to: ../output/word_h2_02_pseudo_features.csv
csv file with predictions was saved to ../output/predictions_rf_shape_female_cropped_word_h2_02_pseudo.csv
Visualization for: ../stimuli/words/mp4/word_h2_02_pseudo.mp4
32
Number of syllabels: 0
['ZE', 'R', 't']
Stimulus: gerte
Visualization for: ../stimuli/words/mp4/word_h2_02_pseudo.mp4
32
