python is /network/lustre/iss02/home/annahita.sarre/anaconda3/envs/myenv/bin/python
Loaded model: ../trained_models/model_rf_position_female_cropped.pkl
Loaded video: ../stimuli/words/mp4/word_h1_23.mp4
Extracting coordinates...
Extracting coordinates for: word_h1_23.mp4
Number of frames in video: 76
Extracting features...
Face width computed for normalizaiton 0.16118084259307172
Features saved to: ../output/word_h1_23_features.csv
csv file with predictions was saved to ../output/predictions_rf_position_female_cropped_word_h1_23.csv
Loaded model: ../trained_models/model_rf_shape_female_cropped.pkl
Loaded video: ../stimuli/words/mp4/word_h1_23.mp4
Extracting coordinates...
Extracting coordinates for: word_h1_23.mp4
Number of frames in video: 76
Extracting features...
Face width computed for normalizaiton 0.16118084259307172
Features saved to: ../output/word_h1_23_features.csv
csv file with predictions was saved to ../output/predictions_rf_shape_female_cropped_word_h1_23.csv
Visualization for: ../stimuli/words/mp4/word_h1_23.mp4
32
Number of syllabels: 2
['b@', 'kE', 't']
Stimulus: banquette
b@: frame #19
kE: frame #48
Visualization for: ../stimuli/words/mp4/word_h1_23.mp4
32
