python is /network/lustre/iss02/home/annahita.sarre/anaconda3/envs/myenv/bin/python
Loaded model: ../trained_models/model_rf_position_female_cropped.pkl
Loaded video: ../stimuli/words/mp4/word_h2_25.mp4
Extracting coordinates...
Extracting coordinates for: word_h2_25.mp4
Number of frames in video: 66
Extracting features...
Face width computed for normalizaiton 0.15811376688188836
Features saved to: ../output/word_h2_25_features.csv
csv file with predictions was saved to ../output/predictions_rf_position_female_cropped_word_h2_25.csv
Loaded model: ../trained_models/model_rf_shape_female_cropped.pkl
Loaded video: ../stimuli/words/mp4/word_h2_25.mp4
Extracting coordinates...
Extracting coordinates for: word_h2_25.mp4
Number of frames in video: 66
Extracting features...
Face width computed for normalizaiton 0.15811376688188836
Features saved to: ../output/word_h2_25_features.csv
csv file with predictions was saved to ../output/predictions_rf_shape_female_cropped_word_h2_25.csv
Visualization for: ../stimuli/words/mp4/word_h2_25.mp4
32
Number of syllabels: 3
['v@', 't', 'R']
Stimulus: ventre
v@: frame #21
t: frame #35
R: frame #42
Visualization for: ../stimuli/words/mp4/word_h2_25.mp4
32
