python is /network/lustre/iss02/home/annahita.sarre/anaconda3/envs/myenv/bin/python
Loaded model: ../trained_models/model_rf_position_female_cropped.pkl
Loaded video: ../stimuli/words/mp4/word_h2_35.mp4
Extracting coordinates...
Extracting coordinates for: word_h2_35.mp4
Number of frames in video: 60
Extracting features...
Face width computed for normalizaiton 0.16165598848653104
Features saved to: ../output/word_h2_35_features.csv
csv file with predictions was saved to ../output/predictions_rf_position_female_cropped_word_h2_35.csv
Loaded model: ../trained_models/model_rf_shape_female_cropped.pkl
Loaded video: ../stimuli/words/mp4/word_h2_35.mp4
Extracting coordinates...
Extracting coordinates for: word_h2_35.mp4
Number of frames in video: 60
Extracting features...
Face width computed for normalizaiton 0.16165598848653104
Features saved to: ../output/word_h2_35_features.csv
csv file with predictions was saved to ../output/predictions_rf_shape_female_cropped_word_h2_35.csv
Visualization for: ../stimuli/words/mp4/word_h2_35.mp4
32
Number of syllabels: 3
['k', 'Ra', 'b']
Stimulus: crabe
k: frame #21
Ra: frame #22
b: frame #36
Event onsets saved to: ../stimuli/words/mp4/word_h2_35.mp4.events
Figure was save to: ../stimuli/words/mp4/word_h2_35.mp4.png
Visualization for: ../stimuli/words/mp4/word_h2_35.mp4
32
            event stimulus  frame_number
0  SYLLABLE ONSET        k            28
1  SYLLABLE ONSET       Ra            50
2  SYLLABLE ONSET        b            54
The video was successfully saved
The marked video was saved to: ../stimuli/words/mp4/word_h2_35_marked_with_model_female_cropped.avi
