python is /network/lustre/iss02/home/annahita.sarre/anaconda3/envs/myenv/bin/python
Loaded model: ../trained_models/model_rf_position_female_cropped.pkl
Loaded video: ../stimuli/words/mp4/word_h1_36.mp4
Extracting coordinates...
Extracting coordinates for: word_h1_36.mp4
Number of frames in video: 70
Extracting features...
Face width computed for normalizaiton 0.16127087896059916
Features saved to: ../output/word_h1_36_features.csv
csv file with predictions was saved to ../output/predictions_rf_position_female_cropped_word_h1_36.csv
Loaded model: ../trained_models/model_rf_shape_female_cropped.pkl
Loaded video: ../stimuli/words/mp4/word_h1_36.mp4
Extracting coordinates...
Extracting coordinates for: word_h1_36.mp4
Number of frames in video: 70
Extracting features...
Face width computed for normalizaiton 0.16127087896059916
Features saved to: ../output/word_h1_36_features.csv
csv file with predictions was saved to ../output/predictions_rf_shape_female_cropped_word_h1_36.csv
Visualization for: ../stimuli/words/mp4/word_h1_36.mp4
32
Number of syllabels: 3
['fa', 'ji', 't']
Stimulus: faillite
fa: frame #19
ji: frame #31
t: frame #42
Event onsets saved to: ../stimuli/words/mp4/word_h1_36.mp4.events
Figure was save to: ../stimuli/words/mp4/word_h1_36.mp4.png
Visualization for: ../stimuli/words/mp4/word_h1_36.mp4
32
            event stimulus  frame_number
0  SYLLABLE ONSET       fa            23
1  SYLLABLE ONSET       ji            38
2  SYLLABLE ONSET        t            56
The video was successfully saved
The marked video was saved to: ../stimuli/words/mp4/word_h1_36_marked_with_model_female_cropped.avi
