python is /network/lustre/iss02/home/annahita.sarre/anaconda3/envs/myenv/bin/python
Loaded model: ../trained_models/model_rf_position_female_cropped.pkl
Loaded video: ../stimuli/words/mp4/word_h0_40.mp4
Extracting coordinates...
Extracting coordinates for: word_h0_40.mp4
Number of frames in video: 72
Extracting features...
Face width computed for normalizaiton 0.16248542076093375
Features saved to: ../output/word_h0_40_features.csv
csv file with predictions was saved to ../output/predictions_rf_position_female_cropped_word_h0_40.csv
Loaded model: ../trained_models/model_rf_shape_female_cropped.pkl
Loaded video: ../stimuli/words/mp4/word_h0_40.mp4
Extracting coordinates...
Extracting coordinates for: word_h0_40.mp4
Number of frames in video: 72
Extracting features...
Face width computed for normalizaiton 0.16248542076093375
Features saved to: ../output/word_h0_40_features.csv
csv file with predictions was saved to ../output/predictions_rf_shape_female_cropped_word_h0_40.csv
Visualization for: ../stimuli/words/mp4/word_h0_40.mp4
32
Number of syllabels: 3
['k@', 'di', 'da']
Stimulus: candidat
k@: frame #18
di: frame #29
da: frame #47
Event onsets saved to: ../stimuli/words/mp4/word_h0_40.mp4.events
Figure was save to: ../stimuli/words/mp4/word_h0_40.mp4.png
Visualization for: ../stimuli/words/mp4/word_h0_40.mp4
32
            event stimulus  frame_number
0  SYLLABLE ONSET       k@            19
1  SYLLABLE ONSET       di            28
2  SYLLABLE ONSET       da            39
The video was successfully saved
The marked video was saved to: ../stimuli/words/mp4/word_h0_40_marked_with_model_female_cropped.avi
