python is /network/lustre/iss02/home/annahita.sarre/anaconda3/envs/myenv/bin/python
Loaded model: ../trained_models/model_rf_position_female_cropped.pkl
Loaded video: ../stimuli/words/mp4/word_h0_33.mp4
Extracting coordinates...
Extracting coordinates for: word_h0_33.mp4
Number of frames in video: 81
Extracting features...
Face width computed for normalizaiton 0.16059501924134303
Features saved to: ../output/word_h0_33_features.csv
csv file with predictions was saved to ../output/predictions_rf_position_female_cropped_word_h0_33.csv
Loaded model: ../trained_models/model_rf_shape_female_cropped.pkl
Loaded video: ../stimuli/words/mp4/word_h0_33.mp4
Extracting coordinates...
Extracting coordinates for: word_h0_33.mp4
Number of frames in video: 81
Extracting features...
Face width computed for normalizaiton 0.16059501924134303
Features saved to: ../output/word_h0_33_features.csv
csv file with predictions was saved to ../output/predictions_rf_shape_female_cropped_word_h0_33.csv
Visualization for: ../stimuli/words/mp4/word_h0_33.mp4
32
Number of syllabels: 3
['ko', 'me', 'di']
Stimulus: comédie
ko: frame #18
me: frame #23
di: frame #44
Event onsets saved to: ../stimuli/words/mp4/word_h0_33.mp4.events
Figure was save to: ../stimuli/words/mp4/word_h0_33.mp4.png
Visualization for: ../stimuli/words/mp4/word_h0_33.mp4
32
            event stimulus  frame_number
0  SYLLABLE ONSET       ko            18
1  SYLLABLE ONSET       me            37
2  SYLLABLE ONSET       di            59
The video was successfully saved
The marked video was saved to: ../stimuli/words/mp4/word_h0_33_marked_with_model_female_cropped.avi
