python is /network/lustre/iss02/home/annahita.sarre/anaconda3/envs/myenv/bin/python
Loaded model: ../trained_models/model_rf_position_female_cropped.pkl
Loaded video: ../stimuli/words/mp4/word_l0_08.mp4
Extracting coordinates...
Extracting coordinates for: word_l0_08.mp4
Number of frames in video: 60
Extracting features...
Face width computed for normalizaiton 0.15863177544953647
Features saved to: ../output/word_l0_08_features.csv
csv file with predictions was saved to ../output/predictions_rf_position_female_cropped_word_l0_08.csv
Loaded model: ../trained_models/model_rf_shape_female_cropped.pkl
Loaded video: ../stimuli/words/mp4/word_l0_08.mp4
Extracting coordinates...
Extracting coordinates for: word_l0_08.mp4
Number of frames in video: 60
Extracting features...
Face width computed for normalizaiton 0.15863177544953647
Features saved to: ../output/word_l0_08_features.csv
csv file with predictions was saved to ../output/predictions_rf_shape_female_cropped_word_l0_08.csv
Visualization for: ../stimuli/words/mp4/word_l0_08.mp4
32
Number of syllabels: 3
['to', 'bo', 'g@']
Stimulus: toboggan
to: frame #18
bo: frame #23
g@: frame #36
Event onsets saved to: ../stimuli/words/mp4/word_l0_08.mp4.events
Figure was save to: ../stimuli/words/mp4/word_l0_08.mp4.png
Visualization for: ../stimuli/words/mp4/word_l0_08.mp4
32
            event stimulus  frame_number
0  SYLLABLE ONSET       to            21
1  SYLLABLE ONSET       bo            30
2  SYLLABLE ONSET       g@            50
The video was successfully saved
The marked video was saved to: ../stimuli/words/mp4/word_l0_08_marked_with_model_female_cropped.avi
