python is /network/lustre/iss02/home/annahita.sarre/anaconda3/envs/myenv/bin/python
Loaded model: ../trained_models/model_rf_position_female_cropped.pkl
Loaded video: ../stimuli/words/mp4/word_l0_07.mp4
Extracting coordinates...
Extracting coordinates for: word_l0_07.mp4
Number of frames in video: 57
Extracting features...
Face width computed for normalizaiton 0.1579608746317866
Features saved to: ../output/word_l0_07_features.csv
csv file with predictions was saved to ../output/predictions_rf_position_female_cropped_word_l0_07.csv
Loaded model: ../trained_models/model_rf_shape_female_cropped.pkl
Loaded video: ../stimuli/words/mp4/word_l0_07.mp4
Extracting coordinates...
Extracting coordinates for: word_l0_07.mp4
Number of frames in video: 57
Extracting features...
Face width computed for normalizaiton 0.1579608746317866
Features saved to: ../output/word_l0_07_features.csv
csv file with predictions was saved to ../output/predictions_rf_shape_female_cropped_word_l0_07.csv
Visualization for: ../stimuli/words/mp4/word_l0_07.mp4
32
Number of syllabels: 3
['ma', 'Ra', 'bu']
Stimulus: marabout
ma: frame #18
Ra: frame #26
bu: frame #36
Visualization for: ../stimuli/words/mp4/word_l0_07.mp4
32
