python is /network/lustre/iss02/home/annahita.sarre/anaconda3/envs/myenv/bin/python
Loaded model: ../trained_models/model_rf_position_female_cropped.pkl
Loaded video: ../stimuli/words/mp4/word_h1_26.mp4
Extracting coordinates...
Extracting coordinates for: word_h1_26.mp4
Number of frames in video: 83
Extracting features...
Face width computed for normalizaiton 0.1608683560250538
Features saved to: ../output/word_h1_26_features.csv
csv file with predictions was saved to ../output/predictions_rf_position_female_cropped_word_h1_26.csv
Loaded model: ../trained_models/model_rf_shape_female_cropped.pkl
Loaded video: ../stimuli/words/mp4/word_h1_26.mp4
Extracting coordinates...
Extracting coordinates for: word_h1_26.mp4
Number of frames in video: 83
Extracting features...
Face width computed for normalizaiton 0.1608683560250538
Features saved to: ../output/word_h1_26_features.csv
csv file with predictions was saved to ../output/predictions_rf_shape_female_cropped_word_h1_26.csv
Visualization for: ../stimuli/words/mp4/word_h1_26.mp4
32
Number of syllabels: 3
['So', 'sy', 'R']
Stimulus: chaussure
So: frame #21
sy: frame #45
R: frame #59
Event onsets saved to: ../stimuli/words/mp4/word_h1_26.mp4.events
Figure was save to: ../stimuli/words/mp4/word_h1_26.mp4.png
Visualization for: ../stimuli/words/mp4/word_h1_26.mp4
32
            event stimulus  frame_number
0  SYLLABLE ONSET       So            21
1  SYLLABLE ONSET       sy            49
2  SYLLABLE ONSET        R            67
The video was successfully saved
The marked video was saved to: ../stimuli/words/mp4/word_h1_26_marked_with_model_female_cropped.avi
