python is /network/lustre/iss02/home/annahita.sarre/anaconda3/envs/myenv/bin/python
Loaded model: ../trained_models/model_rf_position_female_cropped.pkl
Loaded video: ../stimuli/words/mp4/word_h2_21.mp4
Extracting coordinates...
Extracting coordinates for: word_h2_21.mp4
Number of frames in video: 55
Extracting features...
Face width computed for normalizaiton 0.1603602091163207
Features saved to: ../output/word_h2_21_features.csv
csv file with predictions was saved to ../output/predictions_rf_position_female_cropped_word_h2_21.csv
Loaded model: ../trained_models/model_rf_shape_female_cropped.pkl
Loaded video: ../stimuli/words/mp4/word_h2_21.mp4
Extracting coordinates...
Extracting coordinates for: word_h2_21.mp4
Number of frames in video: 55
Extracting features...
Face width computed for normalizaiton 0.1603602091163207
Features saved to: ../output/word_h2_21_features.csv
csv file with predictions was saved to ../output/predictions_rf_shape_female_cropped_word_h2_21.csv
Visualization for: ../stimuli/words/mp4/word_h2_21.mp4
32
Number of syllabels: 3
['di', 's', 'k']
Stimulus: disque
di: frame #16
s: frame #27
k: frame #35
Visualization for: ../stimuli/words/mp4/word_h2_21.mp4
32
