python is /network/lustre/iss02/home/annahita.sarre/anaconda3/envs/myenv/bin/python
Loaded model: ../trained_models/model_rf_position_female_cropped.pkl
Loaded video: ../stimuli/words/mp4/word_h0_02.mp4
Extracting coordinates...
Extracting coordinates for: word_h0_02.mp4
Number of frames in video: 58
Extracting features...
Face width computed for normalizaiton 0.1622287951429503
Features saved to: ../output/word_h0_02_features.csv
csv file with predictions was saved to ../output/predictions_rf_position_female_cropped_word_h0_02.csv
Loaded model: ../trained_models/model_rf_shape_female_cropped.pkl
Loaded video: ../stimuli/words/mp4/word_h0_02.mp4
Extracting coordinates...
Extracting coordinates for: word_h0_02.mp4
Number of frames in video: 58
Extracting features...
Face width computed for normalizaiton 0.1622287951429503
Features saved to: ../output/word_h0_02_features.csv
csv file with predictions was saved to ../output/predictions_rf_shape_female_cropped_word_h0_02.csv
Visualization for: ../stimuli/words/mp4/word_h0_02.mp4
32
Number of syllabels: 3
['a', 'RE', 'Ne']
Stimulus: araignée
a: frame #9
RE: frame #19
Ne: frame #30
Event onsets saved to: ../stimuli/words/mp4/word_h0_02.mp4.events
Figure was save to: ../stimuli/words/mp4/word_h0_02.mp4.png
Visualization for: ../stimuli/words/mp4/word_h0_02.mp4
32
            event stimulus  frame_number
0  SYLLABLE ONSET        a            14
1  SYLLABLE ONSET       RE            29
2  SYLLABLE ONSET       Ne            44
The video was successfully saved
The marked video was saved to: ../stimuli/words/mp4/word_h0_02_marked_with_model_female_cropped.avi
