python is /network/lustre/iss02/home/annahita.sarre/anaconda3/envs/myenv/bin/python
Loaded model: ../trained_models/model_rf_position_female_cropped.pkl
Loaded video: ../stimuli/words/mp4/word_h2_10.mp4
Extracting coordinates...
Extracting coordinates for: word_h2_10.mp4
Number of frames in video: 75
Extracting features...
Face width computed for normalizaiton 0.16214944978128593
Features saved to: ../output/word_h2_10_features.csv
csv file with predictions was saved to ../output/predictions_rf_position_female_cropped_word_h2_10.csv
Loaded model: ../trained_models/model_rf_shape_female_cropped.pkl
Loaded video: ../stimuli/words/mp4/word_h2_10.mp4
Extracting coordinates...
Extracting coordinates for: word_h2_10.mp4
Number of frames in video: 75
Extracting features...
Face width computed for normalizaiton 0.16214944978128593
Features saved to: ../output/word_h2_10_features.csv
csv file with predictions was saved to ../output/predictions_rf_shape_female_cropped_word_h2_10.csv
Visualization for: ../stimuli/words/mp4/word_h2_10.mp4
32
Number of syllabels: 3
['k', '8i', 's']
Stimulus: cuisse
k: frame #41
8i: frame #42
s: frame #46
Event onsets saved to: ../stimuli/words/mp4/word_h2_10.mp4.events
Figure was save to: ../stimuli/words/mp4/word_h2_10.mp4.png
Visualization for: ../stimuli/words/mp4/word_h2_10.mp4
32
            event stimulus  frame_number
0  SYLLABLE ONSET        k            26
1  SYLLABLE ONSET       8i            42
2  SYLLABLE ONSET        s            66
The video was successfully saved
The marked video was saved to: ../stimuli/words/mp4/word_h2_10_marked_with_model_female_cropped.avi
