python is /network/lustre/iss02/home/annahita.sarre/anaconda3/envs/myenv/bin/python
Loaded model: ../trained_models/model_rf_position_female_cropped.pkl
Loaded video: ../stimuli/words/mp4/word_h2_16.mp4
Extracting coordinates...
Extracting coordinates for: word_h2_16.mp4
Number of frames in video: 57
Extracting features...
Face width computed for normalizaiton 0.16051994978234435
Features saved to: ../output/word_h2_16_features.csv
csv file with predictions was saved to ../output/predictions_rf_position_female_cropped_word_h2_16.csv
Loaded model: ../trained_models/model_rf_shape_female_cropped.pkl
Loaded video: ../stimuli/words/mp4/word_h2_16.mp4
Extracting coordinates...
Extracting coordinates for: word_h2_16.mp4
Number of frames in video: 57
Extracting features...
Face width computed for normalizaiton 0.16051994978234435
Features saved to: ../output/word_h2_16_features.csv
csv file with predictions was saved to ../output/predictions_rf_shape_female_cropped_word_h2_16.csv
Visualization for: ../stimuli/words/mp4/word_h2_16.mp4
32
Number of syllabels: 3
['b', 'lO', 'k']
Stimulus: bloc
b: frame #28
lO: frame #29
k: frame #33
Event onsets saved to: ../stimuli/words/mp4/word_h2_16.mp4.events
Figure was save to: ../stimuli/words/mp4/word_h2_16.mp4.png
Visualization for: ../stimuli/words/mp4/word_h2_16.mp4
32
            event stimulus  frame_number
0  SYLLABLE ONSET        b            18
1  SYLLABLE ONSET       lO            30
2  SYLLABLE ONSET        k            50
The video was successfully saved
The marked video was saved to: ../stimuli/words/mp4/word_h2_16_marked_with_model_female_cropped.avi
