python is /network/lustre/iss02/home/annahita.sarre/anaconda3/envs/myenv/bin/python
Loaded model: ../trained_models/model_rf_position_female_cropped.pkl
Loaded video: ../stimuli/words/mp4/word_h2_03.mp4
Extracting coordinates...
Extracting coordinates for: word_h2_03.mp4
Number of frames in video: 63
Extracting features...
Face width computed for normalizaiton 0.1612938369360605
Features saved to: ../output/word_h2_03_features.csv
csv file with predictions was saved to ../output/predictions_rf_position_female_cropped_word_h2_03.csv
Loaded model: ../trained_models/model_rf_shape_female_cropped.pkl
Loaded video: ../stimuli/words/mp4/word_h2_03.mp4
Extracting coordinates...
Extracting coordinates for: word_h2_03.mp4
Number of frames in video: 63
Extracting features...
Face width computed for normalizaiton 0.1612938369360605
Features saved to: ../output/word_h2_03_features.csv
csv file with predictions was saved to ../output/predictions_rf_shape_female_cropped_word_h2_03.csv
Visualization for: ../stimuli/words/mp4/word_h2_03.mp4
32
Number of syllabels: 3
['ma', 'R', 'Z']
Stimulus: marge
ma: frame #16
R: frame #28
Z: frame #36
Event onsets saved to: ../stimuli/words/mp4/word_h2_03.mp4.events
Figure was save to: ../stimuli/words/mp4/word_h2_03.mp4.png
Visualization for: ../stimuli/words/mp4/word_h2_03.mp4
32
            event stimulus  frame_number
0  SYLLABLE ONSET       ma            18
1  SYLLABLE ONSET        R            28
2  SYLLABLE ONSET        Z            50
The video was successfully saved
The marked video was saved to: ../stimuli/words/mp4/word_h2_03_marked_with_model_female_cropped.avi
