python is /network/lustre/iss02/home/annahita.sarre/anaconda3/envs/myenv/bin/python
Loaded model: ../trained_models/model_rf_position_female_cropped.pkl
Loaded video: ../stimuli/words/mp4/word_h0_26.mp4
Extracting coordinates...
Extracting coordinates for: word_h0_26.mp4
Number of frames in video: 79
Extracting features...
Face width computed for normalizaiton 0.16008764313078458
Features saved to: ../output/word_h0_26_features.csv
csv file with predictions was saved to ../output/predictions_rf_position_female_cropped_word_h0_26.csv
Loaded model: ../trained_models/model_rf_shape_female_cropped.pkl
Loaded video: ../stimuli/words/mp4/word_h0_26.mp4
Extracting coordinates...
Extracting coordinates for: word_h0_26.mp4
Number of frames in video: 79
Extracting features...
Face width computed for normalizaiton 0.16008764313078458
Features saved to: ../output/word_h0_26_features.csv
csv file with predictions was saved to ../output/predictions_rf_shape_female_cropped_word_h0_26.csv
Visualization for: ../stimuli/words/mp4/word_h0_26.mp4
32
Number of syllabels: 3
['s5', 'di', 'ka']
Stimulus: syndicat
s5: frame #16
di: frame #36
ka: frame #53
Event onsets saved to: ../stimuli/words/mp4/word_h0_26.mp4.events
Figure was save to: ../stimuli/words/mp4/word_h0_26.mp4.png
Visualization for: ../stimuli/words/mp4/word_h0_26.mp4
32
            event stimulus  frame_number
0  SYLLABLE ONSET       s5            18
1  SYLLABLE ONSET       di            42
2  SYLLABLE ONSET       ka            66
The video was successfully saved
The marked video was saved to: ../stimuli/words/mp4/word_h0_26_marked_with_model_female_cropped.avi
