python is /network/lustre/iss02/home/annahita.sarre/anaconda3/envs/myenv/bin/python
Loaded model: ../trained_models/model_rf_position_female_cropped.pkl
Loaded video: ../stimuli/words/mp4/word_h2_04.mp4
Extracting coordinates...
Extracting coordinates for: word_h2_04.mp4
Number of frames in video: 64
Extracting features...
Face width computed for normalizaiton 0.16078328339931736
Features saved to: ../output/word_h2_04_features.csv
csv file with predictions was saved to ../output/predictions_rf_position_female_cropped_word_h2_04.csv
Loaded model: ../trained_models/model_rf_shape_female_cropped.pkl
Loaded video: ../stimuli/words/mp4/word_h2_04.mp4
Extracting coordinates...
Extracting coordinates for: word_h2_04.mp4
Number of frames in video: 64
Extracting features...
Face width computed for normalizaiton 0.16078328339931736
Features saved to: ../output/word_h2_04_features.csv
csv file with predictions was saved to ../output/predictions_rf_shape_female_cropped_word_h2_04.csv
Visualization for: ../stimuli/words/mp4/word_h2_04.mp4
32
Number of syllabels: 3
['d', 'wa', 'n']
Stimulus: douane
d: frame #11
wa: frame #24
n: frame #30
Event onsets saved to: ../stimuli/words/mp4/word_h2_04.mp4.events
Figure was save to: ../stimuli/words/mp4/word_h2_04.mp4.png
Visualization for: ../stimuli/words/mp4/word_h2_04.mp4
32
            event stimulus  frame_number
0  SYLLABLE ONSET        d            20
1  SYLLABLE ONSET       wa            27
2  SYLLABLE ONSET        n            41
The video was successfully saved
The marked video was saved to: ../stimuli/words/mp4/word_h2_04_marked_with_model_female_cropped.avi
