python is /network/lustre/iss02/home/annahita.sarre/anaconda3/envs/myenv/bin/python
Loaded model: ../trained_models/model_rf_position_female_cropped.pkl
Loaded video: ../stimuli/words/mp4/word_h1_40.mp4
Extracting coordinates...
Extracting coordinates for: word_h1_40.mp4
Number of frames in video: 73
Extracting features...
Face width computed for normalizaiton 0.16083199796104589
Features saved to: ../output/word_h1_40_features.csv
csv file with predictions was saved to ../output/predictions_rf_position_female_cropped_word_h1_40.csv
Loaded model: ../trained_models/model_rf_shape_female_cropped.pkl
Loaded video: ../stimuli/words/mp4/word_h1_40.mp4
Extracting coordinates...
Extracting coordinates for: word_h1_40.mp4
Number of frames in video: 73
Extracting features...
Face width computed for normalizaiton 0.16083199796104589
Features saved to: ../output/word_h1_40_features.csv
csv file with predictions was saved to ../output/predictions_rf_shape_female_cropped_word_h1_40.csv
Visualization for: ../stimuli/words/mp4/word_h1_40.mp4
32
Number of syllabels: 3
['f9', 'ja', 'Z']
Stimulus: feuillage
f9: frame #15
ja: frame #34
Z: frame #47
Event onsets saved to: ../stimuli/words/mp4/word_h1_40.mp4.events
Figure was save to: ../stimuli/words/mp4/word_h1_40.mp4.png
Visualization for: ../stimuli/words/mp4/word_h1_40.mp4
32
            event stimulus  frame_number
0  SYLLABLE ONSET       f9            13
1  SYLLABLE ONSET       ja            40
2  SYLLABLE ONSET        Z            54
The video was successfully saved
The marked video was saved to: ../stimuli/words/mp4/word_h1_40_marked_with_model_female_cropped.avi
