python is /network/lustre/iss02/home/annahita.sarre/anaconda3/envs/myenv/bin/python
Loaded model: ../trained_models/model_rf_position_female_cropped.pkl
Loaded video: ../stimuli/words/mp4/word_h0_05.mp4
Extracting coordinates...
Extracting coordinates for: word_h0_05.mp4
Number of frames in video: 76
Extracting features...
Face width computed for normalizaiton 0.16106745260089483
Features saved to: ../output/word_h0_05_features.csv
csv file with predictions was saved to ../output/predictions_rf_position_female_cropped_word_h0_05.csv
Loaded model: ../trained_models/model_rf_shape_female_cropped.pkl
Loaded video: ../stimuli/words/mp4/word_h0_05.mp4
Extracting coordinates...
Extracting coordinates for: word_h0_05.mp4
Number of frames in video: 76
Extracting features...
Face width computed for normalizaiton 0.16106745260089483
Features saved to: ../output/word_h0_05_features.csv
csv file with predictions was saved to ../output/predictions_rf_shape_female_cropped_word_h0_05.csv
Visualization for: ../stimuli/words/mp4/word_h0_05.mp4
32
Number of syllabels: 3
['si', 'ne', 'ma']
Stimulus: cinéma
si: frame #13
ne: frame #28
ma: frame #48
Event onsets saved to: ../stimuli/words/mp4/word_h0_05.mp4.events
Figure was save to: ../stimuli/words/mp4/word_h0_05.mp4.png
Visualization for: ../stimuli/words/mp4/word_h0_05.mp4
32
            event stimulus  frame_number
0  SYLLABLE ONSET       si            21
1  SYLLABLE ONSET       ne            41
2  SYLLABLE ONSET       ma            59
The video was successfully saved
The marked video was saved to: ../stimuli/words/mp4/word_h0_05_marked_with_model_female_cropped.avi
