python is /network/lustre/iss02/home/annahita.sarre/anaconda3/envs/myenv/bin/python
Loaded model: ../trained_models/model_rf_position_female_cropped.pkl
Loaded video: ../stimuli/words/mp4/word_h2_11.mp4
Extracting coordinates...
Extracting coordinates for: word_h2_11.mp4
Number of frames in video: 63
Extracting features...
Face width computed for normalizaiton 0.16006981881917168
Features saved to: ../output/word_h2_11_features.csv
csv file with predictions was saved to ../output/predictions_rf_position_female_cropped_word_h2_11.csv
Loaded model: ../trained_models/model_rf_shape_female_cropped.pkl
Loaded video: ../stimuli/words/mp4/word_h2_11.mp4
Extracting coordinates...
Extracting coordinates for: word_h2_11.mp4
Number of frames in video: 63
Extracting features...
Face width computed for normalizaiton 0.16006981881917168
Features saved to: ../output/word_h2_11_features.csv
csv file with predictions was saved to ../output/predictions_rf_shape_female_cropped_word_h2_11.csv
Visualization for: ../stimuli/words/mp4/word_h2_11.mp4
32
Number of syllabels: 3
['p5', 't', 'R']
Stimulus: peintre
p5: frame #23
t: frame #30
R: frame #36
Visualization for: ../stimuli/words/mp4/word_h2_11.mp4
32
