python is /network/lustre/iss02/home/annahita.sarre/anaconda3/envs/myenv/bin/python
Loaded model: ../trained_models/model_rf_position_female_cropped.pkl
Loaded video: ../stimuli/words/mp4/word_h1_20.mp4
Extracting coordinates...
Extracting coordinates for: word_h1_20.mp4
Number of frames in video: 73
Extracting features...
Face width computed for normalizaiton 0.16139604797161863
Features saved to: ../output/word_h1_20_features.csv
csv file with predictions was saved to ../output/predictions_rf_position_female_cropped_word_h1_20.csv
Loaded model: ../trained_models/model_rf_shape_female_cropped.pkl
Loaded video: ../stimuli/words/mp4/word_h1_20.mp4
Extracting coordinates...
Extracting coordinates for: word_h1_20.mp4
Number of frames in video: 73
Extracting features...
Face width computed for normalizaiton 0.16139604797161863
Features saved to: ../output/word_h1_20_features.csv
csv file with predictions was saved to ../output/predictions_rf_shape_female_cropped_word_h1_20.csv
Visualization for: ../stimuli/words/mp4/word_h1_20.mp4
32
Number of syllabels: 3
['a', 'k9', 'j']
Stimulus: accueil
a: frame #39
k9: frame #40
j: frame #45
Visualization for: ../stimuli/words/mp4/word_h1_20.mp4
32
