python is /network/lustre/iss02/home/annahita.sarre/anaconda3/envs/myenv/bin/python
Loaded model: ../trained_models/model_rf_position_female_cropped.pkl
Loaded video: ../stimuli/words/mp4/word_l0_04.mp4
Extracting coordinates...
Extracting coordinates for: word_l0_04.mp4
Number of frames in video: 75
Extracting features...
Face width computed for normalizaiton 0.15716137942608915
Features saved to: ../output/word_l0_04_features.csv
csv file with predictions was saved to ../output/predictions_rf_position_female_cropped_word_l0_04.csv
Loaded model: ../trained_models/model_rf_shape_female_cropped.pkl
Loaded video: ../stimuli/words/mp4/word_l0_04.mp4
Extracting coordinates...
Extracting coordinates for: word_l0_04.mp4
Number of frames in video: 75
Extracting features...
Face width computed for normalizaiton 0.15716137942608915
Features saved to: ../output/word_l0_04_features.csv
csv file with predictions was saved to ../output/predictions_rf_shape_female_cropped_word_l0_04.csv
Visualization for: ../stimuli/words/mp4/word_l0_04.mp4
32
Number of syllabels: 3
['l2', 'se', 'mi']
Stimulus: leucémie
l2: frame #24
se: frame #35
mi: frame #49
Event onsets saved to: ../stimuli/words/mp4/word_l0_04.mp4.events
Figure was save to: ../stimuli/words/mp4/word_l0_04.mp4.png
Visualization for: ../stimuli/words/mp4/word_l0_04.mp4
32
            event stimulus  frame_number
0  SYLLABLE ONSET       l2            23
1  SYLLABLE ONSET       se            40
2  SYLLABLE ONSET       mi            63
The video was successfully saved
The marked video was saved to: ../stimuli/words/mp4/word_l0_04_marked_with_model_female_cropped.avi
