python is /network/lustre/iss02/home/annahita.sarre/anaconda3/envs/myenv/bin/python
Loaded model: ../trained_models/model_rf_position_female_cropped.pkl
Loaded video: ../stimuli/words/mp4/word_l0_06.mp4
Extracting coordinates...
Extracting coordinates for: word_l0_06.mp4
Number of frames in video: 69
Extracting features...
Face width computed for normalizaiton 0.15776347740607824
Features saved to: ../output/word_l0_06_features.csv
csv file with predictions was saved to ../output/predictions_rf_position_female_cropped_word_l0_06.csv
Loaded model: ../trained_models/model_rf_shape_female_cropped.pkl
Loaded video: ../stimuli/words/mp4/word_l0_06.mp4
Extracting coordinates...
Extracting coordinates for: word_l0_06.mp4
Number of frames in video: 69
Extracting features...
Face width computed for normalizaiton 0.15776347740607824
Features saved to: ../output/word_l0_06_features.csv
csv file with predictions was saved to ../output/predictions_rf_shape_female_cropped_word_l0_06.csv
Visualization for: ../stimuli/words/mp4/word_l0_06.mp4
32
Number of syllabels: 3
['ve', 'te', 'R@']
Stimulus: vétéran
ve: frame #18
te: frame #25
R@: frame #39
Event onsets saved to: ../stimuli/words/mp4/word_l0_06.mp4.events
Figure was save to: ../stimuli/words/mp4/word_l0_06.mp4.png
Visualization for: ../stimuli/words/mp4/word_l0_06.mp4
32
            event stimulus  frame_number
0  SYLLABLE ONSET       ve            17
1  SYLLABLE ONSET       te            24
2  SYLLABLE ONSET       R@            48
The video was successfully saved
The marked video was saved to: ../stimuli/words/mp4/word_l0_06_marked_with_model_female_cropped.avi
