python is /network/lustre/iss02/home/annahita.sarre/anaconda3/envs/myenv/bin/python
Loaded model: ../trained_models/model_rf_position_female_cropped.pkl
Loaded video: ../stimuli/words/mp4/word_h2_14.mp4
Extracting coordinates...
Extracting coordinates for: word_h2_14.mp4
Number of frames in video: 65
Extracting features...
Face width computed for normalizaiton 0.1596169960588046
Features saved to: ../output/word_h2_14_features.csv
csv file with predictions was saved to ../output/predictions_rf_position_female_cropped_word_h2_14.csv
Loaded model: ../trained_models/model_rf_shape_female_cropped.pkl
Loaded video: ../stimuli/words/mp4/word_h2_14.mp4
Extracting coordinates...
Extracting coordinates for: word_h2_14.mp4
Number of frames in video: 65
Extracting features...
Face width computed for normalizaiton 0.1596169960588046
Features saved to: ../output/word_h2_14_features.csv
csv file with predictions was saved to ../output/predictions_rf_shape_female_cropped_word_h2_14.csv
Visualization for: ../stimuli/words/mp4/word_h2_14.mp4
32
Number of syllabels: 3
['pE', 'R', 't']
Stimulus: perte
pE: frame #26
R: frame #28
t: frame #40
Event onsets saved to: ../stimuli/words/mp4/word_h2_14.mp4.events
Figure was save to: ../stimuli/words/mp4/word_h2_14.mp4.png
Visualization for: ../stimuli/words/mp4/word_h2_14.mp4
32
            event stimulus  frame_number
0  SYLLABLE ONSET       pE            24
1  SYLLABLE ONSET        R            43
2  SYLLABLE ONSET        t            56
The video was successfully saved
The marked video was saved to: ../stimuli/words/mp4/word_h2_14_marked_with_model_female_cropped.avi
