python is /network/lustre/iss02/home/annahita.sarre/anaconda3/envs/myenv/bin/python
Loaded model: ../trained_models/model_rf_position_female_cropped.pkl
Loaded video: ../stimuli/words/mp4/word_h2_33.mp4
Extracting coordinates...
Extracting coordinates for: word_h2_33.mp4
Number of frames in video: 60
Extracting features...
Face width computed for normalizaiton 0.15971613311459393
Features saved to: ../output/word_h2_33_features.csv
csv file with predictions was saved to ../output/predictions_rf_position_female_cropped_word_h2_33.csv
Loaded model: ../trained_models/model_rf_shape_female_cropped.pkl
Loaded video: ../stimuli/words/mp4/word_h2_33.mp4
Extracting coordinates...
Extracting coordinates for: word_h2_33.mp4
Number of frames in video: 60
Extracting features...
Face width computed for normalizaiton 0.15971613311459393
Features saved to: ../output/word_h2_33_features.csv
csv file with predictions was saved to ../output/predictions_rf_shape_female_cropped_word_h2_33.csv
Visualization for: ../stimuli/words/mp4/word_h2_33.mp4
32
Number of syllabels: 3
['m@', 'b', 'R']
Stimulus: membre
m@: frame #16
b: frame #27
R: frame #33
Visualization for: ../stimuli/words/mp4/word_h2_33.mp4
32
