python is /network/lustre/iss02/home/annahita.sarre/anaconda3/envs/myenv/bin/python
Loaded model: ../trained_models/model_rf_position_female_cropped.pkl
Loaded video: ../stimuli/words/mp4/word_h0_09.mp4
Extracting coordinates...
Extracting coordinates for: word_h0_09.mp4
Number of frames in video: 66
Extracting features...
Face width computed for normalizaiton 0.16146163665530253
Features saved to: ../output/word_h0_09_features.csv
csv file with predictions was saved to ../output/predictions_rf_position_female_cropped_word_h0_09.csv
Loaded model: ../trained_models/model_rf_shape_female_cropped.pkl
Loaded video: ../stimuli/words/mp4/word_h0_09.mp4
Extracting coordinates...
Extracting coordinates for: word_h0_09.mp4
Number of frames in video: 66
Extracting features...
Face width computed for normalizaiton 0.16146163665530253
Features saved to: ../output/word_h0_09_features.csv
csv file with predictions was saved to ../output/predictions_rf_shape_female_cropped_word_h0_09.csv
Visualization for: ../stimuli/words/mp4/word_h0_09.mp4
32
Number of syllabels: 3
['e', 'le', 'f@']
Stimulus: éléphant
e: frame #16
le: frame #25
f@: frame #40
Event onsets saved to: ../stimuli/words/mp4/word_h0_09.mp4.events
Figure was save to: ../stimuli/words/mp4/word_h0_09.mp4.png
Visualization for: ../stimuli/words/mp4/word_h0_09.mp4
32
            event stimulus  frame_number
0  SYLLABLE ONSET        e            14
1  SYLLABLE ONSET       le            30
2  SYLLABLE ONSET       f@            55
The video was successfully saved
The marked video was saved to: ../stimuli/words/mp4/word_h0_09_marked_with_model_female_cropped.avi
