python is /network/lustre/iss02/home/annahita.sarre/anaconda3/envs/myenv/bin/python
Loaded model: ../trained_models/model_rf_position_female_cropped.pkl
Loaded video: ../stimuli/words/mp4/word_h2_38.mp4
Extracting coordinates...
Extracting coordinates for: word_h2_38.mp4
Number of frames in video: 73
Extracting features...
Face width computed for normalizaiton 0.15987314963119478
Features saved to: ../output/word_h2_38_features.csv
csv file with predictions was saved to ../output/predictions_rf_position_female_cropped_word_h2_38.csv
Loaded model: ../trained_models/model_rf_shape_female_cropped.pkl
Loaded video: ../stimuli/words/mp4/word_h2_38.mp4
Extracting coordinates...
Extracting coordinates for: word_h2_38.mp4
Number of frames in video: 73
Extracting features...
Face width computed for normalizaiton 0.15987314963119478
Features saved to: ../output/word_h2_38_features.csv
csv file with predictions was saved to ../output/predictions_rf_shape_female_cropped_word_h2_38.csv
Visualization for: ../stimuli/words/mp4/word_h2_38.mp4
32
Number of syllabels: 3
['n§', 'b', 'R']
Stimulus: nombre
n§: frame #22
b: frame #36
R: frame #45
Event onsets saved to: ../stimuli/words/mp4/word_h2_38.mp4.events
Figure was save to: ../stimuli/words/mp4/word_h2_38.mp4.png
Visualization for: ../stimuli/words/mp4/word_h2_38.mp4
32
            event stimulus  frame_number
0  SYLLABLE ONSET       n§            24
1  SYLLABLE ONSET        b            37
2  SYLLABLE ONSET        R            51
The video was successfully saved
The marked video was saved to: ../stimuli/words/mp4/word_h2_38_marked_with_model_female_cropped.avi
