python is /network/lustre/iss02/home/annahita.sarre/anaconda3/envs/myenv/bin/python
Loaded model: ../trained_models/model_rf_position_female_cropped.pkl
Loaded video: ../stimuli/words/mp4/word_h0_36.mp4
Extracting coordinates...
Extracting coordinates for: word_h0_36.mp4
Number of frames in video: 75
Extracting features...
Face width computed for normalizaiton 0.16087690469512778
Features saved to: ../output/word_h0_36_features.csv
csv file with predictions was saved to ../output/predictions_rf_position_female_cropped_word_h0_36.csv
Loaded model: ../trained_models/model_rf_shape_female_cropped.pkl
Loaded video: ../stimuli/words/mp4/word_h0_36.mp4
Extracting coordinates...
Extracting coordinates for: word_h0_36.mp4
Number of frames in video: 75
Extracting features...
Face width computed for normalizaiton 0.16087690469512778
Features saved to: ../output/word_h0_36_features.csv
csv file with predictions was saved to ../output/predictions_rf_shape_female_cropped_word_h0_36.csv
Visualization for: ../stimuli/words/mp4/word_h0_36.mp4
32
Number of syllabels: 3
['ka', 'zi', 'no']
Stimulus: casino
ka: frame #17
zi: frame #31
no: frame #41
Event onsets saved to: ../stimuli/words/mp4/word_h0_36.mp4.events
Figure was save to: ../stimuli/words/mp4/word_h0_36.mp4.png
Visualization for: ../stimuli/words/mp4/word_h0_36.mp4
32
            event stimulus  frame_number
0  SYLLABLE ONSET       ka            16
1  SYLLABLE ONSET       zi            37
2  SYLLABLE ONSET       no            61
The video was successfully saved
The marked video was saved to: ../stimuli/words/mp4/word_h0_36_marked_with_model_female_cropped.avi
