python is /network/lustre/iss02/home/annahita.sarre/anaconda3/envs/myenv/bin/python
Loaded model: ../trained_models/model_rf_position_female_cropped.pkl
Loaded video: ../stimuli/words/mp4/word_h0_24.mp4
Extracting coordinates...
Extracting coordinates for: word_h0_24.mp4
Number of frames in video: 69
Extracting features...
Face width computed for normalizaiton 0.1605492160103737
Features saved to: ../output/word_h0_24_features.csv
csv file with predictions was saved to ../output/predictions_rf_position_female_cropped_word_h0_24.csv
Loaded model: ../trained_models/model_rf_shape_female_cropped.pkl
Loaded video: ../stimuli/words/mp4/word_h0_24.mp4
Extracting coordinates...
Extracting coordinates for: word_h0_24.mp4
Number of frames in video: 69
Extracting features...
Face width computed for normalizaiton 0.1605492160103737
Features saved to: ../output/word_h0_24_features.csv
csv file with predictions was saved to ../output/predictions_rf_shape_female_cropped_word_h0_24.csv
Visualization for: ../stimuli/words/mp4/word_h0_24.mp4
32
Number of syllabels: 3
['Ro', 'bi', 'nE']
Stimulus: robinet
Ro: frame #16
bi: frame #31
nE: frame #43
Event onsets saved to: ../stimuli/words/mp4/word_h0_24.mp4.events
Figure was save to: ../stimuli/words/mp4/word_h0_24.mp4.png
Visualization for: ../stimuli/words/mp4/word_h0_24.mp4
32
            event stimulus  frame_number
0  SYLLABLE ONSET       Ro            13
1  SYLLABLE ONSET       bi            33
2  SYLLABLE ONSET       nE            54
The video was successfully saved
The marked video was saved to: ../stimuli/words/mp4/word_h0_24_marked_with_model_female_cropped.avi
