python is /network/lustre/iss02/home/annahita.sarre/anaconda3/envs/myenv/bin/python
Loaded model: ../trained_models/model_rf_position_female_cropped.pkl
Loaded video: ../stimuli/words/mp4/word_h0_18.mp4
Extracting coordinates...
Extracting coordinates for: word_h0_18.mp4
Number of frames in video: 75
Extracting features...
Face width computed for normalizaiton 0.1611031605783696
Features saved to: ../output/word_h0_18_features.csv
csv file with predictions was saved to ../output/predictions_rf_position_female_cropped_word_h0_18.csv
Loaded model: ../trained_models/model_rf_shape_female_cropped.pkl
Loaded video: ../stimuli/words/mp4/word_h0_18.mp4
Extracting coordinates...
Extracting coordinates for: word_h0_18.mp4
Number of frames in video: 75
Extracting features...
Face width computed for normalizaiton 0.1611031605783696
Features saved to: ../output/word_h0_18_features.csv
csv file with predictions was saved to ../output/predictions_rf_shape_female_cropped_word_h0_18.csv
Visualization for: ../stimuli/words/mp4/word_h0_18.mp4
32
Number of syllabels: 1
['o', 'se', '@']
Stimulus: océan
o: frame #24
Visualization for: ../stimuli/words/mp4/word_h0_18.mp4
32
