python is /network/lustre/iss02/home/annahita.sarre/anaconda3/envs/myenv/bin/python
Loaded model: ../trained_models/model_rf_position_female_cropped.pkl
Loaded video: ../stimuli/words/mp4/word_h1_05.mp4
Extracting coordinates...
Extracting coordinates for: word_h1_05.mp4
Number of frames in video: 65
Extracting features...
Face width computed for normalizaiton 0.1624969722899109
Features saved to: ../output/word_h1_05_features.csv
csv file with predictions was saved to ../output/predictions_rf_position_female_cropped_word_h1_05.csv
Loaded model: ../trained_models/model_rf_shape_female_cropped.pkl
Loaded video: ../stimuli/words/mp4/word_h1_05.mp4
Extracting coordinates...
Extracting coordinates for: word_h1_05.mp4
Number of frames in video: 65
Extracting features...
Face width computed for normalizaiton 0.1624969722899109
Features saved to: ../output/word_h1_05_features.csv
csv file with predictions was saved to ../output/predictions_rf_shape_female_cropped_word_h1_05.csv
Visualization for: ../stimuli/words/mp4/word_h1_05.mp4
32
Number of syllabels: 3
['ta', 'b', 'lo']
Stimulus: tableau
ta: frame #15
b: frame #28
lo: frame #34
Event onsets saved to: ../stimuli/words/mp4/word_h1_05.mp4.events
Figure was save to: ../stimuli/words/mp4/word_h1_05.mp4.png
Visualization for: ../stimuli/words/mp4/word_h1_05.mp4
32
            event stimulus  frame_number
0  SYLLABLE ONSET       ta            30
1  SYLLABLE ONSET        b            43
2  SYLLABLE ONSET       lo            45
The video was successfully saved
The marked video was saved to: ../stimuli/words/mp4/word_h1_05_marked_with_model_female_cropped.avi
