python is /network/lustre/iss02/home/annahita.sarre/anaconda3/envs/myenv/bin/python
Loaded model: ../trained_models/model_rf_position_female_cropped.pkl
Loaded video: ../stimuli/words/mp4/word_h2_32.mp4
Extracting coordinates...
Extracting coordinates for: word_h2_32.mp4
Number of frames in video: 66
Extracting features...
Face width computed for normalizaiton 0.1605097610718963
Features saved to: ../output/word_h2_32_features.csv
csv file with predictions was saved to ../output/predictions_rf_position_female_cropped_word_h2_32.csv
Loaded model: ../trained_models/model_rf_shape_female_cropped.pkl
Loaded video: ../stimuli/words/mp4/word_h2_32.mp4
Extracting coordinates...
Extracting coordinates for: word_h2_32.mp4
Number of frames in video: 66
Extracting features...
Face width computed for normalizaiton 0.1605097610718963
Features saved to: ../output/word_h2_32_features.csv
csv file with predictions was saved to ../output/predictions_rf_shape_female_cropped_word_h2_32.csv
Visualization for: ../stimuli/words/mp4/word_h2_32.mp4
32
Number of syllabels: 3
['f', '8i', 't']
Stimulus: fuite
f: frame #16
8i: frame #31
t: frame #38
Event onsets saved to: ../stimuli/words/mp4/word_h2_32.mp4.events
Figure was save to: ../stimuli/words/mp4/word_h2_32.mp4.png
Visualization for: ../stimuli/words/mp4/word_h2_32.mp4
32
            event stimulus  frame_number
0  SYLLABLE ONSET        f            20
1  SYLLABLE ONSET       8i            37
2  SYLLABLE ONSET        t            54
The video was successfully saved
The marked video was saved to: ../stimuli/words/mp4/word_h2_32_marked_with_model_female_cropped.avi
