python is /network/lustre/iss02/home/annahita.sarre/anaconda3/envs/myenv/bin/python
Loaded model: ../trained_models/model_rf_position_female_cropped.pkl
Loaded video: ../stimuli/words/mp4/word_h0_20.mp4
Extracting coordinates...
Extracting coordinates for: word_h0_20.mp4
Number of frames in video: 75
Extracting features...
Face width computed for normalizaiton 0.16069503702596755
Features saved to: ../output/word_h0_20_features.csv
csv file with predictions was saved to ../output/predictions_rf_position_female_cropped_word_h0_20.csv
Loaded model: ../trained_models/model_rf_shape_female_cropped.pkl
Loaded video: ../stimuli/words/mp4/word_h0_20.mp4
Extracting coordinates...
Extracting coordinates for: word_h0_20.mp4
Number of frames in video: 75
Extracting features...
Face width computed for normalizaiton 0.16069503702596755
Features saved to: ../output/word_h0_20_features.csv
csv file with predictions was saved to ../output/predictions_rf_shape_female_cropped_word_h0_20.csv
Visualization for: ../stimuli/words/mp4/word_h0_20.mp4
32
Number of syllabels: 3
['pa', 'Ra', 'di']
Stimulus: paradis
pa: frame #15
Ra: frame #26
di: frame #44
Event onsets saved to: ../stimuli/words/mp4/word_h0_20.mp4.events
Figure was save to: ../stimuli/words/mp4/word_h0_20.mp4.png
Visualization for: ../stimuli/words/mp4/word_h0_20.mp4
32
            event stimulus  frame_number
0  SYLLABLE ONSET       pa            10
1  SYLLABLE ONSET       Ra            29
2  SYLLABLE ONSET       di            59
The video was successfully saved
The marked video was saved to: ../stimuli/words/mp4/word_h0_20_marked_with_model_female_cropped.avi
