python is /network/lustre/iss02/home/annahita.sarre/anaconda3/envs/myenv/bin/python
Loaded model: ../trained_models/model_rf_position_female_cropped.pkl
Loaded video: ../stimuli/words/mp4/word_h0_28.mp4
Extracting coordinates...
Extracting coordinates for: word_h0_28.mp4
Number of frames in video: 72
Extracting features...
Face width computed for normalizaiton 0.1605027665814135
Features saved to: ../output/word_h0_28_features.csv
csv file with predictions was saved to ../output/predictions_rf_position_female_cropped_word_h0_28.csv
Loaded model: ../trained_models/model_rf_shape_female_cropped.pkl
Loaded video: ../stimuli/words/mp4/word_h0_28.mp4
Extracting coordinates...
Extracting coordinates for: word_h0_28.mp4
Number of frames in video: 72
Extracting features...
Face width computed for normalizaiton 0.1605027665814135
Features saved to: ../output/word_h0_28_features.csv
csv file with predictions was saved to ../output/predictions_rf_shape_female_cropped_word_h0_28.csv
Visualization for: ../stimuli/words/mp4/word_h0_28.mp4
32
Number of syllabels: 2
['y', 'ni', 'te']
Stimulus: unité
y: frame #14
ni: frame #42
Visualization for: ../stimuli/words/mp4/word_h0_28.mp4
32
