python is /network/lustre/iss02/home/annahita.sarre/anaconda3/envs/myenv/bin/python
Loaded model: ../trained_models/model_rf_position_female_cropped.pkl
Loaded video: ../stimuli/words/mp4/word_h2_23.mp4
Extracting coordinates...
Extracting coordinates for: word_h2_23.mp4
Number of frames in video: 66
Extracting features...
Face width computed for normalizaiton 0.16019989312076918
Features saved to: ../output/word_h2_23_features.csv
csv file with predictions was saved to ../output/predictions_rf_position_female_cropped_word_h2_23.csv
Loaded model: ../trained_models/model_rf_shape_female_cropped.pkl
Loaded video: ../stimuli/words/mp4/word_h2_23.mp4
Extracting coordinates...
Extracting coordinates for: word_h2_23.mp4
Number of frames in video: 66
Extracting features...
Face width computed for normalizaiton 0.16019989312076918
Features saved to: ../output/word_h2_23_features.csv
csv file with predictions was saved to ../output/predictions_rf_shape_female_cropped_word_h2_23.csv
Visualization for: ../stimuli/words/mp4/word_h2_23.mp4
32
Number of syllabels: 3
['bu', 'R', 's']
Stimulus: bourse
bu: frame #18
R: frame #33
s: frame #40
Event onsets saved to: ../stimuli/words/mp4/word_h2_23.mp4.events
Figure was save to: ../stimuli/words/mp4/word_h2_23.mp4.png
Visualization for: ../stimuli/words/mp4/word_h2_23.mp4
32
            event stimulus  frame_number
0  SYLLABLE ONSET       bu            24
1  SYLLABLE ONSET        R            44
2  SYLLABLE ONSET        s            54
The video was successfully saved
The marked video was saved to: ../stimuli/words/mp4/word_h2_23_marked_with_model_female_cropped.avi
