python is /network/lustre/iss02/home/annahita.sarre/anaconda3/envs/myenv/bin/python
Loaded model: ../trained_models/model_rf_position_female_cropped.pkl
Loaded video: ../stimuli/words/mp4/word_l1_08.mp4
Extracting coordinates...
Extracting coordinates for: word_l1_08.mp4
Number of frames in video: 63
Extracting features...
Face width computed for normalizaiton 0.1566840473538362
Features saved to: ../output/word_l1_08_features.csv
csv file with predictions was saved to ../output/predictions_rf_position_female_cropped_word_l1_08.csv
Loaded model: ../trained_models/model_rf_shape_female_cropped.pkl
Loaded video: ../stimuli/words/mp4/word_l1_08.mp4
Extracting coordinates...
Extracting coordinates for: word_l1_08.mp4
Number of frames in video: 63
Extracting features...
Face width computed for normalizaiton 0.1566840473538362
Features saved to: ../output/word_l1_08_features.csv
csv file with predictions was saved to ../output/predictions_rf_shape_female_cropped_word_l1_08.csv
Visualization for: ../stimuli/words/mp4/word_l1_08.mp4
32
Number of syllabels: 3
['ka', 'sy', 'R']
Stimulus: cassure
ka: frame #15
sy: frame #27
R: frame #39
Event onsets saved to: ../stimuli/words/mp4/word_l1_08.mp4.events
Figure was save to: ../stimuli/words/mp4/word_l1_08.mp4.png
Visualization for: ../stimuli/words/mp4/word_l1_08.mp4
32
            event stimulus  frame_number
0  SYLLABLE ONSET       ka            20
1  SYLLABLE ONSET       sy            32
2  SYLLABLE ONSET        R            47
The video was successfully saved
The marked video was saved to: ../stimuli/words/mp4/word_l1_08_marked_with_model_female_cropped.avi
