python is /network/lustre/iss02/home/annahita.sarre/anaconda3/envs/myenv/bin/python
Loaded model: ../trained_models/model_rf_position_female_cropped.pkl
Loaded video: ../stimuli/words/mp4/word_l1_24.mp4
Extracting coordinates...
Extracting coordinates for: word_l1_24.mp4
Number of frames in video: 66
Extracting features...
Face width computed for normalizaiton 0.15455482786563599
Features saved to: ../output/word_l1_24_features.csv
csv file with predictions was saved to ../output/predictions_rf_position_female_cropped_word_l1_24.csv
Loaded model: ../trained_models/model_rf_shape_female_cropped.pkl
Loaded video: ../stimuli/words/mp4/word_l1_24.mp4
Extracting coordinates...
Extracting coordinates for: word_l1_24.mp4
Number of frames in video: 66
Extracting features...
Face width computed for normalizaiton 0.15455482786563599
Features saved to: ../output/word_l1_24_features.csv
csv file with predictions was saved to ../output/predictions_rf_shape_female_cropped_word_l1_24.csv
Visualization for: ../stimuli/words/mp4/word_l1_24.mp4
32
Number of syllabels: 3
['l@', 'ti', 'j']
Stimulus: lentille
l@: frame #20
ti: frame #28
j: frame #43
Event onsets saved to: ../stimuli/words/mp4/word_l1_24.mp4.events
Figure was save to: ../stimuli/words/mp4/word_l1_24.mp4.png
Visualization for: ../stimuli/words/mp4/word_l1_24.mp4
32
            event stimulus  frame_number
0  SYLLABLE ONSET       l@            23
1  SYLLABLE ONSET       ti            34
2  SYLLABLE ONSET        j            51
The video was successfully saved
The marked video was saved to: ../stimuli/words/mp4/word_l1_24_marked_with_model_female_cropped.avi
