python is /network/lustre/iss02/home/annahita.sarre/anaconda3/envs/myenv/bin/python
Loaded model: ../trained_models/model_rf_position_female_cropped.pkl
Loaded video: ../stimuli/words/mp4/word_l1_02.mp4
Extracting coordinates...
Extracting coordinates for: word_l1_02.mp4
Number of frames in video: 57
Extracting features...
Face width computed for normalizaiton 0.15673013930374646
Features saved to: ../output/word_l1_02_features.csv
csv file with predictions was saved to ../output/predictions_rf_position_female_cropped_word_l1_02.csv
Loaded model: ../trained_models/model_rf_shape_female_cropped.pkl
Loaded video: ../stimuli/words/mp4/word_l1_02.mp4
Extracting coordinates...
Extracting coordinates for: word_l1_02.mp4
Number of frames in video: 57
Extracting features...
Face width computed for normalizaiton 0.15673013930374646
Features saved to: ../output/word_l1_02_features.csv
csv file with predictions was saved to ../output/predictions_rf_shape_female_cropped_word_l1_02.csv
Visualization for: ../stimuli/words/mp4/word_l1_02.mp4
32
Number of syllabels: 3
['ka', 'ja', 'k']
Stimulus: kayak
ka: frame #15
ja: frame #22
k: frame #33
Event onsets saved to: ../stimuli/words/mp4/word_l1_02.mp4.events
Figure was save to: ../stimuli/words/mp4/word_l1_02.mp4.png
Visualization for: ../stimuli/words/mp4/word_l1_02.mp4
32
            event stimulus  frame_number
0  SYLLABLE ONSET       ka            20
1  SYLLABLE ONSET       ja            32
2  SYLLABLE ONSET        k            34
The video was successfully saved
The marked video was saved to: ../stimuli/words/mp4/word_l1_02_marked_with_model_female_cropped.avi
