python is /network/lustre/iss02/home/annahita.sarre/anaconda3/envs/myenv/bin/python
Loaded model: ../trained_models/model_rf_position_female_cropped.pkl
Loaded video: ../stimuli/words/mp4/word_l1_25.mp4
Extracting coordinates...
Extracting coordinates for: word_l1_25.mp4
Number of frames in video: 60
Extracting features...
Face width computed for normalizaiton 0.15484840713142892
Features saved to: ../output/word_l1_25_features.csv
csv file with predictions was saved to ../output/predictions_rf_position_female_cropped_word_l1_25.csv
Loaded model: ../trained_models/model_rf_shape_female_cropped.pkl
Loaded video: ../stimuli/words/mp4/word_l1_25.mp4
Extracting coordinates...
Extracting coordinates for: word_l1_25.mp4
Number of frames in video: 60
Extracting features...
Face width computed for normalizaiton 0.15484840713142892
Features saved to: ../output/word_l1_25_features.csv
csv file with predictions was saved to ../output/predictions_rf_shape_female_cropped_word_l1_25.csv
Visualization for: ../stimuli/words/mp4/word_l1_25.mp4
32
Number of syllabels: 3
['sa', 'va', 'n']
Stimulus: savane
sa: frame #13
va: frame #28
n: frame #36
Event onsets saved to: ../stimuli/words/mp4/word_l1_25.mp4.events
Figure was save to: ../stimuli/words/mp4/word_l1_25.mp4.png
Visualization for: ../stimuli/words/mp4/word_l1_25.mp4
32
            event stimulus  frame_number
0  SYLLABLE ONSET       sa            18
1  SYLLABLE ONSET       va            29
2  SYLLABLE ONSET        n            37
The video was successfully saved
The marked video was saved to: ../stimuli/words/mp4/word_l1_25_marked_with_model_female_cropped.avi
