python is /network/lustre/iss02/home/annahita.sarre/anaconda3/envs/myenv/bin/python
Loaded model: ../trained_models/model_rf_position_female_cropped.pkl
Loaded video: ../stimuli/words/mp4/word_l2_31.mp4
Extracting coordinates...
Extracting coordinates for: word_l2_31.mp4
Number of frames in video: 59
Extracting features...
Face width computed for normalizaiton 0.15651343592702574
Features saved to: ../output/word_l2_31_features.csv
csv file with predictions was saved to ../output/predictions_rf_position_female_cropped_word_l2_31.csv
Loaded model: ../trained_models/model_rf_shape_female_cropped.pkl
Loaded video: ../stimuli/words/mp4/word_l2_31.mp4
Extracting coordinates...
Extracting coordinates for: word_l2_31.mp4
Number of frames in video: 59
Extracting features...
Face width computed for normalizaiton 0.15651343592702574
Features saved to: ../output/word_l2_31_features.csv
csv file with predictions was saved to ../output/predictions_rf_shape_female_cropped_word_l2_31.csv
Visualization for: ../stimuli/words/mp4/word_l2_31.mp4
32
Number of syllabels: 3
['p', 'so', 'm']
Stimulus: psaume
p: frame #19
so: frame #20
m: frame #32
Visualization for: ../stimuli/words/mp4/word_l2_31.mp4
32
