python is /network/lustre/iss02/home/annahita.sarre/anaconda3/envs/myenv/bin/python
Loaded model: ../trained_models/model_rf_position_female_cropped.pkl
Loaded video: ../stimuli/words/mp4/word_l2_01.mp4
Extracting coordinates...
Extracting coordinates for: word_l2_01.mp4
Number of frames in video: 52
Extracting features...
Face width computed for normalizaiton 0.15341127566482898
Features saved to: ../output/word_l2_01_features.csv
csv file with predictions was saved to ../output/predictions_rf_position_female_cropped_word_l2_01.csv
Loaded model: ../trained_models/model_rf_shape_female_cropped.pkl
Loaded video: ../stimuli/words/mp4/word_l2_01.mp4
Extracting coordinates...
Extracting coordinates for: word_l2_01.mp4
Number of frames in video: 52
Extracting features...
Face width computed for normalizaiton 0.15341127566482898
Features saved to: ../output/word_l2_01_features.csv
csv file with predictions was saved to ../output/predictions_rf_shape_female_cropped_word_l2_01.csv
Visualization for: ../stimuli/words/mp4/word_l2_01.mp4
32
Number of syllabels: 3
['ka', 'p', 'R']
Stimulus: câpre
ka: frame #18
p: frame #21
R: frame #27
Visualization for: ../stimuli/words/mp4/word_l2_01.mp4
32
