python is /network/lustre/iss02/home/annahita.sarre/anaconda3/envs/myenv/bin/python
Loaded model: ../trained_models/model_rf_position_female_cropped.pkl
Loaded video: ../stimuli/words/mp4/word_l2_27.mp4
Extracting coordinates...
Extracting coordinates for: word_l2_27.mp4
Number of frames in video: 61
Loaded model: ../trained_models/model_rf_shape_female_cropped.pkl
Loaded video: ../stimuli/words/mp4/word_l2_27.mp4
Extracting coordinates...
Extracting coordinates for: word_l2_27.mp4
Number of frames in video: 61
Visualization for: ../stimuli/words/mp4/word_l2_27.mp4
32
Number of syllabels: 3
['lu', 't', 'R']
Stimulus: loutre
lu: frame #22
t: frame #32
R: frame #36
Visualization for: ../stimuli/words/mp4/word_l2_27.mp4
32
