python is /network/lustre/iss02/home/annahita.sarre/anaconda3/envs/myenv/bin/python
Loaded model: ../trained_models/model_rf_position_female_cropped.pkl
Loaded video: ../stimuli/words/mp4/word_l2_12.mp4
Extracting coordinates...
Extracting coordinates for: word_l2_12.mp4
Number of frames in video: 57
Extracting features...
Face width computed for normalizaiton 0.15662723244526475
Features saved to: ../output/word_l2_12_features.csv
csv file with predictions was saved to ../output/predictions_rf_position_female_cropped_word_l2_12.csv
Loaded model: ../trained_models/model_rf_shape_female_cropped.pkl
Loaded video: ../stimuli/words/mp4/word_l2_12.mp4
Extracting coordinates...
Extracting coordinates for: word_l2_12.mp4
Number of frames in video: 57
Extracting features...
Face width computed for normalizaiton 0.15662723244526475
Features saved to: ../output/word_l2_12_features.csv
csv file with predictions was saved to ../output/predictions_rf_shape_female_cropped_word_l2_12.csv
Visualization for: ../stimuli/words/mp4/word_l2_12.mp4
32
Number of syllabels: 3
['tu', 'R', 't']
Stimulus: tourte
tu: frame #19
R: frame #24
t: frame #30
Visualization for: ../stimuli/words/mp4/word_l2_12.mp4
32
