python is /network/lustre/iss02/home/annahita.sarre/anaconda3/envs/myenv/bin/python
Loaded model: ../trained_models/model_rf_position_female_cropped.pkl
Loaded video: ../stimuli/words/mp4/word_l2_25.mp4
Extracting coordinates...
Extracting coordinates for: word_l2_25.mp4
Number of frames in video: 57
Extracting features...
Face width computed for normalizaiton 0.1560698719886501
Features saved to: ../output/word_l2_25_features.csv
csv file with predictions was saved to ../output/predictions_rf_position_female_cropped_word_l2_25.csv
Loaded model: ../trained_models/model_rf_shape_female_cropped.pkl
Loaded video: ../stimuli/words/mp4/word_l2_25.mp4
Extracting coordinates...
Extracting coordinates for: word_l2_25.mp4
Number of frames in video: 57
Extracting features...
Face width computed for normalizaiton 0.1560698719886501
Features saved to: ../output/word_l2_25_features.csv
csv file with predictions was saved to ../output/predictions_rf_shape_female_cropped_word_l2_25.csv
Visualization for: ../stimuli/words/mp4/word_l2_25.mp4
32
Number of syllabels: 3
['z', 'wa', 'v']
Stimulus: zouave
z: frame #22
wa: frame #23
v: frame #31
Event onsets saved to: ../stimuli/words/mp4/word_l2_25.mp4.events
Figure was save to: ../stimuli/words/mp4/word_l2_25.mp4.png
Visualization for: ../stimuli/words/mp4/word_l2_25.mp4
32
            event stimulus  frame_number
0  SYLLABLE ONSET        z            22
1  SYLLABLE ONSET       wa            38
2  SYLLABLE ONSET        v            42
The video was successfully saved
The marked video was saved to: ../stimuli/words/mp4/word_l2_25_marked_with_model_female_cropped.avi
