python is /network/lustre/iss02/home/annahita.sarre/anaconda3/envs/myenv/bin/python
Loaded model: ../trained_models/model_rf_position_female_cropped.pkl
Loaded video: ../stimuli/words/mp4/word_l2_19.mp4
Extracting coordinates...
Extracting coordinates for: word_l2_19.mp4
Number of frames in video: 60
Extracting features...
Face width computed for normalizaiton 0.1563990045216174
Features saved to: ../output/word_l2_19_features.csv
csv file with predictions was saved to ../output/predictions_rf_position_female_cropped_word_l2_19.csv
Loaded model: ../trained_models/model_rf_shape_female_cropped.pkl
Loaded video: ../stimuli/words/mp4/word_l2_19.mp4
Extracting coordinates...
Extracting coordinates for: word_l2_19.mp4
Number of frames in video: 60
Extracting features...
Face width computed for normalizaiton 0.1563990045216174
Features saved to: ../output/word_l2_19_features.csv
csv file with predictions was saved to ../output/predictions_rf_shape_female_cropped_word_l2_19.csv
Visualization for: ../stimuli/words/mp4/word_l2_19.mp4
32
Number of syllabels: 3
['l', 'w9', 'R']
Stimulus: loueur
l: frame #22
w9: frame #23
R: frame #33
Event onsets saved to: ../stimuli/words/mp4/word_l2_19.mp4.events
Figure was save to: ../stimuli/words/mp4/word_l2_19.mp4.png
Visualization for: ../stimuli/words/mp4/word_l2_19.mp4
32
            event stimulus  frame_number
0  SYLLABLE ONSET        l            19
1  SYLLABLE ONSET       w9            42
2  SYLLABLE ONSET        R            46
The video was successfully saved
The marked video was saved to: ../stimuli/words/mp4/word_l2_19_marked_with_model_female_cropped.avi
