python is /network/lustre/iss02/home/annahita.sarre/anaconda3/envs/myenv/bin/python
Loaded model: ../trained_models/model_rf_position_female_cropped.pkl
Loaded video: ../stimuli/words/mp4/word_l0_29.mp4
Extracting coordinates...
Extracting coordinates for: word_l0_29.mp4
Number of frames in video: 72
Extracting features...
Face width computed for normalizaiton 0.1564692146945994
Features saved to: ../output/word_l0_29_features.csv
csv file with predictions was saved to ../output/predictions_rf_position_female_cropped_word_l0_29.csv
Loaded model: ../trained_models/model_rf_shape_female_cropped.pkl
Loaded video: ../stimuli/words/mp4/word_l0_29.mp4
Extracting coordinates...
Extracting coordinates for: word_l0_29.mp4
Number of frames in video: 72
Extracting features...
Face width computed for normalizaiton 0.1564692146945994
Features saved to: ../output/word_l0_29_features.csv
csv file with predictions was saved to ../output/predictions_rf_shape_female_cropped_word_l0_29.csv
Visualization for: ../stimuli/words/mp4/word_l0_29.mp4
32
Number of syllabels: 3
['k@', 'gu', 'Ru']
Stimulus: kangourou
k@: frame #22
gu: frame #31
Ru: frame #39
Event onsets saved to: ../stimuli/words/mp4/word_l0_29.mp4.events
Figure was save to: ../stimuli/words/mp4/word_l0_29.mp4.png
Visualization for: ../stimuli/words/mp4/word_l0_29.mp4
32
            event stimulus  frame_number
0  SYLLABLE ONSET       k@            21
1  SYLLABLE ONSET       gu            36
2  SYLLABLE ONSET       Ru            56
The video was successfully saved
The marked video was saved to: ../stimuli/words/mp4/word_l0_29_marked_with_model_female_cropped.avi
