python is /network/lustre/iss02/home/annahita.sarre/anaconda3/envs/myenv/bin/python
Loaded model: ../trained_models/model_rf_position_female_cropped.pkl
Loaded video: ../stimuli/words/mp4/word_l0_16.mp4
Extracting coordinates...
Extracting coordinates for: word_l0_16.mp4
Number of frames in video: 72
Extracting features...
Face width computed for normalizaiton 0.15867241823223344
Features saved to: ../output/word_l0_16_features.csv
csv file with predictions was saved to ../output/predictions_rf_position_female_cropped_word_l0_16.csv
Loaded model: ../trained_models/model_rf_shape_female_cropped.pkl
Loaded video: ../stimuli/words/mp4/word_l0_16.mp4
Extracting coordinates...
Extracting coordinates for: word_l0_16.mp4
Number of frames in video: 72
Extracting features...
Face width computed for normalizaiton 0.15867241823223344
Features saved to: ../output/word_l0_16_features.csv
csv file with predictions was saved to ../output/predictions_rf_shape_female_cropped_word_l0_16.csv
Visualization for: ../stimuli/words/mp4/word_l0_16.mp4
32
Number of syllabels: 3
['si', 'bu', 'lo']
Stimulus: ciboulot
si: frame #18
bu: frame #34
lo: frame #45
Event onsets saved to: ../stimuli/words/mp4/word_l0_16.mp4.events
Figure was save to: ../stimuli/words/mp4/word_l0_16.mp4.png
Visualization for: ../stimuli/words/mp4/word_l0_16.mp4
32
            event stimulus  frame_number
0  SYLLABLE ONSET       si            24
1  SYLLABLE ONSET       bu            37
2  SYLLABLE ONSET       lo            54
The video was successfully saved
The marked video was saved to: ../stimuli/words/mp4/word_l0_16_marked_with_model_female_cropped.avi
