python is /network/lustre/iss02/home/annahita.sarre/anaconda3/envs/myenv/bin/python
Loaded model: ../trained_models/model_rf_position_female_cropped.pkl
Loaded video: ../stimuli/words/mp4/word_l1_17.mp4
Extracting coordinates...
Extracting coordinates for: word_l1_17.mp4
Number of frames in video: 72
Extracting features...
Face width computed for normalizaiton 0.15552862404223894
Features saved to: ../output/word_l1_17_features.csv
csv file with predictions was saved to ../output/predictions_rf_position_female_cropped_word_l1_17.csv
Loaded model: ../trained_models/model_rf_shape_female_cropped.pkl
Loaded video: ../stimuli/words/mp4/word_l1_17.mp4
Extracting coordinates...
Extracting coordinates for: word_l1_17.mp4
Number of frames in video: 72
Extracting features...
Face width computed for normalizaiton 0.15552862404223894
Features saved to: ../output/word_l1_17_features.csv
csv file with predictions was saved to ../output/predictions_rf_shape_female_cropped_word_l1_17.csv
Visualization for: ../stimuli/words/mp4/word_l1_17.mp4
32
Number of syllabels: 3
['fo', 'RO', 'm']
Stimulus: forum
fo: frame #15
RO: frame #37
m: frame #46
Event onsets saved to: ../stimuli/words/mp4/word_l1_17.mp4.events
Figure was save to: ../stimuli/words/mp4/word_l1_17.mp4.png
Visualization for: ../stimuli/words/mp4/word_l1_17.mp4
32
            event stimulus  frame_number
0  SYLLABLE ONSET       fo            27
1  SYLLABLE ONSET       RO            40
2  SYLLABLE ONSET        m            57
The video was successfully saved
The marked video was saved to: ../stimuli/words/mp4/word_l1_17_marked_with_model_female_cropped.avi
