python is /network/lustre/iss02/home/annahita.sarre/anaconda3/envs/myenv/bin/python
Loaded model: ../trained_models/model_rf_position_female_cropped.pkl
Loaded video: ../stimuli/words/mp4/word_l2_29.mp4
Extracting coordinates...
Extracting coordinates for: word_l2_29.mp4
Number of frames in video: 62
Extracting features...
Face width computed for normalizaiton 0.1562060526486149
Features saved to: ../output/word_l2_29_features.csv
csv file with predictions was saved to ../output/predictions_rf_position_female_cropped_word_l2_29.csv
Loaded model: ../trained_models/model_rf_shape_female_cropped.pkl
Loaded video: ../stimuli/words/mp4/word_l2_29.mp4
Extracting coordinates...
Extracting coordinates for: word_l2_29.mp4
Number of frames in video: 62
Extracting features...
Face width computed for normalizaiton 0.1562060526486149
Features saved to: ../output/word_l2_29_features.csv
csv file with predictions was saved to ../output/predictions_rf_shape_female_cropped_word_l2_29.csv
Visualization for: ../stimuli/words/mp4/word_l2_29.mp4
32
Number of syllabels: 3
['nO', 'R', 'm']
Stimulus: norme
nO: frame #26
R: frame #32
m: frame #37
Event onsets saved to: ../stimuli/words/mp4/word_l2_29.mp4.events
Figure was save to: ../stimuli/words/mp4/word_l2_29.mp4.png
Visualization for: ../stimuli/words/mp4/word_l2_29.mp4
32
            event stimulus  frame_number
0  SYLLABLE ONSET       nO            24
1  SYLLABLE ONSET        R            38
2  SYLLABLE ONSET        m            49
The video was successfully saved
The marked video was saved to: ../stimuli/words/mp4/word_l2_29_marked_with_model_female_cropped.avi
