python is /network/lustre/iss02/home/annahita.sarre/anaconda3/envs/myenv/bin/python
Loaded model: ../trained_models/model_rf_position_female_cropped.pkl
Loaded video: ../stimuli/words/mp4/word_l0_15.mp4
Extracting coordinates...
Extracting coordinates for: word_l0_15.mp4
Number of frames in video: 60
Extracting features...
Face width computed for normalizaiton 0.1578837543727369
Features saved to: ../output/word_l0_15_features.csv
csv file with predictions was saved to ../output/predictions_rf_position_female_cropped_word_l0_15.csv
Loaded model: ../trained_models/model_rf_shape_female_cropped.pkl
Loaded video: ../stimuli/words/mp4/word_l0_15.mp4
Extracting coordinates...
Extracting coordinates for: word_l0_15.mp4
Number of frames in video: 60
Extracting features...
Face width computed for normalizaiton 0.1578837543727369
Features saved to: ../output/word_l0_15_features.csv
csv file with predictions was saved to ../output/predictions_rf_shape_female_cropped_word_l0_15.csv
Visualization for: ../stimuli/words/mp4/word_l0_15.mp4
32
Number of syllabels: 3
['a', 'ba', 'ti']
Stimulus: abatis
a: frame #18
ba: frame #24
ti: frame #34
Visualization for: ../stimuli/words/mp4/word_l0_15.mp4
32
