python is /network/lustre/iss02/home/annahita.sarre/anaconda3/envs/myenv/bin/python
Loaded model: ../trained_models/model_rf_position_female_cropped.pkl
Loaded video: ../stimuli/words/mp4/word_l2_09.mp4
Extracting coordinates...
Extracting coordinates for: word_l2_09.mp4
Number of frames in video: 60
Extracting features...
Face width computed for normalizaiton 0.1565447129024634
Features saved to: ../output/word_l2_09_features.csv
csv file with predictions was saved to ../output/predictions_rf_position_female_cropped_word_l2_09.csv
Loaded model: ../trained_models/model_rf_shape_female_cropped.pkl
Loaded video: ../stimuli/words/mp4/word_l2_09.mp4
Extracting coordinates...
Extracting coordinates for: word_l2_09.mp4
Number of frames in video: 60
Extracting features...
Face width computed for normalizaiton 0.1565447129024634
Features saved to: ../output/word_l2_09_features.csv
csv file with predictions was saved to ../output/predictions_rf_shape_female_cropped_word_l2_09.csv
Visualization for: ../stimuli/words/mp4/word_l2_09.mp4
32
Number of syllabels: 3
['by', 'l', 'b']
Stimulus: bulbe
by: frame #24
l: frame #30
b: frame #36
Event onsets saved to: ../stimuli/words/mp4/word_l2_09.mp4.events
Figure was save to: ../stimuli/words/mp4/word_l2_09.mp4.png
Visualization for: ../stimuli/words/mp4/word_l2_09.mp4
32
            event stimulus  frame_number
0  SYLLABLE ONSET       by            17
1  SYLLABLE ONSET        l            49
2  SYLLABLE ONSET        b            51
The video was successfully saved
The marked video was saved to: ../stimuli/words/mp4/word_l2_09_marked_with_model_female_cropped.avi
