python is /network/lustre/iss02/home/annahita.sarre/anaconda3/envs/myenv/bin/python
Loaded model: ../trained_models/model_rf_position_female_cropped.pkl
Loaded video: ../stimuli/words/mp4/word_l1_10.mp4
Extracting coordinates...
Extracting coordinates for: word_l1_10.mp4
Number of frames in video: 57
Extracting features...
Face width computed for normalizaiton 0.1551777571324945
Features saved to: ../output/word_l1_10_features.csv
csv file with predictions was saved to ../output/predictions_rf_position_female_cropped_word_l1_10.csv
Loaded model: ../trained_models/model_rf_shape_female_cropped.pkl
Loaded video: ../stimuli/words/mp4/word_l1_10.mp4
Extracting coordinates...
Extracting coordinates for: word_l1_10.mp4
Number of frames in video: 57
Extracting features...
Face width computed for normalizaiton 0.1551777571324945
Features saved to: ../output/word_l1_10_features.csv
csv file with predictions was saved to ../output/predictions_rf_shape_female_cropped_word_l1_10.csv
Visualization for: ../stimuli/words/mp4/word_l1_10.mp4
32
Number of syllabels: 3
['vE', 'R', 'so']
Stimulus: verso
vE: frame #22
R: frame #30
so: frame #34
Event onsets saved to: ../stimuli/words/mp4/word_l1_10.mp4.events
Figure was save to: ../stimuli/words/mp4/word_l1_10.mp4.png
Visualization for: ../stimuli/words/mp4/word_l1_10.mp4
32
            event stimulus  frame_number
0  SYLLABLE ONSET       vE            21
1  SYLLABLE ONSET        R            36
2  SYLLABLE ONSET       so            48
The video was successfully saved
The marked video was saved to: ../stimuli/words/mp4/word_l1_10_marked_with_model_female_cropped.avi
