python is /network/lustre/iss02/home/annahita.sarre/anaconda3/envs/myenv/bin/python
Loaded model: ../trained_models/model_rf_position_female_cropped.pkl
Loaded video: ../stimuli/words/mp4/word_l0_35.mp4
Extracting coordinates...
Extracting coordinates for: word_l0_35.mp4
Number of frames in video: 75
Extracting features...
Face width computed for normalizaiton 0.15681303790700862
Features saved to: ../output/word_l0_35_features.csv
csv file with predictions was saved to ../output/predictions_rf_position_female_cropped_word_l0_35.csv
Loaded model: ../trained_models/model_rf_shape_female_cropped.pkl
Loaded video: ../stimuli/words/mp4/word_l0_35.mp4
Extracting coordinates...
Extracting coordinates for: word_l0_35.mp4
Number of frames in video: 75
Extracting features...
Face width computed for normalizaiton 0.15681303790700862
Features saved to: ../output/word_l0_35_features.csv
csv file with predictions was saved to ../output/predictions_rf_shape_female_cropped_word_l0_35.csv
Visualization for: ../stimuli/words/mp4/word_l0_35.mp4
32
Number of syllabels: 2
['a', 'li', 'm@']
Stimulus: aliment
a: frame #17
li: frame #40
Visualization for: ../stimuli/words/mp4/word_l0_35.mp4
32
