python is /network/lustre/iss02/home/annahita.sarre/anaconda3/envs/myenv/bin/python
Loaded model: ../trained_models/model_rf_position_female_cropped.pkl
Loaded video: ../stimuli/words/mp4/word_l2_38.mp4
Extracting coordinates...
Extracting coordinates for: word_l2_38.mp4
Number of frames in video: 60
Extracting features...
Face width computed for normalizaiton 0.15594211763211963
Features saved to: ../output/word_l2_38_features.csv
csv file with predictions was saved to ../output/predictions_rf_position_female_cropped_word_l2_38.csv
Loaded model: ../trained_models/model_rf_shape_female_cropped.pkl
Loaded video: ../stimuli/words/mp4/word_l2_38.mp4
Extracting coordinates...
Extracting coordinates for: word_l2_38.mp4
Number of frames in video: 60
Extracting features...
Face width computed for normalizaiton 0.15594211763211963
Features saved to: ../output/word_l2_38_features.csv
csv file with predictions was saved to ../output/predictions_rf_shape_female_cropped_word_l2_38.csv
Visualization for: ../stimuli/words/mp4/word_l2_38.mp4
32
Number of syllabels: 3
['g', 'Ra', 'm']
Stimulus: gramme
g: frame #20
Ra: frame #24
m: frame #34
Event onsets saved to: ../stimuli/words/mp4/word_l2_38.mp4.events
Figure was save to: ../stimuli/words/mp4/word_l2_38.mp4.png
Visualization for: ../stimuli/words/mp4/word_l2_38.mp4
32
            event stimulus  frame_number
0  SYLLABLE ONSET        g             6
1  SYLLABLE ONSET       Ra            32
2  SYLLABLE ONSET        m            43
The video was successfully saved
The marked video was saved to: ../stimuli/words/mp4/word_l2_38_marked_with_model_female_cropped.avi
