python is /network/lustre/iss02/home/annahita.sarre/anaconda3/envs/myenv/bin/python
Loaded model: ../trained_models/model_rf_position_female_cropped.pkl
Loaded video: ../stimuli/words/mp4/word_l0_32.mp4
Extracting coordinates...
Extracting coordinates for: word_l0_32.mp4
Number of frames in video: 78
Extracting features...
Face width computed for normalizaiton 0.15678903947378098
Features saved to: ../output/word_l0_32_features.csv
csv file with predictions was saved to ../output/predictions_rf_position_female_cropped_word_l0_32.csv
Loaded model: ../trained_models/model_rf_shape_female_cropped.pkl
Loaded video: ../stimuli/words/mp4/word_l0_32.mp4
Extracting coordinates...
Extracting coordinates for: word_l0_32.mp4
Number of frames in video: 78
Extracting features...
Face width computed for normalizaiton 0.15678903947378098
Features saved to: ../output/word_l0_32_features.csv
csv file with predictions was saved to ../output/predictions_rf_shape_female_cropped_word_l0_32.csv
Visualization for: ../stimuli/words/mp4/word_l0_32.mp4
32
Number of syllabels: 3
['S5', 'p@', 'ze']
Stimulus: chimpanzé
S5: frame #21
p@: frame #36
ze: frame #52
Event onsets saved to: ../stimuli/words/mp4/word_l0_32.mp4.events
Figure was save to: ../stimuli/words/mp4/word_l0_32.mp4.png
Visualization for: ../stimuli/words/mp4/word_l0_32.mp4
32
            event stimulus  frame_number
0  SYLLABLE ONSET       S5            23
1  SYLLABLE ONSET       p@            37
2  SYLLABLE ONSET       ze            64
The video was successfully saved
The marked video was saved to: ../stimuli/words/mp4/word_l0_32_marked_with_model_female_cropped.avi
