python is /network/lustre/iss02/home/annahita.sarre/anaconda3/envs/myenv/bin/python
Loaded model: ../trained_models/model_rf_position_female_cropped.pkl
Loaded video: ../stimuli/words/mp4/word_l1_19.mp4
Extracting coordinates...
Extracting coordinates for: word_l1_19.mp4
Number of frames in video: 57
Extracting features...
Face width computed for normalizaiton 0.1558257614513406
Features saved to: ../output/word_l1_19_features.csv
csv file with predictions was saved to ../output/predictions_rf_position_female_cropped_word_l1_19.csv
Loaded model: ../trained_models/model_rf_shape_female_cropped.pkl
Loaded video: ../stimuli/words/mp4/word_l1_19.mp4
Extracting coordinates...
Extracting coordinates for: word_l1_19.mp4
Number of frames in video: 57
Extracting features...
Face width computed for normalizaiton 0.1558257614513406
Features saved to: ../output/word_l1_19_features.csv
csv file with predictions was saved to ../output/predictions_rf_shape_female_cropped_word_l1_19.csv
Visualization for: ../stimuli/words/mp4/word_l1_19.mp4
32
Number of syllabels: 3
['ty', 'R', 'bo']
Stimulus: turbo
ty: frame #17
R: frame #28
bo: frame #32
Visualization for: ../stimuli/words/mp4/word_l1_19.mp4
32
