python is /network/lustre/iss02/home/annahita.sarre/anaconda3/envs/myenv/bin/python
Loaded model: ../trained_models/model_rf_position_female_cropped.pkl
Loaded video: ../stimuli/words/mp4/word_l2_15.mp4
Extracting coordinates...
Extracting coordinates for: word_l2_15.mp4
Number of frames in video: 55
Extracting features...
Face width computed for normalizaiton 0.1558542312754185
Features saved to: ../output/word_l2_15_features.csv
csv file with predictions was saved to ../output/predictions_rf_position_female_cropped_word_l2_15.csv
Loaded model: ../trained_models/model_rf_shape_female_cropped.pkl
Loaded video: ../stimuli/words/mp4/word_l2_15.mp4
Extracting coordinates...
Extracting coordinates for: word_l2_15.mp4
Number of frames in video: 55
Extracting features...
Face width computed for normalizaiton 0.1558542312754185
Features saved to: ../output/word_l2_15_features.csv
csv file with predictions was saved to ../output/predictions_rf_shape_female_cropped_word_l2_15.csv
Visualization for: ../stimuli/words/mp4/word_l2_15.mp4
32
Number of syllabels: 3
['bu', 'R', 'd']
Stimulus: bourde
bu: frame #10
R: frame #23
d: frame #25
Visualization for: ../stimuli/words/mp4/word_l2_15.mp4
32
