python is /network/lustre/iss02/home/annahita.sarre/anaconda3/envs/myenv/bin/python
Loaded model: ../trained_models/model_rf_position_female_cropped.pkl
Loaded video: ../stimuli/words/mp4/word_l0_25.mp4
Extracting coordinates...
Extracting coordinates for: word_l0_25.mp4
Number of frames in video: 69
Extracting features...
Face width computed for normalizaiton 0.15735428692163791
Features saved to: ../output/word_l0_25_features.csv
csv file with predictions was saved to ../output/predictions_rf_position_female_cropped_word_l0_25.csv
Loaded model: ../trained_models/model_rf_shape_female_cropped.pkl
Loaded video: ../stimuli/words/mp4/word_l0_25.mp4
Extracting coordinates...
Extracting coordinates for: word_l0_25.mp4
Number of frames in video: 69
Extracting features...
Face width computed for normalizaiton 0.15735428692163791
Features saved to: ../output/word_l0_25_features.csv
csv file with predictions was saved to ../output/predictions_rf_shape_female_cropped_word_l0_25.csv
Visualization for: ../stimuli/words/mp4/word_l0_25.mp4
32
Number of syllabels: 3
['Si', 'ko', 'Re']
Stimulus: chicorée
Si: frame #19
ko: frame #31
Re: frame #45
Event onsets saved to: ../stimuli/words/mp4/word_l0_25.mp4.events
Figure was save to: ../stimuli/words/mp4/word_l0_25.mp4.png
Visualization for: ../stimuli/words/mp4/word_l0_25.mp4
32
            event stimulus  frame_number
0  SYLLABLE ONSET       Si            22
1  SYLLABLE ONSET       ko            34
2  SYLLABLE ONSET       Re            55
The video was successfully saved
The marked video was saved to: ../stimuli/words/mp4/word_l0_25_marked_with_model_female_cropped.avi
