python is /network/lustre/iss02/home/annahita.sarre/anaconda3/envs/myenv/bin/python
Loaded model: ../trained_models/model_rf_position_female_cropped.pkl
Loaded video: ../stimuli/words/mp4/word_l2_02.mp4
Extracting coordinates...
Extracting coordinates for: word_l2_02.mp4
Number of frames in video: 55
Extracting features...
Face width computed for normalizaiton 0.156560559514767
Features saved to: ../output/word_l2_02_features.csv
csv file with predictions was saved to ../output/predictions_rf_position_female_cropped_word_l2_02.csv
Loaded model: ../trained_models/model_rf_shape_female_cropped.pkl
Loaded video: ../stimuli/words/mp4/word_l2_02.mp4
Extracting coordinates...
Extracting coordinates for: word_l2_02.mp4
Number of frames in video: 55
Extracting features...
Face width computed for normalizaiton 0.156560559514767
Features saved to: ../output/word_l2_02_features.csv
csv file with predictions was saved to ../output/predictions_rf_shape_female_cropped_word_l2_02.csv
Visualization for: ../stimuli/words/mp4/word_l2_02.mp4
32
Number of syllabels: 3
['g', 'Ra', 'l']
Stimulus: graal
g: frame #14
Ra: frame #15
l: frame #28
Event onsets saved to: ../stimuli/words/mp4/word_l2_02.mp4.events
Figure was save to: ../stimuli/words/mp4/word_l2_02.mp4.png
Visualization for: ../stimuli/words/mp4/word_l2_02.mp4
32
            event stimulus  frame_number
0  SYLLABLE ONSET        g            34
1  SYLLABLE ONSET       Ra            38
2  SYLLABLE ONSET        l            40
The video was successfully saved
The marked video was saved to: ../stimuli/words/mp4/word_l2_02_marked_with_model_female_cropped.avi
