python is /network/lustre/iss02/home/annahita.sarre/anaconda3/envs/myenv/bin/python
Loaded model: ../trained_models/model_rf_position_female_cropped.pkl
Loaded video: ../stimuli/words/mp4/word_l1_20.mp4
Extracting coordinates...
Extracting coordinates for: word_l1_20.mp4
Number of frames in video: 72
Extracting features...
Face width computed for normalizaiton 0.15553443214045645
Features saved to: ../output/word_l1_20_features.csv
csv file with predictions was saved to ../output/predictions_rf_position_female_cropped_word_l1_20.csv
Loaded model: ../trained_models/model_rf_shape_female_cropped.pkl
Loaded video: ../stimuli/words/mp4/word_l1_20.mp4
Extracting coordinates...
Extracting coordinates for: word_l1_20.mp4
Number of frames in video: 72
Extracting features...
Face width computed for normalizaiton 0.15553443214045645
Features saved to: ../output/word_l1_20_features.csv
csv file with predictions was saved to ../output/predictions_rf_shape_female_cropped_word_l1_20.csv
Visualization for: ../stimuli/words/mp4/word_l1_20.mp4
32
Number of syllabels: 3
['si', 'ga', 'l']
Stimulus: cigale
si: frame #21
ga: frame #39
l: frame #46
Event onsets saved to: ../stimuli/words/mp4/word_l1_20.mp4.events
Figure was save to: ../stimuli/words/mp4/word_l1_20.mp4.png
Visualization for: ../stimuli/words/mp4/word_l1_20.mp4
32
            event stimulus  frame_number
0  SYLLABLE ONSET       si            14
1  SYLLABLE ONSET       ga            27
2  SYLLABLE ONSET        l            50
The video was successfully saved
The marked video was saved to: ../stimuli/words/mp4/word_l1_20_marked_with_model_female_cropped.avi
