python is /network/lustre/iss02/home/annahita.sarre/anaconda3/envs/myenv/bin/python
Loaded model: ../trained_models/model_rf_position_female_cropped.pkl
Loaded video: ../stimuli/words/mp4/word_l1_36.mp4
Extracting coordinates...
Extracting coordinates for: word_l1_36.mp4
Number of frames in video: 65
Extracting features...
Face width computed for normalizaiton 0.15357111412735683
Features saved to: ../output/word_l1_36_features.csv
csv file with predictions was saved to ../output/predictions_rf_position_female_cropped_word_l1_36.csv
Loaded model: ../trained_models/model_rf_shape_female_cropped.pkl
Loaded video: ../stimuli/words/mp4/word_l1_36.mp4
Extracting coordinates...
Extracting coordinates for: word_l1_36.mp4
Number of frames in video: 65
Extracting features...
Face width computed for normalizaiton 0.15357111412735683
Features saved to: ../output/word_l1_36_features.csv
csv file with predictions was saved to ../output/predictions_rf_shape_female_cropped_word_l1_36.csv
Visualization for: ../stimuli/words/mp4/word_l1_36.mp4
32
Number of syllabels: 3
['l@', 'b', 'Ri']
Stimulus: lambris
l@: frame #23
b: frame #32
Ri: frame #36
Event onsets saved to: ../stimuli/words/mp4/word_l1_36.mp4.events
Figure was save to: ../stimuli/words/mp4/word_l1_36.mp4.png
Visualization for: ../stimuli/words/mp4/word_l1_36.mp4
32
            event stimulus  frame_number
0  SYLLABLE ONSET       l@            24
1  SYLLABLE ONSET        b            37
2  SYLLABLE ONSET       Ri            50
The video was successfully saved
The marked video was saved to: ../stimuli/words/mp4/word_l1_36_marked_with_model_female_cropped.avi
