python is /network/lustre/iss02/home/annahita.sarre/anaconda3/envs/myenv/bin/python
Loaded model: ../trained_models/model_rf_position_female_cropped.pkl
Loaded video: ../stimuli/words/mp4/word_l1_11.mp4
Extracting coordinates...
Extracting coordinates for: word_l1_11.mp4
Number of frames in video: 57
Extracting features...
Face width computed for normalizaiton 0.15522406114047088
Features saved to: ../output/word_l1_11_features.csv
csv file with predictions was saved to ../output/predictions_rf_position_female_cropped_word_l1_11.csv
Loaded model: ../trained_models/model_rf_shape_female_cropped.pkl
Loaded video: ../stimuli/words/mp4/word_l1_11.mp4
Extracting coordinates...
Extracting coordinates for: word_l1_11.mp4
Number of frames in video: 57
Extracting features...
Face width computed for normalizaiton 0.15522406114047088
Features saved to: ../output/word_l1_11_features.csv
csv file with predictions was saved to ../output/predictions_rf_shape_female_cropped_word_l1_11.csv
Visualization for: ../stimuli/words/mp4/word_l1_11.mp4
32
Number of syllabels: 0
['k', 'Ra', 'S5']
Stimulus: crachin
Visualization for: ../stimuli/words/mp4/word_l1_11.mp4
32
