python is /network/lustre/iss02/home/annahita.sarre/anaconda3/envs/myenv/bin/python
Loaded model: ../trained_models/model_rf_position_female_cropped.pkl
Loaded video: ../stimuli/words/mp4/word_l1_07.mp4
Extracting coordinates...
Extracting coordinates for: word_l1_07.mp4
Number of frames in video: 69
Extracting features...
Face width computed for normalizaiton 0.15772517302072386
Features saved to: ../output/word_l1_07_features.csv
csv file with predictions was saved to ../output/predictions_rf_position_female_cropped_word_l1_07.csv
Loaded model: ../trained_models/model_rf_shape_female_cropped.pkl
Loaded video: ../stimuli/words/mp4/word_l1_07.mp4
Extracting coordinates...
Extracting coordinates for: word_l1_07.mp4
Number of frames in video: 69
Extracting features...
Face width computed for normalizaiton 0.15772517302072386
Features saved to: ../output/word_l1_07_features.csv
csv file with predictions was saved to ../output/predictions_rf_shape_female_cropped_word_l1_07.csv
Visualization for: ../stimuli/words/mp4/word_l1_07.mp4
32
Number of syllabels: 3
['bE', 'Na', 'd']
Stimulus: baignade
bE: frame #35
Na: frame #41
d: frame #45
Event onsets saved to: ../stimuli/words/mp4/word_l1_07.mp4.events
Figure was save to: ../stimuli/words/mp4/word_l1_07.mp4.png
Visualization for: ../stimuli/words/mp4/word_l1_07.mp4
32
            event stimulus  frame_number
0  SYLLABLE ONSET       bE            16
1  SYLLABLE ONSET       Na            23
2  SYLLABLE ONSET        d            53
The video was successfully saved
The marked video was saved to: ../stimuli/words/mp4/word_l1_07_marked_with_model_female_cropped.avi
