python is /network/lustre/iss02/home/annahita.sarre/anaconda3/envs/myenv/bin/python
Loaded model: ../trained_models/model_rf_position_female_cropped.pkl
Loaded video: ../stimuli/words/mp4/word_l2_16.mp4
Extracting coordinates...
Extracting coordinates for: word_l2_16.mp4
Number of frames in video: 58
Extracting features...
Face width computed for normalizaiton 0.15653553130820483
Features saved to: ../output/word_l2_16_features.csv
csv file with predictions was saved to ../output/predictions_rf_position_female_cropped_word_l2_16.csv
Loaded model: ../trained_models/model_rf_shape_female_cropped.pkl
Loaded video: ../stimuli/words/mp4/word_l2_16.mp4
Extracting coordinates...
Extracting coordinates for: word_l2_16.mp4
Number of frames in video: 58
Extracting features...
Face width computed for normalizaiton 0.15653553130820483
Features saved to: ../output/word_l2_16_features.csv
csv file with predictions was saved to ../output/predictions_rf_shape_female_cropped_word_l2_16.csv
Visualization for: ../stimuli/words/mp4/word_l2_16.mp4
32
Number of syllabels: 3
['lE', 's', 't']
Stimulus: lest
lE: frame #14
s: frame #24
t: frame #25
Visualization for: ../stimuli/words/mp4/word_l2_16.mp4
32
