python is /network/lustre/iss02/home/annahita.sarre/anaconda3/envs/myenv/bin/python
Loaded model: ../trained_models/model_rf_position_female_cropped.pkl
Loaded video: ../stimuli/words/mp4/word_l2_33.mp4
Extracting coordinates...
Extracting coordinates for: word_l2_33.mp4
Number of frames in video: 57
Extracting features...
Face width computed for normalizaiton 0.1557513306808468
Features saved to: ../output/word_l2_33_features.csv
csv file with predictions was saved to ../output/predictions_rf_position_female_cropped_word_l2_33.csv
Loaded model: ../trained_models/model_rf_shape_female_cropped.pkl
Loaded video: ../stimuli/words/mp4/word_l2_33.mp4
Extracting coordinates...
Extracting coordinates for: word_l2_33.mp4
Number of frames in video: 57
Extracting features...
Face width computed for normalizaiton 0.1557513306808468
Features saved to: ../output/word_l2_33_features.csv
csv file with predictions was saved to ../output/predictions_rf_shape_female_cropped_word_l2_33.csv
Visualization for: ../stimuli/words/mp4/word_l2_33.mp4
32
Number of syllabels: 3
['t', 'RO', 'k']
Stimulus: troc
t: frame #18
RO: frame #20
k: frame #32
Event onsets saved to: ../stimuli/words/mp4/word_l2_33.mp4.events
Figure was save to: ../stimuli/words/mp4/word_l2_33.mp4.png
Visualization for: ../stimuli/words/mp4/word_l2_33.mp4
32
            event stimulus  frame_number
0  SYLLABLE ONSET        t            20
1  SYLLABLE ONSET       RO            29
2  SYLLABLE ONSET        k            41
The video was successfully saved
The marked video was saved to: ../stimuli/words/mp4/word_l2_33_marked_with_model_female_cropped.avi
