python is /network/lustre/iss02/home/annahita.sarre/anaconda3/envs/myenv/bin/python
Loaded model: ../trained_models/model_rf_position_female_cropped.pkl
Loaded video: ../stimuli/words/mp4/word_l0_40.mp4
Extracting coordinates...
Extracting coordinates for: word_l0_40.mp4
Number of frames in video: 67
Extracting features...
Face width computed for normalizaiton 0.15730124675769241
Features saved to: ../output/word_l0_40_features.csv
csv file with predictions was saved to ../output/predictions_rf_position_female_cropped_word_l0_40.csv
Loaded model: ../trained_models/model_rf_shape_female_cropped.pkl
Loaded video: ../stimuli/words/mp4/word_l0_40.mp4
Extracting coordinates...
Extracting coordinates for: word_l0_40.mp4
Number of frames in video: 67
Extracting features...
Face width computed for normalizaiton 0.15730124675769241
Features saved to: ../output/word_l0_40_features.csv
csv file with predictions was saved to ../output/predictions_rf_shape_female_cropped_word_l0_40.csv
Visualization for: ../stimuli/words/mp4/word_l0_40.mp4
32
Number of syllabels: 3
['ko', 'lo', 'Ri']
Stimulus: coloris
ko: frame #19
lo: frame #23
Ri: frame #41
Visualization for: ../stimuli/words/mp4/word_l0_40.mp4
32
