python is /network/lustre/iss02/home/annahita.sarre/anaconda3/envs/myenv/bin/python
Loaded model: ../trained_models/model_rf_position_female_cropped.pkl
Loaded video: ../stimuli/words/mp4/word_l2_35.mp4
Extracting coordinates...
Extracting coordinates for: word_l2_35.mp4
Number of frames in video: 60
Extracting features...
Face width computed for normalizaiton 0.15608647029733783
Features saved to: ../output/word_l2_35_features.csv
csv file with predictions was saved to ../output/predictions_rf_position_female_cropped_word_l2_35.csv
Loaded model: ../trained_models/model_rf_shape_female_cropped.pkl
Loaded video: ../stimuli/words/mp4/word_l2_35.mp4
Extracting coordinates...
Extracting coordinates for: word_l2_35.mp4
Number of frames in video: 60
Extracting features...
Face width computed for normalizaiton 0.15608647029733783
Features saved to: ../output/word_l2_35_features.csv
csv file with predictions was saved to ../output/predictions_rf_shape_female_cropped_word_l2_35.csv
Visualization for: ../stimuli/words/mp4/word_l2_35.mp4
32
Number of syllabels: 3
['ta', 'l', 'k']
Stimulus: talc
ta: frame #25
l: frame #30
k: frame #33
Event onsets saved to: ../stimuli/words/mp4/word_l2_35.mp4.events
Figure was save to: ../stimuli/words/mp4/word_l2_35.mp4.png
Visualization for: ../stimuli/words/mp4/word_l2_35.mp4
32
            event stimulus  frame_number
0  SYLLABLE ONSET       ta            27
1  SYLLABLE ONSET        l            41
2  SYLLABLE ONSET        k            43
The video was successfully saved
The marked video was saved to: ../stimuli/words/mp4/word_l2_35_marked_with_model_female_cropped.avi
