python is /network/lustre/iss02/home/annahita.sarre/anaconda3/envs/myenv/bin/python
Loaded model: ../trained_models/model_rf_position_female_cropped.pkl
Loaded video: ../stimuli/words/mp4/word_l2_39.mp4
Extracting coordinates...
Extracting coordinates for: word_l2_39.mp4
Number of frames in video: 51
Extracting features...
Face width computed for normalizaiton 0.15520940890071058
Features saved to: ../output/word_l2_39_features.csv
csv file with predictions was saved to ../output/predictions_rf_position_female_cropped_word_l2_39.csv
Loaded model: ../trained_models/model_rf_shape_female_cropped.pkl
Loaded video: ../stimuli/words/mp4/word_l2_39.mp4
Extracting coordinates...
Extracting coordinates for: word_l2_39.mp4
Number of frames in video: 51
Extracting features...
Face width computed for normalizaiton 0.15520940890071058
Features saved to: ../output/word_l2_39_features.csv
csv file with predictions was saved to ../output/predictions_rf_shape_female_cropped_word_l2_39.csv
Visualization for: ../stimuli/words/mp4/word_l2_39.mp4
32
Number of syllabels: 3
['t', 'R9', 'j']
Stimulus: treuil
t: frame #15
R9: frame #16
j: frame #26
Event onsets saved to: ../stimuli/words/mp4/word_l2_39.mp4.events
Figure was save to: ../stimuli/words/mp4/word_l2_39.mp4.png
Visualization for: ../stimuli/words/mp4/word_l2_39.mp4
32
            event stimulus  frame_number
0  SYLLABLE ONSET        t            18
1  SYLLABLE ONSET       R9            30
2  SYLLABLE ONSET        j            33
The video was successfully saved
The marked video was saved to: ../stimuli/words/mp4/word_l2_39_marked_with_model_female_cropped.avi
