python is /network/lustre/iss02/home/annahita.sarre/anaconda3/envs/myenv/bin/python
Loaded model: ../trained_models/model_rf_position_female_cropped.pkl
Loaded video: ../stimuli/words/mp4/word_l2_05.mp4
Extracting coordinates...
Extracting coordinates for: word_l2_05.mp4
Number of frames in video: 51
Extracting features...
Face width computed for normalizaiton 0.15587221904884252
Features saved to: ../output/word_l2_05_features.csv
csv file with predictions was saved to ../output/predictions_rf_position_female_cropped_word_l2_05.csv
Loaded model: ../trained_models/model_rf_shape_female_cropped.pkl
Loaded video: ../stimuli/words/mp4/word_l2_05.mp4
Extracting coordinates...
Extracting coordinates for: word_l2_05.mp4
Number of frames in video: 51
Extracting features...
Face width computed for normalizaiton 0.15587221904884252
Features saved to: ../output/word_l2_05_features.csv
csv file with predictions was saved to ../output/predictions_rf_shape_female_cropped_word_l2_05.csv
Visualization for: ../stimuli/words/mp4/word_l2_05.mp4
32
Number of syllabels: 3
['mu', 'f', 'l']
Stimulus: moufle
mu: frame #16
f: frame #24
l: frame #30
Visualization for: ../stimuli/words/mp4/word_l2_05.mp4
32
