python is /network/lustre/iss02/home/annahita.sarre/anaconda3/envs/myenv/bin/python
Loaded model: ../trained_models/model_rf_position_female_cropped.pkl
Loaded video: ../stimuli/words/mp4/word_l1_13.mp4
Extracting coordinates...
Extracting coordinates for: word_l1_13.mp4
Number of frames in video: 60
Extracting features...
Face width computed for normalizaiton 0.1552748784170273
Features saved to: ../output/word_l1_13_features.csv
csv file with predictions was saved to ../output/predictions_rf_position_female_cropped_word_l1_13.csv
Loaded model: ../trained_models/model_rf_shape_female_cropped.pkl
Loaded video: ../stimuli/words/mp4/word_l1_13.mp4
Extracting coordinates...
Extracting coordinates for: word_l1_13.mp4
Number of frames in video: 60
Extracting features...
Face width computed for normalizaiton 0.1552748784170273
Features saved to: ../output/word_l1_13_features.csv
csv file with predictions was saved to ../output/predictions_rf_shape_female_cropped_word_l1_13.csv
Visualization for: ../stimuli/words/mp4/word_l1_13.mp4
32
Number of syllabels: 3
['t', 'R§', 's§']
Stimulus: tronçon
t: frame #20
R§: frame #21
s§: frame #35
Event onsets saved to: ../stimuli/words/mp4/word_l1_13.mp4.events
Figure was save to: ../stimuli/words/mp4/word_l1_13.mp4.png
Visualization for: ../stimuli/words/mp4/word_l1_13.mp4
32
            event stimulus  frame_number
0  SYLLABLE ONSET        t            11
1  SYLLABLE ONSET       R§            30
2  SYLLABLE ONSET       s§            47
The video was successfully saved
The marked video was saved to: ../stimuli/words/mp4/word_l1_13_marked_with_model_female_cropped.avi
