python is /network/lustre/iss02/home/annahita.sarre/anaconda3/envs/myenv/bin/python
Loaded model: ../trained_models/model_rf_position_female_cropped.pkl
Loaded video: ../stimuli/words/mp4/word_l1_03.mp4
Extracting coordinates...
Extracting coordinates for: word_l1_03.mp4
Number of frames in video: 63
Extracting features...
Face width computed for normalizaiton 0.15705928522273555
Features saved to: ../output/word_l1_03_features.csv
csv file with predictions was saved to ../output/predictions_rf_position_female_cropped_word_l1_03.csv
Loaded model: ../trained_models/model_rf_shape_female_cropped.pkl
Loaded video: ../stimuli/words/mp4/word_l1_03.mp4
Extracting coordinates...
Extracting coordinates for: word_l1_03.mp4
Number of frames in video: 63
Extracting features...
Face width computed for normalizaiton 0.15705928522273555
Features saved to: ../output/word_l1_03_features.csv
csv file with predictions was saved to ../output/predictions_rf_shape_female_cropped_word_l1_03.csv
Visualization for: ../stimuli/words/mp4/word_l1_03.mp4
32
Number of syllabels: 3
['5', 'pO', 'R']
Stimulus: import
5: frame #20
pO: frame #29
R: frame #41
Event onsets saved to: ../stimuli/words/mp4/word_l1_03.mp4.events
Figure was save to: ../stimuli/words/mp4/word_l1_03.mp4.png
Visualization for: ../stimuli/words/mp4/word_l1_03.mp4
32
            event stimulus  frame_number
0  SYLLABLE ONSET        5            19
1  SYLLABLE ONSET       pO            34
2  SYLLABLE ONSET        R            47
The video was successfully saved
The marked video was saved to: ../stimuli/words/mp4/word_l1_03_marked_with_model_female_cropped.avi
