python is /network/lustre/iss02/home/annahita.sarre/anaconda3/envs/myenv/bin/python
Loaded model: ../trained_models/model_rf_position_female_cropped.pkl
Loaded video: ../stimuli/words/mp4/word_l2_24.mp4
Extracting coordinates...
Extracting coordinates for: word_l2_24.mp4
Number of frames in video: 54
Extracting features...
Face width computed for normalizaiton 0.15613016068698005
Features saved to: ../output/word_l2_24_features.csv
csv file with predictions was saved to ../output/predictions_rf_position_female_cropped_word_l2_24.csv
Loaded model: ../trained_models/model_rf_shape_female_cropped.pkl
Loaded video: ../stimuli/words/mp4/word_l2_24.mp4
Extracting coordinates...
Extracting coordinates for: word_l2_24.mp4
Number of frames in video: 54
Extracting features...
Face width computed for normalizaiton 0.15613016068698005
Features saved to: ../output/word_l2_24_features.csv
csv file with predictions was saved to ../output/predictions_rf_shape_female_cropped_word_l2_24.csv
Visualization for: ../stimuli/words/mp4/word_l2_24.mp4
32
Number of syllabels: 3
['g', 'lO', 't']
Stimulus: glotte
g: frame #18
lO: frame #19
t: frame #30
Event onsets saved to: ../stimuli/words/mp4/word_l2_24.mp4.events
Figure was save to: ../stimuli/words/mp4/word_l2_24.mp4.png
Visualization for: ../stimuli/words/mp4/word_l2_24.mp4
32
            event stimulus  frame_number
0  SYLLABLE ONSET        g            18
1  SYLLABLE ONSET       lO            31
2  SYLLABLE ONSET        t            44
The video was successfully saved
The marked video was saved to: ../stimuli/words/mp4/word_l2_24_marked_with_model_female_cropped.avi
