python is /network/lustre/iss02/home/annahita.sarre/anaconda3/envs/myenv/bin/python
Loaded model: ../trained_models/model_rf_position_female_cropped.pkl
Loaded video: ../stimuli/words/mp4/word_l2_21.mp4
Extracting coordinates...
Extracting coordinates for: word_l2_21.mp4
Number of frames in video: 58
Extracting features...
Face width computed for normalizaiton 0.15708191779452454
Features saved to: ../output/word_l2_21_features.csv
csv file with predictions was saved to ../output/predictions_rf_position_female_cropped_word_l2_21.csv
Loaded model: ../trained_models/model_rf_shape_female_cropped.pkl
Loaded video: ../stimuli/words/mp4/word_l2_21.mp4
Extracting coordinates...
Extracting coordinates for: word_l2_21.mp4
Number of frames in video: 58
Extracting features...
Face width computed for normalizaiton 0.15708191779452454
Features saved to: ../output/word_l2_21_features.csv
csv file with predictions was saved to ../output/predictions_rf_shape_female_cropped_word_l2_21.csv
Visualization for: ../stimuli/words/mp4/word_l2_21.mp4
32
Number of syllabels: 3
['va', 'l', 'v']
Stimulus: valve
va: frame #22
l: frame #30
v: frame #33
Visualization for: ../stimuli/words/mp4/word_l2_21.mp4
32
