python is /network/lustre/iss02/home/annahita.sarre/anaconda3/envs/myenv/bin/python
Loaded model: ../trained_models/model_rf_position_female_cropped.pkl
Loaded video: ../stimuli/words/mp4/word_l0_38.mp4
Extracting coordinates...
Extracting coordinates for: word_l0_38.mp4
Number of frames in video: 79
Extracting features...
Face width computed for normalizaiton 0.15687030819749975
Features saved to: ../output/word_l0_38_features.csv
csv file with predictions was saved to ../output/predictions_rf_position_female_cropped_word_l0_38.csv
Loaded model: ../trained_models/model_rf_shape_female_cropped.pkl
Loaded video: ../stimuli/words/mp4/word_l0_38.mp4
Extracting coordinates...
Extracting coordinates for: word_l0_38.mp4
Number of frames in video: 79
Extracting features...
Face width computed for normalizaiton 0.15687030819749975
Features saved to: ../output/word_l0_38_features.csv
csv file with predictions was saved to ../output/predictions_rf_shape_female_cropped_word_l0_38.csv
Visualization for: ../stimuli/words/mp4/word_l0_38.mp4
32
Number of syllabels: 2
['pi', 's@', 'li']
Stimulus: pissenlit
pi: frame #19
s@: frame #31
Visualization for: ../stimuli/words/mp4/word_l0_38.mp4
32
