python is /network/lustre/iss02/home/annahita.sarre/anaconda3/envs/myenv/bin/python
Loaded model: ../trained_models/model_rf_position_female_cropped.pkl
Loaded video: ../stimuli/words/mp4/word_l1_18.mp4
Extracting coordinates...
Extracting coordinates for: word_l1_18.mp4
Number of frames in video: 67
Extracting features...
Face width computed for normalizaiton 0.15494136325460545
Features saved to: ../output/word_l1_18_features.csv
csv file with predictions was saved to ../output/predictions_rf_position_female_cropped_word_l1_18.csv
Loaded model: ../trained_models/model_rf_shape_female_cropped.pkl
Loaded video: ../stimuli/words/mp4/word_l1_18.mp4
Extracting coordinates...
Extracting coordinates for: word_l1_18.mp4
Number of frames in video: 67
Extracting features...
Face width computed for normalizaiton 0.15494136325460545
Features saved to: ../output/word_l1_18_features.csv
csv file with predictions was saved to ../output/predictions_rf_shape_female_cropped_word_l1_18.csv
Visualization for: ../stimuli/words/mp4/word_l1_18.mp4
32
Number of syllabels: 3
['pi', 't@', 's']
Stimulus: pitance
pi: frame #22
t@: frame #32
s: frame #42
Event onsets saved to: ../stimuli/words/mp4/word_l1_18.mp4.events
Figure was save to: ../stimuli/words/mp4/word_l1_18.mp4.png
Visualization for: ../stimuli/words/mp4/word_l1_18.mp4
32
            event stimulus  frame_number
0  SYLLABLE ONSET       pi            23
1  SYLLABLE ONSET       t@            33
2  SYLLABLE ONSET        s            49
The video was successfully saved
The marked video was saved to: ../stimuli/words/mp4/word_l1_18_marked_with_model_female_cropped.avi
