python is /network/lustre/iss02/home/annahita.sarre/anaconda3/envs/myenv/bin/python
Loaded model: ../trained_models/model_rf_position_female_cropped.pkl
Loaded video: ../stimuli/words/mp4/word_l1_28.mp4
Extracting coordinates...
Extracting coordinates for: word_l1_28.mp4
Number of frames in video: 51
Extracting features...
Face width computed for normalizaiton 0.1537562161586981
Features saved to: ../output/word_l1_28_features.csv
csv file with predictions was saved to ../output/predictions_rf_position_female_cropped_word_l1_28.csv
Loaded model: ../trained_models/model_rf_shape_female_cropped.pkl
Loaded video: ../stimuli/words/mp4/word_l1_28.mp4
Extracting coordinates...
Extracting coordinates for: word_l1_28.mp4
Number of frames in video: 51
Extracting features...
Face width computed for normalizaiton 0.1537562161586981
Features saved to: ../output/word_l1_28_features.csv
csv file with predictions was saved to ../output/predictions_rf_shape_female_cropped_word_l1_28.csv
Visualization for: ../stimuli/words/mp4/word_l1_28.mp4
32
Number of syllabels: 3
['E', 'b', 'do']
Stimulus: hebdo
E: frame #28
b: frame #28
do: frame #29
Visualization for: ../stimuli/words/mp4/word_l1_28.mp4
32
