python is /network/lustre/iss02/home/annahita.sarre/anaconda3/envs/myenv/bin/python
Loaded model: ../trained_models/model_rf_position_female_cropped.pkl
Loaded video: ../stimuli/words/mp4/word_l0_37.mp4
Extracting coordinates...
Extracting coordinates for: word_l0_37.mp4
Number of frames in video: 66
Extracting features...
Face width computed for normalizaiton 0.15732529111787136
Features saved to: ../output/word_l0_37_features.csv
csv file with predictions was saved to ../output/predictions_rf_position_female_cropped_word_l0_37.csv
Loaded model: ../trained_models/model_rf_shape_female_cropped.pkl
Loaded video: ../stimuli/words/mp4/word_l0_37.mp4
Extracting coordinates...
Extracting coordinates for: word_l0_37.mp4
Number of frames in video: 66
Extracting features...
Face width computed for normalizaiton 0.15732529111787136
Features saved to: ../output/word_l0_37_features.csv
csv file with predictions was saved to ../output/predictions_rf_shape_female_cropped_word_l0_37.csv
Visualization for: ../stimuli/words/mp4/word_l0_37.mp4
32
Number of syllabels: 3
['a', 'Ri', 'ko']
Stimulus: haricot
a: frame #18
Ri: frame #28
ko: frame #42
Event onsets saved to: ../stimuli/words/mp4/word_l0_37.mp4.events
Figure was save to: ../stimuli/words/mp4/word_l0_37.mp4.png
Visualization for: ../stimuli/words/mp4/word_l0_37.mp4
32
            event stimulus  frame_number
0  SYLLABLE ONSET        a            21
1  SYLLABLE ONSET       Ri            32
2  SYLLABLE ONSET       ko            52
The video was successfully saved
The marked video was saved to: ../stimuli/words/mp4/word_l0_37_marked_with_model_female_cropped.avi
