python is /network/lustre/iss02/home/annahita.sarre/anaconda3/envs/myenv/bin/python
Loaded model: ../trained_models/model_rf_position_female_cropped.pkl
Loaded video: ../stimuli/words/mp4/word_l0_13.mp4
Extracting coordinates...
Extracting coordinates for: word_l0_13.mp4
Number of frames in video: 62
Extracting features...
Face width computed for normalizaiton 0.15859508221864685
Features saved to: ../output/word_l0_13_features.csv
csv file with predictions was saved to ../output/predictions_rf_position_female_cropped_word_l0_13.csv
Loaded model: ../trained_models/model_rf_shape_female_cropped.pkl
Loaded video: ../stimuli/words/mp4/word_l0_13.mp4
Extracting coordinates...
Extracting coordinates for: word_l0_13.mp4
Number of frames in video: 62
Extracting features...
Face width computed for normalizaiton 0.15859508221864685
Features saved to: ../output/word_l0_13_features.csv
csv file with predictions was saved to ../output/predictions_rf_shape_female_cropped_word_l0_13.csv
Visualization for: ../stimuli/words/mp4/word_l0_13.mp4
32
Number of syllabels: 3
['ba', 'to', 'nE']
Stimulus: bâtonnet
ba: frame #15
to: frame #27
nE: frame #39
Event onsets saved to: ../stimuli/words/mp4/word_l0_13.mp4.events
Figure was save to: ../stimuli/words/mp4/word_l0_13.mp4.png
Visualization for: ../stimuli/words/mp4/word_l0_13.mp4
32
            event stimulus  frame_number
0  SYLLABLE ONSET       ba             9
1  SYLLABLE ONSET       to            21
2  SYLLABLE ONSET       nE            54
The video was successfully saved
The marked video was saved to: ../stimuli/words/mp4/word_l0_13_marked_with_model_female_cropped.avi
