python is /network/lustre/iss02/home/annahita.sarre/anaconda3/envs/myenv/bin/python
Loaded model: ../trained_models/model_rf_position_female_cropped.pkl
Loaded video: ../stimuli/words/mp4/word_l1_29.mp4
Extracting coordinates...
Extracting coordinates for: word_l1_29.mp4
Number of frames in video: 51
Extracting features...
Face width computed for normalizaiton 0.1535575459390177
Features saved to: ../output/word_l1_29_features.csv
csv file with predictions was saved to ../output/predictions_rf_position_female_cropped_word_l1_29.csv
Loaded model: ../trained_models/model_rf_shape_female_cropped.pkl
Loaded video: ../stimuli/words/mp4/word_l1_29.mp4
Extracting coordinates...
Extracting coordinates for: word_l1_29.mp4
Number of frames in video: 51
Extracting features...
Face width computed for normalizaiton 0.1535575459390177
Features saved to: ../output/word_l1_29_features.csv
csv file with predictions was saved to ../output/predictions_rf_shape_female_cropped_word_l1_29.csv
Visualization for: ../stimuli/words/mp4/word_l1_29.mp4
32
Number of syllabels: 3
['te', 'nO', 'R']
Stimulus: ténor
te: frame #16
nO: frame #24
R: frame #33
Event onsets saved to: ../stimuli/words/mp4/word_l1_29.mp4.events
Figure was save to: ../stimuli/words/mp4/word_l1_29.mp4.png
Visualization for: ../stimuli/words/mp4/word_l1_29.mp4
32
            event stimulus  frame_number
0  SYLLABLE ONSET       te            14
1  SYLLABLE ONSET       nO            30
2  SYLLABLE ONSET        R            43
The video was successfully saved
The marked video was saved to: ../stimuli/words/mp4/word_l1_29_marked_with_model_female_cropped.avi
