python is /network/lustre/iss02/home/annahita.sarre/anaconda3/envs/myenv/bin/python
Loaded model: ../trained_models/model_rf_position_female_cropped.pkl
Loaded video: ../stimuli/words/mp4/word_l0_26.mp4
Extracting coordinates...
Extracting coordinates for: word_l0_26.mp4
Number of frames in video: 67
Extracting features...
Face width computed for normalizaiton 0.15777323013961414
Features saved to: ../output/word_l0_26_features.csv
csv file with predictions was saved to ../output/predictions_rf_position_female_cropped_word_l0_26.csv
Loaded model: ../trained_models/model_rf_shape_female_cropped.pkl
Loaded video: ../stimuli/words/mp4/word_l0_26.mp4
Extracting coordinates...
Extracting coordinates for: word_l0_26.mp4
Number of frames in video: 67
Extracting features...
Face width computed for normalizaiton 0.15777323013961414
Features saved to: ../output/word_l0_26_features.csv
csv file with predictions was saved to ../output/predictions_rf_shape_female_cropped_word_l0_26.csv
Visualization for: ../stimuli/words/mp4/word_l0_26.mp4
32
Number of syllabels: 2
['ny', 'li', 'te']
Stimulus: nullité
ny: frame #18
li: frame #38
Visualization for: ../stimuli/words/mp4/word_l0_26.mp4
32
