python is /network/lustre/iss02/home/annahita.sarre/anaconda3/envs/myenv/bin/python
Loaded model: ../trained_models/model_rf_position_female_cropped.pkl
Loaded video: ../stimuli/words/mp4/word_l1_30.mp4
Extracting coordinates...
Extracting coordinates for: word_l1_30.mp4
Number of frames in video: 69
Extracting features...
Face width computed for normalizaiton 0.153644037504735
Features saved to: ../output/word_l1_30_features.csv
csv file with predictions was saved to ../output/predictions_rf_position_female_cropped_word_l1_30.csv
Loaded model: ../trained_models/model_rf_shape_female_cropped.pkl
Loaded video: ../stimuli/words/mp4/word_l1_30.mp4
Extracting coordinates...
Extracting coordinates for: word_l1_30.mp4
Number of frames in video: 69
Extracting features...
Face width computed for normalizaiton 0.153644037504735
Features saved to: ../output/word_l1_30_features.csv
csv file with predictions was saved to ../output/predictions_rf_shape_female_cropped_word_l1_30.csv
Visualization for: ../stimuli/words/mp4/word_l1_30.mp4
32
Number of syllabels: 3
['l5', 'Sa', 'Z']
Stimulus: lynchage
l5: frame #17
Sa: frame #33
Z: frame #46
Visualization for: ../stimuli/words/mp4/word_l1_30.mp4
32
