python is /network/lustre/iss02/home/annahita.sarre/anaconda3/envs/myenv/bin/python
Loaded model: ../trained_models/model_rf_position_female_cropped.pkl
Loaded video: ../stimuli/words/mp4/word_l0_12.mp4
Extracting coordinates...
Extracting coordinates for: word_l0_12.mp4
Number of frames in video: 57
Extracting features...
Face width computed for normalizaiton 0.15933831378479546
Features saved to: ../output/word_l0_12_features.csv
csv file with predictions was saved to ../output/predictions_rf_position_female_cropped_word_l0_12.csv
Loaded model: ../trained_models/model_rf_shape_female_cropped.pkl
Loaded video: ../stimuli/words/mp4/word_l0_12.mp4
Extracting coordinates...
Extracting coordinates for: word_l0_12.mp4
Number of frames in video: 57
Extracting features...
Face width computed for normalizaiton 0.15933831378479546
Features saved to: ../output/word_l0_12_features.csv
csv file with predictions was saved to ../output/predictions_rf_shape_female_cropped_word_l0_12.csv
Visualization for: ../stimuli/words/mp4/word_l0_12.mp4
32
Number of syllabels: 3
['se', 'ko', 'ja']
Stimulus: séquoia
se: frame #13
ko: frame #27
ja: frame #37
Event onsets saved to: ../stimuli/words/mp4/word_l0_12.mp4.events
Figure was save to: ../stimuli/words/mp4/word_l0_12.mp4.png
Visualization for: ../stimuli/words/mp4/word_l0_12.mp4
32
            event stimulus  frame_number
0  SYLLABLE ONSET       se            13
1  SYLLABLE ONSET       ko            18
2  SYLLABLE ONSET       ja            47
The video was successfully saved
The marked video was saved to: ../stimuli/words/mp4/word_l0_12_marked_with_model_female_cropped.avi
