python is /network/lustre/iss02/home/annahita.sarre/anaconda3/envs/myenv/bin/python
Loaded model: ../trained_models/model_rf_position_female_cropped.pkl
Loaded video: ../stimuli/words/mp4/word_l0_22.mp4
Extracting coordinates...
Extracting coordinates for: word_l0_22.mp4
Number of frames in video: 66
Extracting features...
Face width computed for normalizaiton 0.1580179004901099
Features saved to: ../output/word_l0_22_features.csv
csv file with predictions was saved to ../output/predictions_rf_position_female_cropped_word_l0_22.csv
Loaded model: ../trained_models/model_rf_shape_female_cropped.pkl
Loaded video: ../stimuli/words/mp4/word_l0_22.mp4
Extracting coordinates...
Extracting coordinates for: word_l0_22.mp4
Number of frames in video: 66
Extracting features...
Face width computed for normalizaiton 0.1580179004901099
Features saved to: ../output/word_l0_22_features.csv
csv file with predictions was saved to ../output/predictions_rf_shape_female_cropped_word_l0_22.csv
Visualization for: ../stimuli/words/mp4/word_l0_22.mp4
32
Number of syllabels: 3
['Ro', 'de', 'o']
Stimulus: rodéo
Ro: frame #13
de: frame #26
o: frame #42
Event onsets saved to: ../stimuli/words/mp4/word_l0_22.mp4.events
Figure was save to: ../stimuli/words/mp4/word_l0_22.mp4.png
Visualization for: ../stimuli/words/mp4/word_l0_22.mp4
32
            event stimulus  frame_number
0  SYLLABLE ONSET       Ro            17
1  SYLLABLE ONSET       de            31
2  SYLLABLE ONSET        o            48
The video was successfully saved
The marked video was saved to: ../stimuli/words/mp4/word_l0_22_marked_with_model_female_cropped.avi
